

## treatement of 3 lineages from file OG0006113.phy ##

equally weighted sequences:
> outgro:
ocin	0.5
tcas	0.5
> anostraca:
afra	1
> cladocera:
dmag	0.5
dpul	0.5

mean GC outgro: all positions=0.571 position1=0.487 position2=0.538 position3=0.688 
mean GC anostraca: all positions=0.450 position1=0.525 position2=0.550 position3=0.275 
mean GC cladocera: all positions=0.617 position1=0.488 position2=0.550 position3=0.812 

** impossible to compute Ks. saturation? **

mean number of non synonymous sites compared: 78.4
mean Ka anostraca: 0.26505
mean Ka cladocera: 0.0664944
dKa: 0.198556	standard deviation (sd): 0.0676827	ratio dKa/sd: 2.93363
exact probability (P): 0.0033541

equally weighted sequences:
> outgro:
ocin	0.5
tcas	0.5
> anostraca:
afra	1
> notostraca:
lapu	0.125
lart	0.125
lcou	0.125
lubb	0.125
tcan	0.125
tita	0.125
tlon	0.125
tusa	0.125

mean GC outgro: all positions=0.571 position1=0.487 position2=0.538 position3=0.688 
mean GC anostraca: all positions=0.450 position1=0.525 position2=0.550 position3=0.275 
mean GC notostraca: all positions=0.618 position1=0.562 position2=0.550 position3=0.741 

** impossible to compute Ks. saturation? **

mean number of non synonymous sites compared: 77.7
mean Ka anostraca: 0.26505
mean Ka notostraca: 0.0495266
dKa: 0.215523	standard deviation (sd): 0.0657191	ratio dKa/sd: 3.27946
exact probability (P): 0.00104286

equally weighted sequences:
> outgro:
ocin	0.5
tcas	0.5
> cladocera:
dmag	0.5
dpul	0.5
> notostraca:
lapu	0.125
lart	0.125
lcou	0.125
lubb	0.125
tcan	0.125
tita	0.125
tlon	0.125
tusa	0.125

mean GC outgro: all positions=0.571 position1=0.487 position2=0.538 position3=0.688 
mean GC cladocera: all positions=0.617 position1=0.488 position2=0.550 position3=0.812 
mean GC notostraca: all positions=0.618 position1=0.562 position2=0.550 position3=0.741 

** impossible to compute Ks. saturation? **

mean number of non synonymous sites compared: 75.7
mean Ka cladocera: 0.0664944
mean Ka notostraca: 0.0495266
dKa: 0.0169678	standard deviation (sd): 0.0200392	ratio dKa/sd: 0.846729
exact probability (P): 0.397152

