

## treatement of 3 lineages from file OG0005059.phy ##

equally weighted sequences:
> outgro:
ocin	0.5
tcas	0.5
> anostraca:
afra	1
> cladocera:
dmag	0.333333
dpul	0.333333
etex	0.333333

mean GC outgro: all positions=0.449 position1=0.572 position2=0.351 position3=0.425 
mean GC anostraca: all positions=0.386 position1=0.534 position2=0.326 position3=0.299 
mean GC cladocera: all positions=0.489 position1=0.585 position2=0.389 position3=0.493 

** impossible to compute Ks. saturation? **

mean number of non synonymous sites compared: 432.9
mean Ka anostraca: 0.407846
mean Ka cladocera: 0.350031
dKa: 0.0578146	standard deviation (sd): 0.0322219	ratio dKa/sd: 1.79426
exact probability (P): 0.0727797

equally weighted sequences:
> outgro:
ocin	0.5
tcas	0.5
> anostraca:
afra	1
> notostraca:
lapu	0.125
lart	0.125
lcou	0.125
lubb	0.125
tcan	0.125
tita	0.125
tlon	0.125
tusa	0.125

mean GC outgro: all positions=0.449 position1=0.572 position2=0.351 position3=0.425 
mean GC anostraca: all positions=0.386 position1=0.534 position2=0.326 position3=0.299 
mean GC notostraca: all positions=0.484 position1=0.585 position2=0.378 position3=0.490 

** impossible to compute Ks. saturation? **

mean number of non synonymous sites compared: 436.7
mean Ka anostraca: 0.407846
mean Ka notostraca: 0.376587
dKa: 0.0312589	standard deviation (sd): 0.0328757	ratio dKa/sd: 0.950819
exact probability (P): 0.341702

equally weighted sequences:
> outgro:
ocin	0.5
tcas	0.5
> cladocera:
dmag	0.333333
dpul	0.333333
etex	0.333333
> notostraca:
lapu	0.125
lart	0.125
lcou	0.125
lubb	0.125
tcan	0.125
tita	0.125
tlon	0.125
tusa	0.125

mean GC outgro: all positions=0.449 position1=0.572 position2=0.351 position3=0.425 
mean GC cladocera: all positions=0.489 position1=0.585 position2=0.389 position3=0.493 
mean GC notostraca: all positions=0.484 position1=0.585 position2=0.378 position3=0.490 

** impossible to compute Ks. saturation? **

mean number of non synonymous sites compared: 441.6
mean Ka cladocera: 0.350031
mean Ka notostraca: 0.376587
dKa: -0.0265557	standard deviation (sd): 0.0254313	ratio dKa/sd: -1.04421
exact probability (P): 0.296393

