

## treatement of 3 lineages from file OG0005191.phy ##

equally weighted sequences:
> outgro:
ocin	0.5
tcas	0.5
> anostraca:
afra	1
> cladocera:
dmag	0.333333
dpul	0.333333
etex	0.333333

mean GC outgro: all positions=0.510 position1=0.476 position2=0.415 position3=0.640 
mean GC anostraca: all positions=0.472 position1=0.549 position2=0.402 position3=0.463 
mean GC cladocera: all positions=0.507 position1=0.545 position2=0.407 position3=0.569 

** impossible to compute Ks. saturation? **

mean number of non synonymous sites compared: 159.7
mean Ka anostraca: 0.0871012
mean Ka cladocera: 0.0664398
dKa: 0.0206613	standard deviation (sd): 0.0160432	ratio dKa/sd: 1.28785
exact probability (P): 0.197805

equally weighted sequences:
> outgro:
ocin	0.5
tcas	0.5
> anostraca:
afra	1
> notostraca:
lapu	0.125
lart	0.125
lcou	0.125
lubb	0.125
tcan	0.125
tita	0.125
tlon	0.125
tusa	0.125

mean GC outgro: all positions=0.510 position1=0.476 position2=0.415 position3=0.640 
mean GC anostraca: all positions=0.472 position1=0.549 position2=0.402 position3=0.463 
mean GC notostraca: all positions=0.486 position1=0.535 position2=0.415 position3=0.508 

** impossible to compute Ks. saturation? **

mean number of non synonymous sites compared: 160.0
mean Ka anostraca: 0.0871012
mean Ka notostraca: 0.0587727
dKa: 0.0283285	standard deviation (sd): 0.0172838	ratio dKa/sd: 1.63902
exact probability (P): 0.101219

equally weighted sequences:
> outgro:
ocin	0.5
tcas	0.5
> cladocera:
dmag	0.333333
dpul	0.333333
etex	0.333333
> notostraca:
lapu	0.125
lart	0.125
lcou	0.125
lubb	0.125
tcan	0.125
tita	0.125
tlon	0.125
tusa	0.125

mean GC outgro: all positions=0.510 position1=0.476 position2=0.415 position3=0.640 
mean GC cladocera: all positions=0.507 position1=0.545 position2=0.407 position3=0.569 
mean GC notostraca: all positions=0.486 position1=0.535 position2=0.415 position3=0.508 

** impossible to compute Ks. saturation? **

mean number of non synonymous sites compared: 159.5
mean Ka cladocera: 0.0664398
mean Ka notostraca: 0.0587727
dKa: 0.00766715	standard deviation (sd): 0.00976539	ratio dKa/sd: 0.785135
exact probability (P): 0.43238

