

## treatement of 3 lineages from file OG0005165.phy ##

equally weighted sequences:
> outgro:
ocin	0.5
tcas	0.5
> anostraca:
afra	1
> cladocera:
dmag	0.333333
dpul	0.333333
etex	0.333333

mean GC outgro: all positions=0.421 position1=0.469 position2=0.380 position3=0.415 
mean GC anostraca: all positions=0.399 position1=0.467 position2=0.363 position3=0.368 
mean GC cladocera: all positions=0.445 position1=0.491 position2=0.347 position3=0.498 

** impossible to compute Ks. saturation? **

mean number of non synonymous sites compared: 419.9
mean Ka anostraca: 0.337424
mean Ka cladocera: 0.315716
dKa: 0.021708	standard deviation (sd): 0.0246315	ratio dKa/sd: 0.881312
exact probability (P): 0.378155

equally weighted sequences:
> outgro:
ocin	0.5
tcas	0.5
> anostraca:
afra	1
> notostraca:
lapu	0.125
lart	0.125
lcou	0.125
lubb	0.125
tcan	0.125
tita	0.125
tlon	0.125
tusa	0.125

mean GC outgro: all positions=0.421 position1=0.469 position2=0.380 position3=0.415 
mean GC anostraca: all positions=0.399 position1=0.467 position2=0.363 position3=0.368 
mean GC notostraca: all positions=0.437 position1=0.495 position2=0.353 position3=0.464 

** impossible to compute Ks. saturation? **

mean number of non synonymous sites compared: 422.4
mean Ka anostraca: 0.337424
mean Ka notostraca: 0.314016
dKa: 0.0234071	standard deviation (sd): 0.0277498	ratio dKa/sd: 0.843505
exact probability (P): 0.398953

equally weighted sequences:
> outgro:
ocin	0.5
tcas	0.5
> cladocera:
dmag	0.333333
dpul	0.333333
etex	0.333333
> notostraca:
lapu	0.125
lart	0.125
lcou	0.125
lubb	0.125
tcan	0.125
tita	0.125
tlon	0.125
tusa	0.125

mean GC outgro: all positions=0.421 position1=0.469 position2=0.380 position3=0.415 
mean GC cladocera: all positions=0.445 position1=0.491 position2=0.347 position3=0.498 
mean GC notostraca: all positions=0.437 position1=0.495 position2=0.353 position3=0.464 

** impossible to compute Ks. saturation? **

mean number of non synonymous sites compared: 419.4
mean Ka cladocera: 0.315716
mean Ka notostraca: 0.314016
dKa: 0.00169907	standard deviation (sd): 0.0195647	ratio dKa/sd: 0.0868438
exact probability (P): 0.930796

