

## treatement of 3 lineages from file OG0005319.phy ##

equally weighted sequences:
> outgro:
ocin	0.5
tcas	0.5
> anostraca:
afra	1
> cladocera:
dmag	0.333333
dpul	0.333333
etex	0.333333

mean GC outgro: all positions=0.405 position1=0.449 position2=0.353 position3=0.412 
mean GC anostraca: all positions=0.407 position1=0.585 position2=0.341 position3=0.295 
mean GC cladocera: all positions=0.472 position1=0.575 position2=0.387 position3=0.455 

** impossible to compute Ks. saturation? **

mean number of non synonymous sites compared: 422.4
mean Ka anostraca: 0.506876
mean Ka cladocera: 0.507192
dKa: -0.00031599	standard deviation (sd): 0.0338661	ratio dKa/sd: -0.00933057
exact probability (P): 0.992555

equally weighted sequences:
> outgro:
ocin	0.5
tcas	0.5
> anostraca:
afra	1
> notostraca:
lapu	0.125
lart	0.125
lcou	0.125
lubb	0.125
tcan	0.125
tita	0.125
tlon	0.125
tusa	0.125

mean GC outgro: all positions=0.405 position1=0.449 position2=0.353 position3=0.412 
mean GC anostraca: all positions=0.407 position1=0.585 position2=0.341 position3=0.295 
mean GC notostraca: all positions=0.450 position1=0.556 position2=0.393 position3=0.402 

** impossible to compute Ks. saturation? **

mean number of non synonymous sites compared: 425.2
mean Ka anostraca: 0.506876
mean Ka notostraca: 0.499007
dKa: 0.00786891	standard deviation (sd): 0.0342037	ratio dKa/sd: 0.23006
exact probability (P): 0.818046

equally weighted sequences:
> outgro:
ocin	0.5
tcas	0.5
> cladocera:
dmag	0.333333
dpul	0.333333
etex	0.333333
> notostraca:
lapu	0.125
lart	0.125
lcou	0.125
lubb	0.125
tcan	0.125
tita	0.125
tlon	0.125
tusa	0.125

mean GC outgro: all positions=0.405 position1=0.449 position2=0.353 position3=0.412 
mean GC cladocera: all positions=0.472 position1=0.575 position2=0.387 position3=0.455 
mean GC notostraca: all positions=0.450 position1=0.556 position2=0.393 position3=0.402 

** impossible to compute Ks. saturation? **

mean number of non synonymous sites compared: 431.4
mean Ka cladocera: 0.507192
mean Ka notostraca: 0.499007
dKa: 0.0081849	standard deviation (sd): 0.0295555	ratio dKa/sd: 0.276933
exact probability (P): 0.781833

