

## treatement of 3 lineages from file OG0005019.phy ##

equally weighted sequences:
> outgro:
ocin	0.5
tcas	0.5
> anostraca:
afra	1
> cladocera:
dmag	0.333333
dpul	0.333333
etex	0.333333

mean GC outgro: all positions=0.469 position1=0.469 position2=0.425 position3=0.512 
mean GC anostraca: all positions=0.425 position1=0.475 position2=0.412 position3=0.388 
mean GC cladocera: all positions=0.476 position1=0.525 position2=0.404 position3=0.500 

** impossible to compute Ks. saturation? **

mean number of non synonymous sites compared: 157.4
mean Ka anostraca: 0.211761
mean Ka cladocera: 0.149753
dKa: 0.0620085	standard deviation (sd): 0.0294726	ratio dKa/sd: 2.10394
exact probability (P): 0.035392

equally weighted sequences:
> outgro:
ocin	0.5
tcas	0.5
> anostraca:
afra	1
> notostraca:
lapu	0.125
lart	0.125
lcou	0.125
lubb	0.125
tcan	0.125
tita	0.125
tlon	0.125
tusa	0.125

mean GC outgro: all positions=0.469 position1=0.469 position2=0.425 position3=0.512 
mean GC anostraca: all positions=0.425 position1=0.475 position2=0.412 position3=0.388 
mean GC notostraca: all positions=0.515 position1=0.487 position2=0.412 position3=0.645 

** impossible to compute Ks. saturation? **

mean number of non synonymous sites compared: 158.2
mean Ka anostraca: 0.211761
mean Ka notostraca: 0.154037
dKa: 0.0577244	standard deviation (sd): 0.0298552	ratio dKa/sd: 1.93348
exact probability (P): 0.0531857

equally weighted sequences:
> outgro:
ocin	0.5
tcas	0.5
> cladocera:
dmag	0.333333
dpul	0.333333
etex	0.333333
> notostraca:
lapu	0.125
lart	0.125
lcou	0.125
lubb	0.125
tcan	0.125
tita	0.125
tlon	0.125
tusa	0.125

mean GC outgro: all positions=0.469 position1=0.469 position2=0.425 position3=0.512 
mean GC cladocera: all positions=0.476 position1=0.525 position2=0.404 position3=0.500 
mean GC notostraca: all positions=0.515 position1=0.487 position2=0.412 position3=0.645 

** impossible to compute Ks. saturation? **

mean number of non synonymous sites compared: 157.4
mean Ka cladocera: 0.149753
mean Ka notostraca: 0.154037
dKa: -0.00428413	standard deviation (sd): 0.0200601	ratio dKa/sd: -0.213565
exact probability (P): 0.830887

