

## treatement of 3 lineages from file OG0007998.phy ##

equally weighted sequences:
> outgro:
tcas	1
> anostraca:
afra	1
> cladocera:
dmag	0.333333
dpul	0.333333
etex	0.333333

mean GC outgro: all positions=0.473 position1=0.514 position2=0.473 position3=0.432 
mean GC anostraca: all positions=0.453 position1=0.547 position2=0.500 position3=0.311 
mean GC cladocera: all positions=0.502 position1=0.505 position2=0.532 position3=0.471 

** impossible to compute Ks. saturation? **

mean number of non synonymous sites compared: 287.2
mean Ka anostraca: 0.560681
mean Ka cladocera: 0.536488
dKa: 0.0241928	standard deviation (sd): 0.0601726	ratio dKa/sd: 0.402057
exact probability (P): 0.687645

equally weighted sequences:
> outgro:
tcas	1
> anostraca:
afra	1
> notostraca:
lcou	0.2
lubb	0.2
tcan	0.2
tlon	0.2
tusa	0.2

mean GC outgro: all positions=0.473 position1=0.514 position2=0.473 position3=0.432 
mean GC anostraca: all positions=0.453 position1=0.547 position2=0.500 position3=0.311 
mean GC notostraca: all positions=0.545 position1=0.582 position2=0.534 position3=0.520 

** impossible to compute Ks. saturation? **

mean number of non synonymous sites compared: 283.5
mean Ka anostraca: 0.560681
mean Ka notostraca: 0.56317
dKa: -0.00248904	standard deviation (sd): 0.0629133	ratio dKa/sd: -0.039563
exact probability (P): 0.968442

equally weighted sequences:
> outgro:
tcas	1
> cladocera:
dmag	0.333333
dpul	0.333333
etex	0.333333
> notostraca:
lcou	0.2
lubb	0.2
tcan	0.2
tlon	0.2
tusa	0.2

mean GC outgro: all positions=0.473 position1=0.514 position2=0.473 position3=0.432 
mean GC cladocera: all positions=0.502 position1=0.505 position2=0.532 position3=0.471 
mean GC notostraca: all positions=0.545 position1=0.582 position2=0.534 position3=0.520 

** impossible to compute Ks. saturation? **

mean number of non synonymous sites compared: 289.1
mean Ka cladocera: 0.536488
mean Ka notostraca: 0.56317
dKa: -0.0266818	standard deviation (sd): 0.0489171	ratio dKa/sd: -0.545451
exact probability (P): 0.585448

