

## treatement of 3 lineages from file OG0005602.phy ##

equally weighted sequences:
> outgro:
ocin	0.5
tcas	0.5
> anostraca:
afra	1
> cladocera:
dmag	0.333333
dpul	0.333333
etex	0.333333

mean GC outgro: all positions=0.403 position1=0.467 position2=0.382 position3=0.361 
mean GC anostraca: all positions=0.398 position1=0.515 position2=0.358 position3=0.321 
mean GC cladocera: all positions=0.424 position1=0.457 position2=0.388 position3=0.426 

** impossible to compute Ks. saturation? **

mean number of non synonymous sites compared: 327.4
mean Ka anostraca: 0.954982
mean Ka cladocera: 0.73567
dKa: 0.219312	standard deviation (sd): 0.086185	ratio dKa/sd: 2.54466
exact probability (P): 0.0109456

equally weighted sequences:
> outgro:
ocin	0.5
tcas	0.5
> anostraca:
afra	1
> notostraca:
lapu	0.125
lart	0.125
lcou	0.125
lubb	0.125
tcan	0.125
tita	0.125
tlon	0.125
tusa	0.125

mean GC outgro: all positions=0.403 position1=0.467 position2=0.382 position3=0.361 
mean GC anostraca: all positions=0.398 position1=0.515 position2=0.358 position3=0.321 
mean GC notostraca: all positions=0.480 position1=0.484 position2=0.426 position3=0.530 

** impossible to compute Ks. saturation? **

mean number of non synonymous sites compared: 325.6
mean Ka anostraca: 0.954982
mean Ka notostraca: 0.805652
dKa: 0.14933	standard deviation (sd): 0.0898557	ratio dKa/sd: 1.66189
exact probability (P): 0.0965433

equally weighted sequences:
> outgro:
ocin	0.5
tcas	0.5
> cladocera:
dmag	0.333333
dpul	0.333333
etex	0.333333
> notostraca:
lapu	0.125
lart	0.125
lcou	0.125
lubb	0.125
tcan	0.125
tita	0.125
tlon	0.125
tusa	0.125

mean GC outgro: all positions=0.403 position1=0.467 position2=0.382 position3=0.361 
mean GC cladocera: all positions=0.424 position1=0.457 position2=0.388 position3=0.426 
mean GC notostraca: all positions=0.480 position1=0.484 position2=0.426 position3=0.530 

** impossible to compute Ks. saturation? **

mean number of non synonymous sites compared: 329.0
mean Ka cladocera: 0.73567
mean Ka notostraca: 0.805652
dKa: -0.0699819	standard deviation (sd): 0.0612639	ratio dKa/sd: -1.1423
exact probability (P): 0.253336

