

## treatement of 3 lineages from file OG0004964.phy ##

equally weighted sequences:
> outgro:
ocin	0.5
tcas	0.5
> anostraca:
afra	1
> cladocera:
dmag	0.333333
dpul	0.333333
etex	0.333333

mean GC outgro: all positions=0.514 position1=0.456 position2=0.429 position3=0.656 
mean GC anostraca: all positions=0.370 position1=0.401 position2=0.388 position3=0.320 
mean GC cladocera: all positions=0.548 position1=0.506 position2=0.458 position3=0.680 

** impossible to compute Ks. saturation? **

mean number of non synonymous sites compared: 283.9
mean Ka anostraca: 0.39912
mean Ka cladocera: 0.387713
dKa: 0.0114077	standard deviation (sd): 0.0373036	ratio dKa/sd: 0.305807
exact probability (P): 0.759754

equally weighted sequences:
> outgro:
ocin	0.5
tcas	0.5
> anostraca:
afra	1
> notostraca:
lapu	0.125
lart	0.125
lcou	0.125
lubb	0.125
tcan	0.125
tita	0.125
tlon	0.125
tusa	0.125

mean GC outgro: all positions=0.514 position1=0.456 position2=0.429 position3=0.656 
mean GC anostraca: all positions=0.370 position1=0.401 position2=0.388 position3=0.320 
mean GC notostraca: all positions=0.548 position1=0.526 position2=0.437 position3=0.682 

** impossible to compute Ks. saturation? **

mean number of non synonymous sites compared: 284.8
mean Ka anostraca: 0.39912
mean Ka notostraca: 0.394706
dKa: 0.00441488	standard deviation (sd): 0.0395693	ratio dKa/sd: 0.111573
exact probability (P): 0.911163

equally weighted sequences:
> outgro:
ocin	0.5
tcas	0.5
> cladocera:
dmag	0.333333
dpul	0.333333
etex	0.333333
> notostraca:
lapu	0.125
lart	0.125
lcou	0.125
lubb	0.125
tcan	0.125
tita	0.125
tlon	0.125
tusa	0.125

mean GC outgro: all positions=0.514 position1=0.456 position2=0.429 position3=0.656 
mean GC cladocera: all positions=0.548 position1=0.506 position2=0.458 position3=0.680 
mean GC notostraca: all positions=0.548 position1=0.526 position2=0.437 position3=0.682 

** impossible to compute Ks. saturation? **

mean number of non synonymous sites compared: 286.2
mean Ka cladocera: 0.387713
mean Ka notostraca: 0.394706
dKa: -0.00699283	standard deviation (sd): 0.0286976	ratio dKa/sd: -0.243673
exact probability (P): 0.807486

