

## treatement of 3 lineages from file OG0005278.phy ##

equally weighted sequences:
> outgro:
ocin	0.5
tcas	0.5
> anostraca:
afra	1
> cladocera:
dmag	0.333333
dpul	0.333333
etex	0.333333

mean GC outgro: all positions=0.418 position1=0.623 position2=0.264 position3=0.368 
mean GC anostraca: all positions=0.409 position1=0.585 position2=0.264 position3=0.377 
mean GC cladocera: all positions=0.417 position1=0.572 position2=0.283 position3=0.396 

** impossible to compute Ks. saturation? **

** impossible to compute Ka. saturation? **

equally weighted sequences:
> outgro:
ocin	0.5
tcas	0.5
> anostraca:
afra	1
> notostraca:
lapu	0.125
lart	0.125
lcou	0.125
lubb	0.125
tcan	0.125
tita	0.125
tlon	0.125
tusa	0.125

mean GC outgro: all positions=0.418 position1=0.623 position2=0.264 position3=0.368 
mean GC anostraca: all positions=0.409 position1=0.585 position2=0.264 position3=0.377 
mean GC notostraca: all positions=0.478 position1=0.679 position2=0.292 position3=0.462 

** impossible to compute Ks. saturation? **

** impossible to compute Ka. saturation? **

equally weighted sequences:
> outgro:
ocin	0.5
tcas	0.5
> cladocera:
dmag	0.333333
dpul	0.333333
etex	0.333333
> notostraca:
lapu	0.125
lart	0.125
lcou	0.125
lubb	0.125
tcan	0.125
tita	0.125
tlon	0.125
tusa	0.125

mean GC outgro: all positions=0.418 position1=0.623 position2=0.264 position3=0.368 
mean GC cladocera: all positions=0.417 position1=0.572 position2=0.283 position3=0.396 
mean GC notostraca: all positions=0.478 position1=0.679 position2=0.292 position3=0.462 

** impossible to compute Ks. saturation? **

mean number of non synonymous sites compared: 108.4
mean Ka cladocera: 0.609209
mean Ka notostraca: 0.5826
dKa: 0.0266098	standard deviation (sd): 0.0743191	ratio dKa/sd: 0.358048
exact probability (P): 0.72031

