

## treatement of 3 lineages from file OG0006170.phy ##

equally weighted sequences:
> outgro:
ocin	0.5
tcas	0.5
> anostraca:
afra	1
> cladocera:
dmag	0.333333
dpul	0.333333
etex	0.333333

mean GC outgro: all positions=0.451 position1=0.639 position2=0.301 position3=0.412 
mean GC anostraca: all positions=0.432 position1=0.574 position2=0.417 position3=0.306 
mean GC cladocera: all positions=0.424 position1=0.639 position2=0.290 position3=0.343 

** impossible to compute Ks. saturation? **

mean number of non synonymous sites compared: 202.3
mean Ka anostraca: 0.440399
mean Ka cladocera: 0.224902
dKa: 0.215497	standard deviation (sd): 0.0485995	ratio dKa/sd: 4.43413
exact probability (P): 9.87267e-06

equally weighted sequences:
> outgro:
ocin	0.5
tcas	0.5
> anostraca:
afra	1
> notostraca:
lapu	0.142857
lart	0.142857
lcou	0.142857
tcan	0.142857
tita	0.142857
tlon	0.142857
tusa	0.142857

mean GC outgro: all positions=0.451 position1=0.639 position2=0.301 position3=0.412 
mean GC anostraca: all positions=0.432 position1=0.574 position2=0.417 position3=0.306 
mean GC notostraca: all positions=0.449 position1=0.638 position2=0.300 position3=0.409 

** impossible to compute Ks. saturation? **

mean number of non synonymous sites compared: 202.0
mean Ka anostraca: 0.440399
mean Ka notostraca: 0.231302
dKa: 0.209098	standard deviation (sd): 0.0509332	ratio dKa/sd: 4.10533
exact probability (P): 4.24297e-05

equally weighted sequences:
> outgro:
ocin	0.5
tcas	0.5
> cladocera:
dmag	0.333333
dpul	0.333333
etex	0.333333
> notostraca:
lapu	0.142857
lart	0.142857
lcou	0.142857
tcan	0.142857
tita	0.142857
tlon	0.142857
tusa	0.142857

mean GC outgro: all positions=0.451 position1=0.639 position2=0.301 position3=0.412 
mean GC cladocera: all positions=0.424 position1=0.639 position2=0.290 position3=0.343 
mean GC notostraca: all positions=0.449 position1=0.638 position2=0.300 position3=0.409 

** impossible to compute Ks. saturation? **

mean number of non synonymous sites compared: 203.5
mean Ka cladocera: 0.224902
mean Ka notostraca: 0.231302
dKa: -0.00639918	standard deviation (sd): 0.0279958	ratio dKa/sd: -0.228577
exact probability (P): 0.8192

