

## treatement of 3 lineages from file OG0006838.phy ##

equally weighted sequences:
> outgro:
ocin	0.5
tcas	0.5
> anostraca:
afra	1
> cladocera:
dmag	0.333333
dpul	0.333333
etex	0.333333

mean GC outgro: all positions=-1.000 position1=-1.000 position2=-1.000 position3=-1.000 
mean GC anostraca: all positions=-1.000 position1=-1.000 position2=-1.000 position3=-1.000 
mean GC cladocera: all positions=-1.000 position1=-1.000 position2=-1.000 position3=-1.000 

** impossible to compute Ks. saturation? **

** impossible to compute Ka. saturation? **

equally weighted sequences:
> outgro:
ocin	0.5
tcas	0.5
> anostraca:
afra	1
> notostraca:
lapu	0.166667
lart	0.166667
lcou	0.166667
lubb	0.166667
tcan	0.166667
tita	0.166667

mean GC outgro: all positions=-1.000 position1=-1.000 position2=-1.000 position3=-1.000 
mean GC anostraca: all positions=-1.000 position1=-1.000 position2=-1.000 position3=-1.000 
mean GC notostraca: all positions=-1.000 position1=-1.000 position2=-1.000 position3=-1.000 

** impossible to compute Ks. saturation? **

** impossible to compute Ka. saturation? **

equally weighted sequences:
> outgro:
ocin	0.5
tcas	0.5
> cladocera:
dmag	0.333333
dpul	0.333333
etex	0.333333
> notostraca:
lapu	0.166667
lart	0.166667
lcou	0.166667
lubb	0.166667
tcan	0.166667
tita	0.166667

mean GC outgro: all positions=-1.000 position1=-1.000 position2=-1.000 position3=-1.000 
mean GC cladocera: all positions=-1.000 position1=-1.000 position2=-1.000 position3=-1.000 
mean GC notostraca: all positions=-1.000 position1=-1.000 position2=-1.000 position3=-1.000 

** impossible to compute Ks. saturation? **

** impossible to compute Ka. saturation? **

