

## treatement of 3 lineages from file OG0005586.phy ##

equally weighted sequences:
> outgro:
ocin	0.5
tcas	0.5
> anostraca:
afra	1
> cladocera:
dmag	0.333333
dpul	0.333333
etex	0.333333

mean GC outgro: all positions=0.500 position1=0.513 position2=0.432 position3=0.555 
mean GC anostraca: all positions=0.469 position1=0.525 position2=0.381 position3=0.500 
mean GC cladocera: all positions=0.498 position1=0.503 position2=0.441 position3=0.551 

** impossible to compute Ks. saturation? **

mean number of non synonymous sites compared: 227.2
mean Ka anostraca: 0.465937
mean Ka cladocera: 0.188626
dKa: 0.277311	standard deviation (sd): 0.049488	ratio dKa/sd: 5.60361
exact probability (P): 1e-07

equally weighted sequences:
> outgro:
ocin	0.5
tcas	0.5
> anostraca:
afra	1
> notostraca:
lapu	0.125
lart	0.125
lcou	0.125
lubb	0.125
tcan	0.125
tita	0.125
tlon	0.125
tusa	0.125

mean GC outgro: all positions=0.500 position1=0.513 position2=0.432 position3=0.555 
mean GC anostraca: all positions=0.469 position1=0.525 position2=0.381 position3=0.500 
mean GC notostraca: all positions=0.493 position1=0.519 position2=0.410 position3=0.549 

** impossible to compute Ks. saturation? **

mean number of non synonymous sites compared: 228.3
mean Ka anostraca: 0.465937
mean Ka notostraca: 0.226124
dKa: 0.239813	standard deviation (sd): 0.0503919	ratio dKa/sd: 4.75897
exact probability (P): 2.74387e-06

equally weighted sequences:
> outgro:
ocin	0.5
tcas	0.5
> cladocera:
dmag	0.333333
dpul	0.333333
etex	0.333333
> notostraca:
lapu	0.125
lart	0.125
lcou	0.125
lubb	0.125
tcan	0.125
tita	0.125
tlon	0.125
tusa	0.125

mean GC outgro: all positions=0.500 position1=0.513 position2=0.432 position3=0.555 
mean GC cladocera: all positions=0.498 position1=0.503 position2=0.441 position3=0.551 
mean GC notostraca: all positions=0.493 position1=0.519 position2=0.410 position3=0.549 

** impossible to compute Ks. saturation? **

mean number of non synonymous sites compared: 222.8
mean Ka cladocera: 0.188626
mean Ka notostraca: 0.226124
dKa: -0.0374976	standard deviation (sd): 0.0239791	ratio dKa/sd: -1.56376
exact probability (P): 0.117883

