

## treatement of 3 lineages from file OG0005604.phy ##

equally weighted sequences:
> outgro:
ocin	0.5
tcas	0.5
> anostraca:
afra	1
> cladocera:
dmag	0.333333
dpul	0.333333
etex	0.333333

mean GC outgro: all positions=0.524 position1=0.639 position2=0.511 position3=0.422 
mean GC anostraca: all positions=0.467 position1=0.628 position2=0.500 position3=0.272 
mean GC cladocera: all positions=0.522 position1=0.656 position2=0.509 position3=0.402 

** impossible to compute Ks. saturation? **

mean number of non synonymous sites compared: 353.8
mean Ka anostraca: 0.185473
mean Ka cladocera: 0.156888
dKa: 0.0285853	standard deviation (sd): 0.016896	ratio dKa/sd: 1.69184
exact probability (P): 0.0906857

equally weighted sequences:
> outgro:
ocin	0.5
tcas	0.5
> anostraca:
afra	1
> notostraca:
lapu	0.125
lart	0.125
lcou	0.125
lubb	0.125
tcan	0.125
tita	0.125
tlon	0.125
tusa	0.125

mean GC outgro: all positions=0.524 position1=0.639 position2=0.511 position3=0.422 
mean GC anostraca: all positions=0.467 position1=0.628 position2=0.500 position3=0.272 
mean GC notostraca: all positions=0.542 position1=0.665 position2=0.527 position3=0.433 

** impossible to compute Ks. saturation? **

mean number of non synonymous sites compared: 352.7
mean Ka anostraca: 0.185473
mean Ka notostraca: 0.154392
dKa: 0.0310816	standard deviation (sd): 0.0179432	ratio dKa/sd: 1.73222
exact probability (P): 0.0832422

equally weighted sequences:
> outgro:
ocin	0.5
tcas	0.5
> cladocera:
dmag	0.333333
dpul	0.333333
etex	0.333333
> notostraca:
lapu	0.125
lart	0.125
lcou	0.125
lubb	0.125
tcan	0.125
tita	0.125
tlon	0.125
tusa	0.125

mean GC outgro: all positions=0.524 position1=0.639 position2=0.511 position3=0.422 
mean GC cladocera: all positions=0.522 position1=0.656 position2=0.509 position3=0.402 
mean GC notostraca: all positions=0.542 position1=0.665 position2=0.527 position3=0.433 

** impossible to compute Ks. saturation? **

mean number of non synonymous sites compared: 355.4
mean Ka cladocera: 0.156888
mean Ka notostraca: 0.154392
dKa: 0.00249631	standard deviation (sd): 0.011606	ratio dKa/sd: 0.215088
exact probability (P): 0.8297

