

## treatement of 3 lineages from file OG0008868.phy ##

equally weighted sequences:
> outgro:
ocin	0.5
tcas	0.5
> anostraca:
afra	1
> cladocera:
dmag	0.333333
dpul	0.333333
etex	0.333333

mean GC outgro: all positions=0.482 position1=0.517 position2=0.408 position3=0.521 
mean GC anostraca: all positions=0.448 position1=0.528 position2=0.472 position3=0.344 
mean GC cladocera: all positions=0.458 position1=0.492 position2=0.415 position3=0.467 

** impossible to compute Ks. saturation? **

mean number of non synonymous sites compared: 423.7
mean Ka anostraca: 0.234349
mean Ka cladocera: 0.174543
dKa: 0.0598056	standard deviation (sd): 0.0222305	ratio dKa/sd: 2.69025
exact probability (P): 0.0071461

equally weighted sequences:
> outgro:
ocin	0.5
tcas	0.5
> anostraca:
afra	1
> notostraca:
tcan	0.5
tusa	0.5

mean GC outgro: all positions=0.482 position1=0.517 position2=0.408 position3=0.521 
mean GC anostraca: all positions=0.448 position1=0.528 position2=0.472 position3=0.344 
mean GC notostraca: all positions=0.464 position1=0.509 position2=0.396 position3=0.486 

** impossible to compute Ks. saturation? **

mean number of non synonymous sites compared: 425.6
mean Ka anostraca: 0.234349
mean Ka notostraca: 0.144733
dKa: 0.0896158	standard deviation (sd): 0.0235966	ratio dKa/sd: 3.79782
exact probability (P): 0.000147728

equally weighted sequences:
> outgro:
ocin	0.5
tcas	0.5
> cladocera:
dmag	0.333333
dpul	0.333333
etex	0.333333
> notostraca:
tcan	0.5
tusa	0.5

mean GC outgro: all positions=0.482 position1=0.517 position2=0.408 position3=0.521 
mean GC cladocera: all positions=0.458 position1=0.492 position2=0.415 position3=0.467 
mean GC notostraca: all positions=0.464 position1=0.509 position2=0.396 position3=0.486 

** impossible to compute Ks. saturation? **

mean number of non synonymous sites compared: 423.4
mean Ka cladocera: 0.174543
mean Ka notostraca: 0.144733
dKa: 0.0298101	standard deviation (sd): 0.0158695	ratio dKa/sd: 1.87846
exact probability (P): 0.0603267

