

## treatement of 3 lineages from file OG0006327.phy ##

equally weighted sequences:
> outgro:
ocin	0.5
tcas	0.5
> anostraca:
afra	1
> cladocera:
dpul	0.5
etex	0.5

mean GC outgro: all positions=0.448 position1=0.414 position2=0.333 position3=0.595 
mean GC anostraca: all positions=0.340 position1=0.438 position2=0.305 position3=0.276 
mean GC cladocera: all positions=0.457 position1=0.562 position2=0.376 position3=0.433 

** impossible to compute Ks. saturation? **

mean number of non synonymous sites compared: 205.5
mean Ka anostraca: 0.406713
mean Ka cladocera: 0.416147
dKa: -0.00943427	standard deviation (sd): 0.0471474	ratio dKa/sd: -0.200101
exact probability (P): 0.841402

equally weighted sequences:
> outgro:
ocin	0.5
tcas	0.5
> anostraca:
afra	1
> notostraca:
lapu	0.125
lart	0.125
lcou	0.125
lubb	0.125
tcan	0.125
tita	0.125
tlon	0.125
tusa	0.125

mean GC outgro: all positions=0.448 position1=0.414 position2=0.333 position3=0.595 
mean GC anostraca: all positions=0.340 position1=0.438 position2=0.305 position3=0.276 
mean GC notostraca: all positions=0.442 position1=0.504 position2=0.356 position3=0.468 

** impossible to compute Ks. saturation? **

mean number of non synonymous sites compared: 206.3
mean Ka anostraca: 0.406713
mean Ka notostraca: 0.443881
dKa: -0.0371683	standard deviation (sd): 0.0520692	ratio dKa/sd: -0.713825
exact probability (P): 0.47534

equally weighted sequences:
> outgro:
ocin	0.5
tcas	0.5
> cladocera:
dpul	0.5
etex	0.5
> notostraca:
lapu	0.125
lart	0.125
lcou	0.125
lubb	0.125
tcan	0.125
tita	0.125
tlon	0.125
tusa	0.125

mean GC outgro: all positions=0.448 position1=0.414 position2=0.333 position3=0.595 
mean GC cladocera: all positions=0.457 position1=0.562 position2=0.376 position3=0.433 
mean GC notostraca: all positions=0.442 position1=0.504 position2=0.356 position3=0.468 

** impossible to compute Ks. saturation? **

mean number of non synonymous sites compared: 201.9
mean Ka cladocera: 0.416147
mean Ka notostraca: 0.443881
dKa: -0.027734	standard deviation (sd): 0.0416612	ratio dKa/sd: -0.665704
exact probability (P): 0.505606

