

## treatement of 3 lineages from file OG0008495.phy ##

equally weighted sequences:
> outgro:
ocin	0.5
tcas	0.5
> anostraca:
afra	1
> cladocera:
dmag	1

mean GC outgro: all positions=0.468 position1=0.425 position2=0.455 position3=0.522 
mean GC anostraca: all positions=0.393 position1=0.403 position2=0.507 position3=0.269 
mean GC cladocera: all positions=0.398 position1=0.448 position2=0.403 position3=0.343 

** impossible to compute Ks. saturation? **

mean number of non synonymous sites compared: 140.8
mean Ka anostraca: 0.613123
mean Ka cladocera: 0.539588
dKa: 0.0735351	standard deviation (sd): 0.0766467	ratio dKa/sd: 0.959404
exact probability (P): 0.33736

equally weighted sequences:
> outgro:
ocin	0.5
tcas	0.5
> anostraca:
afra	1
> notostraca:
lapu	0.2
lart	0.2
lcou	0.2
lubb	0.2
tlon	0.2

mean GC outgro: all positions=0.468 position1=0.425 position2=0.455 position3=0.522 
mean GC anostraca: all positions=0.393 position1=0.403 position2=0.507 position3=0.269 
mean GC notostraca: all positions=0.453 position1=0.490 position2=0.484 position3=0.385 

** impossible to compute Ks. saturation? **

mean number of non synonymous sites compared: 133.4
mean Ka anostraca: 0.613123
mean Ka notostraca: 0.512567
dKa: 0.100556	standard deviation (sd): 0.0831168	ratio dKa/sd: 1.20982
exact probability (P): 0.226356

equally weighted sequences:
> outgro:
ocin	0.5
tcas	0.5
> cladocera:
dmag	1
> notostraca:
lapu	0.2
lart	0.2
lcou	0.2
lubb	0.2
tlon	0.2

mean GC outgro: all positions=0.468 position1=0.425 position2=0.455 position3=0.522 
mean GC cladocera: all positions=0.398 position1=0.448 position2=0.403 position3=0.343 
mean GC notostraca: all positions=0.453 position1=0.490 position2=0.484 position3=0.385 

** impossible to compute Ks. saturation? **

mean number of non synonymous sites compared: 141.1
mean Ka cladocera: 0.539588
mean Ka notostraca: 0.512567
dKa: 0.0270211	standard deviation (sd): 0.0792748	ratio dKa/sd: 0.340853
exact probability (P): 0.733216

