

## treatement of 3 lineages from file OG0006303.phy ##

equally weighted sequences:
> outgro:
ocin	1
> anostraca:
afra	1
> cladocera:
dmag	0.333333
dpul	0.333333
etex	0.333333

mean GC outgro: all positions=0.408 position1=0.481 position2=0.428 position3=0.316 
mean GC anostraca: all positions=0.433 position1=0.449 position2=0.385 position3=0.465 
mean GC cladocera: all positions=0.547 position1=0.588 position2=0.440 position3=0.611 

** impossible to compute Ks. saturation? **

mean number of non synonymous sites compared: 360.9
mean Ka anostraca: 0.776464
mean Ka cladocera: 0.636433
dKa: 0.140032	standard deviation (sd): 0.0672383	ratio dKa/sd: 2.08261
exact probability (P): 0.0372949

equally weighted sequences:
> outgro:
ocin	1
> anostraca:
afra	1
> notostraca:
lapu	0.125
lart	0.125
lcou	0.125
lubb	0.125
tcan	0.125
tita	0.125
tlon	0.125
tusa	0.125

mean GC outgro: all positions=0.408 position1=0.481 position2=0.428 position3=0.316 
mean GC anostraca: all positions=0.433 position1=0.449 position2=0.385 position3=0.465 
mean GC notostraca: all positions=0.555 position1=0.592 position2=0.494 position3=0.579 

** impossible to compute Ks. saturation? **

mean number of non synonymous sites compared: 357.1
mean Ka anostraca: 0.776464
mean Ka notostraca: 0.675821
dKa: 0.100643	standard deviation (sd): 0.0713037	ratio dKa/sd: 1.41148
exact probability (P): 0.158111

equally weighted sequences:
> outgro:
ocin	1
> cladocera:
dmag	0.333333
dpul	0.333333
etex	0.333333
> notostraca:
lapu	0.125
lart	0.125
lcou	0.125
lubb	0.125
tcan	0.125
tita	0.125
tlon	0.125
tusa	0.125

mean GC outgro: all positions=0.408 position1=0.481 position2=0.428 position3=0.316 
mean GC cladocera: all positions=0.547 position1=0.588 position2=0.440 position3=0.611 
mean GC notostraca: all positions=0.555 position1=0.592 position2=0.494 position3=0.579 

** impossible to compute Ks. saturation? **

mean number of non synonymous sites compared: 358.9
mean Ka cladocera: 0.636433
mean Ka notostraca: 0.675821
dKa: -0.0393881	standard deviation (sd): 0.0466959	ratio dKa/sd: -0.843501
exact probability (P): 0.398954

