

## treatement of 3 lineages from file OG0006395.phy ##

equally weighted sequences:
> outgro:
ocin	0.5
tcas	0.5
> anostraca:
afra	1
> cladocera:
dmag	0.5
etex	0.5

mean GC outgro: all positions=0.491 position1=0.520 position2=0.451 position3=0.503 
mean GC anostraca: all positions=0.419 position1=0.516 position2=0.447 position3=0.294 
mean GC cladocera: all positions=0.473 position1=0.520 position2=0.462 position3=0.438 

** impossible to compute Ks. saturation? **

mean number of non synonymous sites compared: 936.3
mean Ka anostraca: 0.514869
mean Ka cladocera: 0.47752
dKa: 0.037349	standard deviation (sd): 0.0236466	ratio dKa/sd: 1.57946
exact probability (P): 0.114238

equally weighted sequences:
> outgro:
ocin	0.5
tcas	0.5
> anostraca:
afra	1
> notostraca:
lapu	0.125
lart	0.125
lcou	0.125
lubb	0.125
tcan	0.125
tita	0.125
tlon	0.125
tusa	0.125

mean GC outgro: all positions=0.491 position1=0.520 position2=0.451 position3=0.503 
mean GC anostraca: all positions=0.419 position1=0.516 position2=0.447 position3=0.294 
mean GC notostraca: all positions=0.479 position1=0.541 position2=0.477 position3=0.420 

** impossible to compute Ks. saturation? **

mean number of non synonymous sites compared: 933.6
mean Ka anostraca: 0.514869
mean Ka notostraca: 0.474606
dKa: 0.0402627	standard deviation (sd): 0.0250631	ratio dKa/sd: 1.60645
exact probability (P): 0.108182

equally weighted sequences:
> outgro:
ocin	0.5
tcas	0.5
> cladocera:
dmag	0.5
etex	0.5
> notostraca:
lapu	0.125
lart	0.125
lcou	0.125
lubb	0.125
tcan	0.125
tita	0.125
tlon	0.125
tusa	0.125

mean GC outgro: all positions=0.491 position1=0.520 position2=0.451 position3=0.503 
mean GC cladocera: all positions=0.473 position1=0.520 position2=0.462 position3=0.438 
mean GC notostraca: all positions=0.479 position1=0.541 position2=0.477 position3=0.420 

** impossible to compute Ks. saturation? **

mean number of non synonymous sites compared: 943.2
mean Ka cladocera: 0.47752
mean Ka notostraca: 0.474606
dKa: 0.00291365	standard deviation (sd): 0.0201288	ratio dKa/sd: 0.144751
exact probability (P): 0.884909

