

## treatement of 3 lineages from file OG0005445.phy ##

equally weighted sequences:
> outgro:
ocin	0.5
tcas	0.5
> anostraca:
afra	1
> cladocera:
dmag	0.333333
dpul	0.333333
etex	0.333333

mean GC outgro: all positions=0.456 position1=0.562 position2=0.377 position3=0.431 
mean GC anostraca: all positions=0.400 position1=0.446 position2=0.415 position3=0.338 
mean GC cladocera: all positions=0.451 position1=0.549 position2=0.426 position3=0.379 

** impossible to compute Ks. saturation? **

mean number of non synonymous sites compared: 127.1
mean Ka anostraca: 0.382994
mean Ka cladocera: 0.305041
dKa: 0.077953	standard deviation (sd): 0.063216	ratio dKa/sd: 1.23312
exact probability (P): 0.217538

equally weighted sequences:
> outgro:
ocin	0.5
tcas	0.5
> anostraca:
afra	1
> notostraca:
lapu	0.125
lart	0.125
lcou	0.125
lubb	0.125
tcan	0.125
tita	0.125
tlon	0.125
tusa	0.125

mean GC outgro: all positions=0.456 position1=0.562 position2=0.377 position3=0.431 
mean GC anostraca: all positions=0.400 position1=0.446 position2=0.415 position3=0.338 
mean GC notostraca: all positions=0.451 position1=0.508 position2=0.417 position3=0.427 

** impossible to compute Ks. saturation? **

mean number of non synonymous sites compared: 129.8
mean Ka anostraca: 0.382994
mean Ka notostraca: 0.329334
dKa: 0.0536599	standard deviation (sd): 0.0671136	ratio dKa/sd: 0.799538
exact probability (P): 0.423984

equally weighted sequences:
> outgro:
ocin	0.5
tcas	0.5
> cladocera:
dmag	0.333333
dpul	0.333333
etex	0.333333
> notostraca:
lapu	0.125
lart	0.125
lcou	0.125
lubb	0.125
tcan	0.125
tita	0.125
tlon	0.125
tusa	0.125

mean GC outgro: all positions=0.456 position1=0.562 position2=0.377 position3=0.431 
mean GC cladocera: all positions=0.451 position1=0.549 position2=0.426 position3=0.379 
mean GC notostraca: all positions=0.451 position1=0.508 position2=0.417 position3=0.427 

** impossible to compute Ks. saturation? **

mean number of non synonymous sites compared: 129.6
mean Ka cladocera: 0.305041
mean Ka notostraca: 0.329334
dKa: -0.0242931	standard deviation (sd): 0.0464745	ratio dKa/sd: -0.522719
exact probability (P): 0.601173

