

## treatement of 3 lineages from file OG0008408.phy ##

equally weighted sequences:
> outgro:
ocin	0.5
tcas	0.5
> anostraca:
afra	1
> cladocera:
dmag	0.333333
dpul	0.333333
etex	0.333333

mean GC outgro: all positions=0.472 position1=0.529 position2=0.363 position3=0.524 
mean GC anostraca: all positions=0.420 position1=0.538 position2=0.341 position3=0.380 
mean GC cladocera: all positions=0.506 position1=0.556 position2=0.369 position3=0.595 

** impossible to compute Ks. saturation? **

mean number of non synonymous sites compared: 411.9
mean Ka anostraca: 0.188577
mean Ka cladocera: 0.184187
dKa: 0.0043906	standard deviation (sd): 0.0156346	ratio dKa/sd: 0.280826
exact probability (P): 0.778846

equally weighted sequences:
> outgro:
ocin	0.5
tcas	0.5
> anostraca:
afra	1
> notostraca:
tcan	0.333333
tita	0.333333
tusa	0.333333

mean GC outgro: all positions=0.472 position1=0.529 position2=0.363 position3=0.524 
mean GC anostraca: all positions=0.420 position1=0.538 position2=0.341 position3=0.380 
mean GC notostraca: all positions=0.490 position1=0.546 position2=0.341 position3=0.583 

** impossible to compute Ks. saturation? **

mean number of non synonymous sites compared: 413.0
mean Ka anostraca: 0.188577
mean Ka notostraca: 0.19147
dKa: -0.00289263	standard deviation (sd): 0.0159334	ratio dKa/sd: -0.181545
exact probability (P): 0.855941

equally weighted sequences:
> outgro:
ocin	0.5
tcas	0.5
> cladocera:
dmag	0.333333
dpul	0.333333
etex	0.333333
> notostraca:
tcan	0.333333
tita	0.333333
tusa	0.333333

mean GC outgro: all positions=0.472 position1=0.529 position2=0.363 position3=0.524 
mean GC cladocera: all positions=0.506 position1=0.556 position2=0.369 position3=0.595 
mean GC notostraca: all positions=0.490 position1=0.546 position2=0.341 position3=0.583 

** impossible to compute Ks. saturation? **

mean number of non synonymous sites compared: 415.0
mean Ka cladocera: 0.184187
mean Ka notostraca: 0.19147
dKa: -0.00728323	standard deviation (sd): 0.0127372	ratio dKa/sd: -0.571808
exact probability (P): 0.567457

