

## treatement of 3 lineages from file OG0008025.phy ##

equally weighted sequences:
> outgro:
ocin	0.5
tcas	0.5
> anostraca:
afra	1
> cladocera:
dmag	0.333333
dpul	0.333333
etex	0.333333

mean GC outgro: all positions=0.459 position1=0.441 position2=0.358 position3=0.578 
mean GC anostraca: all positions=0.395 position1=0.422 position2=0.353 position3=0.412 
mean GC cladocera: all positions=0.413 position1=0.418 position2=0.340 position3=0.480 

** impossible to compute Ks. saturation? **

mean number of non synonymous sites compared: 198.4
mean Ka anostraca: 0.335541
mean Ka cladocera: 0.0949118
dKa: 0.240629	standard deviation (sd): 0.0418805	ratio dKa/sd: 5.7456
exact probability (P): 1e-07

equally weighted sequences:
> outgro:
ocin	0.5
tcas	0.5
> anostraca:
afra	1
> notostraca:
tcan	0.25
tita	0.25
tlon	0.25
tusa	0.25

mean GC outgro: all positions=0.459 position1=0.441 position2=0.358 position3=0.578 
mean GC anostraca: all positions=0.395 position1=0.422 position2=0.353 position3=0.412 
mean GC notostraca: all positions=0.402 position1=0.441 position2=0.333 position3=0.431 

** impossible to compute Ks. saturation? **

mean number of non synonymous sites compared: 198.9
mean Ka anostraca: 0.335541
mean Ka notostraca: 0.103397
dKa: 0.232143	standard deviation (sd): 0.0436052	ratio dKa/sd: 5.32376
exact probability (P): 2.42456e-07

equally weighted sequences:
> outgro:
ocin	0.5
tcas	0.5
> cladocera:
dmag	0.333333
dpul	0.333333
etex	0.333333
> notostraca:
tcan	0.25
tita	0.25
tlon	0.25
tusa	0.25

mean GC outgro: all positions=0.459 position1=0.441 position2=0.358 position3=0.578 
mean GC cladocera: all positions=0.413 position1=0.418 position2=0.340 position3=0.480 
mean GC notostraca: all positions=0.402 position1=0.441 position2=0.333 position3=0.431 

** impossible to compute Ks. saturation? **

mean number of non synonymous sites compared: 196.8
mean Ka cladocera: 0.0949118
mean Ka notostraca: 0.103397
dKa: -0.00848529	standard deviation (sd): 0.0161706	ratio dKa/sd: -0.524734
exact probability (P): 0.599771

