

## treatement of 3 lineages from file OG0005627.phy ##

equally weighted sequences:
> outgro:
ocin	0.5
tcas	0.5
> anostraca:
afra	1
> cladocera:
dmag	0.333333
dpul	0.333333
etex	0.333333

mean GC outgro: all positions=0.464 position1=0.486 position2=0.457 position3=0.450 
mean GC anostraca: all positions=0.423 position1=0.497 position2=0.449 position3=0.324 
mean GC cladocera: all positions=0.525 position1=0.550 position2=0.498 position3=0.525 

** impossible to compute Ks. saturation? **

mean number of non synonymous sites compared: 722.6
mean Ka anostraca: 0.511487
mean Ka cladocera: 0.484625
dKa: 0.0268615	standard deviation (sd): 0.0247455	ratio dKa/sd: 1.08551
exact probability (P): 0.277701

equally weighted sequences:
> outgro:
ocin	0.5
tcas	0.5
> anostraca:
afra	1
> notostraca:
lapu	0.125
lart	0.125
lcou	0.125
lubb	0.125
tcan	0.125
tita	0.125
tlon	0.125
tusa	0.125

mean GC outgro: all positions=0.464 position1=0.486 position2=0.457 position3=0.450 
mean GC anostraca: all positions=0.423 position1=0.497 position2=0.449 position3=0.324 
mean GC notostraca: all positions=0.515 position1=0.548 position2=0.487 position3=0.510 

** impossible to compute Ks. saturation? **

mean number of non synonymous sites compared: 720.5
mean Ka anostraca: 0.511487
mean Ka notostraca: 0.473593
dKa: 0.037894	standard deviation (sd): 0.026067	ratio dKa/sd: 1.45372
exact probability (P): 0.146033

equally weighted sequences:
> outgro:
ocin	0.5
tcas	0.5
> cladocera:
dmag	0.333333
dpul	0.333333
etex	0.333333
> notostraca:
lapu	0.125
lart	0.125
lcou	0.125
lubb	0.125
tcan	0.125
tita	0.125
tlon	0.125
tusa	0.125

mean GC outgro: all positions=0.464 position1=0.486 position2=0.457 position3=0.450 
mean GC cladocera: all positions=0.525 position1=0.550 position2=0.498 position3=0.525 
mean GC notostraca: all positions=0.515 position1=0.548 position2=0.487 position3=0.510 

** impossible to compute Ks. saturation? **

mean number of non synonymous sites compared: 723.9
mean Ka cladocera: 0.484625
mean Ka notostraca: 0.473593
dKa: 0.0110325	standard deviation (sd): 0.019487	ratio dKa/sd: 0.566146
exact probability (P): 0.571299

