

## treatement of 3 lineages from file OG0005008.phy ##

equally weighted sequences:
> outgro:
ocin	0.5
tcas	0.5
> anostraca:
afra	1
> cladocera:
dmag	0.333333
dpul	0.333333
etex	0.333333

mean GC outgro: all positions=0.446 position1=0.485 position2=0.443 position3=0.411 
mean GC anostraca: all positions=0.416 position1=0.509 position2=0.424 position3=0.316 
mean GC cladocera: all positions=0.452 position1=0.495 position2=0.442 position3=0.419 

** impossible to compute Ks. saturation? **

mean number of non synonymous sites compared: 677.5
mean Ka anostraca: 0.336174
mean Ka cladocera: 0.296686
dKa: 0.0394876	standard deviation (sd): 0.0215779	ratio dKa/sd: 1.83
exact probability (P): 0.0672588

equally weighted sequences:
> outgro:
ocin	0.5
tcas	0.5
> anostraca:
afra	1
> notostraca:
lapu	0.125
lart	0.125
lcou	0.125
lubb	0.125
tcan	0.125
tita	0.125
tlon	0.125
tusa	0.125

mean GC outgro: all positions=0.446 position1=0.485 position2=0.443 position3=0.411 
mean GC anostraca: all positions=0.416 position1=0.509 position2=0.424 position3=0.316 
mean GC notostraca: all positions=0.492 position1=0.534 position2=0.461 position3=0.482 

** impossible to compute Ks. saturation? **

mean number of non synonymous sites compared: 670.6
mean Ka anostraca: 0.336174
mean Ka notostraca: 0.285688
dKa: 0.0504854	standard deviation (sd): 0.0240834	ratio dKa/sd: 2.09628
exact probability (P): 0.0360654

equally weighted sequences:
> outgro:
ocin	0.5
tcas	0.5
> cladocera:
dmag	0.333333
dpul	0.333333
etex	0.333333
> notostraca:
lapu	0.125
lart	0.125
lcou	0.125
lubb	0.125
tcan	0.125
tita	0.125
tlon	0.125
tusa	0.125

mean GC outgro: all positions=0.446 position1=0.485 position2=0.443 position3=0.411 
mean GC cladocera: all positions=0.452 position1=0.495 position2=0.442 position3=0.419 
mean GC notostraca: all positions=0.492 position1=0.534 position2=0.461 position3=0.482 

** impossible to compute Ks. saturation? **

mean number of non synonymous sites compared: 666.1
mean Ka cladocera: 0.296686
mean Ka notostraca: 0.285688
dKa: 0.0109978	standard deviation (sd): 0.0192098	ratio dKa/sd: 0.572509
exact probability (P): 0.566981

