

## treatement of 3 lineages from file OG0005247.phy ##

equally weighted sequences:
> outgro:
ocin	0.5
tcas	0.5
> anostraca:
afra	1
> cladocera:
dmag	0.333333
dpul	0.333333
etex	0.333333

mean GC outgro: all positions=0.442 position1=0.509 position2=0.322 position3=0.496 
mean GC anostraca: all positions=0.407 position1=0.531 position2=0.319 position3=0.372 
mean GC cladocera: all positions=0.493 position1=0.551 position2=0.337 position3=0.592 

** impossible to compute Ks. saturation? **

mean number of non synonymous sites compared: 1293.8
mean Ka anostraca: 0.278509
mean Ka cladocera: 0.177359
dKa: 0.101151	standard deviation (sd): 0.014012	ratio dKa/sd: 7.21884
exact probability (P): 1e-07

equally weighted sequences:
> outgro:
ocin	0.5
tcas	0.5
> anostraca:
afra	1
> notostraca:
lapu	0.125
lart	0.125
lcou	0.125
lubb	0.125
tcan	0.125
tita	0.125
tlon	0.125
tusa	0.125

mean GC outgro: all positions=0.442 position1=0.509 position2=0.322 position3=0.496 
mean GC anostraca: all positions=0.407 position1=0.531 position2=0.319 position3=0.372 
mean GC notostraca: all positions=0.453 position1=0.546 position2=0.329 position3=0.484 

** impossible to compute Ks. saturation? **

mean number of non synonymous sites compared: 1297.3
mean Ka anostraca: 0.278509
mean Ka notostraca: 0.191208
dKa: 0.0873018	standard deviation (sd): 0.0147572	ratio dKa/sd: 5.91588
exact probability (P): 1e-07

equally weighted sequences:
> outgro:
ocin	0.5
tcas	0.5
> cladocera:
dmag	0.333333
dpul	0.333333
etex	0.333333
> notostraca:
lapu	0.125
lart	0.125
lcou	0.125
lubb	0.125
tcan	0.125
tita	0.125
tlon	0.125
tusa	0.125

mean GC outgro: all positions=0.442 position1=0.509 position2=0.322 position3=0.496 
mean GC cladocera: all positions=0.493 position1=0.551 position2=0.337 position3=0.592 
mean GC notostraca: all positions=0.453 position1=0.546 position2=0.329 position3=0.484 

** impossible to compute Ks. saturation? **

mean number of non synonymous sites compared: 1286.5
mean Ka cladocera: 0.177359
mean Ka notostraca: 0.191208
dKa: -0.0138488	standard deviation (sd): 0.00980662	ratio dKa/sd: -1.41218
exact probability (P): 0.157904

