

## treatement of 3 lineages from file OG0006223.phy ##

equally weighted sequences:
> outgro:
tcas	1
> anostraca:
afra	1
> cladocera:
dmag	0.333333
dpul	0.333333
etex	0.333333

mean GC outgro: all positions=0.473 position1=0.535 position2=0.308 position3=0.576 
mean GC anostraca: all positions=0.415 position1=0.483 position2=0.390 position3=0.372 
mean GC cladocera: all positions=0.449 position1=0.535 position2=0.370 position3=0.442 

** impossible to compute Ks. saturation? **

mean number of non synonymous sites compared: 331.1
mean Ka anostraca: 0.447288
mean Ka cladocera: 0.484063
dKa: -0.0367744	standard deviation (sd): 0.0433539	ratio dKa/sd: -0.848238
exact probability (P): 0.396312

equally weighted sequences:
> outgro:
tcas	1
> anostraca:
afra	1
> notostraca:
lapu	0.125
lart	0.125
lcou	0.125
lubb	0.125
tcan	0.125
tita	0.125
tlon	0.125
tusa	0.125

mean GC outgro: all positions=0.473 position1=0.535 position2=0.308 position3=0.576 
mean GC anostraca: all positions=0.415 position1=0.483 position2=0.390 position3=0.372 
mean GC notostraca: all positions=0.447 position1=0.517 position2=0.367 position3=0.458 

** impossible to compute Ks. saturation? **

mean number of non synonymous sites compared: 330.7
mean Ka anostraca: 0.447288
mean Ka notostraca: 0.421021
dKa: 0.0262674	standard deviation (sd): 0.0395078	ratio dKa/sd: 0.664868
exact probability (P): 0.50614

equally weighted sequences:
> outgro:
tcas	1
> cladocera:
dmag	0.333333
dpul	0.333333
etex	0.333333
> notostraca:
lapu	0.125
lart	0.125
lcou	0.125
lubb	0.125
tcan	0.125
tita	0.125
tlon	0.125
tusa	0.125

mean GC outgro: all positions=0.473 position1=0.535 position2=0.308 position3=0.576 
mean GC cladocera: all positions=0.449 position1=0.535 position2=0.370 position3=0.442 
mean GC notostraca: all positions=0.447 position1=0.517 position2=0.367 position3=0.458 

** impossible to compute Ks. saturation? **

mean number of non synonymous sites compared: 331.4
mean Ka cladocera: 0.484063
mean Ka notostraca: 0.421021
dKa: 0.0630418	standard deviation (sd): 0.0370894	ratio dKa/sd: 1.69973
exact probability (P): 0.0891907

