

## treatement of 3 lineages from file OG0008037.phy ##

equally weighted sequences:
> outgro:
ocin	1
> anostraca:
afra	1
> cladocera:
etex	1

mean GC outgro: all positions=0.407 position1=0.525 position2=0.347 position3=0.347 
mean GC anostraca: all positions=0.411 position1=0.571 position2=0.351 position3=0.309 
mean GC cladocera: all positions=0.502 position1=0.629 position2=0.375 position3=0.502 

** impossible to compute Ks. saturation? **

mean number of non synonymous sites compared: 508.4
mean Ka anostraca: 0.461838
mean Ka cladocera: 0.498105
dKa: -0.0362674	standard deviation (sd): 0.0344505	ratio dKa/sd: -1.05274
exact probability (P): 0.292469

equally weighted sequences:
> outgro:
ocin	1
> anostraca:
afra	1
> notostraca:
lapu	0.142857
lart	0.142857
lcou	0.142857
lubb	0.142857
tcan	0.142857
tita	0.142857
tusa	0.142857

mean GC outgro: all positions=0.407 position1=0.525 position2=0.347 position3=0.347 
mean GC anostraca: all positions=0.411 position1=0.571 position2=0.351 position3=0.309 
mean GC notostraca: all positions=0.501 position1=0.608 position2=0.382 position3=0.512 

** impossible to compute Ks. saturation? **

mean number of non synonymous sites compared: 520.1
mean Ka anostraca: 0.461838
mean Ka notostraca: 0.509732
dKa: -0.0478944	standard deviation (sd): 0.0343003	ratio dKa/sd: -1.39633
exact probability (P): 0.162624

equally weighted sequences:
> outgro:
ocin	1
> cladocera:
etex	1
> notostraca:
lapu	0.142857
lart	0.142857
lcou	0.142857
lubb	0.142857
tcan	0.142857
tita	0.142857
tusa	0.142857

mean GC outgro: all positions=0.407 position1=0.525 position2=0.347 position3=0.347 
mean GC cladocera: all positions=0.502 position1=0.629 position2=0.375 position3=0.502 
mean GC notostraca: all positions=0.501 position1=0.608 position2=0.382 position3=0.512 

** impossible to compute Ks. saturation? **

mean number of non synonymous sites compared: 508.7
mean Ka cladocera: 0.498105
mean Ka notostraca: 0.509732
dKa: -0.011627	standard deviation (sd): 0.0289928	ratio dKa/sd: -0.401032
exact probability (P): 0.688399

