

## treatement of 3 lineages from file OG0005193.phy ##

equally weighted sequences:
> outgro:
ocin	0.5
tcas	0.5
> anostraca:
afra	1
> cladocera:
dmag	0.333333
dpul	0.333333
etex	0.333333

mean GC outgro: all positions=0.460 position1=0.475 position2=0.442 position3=0.462 
mean GC anostraca: all positions=0.429 position1=0.469 position2=0.462 position3=0.355 
mean GC cladocera: all positions=0.467 position1=0.497 position2=0.452 position3=0.453 

** impossible to compute Ks. saturation? **

mean number of non synonymous sites compared: 623.2
mean Ka anostraca: 0.540473
mean Ka cladocera: 0.52636
dKa: 0.0141125	standard deviation (sd): 0.0323481	ratio dKa/sd: 0.436268
exact probability (P): 0.662646

equally weighted sequences:
> outgro:
ocin	0.5
tcas	0.5
> anostraca:
afra	1
> notostraca:
lapu	0.125
lart	0.125
lcou	0.125
lubb	0.125
tcan	0.125
tita	0.125
tlon	0.125
tusa	0.125

mean GC outgro: all positions=0.460 position1=0.475 position2=0.442 position3=0.462 
mean GC anostraca: all positions=0.429 position1=0.469 position2=0.462 position3=0.355 
mean GC notostraca: all positions=0.479 position1=0.508 position2=0.463 position3=0.466 

** impossible to compute Ks. saturation? **

mean number of non synonymous sites compared: 623.9
mean Ka anostraca: 0.540473
mean Ka notostraca: 0.525235
dKa: 0.0152382	standard deviation (sd): 0.0347981	ratio dKa/sd: 0.437902
exact probability (P): 0.661461

equally weighted sequences:
> outgro:
ocin	0.5
tcas	0.5
> cladocera:
dmag	0.333333
dpul	0.333333
etex	0.333333
> notostraca:
lapu	0.125
lart	0.125
lcou	0.125
lubb	0.125
tcan	0.125
tita	0.125
tlon	0.125
tusa	0.125

mean GC outgro: all positions=0.460 position1=0.475 position2=0.442 position3=0.462 
mean GC cladocera: all positions=0.467 position1=0.497 position2=0.452 position3=0.453 
mean GC notostraca: all positions=0.479 position1=0.508 position2=0.463 position3=0.466 

** impossible to compute Ks. saturation? **

mean number of non synonymous sites compared: 616.2
mean Ka cladocera: 0.52636
mean Ka notostraca: 0.525235
dKa: 0.00112573	standard deviation (sd): 0.0270083	ratio dKa/sd: 0.041681
exact probability (P): 0.966753

