

## treatement of 3 lineages from file OG0006290.phy ##

equally weighted sequences:
> outgro:
tcas	1
> anostraca:
afra	1
> cladocera:
dmag	0.333333
dpul	0.333333
etex	0.333333

mean GC outgro: all positions=0.389 position1=0.600 position2=0.267 position3=0.300 
mean GC anostraca: all positions=0.389 position1=0.533 position2=0.267 position3=0.367 
mean GC cladocera: all positions=0.404 position1=0.511 position2=0.239 position3=0.461 

** impossible to compute Ks. saturation? **

mean number of non synonymous sites compared: 125.3
mean Ka anostraca: 0.617785
mean Ka cladocera: 0.688937
dKa: -0.0711519	standard deviation (sd): 0.0997924	ratio dKa/sd: -0.713
exact probability (P): 0.47585

equally weighted sequences:
> outgro:
tcas	1
> anostraca:
afra	1
> notostraca:
lapu	0.125
lart	0.125
lcou	0.125
lubb	0.125
tcan	0.125
tita	0.125
tlon	0.125
tusa	0.125

mean GC outgro: all positions=0.389 position1=0.600 position2=0.267 position3=0.300 
mean GC anostraca: all positions=0.389 position1=0.533 position2=0.267 position3=0.367 
mean GC notostraca: all positions=0.467 position1=0.573 position2=0.333 position3=0.494 

** impossible to compute Ks. saturation? **

mean number of non synonymous sites compared: 123.5
mean Ka anostraca: 0.617785
mean Ka notostraca: 0.808016
dKa: -0.190232	standard deviation (sd): 0.107859	ratio dKa/sd: -1.76371
exact probability (P): 0.0777902

equally weighted sequences:
> outgro:
tcas	1
> cladocera:
dmag	0.333333
dpul	0.333333
etex	0.333333
> notostraca:
lapu	0.125
lart	0.125
lcou	0.125
lubb	0.125
tcan	0.125
tita	0.125
tlon	0.125
tusa	0.125

mean GC outgro: all positions=0.389 position1=0.600 position2=0.267 position3=0.300 
mean GC cladocera: all positions=0.404 position1=0.511 position2=0.239 position3=0.461 
mean GC notostraca: all positions=0.467 position1=0.573 position2=0.333 position3=0.494 

** impossible to compute Ks. saturation? **

mean number of non synonymous sites compared: 124.6
mean Ka cladocera: 0.688937
mean Ka notostraca: 0.808016
dKa: -0.11908	standard deviation (sd): 0.105221	ratio dKa/sd: -1.13171
exact probability (P): 0.257764

