

## treatement of 3 lineages from file OG0005320.phy ##

equally weighted sequences:
> outgro:
ocin	0.5
tcas	0.5
> anostraca:
afra	1
> cladocera:
dmag	0.333333
dpul	0.333333
etex	0.333333

mean GC outgro: all positions=0.440 position1=0.418 position2=0.386 position3=0.516 
mean GC anostraca: all positions=0.406 position1=0.424 position2=0.380 position3=0.413 
mean GC cladocera: all positions=0.438 position1=0.464 position2=0.362 position3=0.489 

** impossible to compute Ks. saturation? **

mean number of non synonymous sites compared: 186.2
mean Ka anostraca: 0.77345
mean Ka cladocera: 0.709132
dKa: 0.0643176	standard deviation (sd): 0.087129	ratio dKa/sd: 0.738188
exact probability (P): 0.460406

equally weighted sequences:
> outgro:
ocin	0.5
tcas	0.5
> anostraca:
afra	1
> notostraca:
lapu	0.125
lart	0.125
lcou	0.125
lubb	0.125
tcan	0.125
tita	0.125
tlon	0.125
tusa	0.125

mean GC outgro: all positions=0.440 position1=0.418 position2=0.386 position3=0.516 
mean GC anostraca: all positions=0.406 position1=0.424 position2=0.380 position3=0.413 
mean GC notostraca: all positions=0.418 position1=0.397 position2=0.356 position3=0.500 

** impossible to compute Ks. saturation? **

mean number of non synonymous sites compared: 184.2
mean Ka anostraca: 0.77345
mean Ka notostraca: 0.627861
dKa: 0.145589	standard deviation (sd): 0.0858954	ratio dKa/sd: 1.69495
exact probability (P): 0.0900933

equally weighted sequences:
> outgro:
ocin	0.5
tcas	0.5
> cladocera:
dmag	0.333333
dpul	0.333333
etex	0.333333
> notostraca:
lapu	0.125
lart	0.125
lcou	0.125
lubb	0.125
tcan	0.125
tita	0.125
tlon	0.125
tusa	0.125

mean GC outgro: all positions=0.440 position1=0.418 position2=0.386 position3=0.516 
mean GC cladocera: all positions=0.438 position1=0.464 position2=0.362 position3=0.489 
mean GC notostraca: all positions=0.418 position1=0.397 position2=0.356 position3=0.500 

** impossible to compute Ks. saturation? **

mean number of non synonymous sites compared: 186.2
mean Ka cladocera: 0.709132
mean Ka notostraca: 0.627861
dKa: 0.0812711	standard deviation (sd): 0.065977	ratio dKa/sd: 1.23181
exact probability (P): 0.218028

