

## treatement of 3 lineages from file OG0007555.phy ##

equally weighted sequences:
> outgro:
ocin	1
> anostraca:
afra	1
> cladocera:
dmag	0.5
dpul	0.5

mean GC outgro: all positions=0.423 position1=0.509 position2=0.398 position3=0.363 
mean GC anostraca: all positions=0.421 position1=0.485 position2=0.421 position3=0.357 
mean GC cladocera: all positions=0.546 position1=0.564 position2=0.427 position3=0.646 

** impossible to compute Ks. saturation? **

mean number of non synonymous sites compared: 335.0
mean Ka anostraca: 0.626062
mean Ka cladocera: 0.530965
dKa: 0.0950966	standard deviation (sd): 0.0600799	ratio dKa/sd: 1.58284
exact probability (P): 0.113468

equally weighted sequences:
> outgro:
ocin	1
> anostraca:
afra	1
> notostraca:
lart	0.142857
lcou	0.142857
lubb	0.142857
tcan	0.142857
tita	0.142857
tlon	0.142857
tusa	0.142857

mean GC outgro: all positions=0.423 position1=0.509 position2=0.398 position3=0.363 
mean GC anostraca: all positions=0.421 position1=0.485 position2=0.421 position3=0.357 
mean GC notostraca: all positions=0.534 position1=0.620 position2=0.440 position3=0.541 

** impossible to compute Ks. saturation? **

mean number of non synonymous sites compared: 335.1
mean Ka anostraca: 0.626062
mean Ka notostraca: 0.467878
dKa: 0.158183	standard deviation (sd): 0.0579333	ratio dKa/sd: 2.73044
exact probability (P): 0.00633095

equally weighted sequences:
> outgro:
ocin	1
> cladocera:
dmag	0.5
dpul	0.5
> notostraca:
lart	0.142857
lcou	0.142857
lubb	0.142857
tcan	0.142857
tita	0.142857
tlon	0.142857
tusa	0.142857

mean GC outgro: all positions=0.423 position1=0.509 position2=0.398 position3=0.363 
mean GC cladocera: all positions=0.546 position1=0.564 position2=0.427 position3=0.646 
mean GC notostraca: all positions=0.534 position1=0.620 position2=0.440 position3=0.541 

** impossible to compute Ks. saturation? **

mean number of non synonymous sites compared: 336.3
mean Ka cladocera: 0.530965
mean Ka notostraca: 0.467878
dKa: 0.0630867	standard deviation (sd): 0.0451996	ratio dKa/sd: 1.39574
exact probability (P): 0.162802

