

## treatement of 3 lineages from file OG0006329.phy ##

equally weighted sequences:
> outgro:
tcas	1
> anostraca:
afra	1
> cladocera:
dmag	0.333333
dpul	0.333333
etex	0.333333

mean GC outgro: all positions=0.581 position1=0.567 position2=0.464 position3=0.711 
mean GC anostraca: all positions=0.381 position1=0.495 position2=0.371 position3=0.278 
mean GC cladocera: all positions=0.403 position1=0.495 position2=0.378 position3=0.337 

** impossible to compute Ks. saturation? **

mean number of non synonymous sites compared: 190.3
mean Ka anostraca: 0.620068
mean Ka cladocera: 0.518721
dKa: 0.101348	standard deviation (sd): 0.0794263	ratio dKa/sd: 1.276
exact probability (P): 0.201963

equally weighted sequences:
> outgro:
tcas	1
> anostraca:
afra	1
> notostraca:
lapu	0.125
lart	0.125
lcou	0.125
lubb	0.125
tcan	0.125
tita	0.125
tlon	0.125
tusa	0.125

mean GC outgro: all positions=0.581 position1=0.567 position2=0.464 position3=0.711 
mean GC anostraca: all positions=0.381 position1=0.495 position2=0.371 position3=0.278 
mean GC notostraca: all positions=0.467 position1=0.521 position2=0.402 position3=0.478 

** impossible to compute Ks. saturation? **

mean number of non synonymous sites compared: 193.9
mean Ka anostraca: 0.620068
mean Ka notostraca: 0.411159
dKa: 0.208909	standard deviation (sd): 0.0762962	ratio dKa/sd: 2.73813
exact probability (P): 0.00618513

equally weighted sequences:
> outgro:
tcas	1
> cladocera:
dmag	0.333333
dpul	0.333333
etex	0.333333
> notostraca:
lapu	0.125
lart	0.125
lcou	0.125
lubb	0.125
tcan	0.125
tita	0.125
tlon	0.125
tusa	0.125

mean GC outgro: all positions=0.581 position1=0.567 position2=0.464 position3=0.711 
mean GC cladocera: all positions=0.403 position1=0.495 position2=0.378 position3=0.337 
mean GC notostraca: all positions=0.467 position1=0.521 position2=0.402 position3=0.478 

** impossible to compute Ks. saturation? **

mean number of non synonymous sites compared: 191.8
mean Ka cladocera: 0.518721
mean Ka notostraca: 0.411159
dKa: 0.107561	standard deviation (sd): 0.0582148	ratio dKa/sd: 1.84766
exact probability (P): 0.0646595

