

## treatement of 3 lineages from file OG0005517.phy ##

equally weighted sequences:
> outgro:
ocin	0.5
tcas	0.5
> anostraca:
afra	1
> cladocera:
dmag	0.333333
dpul	0.333333
etex	0.333333

mean GC outgro: all positions=0.511 position1=0.548 position2=0.412 position3=0.571 
mean GC anostraca: all positions=0.433 position1=0.539 position2=0.392 position3=0.369 
mean GC cladocera: all positions=0.491 position1=0.562 position2=0.406 position3=0.505 

** impossible to compute Ks. saturation? **

mean number of non synonymous sites compared: 420.8
mean Ka anostraca: 0.142605
mean Ka cladocera: 0.146272
dKa: -0.00366762	standard deviation (sd): 0.0148873	ratio dKa/sd: -0.246358
exact probability (P): 0.805407

equally weighted sequences:
> outgro:
ocin	0.5
tcas	0.5
> anostraca:
afra	1
> notostraca:
lapu	0.125
lart	0.125
lcou	0.125
lubb	0.125
tcan	0.125
tita	0.125
tlon	0.125
tusa	0.125

mean GC outgro: all positions=0.511 position1=0.548 position2=0.412 position3=0.571 
mean GC anostraca: all positions=0.433 position1=0.539 position2=0.392 position3=0.369 
mean GC notostraca: all positions=0.452 position1=0.534 position2=0.399 position3=0.423 

** impossible to compute Ks. saturation? **

mean number of non synonymous sites compared: 420.2
mean Ka anostraca: 0.142605
mean Ka notostraca: 0.159297
dKa: -0.0166919	standard deviation (sd): 0.0170789	ratio dKa/sd: -0.97734
exact probability (P): 0.328407

equally weighted sequences:
> outgro:
ocin	0.5
tcas	0.5
> cladocera:
dmag	0.333333
dpul	0.333333
etex	0.333333
> notostraca:
lapu	0.125
lart	0.125
lcou	0.125
lubb	0.125
tcan	0.125
tita	0.125
tlon	0.125
tusa	0.125

mean GC outgro: all positions=0.511 position1=0.548 position2=0.412 position3=0.571 
mean GC cladocera: all positions=0.491 position1=0.562 position2=0.406 position3=0.505 
mean GC notostraca: all positions=0.452 position1=0.534 position2=0.399 position3=0.423 

** impossible to compute Ks. saturation? **

mean number of non synonymous sites compared: 418.2
mean Ka cladocera: 0.146272
mean Ka notostraca: 0.159297
dKa: -0.0130242	standard deviation (sd): 0.0156386	ratio dKa/sd: -0.832827
exact probability (P): 0.404948

