

## treatement of 3 lineages from file OG0004981.phy ##

equally weighted sequences:
> outgro:
ocin	0.5
tcas	0.5
> anostraca:
afra	1
> cladocera:
dmag	0.333333
dpul	0.333333
etex	0.333333

mean GC outgro: all positions=0.430 position1=0.460 position2=0.352 position3=0.476 
mean GC anostraca: all positions=0.408 position1=0.454 position2=0.366 position3=0.405 
mean GC cladocera: all positions=0.398 position1=0.446 position2=0.327 position3=0.421 

** impossible to compute Ks. saturation? **

mean number of non synonymous sites compared: 437.7
mean Ka anostraca: 0.297004
mean Ka cladocera: 0.266131
dKa: 0.030873	standard deviation (sd): 0.0245334	ratio dKa/sd: 1.25841
exact probability (P): 0.208253

equally weighted sequences:
> outgro:
ocin	0.5
tcas	0.5
> anostraca:
afra	1
> notostraca:
lapu	0.125
lart	0.125
lcou	0.125
lubb	0.125
tcan	0.125
tita	0.125
tlon	0.125
tusa	0.125

mean GC outgro: all positions=0.430 position1=0.460 position2=0.352 position3=0.476 
mean GC anostraca: all positions=0.408 position1=0.454 position2=0.366 position3=0.405 
mean GC notostraca: all positions=0.436 position1=0.470 position2=0.345 position3=0.494 

** impossible to compute Ks. saturation? **

mean number of non synonymous sites compared: 439.9
mean Ka anostraca: 0.297004
mean Ka notostraca: 0.243416
dKa: 0.0535887	standard deviation (sd): 0.0258329	ratio dKa/sd: 2.07444
exact probability (P): 0.0380468

equally weighted sequences:
> outgro:
ocin	0.5
tcas	0.5
> cladocera:
dmag	0.333333
dpul	0.333333
etex	0.333333
> notostraca:
lapu	0.125
lart	0.125
lcou	0.125
lubb	0.125
tcan	0.125
tita	0.125
tlon	0.125
tusa	0.125

mean GC outgro: all positions=0.430 position1=0.460 position2=0.352 position3=0.476 
mean GC cladocera: all positions=0.398 position1=0.446 position2=0.327 position3=0.421 
mean GC notostraca: all positions=0.436 position1=0.470 position2=0.345 position3=0.494 

** impossible to compute Ks. saturation? **

mean number of non synonymous sites compared: 436.4
mean Ka cladocera: 0.266131
mean Ka notostraca: 0.243416
dKa: 0.0227157	standard deviation (sd): 0.0163606	ratio dKa/sd: 1.38844
exact probability (P): 0.165011

