

## treatement of 3 lineages from file OG0008866.phy ##

equally weighted sequences:
> outgro:
ocin	0.5
tcas	0.5
> anostraca:
afra	1
> cladocera:
dpul	0.5
etex	0.5

mean GC outgro: all positions=0.434 position1=0.443 position2=0.385 position3=0.475 
mean GC anostraca: all positions=0.437 position1=0.492 position2=0.410 position3=0.410 
mean GC cladocera: all positions=0.478 position1=0.500 position2=0.385 position3=0.549 

** impossible to compute Ks. saturation? **

mean number of non synonymous sites compared: 120.5
mean Ka anostraca: 0.462072
mean Ka cladocera: 0.055786
dKa: 0.406286	standard deviation (sd): 0.0798562	ratio dKa/sd: 5.08772
exact probability (P): 8.16584e-07

equally weighted sequences:
> outgro:
ocin	0.5
tcas	0.5
> anostraca:
afra	1
> notostraca:
lapu	0.333333
lart	0.333333
lcou	0.333333

mean GC outgro: all positions=0.434 position1=0.443 position2=0.385 position3=0.475 
mean GC anostraca: all positions=0.437 position1=0.492 position2=0.410 position3=0.410 
mean GC notostraca: all positions=0.446 position1=0.459 position2=0.377 position3=0.503 

** impossible to compute Ks. saturation? **

mean number of non synonymous sites compared: 120.1
mean Ka anostraca: 0.462072
mean Ka notostraca: 0.0707134
dKa: 0.391359	standard deviation (sd): 0.0797239	ratio dKa/sd: 4.90892
exact probability (P): 1.54403e-06

equally weighted sequences:
> outgro:
ocin	0.5
tcas	0.5
> cladocera:
dpul	0.5
etex	0.5
> notostraca:
lapu	0.333333
lart	0.333333
lcou	0.333333

mean GC outgro: all positions=0.434 position1=0.443 position2=0.385 position3=0.475 
mean GC cladocera: all positions=0.478 position1=0.500 position2=0.385 position3=0.549 
mean GC notostraca: all positions=0.446 position1=0.459 position2=0.377 position3=0.503 

** impossible to compute Ks. saturation? **

mean number of non synonymous sites compared: 120.5
mean Ka cladocera: 0.055786
mean Ka notostraca: 0.0707134
dKa: -0.0149274	standard deviation (sd): 0.0163363	ratio dKa/sd: -0.913753
exact probability (P): 0.360854

