

## treatement of 3 lineages from file OG0005282.phy ##

equally weighted sequences:
> outgro:
ocin	0.5
tcas	0.5
> anostraca:
afra	1
> cladocera:
dmag	0.333333
dpul	0.333333
etex	0.333333

mean GC outgro: all positions=0.433 position1=0.485 position2=0.358 position3=0.455 
mean GC anostraca: all positions=0.373 position1=0.493 position2=0.313 position3=0.313 
mean GC cladocera: all positions=0.470 position1=0.540 position2=0.378 position3=0.493 

** impossible to compute Ks. saturation? **

mean number of non synonymous sites compared: 264.1
mean Ka anostraca: 0.324818
mean Ka cladocera: 0.293906
dKa: 0.0309123	standard deviation (sd): 0.0363908	ratio dKa/sd: 0.849452
exact probability (P): 0.395635

equally weighted sequences:
> outgro:
ocin	0.5
tcas	0.5
> anostraca:
afra	1
> notostraca:
lapu	0.125
lart	0.125
lcou	0.125
lubb	0.125
tcan	0.125
tita	0.125
tlon	0.125
tusa	0.125

mean GC outgro: all positions=0.433 position1=0.485 position2=0.358 position3=0.455 
mean GC anostraca: all positions=0.373 position1=0.493 position2=0.313 position3=0.313 
mean GC notostraca: all positions=0.461 position1=0.519 position2=0.354 position3=0.508 

** impossible to compute Ks. saturation? **

mean number of non synonymous sites compared: 267.3
mean Ka anostraca: 0.324818
mean Ka notostraca: 0.245261
dKa: 0.0795567	standard deviation (sd): 0.0350662	ratio dKa/sd: 2.26876
exact probability (P): 0.0232905

equally weighted sequences:
> outgro:
ocin	0.5
tcas	0.5
> cladocera:
dmag	0.333333
dpul	0.333333
etex	0.333333
> notostraca:
lapu	0.125
lart	0.125
lcou	0.125
lubb	0.125
tcan	0.125
tita	0.125
tlon	0.125
tusa	0.125

mean GC outgro: all positions=0.433 position1=0.485 position2=0.358 position3=0.455 
mean GC cladocera: all positions=0.470 position1=0.540 position2=0.378 position3=0.493 
mean GC notostraca: all positions=0.461 position1=0.519 position2=0.354 position3=0.508 

** impossible to compute Ks. saturation? **

mean number of non synonymous sites compared: 265.9
mean Ka cladocera: 0.293906
mean Ka notostraca: 0.245261
dKa: 0.0486445	standard deviation (sd): 0.0256803	ratio dKa/sd: 1.89423
exact probability (P): 0.0582032

