

## treatement of 3 lineages from file OG0005534.phy ##

equally weighted sequences:
> outgro:
ocin	0.5
tcas	0.5
> anostraca:
afra	1
> cladocera:
dmag	0.333333
dpul	0.333333
etex	0.333333

mean GC outgro: all positions=0.416 position1=0.447 position2=0.410 position3=0.391 
mean GC anostraca: all positions=0.400 position1=0.437 position2=0.422 position3=0.340 
mean GC cladocera: all positions=0.483 position1=0.490 position2=0.463 position3=0.497 

** impossible to compute Ks. saturation? **

mean number of non synonymous sites compared: 399.8
mean Ka anostraca: 0.272859
mean Ka cladocera: 0.266635
dKa: 0.0062245	standard deviation (sd): 0.0252512	ratio dKa/sd: 0.246503
exact probability (P): 0.805295

equally weighted sequences:
> outgro:
ocin	0.5
tcas	0.5
> anostraca:
afra	1
> notostraca:
lapu	0.125
lart	0.125
lcou	0.125
lubb	0.125
tcan	0.125
tita	0.125
tlon	0.125
tusa	0.125

mean GC outgro: all positions=0.416 position1=0.447 position2=0.410 position3=0.391 
mean GC anostraca: all positions=0.400 position1=0.437 position2=0.422 position3=0.340 
mean GC notostraca: all positions=0.465 position1=0.513 position2=0.424 position3=0.459 

** impossible to compute Ks. saturation? **

mean number of non synonymous sites compared: 398.4
mean Ka anostraca: 0.272859
mean Ka notostraca: 0.259447
dKa: 0.0134123	standard deviation (sd): 0.0254073	ratio dKa/sd: 0.527893
exact probability (P): 0.597577

equally weighted sequences:
> outgro:
ocin	0.5
tcas	0.5
> cladocera:
dmag	0.333333
dpul	0.333333
etex	0.333333
> notostraca:
lapu	0.125
lart	0.125
lcou	0.125
lubb	0.125
tcan	0.125
tita	0.125
tlon	0.125
tusa	0.125

mean GC outgro: all positions=0.416 position1=0.447 position2=0.410 position3=0.391 
mean GC cladocera: all positions=0.483 position1=0.490 position2=0.463 position3=0.497 
mean GC notostraca: all positions=0.465 position1=0.513 position2=0.424 position3=0.459 

** impossible to compute Ks. saturation? **

mean number of non synonymous sites compared: 396.3
mean Ka cladocera: 0.266635
mean Ka notostraca: 0.259447
dKa: 0.00718782	standard deviation (sd): 0.0235604	ratio dKa/sd: 0.305081
exact probability (P): 0.760307

