

## treatement of 3 lineages from file OG0006086.phy ##

equally weighted sequences:
> outgro:
ocin	0.5
tcas	0.5
> anostraca:
afra	1
> cladocera:
dmag	0.333333
dpul	0.333333
etex	0.333333

mean GC outgro: all positions=0.458 position1=0.536 position2=0.384 position3=0.454 
mean GC anostraca: all positions=0.429 position1=0.549 position2=0.385 position3=0.352 
mean GC cladocera: all positions=0.459 position1=0.571 position2=0.361 position3=0.445 

** impossible to compute Ks. saturation? **

mean number of non synonymous sites compared: 1295.8
mean Ka anostraca: 0.351142
mean Ka cladocera: 0.274801
dKa: 0.0763405	standard deviation (sd): 0.0153749	ratio dKa/sd: 4.96527
exact probability (P): 1.30366e-06

equally weighted sequences:
> outgro:
ocin	0.5
tcas	0.5
> anostraca:
afra	1
> notostraca:
lapu	0.142857
lart	0.142857
lcou	0.142857
lubb	0.142857
tcan	0.142857
tita	0.142857
tusa	0.142857

mean GC outgro: all positions=0.458 position1=0.536 position2=0.384 position3=0.454 
mean GC anostraca: all positions=0.429 position1=0.549 position2=0.385 position3=0.352 
mean GC notostraca: all positions=0.458 position1=0.542 position2=0.369 position3=0.463 

** impossible to compute Ks. saturation? **

mean number of non synonymous sites compared: 1295.4
mean Ka anostraca: 0.351142
mean Ka notostraca: 0.285403
dKa: 0.0657386	standard deviation (sd): 0.0162624	ratio dKa/sd: 4.04237
exact probability (P): 5.5049e-05

equally weighted sequences:
> outgro:
ocin	0.5
tcas	0.5
> cladocera:
dmag	0.333333
dpul	0.333333
etex	0.333333
> notostraca:
lapu	0.142857
lart	0.142857
lcou	0.142857
lubb	0.142857
tcan	0.142857
tita	0.142857
tusa	0.142857

mean GC outgro: all positions=0.458 position1=0.536 position2=0.384 position3=0.454 
mean GC cladocera: all positions=0.459 position1=0.571 position2=0.361 position3=0.445 
mean GC notostraca: all positions=0.458 position1=0.542 position2=0.369 position3=0.463 

** impossible to compute Ks. saturation? **

mean number of non synonymous sites compared: 1298.9
mean Ka cladocera: 0.274801
mean Ka notostraca: 0.285403
dKa: -0.0106019	standard deviation (sd): 0.0103037	ratio dKa/sd: -1.02894
exact probability (P): 0.303513

