

## treatement of 3 lineages from file OG0006351.phy ##

equally weighted sequences:
> outgro:
ocin	1
> anostraca:
afra	1
> cladocera:
dmag	0.333333
dpul	0.333333
etex	0.333333

mean GC outgro: all positions=0.475 position1=0.505 position2=0.374 position3=0.545 
mean GC anostraca: all positions=0.373 position1=0.468 position2=0.374 position3=0.276 
mean GC cladocera: all positions=0.441 position1=0.512 position2=0.397 position3=0.415 

** impossible to compute Ks. saturation? **

mean number of non synonymous sites compared: 569.0
mean Ka anostraca: 0.373111
mean Ka cladocera: 0.292376
dKa: 0.0807357	standard deviation (sd): 0.0277637	ratio dKa/sd: 2.90796
exact probability (P): 0.00364358

equally weighted sequences:
> outgro:
ocin	1
> anostraca:
afra	1
> notostraca:
lapu	0.125
lart	0.125
lcou	0.125
lubb	0.125
tcan	0.125
tita	0.125
tlon	0.125
tusa	0.125

mean GC outgro: all positions=0.475 position1=0.505 position2=0.374 position3=0.545 
mean GC anostraca: all positions=0.373 position1=0.468 position2=0.374 position3=0.276 
mean GC notostraca: all positions=0.479 position1=0.535 position2=0.400 position3=0.502 

** impossible to compute Ks. saturation? **

mean number of non synonymous sites compared: 564.3
mean Ka anostraca: 0.373111
mean Ka notostraca: 0.285777
dKa: 0.0873347	standard deviation (sd): 0.0286088	ratio dKa/sd: 3.05272
exact probability (P): 0.00227241

equally weighted sequences:
> outgro:
ocin	1
> cladocera:
dmag	0.333333
dpul	0.333333
etex	0.333333
> notostraca:
lapu	0.125
lart	0.125
lcou	0.125
lubb	0.125
tcan	0.125
tita	0.125
tlon	0.125
tusa	0.125

mean GC outgro: all positions=0.475 position1=0.505 position2=0.374 position3=0.545 
mean GC cladocera: all positions=0.441 position1=0.512 position2=0.397 position3=0.415 
mean GC notostraca: all positions=0.479 position1=0.535 position2=0.400 position3=0.502 

** impossible to compute Ks. saturation? **

mean number of non synonymous sites compared: 571.7
mean Ka cladocera: 0.292376
mean Ka notostraca: 0.285777
dKa: 0.00659898	standard deviation (sd): 0.0190244	ratio dKa/sd: 0.34687
exact probability (P): 0.728692

