

## treatement of 3 lineages from file OG0005651.phy ##

equally weighted sequences:
> outgro:
ocin	0.5
tcas	0.5
> anostraca:
afra	1
> cladocera:
dmag	0.333333
dpul	0.333333
etex	0.333333

mean GC outgro: all positions=0.473 position1=0.506 position2=0.469 position3=0.446 
mean GC anostraca: all positions=0.455 position1=0.526 position2=0.474 position3=0.366 
mean GC cladocera: all positions=0.493 position1=0.550 position2=0.486 position3=0.444 

** impossible to compute Ks. saturation? **

mean number of non synonymous sites compared: 342.2
mean Ka anostraca: 0.226361
mean Ka cladocera: 0.171764
dKa: 0.0545966	standard deviation (sd): 0.0255801	ratio dKa/sd: 2.13434
exact probability (P): 0.0328224

equally weighted sequences:
> outgro:
ocin	0.5
tcas	0.5
> anostraca:
afra	1
> notostraca:
lapu	0.125
lart	0.125
lcou	0.125
lubb	0.125
tcan	0.125
tita	0.125
tlon	0.125
tusa	0.125

mean GC outgro: all positions=0.473 position1=0.506 position2=0.469 position3=0.446 
mean GC anostraca: all positions=0.455 position1=0.526 position2=0.474 position3=0.366 
mean GC notostraca: all positions=0.496 position1=0.563 position2=0.484 position3=0.441 

** impossible to compute Ks. saturation? **

mean number of non synonymous sites compared: 340.7
mean Ka anostraca: 0.226361
mean Ka notostraca: 0.174404
dKa: 0.0519572	standard deviation (sd): 0.026107	ratio dKa/sd: 1.99016
exact probability (P): 0.0465819

equally weighted sequences:
> outgro:
ocin	0.5
tcas	0.5
> cladocera:
dmag	0.333333
dpul	0.333333
etex	0.333333
> notostraca:
lapu	0.125
lart	0.125
lcou	0.125
lubb	0.125
tcan	0.125
tita	0.125
tlon	0.125
tusa	0.125

mean GC outgro: all positions=0.473 position1=0.506 position2=0.469 position3=0.446 
mean GC cladocera: all positions=0.493 position1=0.550 position2=0.486 position3=0.444 
mean GC notostraca: all positions=0.496 position1=0.563 position2=0.484 position3=0.441 

** impossible to compute Ks. saturation? **

mean number of non synonymous sites compared: 339.5
mean Ka cladocera: 0.171764
mean Ka notostraca: 0.174404
dKa: -0.00263943	standard deviation (sd): 0.0174657	ratio dKa/sd: -0.15112
exact probability (P): 0.879881

