

## treatement of 3 lineages from file OG0005581.phy ##

equally weighted sequences:
> outgro:
ocin	0.5
tcas	0.5
> anostraca:
afra	1
> cladocera:
dmag	0.333333
dpul	0.333333
etex	0.333333

mean GC outgro: all positions=0.463 position1=0.529 position2=0.333 position3=0.525 
mean GC anostraca: all positions=0.365 position1=0.442 position2=0.319 position3=0.333 
mean GC cladocera: all positions=0.386 position1=0.459 position2=0.304 position3=0.396 

** impossible to compute Ks. saturation? **

mean number of non synonymous sites compared: 269.6
mean Ka anostraca: 0.372154
mean Ka cladocera: 0.353863
dKa: 0.0182914	standard deviation (sd): 0.034391	ratio dKa/sd: 0.531864
exact probability (P): 0.594824

equally weighted sequences:
> outgro:
ocin	0.5
tcas	0.5
> anostraca:
afra	1
> notostraca:
lapu	0.125
lart	0.125
lcou	0.125
lubb	0.125
tcan	0.125
tita	0.125
tlon	0.125
tusa	0.125

mean GC outgro: all positions=0.463 position1=0.529 position2=0.333 position3=0.525 
mean GC anostraca: all positions=0.365 position1=0.442 position2=0.319 position3=0.333 
mean GC notostraca: all positions=0.450 position1=0.486 position2=0.329 position3=0.535 

** impossible to compute Ks. saturation? **

mean number of non synonymous sites compared: 269.3
mean Ka anostraca: 0.372154
mean Ka notostraca: 0.352269
dKa: 0.0198851	standard deviation (sd): 0.0361138	ratio dKa/sd: 0.550623
exact probability (P): 0.581894

equally weighted sequences:
> outgro:
ocin	0.5
tcas	0.5
> cladocera:
dmag	0.333333
dpul	0.333333
etex	0.333333
> notostraca:
lapu	0.125
lart	0.125
lcou	0.125
lubb	0.125
tcan	0.125
tita	0.125
tlon	0.125
tusa	0.125

mean GC outgro: all positions=0.463 position1=0.529 position2=0.333 position3=0.525 
mean GC cladocera: all positions=0.386 position1=0.459 position2=0.304 position3=0.396 
mean GC notostraca: all positions=0.450 position1=0.486 position2=0.329 position3=0.535 

** impossible to compute Ks. saturation? **

mean number of non synonymous sites compared: 268.9
mean Ka cladocera: 0.353863
mean Ka notostraca: 0.352269
dKa: 0.00159374	standard deviation (sd): 0.0256104	ratio dKa/sd: 0.0622304
exact probability (P): 0.95038

