

## treatement of 3 lineages from file OG0008936.phy ##

equally weighted sequences:
> outgro:
tcas	1
> anostraca:
afra	1
> cladocera:
dmag	0.333333
dpul	0.333333
etex	0.333333

mean GC outgro: all positions=0.495 position1=0.422 position2=0.312 position3=0.750 
mean GC anostraca: all positions=0.432 position1=0.500 position2=0.375 position3=0.422 
mean GC cladocera: all positions=0.448 position1=0.474 position2=0.318 position3=0.552 

** impossible to compute Ks. saturation? **

mean number of non synonymous sites compared: 127.0
mean Ka anostraca: 0.305169
mean Ka cladocera: 0.277127
dKa: 0.0280419	standard deviation (sd): 0.0513284	ratio dKa/sd: 0.546323
exact probability (P): 0.584848

equally weighted sequences:
> outgro:
tcas	1
> anostraca:
afra	1
> notostraca:
lcou	0.333333
tcan	0.333333
tusa	0.333333

mean GC outgro: all positions=0.495 position1=0.422 position2=0.312 position3=0.750 
mean GC anostraca: all positions=0.432 position1=0.500 position2=0.375 position3=0.422 
mean GC notostraca: all positions=0.439 position1=0.443 position2=0.370 position3=0.505 

** impossible to compute Ks. saturation? **

mean number of non synonymous sites compared: 129.6
mean Ka anostraca: 0.305169
mean Ka notostraca: 0.25354
dKa: 0.0516296	standard deviation (sd): 0.0573582	ratio dKa/sd: 0.900126
exact probability (P): 0.368059

equally weighted sequences:
> outgro:
tcas	1
> cladocera:
dmag	0.333333
dpul	0.333333
etex	0.333333
> notostraca:
lcou	0.333333
tcan	0.333333
tusa	0.333333

mean GC outgro: all positions=0.495 position1=0.422 position2=0.312 position3=0.750 
mean GC cladocera: all positions=0.448 position1=0.474 position2=0.318 position3=0.552 
mean GC notostraca: all positions=0.439 position1=0.443 position2=0.370 position3=0.505 

** impossible to compute Ks. saturation? **

mean number of non synonymous sites compared: 127.4
mean Ka cladocera: 0.277127
mean Ka notostraca: 0.25354
dKa: 0.0235878	standard deviation (sd): 0.0444091	ratio dKa/sd: 0.531147
exact probability (P): 0.59532

