

## treatement of 3 lineages from file OG0006269.phy ##

equally weighted sequences:
> outgro:
ocin	0.5
tcas	0.5
> anostraca:
afra	1
> cladocera:
dmag	0.5
etex	0.5

mean GC outgro: all positions=0.465 position1=0.500 position2=0.409 position3=0.486 
mean GC anostraca: all positions=0.406 position1=0.491 position2=0.436 position3=0.291 
mean GC cladocera: all positions=0.517 position1=0.559 position2=0.468 position3=0.523 

** impossible to compute Ks. saturation? **

mean number of non synonymous sites compared: 208.2
mean Ka anostraca: 0.327571
mean Ka cladocera: 0.279632
dKa: 0.0479384	standard deviation (sd): 0.0378496	ratio dKa/sd: 1.26655
exact probability (P): 0.205324

equally weighted sequences:
> outgro:
ocin	0.5
tcas	0.5
> anostraca:
afra	1
> notostraca:
lapu	0.125
lart	0.125
lcou	0.125
lubb	0.125
tcan	0.125
tita	0.125
tlon	0.125
tusa	0.125

mean GC outgro: all positions=0.465 position1=0.500 position2=0.409 position3=0.486 
mean GC anostraca: all positions=0.406 position1=0.491 position2=0.436 position3=0.291 
mean GC notostraca: all positions=0.503 position1=0.525 position2=0.465 position3=0.520 

** impossible to compute Ks. saturation? **

mean number of non synonymous sites compared: 206.9
mean Ka anostraca: 0.327571
mean Ka notostraca: 0.247334
dKa: 0.0802365	standard deviation (sd): 0.0395619	ratio dKa/sd: 2.02812
exact probability (P): 0.0425561

equally weighted sequences:
> outgro:
ocin	0.5
tcas	0.5
> cladocera:
dmag	0.5
etex	0.5
> notostraca:
lapu	0.125
lart	0.125
lcou	0.125
lubb	0.125
tcan	0.125
tita	0.125
tlon	0.125
tusa	0.125

mean GC outgro: all positions=0.465 position1=0.500 position2=0.409 position3=0.486 
mean GC cladocera: all positions=0.517 position1=0.559 position2=0.468 position3=0.523 
mean GC notostraca: all positions=0.503 position1=0.525 position2=0.465 position3=0.520 

** impossible to compute Ks. saturation? **

mean number of non synonymous sites compared: 206.1
mean Ka cladocera: 0.279632
mean Ka notostraca: 0.247334
dKa: 0.0322981	standard deviation (sd): 0.0304336	ratio dKa/sd: 1.06127
exact probability (P): 0.288576

