

## treatement of 3 lineages from file OG0005440.phy ##

equally weighted sequences:
> outgro:
ocin	0.5
tcas	0.5
> anostraca:
afra	1
> cladocera:
dmag	0.333333
dpul	0.333333
etex	0.333333

mean GC outgro: all positions=0.410 position1=0.456 position2=0.362 position3=0.411 
mean GC anostraca: all positions=0.397 position1=0.520 position2=0.338 position3=0.333 
mean GC cladocera: all positions=0.405 position1=0.487 position2=0.302 position3=0.425 

** impossible to compute Ks. saturation? **

mean number of non synonymous sites compared: 453.0
mean Ka anostraca: 0.539971
mean Ka cladocera: 0.614715
dKa: -0.0747436	standard deviation (sd): 0.0432875	ratio dKa/sd: -1.72668
exact probability (P): 0.084234

equally weighted sequences:
> outgro:
ocin	0.5
tcas	0.5
> anostraca:
afra	1
> notostraca:
lapu	0.125
lart	0.125
lcou	0.125
lubb	0.125
tcan	0.125
tita	0.125
tlon	0.125
tusa	0.125

mean GC outgro: all positions=0.410 position1=0.456 position2=0.362 position3=0.411 
mean GC anostraca: all positions=0.397 position1=0.520 position2=0.338 position3=0.333 
mean GC notostraca: all positions=0.456 position1=0.502 position2=0.361 position3=0.507 

** impossible to compute Ks. saturation? **

mean number of non synonymous sites compared: 443.5
mean Ka anostraca: 0.539971
mean Ka notostraca: 0.556029
dKa: -0.016058	standard deviation (sd): 0.042481	ratio dKa/sd: -0.378005
exact probability (P): 0.70543

equally weighted sequences:
> outgro:
ocin	0.5
tcas	0.5
> cladocera:
dmag	0.333333
dpul	0.333333
etex	0.333333
> notostraca:
lapu	0.125
lart	0.125
lcou	0.125
lubb	0.125
tcan	0.125
tita	0.125
tlon	0.125
tusa	0.125

mean GC outgro: all positions=0.410 position1=0.456 position2=0.362 position3=0.411 
mean GC cladocera: all positions=0.405 position1=0.487 position2=0.302 position3=0.425 
mean GC notostraca: all positions=0.456 position1=0.502 position2=0.361 position3=0.507 

** impossible to compute Ks. saturation? **

mean number of non synonymous sites compared: 448.6
mean Ka cladocera: 0.614715
mean Ka notostraca: 0.556029
dKa: 0.0586856	standard deviation (sd): 0.0387464	ratio dKa/sd: 1.51461
exact probability (P): 0.12988

