

## treatement of 3 lineages from file OG0006297.phy ##

equally weighted sequences:
> outgro:
ocin	0.5
tcas	0.5
> anostraca:
afra	1
> cladocera:
dmag	0.5
dpul	0.5

mean GC outgro: all positions=0.466 position1=0.481 position2=0.356 position3=0.560 
mean GC anostraca: all positions=0.414 position1=0.491 position2=0.407 position3=0.343 
mean GC cladocera: all positions=0.423 position1=0.514 position2=0.417 position3=0.338 

** impossible to compute Ks. saturation? **

mean number of non synonymous sites compared: 212.9
mean Ka anostraca: 0.353951
mean Ka cladocera: 0.293602
dKa: 0.0603494	standard deviation (sd): 0.0430465	ratio dKa/sd: 1.40196
exact probability (P): 0.160936

equally weighted sequences:
> outgro:
ocin	0.5
tcas	0.5
> anostraca:
afra	1
> notostraca:
lapu	0.125
lart	0.125
lcou	0.125
lubb	0.125
tcan	0.125
tita	0.125
tlon	0.125
tusa	0.125

mean GC outgro: all positions=0.466 position1=0.481 position2=0.356 position3=0.560 
mean GC anostraca: all positions=0.414 position1=0.491 position2=0.407 position3=0.343 
mean GC notostraca: all positions=0.439 position1=0.520 position2=0.370 position3=0.428 

** impossible to compute Ks. saturation? **

mean number of non synonymous sites compared: 211.9
mean Ka anostraca: 0.353951
mean Ka notostraca: 0.296655
dKa: 0.0572963	standard deviation (sd): 0.0417291	ratio dKa/sd: 1.37306
exact probability (P): 0.169742

equally weighted sequences:
> outgro:
ocin	0.5
tcas	0.5
> cladocera:
dmag	0.5
dpul	0.5
> notostraca:
lapu	0.125
lart	0.125
lcou	0.125
lubb	0.125
tcan	0.125
tita	0.125
tlon	0.125
tusa	0.125

mean GC outgro: all positions=0.466 position1=0.481 position2=0.356 position3=0.560 
mean GC cladocera: all positions=0.423 position1=0.514 position2=0.417 position3=0.338 
mean GC notostraca: all positions=0.439 position1=0.520 position2=0.370 position3=0.428 

** impossible to compute Ks. saturation? **

mean number of non synonymous sites compared: 213.6
mean Ka cladocera: 0.293602
mean Ka notostraca: 0.296655
dKa: -0.00305304	standard deviation (sd): 0.0318419	ratio dKa/sd: -0.0958814
exact probability (P): 0.923615

