

## treatement of 3 lineages from file OG0006191.phy ##

equally weighted sequences:
> outgro:
ocin	0.5
tcas	0.5
> anostraca:
afra	1
> cladocera:
dmag	0.5
dpul	0.5

mean GC outgro: all positions=0.413 position1=0.504 position2=0.323 position3=0.412 
mean GC anostraca: all positions=0.395 position1=0.478 position2=0.292 position3=0.416 
mean GC cladocera: all positions=0.392 position1=0.482 position2=0.314 position3=0.381 

** impossible to compute Ks. saturation? **

mean number of non synonymous sites compared: 224.5
mean Ka anostraca: 0.481551
mean Ka cladocera: 0.382948
dKa: 0.0986027	standard deviation (sd): 0.0537984	ratio dKa/sd: 1.83282
exact probability (P): 0.0668384

equally weighted sequences:
> outgro:
ocin	0.5
tcas	0.5
> anostraca:
afra	1
> notostraca:
lapu	0.125
lart	0.125
lcou	0.125
lubb	0.125
tcan	0.125
tita	0.125
tlon	0.125
tusa	0.125

mean GC outgro: all positions=0.413 position1=0.504 position2=0.323 position3=0.412 
mean GC anostraca: all positions=0.395 position1=0.478 position2=0.292 position3=0.416 
mean GC notostraca: all positions=0.466 position1=0.513 position2=0.393 position3=0.493 

** impossible to compute Ks. saturation? **

mean number of non synonymous sites compared: 227.1
mean Ka anostraca: 0.481551
mean Ka notostraca: 0.420456
dKa: 0.0610946	standard deviation (sd): 0.049435	ratio dKa/sd: 1.23586
exact probability (P): 0.21652

equally weighted sequences:
> outgro:
ocin	0.5
tcas	0.5
> cladocera:
dmag	0.5
dpul	0.5
> notostraca:
lapu	0.125
lart	0.125
lcou	0.125
lubb	0.125
tcan	0.125
tita	0.125
tlon	0.125
tusa	0.125

mean GC outgro: all positions=0.413 position1=0.504 position2=0.323 position3=0.412 
mean GC cladocera: all positions=0.392 position1=0.482 position2=0.314 position3=0.381 
mean GC notostraca: all positions=0.466 position1=0.513 position2=0.393 position3=0.493 

** impossible to compute Ks. saturation? **

mean number of non synonymous sites compared: 229.1
mean Ka cladocera: 0.382948
mean Ka notostraca: 0.420456
dKa: -0.0375081	standard deviation (sd): 0.039832	ratio dKa/sd: -0.941657
exact probability (P): 0.346374

