

## treatement of 3 lineages from file OG0006969.phy ##

equally weighted sequences:
> outgro:
tcas	1
> anostraca:
afra	1
> cladocera:
dmag	0.333333
dpul	0.333333
etex	0.333333

mean GC outgro: all positions=0.479 position1=0.517 position2=0.318 position3=0.602 
mean GC anostraca: all positions=0.413 position1=0.527 position2=0.373 position3=0.338 
mean GC cladocera: all positions=0.423 position1=0.532 position2=0.358 position3=0.380 

** impossible to compute Ks. saturation? **

mean number of non synonymous sites compared: 375.3
mean Ka anostraca: 0.469096
mean Ka cladocera: 0.508383
dKa: -0.0392868	standard deviation (sd): 0.0407655	ratio dKa/sd: -0.963726
exact probability (P): 0.33519

equally weighted sequences:
> outgro:
tcas	1
> anostraca:
afra	1
> notostraca:
lapu	0.142857
lart	0.142857
lcou	0.142857
lubb	0.142857
tcan	0.142857
tita	0.142857
tusa	0.142857

mean GC outgro: all positions=0.479 position1=0.517 position2=0.318 position3=0.602 
mean GC anostraca: all positions=0.413 position1=0.527 position2=0.373 position3=0.338 
mean GC notostraca: all positions=0.461 position1=0.523 position2=0.376 position3=0.485 

** impossible to compute Ks. saturation? **

mean number of non synonymous sites compared: 374.9
mean Ka anostraca: 0.469096
mean Ka notostraca: 0.469225
dKa: -0.000128405	standard deviation (sd): 0.0427512	ratio dKa/sd: -0.00300355
exact probability (P): 0.997604

equally weighted sequences:
> outgro:
tcas	1
> cladocera:
dmag	0.333333
dpul	0.333333
etex	0.333333
> notostraca:
lapu	0.142857
lart	0.142857
lcou	0.142857
lubb	0.142857
tcan	0.142857
tita	0.142857
tusa	0.142857

mean GC outgro: all positions=0.479 position1=0.517 position2=0.318 position3=0.602 
mean GC cladocera: all positions=0.423 position1=0.532 position2=0.358 position3=0.380 
mean GC notostraca: all positions=0.461 position1=0.523 position2=0.376 position3=0.485 

** impossible to compute Ks. saturation? **

mean number of non synonymous sites compared: 378.6
mean Ka cladocera: 0.508383
mean Ka notostraca: 0.469225
dKa: 0.0391584	standard deviation (sd): 0.034275	ratio dKa/sd: 1.14248
exact probability (P): 0.253263

