

## treatement of 3 lineages from file OG0006132.phy ##

equally weighted sequences:
> outgro:
tcas	1
> anostraca:
afra	1
> cladocera:
dmag	0.333333
dpul	0.333333
etex	0.333333

mean GC outgro: all positions=0.491 position1=0.395 position2=0.395 position3=0.684 
mean GC anostraca: all positions=0.482 position1=0.500 position2=0.316 position3=0.632 
mean GC cladocera: all positions=0.480 position1=0.518 position2=0.289 position3=0.632 

** impossible to compute Ks. saturation? **

mean number of non synonymous sites compared: 82.5
mean Ka anostraca: 0.902647
mean Ka cladocera: 0.509934
dKa: 0.392713	standard deviation (sd): 0.181254	ratio dKa/sd: 2.16664
exact probability (P): 0.0302702

equally weighted sequences:
> outgro:
tcas	1
> anostraca:
afra	1
> notostraca:
lapu	0.125
lart	0.125
lcou	0.125
lubb	0.125
tcan	0.125
tita	0.125
tlon	0.125
tusa	0.125

mean GC outgro: all positions=0.491 position1=0.395 position2=0.395 position3=0.684 
mean GC anostraca: all positions=0.482 position1=0.500 position2=0.316 position3=0.632 
mean GC notostraca: all positions=0.413 position1=0.424 position2=0.368 position3=0.447 

** impossible to compute Ks. saturation? **

mean number of non synonymous sites compared: 81.5
mean Ka anostraca: 0.902647
mean Ka notostraca: 0.80475
dKa: 0.0978967	standard deviation (sd): 11.4665	ratio dKa/sd: 0.00853763
exact probability (P): 0.993188

equally weighted sequences:
> outgro:
tcas	1
> cladocera:
dmag	0.333333
dpul	0.333333
etex	0.333333
> notostraca:
lapu	0.125
lart	0.125
lcou	0.125
lubb	0.125
tcan	0.125
tita	0.125
tlon	0.125
tusa	0.125

mean GC outgro: all positions=0.491 position1=0.395 position2=0.395 position3=0.684 
mean GC cladocera: all positions=0.480 position1=0.518 position2=0.289 position3=0.632 
mean GC notostraca: all positions=0.413 position1=0.424 position2=0.368 position3=0.447 

** impossible to compute Ks. saturation? **

mean number of non synonymous sites compared: 76.4
mean Ka cladocera: 0.509934
mean Ka notostraca: 0.80475
dKa: -0.294816	standard deviation (sd): 11.4554	ratio dKa/sd: -0.0257359
exact probability (P): 0.979468

