

## treatement of 3 lineages from file OG0005028.phy ##

equally weighted sequences:
> outgro:
ocin	0.5
tcas	0.5
> anostraca:
afra	1
> cladocera:
dmag	0.333333
dpul	0.333333
etex	0.333333

mean GC outgro: all positions=0.440 position1=0.469 position2=0.395 position3=0.456 
mean GC anostraca: all positions=0.392 position1=0.421 position2=0.377 position3=0.377 
mean GC cladocera: all positions=0.510 position1=0.485 position2=0.433 position3=0.611 

** impossible to compute Ks. saturation? **

mean number of non synonymous sites compared: 225.6
mean Ka anostraca: 0.596953
mean Ka cladocera: 0.583762
dKa: 0.0131906	standard deviation (sd): 0.0598813	ratio dKa/sd: 0.22028
exact probability (P): 0.825655

equally weighted sequences:
> outgro:
ocin	0.5
tcas	0.5
> anostraca:
afra	1
> notostraca:
lapu	0.125
lart	0.125
lcou	0.125
lubb	0.125
tcan	0.125
tita	0.125
tlon	0.125
tusa	0.125

mean GC outgro: all positions=0.440 position1=0.469 position2=0.395 position3=0.456 
mean GC anostraca: all positions=0.392 position1=0.421 position2=0.377 position3=0.377 
mean GC notostraca: all positions=0.500 position1=0.485 position2=0.365 position3=0.651 

** impossible to compute Ks. saturation? **

mean number of non synonymous sites compared: 224.5
mean Ka anostraca: 0.596953
mean Ka notostraca: 0.604348
dKa: -0.00739528	standard deviation (sd): 0.0594724	ratio dKa/sd: -0.124348
exact probability (P): 0.901041

equally weighted sequences:
> outgro:
ocin	0.5
tcas	0.5
> cladocera:
dmag	0.333333
dpul	0.333333
etex	0.333333
> notostraca:
lapu	0.125
lart	0.125
lcou	0.125
lubb	0.125
tcan	0.125
tita	0.125
tlon	0.125
tusa	0.125

mean GC outgro: all positions=0.440 position1=0.469 position2=0.395 position3=0.456 
mean GC cladocera: all positions=0.510 position1=0.485 position2=0.433 position3=0.611 
mean GC notostraca: all positions=0.500 position1=0.485 position2=0.365 position3=0.651 

** impossible to compute Ks. saturation? **

mean number of non synonymous sites compared: 222.8
mean Ka cladocera: 0.583762
mean Ka notostraca: 0.604348
dKa: -0.0205859	standard deviation (sd): 0.0470654	ratio dKa/sd: -0.43739
exact probability (P): 0.66183

