

## treatement of 3 lineages from file OG0005424.phy ##

equally weighted sequences:
> outgro:
ocin	0.5
tcas	0.5
> anostraca:
afra	1
> cladocera:
dmag	0.333333
dpul	0.333333
etex	0.333333

mean GC outgro: all positions=0.433 position1=0.410 position2=0.540 position3=0.350 
mean GC anostraca: all positions=0.460 position1=0.620 position2=0.480 position3=0.280 
mean GC cladocera: all positions=0.531 position1=0.467 position2=0.600 position3=0.527 

** impossible to compute Ks. saturation? **

mean number of non synonymous sites compared: 98.4
mean Ka anostraca: 0.696032
mean Ka cladocera: 0.71182
dKa: -0.0157876	standard deviation (sd): 0.100684	ratio dKa/sd: -0.156803
exact probability (P): 0.875401

equally weighted sequences:
> outgro:
ocin	0.5
tcas	0.5
> anostraca:
afra	1
> notostraca:
lapu	0.125
lart	0.125
lcou	0.125
lubb	0.125
tcan	0.125
tita	0.125
tlon	0.125
tusa	0.125

mean GC outgro: all positions=0.433 position1=0.410 position2=0.540 position3=0.350 
mean GC anostraca: all positions=0.460 position1=0.620 position2=0.480 position3=0.280 
mean GC notostraca: all positions=0.517 position1=0.530 position2=0.607 position3=0.415 

** impossible to compute Ks. saturation? **

mean number of non synonymous sites compared: 97.8
mean Ka anostraca: 0.696032
mean Ka notostraca: 0.625264
dKa: 0.0707683	standard deviation (sd): 0.101577	ratio dKa/sd: 0.696699
exact probability (P): 0.485996

equally weighted sequences:
> outgro:
ocin	0.5
tcas	0.5
> cladocera:
dmag	0.333333
dpul	0.333333
etex	0.333333
> notostraca:
lapu	0.125
lart	0.125
lcou	0.125
lubb	0.125
tcan	0.125
tita	0.125
tlon	0.125
tusa	0.125

mean GC outgro: all positions=0.433 position1=0.410 position2=0.540 position3=0.350 
mean GC cladocera: all positions=0.531 position1=0.467 position2=0.600 position3=0.527 
mean GC notostraca: all positions=0.517 position1=0.530 position2=0.607 position3=0.415 

** impossible to compute Ks. saturation? **

mean number of non synonymous sites compared: 98.4
mean Ka cladocera: 0.71182
mean Ka notostraca: 0.625264
dKa: 0.0865559	standard deviation (sd): 0.0881492	ratio dKa/sd: 0.981925
exact probability (P): 0.326144

