

## treatement of 3 lineages from file OG0008463.phy ##

equally weighted sequences:
> outgro:
ocin	1
> anostraca:
afra	1
> cladocera:
dmag	0.5
dpul	0.5

mean GC outgro: all positions=0.421 position1=0.414 position2=0.425 position3=0.425 
mean GC anostraca: all positions=0.437 position1=0.483 position2=0.425 position3=0.402 
mean GC cladocera: all positions=0.402 position1=0.408 position2=0.414 position3=0.385 

** impossible to compute Ks. saturation? **

mean number of non synonymous sites compared: 167.9
mean Ka anostraca: 0.782776
mean Ka cladocera: 0.707277
dKa: 0.0754994	standard deviation (sd): 0.110956	ratio dKa/sd: 0.680446
exact probability (P): 0.496227

equally weighted sequences:
> outgro:
ocin	1
> anostraca:
afra	1
> notostraca:
lart	0.2
lcou	0.2
tcan	0.2
tita	0.2
tusa	0.2

mean GC outgro: all positions=0.421 position1=0.414 position2=0.425 position3=0.425 
mean GC anostraca: all positions=0.437 position1=0.483 position2=0.425 position3=0.402 
mean GC notostraca: all positions=0.482 position1=0.476 position2=0.441 position3=0.529 

** impossible to compute Ks. saturation? **

mean number of non synonymous sites compared: 169.0
mean Ka anostraca: 0.782776
mean Ka notostraca: 0.647734
dKa: 0.135042	standard deviation (sd): 0.1021	ratio dKa/sd: 1.32264
exact probability (P): 0.185964

equally weighted sequences:
> outgro:
ocin	1
> cladocera:
dmag	0.5
dpul	0.5
> notostraca:
lart	0.2
lcou	0.2
tcan	0.2
tita	0.2
tusa	0.2

mean GC outgro: all positions=0.421 position1=0.414 position2=0.425 position3=0.425 
mean GC cladocera: all positions=0.402 position1=0.408 position2=0.414 position3=0.385 
mean GC notostraca: all positions=0.482 position1=0.476 position2=0.441 position3=0.529 

** impossible to compute Ks. saturation? **

mean number of non synonymous sites compared: 168.4
mean Ka cladocera: 0.707277
mean Ka notostraca: 0.647734
dKa: 0.0595425	standard deviation (sd): 0.0815786	ratio dKa/sd: 0.729879
exact probability (P): 0.46547

