

## treatement of 3 lineages from file OG0005025.phy ##

equally weighted sequences:
> outgro:
ocin	0.5
tcas	0.5
> anostraca:
afra	1
> cladocera:
dmag	0.333333
dpul	0.333333
etex	0.333333

mean GC outgro: all positions=0.456 position1=0.471 position2=0.386 position3=0.511 
mean GC anostraca: all positions=0.408 position1=0.448 position2=0.404 position3=0.372 
mean GC cladocera: all positions=0.498 position1=0.456 position2=0.392 position3=0.646 

** impossible to compute Ks. saturation? **

mean number of non synonymous sites compared: 434.4
mean Ka anostraca: 0.494513
mean Ka cladocera: 0.383954
dKa: 0.110559	standard deviation (sd): 0.0321307	ratio dKa/sd: 3.44092
exact probability (P): 0.000583323

equally weighted sequences:
> outgro:
ocin	0.5
tcas	0.5
> anostraca:
afra	1
> notostraca:
lapu	0.125
lart	0.125
lcou	0.125
lubb	0.125
tcan	0.125
tita	0.125
tlon	0.125
tusa	0.125

mean GC outgro: all positions=0.456 position1=0.471 position2=0.386 position3=0.511 
mean GC anostraca: all positions=0.408 position1=0.448 position2=0.404 position3=0.372 
mean GC notostraca: all positions=0.464 position1=0.458 position2=0.399 position3=0.535 

** impossible to compute Ks. saturation? **

mean number of non synonymous sites compared: 433.0
mean Ka anostraca: 0.494513
mean Ka notostraca: 0.404441
dKa: 0.0900723	standard deviation (sd): 0.03225	ratio dKa/sd: 2.79294
exact probability (P): 0.00522931

equally weighted sequences:
> outgro:
ocin	0.5
tcas	0.5
> cladocera:
dmag	0.333333
dpul	0.333333
etex	0.333333
> notostraca:
lapu	0.125
lart	0.125
lcou	0.125
lubb	0.125
tcan	0.125
tita	0.125
tlon	0.125
tusa	0.125

mean GC outgro: all positions=0.456 position1=0.471 position2=0.386 position3=0.511 
mean GC cladocera: all positions=0.498 position1=0.456 position2=0.392 position3=0.646 
mean GC notostraca: all positions=0.464 position1=0.458 position2=0.399 position3=0.535 

** impossible to compute Ks. saturation? **

mean number of non synonymous sites compared: 438.5
mean Ka cladocera: 0.383954
mean Ka notostraca: 0.404441
dKa: -0.0204869	standard deviation (sd): 0.0236393	ratio dKa/sd: -0.866646
exact probability (P): 0.386142

