

## treatement of 3 lineages from file OG0006870.phy ##

equally weighted sequences:
> outgro:
ocin	0.5
tcas	0.5
> anostraca:
afra	1
> cladocera:
dmag	0.5
dpul	0.5

mean GC outgro: all positions=0.376 position1=0.418 position2=0.310 position3=0.401 
mean GC anostraca: all positions=0.391 position1=0.422 position2=0.336 position3=0.414 
mean GC cladocera: all positions=0.375 position1=0.349 position2=0.341 position3=0.435 

** impossible to compute Ks. saturation? **

mean number of non synonymous sites compared: 237.7
mean Ka anostraca: 0.678327
mean Ka cladocera: 0.610368
dKa: 0.0679591	standard deviation (sd): 0.0645831	ratio dKa/sd: 1.05227
exact probability (P): 0.29268

equally weighted sequences:
> outgro:
ocin	0.5
tcas	0.5
> anostraca:
afra	1
> notostraca:
lapu	0.142857
lart	0.142857
lcou	0.142857
lubb	0.142857
tcan	0.142857
tita	0.142857
tusa	0.142857

mean GC outgro: all positions=0.376 position1=0.418 position2=0.310 position3=0.401 
mean GC anostraca: all positions=0.391 position1=0.422 position2=0.336 position3=0.414 
mean GC notostraca: all positions=0.383 position1=0.397 position2=0.307 position3=0.445 

** impossible to compute Ks. saturation? **

mean number of non synonymous sites compared: 241.5
mean Ka anostraca: 0.678327
mean Ka notostraca: 0.622468
dKa: 0.0558593	standard deviation (sd): 0.0626061	ratio dKa/sd: 0.892233
exact probability (P): 0.372274

equally weighted sequences:
> outgro:
ocin	0.5
tcas	0.5
> cladocera:
dmag	0.5
dpul	0.5
> notostraca:
lapu	0.142857
lart	0.142857
lcou	0.142857
lubb	0.142857
tcan	0.142857
tita	0.142857
tusa	0.142857

mean GC outgro: all positions=0.376 position1=0.418 position2=0.310 position3=0.401 
mean GC cladocera: all positions=0.375 position1=0.349 position2=0.341 position3=0.435 
mean GC notostraca: all positions=0.383 position1=0.397 position2=0.307 position3=0.445 

** impossible to compute Ks. saturation? **

mean number of non synonymous sites compared: 236.5
mean Ka cladocera: 0.610368
mean Ka notostraca: 0.622468
dKa: -0.0120998	standard deviation (sd): 0.0564776	ratio dKa/sd: -0.214241
exact probability (P): 0.83036

