

## treatement of 3 lineages from file OG0005683.phy ##

equally weighted sequences:
> outgro:
ocin	0.5
tcas	0.5
> anostraca:
afra	1
> cladocera:
dmag	0.333333
dpul	0.333333
etex	0.333333

mean GC outgro: all positions=0.421 position1=0.462 position2=0.325 position3=0.476 
mean GC anostraca: all positions=0.374 position1=0.472 position2=0.349 position3=0.302 
mean GC cladocera: all positions=0.430 position1=0.465 position2=0.365 position3=0.459 

** impossible to compute Ks. saturation? **

mean number of non synonymous sites compared: 203.4
mean Ka anostraca: 0.310269
mean Ka cladocera: 0.364441
dKa: -0.0541729	standard deviation (sd): 0.0430308	ratio dKa/sd: -1.25893
exact probability (P): 0.208062

equally weighted sequences:
> outgro:
ocin	0.5
tcas	0.5
> anostraca:
afra	1
> notostraca:
lapu	0.125
lart	0.125
lcou	0.125
lubb	0.125
tcan	0.125
tita	0.125
tlon	0.125
tusa	0.125

mean GC outgro: all positions=0.421 position1=0.462 position2=0.325 position3=0.476 
mean GC anostraca: all positions=0.374 position1=0.472 position2=0.349 position3=0.302 
mean GC notostraca: all positions=0.460 position1=0.565 position2=0.390 position3=0.425 

** impossible to compute Ks. saturation? **

mean number of non synonymous sites compared: 201.4
mean Ka anostraca: 0.310269
mean Ka notostraca: 0.295756
dKa: 0.0145128	standard deviation (sd): 0.0414659	ratio dKa/sd: 0.349993
exact probability (P): 0.726346

equally weighted sequences:
> outgro:
ocin	0.5
tcas	0.5
> cladocera:
dmag	0.333333
dpul	0.333333
etex	0.333333
> notostraca:
lapu	0.125
lart	0.125
lcou	0.125
lubb	0.125
tcan	0.125
tita	0.125
tlon	0.125
tusa	0.125

mean GC outgro: all positions=0.421 position1=0.462 position2=0.325 position3=0.476 
mean GC cladocera: all positions=0.430 position1=0.465 position2=0.365 position3=0.459 
mean GC notostraca: all positions=0.460 position1=0.565 position2=0.390 position3=0.425 

** impossible to compute Ks. saturation? **

mean number of non synonymous sites compared: 202.0
mean Ka cladocera: 0.364441
mean Ka notostraca: 0.295756
dKa: 0.0686857	standard deviation (sd): 0.0374347	ratio dKa/sd: 1.83481
exact probability (P): 0.0665422

