

## treatement of 3 lineages from file OG0008489.phy ##

equally weighted sequences:
> outgro:
ocin	0.5
tcas	0.5
> anostraca:
afra	1
> cladocera:
dmag	0.5
etex	0.5

mean GC outgro: all positions=0.454 position1=0.470 position2=0.399 position3=0.494 
mean GC anostraca: all positions=0.405 position1=0.488 position2=0.345 position3=0.381 
mean GC cladocera: all positions=0.369 position1=0.452 position2=0.357 position3=0.298 

** impossible to compute Ks. saturation? **

mean number of non synonymous sites compared: 161.7
mean Ka anostraca: 0.746764
mean Ka cladocera: 0.743996
dKa: 0.00276808	standard deviation (sd): 0.0927682	ratio dKa/sd: 0.0298386
exact probability (P): 0.976196

equally weighted sequences:
> outgro:
ocin	0.5
tcas	0.5
> anostraca:
afra	1
> notostraca:
lcou	0.25
lubb	0.25
tcan	0.25
tusa	0.25

mean GC outgro: all positions=0.454 position1=0.470 position2=0.399 position3=0.494 
mean GC anostraca: all positions=0.405 position1=0.488 position2=0.345 position3=0.381 
mean GC notostraca: all positions=0.428 position1=0.503 position2=0.324 position3=0.455 

** impossible to compute Ks. saturation? **

mean number of non synonymous sites compared: 161.0
mean Ka anostraca: 0.746764
mean Ka notostraca: 0.770973
dKa: -0.0242086	standard deviation (sd): 0.0944432	ratio dKa/sd: -0.25633
exact probability (P): 0.797698

equally weighted sequences:
> outgro:
ocin	0.5
tcas	0.5
> cladocera:
dmag	0.5
etex	0.5
> notostraca:
lcou	0.25
lubb	0.25
tcan	0.25
tusa	0.25

mean GC outgro: all positions=0.454 position1=0.470 position2=0.399 position3=0.494 
mean GC cladocera: all positions=0.369 position1=0.452 position2=0.357 position3=0.298 
mean GC notostraca: all positions=0.428 position1=0.503 position2=0.324 position3=0.455 

** impossible to compute Ks. saturation? **

mean number of non synonymous sites compared: 163.0
mean Ka cladocera: 0.743996
mean Ka notostraca: 0.770973
dKa: -0.0269767	standard deviation (sd): 0.074267	ratio dKa/sd: -0.363239
exact probability (P): 0.716429

