

## treatement of 3 lineages from file OG0006881.phy ##

equally weighted sequences:
> outgro:
tcas	1
> anostraca:
afra	1
> cladocera:
dmag	0.5
dpul	0.5

mean GC outgro: all positions=0.434 position1=0.539 position2=0.276 position3=0.487 
mean GC anostraca: all positions=0.360 position1=0.487 position2=0.316 position3=0.276 
mean GC cladocera: all positions=0.397 position1=0.513 position2=0.289 position3=0.388 

** impossible to compute Ks. saturation? **

mean number of non synonymous sites compared: 152.0
mean Ka anostraca: 0.16792
mean Ka cladocera: 0.167488
dKa: 0.000432409	standard deviation (sd): 0.0292914	ratio dKa/sd: 0.0147623
exact probability (P): 0.988222

equally weighted sequences:
> outgro:
tcas	1
> anostraca:
afra	1
> notostraca:
lapu	0.125
lart	0.125
lcou	0.125
lubb	0.125
tcan	0.125
tita	0.125
tlon	0.125
tusa	0.125

mean GC outgro: all positions=0.434 position1=0.539 position2=0.276 position3=0.487 
mean GC anostraca: all positions=0.360 position1=0.487 position2=0.316 position3=0.276 
mean GC notostraca: all positions=0.478 position1=0.548 position2=0.316 position3=0.571 

** impossible to compute Ks. saturation? **

mean number of non synonymous sites compared: 153.5
mean Ka anostraca: 0.16792
mean Ka notostraca: 0.179898
dKa: -0.0119772	standard deviation (sd): 0.0306042	ratio dKa/sd: -0.391358
exact probability (P): 0.695536

equally weighted sequences:
> outgro:
tcas	1
> cladocera:
dmag	0.5
dpul	0.5
> notostraca:
lapu	0.125
lart	0.125
lcou	0.125
lubb	0.125
tcan	0.125
tita	0.125
tlon	0.125
tusa	0.125

mean GC outgro: all positions=0.434 position1=0.539 position2=0.276 position3=0.487 
mean GC cladocera: all positions=0.397 position1=0.513 position2=0.289 position3=0.388 
mean GC notostraca: all positions=0.478 position1=0.548 position2=0.316 position3=0.571 

** impossible to compute Ks. saturation? **

mean number of non synonymous sites compared: 156.3
mean Ka cladocera: 0.167488
mean Ka notostraca: 0.179898
dKa: -0.0124096	standard deviation (sd): 0.0254906	ratio dKa/sd: -0.486829
exact probability (P): 0.626383

