

## treatement of 3 lineages from file OG0005460.phy ##

equally weighted sequences:
> outgro:
ocin	0.5
tcas	0.5
> anostraca:
afra	1
> cladocera:
dmag	0.333333
dpul	0.333333
etex	0.333333

mean GC outgro: all positions=0.420 position1=0.498 position2=0.325 position3=0.437 
mean GC anostraca: all positions=0.383 position1=0.451 position2=0.338 position3=0.359 
mean GC cladocera: all positions=0.469 position1=0.546 position2=0.346 position3=0.516 

** impossible to compute Ks. saturation? **

mean number of non synonymous sites compared: 464.0
mean Ka anostraca: 0.538673
mean Ka cladocera: 0.454751
dKa: 0.0839216	standard deviation (sd): 0.0392312	ratio dKa/sd: 2.13915
exact probability (P): 0.03243

equally weighted sequences:
> outgro:
ocin	0.5
tcas	0.5
> anostraca:
afra	1
> notostraca:
lapu	0.125
lart	0.125
lcou	0.125
lubb	0.125
tcan	0.125
tita	0.125
tlon	0.125
tusa	0.125

mean GC outgro: all positions=0.420 position1=0.498 position2=0.325 position3=0.437 
mean GC anostraca: all positions=0.383 position1=0.451 position2=0.338 position3=0.359 
mean GC notostraca: all positions=0.443 position1=0.493 position2=0.369 position3=0.468 

** impossible to compute Ks. saturation? **

mean number of non synonymous sites compared: 460.7
mean Ka anostraca: 0.538673
mean Ka notostraca: 0.478072
dKa: 0.0606009	standard deviation (sd): 0.0411237	ratio dKa/sd: 1.47362
exact probability (P): 0.140591

equally weighted sequences:
> outgro:
ocin	0.5
tcas	0.5
> cladocera:
dmag	0.333333
dpul	0.333333
etex	0.333333
> notostraca:
lapu	0.125
lart	0.125
lcou	0.125
lubb	0.125
tcan	0.125
tita	0.125
tlon	0.125
tusa	0.125

mean GC outgro: all positions=0.420 position1=0.498 position2=0.325 position3=0.437 
mean GC cladocera: all positions=0.469 position1=0.546 position2=0.346 position3=0.516 
mean GC notostraca: all positions=0.443 position1=0.493 position2=0.369 position3=0.468 

** impossible to compute Ks. saturation? **

mean number of non synonymous sites compared: 458.7
mean Ka cladocera: 0.454751
mean Ka notostraca: 0.478072
dKa: -0.0233206	standard deviation (sd): 0.0294547	ratio dKa/sd: -0.791747
exact probability (P): 0.428513

