

## treatement of 3 lineages from file OG0006056.phy ##

equally weighted sequences:
> outgro:
tcas	1
> anostraca:
afra	1
> cladocera:
dmag	0.333333
dpul	0.333333
etex	0.333333

mean GC outgro: all positions=0.565 position1=0.612 position2=0.435 position3=0.649 
mean GC anostraca: all positions=0.421 position1=0.529 position2=0.438 position3=0.297 
mean GC cladocera: all positions=0.477 position1=0.569 position2=0.428 position3=0.436 

** impossible to compute Ks. saturation? **

mean number of non synonymous sites compared: 538.0
mean Ka anostraca: 0.142216
mean Ka cladocera: 0.116564
dKa: 0.0256524	standard deviation (sd): 0.0143207	ratio dKa/sd: 1.79129
exact probability (P): 0.0732561

equally weighted sequences:
> outgro:
tcas	1
> anostraca:
afra	1
> notostraca:
lapu	0.125
lart	0.125
lcou	0.125
lubb	0.125
tcan	0.125
tita	0.125
tlon	0.125
tusa	0.125

mean GC outgro: all positions=0.565 position1=0.612 position2=0.435 position3=0.649 
mean GC anostraca: all positions=0.421 position1=0.529 position2=0.438 position3=0.297 
mean GC notostraca: all positions=0.486 position1=0.575 position2=0.431 position3=0.451 

** impossible to compute Ks. saturation? **

mean number of non synonymous sites compared: 535.6
mean Ka anostraca: 0.142216
mean Ka notostraca: 0.129295
dKa: 0.0129216	standard deviation (sd): 0.0153694	ratio dKa/sd: 0.840735
exact probability (P): 0.400502

equally weighted sequences:
> outgro:
tcas	1
> cladocera:
dmag	0.333333
dpul	0.333333
etex	0.333333
> notostraca:
lapu	0.125
lart	0.125
lcou	0.125
lubb	0.125
tcan	0.125
tita	0.125
tlon	0.125
tusa	0.125

mean GC outgro: all positions=0.565 position1=0.612 position2=0.435 position3=0.649 
mean GC cladocera: all positions=0.477 position1=0.569 position2=0.428 position3=0.436 
mean GC notostraca: all positions=0.486 position1=0.575 position2=0.431 position3=0.451 

** impossible to compute Ks. saturation? **

mean number of non synonymous sites compared: 538.0
mean Ka cladocera: 0.116564
mean Ka notostraca: 0.129295
dKa: -0.0127308	standard deviation (sd): 0.010779	ratio dKa/sd: -1.18108
exact probability (P): 0.237577

