

## treatement of 3 lineages from file OG0005475.phy ##

equally weighted sequences:
> outgro:
ocin	0.5
tcas	0.5
> anostraca:
afra	1
> cladocera:
dmag	0.333333
dpul	0.333333
etex	0.333333

mean GC outgro: all positions=0.449 position1=0.510 position2=0.363 position3=0.473 
mean GC anostraca: all positions=0.407 position1=0.509 position2=0.363 position3=0.350 
mean GC cladocera: all positions=0.504 position1=0.570 position2=0.387 position3=0.554 

** impossible to compute Ks. saturation? **

mean number of non synonymous sites compared: 1486.6
mean Ka anostraca: 0.493473
mean Ka cladocera: 0.379348
dKa: 0.114125	standard deviation (sd): 0.0196137	ratio dKa/sd: 5.81864
exact probability (P): 1e-07

equally weighted sequences:
> outgro:
ocin	0.5
tcas	0.5
> anostraca:
afra	1
> notostraca:
lapu	0.125
lart	0.125
lcou	0.125
lubb	0.125
tcan	0.125
tita	0.125
tlon	0.125
tusa	0.125

mean GC outgro: all positions=0.449 position1=0.510 position2=0.363 position3=0.473 
mean GC anostraca: all positions=0.407 position1=0.509 position2=0.363 position3=0.350 
mean GC notostraca: all positions=0.462 position1=0.551 position2=0.362 position3=0.475 

** impossible to compute Ks. saturation? **

mean number of non synonymous sites compared: 1484.3
mean Ka anostraca: 0.493473
mean Ka notostraca: 0.36735
dKa: 0.126123	standard deviation (sd): 0.0203252	ratio dKa/sd: 6.20525
exact probability (P): 1e-07

equally weighted sequences:
> outgro:
ocin	0.5
tcas	0.5
> cladocera:
dmag	0.333333
dpul	0.333333
etex	0.333333
> notostraca:
lapu	0.125
lart	0.125
lcou	0.125
lubb	0.125
tcan	0.125
tita	0.125
tlon	0.125
tusa	0.125

mean GC outgro: all positions=0.449 position1=0.510 position2=0.363 position3=0.473 
mean GC cladocera: all positions=0.504 position1=0.570 position2=0.387 position3=0.554 
mean GC notostraca: all positions=0.462 position1=0.551 position2=0.362 position3=0.475 

** impossible to compute Ks. saturation? **

mean number of non synonymous sites compared: 1483.4
mean Ka cladocera: 0.379348
mean Ka notostraca: 0.36735
dKa: 0.0119976	standard deviation (sd): 0.0136703	ratio dKa/sd: 0.877636
exact probability (P): 0.380147

