

## treatement of 3 lineages from file OG0005512.phy ##

equally weighted sequences:
> outgro:
ocin	0.5
tcas	0.5
> anostraca:
afra	1
> cladocera:
dmag	0.333333
dpul	0.333333
etex	0.333333

mean GC outgro: all positions=0.534 position1=0.557 position2=0.418 position3=0.627 
mean GC anostraca: all positions=0.439 position1=0.544 position2=0.405 position3=0.367 
mean GC cladocera: all positions=0.442 position1=0.519 position2=0.430 position3=0.376 

** impossible to compute Ks. saturation? **

mean number of non synonymous sites compared: 153.8
mean Ka anostraca: 0.195457
mean Ka cladocera: 0.145578
dKa: 0.0498795	standard deviation (sd): 0.0301195	ratio dKa/sd: 1.65605
exact probability (P): 0.09772

equally weighted sequences:
> outgro:
ocin	0.5
tcas	0.5
> anostraca:
afra	1
> notostraca:
lapu	0.125
lart	0.125
lcou	0.125
lubb	0.125
tcan	0.125
tita	0.125
tlon	0.125
tusa	0.125

mean GC outgro: all positions=0.534 position1=0.557 position2=0.418 position3=0.627 
mean GC anostraca: all positions=0.439 position1=0.544 position2=0.405 position3=0.367 
mean GC notostraca: all positions=0.463 position1=0.570 position2=0.424 position3=0.394 

** impossible to compute Ks. saturation? **

mean number of non synonymous sites compared: 154.4
mean Ka anostraca: 0.195457
mean Ka notostraca: 0.145327
dKa: 0.0501301	standard deviation (sd): 0.0309954	ratio dKa/sd: 1.61734
exact probability (P): 0.105812

equally weighted sequences:
> outgro:
ocin	0.5
tcas	0.5
> cladocera:
dmag	0.333333
dpul	0.333333
etex	0.333333
> notostraca:
lapu	0.125
lart	0.125
lcou	0.125
lubb	0.125
tcan	0.125
tita	0.125
tlon	0.125
tusa	0.125

mean GC outgro: all positions=0.534 position1=0.557 position2=0.418 position3=0.627 
mean GC cladocera: all positions=0.442 position1=0.519 position2=0.430 position3=0.376 
mean GC notostraca: all positions=0.463 position1=0.570 position2=0.424 position3=0.394 

** impossible to compute Ks. saturation? **

mean number of non synonymous sites compared: 153.3
mean Ka cladocera: 0.145578
mean Ka notostraca: 0.145327
dKa: 0.000250556	standard deviation (sd): 0.0114961	ratio dKa/sd: 0.021795
exact probability (P): 0.982612

