

## treatement of 3 lineages from file OG0005654.phy ##

equally weighted sequences:
> outgro:
ocin	0.5
tcas	0.5
> anostraca:
afra	1
> cladocera:
dmag	0.333333
dpul	0.333333
etex	0.333333

mean GC outgro: all positions=0.461 position1=0.488 position2=0.393 position3=0.502 
mean GC anostraca: all positions=0.417 position1=0.510 position2=0.375 position3=0.365 
mean GC cladocera: all positions=0.484 position1=0.533 position2=0.397 position3=0.522 

** impossible to compute Ks. saturation? **

mean number of non synonymous sites compared: 392.2
mean Ka anostraca: 0.380293
mean Ka cladocera: 0.4143
dKa: -0.0340074	standard deviation (sd): 0.0322905	ratio dKa/sd: -1.05317
exact probability (P): 0.292269

equally weighted sequences:
> outgro:
ocin	0.5
tcas	0.5
> anostraca:
afra	1
> notostraca:
lapu	0.125
lart	0.125
lcou	0.125
lubb	0.125
tcan	0.125
tita	0.125
tlon	0.125
tusa	0.125

mean GC outgro: all positions=0.461 position1=0.488 position2=0.393 position3=0.502 
mean GC anostraca: all positions=0.417 position1=0.510 position2=0.375 position3=0.365 
mean GC notostraca: all positions=0.481 position1=0.512 position2=0.397 position3=0.534 

** impossible to compute Ks. saturation? **

mean number of non synonymous sites compared: 393.4
mean Ka anostraca: 0.380293
mean Ka notostraca: 0.407804
dKa: -0.0275111	standard deviation (sd): 0.0312489	ratio dKa/sd: -0.880388
exact probability (P): 0.378656

equally weighted sequences:
> outgro:
ocin	0.5
tcas	0.5
> cladocera:
dmag	0.333333
dpul	0.333333
etex	0.333333
> notostraca:
lapu	0.125
lart	0.125
lcou	0.125
lubb	0.125
tcan	0.125
tita	0.125
tlon	0.125
tusa	0.125

mean GC outgro: all positions=0.461 position1=0.488 position2=0.393 position3=0.502 
mean GC cladocera: all positions=0.484 position1=0.533 position2=0.397 position3=0.522 
mean GC notostraca: all positions=0.481 position1=0.512 position2=0.397 position3=0.534 

** impossible to compute Ks. saturation? **

mean number of non synonymous sites compared: 395.8
mean Ka cladocera: 0.4143
mean Ka notostraca: 0.407804
dKa: 0.00649634	standard deviation (sd): 0.0299684	ratio dKa/sd: 0.216773
exact probability (P): 0.828387

