

## treatement of 3 lineages from file OG0005256.phy ##

equally weighted sequences:
> outgro:
ocin	0.5
tcas	0.5
> anostraca:
afra	1
> cladocera:
dmag	0.333333
dpul	0.333333
etex	0.333333

mean GC outgro: all positions=0.448 position1=0.563 position2=0.394 position3=0.386 
mean GC anostraca: all positions=0.422 position1=0.541 position2=0.388 position3=0.337 
mean GC cladocera: all positions=0.499 position1=0.582 position2=0.393 position3=0.522 

** impossible to compute Ks. saturation? **

mean number of non synonymous sites compared: 489.7
mean Ka anostraca: 0.373206
mean Ka cladocera: 0.317617
dKa: 0.055589	standard deviation (sd): 0.0238965	ratio dKa/sd: 2.32625
exact probability (P): 0.0200112

equally weighted sequences:
> outgro:
ocin	0.5
tcas	0.5
> anostraca:
afra	1
> notostraca:
lapu	0.125
lart	0.125
lcou	0.125
lubb	0.125
tcan	0.125
tita	0.125
tlon	0.125
tusa	0.125

mean GC outgro: all positions=0.448 position1=0.563 position2=0.394 position3=0.386 
mean GC anostraca: all positions=0.422 position1=0.541 position2=0.388 position3=0.337 
mean GC notostraca: all positions=0.469 position1=0.566 position2=0.377 position3=0.464 

** impossible to compute Ks. saturation? **

mean number of non synonymous sites compared: 489.5
mean Ka anostraca: 0.373206
mean Ka notostraca: 0.331444
dKa: 0.0417611	standard deviation (sd): 0.0272667	ratio dKa/sd: 1.53158
exact probability (P): 0.125634

equally weighted sequences:
> outgro:
ocin	0.5
tcas	0.5
> cladocera:
dmag	0.333333
dpul	0.333333
etex	0.333333
> notostraca:
lapu	0.125
lart	0.125
lcou	0.125
lubb	0.125
tcan	0.125
tita	0.125
tlon	0.125
tusa	0.125

mean GC outgro: all positions=0.448 position1=0.563 position2=0.394 position3=0.386 
mean GC cladocera: all positions=0.499 position1=0.582 position2=0.393 position3=0.522 
mean GC notostraca: all positions=0.469 position1=0.566 position2=0.377 position3=0.464 

** impossible to compute Ks. saturation? **

mean number of non synonymous sites compared: 486.1
mean Ka cladocera: 0.317617
mean Ka notostraca: 0.331444
dKa: -0.0138279	standard deviation (sd): 0.0168205	ratio dKa/sd: -0.822084
exact probability (P): 0.411035

