

## treatement of 3 lineages from file OG0007458.phy ##

equally weighted sequences:
> outgro:
tcas	1
> anostraca:
afra	1
> cladocera:
dmag	0.5
etex	0.5

mean GC outgro: all positions=0.415 position1=0.477 position2=0.369 position3=0.400 
mean GC anostraca: all positions=0.369 position1=0.446 position2=0.385 position3=0.277 
mean GC cladocera: all positions=0.421 position1=0.423 position2=0.408 position3=0.431 

** impossible to compute Ks. saturation? **

mean number of non synonymous sites compared: 124.8
mean Ka anostraca: 0.859619
mean Ka cladocera: 1.07083
dKa: -0.21121	standard deviation (sd): 0.160434	ratio dKa/sd: -1.3165
exact probability (P): 0.188016

equally weighted sequences:
> outgro:
tcas	1
> anostraca:
afra	1
> notostraca:
lapu	0.142857
lart	0.142857
lcou	0.142857
lubb	0.142857
tcan	0.142857
tlon	0.142857
tusa	0.142857

mean GC outgro: all positions=0.415 position1=0.477 position2=0.369 position3=0.400 
mean GC anostraca: all positions=0.369 position1=0.446 position2=0.385 position3=0.277 
mean GC notostraca: all positions=0.431 position1=0.477 position2=0.341 position3=0.475 

** impossible to compute Ks. saturation? **

mean number of non synonymous sites compared: 131.4
mean Ka anostraca: 0.859619
mean Ka notostraca: 0.770843
dKa: 0.0887765	standard deviation (sd): 0.152489	ratio dKa/sd: 0.582184
exact probability (P): 0.560447

equally weighted sequences:
> outgro:
tcas	1
> cladocera:
dmag	0.5
etex	0.5
> notostraca:
lapu	0.142857
lart	0.142857
lcou	0.142857
lubb	0.142857
tcan	0.142857
tlon	0.142857
tusa	0.142857

mean GC outgro: all positions=0.415 position1=0.477 position2=0.369 position3=0.400 
mean GC cladocera: all positions=0.421 position1=0.423 position2=0.408 position3=0.431 
mean GC notostraca: all positions=0.431 position1=0.477 position2=0.341 position3=0.475 

** impossible to compute Ks. saturation? **

mean number of non synonymous sites compared: 131.3
mean Ka cladocera: 1.07083
mean Ka notostraca: 0.770843
dKa: 0.299987	standard deviation (sd): 0.151869	ratio dKa/sd: 1.9753
exact probability (P): 0.0482415

