

## treatement of 3 lineages from file OG0004993.phy ##

equally weighted sequences:
> outgro:
ocin	0.5
tcas	0.5
> anostraca:
afra	1
> cladocera:
dmag	0.333333
dpul	0.333333
etex	0.333333

mean GC outgro: all positions=0.401 position1=0.452 position2=0.286 position3=0.464 
mean GC anostraca: all positions=0.397 position1=0.548 position2=0.214 position3=0.429 
mean GC cladocera: all positions=0.444 position1=0.563 position2=0.286 position3=0.484 

** impossible to compute Ks. saturation? **

mean number of non synonymous sites compared: 81.3
mean Ka anostraca: 0.482348
mean Ka cladocera: 0.316246
dKa: 0.166101	standard deviation (sd): 0.0844818	ratio dKa/sd: 1.96612
exact probability (P): 0.0492924

equally weighted sequences:
> outgro:
ocin	0.5
tcas	0.5
> anostraca:
afra	1
> notostraca:
lapu	0.125
lart	0.125
lcou	0.125
lubb	0.125
tcan	0.125
tita	0.125
tlon	0.125
tusa	0.125

mean GC outgro: all positions=0.401 position1=0.452 position2=0.286 position3=0.464 
mean GC anostraca: all positions=0.397 position1=0.548 position2=0.214 position3=0.429 
mean GC notostraca: all positions=0.414 position1=0.530 position2=0.280 position3=0.432 

** impossible to compute Ks. saturation? **

mean number of non synonymous sites compared: 81.2
mean Ka anostraca: 0.482348
mean Ka notostraca: 0.373504
dKa: 0.108843	standard deviation (sd): 0.079229	ratio dKa/sd: 1.37378
exact probability (P): 0.169517

equally weighted sequences:
> outgro:
ocin	0.5
tcas	0.5
> cladocera:
dmag	0.333333
dpul	0.333333
etex	0.333333
> notostraca:
lapu	0.125
lart	0.125
lcou	0.125
lubb	0.125
tcan	0.125
tita	0.125
tlon	0.125
tusa	0.125

mean GC outgro: all positions=0.401 position1=0.452 position2=0.286 position3=0.464 
mean GC cladocera: all positions=0.444 position1=0.563 position2=0.286 position3=0.484 
mean GC notostraca: all positions=0.414 position1=0.530 position2=0.280 position3=0.432 

** impossible to compute Ks. saturation? **

mean number of non synonymous sites compared: 79.3
mean Ka cladocera: 0.316246
mean Ka notostraca: 0.373504
dKa: -0.0572579	standard deviation (sd): 0.0606208	ratio dKa/sd: -0.944527
exact probability (P): 0.344908

