

## treatement of 3 lineages from file OG0007025.phy ##

equally weighted sequences:
> outgro:
tcas	1
> anostraca:
afra	1
> cladocera:
dmag	0.5
etex	0.5

mean GC outgro: all positions=0.491 position1=0.581 position2=0.500 position3=0.392 
mean GC anostraca: all positions=0.455 position1=0.541 position2=0.473 position3=0.351 
mean GC cladocera: all positions=0.466 position1=0.595 position2=0.493 position3=0.311 

** impossible to compute Ks. saturation? **

mean number of non synonymous sites compared: 144.9
mean Ka anostraca: 0.242609
mean Ka cladocera: 0.252255
dKa: -0.00964631	standard deviation (sd): 0.0315696	ratio dKa/sd: -0.305557
exact probability (P): 0.759944

equally weighted sequences:
> outgro:
tcas	1
> anostraca:
afra	1
> notostraca:
lapu	0.125
lart	0.125
lcou	0.125
lubb	0.125
tcan	0.125
tita	0.125
tlon	0.125
tusa	0.125

mean GC outgro: all positions=0.491 position1=0.581 position2=0.500 position3=0.392 
mean GC anostraca: all positions=0.455 position1=0.541 position2=0.473 position3=0.351 
mean GC notostraca: all positions=0.507 position1=0.628 position2=0.458 position3=0.436 

** impossible to compute Ks. saturation? **

mean number of non synonymous sites compared: 145.3
mean Ka anostraca: 0.242609
mean Ka notostraca: 0.294137
dKa: -0.0515278	standard deviation (sd): 0.0370218	ratio dKa/sd: -1.39182
exact probability (P): 0.163983

equally weighted sequences:
> outgro:
tcas	1
> cladocera:
dmag	0.5
etex	0.5
> notostraca:
lapu	0.125
lart	0.125
lcou	0.125
lubb	0.125
tcan	0.125
tita	0.125
tlon	0.125
tusa	0.125

mean GC outgro: all positions=0.491 position1=0.581 position2=0.500 position3=0.392 
mean GC cladocera: all positions=0.466 position1=0.595 position2=0.493 position3=0.311 
mean GC notostraca: all positions=0.507 position1=0.628 position2=0.458 position3=0.436 

** impossible to compute Ks. saturation? **

mean number of non synonymous sites compared: 146.0
mean Ka cladocera: 0.252255
mean Ka notostraca: 0.294137
dKa: -0.0418815	standard deviation (sd): 0.032002	ratio dKa/sd: -1.30871
exact probability (P): 0.19064

