

## treatement of 3 lineages from file OG0004927.phy ##

equally weighted sequences:
> outgro:
ocin	0.5
tcas	0.5
> anostraca:
afra	1
> cladocera:
dmag	0.333333
dpul	0.333333
etex	0.333333

mean GC outgro: all positions=0.401 position1=0.448 position2=0.354 position3=0.399 
mean GC anostraca: all positions=0.423 position1=0.568 position2=0.347 position3=0.352 
mean GC cladocera: all positions=0.431 position1=0.485 position2=0.419 position3=0.390 

** impossible to compute Ks. saturation? **

mean number of non synonymous sites compared: 428.5
mean Ka anostraca: 0.660315
mean Ka cladocera: 0.4693
dKa: 0.191015	standard deviation (sd): 0.0497528	ratio dKa/sd: 3.83929
exact probability (P): 0.000125554

equally weighted sequences:
> outgro:
ocin	0.5
tcas	0.5
> anostraca:
afra	1
> notostraca:
lapu	0.125
lart	0.125
lcou	0.125
lubb	0.125
tcan	0.125
tita	0.125
tlon	0.125
tusa	0.125

mean GC outgro: all positions=0.401 position1=0.448 position2=0.354 position3=0.399 
mean GC anostraca: all positions=0.423 position1=0.568 position2=0.347 position3=0.352 
mean GC notostraca: all positions=0.441 position1=0.493 position2=0.425 position3=0.404 

** impossible to compute Ks. saturation? **

mean number of non synonymous sites compared: 423.3
mean Ka anostraca: 0.660315
mean Ka notostraca: 0.479124
dKa: 0.181191	standard deviation (sd): 0.0503882	ratio dKa/sd: 3.59591
exact probability (P): 0.000326406

equally weighted sequences:
> outgro:
ocin	0.5
tcas	0.5
> cladocera:
dmag	0.333333
dpul	0.333333
etex	0.333333
> notostraca:
lapu	0.125
lart	0.125
lcou	0.125
lubb	0.125
tcan	0.125
tita	0.125
tlon	0.125
tusa	0.125

mean GC outgro: all positions=0.401 position1=0.448 position2=0.354 position3=0.399 
mean GC cladocera: all positions=0.431 position1=0.485 position2=0.419 position3=0.390 
mean GC notostraca: all positions=0.441 position1=0.493 position2=0.425 position3=0.404 

** impossible to compute Ks. saturation? **

mean number of non synonymous sites compared: 426.7
mean Ka cladocera: 0.4693
mean Ka notostraca: 0.479124
dKa: -0.00982389	standard deviation (sd): 0.028534	ratio dKa/sd: -0.344287
exact probability (P): 0.730633

