

## treatement of 3 lineages from file OG0005331.phy ##

equally weighted sequences:
> outgro:
ocin	0.5
tcas	0.5
> anostraca:
afra	1
> cladocera:
dmag	0.333333
dpul	0.333333
etex	0.333333

mean GC outgro: all positions=0.519 position1=0.513 position2=0.470 position3=0.572 
mean GC anostraca: all positions=0.452 position1=0.546 position2=0.447 position3=0.362 
mean GC cladocera: all positions=0.474 position1=0.522 position2=0.450 position3=0.452 

** impossible to compute Ks. saturation? **

mean number of non synonymous sites compared: 289.1
mean Ka anostraca: 0.39655
mean Ka cladocera: 0.273823
dKa: 0.122727	standard deviation (sd): 0.0320795	ratio dKa/sd: 3.82572
exact probability (P): 0.000132514

equally weighted sequences:
> outgro:
ocin	0.5
tcas	0.5
> anostraca:
afra	1
> notostraca:
lapu	0.125
lart	0.125
lcou	0.125
lubb	0.125
tcan	0.125
tita	0.125
tlon	0.125
tusa	0.125

mean GC outgro: all positions=0.519 position1=0.513 position2=0.470 position3=0.572 
mean GC anostraca: all positions=0.452 position1=0.546 position2=0.447 position3=0.362 
mean GC notostraca: all positions=0.475 position1=0.549 position2=0.447 position3=0.428 

** impossible to compute Ks. saturation? **

mean number of non synonymous sites compared: 288.7
mean Ka anostraca: 0.39655
mean Ka notostraca: 0.29381
dKa: 0.102741	standard deviation (sd): 0.0330843	ratio dKa/sd: 3.10542
exact probability (P): 0.0019054

equally weighted sequences:
> outgro:
ocin	0.5
tcas	0.5
> cladocera:
dmag	0.333333
dpul	0.333333
etex	0.333333
> notostraca:
lapu	0.125
lart	0.125
lcou	0.125
lubb	0.125
tcan	0.125
tita	0.125
tlon	0.125
tusa	0.125

mean GC outgro: all positions=0.519 position1=0.513 position2=0.470 position3=0.572 
mean GC cladocera: all positions=0.474 position1=0.522 position2=0.450 position3=0.452 
mean GC notostraca: all positions=0.475 position1=0.549 position2=0.447 position3=0.428 

** impossible to compute Ks. saturation? **

mean number of non synonymous sites compared: 289.3
mean Ka cladocera: 0.273823
mean Ka notostraca: 0.29381
dKa: -0.0199867	standard deviation (sd): 0.017977	ratio dKa/sd: -1.1118
exact probability (P): 0.266233

