

## treatement of 3 lineages from file OG0007001.phy ##

equally weighted sequences:
> outgro:
tcas	1
> anostraca:
afra	1
> cladocera:
dmag	0.333333
dpul	0.333333
etex	0.333333

mean GC outgro: all positions=0.553 position1=0.438 position2=0.412 position3=0.810 
mean GC anostraca: all positions=0.383 position1=0.392 position2=0.405 position3=0.353 
mean GC cladocera: all positions=0.541 position1=0.429 position2=0.410 position3=0.784 

** impossible to compute Ks. saturation? **

mean number of non synonymous sites compared: 302.8
mean Ka anostraca: 0.113454
mean Ka cladocera: 0.0935902
dKa: 0.0198642	standard deviation (sd): 0.0172598	ratio dKa/sd: 1.1509
exact probability (P): 0.249781

equally weighted sequences:
> outgro:
tcas	1
> anostraca:
afra	1
> notostraca:
lapu	0.142857
lcou	0.142857
lubb	0.142857
tcan	0.142857
tita	0.142857
tlon	0.142857
tusa	0.142857

mean GC outgro: all positions=0.553 position1=0.438 position2=0.412 position3=0.810 
mean GC anostraca: all positions=0.383 position1=0.392 position2=0.405 position3=0.353 
mean GC notostraca: all positions=0.467 position1=0.427 position2=0.438 position3=0.536 

** impossible to compute Ks. saturation? **

mean number of non synonymous sites compared: 298.9
mean Ka anostraca: 0.113454
mean Ka notostraca: 0.0913959
dKa: 0.0220585	standard deviation (sd): 0.017857	ratio dKa/sd: 1.23528
exact probability (P): 0.216733

equally weighted sequences:
> outgro:
tcas	1
> cladocera:
dmag	0.333333
dpul	0.333333
etex	0.333333
> notostraca:
lapu	0.142857
lcou	0.142857
lubb	0.142857
tcan	0.142857
tita	0.142857
tlon	0.142857
tusa	0.142857

mean GC outgro: all positions=0.553 position1=0.438 position2=0.412 position3=0.810 
mean GC cladocera: all positions=0.541 position1=0.429 position2=0.410 position3=0.784 
mean GC notostraca: all positions=0.467 position1=0.427 position2=0.438 position3=0.536 

** impossible to compute Ks. saturation? **

mean number of non synonymous sites compared: 303.2
mean Ka cladocera: 0.0935902
mean Ka notostraca: 0.0913959
dKa: 0.00219427	standard deviation (sd): 0.0154664	ratio dKa/sd: 0.141873
exact probability (P): 0.887181

