

## treatement of 3 lineages from file OG0007434.phy ##

equally weighted sequences:
> outgro:
ocin	0.5
tcas	0.5
> anostraca:
afra	1
> cladocera:
dmag	0.333333
dpul	0.333333
etex	0.333333

mean GC outgro: all positions=0.404 position1=0.426 position2=0.418 position3=0.369 
mean GC anostraca: all positions=0.377 position1=0.410 position2=0.426 position3=0.295 
mean GC cladocera: all positions=0.434 position1=0.464 position2=0.432 position3=0.404 

** impossible to compute Ks. saturation? **

mean number of non synonymous sites compared: 118.8
mean Ka anostraca: 0.257664
mean Ka cladocera: 0.301961
dKa: -0.0442978	standard deviation (sd): 0.0467005	ratio dKa/sd: -0.948552
exact probability (P): 0.342855

equally weighted sequences:
> outgro:
ocin	0.5
tcas	0.5
> anostraca:
afra	1
> notostraca:
lapu	0.2
lart	0.2
lcou	0.2
lubb	0.2
tita	0.2

mean GC outgro: all positions=0.404 position1=0.426 position2=0.418 position3=0.369 
mean GC anostraca: all positions=0.377 position1=0.410 position2=0.426 position3=0.295 
mean GC notostraca: all positions=0.477 position1=0.390 position2=0.462 position3=0.577 

** impossible to compute Ks. saturation? **

mean number of non synonymous sites compared: 120.1
mean Ka anostraca: 0.257664
mean Ka notostraca: 0.277933
dKa: -0.0202692	standard deviation (sd): 0.052605	ratio dKa/sd: -0.38531
exact probability (P): 0.70001

equally weighted sequences:
> outgro:
ocin	0.5
tcas	0.5
> cladocera:
dmag	0.333333
dpul	0.333333
etex	0.333333
> notostraca:
lapu	0.2
lart	0.2
lcou	0.2
lubb	0.2
tita	0.2

mean GC outgro: all positions=0.404 position1=0.426 position2=0.418 position3=0.369 
mean GC cladocera: all positions=0.434 position1=0.464 position2=0.432 position3=0.404 
mean GC notostraca: all positions=0.477 position1=0.390 position2=0.462 position3=0.577 

** impossible to compute Ks. saturation? **

mean number of non synonymous sites compared: 120.2
mean Ka cladocera: 0.301961
mean Ka notostraca: 0.277933
dKa: 0.0240286	standard deviation (sd): 0.0521391	ratio dKa/sd: 0.460856
exact probability (P): 0.644905

