

## treatement of 3 lineages from file OG0005511.phy ##

equally weighted sequences:
> outgro:
ocin	0.5
tcas	0.5
> anostraca:
afra	1
> cladocera:
dmag	0.333333
dpul	0.333333
etex	0.333333

mean GC outgro: all positions=0.475 position1=0.511 position2=0.446 position3=0.467 
mean GC anostraca: all positions=0.413 position1=0.457 position2=0.457 position3=0.326 
mean GC cladocera: all positions=0.449 position1=0.514 position2=0.493 position3=0.341 

** impossible to compute Ks. saturation? **

mean number of non synonymous sites compared: 94.0
mean Ka anostraca: 0.718533
mean Ka cladocera: 0.620644
dKa: 0.0978892	standard deviation (sd): 0.11645	ratio dKa/sd: 0.840612
exact probability (P): 0.400572

equally weighted sequences:
> outgro:
ocin	0.5
tcas	0.5
> anostraca:
afra	1
> notostraca:
lapu	0.125
lart	0.125
lcou	0.125
lubb	0.125
tcan	0.125
tita	0.125
tlon	0.125
tusa	0.125

mean GC outgro: all positions=0.475 position1=0.511 position2=0.446 position3=0.467 
mean GC anostraca: all positions=0.413 position1=0.457 position2=0.457 position3=0.326 
mean GC notostraca: all positions=0.493 position1=0.563 position2=0.457 position3=0.459 

** impossible to compute Ks. saturation? **

mean number of non synonymous sites compared: 93.4
mean Ka anostraca: 0.718533
mean Ka notostraca: 0.658648
dKa: 0.0598851	standard deviation (sd): 0.115189	ratio dKa/sd: 0.519884
exact probability (P): 0.603149

equally weighted sequences:
> outgro:
ocin	0.5
tcas	0.5
> cladocera:
dmag	0.333333
dpul	0.333333
etex	0.333333
> notostraca:
lapu	0.125
lart	0.125
lcou	0.125
lubb	0.125
tcan	0.125
tita	0.125
tlon	0.125
tusa	0.125

mean GC outgro: all positions=0.475 position1=0.511 position2=0.446 position3=0.467 
mean GC cladocera: all positions=0.449 position1=0.514 position2=0.493 position3=0.341 
mean GC notostraca: all positions=0.493 position1=0.563 position2=0.457 position3=0.459 

** impossible to compute Ks. saturation? **

mean number of non synonymous sites compared: 92.8
mean Ka cladocera: 0.620644
mean Ka notostraca: 0.658648
dKa: -0.0380041	standard deviation (sd): 0.0948119	ratio dKa/sd: -0.400837
exact probability (P): 0.688543

