

## treatement of 3 lineages from file OG0007977.phy ##

equally weighted sequences:
> outgro:
ocin	0.5
tcas	0.5
> anostraca:
afra	1
> cladocera:
dmag	0.333333
dpul	0.333333
etex	0.333333

mean GC outgro: all positions=0.420 position1=0.528 position2=0.271 position3=0.462 
mean GC anostraca: all positions=0.359 position1=0.479 position2=0.222 position3=0.375 
mean GC cladocera: all positions=0.373 position1=0.449 position2=0.271 position3=0.400 

** impossible to compute Ks. saturation? **

mean number of non synonymous sites compared: 282.1
mean Ka anostraca: 0.571881
mean Ka cladocera: 0.489022
dKa: 0.0828593	standard deviation (sd): 0.0478776	ratio dKa/sd: 1.73065
exact probability (P): 0.0835231

equally weighted sequences:
> outgro:
ocin	0.5
tcas	0.5
> anostraca:
afra	1
> notostraca:
lapu	0.25
lart	0.25
lcou	0.25
lubb	0.25

mean GC outgro: all positions=0.420 position1=0.528 position2=0.271 position3=0.462 
mean GC anostraca: all positions=0.359 position1=0.479 position2=0.222 position3=0.375 
mean GC notostraca: all positions=0.438 position1=0.592 position2=0.271 position3=0.451 

** impossible to compute Ks. saturation? **

mean number of non synonymous sites compared: 279.2
mean Ka anostraca: 0.571881
mean Ka notostraca: 0.389923
dKa: 0.181958	standard deviation (sd): 0.050551	ratio dKa/sd: 3.5995
exact probability (P): 0.000322297

equally weighted sequences:
> outgro:
ocin	0.5
tcas	0.5
> cladocera:
dmag	0.333333
dpul	0.333333
etex	0.333333
> notostraca:
lapu	0.25
lart	0.25
lcou	0.25
lubb	0.25

mean GC outgro: all positions=0.420 position1=0.528 position2=0.271 position3=0.462 
mean GC cladocera: all positions=0.373 position1=0.449 position2=0.271 position3=0.400 
mean GC notostraca: all positions=0.438 position1=0.592 position2=0.271 position3=0.451 

** impossible to compute Ks. saturation? **

mean number of non synonymous sites compared: 275.4
mean Ka cladocera: 0.489022
mean Ka notostraca: 0.389923
dKa: 0.0990989	standard deviation (sd): 0.0367135	ratio dKa/sd: 2.69925
exact probability (P): 0.00695482

