

## treatement of 3 lineages from file OG0006955.phy ##

equally weighted sequences:
> outgro:
tcas	1
> anostraca:
afra	1
> cladocera:
dmag	0.5
dpul	0.5

mean GC outgro: all positions=0.613 position1=0.532 position2=0.459 position3=0.847 
mean GC anostraca: all positions=0.465 position1=0.550 position2=0.441 position3=0.405 
mean GC cladocera: all positions=0.426 position1=0.518 position2=0.468 position3=0.293 

** impossible to compute Ks. saturation? **

mean number of non synonymous sites compared: 219.9
mean Ka anostraca: 0.394942
mean Ka cladocera: 0.328602
dKa: 0.0663401	standard deviation (sd): 0.0460839	ratio dKa/sd: 1.43955
exact probability (P): 0.150003

equally weighted sequences:
> outgro:
tcas	1
> anostraca:
afra	1
> notostraca:
lapu	0.125
lart	0.125
lcou	0.125
lubb	0.125
tcan	0.125
tita	0.125
tlon	0.125
tusa	0.125

mean GC outgro: all positions=0.613 position1=0.532 position2=0.459 position3=0.847 
mean GC anostraca: all positions=0.465 position1=0.550 position2=0.441 position3=0.405 
mean GC notostraca: all positions=0.476 position1=0.521 position2=0.467 position3=0.440 

** impossible to compute Ks. saturation? **

mean number of non synonymous sites compared: 220.8
mean Ka anostraca: 0.394942
mean Ka notostraca: 0.3659
dKa: 0.0290421	standard deviation (sd): 0.0464392	ratio dKa/sd: 0.62538
exact probability (P): 0.531727

equally weighted sequences:
> outgro:
tcas	1
> cladocera:
dmag	0.5
dpul	0.5
> notostraca:
lapu	0.125
lart	0.125
lcou	0.125
lubb	0.125
tcan	0.125
tita	0.125
tlon	0.125
tusa	0.125

mean GC outgro: all positions=0.613 position1=0.532 position2=0.459 position3=0.847 
mean GC cladocera: all positions=0.426 position1=0.518 position2=0.468 position3=0.293 
mean GC notostraca: all positions=0.476 position1=0.521 position2=0.467 position3=0.440 

** impossible to compute Ks. saturation? **

mean number of non synonymous sites compared: 216.4
mean Ka cladocera: 0.328602
mean Ka notostraca: 0.3659
dKa: -0.037298	standard deviation (sd): 0.0380629	ratio dKa/sd: -0.979906
exact probability (P): 0.32714

