

## treatement of 3 lineages from file OG0006153.phy ##

equally weighted sequences:
> outgro:
ocin	0.5
tcas	0.5
> anostraca:
afra	1
> cladocera:
dpul	0.5
etex	0.5

mean GC outgro: all positions=0.434 position1=0.538 position2=0.394 position3=0.370 
mean GC anostraca: all positions=0.407 position1=0.538 position2=0.423 position3=0.260 
mean GC cladocera: all positions=0.447 position1=0.596 position2=0.385 position3=0.361 

** impossible to compute Ks. saturation? **

mean number of non synonymous sites compared: 213.2
mean Ka anostraca: 0.629064
mean Ka cladocera: 0.45714
dKa: 0.171924	standard deviation (sd): 0.0611359	ratio dKa/sd: 2.81216
exact probability (P): 0.00492567

equally weighted sequences:
> outgro:
ocin	0.5
tcas	0.5
> anostraca:
afra	1
> notostraca:
lapu	0.125
lart	0.125
lcou	0.125
lubb	0.125
tcan	0.125
tita	0.125
tlon	0.125
tusa	0.125

mean GC outgro: all positions=0.434 position1=0.538 position2=0.394 position3=0.370 
mean GC anostraca: all positions=0.407 position1=0.538 position2=0.423 position3=0.260 
mean GC notostraca: all positions=0.443 position1=0.572 position2=0.376 position3=0.380 

** impossible to compute Ks. saturation? **

mean number of non synonymous sites compared: 211.6
mean Ka anostraca: 0.629064
mean Ka notostraca: 0.408077
dKa: 0.220987	standard deviation (sd): 0.0619217	ratio dKa/sd: 3.56882
exact probability (P): 0.000362168

equally weighted sequences:
> outgro:
ocin	0.5
tcas	0.5
> cladocera:
dpul	0.5
etex	0.5
> notostraca:
lapu	0.125
lart	0.125
lcou	0.125
lubb	0.125
tcan	0.125
tita	0.125
tlon	0.125
tusa	0.125

mean GC outgro: all positions=0.434 position1=0.538 position2=0.394 position3=0.370 
mean GC cladocera: all positions=0.447 position1=0.596 position2=0.385 position3=0.361 
mean GC notostraca: all positions=0.443 position1=0.572 position2=0.376 position3=0.380 

** impossible to compute Ks. saturation? **

mean number of non synonymous sites compared: 205.9
mean Ka cladocera: 0.45714
mean Ka notostraca: 0.408077
dKa: 0.0490633	standard deviation (sd): 0.0369609	ratio dKa/sd: 1.32744
exact probability (P): 0.184372

