

## treatement of 3 lineages from file OG0006975.phy ##

equally weighted sequences:
> outgro:
ocin	1
> anostraca:
afra	1
> cladocera:
dmag	0.5
etex	0.5

mean GC outgro: all positions=0.442 position1=0.635 position2=0.327 position3=0.365 
mean GC anostraca: all positions=0.301 position1=0.462 position2=0.154 position3=0.288 
mean GC cladocera: all positions=0.417 position1=0.548 position2=0.298 position3=0.404 

** impossible to compute Ks. saturation? **

mean number of non synonymous sites compared: 104.1
mean Ka anostraca: 0.507335
mean Ka cladocera: 0.604402
dKa: -0.0970664	standard deviation (sd): 0.103847	ratio dKa/sd: -0.934708
exact probability (P): 0.349945

equally weighted sequences:
> outgro:
ocin	1
> anostraca:
afra	1
> notostraca:
lapu	0.125
lart	0.125
lcou	0.125
lubb	0.125
tcan	0.125
tita	0.125
tlon	0.125
tusa	0.125

mean GC outgro: all positions=0.442 position1=0.635 position2=0.327 position3=0.365 
mean GC anostraca: all positions=0.301 position1=0.462 position2=0.154 position3=0.288 
mean GC notostraca: all positions=0.405 position1=0.584 position2=0.190 position3=0.442 

** impossible to compute Ks. saturation? **

mean number of non synonymous sites compared: 103.0
mean Ka anostraca: 0.507335
mean Ka notostraca: 0.522871
dKa: -0.0155356	standard deviation (sd): 0.0997497	ratio dKa/sd: -0.155746
exact probability (P): 0.876234

equally weighted sequences:
> outgro:
ocin	1
> cladocera:
dmag	0.5
etex	0.5
> notostraca:
lapu	0.125
lart	0.125
lcou	0.125
lubb	0.125
tcan	0.125
tita	0.125
tlon	0.125
tusa	0.125

mean GC outgro: all positions=0.442 position1=0.635 position2=0.327 position3=0.365 
mean GC cladocera: all positions=0.417 position1=0.548 position2=0.298 position3=0.404 
mean GC notostraca: all positions=0.405 position1=0.584 position2=0.190 position3=0.442 

** impossible to compute Ks. saturation? **

mean number of non synonymous sites compared: 103.9
mean Ka cladocera: 0.604402
mean Ka notostraca: 0.522871
dKa: 0.0815308	standard deviation (sd): 0.0765349	ratio dKa/sd: 1.06528
exact probability (P): 0.286758

