

## treatement of 3 lineages from file OG0005248.phy ##

equally weighted sequences:
> outgro:
ocin	0.5
tcas	0.5
> anostraca:
afra	1
> cladocera:
dmag	0.333333
dpul	0.333333
etex	0.333333

mean GC outgro: all positions=0.434 position1=0.445 position2=0.364 position3=0.493 
mean GC anostraca: all positions=0.422 position1=0.500 position2=0.368 position3=0.397 
mean GC cladocera: all positions=0.435 position1=0.539 position2=0.331 position3=0.434 

** impossible to compute Ks. saturation? **

mean number of non synonymous sites compared: 270.4
mean Ka anostraca: 0.572946
mean Ka cladocera: 0.386947
dKa: 0.185999	standard deviation (sd): 0.0519983	ratio dKa/sd: 3.57702
exact probability (P): 0.000351025

equally weighted sequences:
> outgro:
ocin	0.5
tcas	0.5
> anostraca:
afra	1
> notostraca:
lapu	0.125
lart	0.125
lcou	0.125
lubb	0.125
tcan	0.125
tita	0.125
tlon	0.125
tusa	0.125

mean GC outgro: all positions=0.434 position1=0.445 position2=0.364 position3=0.493 
mean GC anostraca: all positions=0.422 position1=0.500 position2=0.368 position3=0.397 
mean GC notostraca: all positions=0.445 position1=0.532 position2=0.359 position3=0.443 

** impossible to compute Ks. saturation? **

mean number of non synonymous sites compared: 267.4
mean Ka anostraca: 0.572946
mean Ka notostraca: 0.41882
dKa: 0.154126	standard deviation (sd): 0.0546083	ratio dKa/sd: 2.82239
exact probability (P): 0.00477307

equally weighted sequences:
> outgro:
ocin	0.5
tcas	0.5
> cladocera:
dmag	0.333333
dpul	0.333333
etex	0.333333
> notostraca:
lapu	0.125
lart	0.125
lcou	0.125
lubb	0.125
tcan	0.125
tita	0.125
tlon	0.125
tusa	0.125

mean GC outgro: all positions=0.434 position1=0.445 position2=0.364 position3=0.493 
mean GC cladocera: all positions=0.435 position1=0.539 position2=0.331 position3=0.434 
mean GC notostraca: all positions=0.445 position1=0.532 position2=0.359 position3=0.443 

** impossible to compute Ks. saturation? **

mean number of non synonymous sites compared: 269.9
mean Ka cladocera: 0.386947
mean Ka notostraca: 0.41882
dKa: -0.0318732	standard deviation (sd): 0.0303291	ratio dKa/sd: -1.05091
exact probability (P): 0.293305

