

## treatement of 3 lineages from file OG0006874.phy ##

equally weighted sequences:
> outgro:
ocin	0.5
tcas	0.5
> anostraca:
afra	1
> cladocera:
etex	1

mean GC outgro: all positions=0.473 position1=0.487 position2=0.365 position3=0.566 
mean GC anostraca: all positions=0.396 position1=0.444 position2=0.374 position3=0.370 
mean GC cladocera: all positions=0.519 position1=0.542 position2=0.384 position3=0.630 

** impossible to compute Ks. saturation? **

mean number of non synonymous sites compared: 574.6
mean Ka anostraca: 0.428204
mean Ka cladocera: 0.444517
dKa: -0.0163135	standard deviation (sd): 0.0282975	ratio dKa/sd: -0.5765
exact probability (P): 0.564281

equally weighted sequences:
> outgro:
ocin	0.5
tcas	0.5
> anostraca:
afra	1
> notostraca:
lapu	0.125
lart	0.125
lcou	0.125
lubb	0.125
tcan	0.125
tita	0.125
tlon	0.125
tusa	0.125

mean GC outgro: all positions=0.473 position1=0.487 position2=0.365 position3=0.566 
mean GC anostraca: all positions=0.396 position1=0.444 position2=0.374 position3=0.370 
mean GC notostraca: all positions=0.496 position1=0.511 position2=0.372 position3=0.605 

** impossible to compute Ks. saturation? **

mean number of non synonymous sites compared: 573.7
mean Ka anostraca: 0.428204
mean Ka notostraca: 0.447401
dKa: -0.0191972	standard deviation (sd): 0.0279986	ratio dKa/sd: -0.685649
exact probability (P): 0.49294

equally weighted sequences:
> outgro:
ocin	0.5
tcas	0.5
> cladocera:
etex	1
> notostraca:
lapu	0.125
lart	0.125
lcou	0.125
lubb	0.125
tcan	0.125
tita	0.125
tlon	0.125
tusa	0.125

mean GC outgro: all positions=0.473 position1=0.487 position2=0.365 position3=0.566 
mean GC cladocera: all positions=0.519 position1=0.542 position2=0.384 position3=0.630 
mean GC notostraca: all positions=0.496 position1=0.511 position2=0.372 position3=0.605 

** impossible to compute Ks. saturation? **

mean number of non synonymous sites compared: 578.3
mean Ka cladocera: 0.444517
mean Ka notostraca: 0.447401
dKa: -0.0028837	standard deviation (sd): 0.02393	ratio dKa/sd: -0.120506
exact probability (P): 0.904083

