

## treatement of 3 lineages from file OG0006412.phy ##

equally weighted sequences:
> outgro:
tcas	1
> anostraca:
afra	1
> cladocera:
dmag	0.333333
dpul	0.333333
etex	0.333333

mean GC outgro: all positions=0.411 position1=0.467 position2=0.350 position3=0.416 
mean GC anostraca: all positions=0.407 position1=0.467 position2=0.397 position3=0.355 
mean GC cladocera: all positions=0.432 position1=0.478 position2=0.382 position3=0.436 

** impossible to compute Ks. saturation? **

mean number of non synonymous sites compared: 419.8
mean Ka anostraca: 0.617927
mean Ka cladocera: 0.493942
dKa: 0.123985	standard deviation (sd): 0.0516457	ratio dKa/sd: 2.40069
exact probability (P): 0.0163715

equally weighted sequences:
> outgro:
tcas	1
> anostraca:
afra	1
> notostraca:
lapu	0.125
lart	0.125
lcou	0.125
lubb	0.125
tcan	0.125
tita	0.125
tlon	0.125
tusa	0.125

mean GC outgro: all positions=0.411 position1=0.467 position2=0.350 position3=0.416 
mean GC anostraca: all positions=0.407 position1=0.467 position2=0.397 position3=0.355 
mean GC notostraca: all positions=0.487 position1=0.529 position2=0.393 position3=0.538 

** impossible to compute Ks. saturation? **

mean number of non synonymous sites compared: 415.7
mean Ka anostraca: 0.617927
mean Ka notostraca: 0.41831
dKa: 0.199617	standard deviation (sd): 0.0531593	ratio dKa/sd: 3.75507
exact probability (P): 0.000175921

equally weighted sequences:
> outgro:
tcas	1
> cladocera:
dmag	0.333333
dpul	0.333333
etex	0.333333
> notostraca:
lapu	0.125
lart	0.125
lcou	0.125
lubb	0.125
tcan	0.125
tita	0.125
tlon	0.125
tusa	0.125

mean GC outgro: all positions=0.411 position1=0.467 position2=0.350 position3=0.416 
mean GC cladocera: all positions=0.432 position1=0.478 position2=0.382 position3=0.436 
mean GC notostraca: all positions=0.487 position1=0.529 position2=0.393 position3=0.538 

** impossible to compute Ks. saturation? **

mean number of non synonymous sites compared: 415.2
mean Ka cladocera: 0.493942
mean Ka notostraca: 0.41831
dKa: 0.0756314	standard deviation (sd): 0.0340051	ratio dKa/sd: 2.22412
exact probability (P): 0.0261484

