

## treatement of 3 lineages from file OG0005361.phy ##

equally weighted sequences:
> outgro:
ocin	0.5
tcas	0.5
> anostraca:
afra	1
> cladocera:
dmag	0.333333
dpul	0.333333
etex	0.333333

mean GC outgro: all positions=0.429 position1=0.516 position2=0.348 position3=0.423 
mean GC anostraca: all positions=0.405 position1=0.525 position2=0.336 position3=0.354 
mean GC cladocera: all positions=0.500 position1=0.573 position2=0.382 position3=0.544 

** impossible to compute Ks. saturation? **

mean number of non synonymous sites compared: 554.7
mean Ka anostraca: 0.46298
mean Ka cladocera: 0.434694
dKa: 0.0282859	standard deviation (sd): 0.0301408	ratio dKa/sd: 0.938459
exact probability (P): 0.348015

equally weighted sequences:
> outgro:
ocin	0.5
tcas	0.5
> anostraca:
afra	1
> notostraca:
lapu	0.125
lart	0.125
lcou	0.125
lubb	0.125
tcan	0.125
tita	0.125
tlon	0.125
tusa	0.125

mean GC outgro: all positions=0.429 position1=0.516 position2=0.348 position3=0.423 
mean GC anostraca: all positions=0.405 position1=0.525 position2=0.336 position3=0.354 
mean GC notostraca: all positions=0.451 position1=0.522 position2=0.393 position3=0.436 

** impossible to compute Ks. saturation? **

mean number of non synonymous sites compared: 557.6
mean Ka anostraca: 0.46298
mean Ka notostraca: 0.451077
dKa: 0.0119034	standard deviation (sd): 0.0306366	ratio dKa/sd: 0.388536
exact probability (P): 0.697622

equally weighted sequences:
> outgro:
ocin	0.5
tcas	0.5
> cladocera:
dmag	0.333333
dpul	0.333333
etex	0.333333
> notostraca:
lapu	0.125
lart	0.125
lcou	0.125
lubb	0.125
tcan	0.125
tita	0.125
tlon	0.125
tusa	0.125

mean GC outgro: all positions=0.429 position1=0.516 position2=0.348 position3=0.423 
mean GC cladocera: all positions=0.500 position1=0.573 position2=0.382 position3=0.544 
mean GC notostraca: all positions=0.451 position1=0.522 position2=0.393 position3=0.436 

** impossible to compute Ks. saturation? **

mean number of non synonymous sites compared: 550.2
mean Ka cladocera: 0.434694
mean Ka notostraca: 0.451077
dKa: -0.0163825	standard deviation (sd): 0.0259653	ratio dKa/sd: -0.630939
exact probability (P): 0.528084

