

## treatement of 3 lineages from file OG0006172.phy ##

equally weighted sequences:
> outgro:
tcas	1
> anostraca:
afra	1
> cladocera:
dmag	0.333333
dpul	0.333333
etex	0.333333

mean GC outgro: all positions=0.460 position1=0.515 position2=0.326 position3=0.538 
mean GC anostraca: all positions=0.394 position1=0.568 position2=0.333 position3=0.280 
mean GC cladocera: all positions=0.446 position1=0.530 position2=0.361 position3=0.447 

** impossible to compute Ks. saturation? **

mean number of non synonymous sites compared: 249.1
mean Ka anostraca: 0.655931
mean Ka cladocera: 0.370756
dKa: 0.285175	standard deviation (sd): 0.0702108	ratio dKa/sd: 4.0617
exact probability (P): 4.92836e-05

equally weighted sequences:
> outgro:
tcas	1
> anostraca:
afra	1
> notostraca:
lapu	0.125
lart	0.125
lcou	0.125
lubb	0.125
tcan	0.125
tita	0.125
tlon	0.125
tusa	0.125

mean GC outgro: all positions=0.460 position1=0.515 position2=0.326 position3=0.538 
mean GC anostraca: all positions=0.394 position1=0.568 position2=0.333 position3=0.280 
mean GC notostraca: all positions=0.469 position1=0.594 position2=0.353 position3=0.459 

** impossible to compute Ks. saturation? **

mean number of non synonymous sites compared: 247.5
mean Ka anostraca: 0.655931
mean Ka notostraca: 0.339219
dKa: 0.316712	standard deviation (sd): 0.0704378	ratio dKa/sd: 4.49634
exact probability (P): 8.12472e-06

equally weighted sequences:
> outgro:
tcas	1
> cladocera:
dmag	0.333333
dpul	0.333333
etex	0.333333
> notostraca:
lapu	0.125
lart	0.125
lcou	0.125
lubb	0.125
tcan	0.125
tita	0.125
tlon	0.125
tusa	0.125

mean GC outgro: all positions=0.460 position1=0.515 position2=0.326 position3=0.538 
mean GC cladocera: all positions=0.446 position1=0.530 position2=0.361 position3=0.447 
mean GC notostraca: all positions=0.469 position1=0.594 position2=0.353 position3=0.459 

** impossible to compute Ks. saturation? **

mean number of non synonymous sites compared: 246.0
mean Ka cladocera: 0.370756
mean Ka notostraca: 0.339219
dKa: 0.0315375	standard deviation (sd): 0.0371223	ratio dKa/sd: 0.849557
exact probability (P): 0.395578

