

## treatement of 3 lineages from file OG0006133.phy ##

equally weighted sequences:
> outgro:
ocin	0.5
tcas	0.5
> anostraca:
afra	1
> cladocera:
dmag	0.333333
dpul	0.333333
etex	0.333333

mean GC outgro: all positions=0.401 position1=0.441 position2=0.382 position3=0.379 
mean GC anostraca: all positions=0.353 position1=0.451 position2=0.301 position3=0.307 
mean GC cladocera: all positions=0.421 position1=0.492 position2=0.318 position3=0.453 

** impossible to compute Ks. saturation? **

mean number of non synonymous sites compared: 299.0
mean Ka anostraca: 0.469181
mean Ka cladocera: 0.4382
dKa: 0.0309806	standard deviation (sd): 0.0402787	ratio dKa/sd: 0.769154
exact probability (P): 0.441808

equally weighted sequences:
> outgro:
ocin	0.5
tcas	0.5
> anostraca:
afra	1
> notostraca:
lapu	0.142857
lart	0.142857
lcou	0.142857
lubb	0.142857
tcan	0.142857
tlon	0.142857
tusa	0.142857

mean GC outgro: all positions=0.401 position1=0.441 position2=0.382 position3=0.379 
mean GC anostraca: all positions=0.353 position1=0.451 position2=0.301 position3=0.307 
mean GC notostraca: all positions=0.458 position1=0.558 position2=0.377 position3=0.440 

** impossible to compute Ks. saturation? **

mean number of non synonymous sites compared: 302.4
mean Ka anostraca: 0.469181
mean Ka notostraca: 0.45028
dKa: 0.0189005	standard deviation (sd): 0.0444787	ratio dKa/sd: 0.424933
exact probability (P): 0.670888

equally weighted sequences:
> outgro:
ocin	0.5
tcas	0.5
> cladocera:
dmag	0.333333
dpul	0.333333
etex	0.333333
> notostraca:
lapu	0.142857
lart	0.142857
lcou	0.142857
lubb	0.142857
tcan	0.142857
tlon	0.142857
tusa	0.142857

mean GC outgro: all positions=0.401 position1=0.441 position2=0.382 position3=0.379 
mean GC cladocera: all positions=0.421 position1=0.492 position2=0.318 position3=0.453 
mean GC notostraca: all positions=0.458 position1=0.558 position2=0.377 position3=0.440 

** impossible to compute Ks. saturation? **

mean number of non synonymous sites compared: 295.0
mean Ka cladocera: 0.4382
mean Ka notostraca: 0.45028
dKa: -0.0120801	standard deviation (sd): 0.0320765	ratio dKa/sd: -0.376603
exact probability (P): 0.706471

