

## treatement of 3 lineages from file OG0005578.phy ##

equally weighted sequences:
> outgro:
ocin	0.5
tcas	0.5
> anostraca:
afra	1
> cladocera:
dmag	0.333333
dpul	0.333333
etex	0.333333

mean GC outgro: all positions=0.464 position1=0.432 position2=0.457 position3=0.502 
mean GC anostraca: all positions=0.437 position1=0.446 position2=0.446 position3=0.419 
mean GC cladocera: all positions=0.488 position1=0.470 position2=0.479 position3=0.517 

** impossible to compute Ks. saturation? **

mean number of non synonymous sites compared: 425.2
mean Ka anostraca: 0.448729
mean Ka cladocera: 0.323088
dKa: 0.125641	standard deviation (sd): 0.0349139	ratio dKa/sd: 3.59859
exact probability (P): 0.000323419

equally weighted sequences:
> outgro:
ocin	0.5
tcas	0.5
> anostraca:
afra	1
> notostraca:
lapu	0.125
lart	0.125
lcou	0.125
lubb	0.125
tcan	0.125
tita	0.125
tlon	0.125
tusa	0.125

mean GC outgro: all positions=0.464 position1=0.432 position2=0.457 position3=0.502 
mean GC anostraca: all positions=0.437 position1=0.446 position2=0.446 position3=0.419 
mean GC notostraca: all positions=0.480 position1=0.504 position2=0.470 position3=0.466 

** impossible to compute Ks. saturation? **

mean number of non synonymous sites compared: 423.0
mean Ka anostraca: 0.448729
mean Ka notostraca: 0.341519
dKa: 0.10721	standard deviation (sd): 0.0357471	ratio dKa/sd: 2.99912
exact probability (P): 0.00271195

equally weighted sequences:
> outgro:
ocin	0.5
tcas	0.5
> cladocera:
dmag	0.333333
dpul	0.333333
etex	0.333333
> notostraca:
lapu	0.125
lart	0.125
lcou	0.125
lubb	0.125
tcan	0.125
tita	0.125
tlon	0.125
tusa	0.125

mean GC outgro: all positions=0.464 position1=0.432 position2=0.457 position3=0.502 
mean GC cladocera: all positions=0.488 position1=0.470 position2=0.479 position3=0.517 
mean GC notostraca: all positions=0.480 position1=0.504 position2=0.470 position3=0.466 

** impossible to compute Ks. saturation? **

mean number of non synonymous sites compared: 423.6
mean Ka cladocera: 0.323088
mean Ka notostraca: 0.341519
dKa: -0.0184309	standard deviation (sd): 0.0218652	ratio dKa/sd: -0.842931
exact probability (P): 0.399272

