

## treatement of 3 lineages from file OG0005048.phy ##

equally weighted sequences:
> outgro:
ocin	0.5
tcas	0.5
> anostraca:
afra	1
> cladocera:
dmag	0.333333
dpul	0.333333
etex	0.333333

mean GC outgro: all positions=0.408 position1=0.469 position2=0.262 position3=0.492 
mean GC anostraca: all positions=0.427 position1=0.523 position2=0.328 position3=0.430 
mean GC cladocera: all positions=0.414 position1=0.539 position2=0.273 position3=0.430 

** impossible to compute Ks. saturation? **

mean number of non synonymous sites compared: 249.0
mean Ka anostraca: 0.535487
mean Ka cladocera: 0.57272
dKa: -0.0372335	standard deviation (sd): 0.0548992	ratio dKa/sd: -0.678216
exact probability (P): 0.49764

equally weighted sequences:
> outgro:
ocin	0.5
tcas	0.5
> anostraca:
afra	1
> notostraca:
lapu	0.125
lart	0.125
lcou	0.125
lubb	0.125
tcan	0.125
tita	0.125
tlon	0.125
tusa	0.125

mean GC outgro: all positions=0.408 position1=0.469 position2=0.262 position3=0.492 
mean GC anostraca: all positions=0.427 position1=0.523 position2=0.328 position3=0.430 
mean GC notostraca: all positions=0.430 position1=0.528 position2=0.300 position3=0.463 

** impossible to compute Ks. saturation? **

mean number of non synonymous sites compared: 246.5
mean Ka anostraca: 0.535487
mean Ka notostraca: 0.561515
dKa: -0.026028	standard deviation (sd): 0.0532265	ratio dKa/sd: -0.489005
exact probability (P): 0.624841

equally weighted sequences:
> outgro:
ocin	0.5
tcas	0.5
> cladocera:
dmag	0.333333
dpul	0.333333
etex	0.333333
> notostraca:
lapu	0.125
lart	0.125
lcou	0.125
lubb	0.125
tcan	0.125
tita	0.125
tlon	0.125
tusa	0.125

mean GC outgro: all positions=0.408 position1=0.469 position2=0.262 position3=0.492 
mean GC cladocera: all positions=0.414 position1=0.539 position2=0.273 position3=0.430 
mean GC notostraca: all positions=0.430 position1=0.528 position2=0.300 position3=0.463 

** impossible to compute Ks. saturation? **

mean number of non synonymous sites compared: 244.7
mean Ka cladocera: 0.57272
mean Ka notostraca: 0.561515
dKa: 0.0112055	standard deviation (sd): 0.0515749	ratio dKa/sd: 0.217268
exact probability (P): 0.828001

