

## treatement of 3 lineages from file OG0005235.phy ##

equally weighted sequences:
> outgro:
ocin	0.5
tcas	0.5
> anostraca:
afra	1
> cladocera:
dmag	0.333333
dpul	0.333333
etex	0.333333

mean GC outgro: all positions=0.414 position1=0.473 position2=0.341 position3=0.429 
mean GC anostraca: all positions=0.414 position1=0.538 position2=0.330 position3=0.374 
mean GC cladocera: all positions=0.446 position1=0.498 position2=0.326 position3=0.513 

** impossible to compute Ks. saturation? **

mean number of non synonymous sites compared: 175.2
mean Ka anostraca: 0.912098
mean Ka cladocera: 0.525769
dKa: 0.386329	standard deviation (sd): 0.108048	ratio dKa/sd: 3.57552
exact probability (P): 0.000352696

equally weighted sequences:
> outgro:
ocin	0.5
tcas	0.5
> anostraca:
afra	1
> notostraca:
lapu	0.125
lart	0.125
lcou	0.125
lubb	0.125
tcan	0.125
tita	0.125
tlon	0.125
tusa	0.125

mean GC outgro: all positions=0.414 position1=0.473 position2=0.341 position3=0.429 
mean GC anostraca: all positions=0.414 position1=0.538 position2=0.330 position3=0.374 
mean GC notostraca: all positions=0.427 position1=0.529 position2=0.272 position3=0.481 

** impossible to compute Ks. saturation? **

mean number of non synonymous sites compared: 169.5
mean Ka anostraca: 0.912098
mean Ka notostraca: 0.469246
dKa: 0.442853	standard deviation (sd): 0.120722	ratio dKa/sd: 3.66838
exact probability (P): 0.000247287

equally weighted sequences:
> outgro:
ocin	0.5
tcas	0.5
> cladocera:
dmag	0.333333
dpul	0.333333
etex	0.333333
> notostraca:
lapu	0.125
lart	0.125
lcou	0.125
lubb	0.125
tcan	0.125
tita	0.125
tlon	0.125
tusa	0.125

mean GC outgro: all positions=0.414 position1=0.473 position2=0.341 position3=0.429 
mean GC cladocera: all positions=0.446 position1=0.498 position2=0.326 position3=0.513 
mean GC notostraca: all positions=0.427 position1=0.529 position2=0.272 position3=0.481 

** impossible to compute Ks. saturation? **

mean number of non synonymous sites compared: 172.3
mean Ka cladocera: 0.525769
mean Ka notostraca: 0.469246
dKa: 0.0565237	standard deviation (sd): 0.0514718	ratio dKa/sd: 1.09815
exact probability (P): 0.272148

