

## treatement of 3 lineages from file OG0006368.phy ##

equally weighted sequences:
> outgro:
tcas	1
> anostraca:
afra	1
> cladocera:
dmag	0.333333
dpul	0.333333
etex	0.333333

mean GC outgro: all positions=0.467 position1=0.479 position2=0.368 position3=0.555 
mean GC anostraca: all positions=0.400 position1=0.497 position2=0.359 position3=0.344 
mean GC cladocera: all positions=0.445 position1=0.559 position2=0.395 position3=0.381 

** impossible to compute Ks. saturation? **

mean number of non synonymous sites compared: 639.7
mean Ka anostraca: 0.684734
mean Ka cladocera: 0.604064
dKa: 0.0806703	standard deviation (sd): 0.0478593	ratio dKa/sd: 1.68557
exact probability (P): 0.0918859

equally weighted sequences:
> outgro:
tcas	1
> anostraca:
afra	1
> notostraca:
lapu	0.125
lart	0.125
lcou	0.125
lubb	0.125
tcan	0.125
tita	0.125
tlon	0.125
tusa	0.125

mean GC outgro: all positions=0.467 position1=0.479 position2=0.368 position3=0.555 
mean GC anostraca: all positions=0.400 position1=0.497 position2=0.359 position3=0.344 
mean GC notostraca: all positions=0.460 position1=0.530 position2=0.390 position3=0.460 

** impossible to compute Ks. saturation? **

mean number of non synonymous sites compared: 635.3
mean Ka anostraca: 0.684734
mean Ka notostraca: 0.642814
dKa: 0.04192	standard deviation (sd): 0.0498772	ratio dKa/sd: 0.840465
exact probability (P): 0.400653

equally weighted sequences:
> outgro:
tcas	1
> cladocera:
dmag	0.333333
dpul	0.333333
etex	0.333333
> notostraca:
lapu	0.125
lart	0.125
lcou	0.125
lubb	0.125
tcan	0.125
tita	0.125
tlon	0.125
tusa	0.125

mean GC outgro: all positions=0.467 position1=0.479 position2=0.368 position3=0.555 
mean GC cladocera: all positions=0.445 position1=0.559 position2=0.395 position3=0.381 
mean GC notostraca: all positions=0.460 position1=0.530 position2=0.390 position3=0.460 

** impossible to compute Ks. saturation? **

mean number of non synonymous sites compared: 641.8
mean Ka cladocera: 0.604064
mean Ka notostraca: 0.642814
dKa: -0.0387503	standard deviation (sd): 0.040421	ratio dKa/sd: -0.958669
exact probability (P): 0.337732

