

## treatement of 3 lineages from file OG0005272.phy ##

equally weighted sequences:
> outgro:
ocin	0.5
tcas	0.5
> anostraca:
afra	1
> cladocera:
dmag	0.333333
dpul	0.333333
etex	0.333333

mean GC outgro: all positions=0.501 position1=0.506 position2=0.424 position3=0.573 
mean GC anostraca: all positions=0.400 position1=0.469 position2=0.437 position3=0.294 
mean GC cladocera: all positions=0.456 position1=0.490 position2=0.445 position3=0.434 

** impossible to compute Ks. saturation? **

mean number of non synonymous sites compared: 490.6
mean Ka anostraca: 0.39153
mean Ka cladocera: 0.394274
dKa: -0.00274394	standard deviation (sd): 0.028068	ratio dKa/sd: -0.0977606
exact probability (P): 0.922123

equally weighted sequences:
> outgro:
ocin	0.5
tcas	0.5
> anostraca:
afra	1
> notostraca:
lapu	0.125
lart	0.125
lcou	0.125
lubb	0.125
tcan	0.125
tita	0.125
tlon	0.125
tusa	0.125

mean GC outgro: all positions=0.501 position1=0.506 position2=0.424 position3=0.573 
mean GC anostraca: all positions=0.400 position1=0.469 position2=0.437 position3=0.294 
mean GC notostraca: all positions=0.488 position1=0.549 position2=0.456 position3=0.459 

** impossible to compute Ks. saturation? **

mean number of non synonymous sites compared: 490.8
mean Ka anostraca: 0.39153
mean Ka notostraca: 0.382175
dKa: 0.00935496	standard deviation (sd): 0.0302586	ratio dKa/sd: 0.309167
exact probability (P): 0.757197

equally weighted sequences:
> outgro:
ocin	0.5
tcas	0.5
> cladocera:
dmag	0.333333
dpul	0.333333
etex	0.333333
> notostraca:
lapu	0.125
lart	0.125
lcou	0.125
lubb	0.125
tcan	0.125
tita	0.125
tlon	0.125
tusa	0.125

mean GC outgro: all positions=0.501 position1=0.506 position2=0.424 position3=0.573 
mean GC cladocera: all positions=0.456 position1=0.490 position2=0.445 position3=0.434 
mean GC notostraca: all positions=0.488 position1=0.549 position2=0.456 position3=0.459 

** impossible to compute Ks. saturation? **

mean number of non synonymous sites compared: 488.7
mean Ka cladocera: 0.394274
mean Ka notostraca: 0.382175
dKa: 0.0120989	standard deviation (sd): 0.0254539	ratio dKa/sd: 0.475326
exact probability (P): 0.634558

