

## treatement of 3 lineages from file OG0005995.phy ##

equally weighted sequences:
> outgro:
ocin	0.5
tcas	0.5
> anostraca:
afra	1
> cladocera:
dmag	0.5
dpul	0.5

mean GC outgro: all positions=0.454 position1=0.538 position2=0.346 position3=0.479 
mean GC anostraca: all positions=0.379 position1=0.470 position2=0.359 position3=0.308 
mean GC cladocera: all positions=0.411 position1=0.524 position2=0.378 position3=0.331 

** impossible to compute Ks. saturation? **

mean number of non synonymous sites compared: 457.2
mean Ka anostraca: 0.798712
mean Ka cladocera: 0.582748
dKa: 0.215964	standard deviation (sd): 0.0578094	ratio dKa/sd: 3.7358
exact probability (P): 0.000189744

equally weighted sequences:
> outgro:
ocin	0.5
tcas	0.5
> anostraca:
afra	1
> notostraca:
lapu	0.125
lart	0.125
lcou	0.125
lubb	0.125
tcan	0.125
tita	0.125
tlon	0.125
tusa	0.125

mean GC outgro: all positions=0.454 position1=0.538 position2=0.346 position3=0.479 
mean GC anostraca: all positions=0.379 position1=0.470 position2=0.359 position3=0.308 
mean GC notostraca: all positions=0.472 position1=0.570 position2=0.366 position3=0.480 

** impossible to compute Ks. saturation? **

mean number of non synonymous sites compared: 454.5
mean Ka anostraca: 0.798712
mean Ka notostraca: 0.530735
dKa: 0.267977	standard deviation (sd): 0.0574677	ratio dKa/sd: 4.66309
exact probability (P): 4.10793e-06

equally weighted sequences:
> outgro:
ocin	0.5
tcas	0.5
> cladocera:
dmag	0.5
dpul	0.5
> notostraca:
lapu	0.125
lart	0.125
lcou	0.125
lubb	0.125
tcan	0.125
tita	0.125
tlon	0.125
tusa	0.125

mean GC outgro: all positions=0.454 position1=0.538 position2=0.346 position3=0.479 
mean GC cladocera: all positions=0.411 position1=0.524 position2=0.378 position3=0.331 
mean GC notostraca: all positions=0.472 position1=0.570 position2=0.366 position3=0.480 

** impossible to compute Ks. saturation? **

mean number of non synonymous sites compared: 452.1
mean Ka cladocera: 0.582748
mean Ka notostraca: 0.530735
dKa: 0.0520132	standard deviation (sd): 0.0354409	ratio dKa/sd: 1.4676
exact probability (P): 0.142219

