

## treatement of 3 lineages from file OG0005690.phy ##

equally weighted sequences:
> outgro:
ocin	0.5
tcas	0.5
> anostraca:
afra	1
> cladocera:
dmag	0.333333
dpul	0.333333
etex	0.333333

mean GC outgro: all positions=0.417 position1=0.440 position2=0.379 position3=0.431 
mean GC anostraca: all positions=0.408 position1=0.440 position2=0.362 position3=0.422 
mean GC cladocera: all positions=0.491 position1=0.463 position2=0.417 position3=0.595 

** impossible to compute Ks. saturation? **

mean number of non synonymous sites compared: 232.7
mean Ka anostraca: 0.290013
mean Ka cladocera: 0.255333
dKa: 0.0346807	standard deviation (sd): 0.0338604	ratio dKa/sd: 1.02423
exact probability (P): 0.305736

equally weighted sequences:
> outgro:
ocin	0.5
tcas	0.5
> anostraca:
afra	1
> notostraca:
lapu	0.125
lart	0.125
lcou	0.125
lubb	0.125
tcan	0.125
tita	0.125
tlon	0.125
tusa	0.125

mean GC outgro: all positions=0.417 position1=0.440 position2=0.379 position3=0.431 
mean GC anostraca: all positions=0.408 position1=0.440 position2=0.362 position3=0.422 
mean GC notostraca: all positions=0.457 position1=0.475 position2=0.421 position3=0.475 

** impossible to compute Ks. saturation? **

mean number of non synonymous sites compared: 235.6
mean Ka anostraca: 0.290013
mean Ka notostraca: 0.298683
dKa: -0.00866937	standard deviation (sd): 0.0359681	ratio dKa/sd: -0.241029
exact probability (P): 0.809534

equally weighted sequences:
> outgro:
ocin	0.5
tcas	0.5
> cladocera:
dmag	0.333333
dpul	0.333333
etex	0.333333
> notostraca:
lapu	0.125
lart	0.125
lcou	0.125
lubb	0.125
tcan	0.125
tita	0.125
tlon	0.125
tusa	0.125

mean GC outgro: all positions=0.417 position1=0.440 position2=0.379 position3=0.431 
mean GC cladocera: all positions=0.491 position1=0.463 position2=0.417 position3=0.595 
mean GC notostraca: all positions=0.457 position1=0.475 position2=0.421 position3=0.475 

** impossible to compute Ks. saturation? **

mean number of non synonymous sites compared: 230.7
mean Ka cladocera: 0.255333
mean Ka notostraca: 0.298683
dKa: -0.0433501	standard deviation (sd): 0.0283555	ratio dKa/sd: -1.52881
exact probability (P): 0.126321

