

## treatement of 3 lineages from file OG0006295.phy ##

equally weighted sequences:
> outgro:
tcas	1
> anostraca:
afra	1
> cladocera:
dmag	0.333333
dpul	0.333333
etex	0.333333

mean GC outgro: all positions=0.527 position1=0.591 position2=0.382 position3=0.608 
mean GC anostraca: all positions=0.392 position1=0.511 position2=0.371 position3=0.296 
mean GC cladocera: all positions=0.457 position1=0.547 position2=0.362 position3=0.462 

** impossible to compute Ks. saturation? **

mean number of non synonymous sites compared: 362.0
mean Ka anostraca: 0.623774
mean Ka cladocera: 0.562171
dKa: 0.0616027	standard deviation (sd): 0.0551306	ratio dKa/sd: 1.1174
exact probability (P): 0.263832

equally weighted sequences:
> outgro:
tcas	1
> anostraca:
afra	1
> notostraca:
lapu	0.125
lart	0.125
lcou	0.125
lubb	0.125
tcan	0.125
tita	0.125
tlon	0.125
tusa	0.125

mean GC outgro: all positions=0.527 position1=0.591 position2=0.382 position3=0.608 
mean GC anostraca: all positions=0.392 position1=0.511 position2=0.371 position3=0.296 
mean GC notostraca: all positions=0.451 position1=0.538 position2=0.378 position3=0.437 

** impossible to compute Ks. saturation? **

mean number of non synonymous sites compared: 358.2
mean Ka anostraca: 0.623774
mean Ka notostraca: 0.514813
dKa: 0.108961	standard deviation (sd): 0.0574831	ratio dKa/sd: 1.89554
exact probability (P): 0.05803

equally weighted sequences:
> outgro:
tcas	1
> cladocera:
dmag	0.333333
dpul	0.333333
etex	0.333333
> notostraca:
lapu	0.125
lart	0.125
lcou	0.125
lubb	0.125
tcan	0.125
tita	0.125
tlon	0.125
tusa	0.125

mean GC outgro: all positions=0.527 position1=0.591 position2=0.382 position3=0.608 
mean GC cladocera: all positions=0.457 position1=0.547 position2=0.362 position3=0.462 
mean GC notostraca: all positions=0.451 position1=0.538 position2=0.378 position3=0.437 

** impossible to compute Ks. saturation? **

mean number of non synonymous sites compared: 360.5
mean Ka cladocera: 0.562171
mean Ka notostraca: 0.514813
dKa: 0.0473587	standard deviation (sd): 0.0434169	ratio dKa/sd: 1.09079
exact probability (P): 0.275372

