

## treatement of 3 lineages from file OG0008031.phy ##

equally weighted sequences:
> outgro:
ocin	1
> anostraca:
afra	1
> cladocera:
dmag	0.5
dpul	0.5

mean GC outgro: all positions=0.492 position1=0.578 position2=0.440 position3=0.459 
mean GC anostraca: all positions=0.419 position1=0.514 position2=0.394 position3=0.349 
mean GC cladocera: all positions=0.540 position1=0.523 position2=0.436 position3=0.661 

** impossible to compute Ks. saturation? **

mean number of non synonymous sites compared: 227.8
mean Ka anostraca: 0.492195
mean Ka cladocera: 0.428334
dKa: 0.0638613	standard deviation (sd): 0.0662876	ratio dKa/sd: 0.963397
exact probability (P): 0.335355

equally weighted sequences:
> outgro:
ocin	1
> anostraca:
afra	1
> notostraca:
lart	0.166667
lcou	0.166667
tcan	0.166667
tita	0.166667
tlon	0.166667
tusa	0.166667

mean GC outgro: all positions=0.492 position1=0.578 position2=0.440 position3=0.459 
mean GC anostraca: all positions=0.419 position1=0.514 position2=0.394 position3=0.349 
mean GC notostraca: all positions=0.506 position1=0.566 position2=0.460 position3=0.491 

** impossible to compute Ks. saturation? **

mean number of non synonymous sites compared: 225.3
mean Ka anostraca: 0.492195
mean Ka notostraca: 0.406473
dKa: 0.0857214	standard deviation (sd): 0.0629438	ratio dKa/sd: 1.36187
exact probability (P): 0.173246

equally weighted sequences:
> outgro:
ocin	1
> cladocera:
dmag	0.5
dpul	0.5
> notostraca:
lart	0.166667
lcou	0.166667
tcan	0.166667
tita	0.166667
tlon	0.166667
tusa	0.166667

mean GC outgro: all positions=0.492 position1=0.578 position2=0.440 position3=0.459 
mean GC cladocera: all positions=0.540 position1=0.523 position2=0.436 position3=0.661 
mean GC notostraca: all positions=0.506 position1=0.566 position2=0.460 position3=0.491 

** impossible to compute Ks. saturation? **

mean number of non synonymous sites compared: 219.1
mean Ka cladocera: 0.428334
mean Ka notostraca: 0.406473
dKa: 0.0218601	standard deviation (sd): 0.0561569	ratio dKa/sd: 0.389269
exact probability (P): 0.69708

