

## treatement of 3 lineages from file OG0008455.phy ##

equally weighted sequences:
> outgro:
ocin	0.5
tcas	0.5
> anostraca:
afra	1
> cladocera:
dmag	0.333333
dpul	0.333333
etex	0.333333

mean GC outgro: all positions=0.441 position1=0.417 position2=0.521 position3=0.385 
mean GC anostraca: all positions=0.396 position1=0.396 position2=0.438 position3=0.354 
mean GC cladocera: all positions=0.447 position1=0.417 position2=0.493 position3=0.431 

** impossible to compute Ks. saturation? **

mean number of non synonymous sites compared: 98.4
mean Ka anostraca: 0.590124
mean Ka cladocera: 0.416854
dKa: 0.173269	standard deviation (sd): 0.0997104	ratio dKa/sd: 1.73773
exact probability (P): 0.0822655

equally weighted sequences:
> outgro:
ocin	0.5
tcas	0.5
> anostraca:
afra	1
> notostraca:
tcan	0.333333
tita	0.333333
tusa	0.333333

mean GC outgro: all positions=0.441 position1=0.417 position2=0.521 position3=0.385 
mean GC anostraca: all positions=0.396 position1=0.396 position2=0.438 position3=0.354 
mean GC notostraca: all positions=0.475 position1=0.479 position2=0.486 position3=0.458 

** impossible to compute Ks. saturation? **

mean number of non synonymous sites compared: 99.1
mean Ka anostraca: 0.590124
mean Ka notostraca: 0.525286
dKa: 0.0648371	standard deviation (sd): 0.12629	ratio dKa/sd: 0.513399
exact probability (P): 0.607676

equally weighted sequences:
> outgro:
ocin	0.5
tcas	0.5
> cladocera:
dmag	0.333333
dpul	0.333333
etex	0.333333
> notostraca:
tcan	0.333333
tita	0.333333
tusa	0.333333

mean GC outgro: all positions=0.441 position1=0.417 position2=0.521 position3=0.385 
mean GC cladocera: all positions=0.447 position1=0.417 position2=0.493 position3=0.431 
mean GC notostraca: all positions=0.475 position1=0.479 position2=0.486 position3=0.458 

** impossible to compute Ks. saturation? **

mean number of non synonymous sites compared: 95.7
mean Ka cladocera: 0.416854
mean Ka notostraca: 0.525286
dKa: -0.108432	standard deviation (sd): 0.0840074	ratio dKa/sd: -1.29075
exact probability (P): 0.196799

