

## treatement of 3 lineages from file OG0006198.phy ##

equally weighted sequences:
> outgro:
tcas	1
> anostraca:
afra	1
> cladocera:
dmag	0.333333
dpul	0.333333
etex	0.333333

mean GC outgro: all positions=0.552 position1=0.552 position2=0.379 position3=0.724 
mean GC anostraca: all positions=0.368 position1=0.345 position2=0.414 position3=0.345 
mean GC cladocera: all positions=0.448 position1=0.506 position2=0.322 position3=0.517 

** impossible to compute Ks. saturation? **

mean number of non synonymous sites compared: 58.1
mean Ka anostraca: 0.717693
mean Ka cladocera: 0.43898
dKa: 0.278713	standard deviation (sd): 0.138815	ratio dKa/sd: 2.0078
exact probability (P): 0.0446724

equally weighted sequences:
> outgro:
tcas	1
> anostraca:
afra	1
> notostraca:
lapu	0.125
lart	0.125
lcou	0.125
lubb	0.125
tcan	0.125
tita	0.125
tlon	0.125
tusa	0.125

mean GC outgro: all positions=0.552 position1=0.552 position2=0.379 position3=0.724 
mean GC anostraca: all positions=0.368 position1=0.345 position2=0.414 position3=0.345 
mean GC notostraca: all positions=0.412 position1=0.397 position2=0.384 position3=0.457 

** impossible to compute Ks. saturation? **

mean number of non synonymous sites compared: 56.9
mean Ka anostraca: 0.717693
mean Ka notostraca: 0.380051
dKa: 0.337642	standard deviation (sd): 0.142154	ratio dKa/sd: 2.37518
exact probability (P): 0.0175461

equally weighted sequences:
> outgro:
tcas	1
> cladocera:
dmag	0.333333
dpul	0.333333
etex	0.333333
> notostraca:
lapu	0.125
lart	0.125
lcou	0.125
lubb	0.125
tcan	0.125
tita	0.125
tlon	0.125
tusa	0.125

mean GC outgro: all positions=0.552 position1=0.552 position2=0.379 position3=0.724 
mean GC cladocera: all positions=0.448 position1=0.506 position2=0.322 position3=0.517 
mean GC notostraca: all positions=0.412 position1=0.397 position2=0.384 position3=0.457 

** impossible to compute Ks. saturation? **

mean number of non synonymous sites compared: 58.3
mean Ka cladocera: 0.43898
mean Ka notostraca: 0.380051
dKa: 0.0589285	standard deviation (sd): 0.0927676	ratio dKa/sd: 0.635227
exact probability (P): 0.525285

