

## treatement of 3 lineages from file OG0006070.phy ##

equally weighted sequences:
> outgro:
ocin	0.5
tcas	0.5
> anostraca:
afra	1
> cladocera:
dpul	0.5
etex	0.5

mean GC outgro: all positions=0.453 position1=0.511 position2=0.353 position3=0.495 
mean GC anostraca: all positions=0.333 position1=0.435 position2=0.315 position3=0.250 
mean GC cladocera: all positions=0.442 position1=0.554 position2=0.321 position3=0.451 

** impossible to compute Ks. saturation? **

mean number of non synonymous sites compared: 187.0
mean Ka anostraca: 0.535476
mean Ka cladocera: 0.312181
dKa: 0.223294	standard deviation (sd): 0.0625605	ratio dKa/sd: 3.56926
exact probability (P): 0.000361386

equally weighted sequences:
> outgro:
ocin	0.5
tcas	0.5
> anostraca:
afra	1
> notostraca:
lapu	0.125
lart	0.125
lcou	0.125
lubb	0.125
tcan	0.125
tita	0.125
tlon	0.125
tusa	0.125

mean GC outgro: all positions=0.453 position1=0.511 position2=0.353 position3=0.495 
mean GC anostraca: all positions=0.333 position1=0.435 position2=0.315 position3=0.250 
mean GC notostraca: all positions=0.426 position1=0.514 position2=0.348 position3=0.417 

** impossible to compute Ks. saturation? **

mean number of non synonymous sites compared: 188.8
mean Ka anostraca: 0.535476
mean Ka notostraca: 0.27032
dKa: 0.265156	standard deviation (sd): 0.0677272	ratio dKa/sd: 3.91506
exact probability (P): 9.29316e-05

equally weighted sequences:
> outgro:
ocin	0.5
tcas	0.5
> cladocera:
dpul	0.5
etex	0.5
> notostraca:
lapu	0.125
lart	0.125
lcou	0.125
lubb	0.125
tcan	0.125
tita	0.125
tlon	0.125
tusa	0.125

mean GC outgro: all positions=0.453 position1=0.511 position2=0.353 position3=0.495 
mean GC cladocera: all positions=0.442 position1=0.554 position2=0.321 position3=0.451 
mean GC notostraca: all positions=0.426 position1=0.514 position2=0.348 position3=0.417 

** impossible to compute Ks. saturation? **

mean number of non synonymous sites compared: 184.4
mean Ka cladocera: 0.312181
mean Ka notostraca: 0.27032
dKa: 0.0418616	standard deviation (sd): 0.0314553	ratio dKa/sd: 1.33083
exact probability (P): 0.183254

