

## treatement of 3 lineages from file OG0004984.phy ##

equally weighted sequences:
> outgro:
ocin	0.5
tcas	0.5
> anostraca:
afra	1
> cladocera:
dmag	0.333333
dpul	0.333333
etex	0.333333

mean GC outgro: all positions=0.384 position1=0.490 position2=0.301 position3=0.361 
mean GC anostraca: all positions=0.404 position1=0.527 position2=0.325 position3=0.360 
mean GC cladocera: all positions=0.440 position1=0.518 position2=0.338 position3=0.465 

** impossible to compute Ks. saturation? **

mean number of non synonymous sites compared: 559.4
mean Ka anostraca: 0.432376
mean Ka cladocera: 0.422657
dKa: 0.00971924	standard deviation (sd): 0.0262235	ratio dKa/sd: 0.370631
exact probability (P): 0.710915

equally weighted sequences:
> outgro:
ocin	0.5
tcas	0.5
> anostraca:
afra	1
> notostraca:
lapu	0.125
lart	0.125
lcou	0.125
lubb	0.125
tcan	0.125
tita	0.125
tlon	0.125
tusa	0.125

mean GC outgro: all positions=0.384 position1=0.490 position2=0.301 position3=0.361 
mean GC anostraca: all positions=0.404 position1=0.527 position2=0.325 position3=0.360 
mean GC notostraca: all positions=0.443 position1=0.539 position2=0.327 position3=0.463 

** impossible to compute Ks. saturation? **

mean number of non synonymous sites compared: 561.9
mean Ka anostraca: 0.432376
mean Ka notostraca: 0.415485
dKa: 0.0168906	standard deviation (sd): 0.0266553	ratio dKa/sd: 0.633668
exact probability (P): 0.526301

equally weighted sequences:
> outgro:
ocin	0.5
tcas	0.5
> cladocera:
dmag	0.333333
dpul	0.333333
etex	0.333333
> notostraca:
lapu	0.125
lart	0.125
lcou	0.125
lubb	0.125
tcan	0.125
tita	0.125
tlon	0.125
tusa	0.125

mean GC outgro: all positions=0.384 position1=0.490 position2=0.301 position3=0.361 
mean GC cladocera: all positions=0.440 position1=0.518 position2=0.338 position3=0.465 
mean GC notostraca: all positions=0.443 position1=0.539 position2=0.327 position3=0.463 

** impossible to compute Ks. saturation? **

mean number of non synonymous sites compared: 563.4
mean Ka cladocera: 0.422657
mean Ka notostraca: 0.415485
dKa: 0.00717135	standard deviation (sd): 0.0232055	ratio dKa/sd: 0.309037
exact probability (P): 0.757296

