

## treatement of 3 lineages from file OG0006206.phy ##

equally weighted sequences:
> outgro:
tcas	1
> anostraca:
afra	1
> cladocera:
dmag	0.333333
dpul	0.333333
etex	0.333333

mean GC outgro: all positions=0.406 position1=0.473 position2=0.318 position3=0.427 
mean GC anostraca: all positions=0.397 position1=0.436 position2=0.382 position3=0.373 
mean GC cladocera: all positions=0.420 position1=0.518 position2=0.409 position3=0.333 

** impossible to compute Ks. saturation? **

mean number of non synonymous sites compared: 211.3
mean Ka anostraca: 0.919589
mean Ka cladocera: 0.527321
dKa: 0.392268	standard deviation (sd): 0.104241	ratio dKa/sd: 3.76309
exact probability (P): 0.000169993

equally weighted sequences:
> outgro:
tcas	1
> anostraca:
afra	1
> notostraca:
lapu	0.125
lart	0.125
lcou	0.125
lubb	0.125
tcan	0.125
tita	0.125
tlon	0.125
tusa	0.125

mean GC outgro: all positions=0.406 position1=0.473 position2=0.318 position3=0.427 
mean GC anostraca: all positions=0.397 position1=0.436 position2=0.382 position3=0.373 
mean GC notostraca: all positions=0.451 position1=0.549 position2=0.384 position3=0.420 

** impossible to compute Ks. saturation? **

mean number of non synonymous sites compared: 210.4
mean Ka anostraca: 0.919589
mean Ka notostraca: 0.470237
dKa: 0.449352	standard deviation (sd): 0.101738	ratio dKa/sd: 4.41677
exact probability (P): 1.10199e-05

equally weighted sequences:
> outgro:
tcas	1
> cladocera:
dmag	0.333333
dpul	0.333333
etex	0.333333
> notostraca:
lapu	0.125
lart	0.125
lcou	0.125
lubb	0.125
tcan	0.125
tita	0.125
tlon	0.125
tusa	0.125

mean GC outgro: all positions=0.406 position1=0.473 position2=0.318 position3=0.427 
mean GC cladocera: all positions=0.420 position1=0.518 position2=0.409 position3=0.333 
mean GC notostraca: all positions=0.451 position1=0.549 position2=0.384 position3=0.420 

** impossible to compute Ks. saturation? **

mean number of non synonymous sites compared: 209.5
mean Ka cladocera: 0.527321
mean Ka notostraca: 0.470237
dKa: 0.0570839	standard deviation (sd): 0.0485595	ratio dKa/sd: 1.17555
exact probability (P): 0.239784

