

## treatement of 3 lineages from file OG0005622.phy ##

equally weighted sequences:
> outgro:
ocin	0.5
tcas	0.5
> anostraca:
afra	1
> cladocera:
dmag	0.333333
dpul	0.333333
etex	0.333333

mean GC outgro: all positions=0.470 position1=0.485 position2=0.373 position3=0.552 
mean GC anostraca: all positions=0.420 position1=0.418 position2=0.358 position3=0.485 
mean GC cladocera: all positions=0.507 position1=0.470 position2=0.366 position3=0.684 

** impossible to compute Ks. saturation? **

mean number of non synonymous sites compared: 259.0
mean Ka anostraca: 0.191286
mean Ka cladocera: 0.147848
dKa: 0.0434374	standard deviation (sd): 0.0216476	ratio dKa/sd: 2.00657
exact probability (P): 0.0448036

equally weighted sequences:
> outgro:
ocin	0.5
tcas	0.5
> anostraca:
afra	1
> notostraca:
lapu	0.125
lart	0.125
lcou	0.125
lubb	0.125
tcan	0.125
tita	0.125
tlon	0.125
tusa	0.125

mean GC outgro: all positions=0.470 position1=0.485 position2=0.373 position3=0.552 
mean GC anostraca: all positions=0.420 position1=0.418 position2=0.358 position3=0.485 
mean GC notostraca: all positions=0.481 position1=0.445 position2=0.392 position3=0.605 

** impossible to compute Ks. saturation? **

mean number of non synonymous sites compared: 257.0
mean Ka anostraca: 0.191286
mean Ka notostraca: 0.183681
dKa: 0.00760455	standard deviation (sd): 0.0277332	ratio dKa/sd: 0.274203
exact probability (P): 0.78393

equally weighted sequences:
> outgro:
ocin	0.5
tcas	0.5
> cladocera:
dmag	0.333333
dpul	0.333333
etex	0.333333
> notostraca:
lapu	0.125
lart	0.125
lcou	0.125
lubb	0.125
tcan	0.125
tita	0.125
tlon	0.125
tusa	0.125

mean GC outgro: all positions=0.470 position1=0.485 position2=0.373 position3=0.552 
mean GC cladocera: all positions=0.507 position1=0.470 position2=0.366 position3=0.684 
mean GC notostraca: all positions=0.481 position1=0.445 position2=0.392 position3=0.605 

** impossible to compute Ks. saturation? **

mean number of non synonymous sites compared: 260.2
mean Ka cladocera: 0.147848
mean Ka notostraca: 0.183681
dKa: -0.0358329	standard deviation (sd): 0.0213302	ratio dKa/sd: -1.67991
exact probability (P): 0.0929826

