

## treatement of 3 lineages from file OG0005239.phy ##

equally weighted sequences:
> outgro:
ocin	0.5
tcas	0.5
> anostraca:
afra	1
> cladocera:
dmag	0.333333
dpul	0.333333
etex	0.333333

mean GC outgro: all positions=0.414 position1=0.441 position2=0.257 position3=0.544 
mean GC anostraca: all positions=0.353 position1=0.406 position2=0.259 position3=0.393 
mean GC cladocera: all positions=0.403 position1=0.473 position2=0.269 position3=0.466 

** impossible to compute Ks. saturation? **

mean number of non synonymous sites compared: 466.3
mean Ka anostraca: 0.331647
mean Ka cladocera: 0.297542
dKa: 0.0341053	standard deviation (sd): 0.0235743	ratio dKa/sd: 1.44671
exact probability (P): 0.147986

equally weighted sequences:
> outgro:
ocin	0.5
tcas	0.5
> anostraca:
afra	1
> notostraca:
lapu	0.125
lart	0.125
lcou	0.125
lubb	0.125
tcan	0.125
tita	0.125
tlon	0.125
tusa	0.125

mean GC outgro: all positions=0.414 position1=0.441 position2=0.257 position3=0.544 
mean GC anostraca: all positions=0.353 position1=0.406 position2=0.259 position3=0.393 
mean GC notostraca: all positions=0.412 position1=0.448 position2=0.299 position3=0.489 

** impossible to compute Ks. saturation? **

mean number of non synonymous sites compared: 466.9
mean Ka anostraca: 0.331647
mean Ka notostraca: 0.294667
dKa: 0.0369803	standard deviation (sd): 0.0250496	ratio dKa/sd: 1.47629
exact probability (P): 0.139876

equally weighted sequences:
> outgro:
ocin	0.5
tcas	0.5
> cladocera:
dmag	0.333333
dpul	0.333333
etex	0.333333
> notostraca:
lapu	0.125
lart	0.125
lcou	0.125
lubb	0.125
tcan	0.125
tita	0.125
tlon	0.125
tusa	0.125

mean GC outgro: all positions=0.414 position1=0.441 position2=0.257 position3=0.544 
mean GC cladocera: all positions=0.403 position1=0.473 position2=0.269 position3=0.466 
mean GC notostraca: all positions=0.412 position1=0.448 position2=0.299 position3=0.489 

** impossible to compute Ks. saturation? **

mean number of non synonymous sites compared: 460.6
mean Ka cladocera: 0.297542
mean Ka notostraca: 0.294667
dKa: 0.00287508	standard deviation (sd): 0.0186073	ratio dKa/sd: 0.154514
exact probability (P): 0.877205

