

## treatement of 3 lineages from file OG0005391.phy ##

equally weighted sequences:
> outgro:
ocin	0.5
tcas	0.5
> anostraca:
afra	1
> cladocera:
dmag	0.333333
dpul	0.333333
etex	0.333333

mean GC outgro: all positions=0.437 position1=0.515 position2=0.355 position3=0.440 
mean GC anostraca: all positions=0.425 position1=0.509 position2=0.378 position3=0.388 
mean GC cladocera: all positions=0.468 position1=0.523 position2=0.374 position3=0.507 

** impossible to compute Ks. saturation? **

mean number of non synonymous sites compared: 755.3
mean Ka anostraca: 0.251854
mean Ka cladocera: 0.228674
dKa: 0.0231808	standard deviation (sd): 0.0165862	ratio dKa/sd: 1.39759
exact probability (P): 0.162244

equally weighted sequences:
> outgro:
ocin	0.5
tcas	0.5
> anostraca:
afra	1
> notostraca:
lapu	0.125
lart	0.125
lcou	0.125
lubb	0.125
tcan	0.125
tita	0.125
tlon	0.125
tusa	0.125

mean GC outgro: all positions=0.437 position1=0.515 position2=0.355 position3=0.440 
mean GC anostraca: all positions=0.425 position1=0.509 position2=0.378 position3=0.388 
mean GC notostraca: all positions=0.458 position1=0.523 position2=0.366 position3=0.486 

** impossible to compute Ks. saturation? **

mean number of non synonymous sites compared: 754.2
mean Ka anostraca: 0.251854
mean Ka notostraca: 0.23179
dKa: 0.0200642	standard deviation (sd): 0.017828	ratio dKa/sd: 1.12543
exact probability (P): 0.260413

equally weighted sequences:
> outgro:
ocin	0.5
tcas	0.5
> cladocera:
dmag	0.333333
dpul	0.333333
etex	0.333333
> notostraca:
lapu	0.125
lart	0.125
lcou	0.125
lubb	0.125
tcan	0.125
tita	0.125
tlon	0.125
tusa	0.125

mean GC outgro: all positions=0.437 position1=0.515 position2=0.355 position3=0.440 
mean GC cladocera: all positions=0.468 position1=0.523 position2=0.374 position3=0.507 
mean GC notostraca: all positions=0.458 position1=0.523 position2=0.366 position3=0.486 

** impossible to compute Ks. saturation? **

mean number of non synonymous sites compared: 749.9
mean Ka cladocera: 0.228674
mean Ka notostraca: 0.23179
dKa: -0.00311662	standard deviation (sd): 0.0138159	ratio dKa/sd: -0.225582
exact probability (P): 0.821528

