

## treatement of 3 lineages from file OG0006815.phy ##

equally weighted sequences:
> outgro:
tcas	1
> anostraca:
afra	1
> cladocera:
dmag	0.5
dpul	0.5

mean GC outgro: all positions=0.412 position1=0.459 position2=0.286 position3=0.490 
mean GC anostraca: all positions=0.320 position1=0.449 position2=0.286 position3=0.224 
mean GC cladocera: all positions=0.400 position1=0.566 position2=0.327 position3=0.306 

** impossible to compute Ks. saturation? **

mean number of non synonymous sites compared: 191.2
mean Ka anostraca: 0.40128
mean Ka cladocera: 0.274044
dKa: 0.127236	standard deviation (sd): 0.0505711	ratio dKa/sd: 2.51598
exact probability (P): 0.0118769

equally weighted sequences:
> outgro:
tcas	1
> anostraca:
afra	1
> notostraca:
lapu	0.125
lart	0.125
lcou	0.125
lubb	0.125
tcan	0.125
tita	0.125
tlon	0.125
tusa	0.125

mean GC outgro: all positions=0.412 position1=0.459 position2=0.286 position3=0.490 
mean GC anostraca: all positions=0.320 position1=0.449 position2=0.286 position3=0.224 
mean GC notostraca: all positions=0.431 position1=0.542 position2=0.343 position3=0.407 

** impossible to compute Ks. saturation? **

mean number of non synonymous sites compared: 191.0
mean Ka anostraca: 0.40128
mean Ka notostraca: 0.291326
dKa: 0.109953	standard deviation (sd): 0.052278	ratio dKa/sd: 2.10324
exact probability (P): 0.035453

equally weighted sequences:
> outgro:
tcas	1
> cladocera:
dmag	0.5
dpul	0.5
> notostraca:
lapu	0.125
lart	0.125
lcou	0.125
lubb	0.125
tcan	0.125
tita	0.125
tlon	0.125
tusa	0.125

mean GC outgro: all positions=0.412 position1=0.459 position2=0.286 position3=0.490 
mean GC cladocera: all positions=0.400 position1=0.566 position2=0.327 position3=0.306 
mean GC notostraca: all positions=0.431 position1=0.542 position2=0.343 position3=0.407 

** impossible to compute Ks. saturation? **

mean number of non synonymous sites compared: 193.9
mean Ka cladocera: 0.274044
mean Ka notostraca: 0.291326
dKa: -0.0172825	standard deviation (sd): 0.0355822	ratio dKa/sd: -0.485707
exact probability (P): 0.627178

