

## treatement of 3 lineages from file OG0005645.phy ##

equally weighted sequences:
> outgro:
ocin	0.5
tcas	0.5
> anostraca:
afra	1
> cladocera:
dmag	0.333333
dpul	0.333333
etex	0.333333

mean GC outgro: all positions=0.478 position1=0.536 position2=0.362 position3=0.536 
mean GC anostraca: all positions=0.413 position1=0.513 position2=0.385 position3=0.341 
mean GC cladocera: all positions=0.452 position1=0.553 position2=0.361 position3=0.442 

** impossible to compute Ks. saturation? **

mean number of non synonymous sites compared: 757.6
mean Ka anostraca: 0.28107
mean Ka cladocera: 0.272312
dKa: 0.00875855	standard deviation (sd): 0.0187576	ratio dKa/sd: 0.466932
exact probability (P): 0.640552

equally weighted sequences:
> outgro:
ocin	0.5
tcas	0.5
> anostraca:
afra	1
> notostraca:
lapu	0.125
lart	0.125
lcou	0.125
lubb	0.125
tcan	0.125
tita	0.125
tlon	0.125
tusa	0.125

mean GC outgro: all positions=0.478 position1=0.536 position2=0.362 position3=0.536 
mean GC anostraca: all positions=0.413 position1=0.513 position2=0.385 position3=0.341 
mean GC notostraca: all positions=0.464 position1=0.545 position2=0.365 position3=0.483 

** impossible to compute Ks. saturation? **

mean number of non synonymous sites compared: 755.8
mean Ka anostraca: 0.28107
mean Ka notostraca: 0.267459
dKa: 0.0136111	standard deviation (sd): 0.0190997	ratio dKa/sd: 0.712634
exact probability (P): 0.476078

equally weighted sequences:
> outgro:
ocin	0.5
tcas	0.5
> cladocera:
dmag	0.333333
dpul	0.333333
etex	0.333333
> notostraca:
lapu	0.125
lart	0.125
lcou	0.125
lubb	0.125
tcan	0.125
tita	0.125
tlon	0.125
tusa	0.125

mean GC outgro: all positions=0.478 position1=0.536 position2=0.362 position3=0.536 
mean GC cladocera: all positions=0.452 position1=0.553 position2=0.361 position3=0.442 
mean GC notostraca: all positions=0.464 position1=0.545 position2=0.365 position3=0.483 

** impossible to compute Ks. saturation? **

mean number of non synonymous sites compared: 758.7
mean Ka cladocera: 0.272312
mean Ka notostraca: 0.267459
dKa: 0.00485254	standard deviation (sd): 0.016891	ratio dKa/sd: 0.287286
exact probability (P): 0.773895

