

## treatement of 3 lineages from file OG0007567.phy ##

equally weighted sequences:
> outgro:
ocin	1
> anostraca:
afra	1
> cladocera:
dmag	0.333333
dpul	0.333333
etex	0.333333

mean GC outgro: all positions=0.369 position1=0.422 position2=0.321 position3=0.365 
mean GC anostraca: all positions=0.381 position1=0.402 position2=0.353 position3=0.387 
mean GC cladocera: all positions=0.419 position1=0.453 position2=0.376 position3=0.428 

** impossible to compute Ks. saturation? **

mean number of non synonymous sites compared: 770.0
mean Ka anostraca: 0.952865
mean Ka cladocera: 0.940944
dKa: 0.0119215	standard deviation (sd): 0.0622547	ratio dKa/sd: 0.191496
exact probability (P): 0.848139

equally weighted sequences:
> outgro:
ocin	1
> anostraca:
afra	1
> notostraca:
lart	0.166667
lcou	0.166667
tcan	0.166667
tita	0.166667
tlon	0.166667
tusa	0.166667

mean GC outgro: all positions=0.369 position1=0.422 position2=0.321 position3=0.365 
mean GC anostraca: all positions=0.381 position1=0.402 position2=0.353 position3=0.387 
mean GC notostraca: all positions=0.460 position1=0.512 position2=0.376 position3=0.491 

** impossible to compute Ks. saturation? **

mean number of non synonymous sites compared: 767.1
mean Ka anostraca: 0.952865
mean Ka notostraca: 0.94336
dKa: 0.00950548	standard deviation (sd): 0.0664783	ratio dKa/sd: 0.142986
exact probability (P): 0.886302

equally weighted sequences:
> outgro:
ocin	1
> cladocera:
dmag	0.333333
dpul	0.333333
etex	0.333333
> notostraca:
lart	0.166667
lcou	0.166667
tcan	0.166667
tita	0.166667
tlon	0.166667
tusa	0.166667

mean GC outgro: all positions=0.369 position1=0.422 position2=0.321 position3=0.365 
mean GC cladocera: all positions=0.419 position1=0.453 position2=0.376 position3=0.428 
mean GC notostraca: all positions=0.460 position1=0.512 position2=0.376 position3=0.491 

** impossible to compute Ks. saturation? **

mean number of non synonymous sites compared: 766.8
mean Ka cladocera: 0.940944
mean Ka notostraca: 0.94336
dKa: -0.00241604	standard deviation (sd): 0.0529074	ratio dKa/sd: -0.0456655
exact probability (P): 0.963577

