

## treatement of 3 lineages from file OG0005396.phy ##

equally weighted sequences:
> outgro:
ocin	0.5
tcas	0.5
> anostraca:
afra	1
> cladocera:
dmag	0.333333
dpul	0.333333
etex	0.333333

mean GC outgro: all positions=0.448 position1=0.563 position2=0.404 position3=0.378 
mean GC anostraca: all positions=0.435 position1=0.573 position2=0.399 position3=0.332 
mean GC cladocera: all positions=0.476 position1=0.572 position2=0.413 position3=0.443 

** impossible to compute Ks. saturation? **

mean number of non synonymous sites compared: 539.2
mean Ka anostraca: 0.204951
mean Ka cladocera: 0.195941
dKa: 0.00900994	standard deviation (sd): 0.0150482	ratio dKa/sd: 0.598737
exact probability (P): 0.549353

equally weighted sequences:
> outgro:
ocin	0.5
tcas	0.5
> anostraca:
afra	1
> notostraca:
lapu	0.125
lart	0.125
lcou	0.125
lubb	0.125
tcan	0.125
tita	0.125
tlon	0.125
tusa	0.125

mean GC outgro: all positions=0.448 position1=0.563 position2=0.404 position3=0.378 
mean GC anostraca: all positions=0.435 position1=0.573 position2=0.399 position3=0.332 
mean GC notostraca: all positions=0.483 position1=0.568 position2=0.417 position3=0.465 

** impossible to compute Ks. saturation? **

mean number of non synonymous sites compared: 540.0
mean Ka anostraca: 0.204951
mean Ka notostraca: 0.199776
dKa: 0.00517588	standard deviation (sd): 0.0149189	ratio dKa/sd: 0.346934
exact probability (P): 0.728643

equally weighted sequences:
> outgro:
ocin	0.5
tcas	0.5
> cladocera:
dmag	0.333333
dpul	0.333333
etex	0.333333
> notostraca:
lapu	0.125
lart	0.125
lcou	0.125
lubb	0.125
tcan	0.125
tita	0.125
tlon	0.125
tusa	0.125

mean GC outgro: all positions=0.448 position1=0.563 position2=0.404 position3=0.378 
mean GC cladocera: all positions=0.476 position1=0.572 position2=0.413 position3=0.443 
mean GC notostraca: all positions=0.483 position1=0.568 position2=0.417 position3=0.465 

** impossible to compute Ks. saturation? **

mean number of non synonymous sites compared: 542.6
mean Ka cladocera: 0.195941
mean Ka notostraca: 0.199776
dKa: -0.00383406	standard deviation (sd): 0.0117815	ratio dKa/sd: -0.32543
exact probability (P): 0.744859

