

## treatement of 3 lineages from file OG0006255.phy ##

equally weighted sequences:
> outgro:
ocin	0.5
tcas	0.5
> anostraca:
afra	1
> cladocera:
dmag	0.5
dpul	0.5

mean GC outgro: all positions=0.456 position1=0.529 position2=0.371 position3=0.468 
mean GC anostraca: all positions=0.382 position1=0.491 position2=0.339 position3=0.315 
mean GC cladocera: all positions=0.489 position1=0.556 position2=0.362 position3=0.548 

** impossible to compute Ks. saturation? **

mean number of non synonymous sites compared: 899.3
mean Ka anostraca: 0.429268
mean Ka cladocera: 0.371918
dKa: 0.0573509	standard deviation (sd): 0.0244943	ratio dKa/sd: 2.3414
exact probability (P): 0.0192196

equally weighted sequences:
> outgro:
ocin	0.5
tcas	0.5
> anostraca:
afra	1
> notostraca:
lapu	0.125
lart	0.125
lcou	0.125
lubb	0.125
tcan	0.125
tita	0.125
tlon	0.125
tusa	0.125

mean GC outgro: all positions=0.456 position1=0.529 position2=0.371 position3=0.468 
mean GC anostraca: all positions=0.382 position1=0.491 position2=0.339 position3=0.315 
mean GC notostraca: all positions=0.441 position1=0.497 position2=0.343 position3=0.483 

** impossible to compute Ks. saturation? **

mean number of non synonymous sites compared: 900.3
mean Ka anostraca: 0.429268
mean Ka notostraca: 0.329405
dKa: 0.099863	standard deviation (sd): 0.0229715	ratio dKa/sd: 4.34725
exact probability (P): 1.50842e-05

equally weighted sequences:
> outgro:
ocin	0.5
tcas	0.5
> cladocera:
dmag	0.5
dpul	0.5
> notostraca:
lapu	0.125
lart	0.125
lcou	0.125
lubb	0.125
tcan	0.125
tita	0.125
tlon	0.125
tusa	0.125

mean GC outgro: all positions=0.456 position1=0.529 position2=0.371 position3=0.468 
mean GC cladocera: all positions=0.489 position1=0.556 position2=0.362 position3=0.548 
mean GC notostraca: all positions=0.441 position1=0.497 position2=0.343 position3=0.483 

** impossible to compute Ks. saturation? **

mean number of non synonymous sites compared: 885.4
mean Ka cladocera: 0.371918
mean Ka notostraca: 0.329405
dKa: 0.0425121	standard deviation (sd): 0.0180121	ratio dKa/sd: 2.36019
exact probability (P): 0.0182727

