

## treatement of 3 lineages from file OG0006040.phy ##

equally weighted sequences:
> outgro:
ocin	1
> anostraca:
afra	1
> cladocera:
dmag	0.333333
dpul	0.333333
etex	0.333333

mean GC outgro: all positions=0.413 position1=0.455 position2=0.439 position3=0.344 
mean GC anostraca: all positions=0.411 position1=0.476 position2=0.386 position3=0.370 
mean GC cladocera: all positions=0.413 position1=0.467 position2=0.393 position3=0.379 

** impossible to compute Ks. saturation? **

mean number of non synonymous sites compared: 391.5
mean Ka anostraca: 0.507706
mean Ka cladocera: 0.497776
dKa: 0.00992971	standard deviation (sd): 0.0482063	ratio dKa/sd: 0.205983
exact probability (P): 0.836805

equally weighted sequences:
> outgro:
ocin	1
> anostraca:
afra	1
> notostraca:
lapu	0.125
lart	0.125
lcou	0.125
lubb	0.125
tcan	0.125
tita	0.125
tlon	0.125
tusa	0.125

mean GC outgro: all positions=0.413 position1=0.455 position2=0.439 position3=0.344 
mean GC anostraca: all positions=0.411 position1=0.476 position2=0.386 position3=0.370 
mean GC notostraca: all positions=0.473 position1=0.544 position2=0.398 position3=0.476 

** impossible to compute Ks. saturation? **

mean number of non synonymous sites compared: 393.5
mean Ka anostraca: 0.507706
mean Ka notostraca: 0.535106
dKa: -0.0274002	standard deviation (sd): 0.0510511	ratio dKa/sd: -0.536722
exact probability (P): 0.591464

equally weighted sequences:
> outgro:
ocin	1
> cladocera:
dmag	0.333333
dpul	0.333333
etex	0.333333
> notostraca:
lapu	0.125
lart	0.125
lcou	0.125
lubb	0.125
tcan	0.125
tita	0.125
tlon	0.125
tusa	0.125

mean GC outgro: all positions=0.413 position1=0.455 position2=0.439 position3=0.344 
mean GC cladocera: all positions=0.413 position1=0.467 position2=0.393 position3=0.379 
mean GC notostraca: all positions=0.473 position1=0.544 position2=0.398 position3=0.476 

** impossible to compute Ks. saturation? **

mean number of non synonymous sites compared: 386.2
mean Ka cladocera: 0.497776
mean Ka notostraca: 0.535106
dKa: -0.03733	standard deviation (sd): 0.0448154	ratio dKa/sd: -0.832972
exact probability (P): 0.404864

