

## treatement of 3 lineages from file OG0008486.phy ##

equally weighted sequences:
> outgro:
ocin	0.5
tcas	0.5
> anostraca:
afra	1
> cladocera:
dmag	0.5
dpul	0.5

mean GC outgro: all positions=0.497 position1=0.640 position2=0.389 position3=0.462 
mean GC anostraca: all positions=0.433 position1=0.561 position2=0.376 position3=0.363 
mean GC cladocera: all positions=0.448 position1=0.621 position2=0.408 position3=0.315 

** impossible to compute Ks. saturation? **

mean number of non synonymous sites compared: 300.7
mean Ka anostraca: 0.470107
mean Ka cladocera: 0.076464
dKa: 0.393643	standard deviation (sd): 0.0480745	ratio dKa/sd: 8.18819
exact probability (P): 1e-07

equally weighted sequences:
> outgro:
ocin	0.5
tcas	0.5
> anostraca:
afra	1
> notostraca:
tcan	0.25
tita	0.25
tlon	0.25
tusa	0.25

mean GC outgro: all positions=0.497 position1=0.640 position2=0.389 position3=0.462 
mean GC anostraca: all positions=0.433 position1=0.561 position2=0.376 position3=0.363 
mean GC notostraca: all positions=0.502 position1=0.623 position2=0.420 position3=0.462 

** impossible to compute Ks. saturation? **

mean number of non synonymous sites compared: 298.6
mean Ka anostraca: 0.470107
mean Ka notostraca: 0.0875222
dKa: 0.382585	standard deviation (sd): 0.0486495	ratio dKa/sd: 7.86411
exact probability (P): 1e-07

equally weighted sequences:
> outgro:
ocin	0.5
tcas	0.5
> cladocera:
dmag	0.5
dpul	0.5
> notostraca:
tcan	0.25
tita	0.25
tlon	0.25
tusa	0.25

mean GC outgro: all positions=0.497 position1=0.640 position2=0.389 position3=0.462 
mean GC cladocera: all positions=0.448 position1=0.621 position2=0.408 position3=0.315 
mean GC notostraca: all positions=0.502 position1=0.623 position2=0.420 position3=0.462 

** impossible to compute Ks. saturation? **

mean number of non synonymous sites compared: 298.2
mean Ka cladocera: 0.076464
mean Ka notostraca: 0.0875222
dKa: -0.0110582	standard deviation (sd): 0.0144359	ratio dKa/sd: -0.766021
exact probability (P): 0.443669

