

## treatement of 3 lineages from file OG0005010.phy ##

equally weighted sequences:
> outgro:
ocin	0.5
tcas	0.5
> anostraca:
afra	1
> cladocera:
dmag	0.333333
dpul	0.333333
etex	0.333333

mean GC outgro: all positions=0.470 position1=0.528 position2=0.344 position3=0.537 
mean GC anostraca: all positions=0.396 position1=0.502 position2=0.351 position3=0.334 
mean GC cladocera: all positions=0.418 position1=0.525 position2=0.362 position3=0.366 

** impossible to compute Ks. saturation? **

mean number of non synonymous sites compared: 579.4
mean Ka anostraca: 0.351264
mean Ka cladocera: 0.331955
dKa: 0.0193091	standard deviation (sd): 0.0244935	ratio dKa/sd: 0.788335
exact probability (P): 0.430506

equally weighted sequences:
> outgro:
ocin	0.5
tcas	0.5
> anostraca:
afra	1
> notostraca:
lapu	0.125
lart	0.125
lcou	0.125
lubb	0.125
tcan	0.125
tita	0.125
tlon	0.125
tusa	0.125

mean GC outgro: all positions=0.470 position1=0.528 position2=0.344 position3=0.537 
mean GC anostraca: all positions=0.396 position1=0.502 position2=0.351 position3=0.334 
mean GC notostraca: all positions=0.464 position1=0.508 position2=0.385 position3=0.500 

** impossible to compute Ks. saturation? **

mean number of non synonymous sites compared: 574.3
mean Ka anostraca: 0.351264
mean Ka notostraca: 0.338153
dKa: 0.0131113	standard deviation (sd): 0.0272033	ratio dKa/sd: 0.481973
exact probability (P): 0.629829

equally weighted sequences:
> outgro:
ocin	0.5
tcas	0.5
> cladocera:
dmag	0.333333
dpul	0.333333
etex	0.333333
> notostraca:
lapu	0.125
lart	0.125
lcou	0.125
lubb	0.125
tcan	0.125
tita	0.125
tlon	0.125
tusa	0.125

mean GC outgro: all positions=0.470 position1=0.528 position2=0.344 position3=0.537 
mean GC cladocera: all positions=0.418 position1=0.525 position2=0.362 position3=0.366 
mean GC notostraca: all positions=0.464 position1=0.508 position2=0.385 position3=0.500 

** impossible to compute Ks. saturation? **

mean number of non synonymous sites compared: 573.1
mean Ka cladocera: 0.331955
mean Ka notostraca: 0.338153
dKa: -0.00619784	standard deviation (sd): 0.0221113	ratio dKa/sd: -0.280301
exact probability (P): 0.779248

