

## treatement of 3 lineages from file OG0008497.phy ##

equally weighted sequences:
> outgro:
ocin	0.5
tcas	0.5
> anostraca:
afra	1
> cladocera:
dmag	0.333333
dpul	0.333333
etex	0.333333

mean GC outgro: all positions=0.466 position1=0.470 position2=0.369 position3=0.559 
mean GC anostraca: all positions=0.384 position1=0.444 position2=0.348 position3=0.359 
mean GC cladocera: all positions=0.481 position1=0.495 position2=0.372 position3=0.575 

** impossible to compute Ks. saturation? **

mean number of non synonymous sites compared: 514.2
mean Ka anostraca: 0.185036
mean Ka cladocera: 0.191786
dKa: -0.00674968	standard deviation (sd): 0.0155481	ratio dKa/sd: -0.434118
exact probability (P): 0.664206

equally weighted sequences:
> outgro:
ocin	0.5
tcas	0.5
> anostraca:
afra	1
> notostraca:
tcan	0.333333
tita	0.333333
tusa	0.333333

mean GC outgro: all positions=0.466 position1=0.470 position2=0.369 position3=0.559 
mean GC anostraca: all positions=0.384 position1=0.444 position2=0.348 position3=0.359 
mean GC notostraca: all positions=0.460 position1=0.493 position2=0.374 position3=0.515 

** impossible to compute Ks. saturation? **

mean number of non synonymous sites compared: 512.5
mean Ka anostraca: 0.185036
mean Ka notostraca: 0.204383
dKa: -0.0193471	standard deviation (sd): 0.0173647	ratio dKa/sd: -1.11417
exact probability (P): 0.265216

equally weighted sequences:
> outgro:
ocin	0.5
tcas	0.5
> cladocera:
dmag	0.333333
dpul	0.333333
etex	0.333333
> notostraca:
tcan	0.333333
tita	0.333333
tusa	0.333333

mean GC outgro: all positions=0.466 position1=0.470 position2=0.369 position3=0.559 
mean GC cladocera: all positions=0.481 position1=0.495 position2=0.372 position3=0.575 
mean GC notostraca: all positions=0.460 position1=0.493 position2=0.374 position3=0.515 

** impossible to compute Ks. saturation? **

mean number of non synonymous sites compared: 514.7
mean Ka cladocera: 0.191786
mean Ka notostraca: 0.204383
dKa: -0.0125974	standard deviation (sd): 0.0151717	ratio dKa/sd: -0.830325
exact probability (P): 0.406361

