

## treatement of 3 lineages from file OG0004978.phy ##

equally weighted sequences:
> outgro:
ocin	0.5
tcas	0.5
> anostraca:
afra	1
> cladocera:
dmag	0.333333
dpul	0.333333
etex	0.333333

mean GC outgro: all positions=0.482 position1=0.555 position2=0.438 position3=0.453 
mean GC anostraca: all positions=0.420 position1=0.493 position2=0.450 position3=0.318 
mean GC cladocera: all positions=0.493 position1=0.577 position2=0.442 position3=0.461 

** impossible to compute Ks. saturation? **

mean number of non synonymous sites compared: 410.7
mean Ka anostraca: 0.543239
mean Ka cladocera: 0.505093
dKa: 0.0381464	standard deviation (sd): 0.0360917	ratio dKa/sd: 1.05693
exact probability (P): 0.29055

equally weighted sequences:
> outgro:
ocin	0.5
tcas	0.5
> anostraca:
afra	1
> notostraca:
lapu	0.125
lart	0.125
lcou	0.125
lubb	0.125
tcan	0.125
tita	0.125
tlon	0.125
tusa	0.125

mean GC outgro: all positions=0.482 position1=0.555 position2=0.438 position3=0.453 
mean GC anostraca: all positions=0.420 position1=0.493 position2=0.450 position3=0.318 
mean GC notostraca: all positions=0.508 position1=0.587 position2=0.454 position3=0.481 

** impossible to compute Ks. saturation? **

mean number of non synonymous sites compared: 411.7
mean Ka anostraca: 0.543239
mean Ka notostraca: 0.489301
dKa: 0.0539387	standard deviation (sd): 0.0395747	ratio dKa/sd: 1.36296
exact probability (P): 0.172904

equally weighted sequences:
> outgro:
ocin	0.5
tcas	0.5
> cladocera:
dmag	0.333333
dpul	0.333333
etex	0.333333
> notostraca:
lapu	0.125
lart	0.125
lcou	0.125
lubb	0.125
tcan	0.125
tita	0.125
tlon	0.125
tusa	0.125

mean GC outgro: all positions=0.482 position1=0.555 position2=0.438 position3=0.453 
mean GC cladocera: all positions=0.493 position1=0.577 position2=0.442 position3=0.461 
mean GC notostraca: all positions=0.508 position1=0.587 position2=0.454 position3=0.481 

** impossible to compute Ks. saturation? **

mean number of non synonymous sites compared: 415.1
mean Ka cladocera: 0.505093
mean Ka notostraca: 0.489301
dKa: 0.0157922	standard deviation (sd): 0.0297959	ratio dKa/sd: 0.530014
exact probability (P): 0.596106

