

## treatement of 3 lineages from file OG0005449.phy ##

equally weighted sequences:
> outgro:
ocin	0.5
tcas	0.5
> anostraca:
afra	1
> cladocera:
dmag	0.333333
dpul	0.333333
etex	0.333333

mean GC outgro: all positions=0.482 position1=0.568 position2=0.401 position3=0.477 
mean GC anostraca: all positions=0.430 position1=0.540 position2=0.417 position3=0.334 
mean GC cladocera: all positions=0.461 position1=0.584 position2=0.407 position3=0.392 

** impossible to compute Ks. saturation? **

mean number of non synonymous sites compared: 598.9
mean Ka anostraca: 0.486684
mean Ka cladocera: 0.478678
dKa: 0.0080055	standard deviation (sd): 0.0278566	ratio dKa/sd: 0.287383
exact probability (P): 0.773821

equally weighted sequences:
> outgro:
ocin	0.5
tcas	0.5
> anostraca:
afra	1
> notostraca:
lapu	0.125
lart	0.125
lcou	0.125
lubb	0.125
tcan	0.125
tita	0.125
tlon	0.125
tusa	0.125

mean GC outgro: all positions=0.482 position1=0.568 position2=0.401 position3=0.477 
mean GC anostraca: all positions=0.430 position1=0.540 position2=0.417 position3=0.334 
mean GC notostraca: all positions=0.482 position1=0.603 position2=0.401 position3=0.441 

** impossible to compute Ks. saturation? **

mean number of non synonymous sites compared: 598.5
mean Ka anostraca: 0.486684
mean Ka notostraca: 0.454689
dKa: 0.0319942	standard deviation (sd): 0.0295171	ratio dKa/sd: 1.08392
exact probability (P): 0.278407

equally weighted sequences:
> outgro:
ocin	0.5
tcas	0.5
> cladocera:
dmag	0.333333
dpul	0.333333
etex	0.333333
> notostraca:
lapu	0.125
lart	0.125
lcou	0.125
lubb	0.125
tcan	0.125
tita	0.125
tlon	0.125
tusa	0.125

mean GC outgro: all positions=0.482 position1=0.568 position2=0.401 position3=0.477 
mean GC cladocera: all positions=0.461 position1=0.584 position2=0.407 position3=0.392 
mean GC notostraca: all positions=0.482 position1=0.603 position2=0.401 position3=0.441 

** impossible to compute Ks. saturation? **

mean number of non synonymous sites compared: 589.5
mean Ka cladocera: 0.478678
mean Ka notostraca: 0.454689
dKa: 0.0239887	standard deviation (sd): 0.024107	ratio dKa/sd: 0.995095
exact probability (P): 0.319697

