

## treatement of 3 lineages from file OG0005155.phy ##

equally weighted sequences:
> outgro:
ocin	0.5
tcas	0.5
> anostraca:
afra	1
> cladocera:
dmag	0.333333
dpul	0.333333
etex	0.333333

mean GC outgro: all positions=0.527 position1=0.600 position2=0.487 position3=0.493 
mean GC anostraca: all positions=0.516 position1=0.640 position2=0.480 position3=0.427 
mean GC cladocera: all positions=0.514 position1=0.644 position2=0.436 position3=0.462 

** impossible to compute Ks. saturation? **

mean number of non synonymous sites compared: 147.8
mean Ka anostraca: 0.71005
mean Ka cladocera: 0.568882
dKa: 0.141167	standard deviation (sd): 0.0873422	ratio dKa/sd: 1.61625
exact probability (P): 0.106049

equally weighted sequences:
> outgro:
ocin	0.5
tcas	0.5
> anostraca:
afra	1
> notostraca:
lapu	0.125
lart	0.125
lcou	0.125
lubb	0.125
tcan	0.125
tita	0.125
tlon	0.125
tusa	0.125

mean GC outgro: all positions=0.527 position1=0.600 position2=0.487 position3=0.493 
mean GC anostraca: all positions=0.516 position1=0.640 position2=0.480 position3=0.427 
mean GC notostraca: all positions=0.480 position1=0.627 position2=0.353 position3=0.460 

** impossible to compute Ks. saturation? **

mean number of non synonymous sites compared: 148.1
mean Ka anostraca: 0.71005
mean Ka notostraca: 0.562753
dKa: 0.147296	standard deviation (sd): 0.0948778	ratio dKa/sd: 1.55248
exact probability (P): 0.120555

equally weighted sequences:
> outgro:
ocin	0.5
tcas	0.5
> cladocera:
dmag	0.333333
dpul	0.333333
etex	0.333333
> notostraca:
lapu	0.125
lart	0.125
lcou	0.125
lubb	0.125
tcan	0.125
tita	0.125
tlon	0.125
tusa	0.125

mean GC outgro: all positions=0.527 position1=0.600 position2=0.487 position3=0.493 
mean GC cladocera: all positions=0.514 position1=0.644 position2=0.436 position3=0.462 
mean GC notostraca: all positions=0.480 position1=0.627 position2=0.353 position3=0.460 

** impossible to compute Ks. saturation? **

mean number of non synonymous sites compared: 148.6
mean Ka cladocera: 0.568882
mean Ka notostraca: 0.562753
dKa: 0.00612908	standard deviation (sd): 0.0482426	ratio dKa/sd: 0.127047
exact probability (P): 0.898904

