

## treatement of 3 lineages from file OG0005585.phy ##

equally weighted sequences:
> outgro:
ocin	0.5
tcas	0.5
> anostraca:
afra	1
> cladocera:
dmag	0.333333
dpul	0.333333
etex	0.333333

mean GC outgro: all positions=0.457 position1=0.468 position2=0.357 position3=0.545 
mean GC anostraca: all positions=0.367 position1=0.460 position2=0.345 position3=0.295 
mean GC cladocera: all positions=0.478 position1=0.518 position2=0.388 position3=0.527 

** impossible to compute Ks. saturation? **

mean number of non synonymous sites compared: 384.9
mean Ka anostraca: 0.36647
mean Ka cladocera: 0.29874
dKa: 0.0677301	standard deviation (sd): 0.0330827	ratio dKa/sd: 2.0473
exact probability (P): 0.0406355

equally weighted sequences:
> outgro:
ocin	0.5
tcas	0.5
> anostraca:
afra	1
> notostraca:
lapu	0.125
lart	0.125
lcou	0.125
lubb	0.125
tcan	0.125
tita	0.125
tlon	0.125
tusa	0.125

mean GC outgro: all positions=0.457 position1=0.468 position2=0.357 position3=0.545 
mean GC anostraca: all positions=0.367 position1=0.460 position2=0.345 position3=0.295 
mean GC notostraca: all positions=0.459 position1=0.557 position2=0.376 position3=0.445 

** impossible to compute Ks. saturation? **

mean number of non synonymous sites compared: 382.5
mean Ka anostraca: 0.36647
mean Ka notostraca: 0.274783
dKa: 0.0916872	standard deviation (sd): 0.0340661	ratio dKa/sd: 2.69145
exact probability (P): 0.00712118

equally weighted sequences:
> outgro:
ocin	0.5
tcas	0.5
> cladocera:
dmag	0.333333
dpul	0.333333
etex	0.333333
> notostraca:
lapu	0.125
lart	0.125
lcou	0.125
lubb	0.125
tcan	0.125
tita	0.125
tlon	0.125
tusa	0.125

mean GC outgro: all positions=0.457 position1=0.468 position2=0.357 position3=0.545 
mean GC cladocera: all positions=0.478 position1=0.518 position2=0.388 position3=0.527 
mean GC notostraca: all positions=0.459 position1=0.557 position2=0.376 position3=0.445 

** impossible to compute Ks. saturation? **

mean number of non synonymous sites compared: 382.2
mean Ka cladocera: 0.29874
mean Ka notostraca: 0.274783
dKa: 0.0239571	standard deviation (sd): 0.0236132	ratio dKa/sd: 1.01456
exact probability (P): 0.310319

