

## treatement of 3 lineages from file OG0005502.phy ##

equally weighted sequences:
> outgro:
ocin	0.5
tcas	0.5
> anostraca:
afra	1
> cladocera:
dmag	0.333333
dpul	0.333333
etex	0.333333

mean GC outgro: all positions=0.442 position1=0.442 position2=0.380 position3=0.505 
mean GC anostraca: all positions=0.443 position1=0.515 position2=0.399 position3=0.416 
mean GC cladocera: all positions=0.477 position1=0.498 position2=0.360 position3=0.573 

** impossible to compute Ks. saturation? **

mean number of non synonymous sites compared: 565.4
mean Ka anostraca: 0.609557
mean Ka cladocera: 0.606317
dKa: 0.00324026	standard deviation (sd): 0.0352997	ratio dKa/sd: 0.091793
exact probability (P): 0.926863

equally weighted sequences:
> outgro:
ocin	0.5
tcas	0.5
> anostraca:
afra	1
> notostraca:
lapu	0.125
lart	0.125
lcou	0.125
lubb	0.125
tcan	0.125
tita	0.125
tlon	0.125
tusa	0.125

mean GC outgro: all positions=0.442 position1=0.442 position2=0.380 position3=0.505 
mean GC anostraca: all positions=0.443 position1=0.515 position2=0.399 position3=0.416 
mean GC notostraca: all positions=0.480 position1=0.535 position2=0.440 position3=0.465 

** impossible to compute Ks. saturation? **

mean number of non synonymous sites compared: 555.1
mean Ka anostraca: 0.609557
mean Ka notostraca: 0.606308
dKa: 0.00324904	standard deviation (sd): 0.0381996	ratio dKa/sd: 0.0850544
exact probability (P): 0.932219

equally weighted sequences:
> outgro:
ocin	0.5
tcas	0.5
> cladocera:
dmag	0.333333
dpul	0.333333
etex	0.333333
> notostraca:
lapu	0.125
lart	0.125
lcou	0.125
lubb	0.125
tcan	0.125
tita	0.125
tlon	0.125
tusa	0.125

mean GC outgro: all positions=0.442 position1=0.442 position2=0.380 position3=0.505 
mean GC cladocera: all positions=0.477 position1=0.498 position2=0.360 position3=0.573 
mean GC notostraca: all positions=0.480 position1=0.535 position2=0.440 position3=0.465 

** impossible to compute Ks. saturation? **

mean number of non synonymous sites compared: 563.2
mean Ka cladocera: 0.606317
mean Ka notostraca: 0.606308
dKa: 8.77919e-06	standard deviation (sd): 0.0331935	ratio dKa/sd: 0.000264485
exact probability (P): 0.999789

