

## treatement of 3 lineages from file OG0005325.phy ##

equally weighted sequences:
> outgro:
ocin	0.5
tcas	0.5
> anostraca:
afra	1
> cladocera:
dmag	0.333333
dpul	0.333333
etex	0.333333

mean GC outgro: all positions=0.460 position1=0.399 position2=0.361 position3=0.620 
mean GC anostraca: all positions=0.423 position1=0.394 position2=0.375 position3=0.500 
mean GC cladocera: all positions=0.486 position1=0.442 position2=0.378 position3=0.638 

** impossible to compute Ks. saturation? **

mean number of non synonymous sites compared: 202.4
mean Ka anostraca: 0.0766693
mean Ka cladocera: 0.0617762
dKa: 0.0148931	standard deviation (sd): 0.0166666	ratio dKa/sd: 0.893593
exact probability (P): 0.371546

equally weighted sequences:
> outgro:
ocin	0.5
tcas	0.5
> anostraca:
afra	1
> notostraca:
lapu	0.125
lart	0.125
lcou	0.125
lubb	0.125
tcan	0.125
tita	0.125
tlon	0.125
tusa	0.125

mean GC outgro: all positions=0.460 position1=0.399 position2=0.361 position3=0.620 
mean GC anostraca: all positions=0.423 position1=0.394 position2=0.375 position3=0.500 
mean GC notostraca: all positions=0.473 position1=0.434 position2=0.388 position3=0.596 

** impossible to compute Ks. saturation? **

mean number of non synonymous sites compared: 202.9
mean Ka anostraca: 0.0766693
mean Ka notostraca: 0.0634691
dKa: 0.0132002	standard deviation (sd): 0.0170712	ratio dKa/sd: 0.773245
exact probability (P): 0.439382

equally weighted sequences:
> outgro:
ocin	0.5
tcas	0.5
> cladocera:
dmag	0.333333
dpul	0.333333
etex	0.333333
> notostraca:
lapu	0.125
lart	0.125
lcou	0.125
lubb	0.125
tcan	0.125
tita	0.125
tlon	0.125
tusa	0.125

mean GC outgro: all positions=0.460 position1=0.399 position2=0.361 position3=0.620 
mean GC cladocera: all positions=0.486 position1=0.442 position2=0.378 position3=0.638 
mean GC notostraca: all positions=0.473 position1=0.434 position2=0.388 position3=0.596 

** impossible to compute Ks. saturation? **

mean number of non synonymous sites compared: 201.4
mean Ka cladocera: 0.0617762
mean Ka notostraca: 0.0634691
dKa: -0.00169294	standard deviation (sd): 0.0132048	ratio dKa/sd: -0.128206
exact probability (P): 0.897987

