

## treatement of 3 lineages from file OG0005362.phy ##

equally weighted sequences:
> outgro:
ocin	0.5
tcas	0.5
> anostraca:
afra	1
> cladocera:
dmag	0.333333
dpul	0.333333
etex	0.333333

mean GC outgro: all positions=0.420 position1=0.471 position2=0.377 position3=0.413 
mean GC anostraca: all positions=0.396 position1=0.507 position2=0.362 position3=0.319 
mean GC cladocera: all positions=0.444 position1=0.473 position2=0.367 position3=0.493 

** impossible to compute Ks. saturation? **

mean number of non synonymous sites compared: 138.1
mean Ka anostraca: 0.455855
mean Ka cladocera: 0.274332
dKa: 0.181522	standard deviation (sd): 0.0618335	ratio dKa/sd: 2.93567
exact probability (P): 0.00333336

equally weighted sequences:
> outgro:
ocin	0.5
tcas	0.5
> anostraca:
afra	1
> notostraca:
lapu	0.125
lart	0.125
lcou	0.125
lubb	0.125
tcan	0.125
tita	0.125
tlon	0.125
tusa	0.125

mean GC outgro: all positions=0.420 position1=0.471 position2=0.377 position3=0.413 
mean GC anostraca: all positions=0.396 position1=0.507 position2=0.362 position3=0.319 
mean GC notostraca: all positions=0.474 position1=0.502 position2=0.353 position3=0.567 

** impossible to compute Ks. saturation? **

mean number of non synonymous sites compared: 137.2
mean Ka anostraca: 0.455855
mean Ka notostraca: 0.278731
dKa: 0.177124	standard deviation (sd): 0.063256	ratio dKa/sd: 2.80011
exact probability (P): 0.0051146

equally weighted sequences:
> outgro:
ocin	0.5
tcas	0.5
> cladocera:
dmag	0.333333
dpul	0.333333
etex	0.333333
> notostraca:
lapu	0.125
lart	0.125
lcou	0.125
lubb	0.125
tcan	0.125
tita	0.125
tlon	0.125
tusa	0.125

mean GC outgro: all positions=0.420 position1=0.471 position2=0.377 position3=0.413 
mean GC cladocera: all positions=0.444 position1=0.473 position2=0.367 position3=0.493 
mean GC notostraca: all positions=0.474 position1=0.502 position2=0.353 position3=0.567 

** impossible to compute Ks. saturation? **

mean number of non synonymous sites compared: 132.7
mean Ka cladocera: 0.274332
mean Ka notostraca: 0.278731
dKa: -0.00439865	standard deviation (sd): 0.0293427	ratio dKa/sd: -0.149906
exact probability (P): 0.88084

