

## treatement of 3 lineages from file OG0005285.phy ##

equally weighted sequences:
> outgro:
ocin	0.5
tcas	0.5
> anostraca:
afra	1
> cladocera:
dmag	0.333333
dpul	0.333333
etex	0.333333

mean GC outgro: all positions=0.496 position1=0.522 position2=0.386 position3=0.579 
mean GC anostraca: all positions=0.441 position1=0.532 position2=0.380 position3=0.411 
mean GC cladocera: all positions=0.522 position1=0.536 position2=0.401 position3=0.629 

** impossible to compute Ks. saturation? **

mean number of non synonymous sites compared: 312.0
mean Ka anostraca: 0.420569
mean Ka cladocera: 0.441358
dKa: -0.0207891	standard deviation (sd): 0.0336675	ratio dKa/sd: -0.617482
exact probability (P): 0.536921

equally weighted sequences:
> outgro:
ocin	0.5
tcas	0.5
> anostraca:
afra	1
> notostraca:
lapu	0.125
lart	0.125
lcou	0.125
lubb	0.125
tcan	0.125
tita	0.125
tlon	0.125
tusa	0.125

mean GC outgro: all positions=0.496 position1=0.522 position2=0.386 position3=0.579 
mean GC anostraca: all positions=0.441 position1=0.532 position2=0.380 position3=0.411 
mean GC notostraca: all positions=0.490 position1=0.505 position2=0.412 position3=0.554 

** impossible to compute Ks. saturation? **

mean number of non synonymous sites compared: 309.3
mean Ka anostraca: 0.420569
mean Ka notostraca: 0.429587
dKa: -0.00901889	standard deviation (sd): 0.0386392	ratio dKa/sd: -0.233413
exact probability (P): 0.815442

equally weighted sequences:
> outgro:
ocin	0.5
tcas	0.5
> cladocera:
dmag	0.333333
dpul	0.333333
etex	0.333333
> notostraca:
lapu	0.125
lart	0.125
lcou	0.125
lubb	0.125
tcan	0.125
tita	0.125
tlon	0.125
tusa	0.125

mean GC outgro: all positions=0.496 position1=0.522 position2=0.386 position3=0.579 
mean GC cladocera: all positions=0.522 position1=0.536 position2=0.401 position3=0.629 
mean GC notostraca: all positions=0.490 position1=0.505 position2=0.412 position3=0.554 

** impossible to compute Ks. saturation? **

mean number of non synonymous sites compared: 314.3
mean Ka cladocera: 0.441358
mean Ka notostraca: 0.429587
dKa: 0.0117702	standard deviation (sd): 0.0350925	ratio dKa/sd: 0.335405
exact probability (P): 0.737322

