

## treatement of 3 lineages from file OG0006166.phy ##

equally weighted sequences:
> outgro:
tcas	1
> anostraca:
afra	1
> cladocera:
dmag	0.333333
dpul	0.333333
etex	0.333333

mean GC outgro: all positions=0.458 position1=0.460 position2=0.305 position3=0.610 
mean GC anostraca: all positions=0.385 position1=0.515 position2=0.325 position3=0.315 
mean GC cladocera: all positions=0.434 position1=0.487 position2=0.347 position3=0.470 

** impossible to compute Ks. saturation? **

mean number of non synonymous sites compared: 387.6
mean Ka anostraca: 0.34626
mean Ka cladocera: 0.29726
dKa: 0.0489999	standard deviation (sd): 0.0320969	ratio dKa/sd: 1.52662
exact probability (P): 0.126863

equally weighted sequences:
> outgro:
tcas	1
> anostraca:
afra	1
> notostraca:
lapu	0.125
lart	0.125
lcou	0.125
lubb	0.125
tcan	0.125
tita	0.125
tlon	0.125
tusa	0.125

mean GC outgro: all positions=0.458 position1=0.460 position2=0.305 position3=0.610 
mean GC anostraca: all positions=0.385 position1=0.515 position2=0.325 position3=0.315 
mean GC notostraca: all positions=0.448 position1=0.509 position2=0.336 position3=0.498 

** impossible to compute Ks. saturation? **

mean number of non synonymous sites compared: 388.8
mean Ka anostraca: 0.34626
mean Ka notostraca: 0.310692
dKa: 0.0355677	standard deviation (sd): 0.0336538	ratio dKa/sd: 1.05687
exact probability (P): 0.290576

equally weighted sequences:
> outgro:
tcas	1
> cladocera:
dmag	0.333333
dpul	0.333333
etex	0.333333
> notostraca:
lapu	0.125
lart	0.125
lcou	0.125
lubb	0.125
tcan	0.125
tita	0.125
tlon	0.125
tusa	0.125

mean GC outgro: all positions=0.458 position1=0.460 position2=0.305 position3=0.610 
mean GC cladocera: all positions=0.434 position1=0.487 position2=0.347 position3=0.470 
mean GC notostraca: all positions=0.448 position1=0.509 position2=0.336 position3=0.498 

** impossible to compute Ks. saturation? **

mean number of non synonymous sites compared: 392.8
mean Ka cladocera: 0.29726
mean Ka notostraca: 0.310692
dKa: -0.0134321	standard deviation (sd): 0.0219518	ratio dKa/sd: -0.611892
exact probability (P): 0.540614

