

## treatement of 3 lineages from file OG0006852.phy ##

equally weighted sequences:
> outgro:
ocin	0.5
tcas	0.5
> anostraca:
afra	1
> cladocera:
etex	1

mean GC outgro: all positions=0.424 position1=0.552 position2=0.331 position3=0.390 
mean GC anostraca: all positions=0.407 position1=0.597 position2=0.377 position3=0.247 
mean GC cladocera: all positions=0.506 position1=0.558 position2=0.390 position3=0.571 

** impossible to compute Ks. saturation? **

mean number of non synonymous sites compared: 160.1
mean Ka anostraca: 0.793514
mean Ka cladocera: 0.510261
dKa: 0.283252	standard deviation (sd): 0.100534	ratio dKa/sd: 2.81749
exact probability (P): 0.00484632

equally weighted sequences:
> outgro:
ocin	0.5
tcas	0.5
> anostraca:
afra	1
> notostraca:
lapu	0.125
lart	0.125
lcou	0.125
lubb	0.125
tcan	0.125
tita	0.125
tlon	0.125
tusa	0.125

mean GC outgro: all positions=0.424 position1=0.552 position2=0.331 position3=0.390 
mean GC anostraca: all positions=0.407 position1=0.597 position2=0.377 position3=0.247 
mean GC notostraca: all positions=0.462 position1=0.599 position2=0.364 position3=0.424 

** impossible to compute Ks. saturation? **

mean number of non synonymous sites compared: 164.6
mean Ka anostraca: 0.793514
mean Ka notostraca: 0.470077
dKa: 0.323437	standard deviation (sd): 0.0971507	ratio dKa/sd: 3.32923
exact probability (P): 0.00087429

equally weighted sequences:
> outgro:
ocin	0.5
tcas	0.5
> cladocera:
etex	1
> notostraca:
lapu	0.125
lart	0.125
lcou	0.125
lubb	0.125
tcan	0.125
tita	0.125
tlon	0.125
tusa	0.125

mean GC outgro: all positions=0.424 position1=0.552 position2=0.331 position3=0.390 
mean GC cladocera: all positions=0.506 position1=0.558 position2=0.390 position3=0.571 
mean GC notostraca: all positions=0.462 position1=0.599 position2=0.364 position3=0.424 

** impossible to compute Ks. saturation? **

mean number of non synonymous sites compared: 157.6
mean Ka cladocera: 0.510261
mean Ka notostraca: 0.470077
dKa: 0.0401842	standard deviation (sd): 0.0568775	ratio dKa/sd: 0.706504
exact probability (P): 0.479879

