

## treatement of 3 lineages from file OG0005197.phy ##

equally weighted sequences:
> outgro:
ocin	0.5
tcas	0.5
> anostraca:
afra	1
> cladocera:
dmag	0.333333
dpul	0.333333
etex	0.333333

mean GC outgro: all positions=0.434 position1=0.545 position2=0.298 position3=0.458 
mean GC anostraca: all positions=0.404 position1=0.530 position2=0.349 position3=0.331 
mean GC cladocera: all positions=0.446 position1=0.568 position2=0.317 position3=0.454 

** impossible to compute Ks. saturation? **

mean number of non synonymous sites compared: 321.9
mean Ka anostraca: 0.399105
mean Ka cladocera: 0.381117
dKa: 0.0179887	standard deviation (sd): 0.033923	ratio dKa/sd: 0.53028
exact probability (P): 0.595921

equally weighted sequences:
> outgro:
ocin	0.5
tcas	0.5
> anostraca:
afra	1
> notostraca:
lapu	0.125
lart	0.125
lcou	0.125
lubb	0.125
tcan	0.125
tita	0.125
tlon	0.125
tusa	0.125

mean GC outgro: all positions=0.434 position1=0.545 position2=0.298 position3=0.458 
mean GC anostraca: all positions=0.404 position1=0.530 position2=0.349 position3=0.331 
mean GC notostraca: all positions=0.469 position1=0.569 position2=0.350 position3=0.489 

** impossible to compute Ks. saturation? **

mean number of non synonymous sites compared: 320.2
mean Ka anostraca: 0.399105
mean Ka notostraca: 0.417066
dKa: -0.01796	standard deviation (sd): 0.0350993	ratio dKa/sd: -0.511691
exact probability (P): 0.608871

equally weighted sequences:
> outgro:
ocin	0.5
tcas	0.5
> cladocera:
dmag	0.333333
dpul	0.333333
etex	0.333333
> notostraca:
lapu	0.125
lart	0.125
lcou	0.125
lubb	0.125
tcan	0.125
tita	0.125
tlon	0.125
tusa	0.125

mean GC outgro: all positions=0.434 position1=0.545 position2=0.298 position3=0.458 
mean GC cladocera: all positions=0.446 position1=0.568 position2=0.317 position3=0.454 
mean GC notostraca: all positions=0.469 position1=0.569 position2=0.350 position3=0.489 

** impossible to compute Ks. saturation? **

mean number of non synonymous sites compared: 320.0
mean Ka cladocera: 0.381117
mean Ka notostraca: 0.417066
dKa: -0.0359487	standard deviation (sd): 0.0295541	ratio dKa/sd: -1.21637
exact probability (P): 0.223852

