

## treatement of 3 lineages from file OG0006129.phy ##

equally weighted sequences:
> outgro:
ocin	0.5
tcas	0.5
> anostraca:
afra	1
> cladocera:
dmag	0.5
dpul	0.5

mean GC outgro: all positions=0.423 position1=0.504 position2=0.368 position3=0.396 
mean GC anostraca: all positions=0.385 position1=0.523 position2=0.340 position3=0.291 
mean GC cladocera: all positions=0.475 position1=0.553 position2=0.400 position3=0.474 

** impossible to compute Ks. saturation? **

mean number of non synonymous sites compared: 550.9
mean Ka anostraca: 0.519564
mean Ka cladocera: 0.488608
dKa: 0.0309558	standard deviation (sd): 0.0350095	ratio dKa/sd: 0.884212
exact probability (P): 0.376588

equally weighted sequences:
> outgro:
ocin	0.5
tcas	0.5
> anostraca:
afra	1
> notostraca:
lapu	0.125
lart	0.125
lcou	0.125
lubb	0.125
tcan	0.125
tita	0.125
tlon	0.125
tusa	0.125

mean GC outgro: all positions=0.423 position1=0.504 position2=0.368 position3=0.396 
mean GC anostraca: all positions=0.385 position1=0.523 position2=0.340 position3=0.291 
mean GC notostraca: all positions=0.447 position1=0.545 position2=0.358 position3=0.439 

** impossible to compute Ks. saturation? **

mean number of non synonymous sites compared: 549.7
mean Ka anostraca: 0.519564
mean Ka notostraca: 0.487349
dKa: 0.0322149	standard deviation (sd): 0.03473	ratio dKa/sd: 0.927581
exact probability (P): 0.353631

equally weighted sequences:
> outgro:
ocin	0.5
tcas	0.5
> cladocera:
dmag	0.5
dpul	0.5
> notostraca:
lapu	0.125
lart	0.125
lcou	0.125
lubb	0.125
tcan	0.125
tita	0.125
tlon	0.125
tusa	0.125

mean GC outgro: all positions=0.423 position1=0.504 position2=0.368 position3=0.396 
mean GC cladocera: all positions=0.475 position1=0.553 position2=0.400 position3=0.474 
mean GC notostraca: all positions=0.447 position1=0.545 position2=0.358 position3=0.439 

** impossible to compute Ks. saturation? **

mean number of non synonymous sites compared: 543.8
mean Ka cladocera: 0.488608
mean Ka notostraca: 0.487349
dKa: 0.00125916	standard deviation (sd): 0.0316113	ratio dKa/sd: 0.0398325
exact probability (P): 0.968227

