

## treatement of 3 lineages from file OG0005608.phy ##

equally weighted sequences:
> outgro:
ocin	0.5
tcas	0.5
> anostraca:
afra	1
> cladocera:
dmag	0.333333
dpul	0.333333
etex	0.333333

mean GC outgro: all positions=0.460 position1=0.526 position2=0.380 position3=0.473 
mean GC anostraca: all positions=0.415 position1=0.510 position2=0.396 position3=0.339 
mean GC cladocera: all positions=0.460 position1=0.525 position2=0.368 position3=0.486 

** impossible to compute Ks. saturation? **

mean number of non synonymous sites compared: 678.9
mean Ka anostraca: 0.166285
mean Ka cladocera: 0.100669
dKa: 0.0656162	standard deviation (sd): 0.0135463	ratio dKa/sd: 4.84383
exact probability (P): 1.94844e-06

equally weighted sequences:
> outgro:
ocin	0.5
tcas	0.5
> anostraca:
afra	1
> notostraca:
lapu	0.125
lart	0.125
lcou	0.125
lubb	0.125
tcan	0.125
tita	0.125
tlon	0.125
tusa	0.125

mean GC outgro: all positions=0.460 position1=0.526 position2=0.380 position3=0.473 
mean GC anostraca: all positions=0.415 position1=0.510 position2=0.396 position3=0.339 
mean GC notostraca: all positions=0.464 position1=0.538 position2=0.371 position3=0.483 

** impossible to compute Ks. saturation? **

mean number of non synonymous sites compared: 679.0
mean Ka anostraca: 0.166285
mean Ka notostraca: 0.0998311
dKa: 0.066454	standard deviation (sd): 0.0140563	ratio dKa/sd: 4.7277
exact probability (P): 5.35435e-06

equally weighted sequences:
> outgro:
ocin	0.5
tcas	0.5
> cladocera:
dmag	0.333333
dpul	0.333333
etex	0.333333
> notostraca:
lapu	0.125
lart	0.125
lcou	0.125
lubb	0.125
tcan	0.125
tita	0.125
tlon	0.125
tusa	0.125

mean GC outgro: all positions=0.460 position1=0.526 position2=0.380 position3=0.473 
mean GC cladocera: all positions=0.460 position1=0.525 position2=0.368 position3=0.486 
mean GC notostraca: all positions=0.464 position1=0.538 position2=0.371 position3=0.483 

** impossible to compute Ks. saturation? **

mean number of non synonymous sites compared: 678.2
mean Ka cladocera: 0.100669
mean Ka notostraca: 0.0998311
dKa: 0.000837758	standard deviation (sd): 0.00782202	ratio dKa/sd: 0.107103
exact probability (P): 0.914708

