

## treatement of 3 lineages from file OG0010250.phy ##

equally weighted sequences:
> outgro:
tcas	1
> anostraca:
afra	1
> cladocera:
dmag	0.333333
dpul	0.333333
etex	0.333333

mean GC outgro: all positions=0.481 position1=0.442 position2=0.404 position3=0.596 
mean GC anostraca: all positions=0.410 position1=0.423 position2=0.404 position3=0.404 
mean GC cladocera: all positions=0.472 position1=0.564 position2=0.391 position3=0.462 

** impossible to compute Ks. saturation? **

mean number of non synonymous sites compared: 98.1
mean Ka anostraca: 0.537982
mean Ka cladocera: 0.483978
dKa: 0.0540043	standard deviation (sd): 0.0810308	ratio dKa/sd: 0.666466
exact probability (P): 0.505118

equally weighted sequences:
> outgro:
tcas	1
> anostraca:
afra	1
> notostraca:
lapu	1

mean GC outgro: all positions=0.481 position1=0.442 position2=0.404 position3=0.596 
mean GC anostraca: all positions=0.410 position1=0.423 position2=0.404 position3=0.404 
mean GC notostraca: all positions=0.513 position1=0.577 position2=0.385 position3=0.577 

** impossible to compute Ks. saturation? **

mean number of non synonymous sites compared: 101.0
mean Ka anostraca: 0.537982
mean Ka notostraca: 0.446427
dKa: 0.0915557	standard deviation (sd): 0.0856858	ratio dKa/sd: 1.06851
exact probability (P): 0.285299

equally weighted sequences:
> outgro:
tcas	1
> cladocera:
dmag	0.333333
dpul	0.333333
etex	0.333333
> notostraca:
lapu	1

mean GC outgro: all positions=0.481 position1=0.442 position2=0.404 position3=0.596 
mean GC cladocera: all positions=0.472 position1=0.564 position2=0.391 position3=0.462 
mean GC notostraca: all positions=0.513 position1=0.577 position2=0.385 position3=0.577 

** impossible to compute Ks. saturation? **

mean number of non synonymous sites compared: 102.4
mean Ka cladocera: 0.483978
mean Ka notostraca: 0.446427
dKa: 0.0375515	standard deviation (sd): 0.0638251	ratio dKa/sd: 0.588349
exact probability (P): 0.556302

