

## treatement of 3 lineages from file OG0005005.phy ##

equally weighted sequences:
> outgro:
ocin	0.5
tcas	0.5
> anostraca:
afra	1
> cladocera:
dmag	0.333333
dpul	0.333333
etex	0.333333

mean GC outgro: all positions=0.465 position1=0.565 position2=0.348 position3=0.482 
mean GC anostraca: all positions=0.425 position1=0.560 position2=0.381 position3=0.333 
mean GC cladocera: all positions=0.481 position1=0.591 position2=0.365 position3=0.488 

** impossible to compute Ks. saturation? **

mean number of non synonymous sites compared: 323.3
mean Ka anostraca: 0.146329
mean Ka cladocera: 0.108156
dKa: 0.0381731	standard deviation (sd): 0.019306	ratio dKa/sd: 1.97726
exact probability (P): 0.0480207

equally weighted sequences:
> outgro:
ocin	0.5
tcas	0.5
> anostraca:
afra	1
> notostraca:
lapu	0.125
lart	0.125
lcou	0.125
lubb	0.125
tcan	0.125
tita	0.125
tlon	0.125
tusa	0.125

mean GC outgro: all positions=0.465 position1=0.565 position2=0.348 position3=0.482 
mean GC anostraca: all positions=0.425 position1=0.560 position2=0.381 position3=0.333 
mean GC notostraca: all positions=0.478 position1=0.577 position2=0.357 position3=0.499 

** impossible to compute Ks. saturation? **

mean number of non synonymous sites compared: 320.1
mean Ka anostraca: 0.146329
mean Ka notostraca: 0.104909
dKa: 0.0414199	standard deviation (sd): 0.0210127	ratio dKa/sd: 1.97119
exact probability (P): 0.0487113

equally weighted sequences:
> outgro:
ocin	0.5
tcas	0.5
> cladocera:
dmag	0.333333
dpul	0.333333
etex	0.333333
> notostraca:
lapu	0.125
lart	0.125
lcou	0.125
lubb	0.125
tcan	0.125
tita	0.125
tlon	0.125
tusa	0.125

mean GC outgro: all positions=0.465 position1=0.565 position2=0.348 position3=0.482 
mean GC cladocera: all positions=0.481 position1=0.591 position2=0.365 position3=0.488 
mean GC notostraca: all positions=0.478 position1=0.577 position2=0.357 position3=0.499 

** impossible to compute Ks. saturation? **

mean number of non synonymous sites compared: 326.2
mean Ka cladocera: 0.108156
mean Ka notostraca: 0.104909
dKa: 0.00324679	standard deviation (sd): 0.0131453	ratio dKa/sd: 0.246992
exact probability (P): 0.804916

