

## treatement of 3 lineages from file OG0008425.phy ##

equally weighted sequences:
> outgro:
ocin	0.5
tcas	0.5
> anostraca:
afra	1
> cladocera:
dpul	0.5
etex	0.5

mean GC outgro: all positions=0.419 position1=0.489 position2=0.386 position3=0.381 
mean GC anostraca: all positions=0.413 position1=0.489 position2=0.409 position3=0.341 
mean GC cladocera: all positions=0.475 position1=0.517 position2=0.432 position3=0.477 

** impossible to compute Ks. saturation? **

mean number of non synonymous sites compared: 172.6
mean Ka anostraca: 0.421899
mean Ka cladocera: 0.293286
dKa: 0.128613	standard deviation (sd): 0.0494495	ratio dKa/sd: 2.60091
exact probability (P): 0.00930431

equally weighted sequences:
> outgro:
ocin	0.5
tcas	0.5
> anostraca:
afra	1
> notostraca:
lcou	0.25
tcan	0.25
tlon	0.25
tusa	0.25

mean GC outgro: all positions=0.419 position1=0.489 position2=0.386 position3=0.381 
mean GC anostraca: all positions=0.413 position1=0.489 position2=0.409 position3=0.341 
mean GC notostraca: all positions=0.467 position1=0.514 position2=0.420 position3=0.466 

** impossible to compute Ks. saturation? **

mean number of non synonymous sites compared: 172.9
mean Ka anostraca: 0.421899
mean Ka notostraca: 0.295066
dKa: 0.126833	standard deviation (sd): 0.0519279	ratio dKa/sd: 2.44249
exact probability (P): 0.0145934

equally weighted sequences:
> outgro:
ocin	0.5
tcas	0.5
> cladocera:
dpul	0.5
etex	0.5
> notostraca:
lcou	0.25
tcan	0.25
tlon	0.25
tusa	0.25

mean GC outgro: all positions=0.419 position1=0.489 position2=0.386 position3=0.381 
mean GC cladocera: all positions=0.475 position1=0.517 position2=0.432 position3=0.477 
mean GC notostraca: all positions=0.467 position1=0.514 position2=0.420 position3=0.466 

** impossible to compute Ks. saturation? **

mean number of non synonymous sites compared: 169.9
mean Ka cladocera: 0.293286
mean Ka notostraca: 0.295066
dKa: -0.0017801	standard deviation (sd): 0.029185	ratio dKa/sd: -0.0609938
exact probability (P): 0.951364

