

## treatement of 3 lineages from file OG0006006.phy ##

equally weighted sequences:
> outgro:
tcas	1
> anostraca:
afra	1
> cladocera:
dmag	0.333333
dpul	0.333333
etex	0.333333

mean GC outgro: all positions=0.444 position1=0.448 position2=0.376 position3=0.510 
mean GC anostraca: all positions=0.411 position1=0.490 position2=0.386 position3=0.356 
mean GC cladocera: all positions=0.468 position1=0.510 position2=0.394 position3=0.500 

** impossible to compute Ks. saturation? **

mean number of non synonymous sites compared: 600.4
mean Ka anostraca: 0.60811
mean Ka cladocera: 0.546512
dKa: 0.0615983	standard deviation (sd): 0.0368949	ratio dKa/sd: 1.66956
exact probability (P): 0.0950142

equally weighted sequences:
> outgro:
tcas	1
> anostraca:
afra	1
> notostraca:
lapu	0.125
lart	0.125
lcou	0.125
lubb	0.125
tcan	0.125
tita	0.125
tlon	0.125
tusa	0.125

mean GC outgro: all positions=0.444 position1=0.448 position2=0.376 position3=0.510 
mean GC anostraca: all positions=0.411 position1=0.490 position2=0.386 position3=0.356 
mean GC notostraca: all positions=0.450 position1=0.504 position2=0.391 position3=0.455 

** impossible to compute Ks. saturation? **

mean number of non synonymous sites compared: 611.7
mean Ka anostraca: 0.60811
mean Ka notostraca: 0.558277
dKa: 0.0498335	standard deviation (sd): 0.0344021	ratio dKa/sd: 1.44856
exact probability (P): 0.147469

equally weighted sequences:
> outgro:
tcas	1
> cladocera:
dmag	0.333333
dpul	0.333333
etex	0.333333
> notostraca:
lapu	0.125
lart	0.125
lcou	0.125
lubb	0.125
tcan	0.125
tita	0.125
tlon	0.125
tusa	0.125

mean GC outgro: all positions=0.444 position1=0.448 position2=0.376 position3=0.510 
mean GC cladocera: all positions=0.468 position1=0.510 position2=0.394 position3=0.500 
mean GC notostraca: all positions=0.450 position1=0.504 position2=0.391 position3=0.455 

** impossible to compute Ks. saturation? **

mean number of non synonymous sites compared: 614.5
mean Ka cladocera: 0.546512
mean Ka notostraca: 0.558277
dKa: -0.0117648	standard deviation (sd): 0.0286393	ratio dKa/sd: -0.410793
exact probability (P): 0.681227

