

## treatement of 3 lineages from file OG0006058.phy ##

equally weighted sequences:
> outgro:
tcas	1
> anostraca:
afra	1
> cladocera:
dmag	0.333333
dpul	0.333333
etex	0.333333

mean GC outgro: all positions=0.366 position1=0.479 position2=0.271 position3=0.347 
mean GC anostraca: all positions=0.398 position1=0.472 position2=0.382 position3=0.340 
mean GC cladocera: all positions=0.426 position1=0.479 position2=0.326 position3=0.472 

** impossible to compute Ks. saturation? **

mean number of non synonymous sites compared: 286.3
mean Ka anostraca: 0.576943
mean Ka cladocera: 0.422719
dKa: 0.154224	standard deviation (sd): 0.0536243	ratio dKa/sd: 2.87601
exact probability (P): 0.00403315

equally weighted sequences:
> outgro:
tcas	1
> anostraca:
afra	1
> notostraca:
lapu	0.125
lart	0.125
lcou	0.125
lubb	0.125
tcan	0.125
tita	0.125
tlon	0.125
tusa	0.125

mean GC outgro: all positions=0.366 position1=0.479 position2=0.271 position3=0.347 
mean GC anostraca: all positions=0.398 position1=0.472 position2=0.382 position3=0.340 
mean GC notostraca: all positions=0.445 position1=0.470 position2=0.319 position3=0.544 

** impossible to compute Ks. saturation? **

mean number of non synonymous sites compared: 282.1
mean Ka anostraca: 0.576943
mean Ka notostraca: 0.353831
dKa: 0.223112	standard deviation (sd): 0.0556933	ratio dKa/sd: 4.00608
exact probability (P): 6.32744e-05

equally weighted sequences:
> outgro:
tcas	1
> cladocera:
dmag	0.333333
dpul	0.333333
etex	0.333333
> notostraca:
lapu	0.125
lart	0.125
lcou	0.125
lubb	0.125
tcan	0.125
tita	0.125
tlon	0.125
tusa	0.125

mean GC outgro: all positions=0.366 position1=0.479 position2=0.271 position3=0.347 
mean GC cladocera: all positions=0.426 position1=0.479 position2=0.326 position3=0.472 
mean GC notostraca: all positions=0.445 position1=0.470 position2=0.319 position3=0.544 

** impossible to compute Ks. saturation? **

mean number of non synonymous sites compared: 277.6
mean Ka cladocera: 0.422719
mean Ka notostraca: 0.353831
dKa: 0.0688877	standard deviation (sd): 0.0374365	ratio dKa/sd: 1.84012
exact probability (P): 0.0657592

