

## treatement of 3 lineages from file OG0006927.phy ##

equally weighted sequences:
> outgro:
tcas	1
> anostraca:
afra	1
> cladocera:
dmag	0.333333
dpul	0.333333
etex	0.333333

mean GC outgro: all positions=0.484 position1=0.525 position2=0.407 position3=0.519 
mean GC anostraca: all positions=0.416 position1=0.543 position2=0.370 position3=0.333 
mean GC cladocera: all positions=0.448 position1=0.521 position2=0.416 position3=0.407 

** impossible to compute Ks. saturation? **

mean number of non synonymous sites compared: 320.3
mean Ka anostraca: 0.399596
mean Ka cladocera: 0.385588
dKa: 0.014008	standard deviation (sd): 0.0382716	ratio dKa/sd: 0.366016
exact probability (P): 0.714356

equally weighted sequences:
> outgro:
tcas	1
> anostraca:
afra	1
> notostraca:
lapu	0.142857
lart	0.142857
lcou	0.142857
lubb	0.142857
tcan	0.142857
tita	0.142857
tusa	0.142857

mean GC outgro: all positions=0.484 position1=0.525 position2=0.407 position3=0.519 
mean GC anostraca: all positions=0.416 position1=0.543 position2=0.370 position3=0.333 
mean GC notostraca: all positions=0.463 position1=0.505 position2=0.400 position3=0.484 

** impossible to compute Ks. saturation? **

mean number of non synonymous sites compared: 320.1
mean Ka anostraca: 0.399596
mean Ka notostraca: 0.371039
dKa: 0.0285571	standard deviation (sd): 0.0406973	ratio dKa/sd: 0.701694
exact probability (P): 0.482875

equally weighted sequences:
> outgro:
tcas	1
> cladocera:
dmag	0.333333
dpul	0.333333
etex	0.333333
> notostraca:
lapu	0.142857
lart	0.142857
lcou	0.142857
lubb	0.142857
tcan	0.142857
tita	0.142857
tusa	0.142857

mean GC outgro: all positions=0.484 position1=0.525 position2=0.407 position3=0.519 
mean GC cladocera: all positions=0.448 position1=0.521 position2=0.416 position3=0.407 
mean GC notostraca: all positions=0.463 position1=0.505 position2=0.400 position3=0.484 

** impossible to compute Ks. saturation? **

mean number of non synonymous sites compared: 331.4
mean Ka cladocera: 0.385588
mean Ka notostraca: 0.371039
dKa: 0.0145491	standard deviation (sd): 0.0317428	ratio dKa/sd: 0.458343
exact probability (P): 0.646709

