

## treatement of 3 lineages from file OG0006951.phy ##

equally weighted sequences:
> outgro:
tcas	1
> anostraca:
afra	1
> cladocera:
dmag	0.5
dpul	0.5

mean GC outgro: all positions=0.497 position1=0.509 position2=0.426 position3=0.555 
mean GC anostraca: all positions=0.424 position1=0.539 position2=0.399 position3=0.335 
mean GC cladocera: all positions=0.444 position1=0.591 position2=0.377 position3=0.365 

** impossible to compute Ks. saturation? **

mean number of non synonymous sites compared: 746.1
mean Ka anostraca: 0.524936
mean Ka cladocera: 0.482636
dKa: 0.0422997	standard deviation (sd): 0.0346295	ratio dKa/sd: 1.22149
exact probability (P): 0.221906

equally weighted sequences:
> outgro:
tcas	1
> anostraca:
afra	1
> notostraca:
lapu	0.125
lart	0.125
lcou	0.125
lubb	0.125
tcan	0.125
tita	0.125
tlon	0.125
tusa	0.125

mean GC outgro: all positions=0.497 position1=0.509 position2=0.426 position3=0.555 
mean GC anostraca: all positions=0.424 position1=0.539 position2=0.399 position3=0.335 
mean GC notostraca: all positions=0.484 position1=0.578 position2=0.412 position3=0.461 

** impossible to compute Ks. saturation? **

mean number of non synonymous sites compared: 749.6
mean Ka anostraca: 0.524936
mean Ka notostraca: 0.418936
dKa: 0.106	standard deviation (sd): 0.0328886	ratio dKa/sd: 3.22299
exact probability (P): 0.00127297

equally weighted sequences:
> outgro:
tcas	1
> cladocera:
dmag	0.5
dpul	0.5
> notostraca:
lapu	0.125
lart	0.125
lcou	0.125
lubb	0.125
tcan	0.125
tita	0.125
tlon	0.125
tusa	0.125

mean GC outgro: all positions=0.497 position1=0.509 position2=0.426 position3=0.555 
mean GC cladocera: all positions=0.444 position1=0.591 position2=0.377 position3=0.365 
mean GC notostraca: all positions=0.484 position1=0.578 position2=0.412 position3=0.461 

** impossible to compute Ks. saturation? **

mean number of non synonymous sites compared: 731.9
mean Ka cladocera: 0.482636
mean Ka notostraca: 0.418936
dKa: 0.0637001	standard deviation (sd): 0.0279047	ratio dKa/sd: 2.28277
exact probability (P): 0.0224519

