

## treatement of 3 lineages from file OG0006972.phy ##

equally weighted sequences:
> outgro:
ocin	0.5
tcas	0.5
> anostraca:
afra	1
> cladocera:
dmag	0.333333
dpul	0.333333
etex	0.333333

mean GC outgro: all positions=0.441 position1=0.534 position2=0.387 position3=0.402 
mean GC anostraca: all positions=0.401 position1=0.534 position2=0.374 position3=0.294 
mean GC cladocera: all positions=0.432 position1=0.530 position2=0.370 position3=0.397 

** impossible to compute Ks. saturation? **

mean number of non synonymous sites compared: 319.5
mean Ka anostraca: 0.404881
mean Ka cladocera: 0.342734
dKa: 0.0621474	standard deviation (sd): 0.036937	ratio dKa/sd: 1.68252
exact probability (P): 0.0924755

equally weighted sequences:
> outgro:
ocin	0.5
tcas	0.5
> anostraca:
afra	1
> notostraca:
lart	0.166667
lcou	0.166667
tcan	0.166667
tita	0.166667
tlon	0.166667
tusa	0.166667

mean GC outgro: all positions=0.441 position1=0.534 position2=0.387 position3=0.402 
mean GC anostraca: all positions=0.401 position1=0.534 position2=0.374 position3=0.294 
mean GC notostraca: all positions=0.452 position1=0.562 position2=0.346 position3=0.448 

** impossible to compute Ks. saturation? **

mean number of non synonymous sites compared: 313.4
mean Ka anostraca: 0.404881
mean Ka notostraca: 0.370579
dKa: 0.0343023	standard deviation (sd): 0.0399725	ratio dKa/sd: 0.858148
exact probability (P): 0.390815

equally weighted sequences:
> outgro:
ocin	0.5
tcas	0.5
> cladocera:
dmag	0.333333
dpul	0.333333
etex	0.333333
> notostraca:
lart	0.166667
lcou	0.166667
tcan	0.166667
tita	0.166667
tlon	0.166667
tusa	0.166667

mean GC outgro: all positions=0.441 position1=0.534 position2=0.387 position3=0.402 
mean GC cladocera: all positions=0.432 position1=0.530 position2=0.370 position3=0.397 
mean GC notostraca: all positions=0.452 position1=0.562 position2=0.346 position3=0.448 

** impossible to compute Ks. saturation? **

mean number of non synonymous sites compared: 312.5
mean Ka cladocera: 0.342734
mean Ka notostraca: 0.370579
dKa: -0.0278451	standard deviation (sd): 0.0298299	ratio dKa/sd: -0.933462
exact probability (P): 0.350588

