

## treatement of 3 lineages from file OG0005014.phy ##

equally weighted sequences:
> outgro:
ocin	0.5
tcas	0.5
> anostraca:
afra	1
> cladocera:
dmag	0.333333
dpul	0.333333
etex	0.333333

mean GC outgro: all positions=0.422 position1=0.568 position2=0.322 position3=0.376 
mean GC anostraca: all positions=0.396 position1=0.624 position2=0.272 position3=0.291 
mean GC cladocera: all positions=0.418 position1=0.595 position2=0.258 position3=0.401 

** impossible to compute Ks. saturation? **

mean number of non synonymous sites compared: 428.3
mean Ka anostraca: 0.531972
mean Ka cladocera: 0.422124
dKa: 0.109848	standard deviation (sd): 0.037126	ratio dKa/sd: 2.9588
exact probability (P): 0.00309421

equally weighted sequences:
> outgro:
ocin	0.5
tcas	0.5
> anostraca:
afra	1
> notostraca:
lapu	0.125
lart	0.125
lcou	0.125
lubb	0.125
tcan	0.125
tita	0.125
tlon	0.125
tusa	0.125

mean GC outgro: all positions=0.422 position1=0.568 position2=0.322 position3=0.376 
mean GC anostraca: all positions=0.396 position1=0.624 position2=0.272 position3=0.291 
mean GC notostraca: all positions=0.436 position1=0.619 position2=0.298 position3=0.391 

** impossible to compute Ks. saturation? **

mean number of non synonymous sites compared: 426.5
mean Ka anostraca: 0.531972
mean Ka notostraca: 0.405762
dKa: 0.126211	standard deviation (sd): 0.0385717	ratio dKa/sd: 3.2721
exact probability (P): 0.0010719

equally weighted sequences:
> outgro:
ocin	0.5
tcas	0.5
> cladocera:
dmag	0.333333
dpul	0.333333
etex	0.333333
> notostraca:
lapu	0.125
lart	0.125
lcou	0.125
lubb	0.125
tcan	0.125
tita	0.125
tlon	0.125
tusa	0.125

mean GC outgro: all positions=0.422 position1=0.568 position2=0.322 position3=0.376 
mean GC cladocera: all positions=0.418 position1=0.595 position2=0.258 position3=0.401 
mean GC notostraca: all positions=0.436 position1=0.619 position2=0.298 position3=0.391 

** impossible to compute Ks. saturation? **

mean number of non synonymous sites compared: 422.7
mean Ka cladocera: 0.422124
mean Ka notostraca: 0.405762
dKa: 0.0163621	standard deviation (sd): 0.0269326	ratio dKa/sd: 0.607522
exact probability (P): 0.543509

