

## treatement of 3 lineages from file OG0006877.phy ##

equally weighted sequences:
> outgro:
ocin	0.5
tcas	0.5
> anostraca:
afra	1
> cladocera:
dmag	0.5
dpul	0.5

mean GC outgro: all positions=0.429 position1=0.439 position2=0.390 position3=0.457 
mean GC anostraca: all positions=0.411 position1=0.476 position2=0.378 position3=0.378 
mean GC cladocera: all positions=0.400 position1=0.476 position2=0.372 position3=0.354 

** impossible to compute Ks. saturation? **

mean number of non synonymous sites compared: 163.6
mean Ka anostraca: 0.580116
mean Ka cladocera: 0.356694
dKa: 0.223421	standard deviation (sd): 0.0629092	ratio dKa/sd: 3.55149
exact probability (P): 0.00038541

equally weighted sequences:
> outgro:
ocin	0.5
tcas	0.5
> anostraca:
afra	1
> notostraca:
lapu	0.142857
lart	0.142857
lcou	0.142857
lubb	0.142857
tcan	0.142857
tlon	0.142857
tusa	0.142857

mean GC outgro: all positions=0.429 position1=0.439 position2=0.390 position3=0.457 
mean GC anostraca: all positions=0.411 position1=0.476 position2=0.378 position3=0.378 
mean GC notostraca: all positions=0.464 position1=0.514 position2=0.366 position3=0.512 

** impossible to compute Ks. saturation? **

mean number of non synonymous sites compared: 163.0
mean Ka anostraca: 0.580116
mean Ka notostraca: 0.41104
dKa: 0.169075	standard deviation (sd): 0.0633833	ratio dKa/sd: 2.66751
exact probability (P): 0.00764561

equally weighted sequences:
> outgro:
ocin	0.5
tcas	0.5
> cladocera:
dmag	0.5
dpul	0.5
> notostraca:
lapu	0.142857
lart	0.142857
lcou	0.142857
lubb	0.142857
tcan	0.142857
tlon	0.142857
tusa	0.142857

mean GC outgro: all positions=0.429 position1=0.439 position2=0.390 position3=0.457 
mean GC cladocera: all positions=0.400 position1=0.476 position2=0.372 position3=0.354 
mean GC notostraca: all positions=0.464 position1=0.514 position2=0.366 position3=0.512 

** impossible to compute Ks. saturation? **

mean number of non synonymous sites compared: 164.3
mean Ka cladocera: 0.356694
mean Ka notostraca: 0.41104
dKa: -0.0543459	standard deviation (sd): 0.0421479	ratio dKa/sd: -1.28941
exact probability (P): 0.197263

