

## treatement of 3 lineages from file OG0004926.phy ##

equally weighted sequences:
> outgro:
ocin	0.5
tcas	0.5
> anostraca:
afra	1
> cladocera:
dmag	0.333333
dpul	0.333333
etex	0.333333

mean GC outgro: all positions=0.407 position1=0.445 position2=0.360 position3=0.418 
mean GC anostraca: all positions=0.393 position1=0.461 position2=0.356 position3=0.363 
mean GC cladocera: all positions=0.438 position1=0.498 position2=0.345 position3=0.471 

** impossible to compute Ks. saturation? **

mean number of non synonymous sites compared: 631.7
mean Ka anostraca: 0.507321
mean Ka cladocera: 0.475369
dKa: 0.0319523	standard deviation (sd): 0.0265582	ratio dKa/sd: 1.2031
exact probability (P): 0.228943

equally weighted sequences:
> outgro:
ocin	0.5
tcas	0.5
> anostraca:
afra	1
> notostraca:
lapu	0.125
lart	0.125
lcou	0.125
lubb	0.125
tcan	0.125
tita	0.125
tlon	0.125
tusa	0.125

mean GC outgro: all positions=0.407 position1=0.445 position2=0.360 position3=0.418 
mean GC anostraca: all positions=0.393 position1=0.461 position2=0.356 position3=0.363 
mean GC notostraca: all positions=0.440 position1=0.510 position2=0.390 position3=0.419 

** impossible to compute Ks. saturation? **

mean number of non synonymous sites compared: 631.2
mean Ka anostraca: 0.507321
mean Ka notostraca: 0.499797
dKa: 0.00752395	standard deviation (sd): 0.0300432	ratio dKa/sd: 0.250438
exact probability (P): 0.80225

equally weighted sequences:
> outgro:
ocin	0.5
tcas	0.5
> cladocera:
dmag	0.333333
dpul	0.333333
etex	0.333333
> notostraca:
lapu	0.125
lart	0.125
lcou	0.125
lubb	0.125
tcan	0.125
tita	0.125
tlon	0.125
tusa	0.125

mean GC outgro: all positions=0.407 position1=0.445 position2=0.360 position3=0.418 
mean GC cladocera: all positions=0.438 position1=0.498 position2=0.345 position3=0.471 
mean GC notostraca: all positions=0.440 position1=0.510 position2=0.390 position3=0.419 

** impossible to compute Ks. saturation? **

mean number of non synonymous sites compared: 628.2
mean Ka cladocera: 0.475369
mean Ka notostraca: 0.499797
dKa: -0.0244283	standard deviation (sd): 0.0263397	ratio dKa/sd: -0.927435
exact probability (P): 0.353707

