

## treatement of 3 lineages from file OG0005352.phy ##

equally weighted sequences:
> outgro:
ocin	0.5
tcas	0.5
> anostraca:
afra	1
> cladocera:
dmag	0.333333
dpul	0.333333
etex	0.333333

mean GC outgro: all positions=0.515 position1=0.562 position2=0.415 position3=0.567 
mean GC anostraca: all positions=0.467 position1=0.509 position2=0.446 position3=0.446 
mean GC cladocera: all positions=0.507 position1=0.539 position2=0.423 position3=0.560 

** impossible to compute Ks. saturation? **

mean number of non synonymous sites compared: 218.8
mean Ka anostraca: 0.174141
mean Ka cladocera: 0.066716
dKa: 0.107425	standard deviation (sd): 0.0263132	ratio dKa/sd: 4.08255
exact probability (P): 4.65769e-05

equally weighted sequences:
> outgro:
ocin	0.5
tcas	0.5
> anostraca:
afra	1
> notostraca:
lapu	0.125
lart	0.125
lcou	0.125
lubb	0.125
tcan	0.125
tita	0.125
tlon	0.125
tusa	0.125

mean GC outgro: all positions=0.515 position1=0.562 position2=0.415 position3=0.567 
mean GC anostraca: all positions=0.467 position1=0.509 position2=0.446 position3=0.446 
mean GC notostraca: all positions=0.504 position1=0.536 position2=0.429 position3=0.547 

** impossible to compute Ks. saturation? **

mean number of non synonymous sites compared: 219.1
mean Ka anostraca: 0.174141
mean Ka notostraca: 0.0755182
dKa: 0.0986226	standard deviation (sd): 0.02614	ratio dKa/sd: 3.77285
exact probability (P): 0.000163493

equally weighted sequences:
> outgro:
ocin	0.5
tcas	0.5
> cladocera:
dmag	0.333333
dpul	0.333333
etex	0.333333
> notostraca:
lapu	0.125
lart	0.125
lcou	0.125
lubb	0.125
tcan	0.125
tita	0.125
tlon	0.125
tusa	0.125

mean GC outgro: all positions=0.515 position1=0.562 position2=0.415 position3=0.567 
mean GC cladocera: all positions=0.507 position1=0.539 position2=0.423 position3=0.560 
mean GC notostraca: all positions=0.504 position1=0.536 position2=0.429 position3=0.547 

** impossible to compute Ks. saturation? **

mean number of non synonymous sites compared: 218.1
mean Ka cladocera: 0.066716
mean Ka notostraca: 0.0755182
dKa: -0.0088022	standard deviation (sd): 0.012465	ratio dKa/sd: -0.706154
exact probability (P): 0.480098

