

## treatement of 3 lineages from file OG0011026.phy ##

equally weighted sequences:
> outgro:
ocin	1
> anostraca:
afra	1
> cladocera:
dmag	1

mean GC outgro: all positions=0.431 position1=0.500 position2=0.414 position3=0.379 
mean GC anostraca: all positions=0.374 position1=0.491 position2=0.336 position3=0.293 
mean GC cladocera: all positions=0.374 position1=0.483 position2=0.388 position3=0.250 

** impossible to compute Ks. saturation? **

mean number of non synonymous sites compared: 223.2
mean Ka anostraca: 0.666713
mean Ka cladocera: 0.60858
dKa: 0.0581326	standard deviation (sd): 0.0791618	ratio dKa/sd: 0.734352
exact probability (P): 0.462739

equally weighted sequences:
> outgro:
ocin	1
> anostraca:
afra	1
> notostraca:
lart	0.5
lubb	0.5

mean GC outgro: all positions=0.431 position1=0.500 position2=0.414 position3=0.379 
mean GC anostraca: all positions=0.374 position1=0.491 position2=0.336 position3=0.293 
mean GC notostraca: all positions=0.438 position1=0.556 position2=0.358 position3=0.401 

** impossible to compute Ks. saturation? **

mean number of non synonymous sites compared: 223.0
mean Ka anostraca: 0.666713
mean Ka notostraca: 0.537331
dKa: 0.129382	standard deviation (sd): 0.073113	ratio dKa/sd: 1.76962
exact probability (P): 0.0767974

equally weighted sequences:
> outgro:
ocin	1
> cladocera:
dmag	1
> notostraca:
lart	0.5
lubb	0.5

mean GC outgro: all positions=0.431 position1=0.500 position2=0.414 position3=0.379 
mean GC cladocera: all positions=0.374 position1=0.483 position2=0.388 position3=0.250 
mean GC notostraca: all positions=0.438 position1=0.556 position2=0.358 position3=0.401 

** impossible to compute Ks. saturation? **

mean number of non synonymous sites compared: 221.6
mean Ka cladocera: 0.60858
mean Ka notostraca: 0.537331
dKa: 0.0712495	standard deviation (sd): 0.063979	ratio dKa/sd: 1.11364
exact probability (P): 0.26544

