

## treatement of 3 lineages from file OG0007479.phy ##

equally weighted sequences:
> outgro:
ocin	1
> anostraca:
afra	1
> cladocera:
dmag	0.333333
dpul	0.333333
etex	0.333333

mean GC outgro: all positions=0.423 position1=0.558 position2=0.315 position3=0.396 
mean GC anostraca: all positions=0.383 position1=0.512 position2=0.342 position3=0.296 
mean GC cladocera: all positions=0.412 position1=0.545 position2=0.328 position3=0.364 

** impossible to compute Ks. saturation? **

mean number of non synonymous sites compared: 498.1
mean Ka anostraca: 0.391726
mean Ka cladocera: 0.475229
dKa: -0.0835032	standard deviation (sd): 0.0316562	ratio dKa/sd: -2.63782
exact probability (P): 0.00835069

equally weighted sequences:
> outgro:
ocin	1
> anostraca:
afra	1
> notostraca:
lapu	0.166667
lcou	0.166667
lubb	0.166667
tcan	0.166667
tita	0.166667
tusa	0.166667

mean GC outgro: all positions=0.423 position1=0.558 position2=0.315 position3=0.396 
mean GC anostraca: all positions=0.383 position1=0.512 position2=0.342 position3=0.296 
mean GC notostraca: all positions=0.442 position1=0.559 position2=0.337 position3=0.430 

** impossible to compute Ks. saturation? **

mean number of non synonymous sites compared: 499.6
mean Ka anostraca: 0.391726
mean Ka notostraca: 0.447919
dKa: -0.0561935	standard deviation (sd): 0.0330499	ratio dKa/sd: -1.70026
exact probability (P): 0.0890905

equally weighted sequences:
> outgro:
ocin	1
> cladocera:
dmag	0.333333
dpul	0.333333
etex	0.333333
> notostraca:
lapu	0.166667
lcou	0.166667
lubb	0.166667
tcan	0.166667
tita	0.166667
tusa	0.166667

mean GC outgro: all positions=0.423 position1=0.558 position2=0.315 position3=0.396 
mean GC cladocera: all positions=0.412 position1=0.545 position2=0.328 position3=0.364 
mean GC notostraca: all positions=0.442 position1=0.559 position2=0.337 position3=0.430 

** impossible to compute Ks. saturation? **

mean number of non synonymous sites compared: 499.6
mean Ka cladocera: 0.475229
mean Ka notostraca: 0.447919
dKa: 0.0273097	standard deviation (sd): 0.0279232	ratio dKa/sd: 0.978031
exact probability (P): 0.328065

