

## treatement of 3 lineages from file OG0006403.phy ##

equally weighted sequences:
> outgro:
ocin	0.5
tcas	0.5
> anostraca:
afra	1
> cladocera:
dmag	0.333333
dpul	0.333333
etex	0.333333

mean GC outgro: all positions=0.492 position1=0.517 position2=0.424 position3=0.534 
mean GC anostraca: all positions=0.412 position1=0.458 position2=0.407 position3=0.373 
mean GC cladocera: all positions=0.563 position1=0.554 position2=0.424 position3=0.712 

** impossible to compute Ks. saturation? **

mean number of non synonymous sites compared: 107.3
mean Ka anostraca: 0.121186
mean Ka cladocera: 0.107917
dKa: 0.0132689	standard deviation (sd): 0.020875	ratio dKa/sd: 0.635637
exact probability (P): 0.525018

equally weighted sequences:
> outgro:
ocin	0.5
tcas	0.5
> anostraca:
afra	1
> notostraca:
lapu	0.142857
lart	0.142857
lcou	0.142857
lubb	0.142857
tcan	0.142857
tita	0.142857
tlon	0.142857

mean GC outgro: all positions=0.492 position1=0.517 position2=0.424 position3=0.534 
mean GC anostraca: all positions=0.412 position1=0.458 position2=0.407 position3=0.373 
mean GC notostraca: all positions=0.509 position1=0.547 position2=0.407 position3=0.574 

** impossible to compute Ks. saturation? **

mean number of non synonymous sites compared: 107.4
mean Ka anostraca: 0.121186
mean Ka notostraca: 0.0900322
dKa: 0.0311539	standard deviation (sd): 0.0212282	ratio dKa/sd: 1.46757
exact probability (P): 0.142229

equally weighted sequences:
> outgro:
ocin	0.5
tcas	0.5
> cladocera:
dmag	0.333333
dpul	0.333333
etex	0.333333
> notostraca:
lapu	0.142857
lart	0.142857
lcou	0.142857
lubb	0.142857
tcan	0.142857
tita	0.142857
tlon	0.142857

mean GC outgro: all positions=0.492 position1=0.517 position2=0.424 position3=0.534 
mean GC cladocera: all positions=0.563 position1=0.554 position2=0.424 position3=0.712 
mean GC notostraca: all positions=0.509 position1=0.547 position2=0.407 position3=0.574 

** impossible to compute Ks. saturation? **

mean number of non synonymous sites compared: 109.2
mean Ka cladocera: 0.107917
mean Ka notostraca: 0.0900322
dKa: 0.017885	standard deviation (sd): 0.0146022	ratio dKa/sd: 1.22481
exact probability (P): 0.220654

