

## treatement of 3 lineages from file OG0004988.phy ##

equally weighted sequences:
> outgro:
ocin	0.5
tcas	0.5
> anostraca:
afra	1
> cladocera:
dmag	0.333333
dpul	0.333333
etex	0.333333

mean GC outgro: all positions=0.550 position1=0.563 position2=0.378 position3=0.710 
mean GC anostraca: all positions=0.403 position1=0.522 position2=0.352 position3=0.334 
mean GC cladocera: all positions=0.445 position1=0.524 position2=0.369 position3=0.441 

** impossible to compute Ks. saturation? **

mean number of non synonymous sites compared: 647.1
mean Ka anostraca: 0.261333
mean Ka cladocera: 0.266071
dKa: -0.00473792	standard deviation (sd): 0.0164067	ratio dKa/sd: -0.288779
exact probability (P): 0.772752

equally weighted sequences:
> outgro:
ocin	0.5
tcas	0.5
> anostraca:
afra	1
> notostraca:
lapu	0.125
lart	0.125
lcou	0.125
lubb	0.125
tcan	0.125
tita	0.125
tlon	0.125
tusa	0.125

mean GC outgro: all positions=0.550 position1=0.563 position2=0.378 position3=0.710 
mean GC anostraca: all positions=0.403 position1=0.522 position2=0.352 position3=0.334 
mean GC notostraca: all positions=0.446 position1=0.513 position2=0.379 position3=0.444 

** impossible to compute Ks. saturation? **

mean number of non synonymous sites compared: 644.8
mean Ka anostraca: 0.261333
mean Ka notostraca: 0.241653
dKa: 0.0196802	standard deviation (sd): 0.0163104	ratio dKa/sd: 1.20661
exact probability (P): 0.227591

equally weighted sequences:
> outgro:
ocin	0.5
tcas	0.5
> cladocera:
dmag	0.333333
dpul	0.333333
etex	0.333333
> notostraca:
lapu	0.125
lart	0.125
lcou	0.125
lubb	0.125
tcan	0.125
tita	0.125
tlon	0.125
tusa	0.125

mean GC outgro: all positions=0.550 position1=0.563 position2=0.378 position3=0.710 
mean GC cladocera: all positions=0.445 position1=0.524 position2=0.369 position3=0.441 
mean GC notostraca: all positions=0.446 position1=0.513 position2=0.379 position3=0.444 

** impossible to compute Ks. saturation? **

mean number of non synonymous sites compared: 648.9
mean Ka cladocera: 0.266071
mean Ka notostraca: 0.241653
dKa: 0.0244181	standard deviation (sd): 0.0142154	ratio dKa/sd: 1.71772
exact probability (P): 0.0858557

