

## treatement of 3 lineages from file OG0005108.phy ##

equally weighted sequences:
> outgro:
ocin	0.5
tcas	0.5
> anostraca:
afra	1
> cladocera:
dmag	0.333333
dpul	0.333333
etex	0.333333

mean GC outgro: all positions=0.483 position1=0.538 position2=0.496 position3=0.416 
mean GC anostraca: all positions=0.440 position1=0.521 position2=0.479 position3=0.319 
mean GC cladocera: all positions=0.521 position1=0.633 position2=0.482 position3=0.448 

** impossible to compute Ks. saturation? **

mean number of non synonymous sites compared: 226.3
mean Ka anostraca: 0.513094
mean Ka cladocera: 0.472578
dKa: 0.0405159	standard deviation (sd): 0.0586202	ratio dKa/sd: 0.691159
exact probability (P): 0.48947

equally weighted sequences:
> outgro:
ocin	0.5
tcas	0.5
> anostraca:
afra	1
> notostraca:
lapu	0.125
lart	0.125
lcou	0.125
lubb	0.125
tcan	0.125
tita	0.125
tlon	0.125
tusa	0.125

mean GC outgro: all positions=0.483 position1=0.538 position2=0.496 position3=0.416 
mean GC anostraca: all positions=0.440 position1=0.521 position2=0.479 position3=0.319 
mean GC notostraca: all positions=0.526 position1=0.638 position2=0.515 position3=0.424 

** impossible to compute Ks. saturation? **

mean number of non synonymous sites compared: 226.3
mean Ka anostraca: 0.513094
mean Ka notostraca: 0.474116
dKa: 0.0389775	standard deviation (sd): 0.0599558	ratio dKa/sd: 0.650104
exact probability (P): 0.51563

equally weighted sequences:
> outgro:
ocin	0.5
tcas	0.5
> cladocera:
dmag	0.333333
dpul	0.333333
etex	0.333333
> notostraca:
lapu	0.125
lart	0.125
lcou	0.125
lubb	0.125
tcan	0.125
tita	0.125
tlon	0.125
tusa	0.125

mean GC outgro: all positions=0.483 position1=0.538 position2=0.496 position3=0.416 
mean GC cladocera: all positions=0.521 position1=0.633 position2=0.482 position3=0.448 
mean GC notostraca: all positions=0.526 position1=0.638 position2=0.515 position3=0.424 

** impossible to compute Ks. saturation? **

mean number of non synonymous sites compared: 220.4
mean Ka cladocera: 0.472578
mean Ka notostraca: 0.474116
dKa: -0.0015384	standard deviation (sd): 0.0424879	ratio dKa/sd: -0.0362079
exact probability (P): 0.971117

