

## treatement of 3 lineages from file OG0005418.phy ##

equally weighted sequences:
> outgro:
ocin	0.5
tcas	0.5
> anostraca:
afra	1
> cladocera:
dmag	0.333333
dpul	0.333333
etex	0.333333

mean GC outgro: all positions=0.409 position1=0.484 position2=0.340 position3=0.401 
mean GC anostraca: all positions=0.413 position1=0.495 position2=0.353 position3=0.391 
mean GC cladocera: all positions=0.447 position1=0.524 position2=0.336 position3=0.481 

** impossible to compute Ks. saturation? **

mean number of non synonymous sites compared: 946.5
mean Ka anostraca: 0.240076
mean Ka cladocera: 0.159954
dKa: 0.0801223	standard deviation (sd): 0.014786	ratio dKa/sd: 5.41879
exact probability (P): 1.44459e-07

equally weighted sequences:
> outgro:
ocin	0.5
tcas	0.5
> anostraca:
afra	1
> notostraca:
lapu	0.125
lart	0.125
lcou	0.125
lubb	0.125
tcan	0.125
tita	0.125
tlon	0.125
tusa	0.125

mean GC outgro: all positions=0.409 position1=0.484 position2=0.340 position3=0.401 
mean GC anostraca: all positions=0.413 position1=0.495 position2=0.353 position3=0.391 
mean GC notostraca: all positions=0.435 position1=0.501 position2=0.340 position3=0.466 

** impossible to compute Ks. saturation? **

mean number of non synonymous sites compared: 950.3
mean Ka anostraca: 0.240076
mean Ka notostraca: 0.151385
dKa: 0.0886915	standard deviation (sd): 0.0155227	ratio dKa/sd: 5.71367
exact probability (P): 1e-07

equally weighted sequences:
> outgro:
ocin	0.5
tcas	0.5
> cladocera:
dmag	0.333333
dpul	0.333333
etex	0.333333
> notostraca:
lapu	0.125
lart	0.125
lcou	0.125
lubb	0.125
tcan	0.125
tita	0.125
tlon	0.125
tusa	0.125

mean GC outgro: all positions=0.409 position1=0.484 position2=0.340 position3=0.401 
mean GC cladocera: all positions=0.447 position1=0.524 position2=0.336 position3=0.481 
mean GC notostraca: all positions=0.435 position1=0.501 position2=0.340 position3=0.466 

** impossible to compute Ks. saturation? **

mean number of non synonymous sites compared: 948.0
mean Ka cladocera: 0.159954
mean Ka notostraca: 0.151385
dKa: 0.0085692	standard deviation (sd): 0.00866846	ratio dKa/sd: 0.988549
exact probability (P): 0.32289

