

## treatement of 3 lineages from file OG0009632.phy ##

equally weighted sequences:
> outgro:
ocin	0.5
tcas	0.5
> anostraca:
afra	1
> cladocera:
dpul	0.5
etex	0.5

mean GC outgro: all positions=0.464 position1=0.500 position2=0.355 position3=0.536 
mean GC anostraca: all positions=0.382 position1=0.618 position2=0.309 position3=0.218 
mean GC cladocera: all positions=0.448 position1=0.564 position2=0.318 position3=0.464 

** impossible to compute Ks. saturation? **

mean number of non synonymous sites compared: 107.1
mean Ka anostraca: 0.192508
mean Ka cladocera: 0.16957
dKa: 0.0229377	standard deviation (sd): 0.039034	ratio dKa/sd: 0.587633
exact probability (P): 0.556783

equally weighted sequences:
> outgro:
ocin	0.5
tcas	0.5
> anostraca:
afra	1
> notostraca:
tcan	0.5
tita	0.5

mean GC outgro: all positions=0.464 position1=0.500 position2=0.355 position3=0.536 
mean GC anostraca: all positions=0.382 position1=0.618 position2=0.309 position3=0.218 
mean GC notostraca: all positions=0.442 position1=0.473 position2=0.309 position3=0.545 

** impossible to compute Ks. saturation? **

mean number of non synonymous sites compared: 107.1
mean Ka anostraca: 0.192508
mean Ka notostraca: 0.127394
dKa: 0.0651137	standard deviation (sd): 0.0404267	ratio dKa/sd: 1.61066
exact probability (P): 0.107263

equally weighted sequences:
> outgro:
ocin	0.5
tcas	0.5
> cladocera:
dpul	0.5
etex	0.5
> notostraca:
tcan	0.5
tita	0.5

mean GC outgro: all positions=0.464 position1=0.500 position2=0.355 position3=0.536 
mean GC cladocera: all positions=0.448 position1=0.564 position2=0.318 position3=0.464 
mean GC notostraca: all positions=0.442 position1=0.473 position2=0.309 position3=0.545 

** impossible to compute Ks. saturation? **

mean number of non synonymous sites compared: 105.4
mean Ka cladocera: 0.16957
mean Ka notostraca: 0.127394
dKa: 0.042176	standard deviation (sd): 0.027471	ratio dKa/sd: 1.53529
exact probability (P): 0.12472

