

## treatement of 3 lineages from file OG0006943.phy ##

equally weighted sequences:
> outgro:
tcas	1
> anostraca:
afra	1
> cladocera:
dmag	0.333333
dpul	0.333333
etex	0.333333

mean GC outgro: all positions=0.546 position1=0.520 position2=0.376 position3=0.742 
mean GC anostraca: all positions=0.406 position1=0.473 position2=0.412 position3=0.333 
mean GC cladocera: all positions=0.533 position1=0.575 position2=0.406 position3=0.619 

** impossible to compute Ks. saturation? **

mean number of non synonymous sites compared: 532.4
mean Ka anostraca: 0.413845
mean Ka cladocera: 0.333512
dKa: 0.0803329	standard deviation (sd): 0.0314307	ratio dKa/sd: 2.55587
exact probability (P): 0.0105993

equally weighted sequences:
> outgro:
tcas	1
> anostraca:
afra	1
> notostraca:
lapu	0.142857
lcou	0.142857
lubb	0.142857
tcan	0.142857
tita	0.142857
tlon	0.142857
tusa	0.142857

mean GC outgro: all positions=0.546 position1=0.520 position2=0.376 position3=0.742 
mean GC anostraca: all positions=0.406 position1=0.473 position2=0.412 position3=0.333 
mean GC notostraca: all positions=0.472 position1=0.523 position2=0.388 position3=0.506 

** impossible to compute Ks. saturation? **

mean number of non synonymous sites compared: 529.3
mean Ka anostraca: 0.413845
mean Ka notostraca: 0.390488
dKa: 0.023357	standard deviation (sd): 0.03355	ratio dKa/sd: 0.696185
exact probability (P): 0.486318

equally weighted sequences:
> outgro:
tcas	1
> cladocera:
dmag	0.333333
dpul	0.333333
etex	0.333333
> notostraca:
lapu	0.142857
lcou	0.142857
lubb	0.142857
tcan	0.142857
tita	0.142857
tlon	0.142857
tusa	0.142857

mean GC outgro: all positions=0.546 position1=0.520 position2=0.376 position3=0.742 
mean GC cladocera: all positions=0.533 position1=0.575 position2=0.406 position3=0.619 
mean GC notostraca: all positions=0.472 position1=0.523 position2=0.388 position3=0.506 

** impossible to compute Ks. saturation? **

mean number of non synonymous sites compared: 534.4
mean Ka cladocera: 0.333512
mean Ka notostraca: 0.390488
dKa: -0.0569759	standard deviation (sd): 0.0247144	ratio dKa/sd: -2.30537
exact probability (P): 0.0211533

