

## treatement of 3 lineages from file OG0007517.phy ##

equally weighted sequences:
> outgro:
ocin	0.5
tcas	0.5
> anostraca:
afra	1
> cladocera:
dmag	0.333333
dpul	0.333333
etex	0.333333

mean GC outgro: all positions=0.500 position1=0.546 position2=0.346 position3=0.608 
mean GC anostraca: all positions=0.375 position1=0.508 position2=0.317 position3=0.300 
mean GC cladocera: all positions=0.456 position1=0.522 position2=0.375 position3=0.469 

** impossible to compute Ks. saturation? **

mean number of non synonymous sites compared: 233.5
mean Ka anostraca: 0.575131
mean Ka cladocera: 0.550402
dKa: 0.0247289	standard deviation (sd): 0.0571646	ratio dKa/sd: 0.432592
exact probability (P): 0.665315

equally weighted sequences:
> outgro:
ocin	0.5
tcas	0.5
> anostraca:
afra	1
> notostraca:
lapu	0.2
tcan	0.2
tita	0.2
tlon	0.2
tusa	0.2

mean GC outgro: all positions=0.500 position1=0.546 position2=0.346 position3=0.608 
mean GC anostraca: all positions=0.375 position1=0.508 position2=0.317 position3=0.300 
mean GC notostraca: all positions=0.449 position1=0.500 position2=0.362 position3=0.487 

** impossible to compute Ks. saturation? **

mean number of non synonymous sites compared: 232.4
mean Ka anostraca: 0.575131
mean Ka notostraca: 0.555602
dKa: 0.0195294	standard deviation (sd): 0.0598129	ratio dKa/sd: 0.326507
exact probability (P): 0.744043

equally weighted sequences:
> outgro:
ocin	0.5
tcas	0.5
> cladocera:
dmag	0.333333
dpul	0.333333
etex	0.333333
> notostraca:
lapu	0.2
tcan	0.2
tita	0.2
tlon	0.2
tusa	0.2

mean GC outgro: all positions=0.500 position1=0.546 position2=0.346 position3=0.608 
mean GC cladocera: all positions=0.456 position1=0.522 position2=0.375 position3=0.469 
mean GC notostraca: all positions=0.449 position1=0.500 position2=0.362 position3=0.487 

** impossible to compute Ks. saturation? **

mean number of non synonymous sites compared: 234.0
mean Ka cladocera: 0.550402
mean Ka notostraca: 0.555602
dKa: -0.00519956	standard deviation (sd): 0.0408255	ratio dKa/sd: -0.127361
exact probability (P): 0.898656

