

## treatement of 3 lineages from file OG0009577.phy ##

equally weighted sequences:
> outgro:
ocin	0.5
tcas	0.5
> anostraca:
afra	1
> cladocera:
dmag	0.5
dpul	0.5

mean GC outgro: all positions=0.409 position1=0.449 position2=0.266 position3=0.513 
mean GC anostraca: all positions=0.329 position1=0.456 position2=0.241 position3=0.291 
mean GC cladocera: all positions=0.371 position1=0.487 position2=0.228 position3=0.399 

** impossible to compute Ks. saturation? **

mean number of non synonymous sites compared: 155.7
mean Ka anostraca: 0.246806
mean Ka cladocera: 0.157839
dKa: 0.0889668	standard deviation (sd): 0.0421617	ratio dKa/sd: 2.11013
exact probability (P): 0.034855

equally weighted sequences:
> outgro:
ocin	0.5
tcas	0.5
> anostraca:
afra	1
> notostraca:
lapu	0.5
lubb	0.5

mean GC outgro: all positions=0.409 position1=0.449 position2=0.266 position3=0.513 
mean GC anostraca: all positions=0.329 position1=0.456 position2=0.241 position3=0.291 
mean GC notostraca: all positions=0.437 position1=0.449 position2=0.291 position3=0.570 

** impossible to compute Ks. saturation? **

mean number of non synonymous sites compared: 154.3
mean Ka anostraca: 0.246806
mean Ka notostraca: 0.171428
dKa: 0.0753779	standard deviation (sd): 0.0468617	ratio dKa/sd: 1.60852
exact probability (P): 0.107729

equally weighted sequences:
> outgro:
ocin	0.5
tcas	0.5
> cladocera:
dmag	0.5
dpul	0.5
> notostraca:
lapu	0.5
lubb	0.5

mean GC outgro: all positions=0.409 position1=0.449 position2=0.266 position3=0.513 
mean GC cladocera: all positions=0.371 position1=0.487 position2=0.228 position3=0.399 
mean GC notostraca: all positions=0.437 position1=0.449 position2=0.291 position3=0.570 

** impossible to compute Ks. saturation? **

mean number of non synonymous sites compared: 155.3
mean Ka cladocera: 0.157839
mean Ka notostraca: 0.171428
dKa: -0.0135889	standard deviation (sd): 0.0318651	ratio dKa/sd: -0.426452
exact probability (P): 0.669782

