

## treatement of 3 lineages from file OG0006377.phy ##

equally weighted sequences:
> outgro:
tcas	1
> anostraca:
afra	1
> cladocera:
dmag	0.333333
dpul	0.333333
etex	0.333333

mean GC outgro: all positions=0.474 position1=0.564 position2=0.349 position3=0.510 
mean GC anostraca: all positions=0.425 position1=0.564 position2=0.356 position3=0.356 
mean GC cladocera: all positions=0.450 position1=0.573 position2=0.347 position3=0.430 

** impossible to compute Ks. saturation? **

mean number of non synonymous sites compared: 291.7
mean Ka anostraca: 0.293174
mean Ka cladocera: 0.243603
dKa: 0.0495709	standard deviation (sd): 0.0310496	ratio dKa/sd: 1.59651
exact probability (P): 0.110384

equally weighted sequences:
> outgro:
tcas	1
> anostraca:
afra	1
> notostraca:
lapu	0.125
lart	0.125
lcou	0.125
lubb	0.125
tcan	0.125
tita	0.125
tlon	0.125
tusa	0.125

mean GC outgro: all positions=0.474 position1=0.564 position2=0.349 position3=0.510 
mean GC anostraca: all positions=0.425 position1=0.564 position2=0.356 position3=0.356 
mean GC notostraca: all positions=0.470 position1=0.593 position2=0.357 position3=0.458 

** impossible to compute Ks. saturation? **

mean number of non synonymous sites compared: 294.5
mean Ka anostraca: 0.293174
mean Ka notostraca: 0.278105
dKa: 0.0150683	standard deviation (sd): 0.0347295	ratio dKa/sd: 0.433876
exact probability (P): 0.664382

equally weighted sequences:
> outgro:
tcas	1
> cladocera:
dmag	0.333333
dpul	0.333333
etex	0.333333
> notostraca:
lapu	0.125
lart	0.125
lcou	0.125
lubb	0.125
tcan	0.125
tita	0.125
tlon	0.125
tusa	0.125

mean GC outgro: all positions=0.474 position1=0.564 position2=0.349 position3=0.510 
mean GC cladocera: all positions=0.450 position1=0.573 position2=0.347 position3=0.430 
mean GC notostraca: all positions=0.470 position1=0.593 position2=0.357 position3=0.458 

** impossible to compute Ks. saturation? **

mean number of non synonymous sites compared: 295.3
mean Ka cladocera: 0.243603
mean Ka notostraca: 0.278105
dKa: -0.0345027	standard deviation (sd): 0.0293012	ratio dKa/sd: -1.17752
exact probability (P): 0.238996

