

## treatement of 3 lineages from file OG0007476.phy ##

equally weighted sequences:
> outgro:
ocin	0.5
tcas	0.5
> anostraca:
afra	1
> cladocera:
dmag	0.333333
dpul	0.333333
etex	0.333333

mean GC outgro: all positions=0.580 position1=0.609 position2=0.457 position3=0.674 
mean GC anostraca: all positions=0.507 position1=0.696 position2=0.478 position3=0.348 
mean GC cladocera: all positions=0.565 position1=0.841 position2=0.420 position3=0.435 

** impossible to compute Ks. saturation? **

mean number of non synonymous sites compared: 45.8
mean Ka anostraca: 0.32587
mean Ka cladocera: 0.484814
dKa: -0.158944	standard deviation (sd): 0.111178	ratio dKa/sd: -1.42964
exact probability (P): 0.152828

equally weighted sequences:
> outgro:
ocin	0.5
tcas	0.5
> anostraca:
afra	1
> notostraca:
lapu	0.2
tcan	0.2
tita	0.2
tlon	0.2
tusa	0.2

mean GC outgro: all positions=0.580 position1=0.609 position2=0.457 position3=0.674 
mean GC anostraca: all positions=0.507 position1=0.696 position2=0.478 position3=0.348 
mean GC notostraca: all positions=0.533 position1=0.783 position2=0.435 position3=0.383 

** impossible to compute Ks. saturation? **

mean number of non synonymous sites compared: 44.7
mean Ka anostraca: 0.32587
mean Ka notostraca: 0.303187
dKa: 0.0226835	standard deviation (sd): 0.0903838	ratio dKa/sd: 0.250969
exact probability (P): 0.80184

equally weighted sequences:
> outgro:
ocin	0.5
tcas	0.5
> cladocera:
dmag	0.333333
dpul	0.333333
etex	0.333333
> notostraca:
lapu	0.2
tcan	0.2
tita	0.2
tlon	0.2
tusa	0.2

mean GC outgro: all positions=0.580 position1=0.609 position2=0.457 position3=0.674 
mean GC cladocera: all positions=0.565 position1=0.841 position2=0.420 position3=0.435 
mean GC notostraca: all positions=0.533 position1=0.783 position2=0.435 position3=0.383 

** impossible to compute Ks. saturation? **

mean number of non synonymous sites compared: 45.6
mean Ka cladocera: 0.484814
mean Ka notostraca: 0.303187
dKa: 0.181628	standard deviation (sd): 0.0897506	ratio dKa/sd: 2.02369
exact probability (P): 0.0430105

