

## treatement of 3 lineages from file OG0006364.phy ##

equally weighted sequences:
> outgro:
ocin	0.5
tcas	0.5
> anostraca:
afra	1
> cladocera:
dmag	0.5
dpul	0.5

mean GC outgro: all positions=0.462 position1=0.488 position2=0.362 position3=0.535 
mean GC anostraca: all positions=0.404 position1=0.470 position2=0.373 position3=0.369 
mean GC cladocera: all positions=0.442 position1=0.516 position2=0.389 position3=0.422 

** impossible to compute Ks. saturation? **

mean number of non synonymous sites compared: 436.1
mean Ka anostraca: 0.191392
mean Ka cladocera: 0.166477
dKa: 0.0249156	standard deviation (sd): 0.0195871	ratio dKa/sd: 1.27204
exact probability (P): 0.203367

equally weighted sequences:
> outgro:
ocin	0.5
tcas	0.5
> anostraca:
afra	1
> notostraca:
lapu	0.125
lart	0.125
lcou	0.125
lubb	0.125
tcan	0.125
tita	0.125
tlon	0.125
tusa	0.125

mean GC outgro: all positions=0.462 position1=0.488 position2=0.362 position3=0.535 
mean GC anostraca: all positions=0.404 position1=0.470 position2=0.373 position3=0.369 
mean GC notostraca: all positions=0.454 position1=0.511 position2=0.378 position3=0.473 

** impossible to compute Ks. saturation? **

mean number of non synonymous sites compared: 433.7
mean Ka anostraca: 0.191392
mean Ka notostraca: 0.139907
dKa: 0.0514852	standard deviation (sd): 0.018539	ratio dKa/sd: 2.77713
exact probability (P): 0.00548982

equally weighted sequences:
> outgro:
ocin	0.5
tcas	0.5
> cladocera:
dmag	0.5
dpul	0.5
> notostraca:
lapu	0.125
lart	0.125
lcou	0.125
lubb	0.125
tcan	0.125
tita	0.125
tlon	0.125
tusa	0.125

mean GC outgro: all positions=0.462 position1=0.488 position2=0.362 position3=0.535 
mean GC cladocera: all positions=0.442 position1=0.516 position2=0.389 position3=0.422 
mean GC notostraca: all positions=0.454 position1=0.511 position2=0.378 position3=0.473 

** impossible to compute Ks. saturation? **

mean number of non synonymous sites compared: 429.3
mean Ka cladocera: 0.166477
mean Ka notostraca: 0.139907
dKa: 0.0265695	standard deviation (sd): 0.0145482	ratio dKa/sd: 1.82631
exact probability (P): 0.0678103

