

## treatement of 3 lineages from file OG0005376.phy ##

equally weighted sequences:
> outgro:
ocin	0.5
tcas	0.5
> anostraca:
afra	1
> cladocera:
dmag	0.333333
dpul	0.333333
etex	0.333333

mean GC outgro: all positions=0.435 position1=0.485 position2=0.345 position3=0.476 
mean GC anostraca: all positions=0.423 position1=0.538 position2=0.373 position3=0.358 
mean GC cladocera: all positions=0.504 position1=0.556 position2=0.363 position3=0.592 

** impossible to compute Ks. saturation? **

mean number of non synonymous sites compared: 656.1
mean Ka anostraca: 0.323964
mean Ka cladocera: 0.277183
dKa: 0.0467814	standard deviation (sd): 0.0208132	ratio dKa/sd: 2.24768
exact probability (P): 0.0246048

equally weighted sequences:
> outgro:
ocin	0.5
tcas	0.5
> anostraca:
afra	1
> notostraca:
lapu	0.125
lart	0.125
lcou	0.125
lubb	0.125
tcan	0.125
tita	0.125
tlon	0.125
tusa	0.125

mean GC outgro: all positions=0.435 position1=0.485 position2=0.345 position3=0.476 
mean GC anostraca: all positions=0.423 position1=0.538 position2=0.373 position3=0.358 
mean GC notostraca: all positions=0.486 position1=0.544 position2=0.383 position3=0.530 

** impossible to compute Ks. saturation? **

mean number of non synonymous sites compared: 654.3
mean Ka anostraca: 0.323964
mean Ka notostraca: 0.263238
dKa: 0.0607264	standard deviation (sd): 0.0213921	ratio dKa/sd: 2.83874
exact probability (P): 0.0045349

equally weighted sequences:
> outgro:
ocin	0.5
tcas	0.5
> cladocera:
dmag	0.333333
dpul	0.333333
etex	0.333333
> notostraca:
lapu	0.125
lart	0.125
lcou	0.125
lubb	0.125
tcan	0.125
tita	0.125
tlon	0.125
tusa	0.125

mean GC outgro: all positions=0.435 position1=0.485 position2=0.345 position3=0.476 
mean GC cladocera: all positions=0.504 position1=0.556 position2=0.363 position3=0.592 
mean GC notostraca: all positions=0.486 position1=0.544 position2=0.383 position3=0.530 

** impossible to compute Ks. saturation? **

mean number of non synonymous sites compared: 653.4
mean Ka cladocera: 0.277183
mean Ka notostraca: 0.263238
dKa: 0.013945	standard deviation (sd): 0.0139644	ratio dKa/sd: 0.99861
exact probability (P): 0.31799

