

## treatement of 3 lineages from file OG0006048.phy ##

equally weighted sequences:
> outgro:
ocin	0.5
tcas	0.5
> anostraca:
afra	1
> cladocera:
dmag	0.333333
dpul	0.333333
etex	0.333333

mean GC outgro: all positions=0.454 position1=0.520 position2=0.392 position3=0.451 
mean GC anostraca: all positions=0.428 position1=0.480 position2=0.431 position3=0.373 
mean GC cladocera: all positions=0.441 position1=0.497 position2=0.461 position3=0.366 

** impossible to compute Ks. saturation? **

mean number of non synonymous sites compared: 198.6
mean Ka anostraca: 0.455919
mean Ka cladocera: 0.335034
dKa: 0.120884	standard deviation (sd): 0.0521393	ratio dKa/sd: 2.31849
exact probability (P): 0.0204309

equally weighted sequences:
> outgro:
ocin	0.5
tcas	0.5
> anostraca:
afra	1
> notostraca:
lapu	0.142857
lart	0.142857
lcou	0.142857
lubb	0.142857
tcan	0.142857
tlon	0.142857
tusa	0.142857

mean GC outgro: all positions=0.454 position1=0.520 position2=0.392 position3=0.451 
mean GC anostraca: all positions=0.428 position1=0.480 position2=0.431 position3=0.373 
mean GC notostraca: all positions=0.467 position1=0.489 position2=0.461 position3=0.452 

** impossible to compute Ks. saturation? **

mean number of non synonymous sites compared: 199.0
mean Ka anostraca: 0.455919
mean Ka notostraca: 0.321319
dKa: 0.1346	standard deviation (sd): 0.0517342	ratio dKa/sd: 2.60175
exact probability (P): 0.00928214

equally weighted sequences:
> outgro:
ocin	0.5
tcas	0.5
> cladocera:
dmag	0.333333
dpul	0.333333
etex	0.333333
> notostraca:
lapu	0.142857
lart	0.142857
lcou	0.142857
lubb	0.142857
tcan	0.142857
tlon	0.142857
tusa	0.142857

mean GC outgro: all positions=0.454 position1=0.520 position2=0.392 position3=0.451 
mean GC cladocera: all positions=0.441 position1=0.497 position2=0.461 position3=0.366 
mean GC notostraca: all positions=0.467 position1=0.489 position2=0.461 position3=0.452 

** impossible to compute Ks. saturation? **

mean number of non synonymous sites compared: 201.9
mean Ka cladocera: 0.335034
mean Ka notostraca: 0.321319
dKa: 0.0137152	standard deviation (sd): 0.0314853	ratio dKa/sd: 0.435607
exact probability (P): 0.663125

