

## treatement of 3 lineages from file OG0006011.phy ##

equally weighted sequences:
> outgro:
tcas	1
> anostraca:
afra	1
> cladocera:
dmag	0.333333
dpul	0.333333
etex	0.333333

mean GC outgro: all positions=0.517 position1=0.430 position2=0.461 position3=0.661 
mean GC anostraca: all positions=0.418 position1=0.461 position2=0.461 position3=0.333 
mean GC cladocera: all positions=0.524 position1=0.515 position2=0.473 position3=0.584 

** impossible to compute Ks. saturation? **

mean number of non synonymous sites compared: 321.5
mean Ka anostraca: 0.287286
mean Ka cladocera: 0.234276
dKa: 0.05301	standard deviation (sd): 0.0281437	ratio dKa/sd: 1.88354
exact probability (P): 0.0596352

equally weighted sequences:
> outgro:
tcas	1
> anostraca:
afra	1
> notostraca:
lapu	0.125
lart	0.125
lcou	0.125
lubb	0.125
tcan	0.125
tita	0.125
tlon	0.125
tusa	0.125

mean GC outgro: all positions=0.517 position1=0.430 position2=0.461 position3=0.661 
mean GC anostraca: all positions=0.418 position1=0.461 position2=0.461 position3=0.333 
mean GC notostraca: all positions=0.485 position1=0.468 position2=0.476 position3=0.510 

** impossible to compute Ks. saturation? **

mean number of non synonymous sites compared: 319.3
mean Ka anostraca: 0.287286
mean Ka notostraca: 0.198368
dKa: 0.0889177	standard deviation (sd): 0.0310211	ratio dKa/sd: 2.86636
exact probability (P): 0.00415828

equally weighted sequences:
> outgro:
tcas	1
> cladocera:
dmag	0.333333
dpul	0.333333
etex	0.333333
> notostraca:
lapu	0.125
lart	0.125
lcou	0.125
lubb	0.125
tcan	0.125
tita	0.125
tlon	0.125
tusa	0.125

mean GC outgro: all positions=0.517 position1=0.430 position2=0.461 position3=0.661 
mean GC cladocera: all positions=0.524 position1=0.515 position2=0.473 position3=0.584 
mean GC notostraca: all positions=0.485 position1=0.468 position2=0.476 position3=0.510 

** impossible to compute Ks. saturation? **

mean number of non synonymous sites compared: 319.8
mean Ka cladocera: 0.234276
mean Ka notostraca: 0.198368
dKa: 0.0359077	standard deviation (sd): 0.0208364	ratio dKa/sd: 1.72331
exact probability (P): 0.0848402

