

## treatement of 3 lineages from file OG0007004.phy ##

equally weighted sequences:
> outgro:
ocin	0.5
tcas	0.5
> anostraca:
afra	1
> cladocera:
dpul	1

mean GC outgro: all positions=0.443 position1=0.511 position2=0.391 position3=0.429 
mean GC anostraca: all positions=0.399 position1=0.479 position2=0.368 position3=0.350 
mean GC cladocera: all positions=0.393 position1=0.507 position2=0.371 position3=0.300 

** impossible to compute Ks. saturation? **

mean number of non synonymous sites compared: 548.4
mean Ka anostraca: 0.523266
mean Ka cladocera: 0.428844
dKa: 0.0944227	standard deviation (sd): 0.036256	ratio dKa/sd: 2.60433
exact probability (P): 0.00921212

equally weighted sequences:
> outgro:
ocin	0.5
tcas	0.5
> anostraca:
afra	1
> notostraca:
lapu	0.125
lart	0.125
lcou	0.125
lubb	0.125
tcan	0.125
tita	0.125
tlon	0.125
tusa	0.125

mean GC outgro: all positions=0.443 position1=0.511 position2=0.391 position3=0.429 
mean GC anostraca: all positions=0.399 position1=0.479 position2=0.368 position3=0.350 
mean GC notostraca: all positions=0.466 position1=0.558 position2=0.421 position3=0.419 

** impossible to compute Ks. saturation? **

mean number of non synonymous sites compared: 541.5
mean Ka anostraca: 0.523266
mean Ka notostraca: 0.429819
dKa: 0.0934474	standard deviation (sd): 0.0353541	ratio dKa/sd: 2.64318
exact probability (P): 0.00821917

equally weighted sequences:
> outgro:
ocin	0.5
tcas	0.5
> cladocera:
dpul	1
> notostraca:
lapu	0.125
lart	0.125
lcou	0.125
lubb	0.125
tcan	0.125
tita	0.125
tlon	0.125
tusa	0.125

mean GC outgro: all positions=0.443 position1=0.511 position2=0.391 position3=0.429 
mean GC cladocera: all positions=0.393 position1=0.507 position2=0.371 position3=0.300 
mean GC notostraca: all positions=0.466 position1=0.558 position2=0.421 position3=0.419 

** impossible to compute Ks. saturation? **

mean number of non synonymous sites compared: 540.4
mean Ka cladocera: 0.428844
mean Ka notostraca: 0.429819
dKa: -0.000975336	standard deviation (sd): 0.0283701	ratio dKa/sd: -0.034379
exact probability (P): 0.972575

