

## treatement of 3 lineages from file OG0005120.phy ##

equally weighted sequences:
> outgro:
ocin	0.5
tcas	0.5
> anostraca:
afra	1
> cladocera:
dmag	0.333333
dpul	0.333333
etex	0.333333

mean GC outgro: all positions=0.346 position1=0.422 position2=0.294 position3=0.324 
mean GC anostraca: all positions=0.392 position1=0.471 position2=0.333 position3=0.373 
mean GC cladocera: all positions=0.405 position1=0.536 position2=0.281 position3=0.399 

** impossible to compute Ks. saturation? **

mean number of non synonymous sites compared: 104.0
mean Ka anostraca: 0.830881
mean Ka cladocera: 0.958942
dKa: -0.128061	standard deviation (sd): 0.159416	ratio dKa/sd: -0.803309
exact probability (P): 0.421802

equally weighted sequences:
> outgro:
ocin	0.5
tcas	0.5
> anostraca:
afra	1
> notostraca:
lapu	0.125
lart	0.125
lcou	0.125
lubb	0.125
tcan	0.125
tita	0.125
tlon	0.125
tusa	0.125

mean GC outgro: all positions=0.346 position1=0.422 position2=0.294 position3=0.324 
mean GC anostraca: all positions=0.392 position1=0.471 position2=0.333 position3=0.373 
mean GC notostraca: all positions=0.440 position1=0.507 position2=0.304 position3=0.507 

** impossible to compute Ks. saturation? **

mean number of non synonymous sites compared: 102.5
mean Ka anostraca: 0.830881
mean Ka notostraca: 0.736284
dKa: 0.0945975	standard deviation (sd): 0.134441	ratio dKa/sd: 0.703635
exact probability (P): 0.481663

equally weighted sequences:
> outgro:
ocin	0.5
tcas	0.5
> cladocera:
dmag	0.333333
dpul	0.333333
etex	0.333333
> notostraca:
lapu	0.125
lart	0.125
lcou	0.125
lubb	0.125
tcan	0.125
tita	0.125
tlon	0.125
tusa	0.125

mean GC outgro: all positions=0.346 position1=0.422 position2=0.294 position3=0.324 
mean GC cladocera: all positions=0.405 position1=0.536 position2=0.281 position3=0.399 
mean GC notostraca: all positions=0.440 position1=0.507 position2=0.304 position3=0.507 

** impossible to compute Ks. saturation? **

mean number of non synonymous sites compared: 99.8
mean Ka cladocera: 0.958942
mean Ka notostraca: 0.736284
dKa: 0.222658	standard deviation (sd): 0.134022	ratio dKa/sd: 1.66136
exact probability (P): 0.0966506

