

## treatement of 3 lineages from file OG0006032.phy ##

equally weighted sequences:
> outgro:
ocin	0.5
tcas	0.5
> anostraca:
afra	1
> cladocera:
dmag	0.5
etex	0.5

mean GC outgro: all positions=0.462 position1=0.560 position2=0.357 position3=0.470 
mean GC anostraca: all positions=0.414 position1=0.549 position2=0.368 position3=0.323 
mean GC cladocera: all positions=0.432 position1=0.541 position2=0.387 position3=0.368 

** impossible to compute Ks. saturation? **

mean number of non synonymous sites compared: 258.8
mean Ka anostraca: 0.289968
mean Ka cladocera: 0.315611
dKa: -0.0256434	standard deviation (sd): 0.0342668	ratio dKa/sd: -0.748347
exact probability (P): 0.454256

equally weighted sequences:
> outgro:
ocin	0.5
tcas	0.5
> anostraca:
afra	1
> notostraca:
lapu	0.125
lart	0.125
lcou	0.125
lubb	0.125
tcan	0.125
tita	0.125
tlon	0.125
tusa	0.125

mean GC outgro: all positions=0.462 position1=0.560 position2=0.357 position3=0.470 
mean GC anostraca: all positions=0.414 position1=0.549 position2=0.368 position3=0.323 
mean GC notostraca: all positions=0.431 position1=0.518 position2=0.395 position3=0.381 

** impossible to compute Ks. saturation? **

mean number of non synonymous sites compared: 257.6
mean Ka anostraca: 0.289968
mean Ka notostraca: 0.262117
dKa: 0.027851	standard deviation (sd): 0.0309372	ratio dKa/sd: 0.900244
exact probability (P): 0.367995

equally weighted sequences:
> outgro:
ocin	0.5
tcas	0.5
> cladocera:
dmag	0.5
etex	0.5
> notostraca:
lapu	0.125
lart	0.125
lcou	0.125
lubb	0.125
tcan	0.125
tita	0.125
tlon	0.125
tusa	0.125

mean GC outgro: all positions=0.462 position1=0.560 position2=0.357 position3=0.470 
mean GC cladocera: all positions=0.432 position1=0.541 position2=0.387 position3=0.368 
mean GC notostraca: all positions=0.431 position1=0.518 position2=0.395 position3=0.381 

** impossible to compute Ks. saturation? **

mean number of non synonymous sites compared: 259.7
mean Ka cladocera: 0.315611
mean Ka notostraca: 0.262117
dKa: 0.0534944	standard deviation (sd): 0.0274259	ratio dKa/sd: 1.95051
exact probability (P): 0.0511241

