

## treatement of 3 lineages from file OG0006262.phy ##

equally weighted sequences:
> outgro:
tcas	1
> anostraca:
afra	1
> cladocera:
dmag	0.333333
dpul	0.333333
etex	0.333333

mean GC outgro: all positions=0.464 position1=0.490 position2=0.332 position3=0.571 
mean GC anostraca: all positions=0.395 position1=0.561 position2=0.306 position3=0.316 
mean GC cladocera: all positions=0.415 position1=0.527 position2=0.332 position3=0.386 

** impossible to compute Ks. saturation? **

mean number of non synonymous sites compared: 382.8
mean Ka anostraca: 0.359172
mean Ka cladocera: 0.340103
dKa: 0.0190693	standard deviation (sd): 0.0315595	ratio dKa/sd: 0.604233
exact probability (P): 0.545692

equally weighted sequences:
> outgro:
tcas	1
> anostraca:
afra	1
> notostraca:
lapu	0.125
lart	0.125
lcou	0.125
lubb	0.125
tcan	0.125
tita	0.125
tlon	0.125
tusa	0.125

mean GC outgro: all positions=0.464 position1=0.490 position2=0.332 position3=0.571 
mean GC anostraca: all positions=0.395 position1=0.561 position2=0.306 position3=0.316 
mean GC notostraca: all positions=0.419 position1=0.531 position2=0.314 position3=0.411 

** impossible to compute Ks. saturation? **

mean number of non synonymous sites compared: 380.2
mean Ka anostraca: 0.359172
mean Ka notostraca: 0.325005
dKa: 0.0341671	standard deviation (sd): 0.0310731	ratio dKa/sd: 1.09957
exact probability (P): 0.271526

equally weighted sequences:
> outgro:
tcas	1
> cladocera:
dmag	0.333333
dpul	0.333333
etex	0.333333
> notostraca:
lapu	0.125
lart	0.125
lcou	0.125
lubb	0.125
tcan	0.125
tita	0.125
tlon	0.125
tusa	0.125

mean GC outgro: all positions=0.464 position1=0.490 position2=0.332 position3=0.571 
mean GC cladocera: all positions=0.415 position1=0.527 position2=0.332 position3=0.386 
mean GC notostraca: all positions=0.419 position1=0.531 position2=0.314 position3=0.411 

** impossible to compute Ks. saturation? **

mean number of non synonymous sites compared: 384.6
mean Ka cladocera: 0.340103
mean Ka notostraca: 0.325005
dKa: 0.0150978	standard deviation (sd): 0.0242609	ratio dKa/sd: 0.622309
exact probability (P): 0.533743

