

## treatement of 3 lineages from file OG0006277.phy ##

equally weighted sequences:
> outgro:
ocin	0.5
tcas	0.5
> anostraca:
afra	1
> cladocera:
dmag	0.5
etex	0.5

mean GC outgro: all positions=0.450 position1=0.500 position2=0.391 position3=0.460 
mean GC anostraca: all positions=0.379 position1=0.433 position2=0.383 position3=0.322 
mean GC cladocera: all positions=0.418 position1=0.475 position2=0.387 position3=0.391 

** impossible to compute Ks. saturation? **

mean number of non synonymous sites compared: 509.7
mean Ka anostraca: 0.70449
mean Ka cladocera: 0.670105
dKa: 0.0343844	standard deviation (sd): 0.0481259	ratio dKa/sd: 0.714467
exact probability (P): 0.474941

equally weighted sequences:
> outgro:
ocin	0.5
tcas	0.5
> anostraca:
afra	1
> notostraca:
lapu	0.125
lart	0.125
lcou	0.125
lubb	0.125
tcan	0.125
tita	0.125
tlon	0.125
tusa	0.125

mean GC outgro: all positions=0.450 position1=0.500 position2=0.391 position3=0.460 
mean GC anostraca: all positions=0.379 position1=0.433 position2=0.383 position3=0.322 
mean GC notostraca: all positions=0.458 position1=0.489 position2=0.408 position3=0.479 

** impossible to compute Ks. saturation? **

mean number of non synonymous sites compared: 515.2
mean Ka anostraca: 0.70449
mean Ka notostraca: 0.654341
dKa: 0.0501485	standard deviation (sd): 0.0491294	ratio dKa/sd: 1.02074
exact probability (P): 0.307383

equally weighted sequences:
> outgro:
ocin	0.5
tcas	0.5
> cladocera:
dmag	0.5
etex	0.5
> notostraca:
lapu	0.125
lart	0.125
lcou	0.125
lubb	0.125
tcan	0.125
tita	0.125
tlon	0.125
tusa	0.125

mean GC outgro: all positions=0.450 position1=0.500 position2=0.391 position3=0.460 
mean GC cladocera: all positions=0.418 position1=0.475 position2=0.387 position3=0.391 
mean GC notostraca: all positions=0.458 position1=0.489 position2=0.408 position3=0.479 

** impossible to compute Ks. saturation? **

mean number of non synonymous sites compared: 509.9
mean Ka cladocera: 0.670105
mean Ka notostraca: 0.654341
dKa: 0.0157642	standard deviation (sd): 0.0389477	ratio dKa/sd: 0.404752
exact probability (P): 0.685663

