

## treatement of 3 lineages from file OG0006054.phy ##

equally weighted sequences:
> outgro:
ocin	0.5
tcas	0.5
> anostraca:
afra	1
> cladocera:
dmag	0.5
etex	0.5

mean GC outgro: all positions=0.493 position1=0.512 position2=0.482 position3=0.485 
mean GC anostraca: all positions=0.423 position1=0.515 position2=0.393 position3=0.362 
mean GC cladocera: all positions=0.491 position1=0.540 position2=0.445 position3=0.488 

** impossible to compute Ks. saturation? **

mean number of non synonymous sites compared: 314.0
mean Ka anostraca: 0.438325
mean Ka cladocera: 0.454039
dKa: -0.0157145	standard deviation (sd): 0.0405457	ratio dKa/sd: -0.387574
exact probability (P): 0.698334

equally weighted sequences:
> outgro:
ocin	0.5
tcas	0.5
> anostraca:
afra	1
> notostraca:
lapu	0.125
lart	0.125
lcou	0.125
lubb	0.125
tcan	0.125
tita	0.125
tlon	0.125
tusa	0.125

mean GC outgro: all positions=0.493 position1=0.512 position2=0.482 position3=0.485 
mean GC anostraca: all positions=0.423 position1=0.515 position2=0.393 position3=0.362 
mean GC notostraca: all positions=0.512 position1=0.583 position2=0.449 position3=0.503 

** impossible to compute Ks. saturation? **

mean number of non synonymous sites compared: 315.7
mean Ka anostraca: 0.438325
mean Ka notostraca: 0.426999
dKa: 0.0113259	standard deviation (sd): 0.0436752	ratio dKa/sd: 0.259321
exact probability (P): 0.795389

equally weighted sequences:
> outgro:
ocin	0.5
tcas	0.5
> cladocera:
dmag	0.5
etex	0.5
> notostraca:
lapu	0.125
lart	0.125
lcou	0.125
lubb	0.125
tcan	0.125
tita	0.125
tlon	0.125
tusa	0.125

mean GC outgro: all positions=0.493 position1=0.512 position2=0.482 position3=0.485 
mean GC cladocera: all positions=0.491 position1=0.540 position2=0.445 position3=0.488 
mean GC notostraca: all positions=0.512 position1=0.583 position2=0.449 position3=0.503 

** impossible to compute Ks. saturation? **

mean number of non synonymous sites compared: 318.7
mean Ka cladocera: 0.454039
mean Ka notostraca: 0.426999
dKa: 0.0270404	standard deviation (sd): 0.0325487	ratio dKa/sd: 0.830767
exact probability (P): 0.406111

