

## treatement of 3 lineages from file OG0008920.phy ##

equally weighted sequences:
> outgro:
ocin	0.5
tcas	0.5
> anostraca:
afra	1
> cladocera:
dmag	0.333333
dpul	0.333333
etex	0.333333

mean GC outgro: all positions=0.409 position1=0.500 position2=0.391 position3=0.337 
mean GC anostraca: all positions=0.319 position1=0.348 position2=0.326 position3=0.283 
mean GC cladocera: all positions=0.423 position1=0.572 position2=0.290 position3=0.406 

** impossible to compute Ks. saturation? **

mean number of non synonymous sites compared: 90.0
mean Ka anostraca: 1.07914
mean Ka cladocera: 0.72332
dKa: 0.355819	standard deviation (sd): 0.180005	ratio dKa/sd: 1.97672
exact probability (P): 0.0480823

equally weighted sequences:
> outgro:
ocin	0.5
tcas	0.5
> anostraca:
afra	1
> notostraca:
lapu	0.5
lart	0.5

mean GC outgro: all positions=0.409 position1=0.500 position2=0.391 position3=0.337 
mean GC anostraca: all positions=0.319 position1=0.348 position2=0.326 position3=0.283 
mean GC notostraca: all positions=0.384 position1=0.402 position2=0.283 position3=0.467 

** impossible to compute Ks. saturation? **

mean number of non synonymous sites compared: 93.9
mean Ka anostraca: 1.07914
mean Ka notostraca: 0.848153
dKa: 0.230985	standard deviation (sd): 0.203474	ratio dKa/sd: 1.13521
exact probability (P): 0.256297

equally weighted sequences:
> outgro:
ocin	0.5
tcas	0.5
> cladocera:
dmag	0.333333
dpul	0.333333
etex	0.333333
> notostraca:
lapu	0.5
lart	0.5

mean GC outgro: all positions=0.409 position1=0.500 position2=0.391 position3=0.337 
mean GC cladocera: all positions=0.423 position1=0.572 position2=0.290 position3=0.406 
mean GC notostraca: all positions=0.384 position1=0.402 position2=0.283 position3=0.467 

** impossible to compute Ks. saturation? **

mean number of non synonymous sites compared: 93.3
mean Ka cladocera: 0.72332
mean Ka notostraca: 0.848153
dKa: -0.124833	standard deviation (sd): 0.134678	ratio dKa/sd: -0.926899
exact probability (P): 0.353985

