

## treatement of 3 lineages from file OG0006246.phy ##

equally weighted sequences:
> outgro:
tcas	1
> anostraca:
afra	1
> cladocera:
dmag	0.333333
dpul	0.333333
etex	0.333333

mean GC outgro: all positions=0.446 position1=0.538 position2=0.375 position3=0.423 
mean GC anostraca: all positions=0.426 position1=0.534 position2=0.418 position3=0.327 
mean GC cladocera: all positions=0.447 position1=0.540 position2=0.378 position3=0.421 

** impossible to compute Ks. saturation? **

mean number of non synonymous sites compared: 402.6
mean Ka anostraca: 0.256573
mean Ka cladocera: 0.274883
dKa: -0.0183103	standard deviation (sd): 0.0265626	ratio dKa/sd: -0.689325
exact probability (P): 0.490624

equally weighted sequences:
> outgro:
tcas	1
> anostraca:
afra	1
> notostraca:
lapu	0.125
lart	0.125
lcou	0.125
lubb	0.125
tcan	0.125
tita	0.125
tlon	0.125
tusa	0.125

mean GC outgro: all positions=0.446 position1=0.538 position2=0.375 position3=0.423 
mean GC anostraca: all positions=0.426 position1=0.534 position2=0.418 position3=0.327 
mean GC notostraca: all positions=0.450 position1=0.519 position2=0.388 position3=0.442 

** impossible to compute Ks. saturation? **

mean number of non synonymous sites compared: 400.9
mean Ka anostraca: 0.256573
mean Ka notostraca: 0.244587
dKa: 0.0119859	standard deviation (sd): 0.0258594	ratio dKa/sd: 0.463504
exact probability (P): 0.643006

equally weighted sequences:
> outgro:
tcas	1
> cladocera:
dmag	0.333333
dpul	0.333333
etex	0.333333
> notostraca:
lapu	0.125
lart	0.125
lcou	0.125
lubb	0.125
tcan	0.125
tita	0.125
tlon	0.125
tusa	0.125

mean GC outgro: all positions=0.446 position1=0.538 position2=0.375 position3=0.423 
mean GC cladocera: all positions=0.447 position1=0.540 position2=0.378 position3=0.421 
mean GC notostraca: all positions=0.450 position1=0.519 position2=0.388 position3=0.442 

** impossible to compute Ks. saturation? **

mean number of non synonymous sites compared: 397.5
mean Ka cladocera: 0.274883
mean Ka notostraca: 0.244587
dKa: 0.0302962	standard deviation (sd): 0.022431	ratio dKa/sd: 1.35064
exact probability (P): 0.176819

