

## treatement of 3 lineages from file OG0005158.phy ##

equally weighted sequences:
> outgro:
ocin	0.5
tcas	0.5
> anostraca:
afra	1
> cladocera:
dmag	0.333333
dpul	0.333333
etex	0.333333

mean GC outgro: all positions=0.395 position1=0.510 position2=0.283 position3=0.391 
mean GC anostraca: all positions=0.319 position1=0.449 position2=0.226 position3=0.281 
mean GC cladocera: all positions=0.424 position1=0.534 position2=0.261 position3=0.478 

** impossible to compute Ks. saturation? **

mean number of non synonymous sites compared: 679.9
mean Ka anostraca: 0.570033
mean Ka cladocera: 0.544882
dKa: 0.0251512	standard deviation (sd): 0.0319471	ratio dKa/sd: 0.787276
exact probability (P): 0.431125

equally weighted sequences:
> outgro:
ocin	0.5
tcas	0.5
> anostraca:
afra	1
> notostraca:
lapu	0.125
lart	0.125
lcou	0.125
lubb	0.125
tcan	0.125
tita	0.125
tlon	0.125
tusa	0.125

mean GC outgro: all positions=0.395 position1=0.510 position2=0.283 position3=0.391 
mean GC anostraca: all positions=0.319 position1=0.449 position2=0.226 position3=0.281 
mean GC notostraca: all positions=0.445 position1=0.584 position2=0.293 position3=0.458 

** impossible to compute Ks. saturation? **

mean number of non synonymous sites compared: 674.9
mean Ka anostraca: 0.570033
mean Ka notostraca: 0.561342
dKa: 0.0086911	standard deviation (sd): 0.0350627	ratio dKa/sd: 0.247873
exact probability (P): 0.804234

equally weighted sequences:
> outgro:
ocin	0.5
tcas	0.5
> cladocera:
dmag	0.333333
dpul	0.333333
etex	0.333333
> notostraca:
lapu	0.125
lart	0.125
lcou	0.125
lubb	0.125
tcan	0.125
tita	0.125
tlon	0.125
tusa	0.125

mean GC outgro: all positions=0.395 position1=0.510 position2=0.283 position3=0.391 
mean GC cladocera: all positions=0.424 position1=0.534 position2=0.261 position3=0.478 
mean GC notostraca: all positions=0.445 position1=0.584 position2=0.293 position3=0.458 

** impossible to compute Ks. saturation? **

mean number of non synonymous sites compared: 667.9
mean Ka cladocera: 0.544882
mean Ka notostraca: 0.561342
dKa: -0.0164601	standard deviation (sd): 0.0254441	ratio dKa/sd: -0.646911
exact probability (P): 0.517694

