

## treatement of 3 lineages from file OG0005639.phy ##

equally weighted sequences:
> outgro:
ocin	0.5
tcas	0.5
> anostraca:
afra	1
> cladocera:
dmag	0.333333
dpul	0.333333
etex	0.333333

mean GC outgro: all positions=0.471 position1=0.456 position2=0.423 position3=0.533 
mean GC anostraca: all positions=0.359 position1=0.363 position2=0.352 position3=0.363 
mean GC cladocera: all positions=0.429 position1=0.476 position2=0.429 position3=0.381 

** impossible to compute Ks. saturation? **

mean number of non synonymous sites compared: 181.3
mean Ka anostraca: 0.548639
mean Ka cladocera: 0.60839
dKa: -0.0597506	standard deviation (sd): 0.072525	ratio dKa/sd: -0.823863
exact probability (P): 0.410023

equally weighted sequences:
> outgro:
ocin	0.5
tcas	0.5
> anostraca:
afra	1
> notostraca:
lapu	0.125
lart	0.125
lcou	0.125
lubb	0.125
tcan	0.125
tita	0.125
tlon	0.125
tusa	0.125

mean GC outgro: all positions=0.471 position1=0.456 position2=0.423 position3=0.533 
mean GC anostraca: all positions=0.359 position1=0.363 position2=0.352 position3=0.363 
mean GC notostraca: all positions=0.430 position1=0.464 position2=0.408 position3=0.418 

** impossible to compute Ks. saturation? **

mean number of non synonymous sites compared: 178.8
mean Ka anostraca: 0.548639
mean Ka notostraca: 0.463904
dKa: 0.0847351	standard deviation (sd): 0.0631697	ratio dKa/sd: 1.34139
exact probability (P): 0.179802

equally weighted sequences:
> outgro:
ocin	0.5
tcas	0.5
> cladocera:
dmag	0.333333
dpul	0.333333
etex	0.333333
> notostraca:
lapu	0.125
lart	0.125
lcou	0.125
lubb	0.125
tcan	0.125
tita	0.125
tlon	0.125
tusa	0.125

mean GC outgro: all positions=0.471 position1=0.456 position2=0.423 position3=0.533 
mean GC cladocera: all positions=0.429 position1=0.476 position2=0.429 position3=0.381 
mean GC notostraca: all positions=0.430 position1=0.464 position2=0.408 position3=0.418 

** impossible to compute Ks. saturation? **

mean number of non synonymous sites compared: 178.4
mean Ka cladocera: 0.60839
mean Ka notostraca: 0.463904
dKa: 0.144486	standard deviation (sd): 0.0522807	ratio dKa/sd: 2.76365
exact probability (P): 0.00572144

