

## treatement of 3 lineages from file OG0004952.phy ##

equally weighted sequences:
> outgro:
ocin	0.5
tcas	0.5
> anostraca:
afra	1
> cladocera:
dmag	0.333333
dpul	0.333333
etex	0.333333

mean GC outgro: all positions=0.516 position1=0.540 position2=0.438 position3=0.571 
mean GC anostraca: all positions=0.438 position1=0.504 position2=0.421 position3=0.388 
mean GC cladocera: all positions=0.477 position1=0.544 position2=0.435 position3=0.451 

** impossible to compute Ks. saturation? **

mean number of non synonymous sites compared: 466.2
mean Ka anostraca: 0.346075
mean Ka cladocera: 0.258234
dKa: 0.0878415	standard deviation (sd): 0.0256715	ratio dKa/sd: 3.42175
exact probability (P): 0.000626303

equally weighted sequences:
> outgro:
ocin	0.5
tcas	0.5
> anostraca:
afra	1
> notostraca:
lapu	0.125
lart	0.125
lcou	0.125
lubb	0.125
tcan	0.125
tita	0.125
tlon	0.125
tusa	0.125

mean GC outgro: all positions=0.516 position1=0.540 position2=0.438 position3=0.571 
mean GC anostraca: all positions=0.438 position1=0.504 position2=0.421 position3=0.388 
mean GC notostraca: all positions=0.482 position1=0.535 position2=0.434 position3=0.476 

** impossible to compute Ks. saturation? **

mean number of non synonymous sites compared: 463.2
mean Ka anostraca: 0.346075
mean Ka notostraca: 0.247562
dKa: 0.0985137	standard deviation (sd): 0.0258941	ratio dKa/sd: 3.80449
exact probability (P): 0.000144822

equally weighted sequences:
> outgro:
ocin	0.5
tcas	0.5
> cladocera:
dmag	0.333333
dpul	0.333333
etex	0.333333
> notostraca:
lapu	0.125
lart	0.125
lcou	0.125
lubb	0.125
tcan	0.125
tita	0.125
tlon	0.125
tusa	0.125

mean GC outgro: all positions=0.516 position1=0.540 position2=0.438 position3=0.571 
mean GC cladocera: all positions=0.477 position1=0.544 position2=0.435 position3=0.451 
mean GC notostraca: all positions=0.482 position1=0.535 position2=0.434 position3=0.476 

** impossible to compute Ks. saturation? **

mean number of non synonymous sites compared: 462.4
mean Ka cladocera: 0.258234
mean Ka notostraca: 0.247562
dKa: 0.0106722	standard deviation (sd): 0.0163933	ratio dKa/sd: 0.651007
exact probability (P): 0.515046

