

## treatement of 3 lineages from file OG0005658.phy ##

equally weighted sequences:
> outgro:
ocin	0.5
tcas	0.5
> anostraca:
afra	1
> cladocera:
dmag	0.333333
dpul	0.333333
etex	0.333333

mean GC outgro: all positions=0.514 position1=0.535 position2=0.430 position3=0.577 
mean GC anostraca: all positions=0.438 position1=0.528 position2=0.439 position3=0.346 
mean GC cladocera: all positions=0.560 position1=0.569 position2=0.438 position3=0.673 

** impossible to compute Ks. saturation? **

mean number of non synonymous sites compared: 419.2
mean Ka anostraca: 0.462327
mean Ka cladocera: 0.473773
dKa: -0.0114458	standard deviation (sd): 0.0301994	ratio dKa/sd: -0.379008
exact probability (P): 0.704685

equally weighted sequences:
> outgro:
ocin	0.5
tcas	0.5
> anostraca:
afra	1
> notostraca:
lapu	0.125
lart	0.125
lcou	0.125
lubb	0.125
tcan	0.125
tita	0.125
tlon	0.125
tusa	0.125

mean GC outgro: all positions=0.514 position1=0.535 position2=0.430 position3=0.577 
mean GC anostraca: all positions=0.438 position1=0.528 position2=0.439 position3=0.346 
mean GC notostraca: all positions=0.483 position1=0.534 position2=0.449 position3=0.468 

** impossible to compute Ks. saturation? **

mean number of non synonymous sites compared: 419.3
mean Ka anostraca: 0.462327
mean Ka notostraca: 0.480088
dKa: -0.0177608	standard deviation (sd): 0.0304167	ratio dKa/sd: -0.583914
exact probability (P): 0.559282

equally weighted sequences:
> outgro:
ocin	0.5
tcas	0.5
> cladocera:
dmag	0.333333
dpul	0.333333
etex	0.333333
> notostraca:
lapu	0.125
lart	0.125
lcou	0.125
lubb	0.125
tcan	0.125
tita	0.125
tlon	0.125
tusa	0.125

mean GC outgro: all positions=0.514 position1=0.535 position2=0.430 position3=0.577 
mean GC cladocera: all positions=0.560 position1=0.569 position2=0.438 position3=0.673 
mean GC notostraca: all positions=0.483 position1=0.534 position2=0.449 position3=0.468 

** impossible to compute Ks. saturation? **

mean number of non synonymous sites compared: 421.7
mean Ka cladocera: 0.473773
mean Ka notostraca: 0.480088
dKa: -0.00631498	standard deviation (sd): 0.024936	ratio dKa/sd: -0.253247
exact probability (P): 0.800079

