

## treatement of 3 lineages from file OG0005441.phy ##

equally weighted sequences:
> outgro:
ocin	0.5
tcas	0.5
> anostraca:
afra	1
> cladocera:
dmag	0.333333
dpul	0.333333
etex	0.333333

mean GC outgro: all positions=0.462 position1=0.531 position2=0.406 position3=0.449 
mean GC anostraca: all positions=0.383 position1=0.492 position2=0.374 position3=0.283 
mean GC cladocera: all positions=0.426 position1=0.534 position2=0.400 position3=0.343 

** impossible to compute Ks. saturation? **

mean number of non synonymous sites compared: 501.3
mean Ka anostraca: 0.40124
mean Ka cladocera: 0.359278
dKa: 0.0419629	standard deviation (sd): 0.0271088	ratio dKa/sd: 1.54794
exact probability (P): 0.121645

equally weighted sequences:
> outgro:
ocin	0.5
tcas	0.5
> anostraca:
afra	1
> notostraca:
lapu	0.125
lart	0.125
lcou	0.125
lubb	0.125
tcan	0.125
tita	0.125
tlon	0.125
tusa	0.125

mean GC outgro: all positions=0.462 position1=0.531 position2=0.406 position3=0.449 
mean GC anostraca: all positions=0.383 position1=0.492 position2=0.374 position3=0.283 
mean GC notostraca: all positions=0.494 position1=0.573 position2=0.452 position3=0.457 

** impossible to compute Ks. saturation? **

mean number of non synonymous sites compared: 503.2
mean Ka anostraca: 0.40124
mean Ka notostraca: 0.370939
dKa: 0.0303009	standard deviation (sd): 0.0299513	ratio dKa/sd: 1.01167
exact probability (P): 0.311701

equally weighted sequences:
> outgro:
ocin	0.5
tcas	0.5
> cladocera:
dmag	0.333333
dpul	0.333333
etex	0.333333
> notostraca:
lapu	0.125
lart	0.125
lcou	0.125
lubb	0.125
tcan	0.125
tita	0.125
tlon	0.125
tusa	0.125

mean GC outgro: all positions=0.462 position1=0.531 position2=0.406 position3=0.449 
mean GC cladocera: all positions=0.426 position1=0.534 position2=0.400 position3=0.343 
mean GC notostraca: all positions=0.494 position1=0.573 position2=0.452 position3=0.457 

** impossible to compute Ks. saturation? **

mean number of non synonymous sites compared: 500.8
mean Ka cladocera: 0.359278
mean Ka notostraca: 0.370939
dKa: -0.0116619	standard deviation (sd): 0.0246639	ratio dKa/sd: -0.472834
exact probability (P): 0.636334

