

## treatement of 3 lineages from file OG0005312.phy ##

equally weighted sequences:
> outgro:
ocin	0.5
tcas	0.5
> anostraca:
afra	1
> cladocera:
dmag	0.333333
dpul	0.333333
etex	0.333333

mean GC outgro: all positions=0.503 position1=0.522 position2=0.382 position3=0.604 
mean GC anostraca: all positions=0.406 position1=0.517 position2=0.354 position3=0.348 
mean GC cladocera: all positions=0.448 position1=0.534 position2=0.358 position3=0.451 

** impossible to compute Ks. saturation? **

mean number of non synonymous sites compared: 342.1
mean Ka anostraca: 0.554157
mean Ka cladocera: 0.290977
dKa: 0.26318	standard deviation (sd): 0.046069	ratio dKa/sd: 5.71274
exact probability (P): 1e-07

equally weighted sequences:
> outgro:
ocin	0.5
tcas	0.5
> anostraca:
afra	1
> notostraca:
lapu	0.125
lart	0.125
lcou	0.125
lubb	0.125
tcan	0.125
tita	0.125
tlon	0.125
tusa	0.125

mean GC outgro: all positions=0.503 position1=0.522 position2=0.382 position3=0.604 
mean GC anostraca: all positions=0.406 position1=0.517 position2=0.354 position3=0.348 
mean GC notostraca: all positions=0.467 position1=0.570 position2=0.393 position3=0.440 

** impossible to compute Ks. saturation? **

mean number of non synonymous sites compared: 344.6
mean Ka anostraca: 0.554157
mean Ka notostraca: 0.318913
dKa: 0.235244	standard deviation (sd): 0.0458433	ratio dKa/sd: 5.13149
exact probability (P): 6.55955e-07

equally weighted sequences:
> outgro:
ocin	0.5
tcas	0.5
> cladocera:
dmag	0.333333
dpul	0.333333
etex	0.333333
> notostraca:
lapu	0.125
lart	0.125
lcou	0.125
lubb	0.125
tcan	0.125
tita	0.125
tlon	0.125
tusa	0.125

mean GC outgro: all positions=0.503 position1=0.522 position2=0.382 position3=0.604 
mean GC cladocera: all positions=0.448 position1=0.534 position2=0.358 position3=0.451 
mean GC notostraca: all positions=0.467 position1=0.570 position2=0.393 position3=0.440 

** impossible to compute Ks. saturation? **

mean number of non synonymous sites compared: 343.5
mean Ka cladocera: 0.290977
mean Ka notostraca: 0.318913
dKa: -0.0279358	standard deviation (sd): 0.0249057	ratio dKa/sd: -1.12166
exact probability (P): 0.262014

