

## treatement of 3 lineages from file OG0010285.phy ##

equally weighted sequences:
> outgro:
ocin	0.5
tcas	0.5
> anostraca:
afra	1
> cladocera:
dpul	0.5
etex	0.5

mean GC outgro: all positions=0.464 position1=0.569 position2=0.362 position3=0.462 
mean GC anostraca: all positions=0.418 position1=0.577 position2=0.323 position3=0.354 
mean GC cladocera: all positions=0.494 position1=0.615 position2=0.400 position3=0.465 

** impossible to compute Ks. saturation? **

mean number of non synonymous sites compared: 254.4
mean Ka anostraca: 0.41425
mean Ka cladocera: 0.265253
dKa: 0.148998	standard deviation (sd): 0.0423543	ratio dKa/sd: 3.51789
exact probability (P): 0.0004387

equally weighted sequences:
> outgro:
ocin	0.5
tcas	0.5
> anostraca:
afra	1
> notostraca:
lubb	1

mean GC outgro: all positions=0.464 position1=0.569 position2=0.362 position3=0.462 
mean GC anostraca: all positions=0.418 position1=0.577 position2=0.323 position3=0.354 
mean GC notostraca: all positions=0.456 position1=0.600 position2=0.377 position3=0.392 

** impossible to compute Ks. saturation? **

mean number of non synonymous sites compared: 253.3
mean Ka anostraca: 0.41425
mean Ka notostraca: 0.255113
dKa: 0.159138	standard deviation (sd): 0.0446295	ratio dKa/sd: 3.56575
exact probability (P): 0.000365391

equally weighted sequences:
> outgro:
ocin	0.5
tcas	0.5
> cladocera:
dpul	0.5
etex	0.5
> notostraca:
lubb	1

mean GC outgro: all positions=0.464 position1=0.569 position2=0.362 position3=0.462 
mean GC cladocera: all positions=0.494 position1=0.615 position2=0.400 position3=0.465 
mean GC notostraca: all positions=0.456 position1=0.600 position2=0.377 position3=0.392 

** impossible to compute Ks. saturation? **

mean number of non synonymous sites compared: 249.6
mean Ka cladocera: 0.265253
mean Ka notostraca: 0.255113
dKa: 0.0101398	standard deviation (sd): 0.0253677	ratio dKa/sd: 0.399714
exact probability (P): 0.68937

