

## treatement of 3 lineages from file OG0006143.phy ##

equally weighted sequences:
> outgro:
ocin	0.5
tcas	0.5
> anostraca:
afra	1
> cladocera:
dmag	0.333333
dpul	0.333333
etex	0.333333

mean GC outgro: all positions=0.409 position1=0.452 position2=0.391 position3=0.383 
mean GC anostraca: all positions=0.368 position1=0.478 position2=0.313 position3=0.313 
mean GC cladocera: all positions=0.388 position1=0.493 position2=0.333 position3=0.339 

** impossible to compute Ks. saturation? **

mean number of non synonymous sites compared: 228.7
mean Ka anostraca: 0.469401
mean Ka cladocera: 0.50476
dKa: -0.0353596	standard deviation (sd): 0.0452576	ratio dKa/sd: -0.781296
exact probability (P): 0.434634

equally weighted sequences:
> outgro:
ocin	0.5
tcas	0.5
> anostraca:
afra	1
> notostraca:
lapu	0.142857
lart	0.142857
lcou	0.142857
lubb	0.142857
tcan	0.142857
tita	0.142857
tusa	0.142857

mean GC outgro: all positions=0.409 position1=0.452 position2=0.391 position3=0.383 
mean GC anostraca: all positions=0.368 position1=0.478 position2=0.313 position3=0.313 
mean GC notostraca: all positions=0.429 position1=0.507 position2=0.329 position3=0.452 

** impossible to compute Ks. saturation? **

mean number of non synonymous sites compared: 226.4
mean Ka anostraca: 0.469401
mean Ka notostraca: 0.461826
dKa: 0.00757457	standard deviation (sd): 0.0468601	ratio dKa/sd: 0.161642
exact probability (P): 0.871589

equally weighted sequences:
> outgro:
ocin	0.5
tcas	0.5
> cladocera:
dmag	0.333333
dpul	0.333333
etex	0.333333
> notostraca:
lapu	0.142857
lart	0.142857
lcou	0.142857
lubb	0.142857
tcan	0.142857
tita	0.142857
tusa	0.142857

mean GC outgro: all positions=0.409 position1=0.452 position2=0.391 position3=0.383 
mean GC cladocera: all positions=0.388 position1=0.493 position2=0.333 position3=0.339 
mean GC notostraca: all positions=0.429 position1=0.507 position2=0.329 position3=0.452 

** impossible to compute Ks. saturation? **

mean number of non synonymous sites compared: 231.1
mean Ka cladocera: 0.50476
mean Ka notostraca: 0.461826
dKa: 0.0429342	standard deviation (sd): 0.0368639	ratio dKa/sd: 1.16467
exact probability (P): 0.244161

