

## treatement of 3 lineages from file OG0006381.phy ##

equally weighted sequences:
> outgro:
ocin	1
> anostraca:
afra	1
> cladocera:
dmag	0.333333
dpul	0.333333
etex	0.333333

mean GC outgro: all positions=0.445 position1=0.478 position2=0.442 position3=0.414 
mean GC anostraca: all positions=0.431 position1=0.552 position2=0.416 position3=0.326 
mean GC cladocera: all positions=0.521 position1=0.524 position2=0.453 position3=0.586 

** impossible to compute Ks. saturation? **

mean number of non synonymous sites compared: 951.1
mean Ka anostraca: 0.656486
mean Ka cladocera: 0.645558
dKa: 0.0109275	standard deviation (sd): 0.0373048	ratio dKa/sd: 0.292925
exact probability (P): 0.769582

equally weighted sequences:
> outgro:
ocin	1
> anostraca:
afra	1
> notostraca:
lapu	0.125
lart	0.125
lcou	0.125
lubb	0.125
tcan	0.125
tita	0.125
tlon	0.125
tusa	0.125

mean GC outgro: all positions=0.445 position1=0.478 position2=0.442 position3=0.414 
mean GC anostraca: all positions=0.431 position1=0.552 position2=0.416 position3=0.326 
mean GC notostraca: all positions=0.463 position1=0.484 position2=0.432 position3=0.473 

** impossible to compute Ks. saturation? **

mean number of non synonymous sites compared: 935.2
mean Ka anostraca: 0.656486
mean Ka notostraca: 0.593838
dKa: 0.0626483	standard deviation (sd): 0.0373604	ratio dKa/sd: 1.67686
exact probability (P): 0.0935775

equally weighted sequences:
> outgro:
ocin	1
> cladocera:
dmag	0.333333
dpul	0.333333
etex	0.333333
> notostraca:
lapu	0.125
lart	0.125
lcou	0.125
lubb	0.125
tcan	0.125
tita	0.125
tlon	0.125
tusa	0.125

mean GC outgro: all positions=0.445 position1=0.478 position2=0.442 position3=0.414 
mean GC cladocera: all positions=0.521 position1=0.524 position2=0.453 position3=0.586 
mean GC notostraca: all positions=0.463 position1=0.484 position2=0.432 position3=0.473 

** impossible to compute Ks. saturation? **

mean number of non synonymous sites compared: 942.9
mean Ka cladocera: 0.645558
mean Ka notostraca: 0.593838
dKa: 0.0517208	standard deviation (sd): 0.0271907	ratio dKa/sd: 1.90215
exact probability (P): 0.0571598

