

## treatement of 3 lineages from file OG0007029.phy ##

equally weighted sequences:
> outgro:
ocin	0.5
tcas	0.5
> anostraca:
afra	1
> cladocera:
dmag	0.5
dpul	0.5

mean GC outgro: all positions=0.376 position1=0.509 position2=0.327 position3=0.292 
mean GC anostraca: all positions=0.367 position1=0.472 position2=0.352 position3=0.277 
mean GC cladocera: all positions=0.404 position1=0.481 position2=0.371 position3=0.358 

** impossible to compute Ks. saturation? **

mean number of non synonymous sites compared: 332.8
mean Ka anostraca: 0.778301
mean Ka cladocera: 0.610043
dKa: 0.168257	standard deviation (sd): 0.0666403	ratio dKa/sd: 2.52486
exact probability (P): 0.0115811

equally weighted sequences:
> outgro:
ocin	0.5
tcas	0.5
> anostraca:
afra	1
> notostraca:
lart	0.142857
lcou	0.142857
lubb	0.142857
tcan	0.142857
tita	0.142857
tlon	0.142857
tusa	0.142857

mean GC outgro: all positions=0.376 position1=0.509 position2=0.327 position3=0.292 
mean GC anostraca: all positions=0.367 position1=0.472 position2=0.352 position3=0.277 
mean GC notostraca: all positions=0.417 position1=0.542 position2=0.324 position3=0.385 

** impossible to compute Ks. saturation? **

mean number of non synonymous sites compared: 330.2
mean Ka anostraca: 0.778301
mean Ka notostraca: 0.619241
dKa: 0.159059	standard deviation (sd): 0.0663569	ratio dKa/sd: 2.39703
exact probability (P): 0.0165366

equally weighted sequences:
> outgro:
ocin	0.5
tcas	0.5
> cladocera:
dmag	0.5
dpul	0.5
> notostraca:
lart	0.142857
lcou	0.142857
lubb	0.142857
tcan	0.142857
tita	0.142857
tlon	0.142857
tusa	0.142857

mean GC outgro: all positions=0.376 position1=0.509 position2=0.327 position3=0.292 
mean GC cladocera: all positions=0.404 position1=0.481 position2=0.371 position3=0.358 
mean GC notostraca: all positions=0.417 position1=0.542 position2=0.324 position3=0.385 

** impossible to compute Ks. saturation? **

mean number of non synonymous sites compared: 323.9
mean Ka cladocera: 0.610043
mean Ka notostraca: 0.619241
dKa: -0.0091979	standard deviation (sd): 0.0476593	ratio dKa/sd: -0.192993
exact probability (P): 0.846966

