

## treatement of 3 lineages from file OG0005560.phy ##

equally weighted sequences:
> outgro:
ocin	0.5
tcas	0.5
> anostraca:
afra	1
> cladocera:
dmag	0.333333
dpul	0.333333
etex	0.333333

mean GC outgro: all positions=0.451 position1=0.478 position2=0.353 position3=0.522 
mean GC anostraca: all positions=0.429 position1=0.549 position2=0.386 position3=0.353 
mean GC cladocera: all positions=0.425 position1=0.505 position2=0.370 position3=0.399 

** impossible to compute Ks. saturation? **

mean number of non synonymous sites compared: 355.0
mean Ka anostraca: 0.409609
mean Ka cladocera: 0.344864
dKa: 0.0647448	standard deviation (sd): 0.0334506	ratio dKa/sd: 1.93553
exact probability (P): 0.0529333

equally weighted sequences:
> outgro:
ocin	0.5
tcas	0.5
> anostraca:
afra	1
> notostraca:
lapu	0.125
lart	0.125
lcou	0.125
lubb	0.125
tcan	0.125
tita	0.125
tlon	0.125
tusa	0.125

mean GC outgro: all positions=0.451 position1=0.478 position2=0.353 position3=0.522 
mean GC anostraca: all positions=0.429 position1=0.549 position2=0.386 position3=0.353 
mean GC notostraca: all positions=0.434 position1=0.514 position2=0.391 position3=0.397 

** impossible to compute Ks. saturation? **

mean number of non synonymous sites compared: 360.2
mean Ka anostraca: 0.409609
mean Ka notostraca: 0.355186
dKa: 0.0544223	standard deviation (sd): 0.0344674	ratio dKa/sd: 1.57895
exact probability (P): 0.114356

equally weighted sequences:
> outgro:
ocin	0.5
tcas	0.5
> cladocera:
dmag	0.333333
dpul	0.333333
etex	0.333333
> notostraca:
lapu	0.125
lart	0.125
lcou	0.125
lubb	0.125
tcan	0.125
tita	0.125
tlon	0.125
tusa	0.125

mean GC outgro: all positions=0.451 position1=0.478 position2=0.353 position3=0.522 
mean GC cladocera: all positions=0.425 position1=0.505 position2=0.370 position3=0.399 
mean GC notostraca: all positions=0.434 position1=0.514 position2=0.391 position3=0.397 

** impossible to compute Ks. saturation? **

mean number of non synonymous sites compared: 356.1
mean Ka cladocera: 0.344864
mean Ka notostraca: 0.355186
dKa: -0.0103225	standard deviation (sd): 0.0230712	ratio dKa/sd: -0.447418
exact probability (P): 0.654576

