

## treatement of 3 lineages from file OG0005547.phy ##

equally weighted sequences:
> outgro:
ocin	0.5
tcas	0.5
> anostraca:
afra	1
> cladocera:
dmag	0.333333
dpul	0.333333
etex	0.333333

mean GC outgro: all positions=0.434 position1=0.470 position2=0.363 position3=0.470 
mean GC anostraca: all positions=0.400 position1=0.497 position2=0.365 position3=0.338 
mean GC cladocera: all positions=0.441 position1=0.490 position2=0.376 position3=0.456 

** impossible to compute Ks. saturation? **

mean number of non synonymous sites compared: 581.0
mean Ka anostraca: 0.288471
mean Ka cladocera: 0.287202
dKa: 0.00126912	standard deviation (sd): 0.0196536	ratio dKa/sd: 0.0645744
exact probability (P): 0.948513

equally weighted sequences:
> outgro:
ocin	0.5
tcas	0.5
> anostraca:
afra	1
> notostraca:
lapu	0.125
lart	0.125
lcou	0.125
lubb	0.125
tcan	0.125
tita	0.125
tlon	0.125
tusa	0.125

mean GC outgro: all positions=0.434 position1=0.470 position2=0.363 position3=0.470 
mean GC anostraca: all positions=0.400 position1=0.497 position2=0.365 position3=0.338 
mean GC notostraca: all positions=0.455 position1=0.528 position2=0.361 position3=0.477 

** impossible to compute Ks. saturation? **

mean number of non synonymous sites compared: 582.8
mean Ka anostraca: 0.288471
mean Ka notostraca: 0.30339
dKa: -0.0149194	standard deviation (sd): 0.0208627	ratio dKa/sd: -0.715121
exact probability (P): 0.474539

equally weighted sequences:
> outgro:
ocin	0.5
tcas	0.5
> cladocera:
dmag	0.333333
dpul	0.333333
etex	0.333333
> notostraca:
lapu	0.125
lart	0.125
lcou	0.125
lubb	0.125
tcan	0.125
tita	0.125
tlon	0.125
tusa	0.125

mean GC outgro: all positions=0.434 position1=0.470 position2=0.363 position3=0.470 
mean GC cladocera: all positions=0.441 position1=0.490 position2=0.376 position3=0.456 
mean GC notostraca: all positions=0.455 position1=0.528 position2=0.361 position3=0.477 

** impossible to compute Ks. saturation? **

mean number of non synonymous sites compared: 582.0
mean Ka cladocera: 0.287202
mean Ka notostraca: 0.30339
dKa: -0.0161885	standard deviation (sd): 0.0190496	ratio dKa/sd: -0.849807
exact probability (P): 0.395439

