

## treatement of 3 lineages from file OG0006410.phy ##

equally weighted sequences:
> outgro:
tcas	1
> anostraca:
afra	1
> cladocera:
dmag	0.333333
dpul	0.333333
etex	0.333333

mean GC outgro: all positions=0.429 position1=0.528 position2=0.376 position3=0.384 
mean GC anostraca: all positions=0.425 position1=0.502 position2=0.402 position3=0.371 
mean GC cladocera: all positions=0.472 position1=0.563 position2=0.463 position3=0.390 

** impossible to compute Ks. saturation? **

mean number of non synonymous sites compared: 471.2
mean Ka anostraca: 0.757667
mean Ka cladocera: 0.615134
dKa: 0.142533	standard deviation (sd): 0.0577329	ratio dKa/sd: 2.46884
exact probability (P): 0.0135623

equally weighted sequences:
> outgro:
tcas	1
> anostraca:
afra	1
> notostraca:
lapu	0.125
lart	0.125
lcou	0.125
lubb	0.125
tcan	0.125
tita	0.125
tlon	0.125
tusa	0.125

mean GC outgro: all positions=0.429 position1=0.528 position2=0.376 position3=0.384 
mean GC anostraca: all positions=0.425 position1=0.502 position2=0.402 position3=0.371 
mean GC notostraca: all positions=0.507 position1=0.547 position2=0.435 position3=0.539 

** impossible to compute Ks. saturation? **

mean number of non synonymous sites compared: 463.7
mean Ka anostraca: 0.757667
mean Ka notostraca: 0.572258
dKa: 0.18541	standard deviation (sd): 0.058	ratio dKa/sd: 3.19671
exact probability (P): 0.00139451

equally weighted sequences:
> outgro:
tcas	1
> cladocera:
dmag	0.333333
dpul	0.333333
etex	0.333333
> notostraca:
lapu	0.125
lart	0.125
lcou	0.125
lubb	0.125
tcan	0.125
tita	0.125
tlon	0.125
tusa	0.125

mean GC outgro: all positions=0.429 position1=0.528 position2=0.376 position3=0.384 
mean GC cladocera: all positions=0.472 position1=0.563 position2=0.463 position3=0.390 
mean GC notostraca: all positions=0.507 position1=0.547 position2=0.435 position3=0.539 

** impossible to compute Ks. saturation? **

mean number of non synonymous sites compared: 455.4
mean Ka cladocera: 0.615134
mean Ka notostraca: 0.572258
dKa: 0.0428761	standard deviation (sd): 0.0393106	ratio dKa/sd: 1.0907
exact probability (P): 0.275411

