

## treatement of 3 lineages from file OG0007541.phy ##

equally weighted sequences:
> outgro:
tcas	1
> anostraca:
afra	1
> cladocera:
dmag	1

mean GC outgro: all positions=0.478 position1=0.495 position2=0.402 position3=0.536 
mean GC anostraca: all positions=0.430 position1=0.588 position2=0.371 position3=0.330 
mean GC cladocera: all positions=0.436 position1=0.588 position2=0.412 position3=0.309 

** impossible to compute Ks. saturation? **

mean number of non synonymous sites compared: 188.9
mean Ka anostraca: 0.495634
mean Ka cladocera: 0.433608
dKa: 0.0620264	standard deviation (sd): 0.0642053	ratio dKa/sd: 0.966064
exact probability (P): 0.334019

equally weighted sequences:
> outgro:
tcas	1
> anostraca:
afra	1
> notostraca:
lapu	0.125
lart	0.125
lcou	0.125
lubb	0.125
tcan	0.125
tita	0.125
tlon	0.125
tusa	0.125

mean GC outgro: all positions=0.478 position1=0.495 position2=0.402 position3=0.536 
mean GC anostraca: all positions=0.430 position1=0.588 position2=0.371 position3=0.330 
mean GC notostraca: all positions=0.495 position1=0.643 position2=0.367 position3=0.474 

** impossible to compute Ks. saturation? **

mean number of non synonymous sites compared: 190.3
mean Ka anostraca: 0.495634
mean Ka notostraca: 0.352772
dKa: 0.142863	standard deviation (sd): 0.0633196	ratio dKa/sd: 2.25622
exact probability (P): 0.0240644

equally weighted sequences:
> outgro:
tcas	1
> cladocera:
dmag	1
> notostraca:
lapu	0.125
lart	0.125
lcou	0.125
lubb	0.125
tcan	0.125
tita	0.125
tlon	0.125
tusa	0.125

mean GC outgro: all positions=0.478 position1=0.495 position2=0.402 position3=0.536 
mean GC cladocera: all positions=0.436 position1=0.588 position2=0.412 position3=0.309 
mean GC notostraca: all positions=0.495 position1=0.643 position2=0.367 position3=0.474 

** impossible to compute Ks. saturation? **

mean number of non synonymous sites compared: 189.7
mean Ka cladocera: 0.433608
mean Ka notostraca: 0.352772
dKa: 0.0808362	standard deviation (sd): 0.0542291	ratio dKa/sd: 1.49064
exact probability (P): 0.136064

