

## treatement of 3 lineages from file OG0005171.phy ##

equally weighted sequences:
> outgro:
ocin	0.5
tcas	0.5
> anostraca:
afra	1
> cladocera:
dmag	0.333333
dpul	0.333333
etex	0.333333

mean GC outgro: all positions=0.432 position1=0.507 position2=0.288 position3=0.500 
mean GC anostraca: all positions=0.393 position1=0.507 position2=0.370 position3=0.301 
mean GC cladocera: all positions=0.414 position1=0.516 position2=0.292 position3=0.434 

** impossible to compute Ks. saturation? **

mean number of non synonymous sites compared: 146.6
mean Ka anostraca: 0.511675
mean Ka cladocera: 0.349905
dKa: 0.16177	standard deviation (sd): 0.0671681	ratio dKa/sd: 2.40843
exact probability (P): 0.0160285

equally weighted sequences:
> outgro:
ocin	0.5
tcas	0.5
> anostraca:
afra	1
> notostraca:
lapu	0.125
lart	0.125
lcou	0.125
lubb	0.125
tcan	0.125
tita	0.125
tlon	0.125
tusa	0.125

mean GC outgro: all positions=0.432 position1=0.507 position2=0.288 position3=0.500 
mean GC anostraca: all positions=0.393 position1=0.507 position2=0.370 position3=0.301 
mean GC notostraca: all positions=0.425 position1=0.534 position2=0.293 position3=0.447 

** impossible to compute Ks. saturation? **

mean number of non synonymous sites compared: 144.9
mean Ka anostraca: 0.511675
mean Ka notostraca: 0.305495
dKa: 0.20618	standard deviation (sd): 0.0664355	ratio dKa/sd: 3.10346
exact probability (P): 0.00191806

equally weighted sequences:
> outgro:
ocin	0.5
tcas	0.5
> cladocera:
dmag	0.333333
dpul	0.333333
etex	0.333333
> notostraca:
lapu	0.125
lart	0.125
lcou	0.125
lubb	0.125
tcan	0.125
tita	0.125
tlon	0.125
tusa	0.125

mean GC outgro: all positions=0.432 position1=0.507 position2=0.288 position3=0.500 
mean GC cladocera: all positions=0.414 position1=0.516 position2=0.292 position3=0.434 
mean GC notostraca: all positions=0.425 position1=0.534 position2=0.293 position3=0.447 

** impossible to compute Ks. saturation? **

mean number of non synonymous sites compared: 144.8
mean Ka cladocera: 0.349905
mean Ka notostraca: 0.305495
dKa: 0.0444099	standard deviation (sd): 0.0376389	ratio dKa/sd: 1.17989
exact probability (P): 0.23805

