

## treatement of 3 lineages from file OG0006237.phy ##

equally weighted sequences:
> outgro:
ocin	0.5
tcas	0.5
> anostraca:
afra	1
> cladocera:
dmag	0.5
dpul	0.5

mean GC outgro: all positions=0.493 position1=0.561 position2=0.296 position3=0.622 
mean GC anostraca: all positions=0.490 position1=0.633 position2=0.449 position3=0.388 
mean GC cladocera: all positions=0.327 position1=0.480 position2=0.306 position3=0.194 

** impossible to compute Ks. saturation? **

mean number of non synonymous sites compared: 94.1
mean Ka anostraca: 1.124
mean Ka cladocera: 0.419328
dKa: 0.704671	standard deviation (sd): 0.215277	ratio dKa/sd: 3.27332
exact probability (P): 0.00106681

equally weighted sequences:
> outgro:
ocin	0.5
tcas	0.5
> anostraca:
afra	1
> notostraca:
lapu	0.125
lart	0.125
lcou	0.125
lubb	0.125
tcan	0.125
tita	0.125
tlon	0.125
tusa	0.125

mean GC outgro: all positions=0.493 position1=0.561 position2=0.296 position3=0.622 
mean GC anostraca: all positions=0.490 position1=0.633 position2=0.449 position3=0.388 
mean GC notostraca: all positions=0.468 position1=0.577 position2=0.357 position3=0.469 

** impossible to compute Ks. saturation? **

mean number of non synonymous sites compared: 92.7
mean Ka anostraca: 1.124
mean Ka notostraca: 0.416505
dKa: 0.707494	standard deviation (sd): 0.221954	ratio dKa/sd: 3.18756
exact probability (P): 0.00143918

equally weighted sequences:
> outgro:
ocin	0.5
tcas	0.5
> cladocera:
dmag	0.5
dpul	0.5
> notostraca:
lapu	0.125
lart	0.125
lcou	0.125
lubb	0.125
tcan	0.125
tita	0.125
tlon	0.125
tusa	0.125

mean GC outgro: all positions=0.493 position1=0.561 position2=0.296 position3=0.622 
mean GC cladocera: all positions=0.327 position1=0.480 position2=0.306 position3=0.194 
mean GC notostraca: all positions=0.468 position1=0.577 position2=0.357 position3=0.469 

** impossible to compute Ks. saturation? **

mean number of non synonymous sites compared: 92.8
mean Ka cladocera: 0.419328
mean Ka notostraca: 0.416505
dKa: 0.0028227	standard deviation (sd): 0.0738389	ratio dKa/sd: 0.0382278
exact probability (P): 0.969506

