

## treatement of 3 lineages from file OG0005020.phy ##

equally weighted sequences:
> outgro:
ocin	0.5
tcas	0.5
> anostraca:
afra	1
> cladocera:
dmag	0.333333
dpul	0.333333
etex	0.333333

mean GC outgro: all positions=0.475 position1=0.546 position2=0.385 position3=0.495 
mean GC anostraca: all positions=0.422 position1=0.546 position2=0.360 position3=0.360 
mean GC cladocera: all positions=0.465 position1=0.557 position2=0.378 position3=0.462 

** impossible to compute Ks. saturation? **

mean number of non synonymous sites compared: 771.5
mean Ka anostraca: 0.282461
mean Ka cladocera: 0.251784
dKa: 0.0306769	standard deviation (sd): 0.0168517	ratio dKa/sd: 1.8204
exact probability (P): 0.0687068

equally weighted sequences:
> outgro:
ocin	0.5
tcas	0.5
> anostraca:
afra	1
> notostraca:
lapu	0.125
lart	0.125
lcou	0.125
lubb	0.125
tcan	0.125
tita	0.125
tlon	0.125
tusa	0.125

mean GC outgro: all positions=0.475 position1=0.546 position2=0.385 position3=0.495 
mean GC anostraca: all positions=0.422 position1=0.546 position2=0.360 position3=0.360 
mean GC notostraca: all positions=0.455 position1=0.549 position2=0.379 position3=0.436 

** impossible to compute Ks. saturation? **

mean number of non synonymous sites compared: 770.4
mean Ka anostraca: 0.282461
mean Ka notostraca: 0.242019
dKa: 0.040442	standard deviation (sd): 0.0171269	ratio dKa/sd: 2.36131
exact probability (P): 0.0182184

equally weighted sequences:
> outgro:
ocin	0.5
tcas	0.5
> cladocera:
dmag	0.333333
dpul	0.333333
etex	0.333333
> notostraca:
lapu	0.125
lart	0.125
lcou	0.125
lubb	0.125
tcan	0.125
tita	0.125
tlon	0.125
tusa	0.125

mean GC outgro: all positions=0.475 position1=0.546 position2=0.385 position3=0.495 
mean GC cladocera: all positions=0.465 position1=0.557 position2=0.378 position3=0.462 
mean GC notostraca: all positions=0.455 position1=0.549 position2=0.379 position3=0.436 

** impossible to compute Ks. saturation? **

mean number of non synonymous sites compared: 764.0
mean Ka cladocera: 0.251784
mean Ka notostraca: 0.242019
dKa: 0.00976503	standard deviation (sd): 0.0144458	ratio dKa/sd: 0.675979
exact probability (P): 0.499059

