

## treatement of 3 lineages from file OG0006413.phy ##

equally weighted sequences:
> outgro:
tcas	1
> anostraca:
afra	1
> cladocera:
dmag	0.333333
dpul	0.333333
etex	0.333333

mean GC outgro: all positions=0.364 position1=0.398 position2=0.390 position3=0.305 
mean GC anostraca: all positions=0.418 position1=0.458 position2=0.441 position3=0.356 
mean GC cladocera: all positions=0.427 position1=0.469 position2=0.449 position3=0.364 

** impossible to compute Ks. saturation? **

mean number of non synonymous sites compared: 235.8
mean Ka anostraca: 0.583026
mean Ka cladocera: 0.529572
dKa: 0.0534541	standard deviation (sd): 0.062259	ratio dKa/sd: 0.858575
exact probability (P): 0.390581

equally weighted sequences:
> outgro:
tcas	1
> anostraca:
afra	1
> notostraca:
lapu	0.125
lart	0.125
lcou	0.125
lubb	0.125
tcan	0.125
tita	0.125
tlon	0.125
tusa	0.125

mean GC outgro: all positions=0.364 position1=0.398 position2=0.390 position3=0.305 
mean GC anostraca: all positions=0.418 position1=0.458 position2=0.441 position3=0.356 
mean GC notostraca: all positions=0.439 position1=0.449 position2=0.386 position3=0.483 

** impossible to compute Ks. saturation? **

mean number of non synonymous sites compared: 241.3
mean Ka anostraca: 0.583026
mean Ka notostraca: 0.555335
dKa: 0.0276907	standard deviation (sd): 0.0664595	ratio dKa/sd: 0.416656
exact probability (P): 0.676933

equally weighted sequences:
> outgro:
tcas	1
> cladocera:
dmag	0.333333
dpul	0.333333
etex	0.333333
> notostraca:
lapu	0.125
lart	0.125
lcou	0.125
lubb	0.125
tcan	0.125
tita	0.125
tlon	0.125
tusa	0.125

mean GC outgro: all positions=0.364 position1=0.398 position2=0.390 position3=0.305 
mean GC cladocera: all positions=0.427 position1=0.469 position2=0.449 position3=0.364 
mean GC notostraca: all positions=0.439 position1=0.449 position2=0.386 position3=0.483 

** impossible to compute Ks. saturation? **

mean number of non synonymous sites compared: 236.4
mean Ka cladocera: 0.529572
mean Ka notostraca: 0.555335
dKa: -0.0257633	standard deviation (sd): 0.0557568	ratio dKa/sd: -0.462066
exact probability (P): 0.644037

