

## treatement of 3 lineages from file OG0005260.phy ##

equally weighted sequences:
> outgro:
ocin	0.5
tcas	0.5
> anostraca:
afra	1
> cladocera:
dmag	0.333333
dpul	0.333333
etex	0.333333

mean GC outgro: all positions=0.442 position1=0.484 position2=0.339 position3=0.503 
mean GC anostraca: all positions=0.408 position1=0.501 position2=0.340 position3=0.384 
mean GC cladocera: all positions=0.440 position1=0.512 position2=0.357 position3=0.451 

** impossible to compute Ks. saturation? **

mean number of non synonymous sites compared: 924.9
mean Ka anostraca: 0.268311
mean Ka cladocera: 0.260823
dKa: 0.00748886	standard deviation (sd): 0.0178106	ratio dKa/sd: 0.420472
exact probability (P): 0.674144

equally weighted sequences:
> outgro:
ocin	0.5
tcas	0.5
> anostraca:
afra	1
> notostraca:
lapu	0.125
lart	0.125
lcou	0.125
lubb	0.125
tcan	0.125
tita	0.125
tlon	0.125
tusa	0.125

mean GC outgro: all positions=0.442 position1=0.484 position2=0.339 position3=0.503 
mean GC anostraca: all positions=0.408 position1=0.501 position2=0.340 position3=0.384 
mean GC notostraca: all positions=0.444 position1=0.503 position2=0.358 position3=0.472 

** impossible to compute Ks. saturation? **

mean number of non synonymous sites compared: 922.4
mean Ka anostraca: 0.268311
mean Ka notostraca: 0.230495
dKa: 0.0378163	standard deviation (sd): 0.0172197	ratio dKa/sd: 2.19611
exact probability (P): 0.028092

equally weighted sequences:
> outgro:
ocin	0.5
tcas	0.5
> cladocera:
dmag	0.333333
dpul	0.333333
etex	0.333333
> notostraca:
lapu	0.125
lart	0.125
lcou	0.125
lubb	0.125
tcan	0.125
tita	0.125
tlon	0.125
tusa	0.125

mean GC outgro: all positions=0.442 position1=0.484 position2=0.339 position3=0.503 
mean GC cladocera: all positions=0.440 position1=0.512 position2=0.357 position3=0.451 
mean GC notostraca: all positions=0.444 position1=0.503 position2=0.358 position3=0.472 

** impossible to compute Ks. saturation? **

mean number of non synonymous sites compared: 925.6
mean Ka cladocera: 0.260823
mean Ka notostraca: 0.230495
dKa: 0.0303274	standard deviation (sd): 0.0153099	ratio dKa/sd: 1.98091
exact probability (P): 0.0476093

