

## treatement of 3 lineages from file OG0006228.phy ##

equally weighted sequences:
> outgro:
tcas	1
> anostraca:
afra	1
> cladocera:
dmag	0.333333
dpul	0.333333
etex	0.333333

mean GC outgro: all positions=0.465 position1=0.414 position2=0.405 position3=0.577 
mean GC anostraca: all positions=0.393 position1=0.432 position2=0.405 position3=0.342 
mean GC cladocera: all positions=0.523 position1=0.441 position2=0.471 position3=0.655 

** impossible to compute Ks. saturation? **

mean number of non synonymous sites compared: 217.4
mean Ka anostraca: 0.328484
mean Ka cladocera: 0.356915
dKa: -0.0284311	standard deviation (sd): 0.0501029	ratio dKa/sd: -0.567454
exact probability (P): 0.57041

equally weighted sequences:
> outgro:
tcas	1
> anostraca:
afra	1
> notostraca:
lapu	0.125
lart	0.125
lcou	0.125
lubb	0.125
tcan	0.125
tita	0.125
tlon	0.125
tusa	0.125

mean GC outgro: all positions=0.465 position1=0.414 position2=0.405 position3=0.577 
mean GC anostraca: all positions=0.393 position1=0.432 position2=0.405 position3=0.342 
mean GC notostraca: all positions=0.530 position1=0.446 position2=0.472 position3=0.673 

** impossible to compute Ks. saturation? **

mean number of non synonymous sites compared: 215.2
mean Ka anostraca: 0.328484
mean Ka notostraca: 0.320396
dKa: 0.00808856	standard deviation (sd): 0.046512	ratio dKa/sd: 0.173903
exact probability (P): 0.861943

equally weighted sequences:
> outgro:
tcas	1
> cladocera:
dmag	0.333333
dpul	0.333333
etex	0.333333
> notostraca:
lapu	0.125
lart	0.125
lcou	0.125
lubb	0.125
tcan	0.125
tita	0.125
tlon	0.125
tusa	0.125

mean GC outgro: all positions=0.465 position1=0.414 position2=0.405 position3=0.577 
mean GC cladocera: all positions=0.523 position1=0.441 position2=0.471 position3=0.655 
mean GC notostraca: all positions=0.530 position1=0.446 position2=0.472 position3=0.673 

** impossible to compute Ks. saturation? **

mean number of non synonymous sites compared: 212.8
mean Ka cladocera: 0.356915
mean Ka notostraca: 0.320396
dKa: 0.0365196	standard deviation (sd): 0.0379737	ratio dKa/sd: 0.96171
exact probability (P): 0.336202

