

## treatement of 3 lineages from file OG0005633.phy ##

equally weighted sequences:
> outgro:
ocin	0.5
tcas	0.5
> anostraca:
afra	1
> cladocera:
dmag	0.333333
dpul	0.333333
etex	0.333333

mean GC outgro: all positions=0.433 position1=0.407 position2=0.351 position3=0.541 
mean GC anostraca: all positions=0.354 position1=0.412 position2=0.381 position3=0.268 
mean GC cladocera: all positions=0.450 position1=0.419 position2=0.364 position3=0.567 

** impossible to compute Ks. saturation? **

mean number of non synonymous sites compared: 194.3
mean Ka anostraca: 0.272305
mean Ka cladocera: 0.201404
dKa: 0.0709006	standard deviation (sd): 0.0347277	ratio dKa/sd: 2.04161
exact probability (P): 0.0411981

equally weighted sequences:
> outgro:
ocin	0.5
tcas	0.5
> anostraca:
afra	1
> notostraca:
lapu	0.125
lart	0.125
lcou	0.125
lubb	0.125
tcan	0.125
tita	0.125
tlon	0.125
tusa	0.125

mean GC outgro: all positions=0.433 position1=0.407 position2=0.351 position3=0.541 
mean GC anostraca: all positions=0.354 position1=0.412 position2=0.381 position3=0.268 
mean GC notostraca: all positions=0.478 position1=0.460 position2=0.366 position3=0.608 

** impossible to compute Ks. saturation? **

mean number of non synonymous sites compared: 195.8
mean Ka anostraca: 0.272305
mean Ka notostraca: 0.153133
dKa: 0.119171	standard deviation (sd): 0.0333352	ratio dKa/sd: 3.57495
exact probability (P): 0.000353041

equally weighted sequences:
> outgro:
ocin	0.5
tcas	0.5
> cladocera:
dmag	0.333333
dpul	0.333333
etex	0.333333
> notostraca:
lapu	0.125
lart	0.125
lcou	0.125
lubb	0.125
tcan	0.125
tita	0.125
tlon	0.125
tusa	0.125

mean GC outgro: all positions=0.433 position1=0.407 position2=0.351 position3=0.541 
mean GC cladocera: all positions=0.450 position1=0.419 position2=0.364 position3=0.567 
mean GC notostraca: all positions=0.478 position1=0.460 position2=0.366 position3=0.608 

** impossible to compute Ks. saturation? **

mean number of non synonymous sites compared: 197.3
mean Ka cladocera: 0.201404
mean Ka notostraca: 0.153133
dKa: 0.0482709	standard deviation (sd): 0.0196217	ratio dKa/sd: 2.46008
exact probability (P): 0.0138984

