

## treatement of 3 lineages from file OG0006033.phy ##

equally weighted sequences:
> outgro:
tcas	1
> anostraca:
afra	1
> cladocera:
dmag	0.333333
dpul	0.333333
etex	0.333333

mean GC outgro: all positions=0.487 position1=0.521 position2=0.319 position3=0.621 
mean GC anostraca: all positions=0.381 position1=0.450 position2=0.364 position3=0.330 
mean GC cladocera: all positions=0.433 position1=0.519 position2=0.345 position3=0.435 

** impossible to compute Ks. saturation? **

mean number of non synonymous sites compared: 898.6
mean Ka anostraca: 0.520275
mean Ka cladocera: 0.457529
dKa: 0.0627456	standard deviation (sd): 0.0295316	ratio dKa/sd: 2.1247
exact probability (P): 0.0336202

equally weighted sequences:
> outgro:
tcas	1
> anostraca:
afra	1
> notostraca:
lapu	0.125
lart	0.125
lcou	0.125
lubb	0.125
tcan	0.125
tita	0.125
tlon	0.125
tusa	0.125

mean GC outgro: all positions=0.487 position1=0.521 position2=0.319 position3=0.621 
mean GC anostraca: all positions=0.381 position1=0.450 position2=0.364 position3=0.330 
mean GC notostraca: all positions=0.457 position1=0.527 position2=0.347 position3=0.497 

** impossible to compute Ks. saturation? **

mean number of non synonymous sites compared: 911.2
mean Ka anostraca: 0.520275
mean Ka notostraca: 0.405264
dKa: 0.115011	standard deviation (sd): 0.0286306	ratio dKa/sd: 4.01707
exact probability (P): 6.05174e-05

equally weighted sequences:
> outgro:
tcas	1
> cladocera:
dmag	0.333333
dpul	0.333333
etex	0.333333
> notostraca:
lapu	0.125
lart	0.125
lcou	0.125
lubb	0.125
tcan	0.125
tita	0.125
tlon	0.125
tusa	0.125

mean GC outgro: all positions=0.487 position1=0.521 position2=0.319 position3=0.621 
mean GC cladocera: all positions=0.433 position1=0.519 position2=0.345 position3=0.435 
mean GC notostraca: all positions=0.457 position1=0.527 position2=0.347 position3=0.497 

** impossible to compute Ks. saturation? **

mean number of non synonymous sites compared: 906.5
mean Ka cladocera: 0.457529
mean Ka notostraca: 0.405264
dKa: 0.0522654	standard deviation (sd): 0.019871	ratio dKa/sd: 2.63023
exact probability (P): 0.00853978

