

## treatement of 3 lineages from file OG0005064.phy ##

equally weighted sequences:
> outgro:
ocin	0.5
tcas	0.5
> anostraca:
afra	1
> cladocera:
dmag	0.333333
dpul	0.333333
etex	0.333333

mean GC outgro: all positions=0.487 position1=0.446 position2=0.417 position3=0.597 
mean GC anostraca: all positions=0.398 position1=0.446 position2=0.468 position3=0.281 
mean GC cladocera: all positions=0.500 position1=0.410 position2=0.427 position3=0.662 

** impossible to compute Ks. saturation? **

mean number of non synonymous sites compared: 278.5
mean Ka anostraca: 0.532428
mean Ka cladocera: 0.352059
dKa: 0.180369	standard deviation (sd): 0.0469339	ratio dKa/sd: 3.84305
exact probability (P): 0.0001241

equally weighted sequences:
> outgro:
ocin	0.5
tcas	0.5
> anostraca:
afra	1
> notostraca:
lapu	0.125
lart	0.125
lcou	0.125
lubb	0.125
tcan	0.125
tita	0.125
tlon	0.125
tusa	0.125

mean GC outgro: all positions=0.487 position1=0.446 position2=0.417 position3=0.597 
mean GC anostraca: all positions=0.398 position1=0.446 position2=0.468 position3=0.281 
mean GC notostraca: all positions=0.467 position1=0.450 position2=0.456 position3=0.495 

** impossible to compute Ks. saturation? **

mean number of non synonymous sites compared: 276.7
mean Ka anostraca: 0.532428
mean Ka notostraca: 0.3338
dKa: 0.198628	standard deviation (sd): 0.0483631	ratio dKa/sd: 4.10702
exact probability (P): 4.21235e-05

equally weighted sequences:
> outgro:
ocin	0.5
tcas	0.5
> cladocera:
dmag	0.333333
dpul	0.333333
etex	0.333333
> notostraca:
lapu	0.125
lart	0.125
lcou	0.125
lubb	0.125
tcan	0.125
tita	0.125
tlon	0.125
tusa	0.125

mean GC outgro: all positions=0.487 position1=0.446 position2=0.417 position3=0.597 
mean GC cladocera: all positions=0.500 position1=0.410 position2=0.427 position3=0.662 
mean GC notostraca: all positions=0.467 position1=0.450 position2=0.456 position3=0.495 

** impossible to compute Ks. saturation? **

mean number of non synonymous sites compared: 276.7
mean Ka cladocera: 0.352059
mean Ka notostraca: 0.3338
dKa: 0.0182588	standard deviation (sd): 0.0267698	ratio dKa/sd: 0.682068
exact probability (P): 0.495201

