

## treatement of 3 lineages from file OG0005174.phy ##

equally weighted sequences:
> outgro:
ocin	0.5
tcas	0.5
> anostraca:
afra	1
> cladocera:
dmag	0.333333
dpul	0.333333
etex	0.333333

mean GC outgro: all positions=0.491 position1=0.497 position2=0.336 position3=0.640 
mean GC anostraca: all positions=0.394 position1=0.545 position2=0.322 position3=0.315 
mean GC cladocera: all positions=0.399 position1=0.515 position2=0.298 position3=0.382 

** impossible to compute Ks. saturation? **

mean number of non synonymous sites compared: 277.7
mean Ka anostraca: 0.466417
mean Ka cladocera: 0.518938
dKa: -0.052521	standard deviation (sd): 0.0455575	ratio dKa/sd: -1.15285
exact probability (P): 0.248979

equally weighted sequences:
> outgro:
ocin	0.5
tcas	0.5
> anostraca:
afra	1
> notostraca:
lapu	0.125
lart	0.125
lcou	0.125
lubb	0.125
tcan	0.125
tita	0.125
tlon	0.125
tusa	0.125

mean GC outgro: all positions=0.491 position1=0.497 position2=0.336 position3=0.640 
mean GC anostraca: all positions=0.394 position1=0.545 position2=0.322 position3=0.315 
mean GC notostraca: all positions=0.418 position1=0.483 position2=0.338 position3=0.433 

** impossible to compute Ks. saturation? **

mean number of non synonymous sites compared: 278.8
mean Ka anostraca: 0.466417
mean Ka notostraca: 0.441128
dKa: 0.0252898	standard deviation (sd): 0.0451675	ratio dKa/sd: 0.55991
exact probability (P): 0.575545

equally weighted sequences:
> outgro:
ocin	0.5
tcas	0.5
> cladocera:
dmag	0.333333
dpul	0.333333
etex	0.333333
> notostraca:
lapu	0.125
lart	0.125
lcou	0.125
lubb	0.125
tcan	0.125
tita	0.125
tlon	0.125
tusa	0.125

mean GC outgro: all positions=0.491 position1=0.497 position2=0.336 position3=0.640 
mean GC cladocera: all positions=0.399 position1=0.515 position2=0.298 position3=0.382 
mean GC notostraca: all positions=0.418 position1=0.483 position2=0.338 position3=0.433 

** impossible to compute Ks. saturation? **

mean number of non synonymous sites compared: 278.6
mean Ka cladocera: 0.518938
mean Ka notostraca: 0.441128
dKa: 0.0778107	standard deviation (sd): 0.0387611	ratio dKa/sd: 2.00744
exact probability (P): 0.0447111

