

## treatement of 3 lineages from file OG0007550.phy ##

equally weighted sequences:
> outgro:
ocin	0.5
tcas	0.5
> anostraca:
afra	1
> cladocera:
dmag	0.333333
dpul	0.333333
etex	0.333333

mean GC outgro: all positions=0.430 position1=0.556 position2=0.311 position3=0.422 
mean GC anostraca: all positions=0.363 position1=0.489 position2=0.400 position3=0.200 
mean GC cladocera: all positions=0.417 position1=0.548 position2=0.333 position3=0.370 

** impossible to compute Ks. saturation? **

mean number of non synonymous sites compared: 88.5
mean Ka anostraca: 0.462715
mean Ka cladocera: 0.411746
dKa: 0.0509685	standard deviation (sd): 0.0755435	ratio dKa/sd: 0.674691
exact probability (P): 0.499876

equally weighted sequences:
> outgro:
ocin	0.5
tcas	0.5
> anostraca:
afra	1
> notostraca:
lapu	0.2
lart	0.2
lcou	0.2
lubb	0.2
tlon	0.2

mean GC outgro: all positions=0.430 position1=0.556 position2=0.311 position3=0.422 
mean GC anostraca: all positions=0.363 position1=0.489 position2=0.400 position3=0.200 
mean GC notostraca: all positions=0.437 position1=0.520 position2=0.382 position3=0.409 

** impossible to compute Ks. saturation? **

mean number of non synonymous sites compared: 88.0
mean Ka anostraca: 0.462715
mean Ka notostraca: 0.392373
dKa: 0.0703417	standard deviation (sd): 0.0781658	ratio dKa/sd: 0.899903
exact probability (P): 0.368178

equally weighted sequences:
> outgro:
ocin	0.5
tcas	0.5
> cladocera:
dmag	0.333333
dpul	0.333333
etex	0.333333
> notostraca:
lapu	0.2
lart	0.2
lcou	0.2
lubb	0.2
tlon	0.2

mean GC outgro: all positions=0.430 position1=0.556 position2=0.311 position3=0.422 
mean GC cladocera: all positions=0.417 position1=0.548 position2=0.333 position3=0.370 
mean GC notostraca: all positions=0.437 position1=0.520 position2=0.382 position3=0.409 

** impossible to compute Ks. saturation? **

mean number of non synonymous sites compared: 87.8
mean Ka cladocera: 0.411746
mean Ka notostraca: 0.392373
dKa: 0.0193731	standard deviation (sd): 0.0582082	ratio dKa/sd: 0.332825
exact probability (P): 0.739269

