

## treatement of 3 lineages from file OG0006912.phy ##

equally weighted sequences:
> outgro:
tcas	1
> anostraca:
afra	1
> cladocera:
dmag	0.5
dpul	0.5

mean GC outgro: all positions=0.411 position1=0.537 position2=0.384 position3=0.311 
mean GC anostraca: all positions=0.423 position1=0.561 position2=0.372 position3=0.335 
mean GC cladocera: all positions=0.433 position1=0.540 position2=0.387 position3=0.372 

** impossible to compute Ks. saturation? **

mean number of non synonymous sites compared: 311.8
mean Ka anostraca: 0.388298
mean Ka cladocera: 0.246633
dKa: 0.141665	standard deviation (sd): 0.043092	ratio dKa/sd: 3.2875
exact probability (P): 0.00101541

equally weighted sequences:
> outgro:
tcas	1
> anostraca:
afra	1
> notostraca:
lapu	0.125
lart	0.125
lcou	0.125
lubb	0.125
tcan	0.125
tita	0.125
tlon	0.125
tusa	0.125

mean GC outgro: all positions=0.411 position1=0.537 position2=0.384 position3=0.311 
mean GC anostraca: all positions=0.423 position1=0.561 position2=0.372 position3=0.335 
mean GC notostraca: all positions=0.466 position1=0.601 position2=0.380 position3=0.417 

** impossible to compute Ks. saturation? **

mean number of non synonymous sites compared: 315.2
mean Ka anostraca: 0.388298
mean Ka notostraca: 0.269575
dKa: 0.118724	standard deviation (sd): 0.0396712	ratio dKa/sd: 2.9927
exact probability (P): 0.00276848

equally weighted sequences:
> outgro:
tcas	1
> cladocera:
dmag	0.5
dpul	0.5
> notostraca:
lapu	0.125
lart	0.125
lcou	0.125
lubb	0.125
tcan	0.125
tita	0.125
tlon	0.125
tusa	0.125

mean GC outgro: all positions=0.411 position1=0.537 position2=0.384 position3=0.311 
mean GC cladocera: all positions=0.433 position1=0.540 position2=0.387 position3=0.372 
mean GC notostraca: all positions=0.466 position1=0.601 position2=0.380 position3=0.417 

** impossible to compute Ks. saturation? **

mean number of non synonymous sites compared: 310.6
mean Ka cladocera: 0.246633
mean Ka notostraca: 0.269575
dKa: -0.0229412	standard deviation (sd): 0.0267926	ratio dKa/sd: -0.85625
exact probability (P): 0.391864

