

## treatement of 3 lineages from file OG0005455.phy ##

equally weighted sequences:
> outgro:
ocin	0.5
tcas	0.5
> anostraca:
afra	1
> cladocera:
dmag	0.333333
dpul	0.333333
etex	0.333333

mean GC outgro: all positions=0.390 position1=0.422 position2=0.330 position3=0.417 
mean GC anostraca: all positions=0.414 position1=0.470 position2=0.348 position3=0.426 
mean GC cladocera: all positions=0.440 position1=0.513 position2=0.374 position3=0.432 

** impossible to compute Ks. saturation? **

mean number of non synonymous sites compared: 215.8
mean Ka anostraca: 0.306101
mean Ka cladocera: 0.229774
dKa: 0.0763276	standard deviation (sd): 0.0345081	ratio dKa/sd: 2.21187
exact probability (P): 0.026983

equally weighted sequences:
> outgro:
ocin	0.5
tcas	0.5
> anostraca:
afra	1
> notostraca:
lapu	0.125
lart	0.125
lcou	0.125
lubb	0.125
tcan	0.125
tita	0.125
tlon	0.125
tusa	0.125

mean GC outgro: all positions=0.390 position1=0.422 position2=0.330 position3=0.417 
mean GC anostraca: all positions=0.414 position1=0.470 position2=0.348 position3=0.426 
mean GC notostraca: all positions=0.442 position1=0.505 position2=0.371 position3=0.450 

** impossible to compute Ks. saturation? **

mean number of non synonymous sites compared: 215.4
mean Ka anostraca: 0.306101
mean Ka notostraca: 0.211989
dKa: 0.0941119	standard deviation (sd): 0.03545	ratio dKa/sd: 2.65478
exact probability (P): 0.00794297

equally weighted sequences:
> outgro:
ocin	0.5
tcas	0.5
> cladocera:
dmag	0.333333
dpul	0.333333
etex	0.333333
> notostraca:
lapu	0.125
lart	0.125
lcou	0.125
lubb	0.125
tcan	0.125
tita	0.125
tlon	0.125
tusa	0.125

mean GC outgro: all positions=0.390 position1=0.422 position2=0.330 position3=0.417 
mean GC cladocera: all positions=0.440 position1=0.513 position2=0.374 position3=0.432 
mean GC notostraca: all positions=0.442 position1=0.505 position2=0.371 position3=0.450 

** impossible to compute Ks. saturation? **

mean number of non synonymous sites compared: 214.0
mean Ka cladocera: 0.229774
mean Ka notostraca: 0.211989
dKa: 0.0177843	standard deviation (sd): 0.0197735	ratio dKa/sd: 0.899399
exact probability (P): 0.368446

