

## treatement of 3 lineages from file OG0005605.phy ##

equally weighted sequences:
> outgro:
ocin	0.5
tcas	0.5
> anostraca:
afra	1
> cladocera:
dmag	0.333333
dpul	0.333333
etex	0.333333

mean GC outgro: all positions=0.471 position1=0.494 position2=0.432 position3=0.487 
mean GC anostraca: all positions=0.450 position1=0.499 position2=0.478 position3=0.374 
mean GC cladocera: all positions=0.586 position1=0.554 position2=0.494 position3=0.712 

** impossible to compute Ks. saturation? **

mean number of non synonymous sites compared: 668.4
mean Ka anostraca: 0.384432
mean Ka cladocera: 0.337305
dKa: 0.0471268	standard deviation (sd): 0.0219078	ratio dKa/sd: 2.15115
exact probability (P): 0.031473

equally weighted sequences:
> outgro:
ocin	0.5
tcas	0.5
> anostraca:
afra	1
> notostraca:
lapu	0.125
lart	0.125
lcou	0.125
lubb	0.125
tcan	0.125
tita	0.125
tlon	0.125
tusa	0.125

mean GC outgro: all positions=0.471 position1=0.494 position2=0.432 position3=0.487 
mean GC anostraca: all positions=0.450 position1=0.499 position2=0.478 position3=0.374 
mean GC notostraca: all positions=0.500 position1=0.538 position2=0.495 position3=0.467 

** impossible to compute Ks. saturation? **

mean number of non synonymous sites compared: 675.1
mean Ka anostraca: 0.384432
mean Ka notostraca: 0.400736
dKa: -0.0163035	standard deviation (sd): 0.0250561	ratio dKa/sd: -0.650678
exact probability (P): 0.515258

equally weighted sequences:
> outgro:
ocin	0.5
tcas	0.5
> cladocera:
dmag	0.333333
dpul	0.333333
etex	0.333333
> notostraca:
lapu	0.125
lart	0.125
lcou	0.125
lubb	0.125
tcan	0.125
tita	0.125
tlon	0.125
tusa	0.125

mean GC outgro: all positions=0.471 position1=0.494 position2=0.432 position3=0.487 
mean GC cladocera: all positions=0.586 position1=0.554 position2=0.494 position3=0.712 
mean GC notostraca: all positions=0.500 position1=0.538 position2=0.495 position3=0.467 

** impossible to compute Ks. saturation? **

mean number of non synonymous sites compared: 672.9
mean Ka cladocera: 0.337305
mean Ka notostraca: 0.400736
dKa: -0.0634303	standard deviation (sd): 0.0217933	ratio dKa/sd: -2.91054
exact probability (P): 0.00361367

