

## treatement of 3 lineages from file OG0009563.phy ##

equally weighted sequences:
> outgro:
ocin	0.5
tcas	0.5
> anostraca:
afra	1
> cladocera:
dmag	0.333333
dpul	0.333333
etex	0.333333

mean GC outgro: all positions=0.400 position1=0.464 position2=0.317 position3=0.420 
mean GC anostraca: all positions=0.360 position1=0.420 position2=0.339 position3=0.321 
mean GC cladocera: all positions=0.438 position1=0.467 position2=0.351 position3=0.497 

** impossible to compute Ks. saturation? **

mean number of non synonymous sites compared: 216.8
mean Ka anostraca: 0.206732
mean Ka cladocera: 0.19937
dKa: 0.00736162	standard deviation (sd): 0.0301173	ratio dKa/sd: 0.244432
exact probability (P): 0.806898

equally weighted sequences:
> outgro:
ocin	0.5
tcas	0.5
> anostraca:
afra	1
> notostraca:
tlon	1

mean GC outgro: all positions=0.400 position1=0.464 position2=0.317 position3=0.420 
mean GC anostraca: all positions=0.360 position1=0.420 position2=0.339 position3=0.321 
mean GC notostraca: all positions=0.429 position1=0.438 position2=0.348 position3=0.500 

** impossible to compute Ks. saturation? **

mean number of non synonymous sites compared: 216.3
mean Ka anostraca: 0.206732
mean Ka notostraca: 0.200356
dKa: 0.00637581	standard deviation (sd): 0.0344765	ratio dKa/sd: 0.184932
exact probability (P): 0.853284

equally weighted sequences:
> outgro:
ocin	0.5
tcas	0.5
> cladocera:
dmag	0.333333
dpul	0.333333
etex	0.333333
> notostraca:
tlon	1

mean GC outgro: all positions=0.400 position1=0.464 position2=0.317 position3=0.420 
mean GC cladocera: all positions=0.438 position1=0.467 position2=0.351 position3=0.497 
mean GC notostraca: all positions=0.429 position1=0.438 position2=0.348 position3=0.500 

** impossible to compute Ks. saturation? **

mean number of non synonymous sites compared: 214.3
mean Ka cladocera: 0.19937
mean Ka notostraca: 0.200356
dKa: -0.000985809	standard deviation (sd): 0.0238107	ratio dKa/sd: -0.041402
exact probability (P): 0.966976

