

## treatement of 3 lineages from file OG0005314.phy ##

equally weighted sequences:
> outgro:
ocin	0.5
tcas	0.5
> anostraca:
afra	1
> cladocera:
dmag	0.333333
dpul	0.333333
etex	0.333333

mean GC outgro: all positions=0.449 position1=0.478 position2=0.394 position3=0.474 
mean GC anostraca: all positions=0.395 position1=0.461 position2=0.424 position3=0.301 
mean GC cladocera: all positions=0.434 position1=0.538 position2=0.383 position3=0.382 

** impossible to compute Ks. saturation? **

mean number of non synonymous sites compared: 529.0
mean Ka anostraca: 0.638145
mean Ka cladocera: 0.462856
dKa: 0.175289	standard deviation (sd): 0.0414956	ratio dKa/sd: 4.22427
exact probability (P): 2.50252e-05

equally weighted sequences:
> outgro:
ocin	0.5
tcas	0.5
> anostraca:
afra	1
> notostraca:
lapu	0.125
lart	0.125
lcou	0.125
lubb	0.125
tcan	0.125
tita	0.125
tlon	0.125
tusa	0.125

mean GC outgro: all positions=0.449 position1=0.478 position2=0.394 position3=0.474 
mean GC anostraca: all positions=0.395 position1=0.461 position2=0.424 position3=0.301 
mean GC notostraca: all positions=0.481 position1=0.541 position2=0.415 position3=0.487 

** impossible to compute Ks. saturation? **

mean number of non synonymous sites compared: 530.0
mean Ka anostraca: 0.638145
mean Ka notostraca: 0.469869
dKa: 0.168276	standard deviation (sd): 0.0431139	ratio dKa/sd: 3.90306
exact probability (P): 9.66557e-05

equally weighted sequences:
> outgro:
ocin	0.5
tcas	0.5
> cladocera:
dmag	0.333333
dpul	0.333333
etex	0.333333
> notostraca:
lapu	0.125
lart	0.125
lcou	0.125
lubb	0.125
tcan	0.125
tita	0.125
tlon	0.125
tusa	0.125

mean GC outgro: all positions=0.449 position1=0.478 position2=0.394 position3=0.474 
mean GC cladocera: all positions=0.434 position1=0.538 position2=0.383 position3=0.382 
mean GC notostraca: all positions=0.481 position1=0.541 position2=0.415 position3=0.487 

** impossible to compute Ks. saturation? **

mean number of non synonymous sites compared: 520.2
mean Ka cladocera: 0.462856
mean Ka notostraca: 0.469869
dKa: -0.00701274	standard deviation (sd): 0.0270967	ratio dKa/sd: -0.258804
exact probability (P): 0.795788

