

## treatement of 3 lineages from file OG0005402.phy ##

equally weighted sequences:
> outgro:
ocin	0.5
tcas	0.5
> anostraca:
afra	1
> cladocera:
dmag	0.333333
dpul	0.333333
etex	0.333333

mean GC outgro: all positions=0.449 position1=0.506 position2=0.392 position3=0.449 
mean GC anostraca: all positions=0.407 position1=0.478 position2=0.386 position3=0.359 
mean GC cladocera: all positions=0.465 position1=0.537 position2=0.391 position3=0.467 

** impossible to compute Ks. saturation? **

mean number of non synonymous sites compared: 1231.4
mean Ka anostraca: 0.420765
mean Ka cladocera: 0.404805
dKa: 0.0159594	standard deviation (sd): 0.0184711	ratio dKa/sd: 0.86402
exact probability (P): 0.387582

equally weighted sequences:
> outgro:
ocin	0.5
tcas	0.5
> anostraca:
afra	1
> notostraca:
lapu	0.125
lart	0.125
lcou	0.125
lubb	0.125
tcan	0.125
tita	0.125
tlon	0.125
tusa	0.125

mean GC outgro: all positions=0.449 position1=0.506 position2=0.392 position3=0.449 
mean GC anostraca: all positions=0.407 position1=0.478 position2=0.386 position3=0.359 
mean GC notostraca: all positions=0.480 position1=0.539 position2=0.393 position3=0.510 

** impossible to compute Ks. saturation? **

mean number of non synonymous sites compared: 1231.8
mean Ka anostraca: 0.420765
mean Ka notostraca: 0.405705
dKa: 0.0150597	standard deviation (sd): 0.02023	ratio dKa/sd: 0.744421
exact probability (P): 0.456628

equally weighted sequences:
> outgro:
ocin	0.5
tcas	0.5
> cladocera:
dmag	0.333333
dpul	0.333333
etex	0.333333
> notostraca:
lapu	0.125
lart	0.125
lcou	0.125
lubb	0.125
tcan	0.125
tita	0.125
tlon	0.125
tusa	0.125

mean GC outgro: all positions=0.449 position1=0.506 position2=0.392 position3=0.449 
mean GC cladocera: all positions=0.465 position1=0.537 position2=0.391 position3=0.467 
mean GC notostraca: all positions=0.480 position1=0.539 position2=0.393 position3=0.510 

** impossible to compute Ks. saturation? **

mean number of non synonymous sites compared: 1237.7
mean Ka cladocera: 0.404805
mean Ka notostraca: 0.405705
dKa: -0.000899737	standard deviation (sd): 0.015898	ratio dKa/sd: -0.0565943
exact probability (P): 0.954869

