

## treatement of 3 lineages from file OG0006316.phy ##

equally weighted sequences:
> outgro:
ocin	0.5
tcas	0.5
> anostraca:
afra	1
> cladocera:
dmag	0.333333
dpul	0.333333
etex	0.333333

mean GC outgro: all positions=0.411 position1=0.411 position2=0.386 position3=0.435 
mean GC anostraca: all positions=0.360 position1=0.421 position2=0.361 position3=0.299 
mean GC cladocera: all positions=0.428 position1=0.491 position2=0.378 position3=0.415 

** impossible to compute Ks. saturation? **

mean number of non synonymous sites compared: 629.8
mean Ka anostraca: 0.564419
mean Ka cladocera: 0.543857
dKa: 0.0205614	standard deviation (sd): 0.0327679	ratio dKa/sd: 0.627486
exact probability (P): 0.530345

equally weighted sequences:
> outgro:
ocin	0.5
tcas	0.5
> anostraca:
afra	1
> notostraca:
lapu	0.142857
lcou	0.142857
lubb	0.142857
tcan	0.142857
tita	0.142857
tlon	0.142857
tusa	0.142857

mean GC outgro: all positions=0.411 position1=0.411 position2=0.386 position3=0.435 
mean GC anostraca: all positions=0.360 position1=0.421 position2=0.361 position3=0.299 
mean GC notostraca: all positions=0.476 position1=0.487 position2=0.408 position3=0.533 

** impossible to compute Ks. saturation? **

mean number of non synonymous sites compared: 625.2
mean Ka anostraca: 0.564419
mean Ka notostraca: 0.630811
dKa: -0.0663917	standard deviation (sd): 0.0409141	ratio dKa/sd: -1.62271
exact probability (P): 0.10466

equally weighted sequences:
> outgro:
ocin	0.5
tcas	0.5
> cladocera:
dmag	0.333333
dpul	0.333333
etex	0.333333
> notostraca:
lapu	0.142857
lcou	0.142857
lubb	0.142857
tcan	0.142857
tita	0.142857
tlon	0.142857
tusa	0.142857

mean GC outgro: all positions=0.411 position1=0.411 position2=0.386 position3=0.435 
mean GC cladocera: all positions=0.428 position1=0.491 position2=0.378 position3=0.415 
mean GC notostraca: all positions=0.476 position1=0.487 position2=0.408 position3=0.533 

** impossible to compute Ks. saturation? **

mean number of non synonymous sites compared: 633.0
mean Ka cladocera: 0.543857
mean Ka notostraca: 0.630811
dKa: -0.0869531	standard deviation (sd): 0.0326971	ratio dKa/sd: -2.65935
exact probability (P): 0.00783601

