

## treatement of 3 lineages from file OG0006855.phy ##

equally weighted sequences:
> outgro:
ocin	0.5
tcas	0.5
> anostraca:
afra	1
> cladocera:
dmag	0.333333
dpul	0.333333
etex	0.333333

mean GC outgro: all positions=0.406 position1=0.544 position2=0.325 position3=0.351 
mean GC anostraca: all positions=0.374 position1=0.491 position2=0.316 position3=0.316 
mean GC cladocera: all positions=0.396 position1=0.520 position2=0.351 position3=0.316 

** impossible to compute Ks. saturation? **

mean number of non synonymous sites compared: 112.2
mean Ka anostraca: 0.709719
mean Ka cladocera: 0.61591
dKa: 0.0938085	standard deviation (sd): 0.100634	ratio dKa/sd: 0.932178
exact probability (P): 0.351251

equally weighted sequences:
> outgro:
ocin	0.5
tcas	0.5
> anostraca:
afra	1
> notostraca:
lart	0.166667
lubb	0.166667
tcan	0.166667
tita	0.166667
tlon	0.166667
tusa	0.166667

mean GC outgro: all positions=0.406 position1=0.544 position2=0.325 position3=0.351 
mean GC anostraca: all positions=0.374 position1=0.491 position2=0.316 position3=0.316 
mean GC notostraca: all positions=0.470 position1=0.561 position2=0.389 position3=0.459 

** impossible to compute Ks. saturation? **

mean number of non synonymous sites compared: 112.1
mean Ka anostraca: 0.709719
mean Ka notostraca: 0.576082
dKa: 0.133636	standard deviation (sd): 0.102192	ratio dKa/sd: 1.3077
exact probability (P): 0.190982

equally weighted sequences:
> outgro:
ocin	0.5
tcas	0.5
> cladocera:
dmag	0.333333
dpul	0.333333
etex	0.333333
> notostraca:
lart	0.166667
lubb	0.166667
tcan	0.166667
tita	0.166667
tlon	0.166667
tusa	0.166667

mean GC outgro: all positions=0.406 position1=0.544 position2=0.325 position3=0.351 
mean GC cladocera: all positions=0.396 position1=0.520 position2=0.351 position3=0.316 
mean GC notostraca: all positions=0.470 position1=0.561 position2=0.389 position3=0.459 

** impossible to compute Ks. saturation? **

mean number of non synonymous sites compared: 110.2
mean Ka cladocera: 0.61591
mean Ka notostraca: 0.576082
dKa: 0.0398279	standard deviation (sd): 0.0719854	ratio dKa/sd: 0.553277
exact probability (P): 0.580078

