

## treatement of 3 lineages from file OG0012180.phy ##

mean GC outgro: all positions=0.440 position1=0.539 position2=0.406 position3=0.377 
mean GC anostraca: all positions=0.372 position1=0.529 position2=0.399 position3=0.188 
mean GC cladocera: all positions=0.500 position1=0.565 position2=0.364 position3=0.571 

** impossible to compute Ks. saturation? **

mean number of non synonymous sites compared: 595.4
mean Ka anostraca: 0.852899
mean Ka cladocera: 0.734082
dKa: 0.118816	standard deviation (sd): 0.0704835	ratio dKa/sd: 1.68573
exact probability (P): 0.091856

mean GC outgro: all positions=0.440 position1=0.539 position2=0.406 position3=0.377 
mean GC anostraca: all positions=0.372 position1=0.529 position2=0.399 position3=0.188 
mean GC notostraca: all positions=0.645 position1=0.714 position2=0.494 position3=0.727 

** impossible to compute Ks. saturation? **

mean number of non synonymous sites compared: 591.9
mean Ka anostraca: 0.852899
mean Ka notostraca: 0.556455
dKa: 0.296444	standard deviation (sd): 0.0673504	ratio dKa/sd: 4.40152
exact probability (P): 1.14605e-05

mean GC outgro: all positions=0.440 position1=0.539 position2=0.406 position3=0.377 
mean GC cladocera: all positions=0.500 position1=0.565 position2=0.364 position3=0.571 
mean GC notostraca: all positions=0.645 position1=0.714 position2=0.494 position3=0.727 

** impossible to compute Ks. saturation? **

mean number of non synonymous sites compared: 590.1
mean Ka cladocera: 0.734082
mean Ka notostraca: 0.556455
dKa: 0.177628	standard deviation (sd): 0.0567523	ratio dKa/sd: 3.12988
exact probability (P): 0.00175379

