

## treatement of 3 lineages from file OG0006910.phy ##

equally weighted sequences:
> outgro:
ocin	0.5
tcas	0.5
> anostraca:
afra	1
> cladocera:
dmag	0.5
dpul	0.5

mean GC outgro: all positions=0.410 position1=0.505 position2=0.347 position3=0.378 
mean GC anostraca: all positions=0.405 position1=0.500 position2=0.388 position3=0.327 
mean GC cladocera: all positions=0.379 position1=0.439 position2=0.372 position3=0.327 

** impossible to compute Ks. saturation? **

mean number of non synonymous sites compared: 193.3
mean Ka anostraca: 0.497925
mean Ka cladocera: 0.31579
dKa: 0.182135	standard deviation (sd): 0.0540136	ratio dKa/sd: 3.37201
exact probability (P): 0.000749062

equally weighted sequences:
> outgro:
ocin	0.5
tcas	0.5
> anostraca:
afra	1
> notostraca:
lapu	0.142857
lart	0.142857
lcou	0.142857
tcan	0.142857
tita	0.142857
tlon	0.142857
tusa	0.142857

mean GC outgro: all positions=0.410 position1=0.505 position2=0.347 position3=0.378 
mean GC anostraca: all positions=0.405 position1=0.500 position2=0.388 position3=0.327 
mean GC notostraca: all positions=0.438 position1=0.496 position2=0.401 position3=0.417 

** impossible to compute Ks. saturation? **

mean number of non synonymous sites compared: 191.7
mean Ka anostraca: 0.497925
mean Ka notostraca: 0.378328
dKa: 0.119596	standard deviation (sd): 0.0598972	ratio dKa/sd: 1.99669
exact probability (P): 0.0458668

equally weighted sequences:
> outgro:
ocin	0.5
tcas	0.5
> cladocera:
dmag	0.5
dpul	0.5
> notostraca:
lapu	0.142857
lart	0.142857
lcou	0.142857
tcan	0.142857
tita	0.142857
tlon	0.142857
tusa	0.142857

mean GC outgro: all positions=0.410 position1=0.505 position2=0.347 position3=0.378 
mean GC cladocera: all positions=0.379 position1=0.439 position2=0.372 position3=0.327 
mean GC notostraca: all positions=0.438 position1=0.496 position2=0.401 position3=0.417 

** impossible to compute Ks. saturation? **

mean number of non synonymous sites compared: 195.8
mean Ka cladocera: 0.31579
mean Ka notostraca: 0.378328
dKa: -0.0625386	standard deviation (sd): 0.0425935	ratio dKa/sd: -1.46827
exact probability (P): 0.142039

