

## treatement of 3 lineages from file OG0009613.phy ##

equally weighted sequences:
> outgro:
ocin	0.5
tcas	0.5
> anostraca:
afra	1
> cladocera:
dmag	0.333333
dpul	0.333333
etex	0.333333

mean GC outgro: all positions=0.489 position1=0.481 position2=0.351 position3=0.636 
mean GC anostraca: all positions=0.403 position1=0.481 position2=0.299 position3=0.429 
mean GC cladocera: all positions=0.424 position1=0.476 position2=0.338 position3=0.459 

** impossible to compute Ks. saturation? **

mean number of non synonymous sites compared: 150.0
mean Ka anostraca: 0.189295
mean Ka cladocera: 0.0714873
dKa: 0.117808	standard deviation (sd): 0.0363787	ratio dKa/sd: 3.23838
exact probability (P): 0.00120591

equally weighted sequences:
> outgro:
ocin	0.5
tcas	0.5
> anostraca:
afra	1
> notostraca:
lcou	1

mean GC outgro: all positions=0.489 position1=0.481 position2=0.351 position3=0.636 
mean GC anostraca: all positions=0.403 position1=0.481 position2=0.299 position3=0.429 
mean GC notostraca: all positions=0.372 position1=0.403 position2=0.338 position3=0.377 

** impossible to compute Ks. saturation? **

mean number of non synonymous sites compared: 148.7
mean Ka anostraca: 0.189295
mean Ka notostraca: 0.0539373
dKa: 0.135358	standard deviation (sd): 0.0361948	ratio dKa/sd: 3.7397
exact probability (P): 0.000186833

equally weighted sequences:
> outgro:
ocin	0.5
tcas	0.5
> cladocera:
dmag	0.333333
dpul	0.333333
etex	0.333333
> notostraca:
lcou	1

mean GC outgro: all positions=0.489 position1=0.481 position2=0.351 position3=0.636 
mean GC cladocera: all positions=0.424 position1=0.476 position2=0.338 position3=0.459 
mean GC notostraca: all positions=0.372 position1=0.403 position2=0.338 position3=0.377 

** impossible to compute Ks. saturation? **

mean number of non synonymous sites compared: 147.6
mean Ka cladocera: 0.0714873
mean Ka notostraca: 0.0539373
dKa: 0.01755	standard deviation (sd): 0.0134427	ratio dKa/sd: 1.30554
exact probability (P): 0.191717

