

## treatement of 3 lineages from file OG0008951.phy ##

equally weighted sequences:
> outgro:
ocin	0.5
tcas	0.5
> anostraca:
afra	1
> cladocera:
dmag	0.5
dpul	0.5

mean GC outgro: all positions=0.447 position1=0.488 position2=0.340 position3=0.512 
mean GC anostraca: all positions=0.377 position1=0.492 position2=0.320 position3=0.320 
mean GC cladocera: all positions=0.432 position1=0.561 position2=0.357 position3=0.377 

** impossible to compute Ks. saturation? **

mean number of non synonymous sites compared: 238.1
mean Ka anostraca: 0.593431
mean Ka cladocera: 0.40844
dKa: 0.184992	standard deviation (sd): 0.0559322	ratio dKa/sd: 3.30743
exact probability (P): 0.000945301

equally weighted sequences:
> outgro:
ocin	0.5
tcas	0.5
> anostraca:
afra	1
> notostraca:
lapu	0.333333
lart	0.333333
tita	0.333333

mean GC outgro: all positions=0.447 position1=0.488 position2=0.340 position3=0.512 
mean GC anostraca: all positions=0.377 position1=0.492 position2=0.320 position3=0.320 
mean GC notostraca: all positions=0.457 position1=0.593 position2=0.404 position3=0.374 

** impossible to compute Ks. saturation? **

mean number of non synonymous sites compared: 236.9
mean Ka anostraca: 0.593431
mean Ka notostraca: 0.432732
dKa: 0.160699	standard deviation (sd): 0.0550939	ratio dKa/sd: 2.91682
exact probability (P): 0.00354139

equally weighted sequences:
> outgro:
ocin	0.5
tcas	0.5
> cladocera:
dmag	0.5
dpul	0.5
> notostraca:
lapu	0.333333
lart	0.333333
tita	0.333333

mean GC outgro: all positions=0.447 position1=0.488 position2=0.340 position3=0.512 
mean GC cladocera: all positions=0.432 position1=0.561 position2=0.357 position3=0.377 
mean GC notostraca: all positions=0.457 position1=0.593 position2=0.404 position3=0.374 

** impossible to compute Ks. saturation? **

mean number of non synonymous sites compared: 234.7
mean Ka cladocera: 0.40844
mean Ka notostraca: 0.432732
dKa: -0.0242925	standard deviation (sd): 0.0408445	ratio dKa/sd: -0.594755
exact probability (P): 0.552012

