

## treatement of 3 lineages from file OG0005012.phy ##

equally weighted sequences:
> outgro:
ocin	0.5
tcas	0.5
> anostraca:
afra	1
> cladocera:
dmag	0.333333
dpul	0.333333
etex	0.333333

mean GC outgro: all positions=0.376 position1=0.470 position2=0.250 position3=0.409 
mean GC anostraca: all positions=0.358 position1=0.473 position2=0.247 position3=0.355 
mean GC cladocera: all positions=0.409 position1=0.502 position2=0.292 position3=0.432 

** impossible to compute Ks. saturation? **

mean number of non synonymous sites compared: 356.3
mean Ka anostraca: 0.838895
mean Ka cladocera: 0.612909
dKa: 0.225986	standard deviation (sd): 0.0664456	ratio dKa/sd: 3.40107
exact probability (P): 0.000675374

equally weighted sequences:
> outgro:
ocin	0.5
tcas	0.5
> anostraca:
afra	1
> notostraca:
lapu	0.125
lart	0.125
lcou	0.125
lubb	0.125
tcan	0.125
tita	0.125
tlon	0.125
tusa	0.125

mean GC outgro: all positions=0.376 position1=0.470 position2=0.250 position3=0.409 
mean GC anostraca: all positions=0.358 position1=0.473 position2=0.247 position3=0.355 
mean GC notostraca: all positions=0.400 position1=0.493 position2=0.280 position3=0.427 

** impossible to compute Ks. saturation? **

mean number of non synonymous sites compared: 356.9
mean Ka anostraca: 0.838895
mean Ka notostraca: 0.609177
dKa: 0.229719	standard deviation (sd): 0.0698732	ratio dKa/sd: 3.28765
exact probability (P): 0.00101435

equally weighted sequences:
> outgro:
ocin	0.5
tcas	0.5
> cladocera:
dmag	0.333333
dpul	0.333333
etex	0.333333
> notostraca:
lapu	0.125
lart	0.125
lcou	0.125
lubb	0.125
tcan	0.125
tita	0.125
tlon	0.125
tusa	0.125

mean GC outgro: all positions=0.376 position1=0.470 position2=0.250 position3=0.409 
mean GC cladocera: all positions=0.409 position1=0.502 position2=0.292 position3=0.432 
mean GC notostraca: all positions=0.400 position1=0.493 position2=0.280 position3=0.427 

** impossible to compute Ks. saturation? **

mean number of non synonymous sites compared: 364.6
mean Ka cladocera: 0.612909
mean Ka notostraca: 0.609177
dKa: 0.00373262	standard deviation (sd): 0.0409296	ratio dKa/sd: 0.0911962
exact probability (P): 0.927337

