

## treatement of 3 lineages from file OG0005259.phy ##

equally weighted sequences:
> outgro:
ocin	0.5
tcas	0.5
> anostraca:
afra	1
> cladocera:
dmag	0.333333
dpul	0.333333
etex	0.333333

mean GC outgro: all positions=0.410 position1=0.410 position2=0.361 position3=0.458 
mean GC anostraca: all positions=0.414 position1=0.373 position2=0.434 position3=0.434 
mean GC cladocera: all positions=0.482 position1=0.486 position2=0.386 position3=0.574 

** impossible to compute Ks. saturation? **

mean number of non synonymous sites compared: 162.8
mean Ka anostraca: 0.674326
mean Ka cladocera: 0.420317
dKa: 0.254009	standard deviation (sd): 0.0834312	ratio dKa/sd: 3.04453
exact probability (P): 0.00233584

equally weighted sequences:
> outgro:
ocin	0.5
tcas	0.5
> anostraca:
afra	1
> notostraca:
lapu	0.125
lart	0.125
lcou	0.125
lubb	0.125
tcan	0.125
tita	0.125
tlon	0.125
tusa	0.125

mean GC outgro: all positions=0.410 position1=0.410 position2=0.361 position3=0.458 
mean GC anostraca: all positions=0.414 position1=0.373 position2=0.434 position3=0.434 
mean GC notostraca: all positions=0.445 position1=0.479 position2=0.369 position3=0.488 

** impossible to compute Ks. saturation? **

mean number of non synonymous sites compared: 162.0
mean Ka anostraca: 0.674326
mean Ka notostraca: 0.360756
dKa: 0.313569	standard deviation (sd): 0.0770234	ratio dKa/sd: 4.07109
exact probability (P): 4.89046e-05

equally weighted sequences:
> outgro:
ocin	0.5
tcas	0.5
> cladocera:
dmag	0.333333
dpul	0.333333
etex	0.333333
> notostraca:
lapu	0.125
lart	0.125
lcou	0.125
lubb	0.125
tcan	0.125
tita	0.125
tlon	0.125
tusa	0.125

mean GC outgro: all positions=0.410 position1=0.410 position2=0.361 position3=0.458 
mean GC cladocera: all positions=0.482 position1=0.486 position2=0.386 position3=0.574 
mean GC notostraca: all positions=0.445 position1=0.479 position2=0.369 position3=0.488 

** impossible to compute Ks. saturation? **

mean number of non synonymous sites compared: 156.7
mean Ka cladocera: 0.420317
mean Ka notostraca: 0.360756
dKa: 0.0595604	standard deviation (sd): 0.0373207	ratio dKa/sd: 1.59591
exact probability (P): 0.110518

