

## treatement of 3 lineages from file OG0005415.phy ##

equally weighted sequences:
> outgro:
ocin	0.5
tcas	0.5
> anostraca:
afra	1
> cladocera:
dmag	0.333333
dpul	0.333333
etex	0.333333

mean GC outgro: all positions=0.488 position1=0.576 position2=0.400 position3=0.488 
mean GC anostraca: all positions=0.420 position1=0.541 position2=0.412 position3=0.306 
mean GC cladocera: all positions=0.458 position1=0.604 position2=0.412 position3=0.357 

** impossible to compute Ks. saturation? **

mean number of non synonymous sites compared: 164.8
mean Ka anostraca: 0.285201
mean Ka cladocera: 0.237154
dKa: 0.0480472	standard deviation (sd): 0.036293	ratio dKa/sd: 1.32387
exact probability (P): 0.185555

equally weighted sequences:
> outgro:
ocin	0.5
tcas	0.5
> anostraca:
afra	1
> notostraca:
lapu	0.125
lart	0.125
lcou	0.125
lubb	0.125
tcan	0.125
tita	0.125
tlon	0.125
tusa	0.125

mean GC outgro: all positions=0.488 position1=0.576 position2=0.400 position3=0.488 
mean GC anostraca: all positions=0.420 position1=0.541 position2=0.412 position3=0.306 
mean GC notostraca: all positions=0.480 position1=0.604 position2=0.421 position3=0.415 

** impossible to compute Ks. saturation? **

mean number of non synonymous sites compared: 164.4
mean Ka anostraca: 0.285201
mean Ka notostraca: 0.204025
dKa: 0.0811759	standard deviation (sd): 0.0336959	ratio dKa/sd: 2.40908
exact probability (P): 0.0160007

equally weighted sequences:
> outgro:
ocin	0.5
tcas	0.5
> cladocera:
dmag	0.333333
dpul	0.333333
etex	0.333333
> notostraca:
lapu	0.125
lart	0.125
lcou	0.125
lubb	0.125
tcan	0.125
tita	0.125
tlon	0.125
tusa	0.125

mean GC outgro: all positions=0.488 position1=0.576 position2=0.400 position3=0.488 
mean GC cladocera: all positions=0.458 position1=0.604 position2=0.412 position3=0.357 
mean GC notostraca: all positions=0.480 position1=0.604 position2=0.421 position3=0.415 

** impossible to compute Ks. saturation? **

mean number of non synonymous sites compared: 164.3
mean Ka cladocera: 0.237154
mean Ka notostraca: 0.204025
dKa: 0.0331287	standard deviation (sd): 0.0220877	ratio dKa/sd: 1.49987
exact probability (P): 0.133655

