

## treatement of 3 lineages from file OG0010253.phy ##

equally weighted sequences:
> outgro:
ocin	0.5
tcas	0.5
> anostraca:
afra	1
> cladocera:
dmag	0.5
dpul	0.5

mean GC outgro: all positions=0.413 position1=0.431 position2=0.258 position3=0.548 
mean GC anostraca: all positions=0.341 position1=0.435 position2=0.234 position3=0.355 
mean GC cladocera: all positions=0.340 position1=0.427 position2=0.242 position3=0.351 

** impossible to compute Ks. saturation? **

mean number of non synonymous sites compared: 250.9
mean Ka anostraca: 0.386656
mean Ka cladocera: 0.211694
dKa: 0.174962	standard deviation (sd): 0.0411588	ratio dKa/sd: 4.25091
exact probability (P): 2.24227e-05

equally weighted sequences:
> outgro:
ocin	0.5
tcas	0.5
> anostraca:
afra	1
> notostraca:
tlon	1

mean GC outgro: all positions=0.413 position1=0.431 position2=0.258 position3=0.548 
mean GC anostraca: all positions=0.341 position1=0.435 position2=0.234 position3=0.355 
mean GC notostraca: all positions=0.363 position1=0.411 position2=0.250 position3=0.427 

** impossible to compute Ks. saturation? **

mean number of non synonymous sites compared: 251.5
mean Ka anostraca: 0.386656
mean Ka notostraca: 0.208963
dKa: 0.177693	standard deviation (sd): 0.0416439	ratio dKa/sd: 4.26698
exact probability (P): 2.13775e-05

equally weighted sequences:
> outgro:
ocin	0.5
tcas	0.5
> cladocera:
dmag	0.5
dpul	0.5
> notostraca:
tlon	1

mean GC outgro: all positions=0.413 position1=0.431 position2=0.258 position3=0.548 
mean GC cladocera: all positions=0.340 position1=0.427 position2=0.242 position3=0.351 
mean GC notostraca: all positions=0.363 position1=0.411 position2=0.250 position3=0.427 

** impossible to compute Ks. saturation? **

mean number of non synonymous sites compared: 248.7
mean Ka cladocera: 0.211694
mean Ka notostraca: 0.208963
dKa: 0.00273136	standard deviation (sd): 0.0158214	ratio dKa/sd: 0.172637
exact probability (P): 0.862938

