

## treatement of 3 lineages from file OG0006130.phy ##

equally weighted sequences:
> outgro:
ocin	0.5
tcas	0.5
> anostraca:
afra	1
> cladocera:
dmag	0.5
dpul	0.5

mean GC outgro: all positions=0.471 position1=0.516 position2=0.304 position3=0.592 
mean GC anostraca: all positions=0.370 position1=0.471 position2=0.268 position3=0.373 
mean GC cladocera: all positions=0.422 position1=0.542 position2=0.317 position3=0.405 

** impossible to compute Ks. saturation? **

mean number of non synonymous sites compared: 299.4
mean Ka anostraca: 0.706943
mean Ka cladocera: 0.601033
dKa: 0.105911	standard deviation (sd): 0.0640396	ratio dKa/sd: 1.65384
exact probability (P): 0.0981687

equally weighted sequences:
> outgro:
ocin	0.5
tcas	0.5
> anostraca:
afra	1
> notostraca:
lapu	0.125
lart	0.125
lcou	0.125
lubb	0.125
tcan	0.125
tita	0.125
tlon	0.125
tusa	0.125

mean GC outgro: all positions=0.471 position1=0.516 position2=0.304 position3=0.592 
mean GC anostraca: all positions=0.370 position1=0.471 position2=0.268 position3=0.373 
mean GC notostraca: all positions=0.428 position1=0.515 position2=0.326 position3=0.444 

** impossible to compute Ks. saturation? **

mean number of non synonymous sites compared: 304.7
mean Ka anostraca: 0.706943
mean Ka notostraca: 0.669786
dKa: 0.0371572	standard deviation (sd): 0.0646504	ratio dKa/sd: 0.57474
exact probability (P): 0.565472

equally weighted sequences:
> outgro:
ocin	0.5
tcas	0.5
> cladocera:
dmag	0.5
dpul	0.5
> notostraca:
lapu	0.125
lart	0.125
lcou	0.125
lubb	0.125
tcan	0.125
tita	0.125
tlon	0.125
tusa	0.125

mean GC outgro: all positions=0.471 position1=0.516 position2=0.304 position3=0.592 
mean GC cladocera: all positions=0.422 position1=0.542 position2=0.317 position3=0.405 
mean GC notostraca: all positions=0.428 position1=0.515 position2=0.326 position3=0.444 

** impossible to compute Ks. saturation? **

mean number of non synonymous sites compared: 297.9
mean Ka cladocera: 0.601033
mean Ka notostraca: 0.669786
dKa: -0.0687537	standard deviation (sd): 0.0507425	ratio dKa/sd: -1.35495
exact probability (P): 0.17544

