

## treatement of 3 lineages from file OG0006960.phy ##

equally weighted sequences:
> outgro:
ocin	0.5
tcas	0.5
> anostraca:
afra	1
> cladocera:
dmag	0.333333
dpul	0.333333
etex	0.333333

mean GC outgro: all positions=0.519 position1=0.566 position2=0.434 position3=0.557 
mean GC anostraca: all positions=0.404 position1=0.541 position2=0.443 position3=0.230 
mean GC cladocera: all positions=0.488 position1=0.525 position2=0.464 position3=0.475 

** impossible to compute Ks. saturation? **

mean number of non synonymous sites compared: 118.3
mean Ka anostraca: 0.121647
mean Ka cladocera: 0.145175
dKa: -0.0235274	standard deviation (sd): 0.0299346	ratio dKa/sd: -0.785958
exact probability (P): 0.431898

equally weighted sequences:
> outgro:
ocin	0.5
tcas	0.5
> anostraca:
afra	1
> notostraca:
lapu	0.166667
lart	0.166667
lcou	0.166667
lubb	0.166667
tcan	0.166667
tlon	0.166667

mean GC outgro: all positions=0.519 position1=0.566 position2=0.434 position3=0.557 
mean GC anostraca: all positions=0.404 position1=0.541 position2=0.443 position3=0.230 
mean GC notostraca: all positions=0.457 position1=0.508 position2=0.426 position3=0.437 

** impossible to compute Ks. saturation? **

mean number of non synonymous sites compared: 118.2
mean Ka anostraca: 0.121647
mean Ka notostraca: 0.122939
dKa: -0.0012915	standard deviation (sd): 0.026711	ratio dKa/sd: -0.0483509
exact probability (P): 0.961437

equally weighted sequences:
> outgro:
ocin	0.5
tcas	0.5
> cladocera:
dmag	0.333333
dpul	0.333333
etex	0.333333
> notostraca:
lapu	0.166667
lart	0.166667
lcou	0.166667
lubb	0.166667
tcan	0.166667
tlon	0.166667

mean GC outgro: all positions=0.519 position1=0.566 position2=0.434 position3=0.557 
mean GC cladocera: all positions=0.488 position1=0.525 position2=0.464 position3=0.475 
mean GC notostraca: all positions=0.457 position1=0.508 position2=0.426 position3=0.437 

** impossible to compute Ks. saturation? **

mean number of non synonymous sites compared: 118.5
mean Ka cladocera: 0.145175
mean Ka notostraca: 0.122939
dKa: 0.0222359	standard deviation (sd): 0.0230472	ratio dKa/sd: 0.964798
exact probability (P): 0.334652

