

## treatement of 3 lineages from file OG0005655.phy ##

equally weighted sequences:
> outgro:
ocin	0.5
tcas	0.5
> anostraca:
afra	1
> cladocera:
dmag	0.333333
dpul	0.333333
etex	0.333333

mean GC outgro: all positions=0.498 position1=0.459 position2=0.436 position3=0.600 
mean GC anostraca: all positions=0.452 position1=0.427 position2=0.400 position3=0.527 
mean GC cladocera: all positions=0.517 position1=0.467 position2=0.433 position3=0.652 

** impossible to compute Ks. saturation? **

mean number of non synonymous sites compared: 223.6
mean Ka anostraca: 0.122672
mean Ka cladocera: 0.149016
dKa: -0.0263439	standard deviation (sd): 0.0180675	ratio dKa/sd: -1.45808
exact probability (P): 0.144825

equally weighted sequences:
> outgro:
ocin	0.5
tcas	0.5
> anostraca:
afra	1
> notostraca:
lapu	0.125
lart	0.125
lcou	0.125
lubb	0.125
tcan	0.125
tita	0.125
tlon	0.125
tusa	0.125

mean GC outgro: all positions=0.498 position1=0.459 position2=0.436 position3=0.600 
mean GC anostraca: all positions=0.452 position1=0.427 position2=0.400 position3=0.527 
mean GC notostraca: all positions=0.521 position1=0.473 position2=0.431 position3=0.659 

** impossible to compute Ks. saturation? **

mean number of non synonymous sites compared: 223.9
mean Ka anostraca: 0.122672
mean Ka notostraca: 0.134407
dKa: -0.0117343	standard deviation (sd): 0.02015	ratio dKa/sd: -0.582347
exact probability (P): 0.560336

equally weighted sequences:
> outgro:
ocin	0.5
tcas	0.5
> cladocera:
dmag	0.333333
dpul	0.333333
etex	0.333333
> notostraca:
lapu	0.125
lart	0.125
lcou	0.125
lubb	0.125
tcan	0.125
tita	0.125
tlon	0.125
tusa	0.125

mean GC outgro: all positions=0.498 position1=0.459 position2=0.436 position3=0.600 
mean GC cladocera: all positions=0.517 position1=0.467 position2=0.433 position3=0.652 
mean GC notostraca: all positions=0.521 position1=0.473 position2=0.431 position3=0.659 

** impossible to compute Ks. saturation? **

mean number of non synonymous sites compared: 224.2
mean Ka cladocera: 0.149016
mean Ka notostraca: 0.134407
dKa: 0.0146096	standard deviation (sd): 0.0160248	ratio dKa/sd: 0.911686
exact probability (P): 0.361941

