

## treatement of 3 lineages from file OG0007482.phy ##

equally weighted sequences:
> outgro:
tcas	1
> anostraca:
afra	1
> cladocera:
dmag	0.333333
dpul	0.333333
etex	0.333333

mean GC outgro: all positions=0.623 position1=0.683 position2=0.540 position3=0.646 
mean GC anostraca: all positions=0.524 position1=0.646 position2=0.540 position3=0.385 
mean GC cladocera: all positions=0.521 position1=0.656 position2=0.520 position3=0.387 

** impossible to compute Ks. saturation? **

mean number of non synonymous sites compared: 312.3
mean Ka anostraca: 0.215832
mean Ka cladocera: 0.150539
dKa: 0.0652929	standard deviation (sd): 0.0298124	ratio dKa/sd: 2.19012
exact probability (P): 0.0285224

equally weighted sequences:
> outgro:
tcas	1
> anostraca:
afra	1
> notostraca:
lapu	0.166667
lart	0.166667
lubb	0.166667
tcan	0.166667
tita	0.166667
tusa	0.166667

mean GC outgro: all positions=0.623 position1=0.683 position2=0.540 position3=0.646 
mean GC anostraca: all positions=0.524 position1=0.646 position2=0.540 position3=0.385 
mean GC notostraca: all positions=0.553 position1=0.697 position2=0.540 position3=0.423 

** impossible to compute Ks. saturation? **

mean number of non synonymous sites compared: 312.3
mean Ka anostraca: 0.215832
mean Ka notostraca: 0.1244
dKa: 0.0914325	standard deviation (sd): 0.028869	ratio dKa/sd: 3.16715
exact probability (P): 0.00154402

equally weighted sequences:
> outgro:
tcas	1
> cladocera:
dmag	0.333333
dpul	0.333333
etex	0.333333
> notostraca:
lapu	0.166667
lart	0.166667
lubb	0.166667
tcan	0.166667
tita	0.166667
tusa	0.166667

mean GC outgro: all positions=0.623 position1=0.683 position2=0.540 position3=0.646 
mean GC cladocera: all positions=0.521 position1=0.656 position2=0.520 position3=0.387 
mean GC notostraca: all positions=0.553 position1=0.697 position2=0.540 position3=0.423 

** impossible to compute Ks. saturation? **

mean number of non synonymous sites compared: 316.3
mean Ka cladocera: 0.150539
mean Ka notostraca: 0.1244
dKa: 0.0261396	standard deviation (sd): 0.0202031	ratio dKa/sd: 1.29384
exact probability (P): 0.195728

