

## treatement of 3 lineages from file OG0006105.phy ##

equally weighted sequences:
> outgro:
tcas	1
> anostraca:
afra	1
> cladocera:
dmag	0.333333
dpul	0.333333
etex	0.333333

mean GC outgro: all positions=0.384 position1=0.442 position2=0.352 position3=0.357 
mean GC anostraca: all positions=0.412 position1=0.482 position2=0.407 position3=0.347 
mean GC cladocera: all positions=0.457 position1=0.496 position2=0.429 position3=0.446 

** impossible to compute Ks. saturation? **

mean number of non synonymous sites compared: 405.5
mean Ka anostraca: 0.737669
mean Ka cladocera: 0.769169
dKa: -0.0314997	standard deviation (sd): 0.0567518	ratio dKa/sd: -0.555043
exact probability (P): 0.578869

equally weighted sequences:
> outgro:
tcas	1
> anostraca:
afra	1
> notostraca:
lapu	0.125
lart	0.125
lcou	0.125
lubb	0.125
tcan	0.125
tita	0.125
tlon	0.125
tusa	0.125

mean GC outgro: all positions=0.384 position1=0.442 position2=0.352 position3=0.357 
mean GC anostraca: all positions=0.412 position1=0.482 position2=0.407 position3=0.347 
mean GC notostraca: all positions=0.455 position1=0.535 position2=0.417 position3=0.411 

** impossible to compute Ks. saturation? **

mean number of non synonymous sites compared: 406.2
mean Ka anostraca: 0.737669
mean Ka notostraca: 0.800826
dKa: -0.0631566	standard deviation (sd): 0.0617204	ratio dKa/sd: -1.02327
exact probability (P): 0.306187

equally weighted sequences:
> outgro:
tcas	1
> cladocera:
dmag	0.333333
dpul	0.333333
etex	0.333333
> notostraca:
lapu	0.125
lart	0.125
lcou	0.125
lubb	0.125
tcan	0.125
tita	0.125
tlon	0.125
tusa	0.125

mean GC outgro: all positions=0.384 position1=0.442 position2=0.352 position3=0.357 
mean GC cladocera: all positions=0.457 position1=0.496 position2=0.429 position3=0.446 
mean GC notostraca: all positions=0.455 position1=0.535 position2=0.417 position3=0.411 

** impossible to compute Ks. saturation? **

mean number of non synonymous sites compared: 400.5
mean Ka cladocera: 0.769169
mean Ka notostraca: 0.800826
dKa: -0.031657	standard deviation (sd): 0.0529119	ratio dKa/sd: -0.598296
exact probability (P): 0.549647

