

## treatement of 3 lineages from file OG0004940.phy ##

equally weighted sequences:
> outgro:
ocin	0.5
tcas	0.5
> anostraca:
afra	1
> cladocera:
dmag	0.333333
dpul	0.333333
etex	0.333333

mean GC outgro: all positions=0.413 position1=0.481 position2=0.340 position3=0.419 
mean GC anostraca: all positions=0.384 position1=0.493 position2=0.338 position3=0.321 
mean GC cladocera: all positions=0.423 position1=0.477 position2=0.329 position3=0.463 

** impossible to compute Ks. saturation? **

mean number of non synonymous sites compared: 567.5
mean Ka anostraca: 0.550955
mean Ka cladocera: 0.456029
dKa: 0.0949258	standard deviation (sd): 0.0343714	ratio dKa/sd: 2.76177
exact probability (P): 0.00575505

equally weighted sequences:
> outgro:
ocin	0.5
tcas	0.5
> anostraca:
afra	1
> notostraca:
lapu	0.125
lart	0.125
lcou	0.125
lubb	0.125
tcan	0.125
tita	0.125
tlon	0.125
tusa	0.125

mean GC outgro: all positions=0.413 position1=0.481 position2=0.340 position3=0.419 
mean GC anostraca: all positions=0.384 position1=0.493 position2=0.338 position3=0.321 
mean GC notostraca: all positions=0.476 position1=0.513 position2=0.359 position3=0.556 

** impossible to compute Ks. saturation? **

mean number of non synonymous sites compared: 559.4
mean Ka anostraca: 0.550955
mean Ka notostraca: 0.416362
dKa: 0.134593	standard deviation (sd): 0.032274	ratio dKa/sd: 4.17032
exact probability (P): 3.16903e-05

equally weighted sequences:
> outgro:
ocin	0.5
tcas	0.5
> cladocera:
dmag	0.333333
dpul	0.333333
etex	0.333333
> notostraca:
lapu	0.125
lart	0.125
lcou	0.125
lubb	0.125
tcan	0.125
tita	0.125
tlon	0.125
tusa	0.125

mean GC outgro: all positions=0.413 position1=0.481 position2=0.340 position3=0.419 
mean GC cladocera: all positions=0.423 position1=0.477 position2=0.329 position3=0.463 
mean GC notostraca: all positions=0.476 position1=0.513 position2=0.359 position3=0.556 

** impossible to compute Ks. saturation? **

mean number of non synonymous sites compared: 559.9
mean Ka cladocera: 0.456029
mean Ka notostraca: 0.416362
dKa: 0.0396673	standard deviation (sd): 0.0253416	ratio dKa/sd: 1.5653
exact probability (P): 0.117521

