

## treatement of 3 lineages from file OG0006064.phy ##

equally weighted sequences:
> outgro:
ocin	0.5
tcas	0.5
> anostraca:
afra	1
> cladocera:
dmag	0.5
dpul	0.5

mean GC outgro: all positions=0.406 position1=0.448 position2=0.350 position3=0.419 
mean GC anostraca: all positions=0.362 position1=0.491 position2=0.289 position3=0.306 
mean GC cladocera: all positions=0.425 position1=0.506 position2=0.393 position3=0.376 

** impossible to compute Ks. saturation? **

mean number of non synonymous sites compared: 349.1
mean Ka anostraca: 0.588609
mean Ka cladocera: 0.464594
dKa: 0.124015	standard deviation (sd): 0.0529244	ratio dKa/sd: 2.34325
exact probability (P): 0.0191246

equally weighted sequences:
> outgro:
ocin	0.5
tcas	0.5
> anostraca:
afra	1
> notostraca:
lapu	0.125
lart	0.125
lcou	0.125
lubb	0.125
tcan	0.125
tita	0.125
tlon	0.125
tusa	0.125

mean GC outgro: all positions=0.406 position1=0.448 position2=0.350 position3=0.419 
mean GC anostraca: all positions=0.362 position1=0.491 position2=0.289 position3=0.306 
mean GC notostraca: all positions=0.463 position1=0.506 position2=0.356 position3=0.528 

** impossible to compute Ks. saturation? **

mean number of non synonymous sites compared: 344.1
mean Ka anostraca: 0.588609
mean Ka notostraca: 0.398871
dKa: 0.189738	standard deviation (sd): 0.0508796	ratio dKa/sd: 3.72915
exact probability (P): 0.000194519

equally weighted sequences:
> outgro:
ocin	0.5
tcas	0.5
> cladocera:
dmag	0.5
dpul	0.5
> notostraca:
lapu	0.125
lart	0.125
lcou	0.125
lubb	0.125
tcan	0.125
tita	0.125
tlon	0.125
tusa	0.125

mean GC outgro: all positions=0.406 position1=0.448 position2=0.350 position3=0.419 
mean GC cladocera: all positions=0.425 position1=0.506 position2=0.393 position3=0.376 
mean GC notostraca: all positions=0.463 position1=0.506 position2=0.356 position3=0.528 

** impossible to compute Ks. saturation? **

mean number of non synonymous sites compared: 338.2
mean Ka cladocera: 0.464594
mean Ka notostraca: 0.398871
dKa: 0.065723	standard deviation (sd): 0.034099	ratio dKa/sd: 1.92741
exact probability (P): 0.0539365

