

## treatement of 3 lineages from file OG0005060.phy ##

equally weighted sequences:
> outgro:
ocin	0.5
tcas	0.5
> anostraca:
afra	1
> cladocera:
dmag	0.333333
dpul	0.333333
etex	0.333333

mean GC outgro: all positions=0.450 position1=0.467 position2=0.391 position3=0.493 
mean GC anostraca: all positions=0.409 position1=0.487 position2=0.415 position3=0.326 
mean GC cladocera: all positions=0.441 position1=0.510 position2=0.429 position3=0.385 

** impossible to compute Ks. saturation? **

mean number of non synonymous sites compared: 427.1
mean Ka anostraca: 0.165914
mean Ka cladocera: 0.171021
dKa: -0.00510685	standard deviation (sd): 0.0138397	ratio dKa/sd: -0.368999
exact probability (P): 0.712131

equally weighted sequences:
> outgro:
ocin	0.5
tcas	0.5
> anostraca:
afra	1
> notostraca:
lapu	0.125
lart	0.125
lcou	0.125
lubb	0.125
tcan	0.125
tita	0.125
tlon	0.125
tusa	0.125

mean GC outgro: all positions=0.450 position1=0.467 position2=0.391 position3=0.493 
mean GC anostraca: all positions=0.409 position1=0.487 position2=0.415 position3=0.326 
mean GC notostraca: all positions=0.496 position1=0.514 position2=0.439 position3=0.535 

** impossible to compute Ks. saturation? **

mean number of non synonymous sites compared: 425.8
mean Ka anostraca: 0.165914
mean Ka notostraca: 0.150049
dKa: 0.0158646	standard deviation (sd): 0.0144335	ratio dKa/sd: 1.09915
exact probability (P): 0.271709

equally weighted sequences:
> outgro:
ocin	0.5
tcas	0.5
> cladocera:
dmag	0.333333
dpul	0.333333
etex	0.333333
> notostraca:
lapu	0.125
lart	0.125
lcou	0.125
lubb	0.125
tcan	0.125
tita	0.125
tlon	0.125
tusa	0.125

mean GC outgro: all positions=0.450 position1=0.467 position2=0.391 position3=0.493 
mean GC cladocera: all positions=0.441 position1=0.510 position2=0.429 position3=0.385 
mean GC notostraca: all positions=0.496 position1=0.514 position2=0.439 position3=0.535 

** impossible to compute Ks. saturation? **

mean number of non synonymous sites compared: 427.5
mean Ka cladocera: 0.171021
mean Ka notostraca: 0.150049
dKa: 0.0209714	standard deviation (sd): 0.0123047	ratio dKa/sd: 1.70435
exact probability (P): 0.0883252

