

## treatement of 3 lineages from file OG0005572.phy ##

equally weighted sequences:
> outgro:
ocin	0.5
tcas	0.5
> anostraca:
afra	1
> cladocera:
dmag	0.333333
dpul	0.333333
etex	0.333333

mean GC outgro: all positions=0.534 position1=0.575 position2=0.442 position3=0.586 
mean GC anostraca: all positions=0.437 position1=0.561 position2=0.378 position3=0.372 
mean GC cladocera: all positions=0.551 position1=0.600 position2=0.396 position3=0.657 

** impossible to compute Ks. saturation? **

mean number of non synonymous sites compared: 355.2
mean Ka anostraca: 0.281815
mean Ka cladocera: 0.256869
dKa: 0.0249466	standard deviation (sd): 0.0252069	ratio dKa/sd: 0.989673
exact probability (P): 0.322341

equally weighted sequences:
> outgro:
ocin	0.5
tcas	0.5
> anostraca:
afra	1
> notostraca:
lapu	0.125
lart	0.125
lcou	0.125
lubb	0.125
tcan	0.125
tita	0.125
tlon	0.125
tusa	0.125

mean GC outgro: all positions=0.534 position1=0.575 position2=0.442 position3=0.586 
mean GC anostraca: all positions=0.437 position1=0.561 position2=0.378 position3=0.372 
mean GC notostraca: all positions=0.479 position1=0.528 position2=0.419 position3=0.490 

** impossible to compute Ks. saturation? **

mean number of non synonymous sites compared: 354.5
mean Ka anostraca: 0.281815
mean Ka notostraca: 0.264041
dKa: 0.0177748	standard deviation (sd): 0.0266085	ratio dKa/sd: 0.668012
exact probability (P): 0.504131

equally weighted sequences:
> outgro:
ocin	0.5
tcas	0.5
> cladocera:
dmag	0.333333
dpul	0.333333
etex	0.333333
> notostraca:
lapu	0.125
lart	0.125
lcou	0.125
lubb	0.125
tcan	0.125
tita	0.125
tlon	0.125
tusa	0.125

mean GC outgro: all positions=0.534 position1=0.575 position2=0.442 position3=0.586 
mean GC cladocera: all positions=0.551 position1=0.600 position2=0.396 position3=0.657 
mean GC notostraca: all positions=0.479 position1=0.528 position2=0.419 position3=0.490 

** impossible to compute Ks. saturation? **

mean number of non synonymous sites compared: 361.0
mean Ka cladocera: 0.256869
mean Ka notostraca: 0.264041
dKa: -0.00717178	standard deviation (sd): 0.0206917	ratio dKa/sd: -0.346602
exact probability (P): 0.728892

