

## treatement of 3 lineages from file OG0005567.phy ##

equally weighted sequences:
> outgro:
ocin	0.5
tcas	0.5
> anostraca:
afra	1
> cladocera:
dmag	0.333333
dpul	0.333333
etex	0.333333

mean GC outgro: all positions=0.400 position1=0.485 position2=0.255 position3=0.461 
mean GC anostraca: all positions=0.387 position1=0.552 position2=0.241 position3=0.369 
mean GC cladocera: all positions=0.415 position1=0.560 position2=0.264 position3=0.422 

** impossible to compute Ks. saturation? **

mean number of non synonymous sites compared: 490.1
mean Ka anostraca: 0.752556
mean Ka cladocera: 0.732937
dKa: 0.0196197	standard deviation (sd): 0.0455426	ratio dKa/sd: 0.430799
exact probability (P): 0.666618

equally weighted sequences:
> outgro:
ocin	0.5
tcas	0.5
> anostraca:
afra	1
> notostraca:
lapu	0.125
lart	0.125
lcou	0.125
lubb	0.125
tcan	0.125
tita	0.125
tlon	0.125
tusa	0.125

mean GC outgro: all positions=0.400 position1=0.485 position2=0.255 position3=0.461 
mean GC anostraca: all positions=0.387 position1=0.552 position2=0.241 position3=0.369 
mean GC notostraca: all positions=0.428 position1=0.549 position2=0.286 position3=0.450 

** impossible to compute Ks. saturation? **

mean number of non synonymous sites compared: 493.2
mean Ka anostraca: 0.752556
mean Ka notostraca: 0.74283
dKa: 0.00972578	standard deviation (sd): 0.0507916	ratio dKa/sd: 0.191484
exact probability (P): 0.848147

equally weighted sequences:
> outgro:
ocin	0.5
tcas	0.5
> cladocera:
dmag	0.333333
dpul	0.333333
etex	0.333333
> notostraca:
lapu	0.125
lart	0.125
lcou	0.125
lubb	0.125
tcan	0.125
tita	0.125
tlon	0.125
tusa	0.125

mean GC outgro: all positions=0.400 position1=0.485 position2=0.255 position3=0.461 
mean GC cladocera: all positions=0.415 position1=0.560 position2=0.264 position3=0.422 
mean GC notostraca: all positions=0.428 position1=0.549 position2=0.286 position3=0.450 

** impossible to compute Ks. saturation? **

mean number of non synonymous sites compared: 487.9
mean Ka cladocera: 0.732937
mean Ka notostraca: 0.74283
dKa: -0.0098939	standard deviation (sd): 0.0406989	ratio dKa/sd: -0.2431
exact probability (P): 0.80793

