

## treatement of 3 lineages from file OG0005280.phy ##

equally weighted sequences:
> outgro:
ocin	0.5
tcas	0.5
> anostraca:
afra	1
> cladocera:
dmag	0.333333
dpul	0.333333
etex	0.333333

mean GC outgro: all positions=0.483 position1=0.628 position2=0.376 position3=0.445 
mean GC anostraca: all positions=0.456 position1=0.624 position2=0.385 position3=0.358 
mean GC cladocera: all positions=0.471 position1=0.624 position2=0.416 position3=0.373 

** impossible to compute Ks. saturation? **

mean number of non synonymous sites compared: 212.7
mean Ka anostraca: 0.284614
mean Ka cladocera: 0.3344
dKa: -0.0497857	standard deviation (sd): 0.0380182	ratio dKa/sd: -1.30952
exact probability (P): 0.190364

equally weighted sequences:
> outgro:
ocin	0.5
tcas	0.5
> anostraca:
afra	1
> notostraca:
lapu	0.125
lart	0.125
lcou	0.125
lubb	0.125
tcan	0.125
tita	0.125
tlon	0.125
tusa	0.125

mean GC outgro: all positions=0.483 position1=0.628 position2=0.376 position3=0.445 
mean GC anostraca: all positions=0.456 position1=0.624 position2=0.385 position3=0.358 
mean GC notostraca: all positions=0.493 position1=0.620 position2=0.396 position3=0.463 

** impossible to compute Ks. saturation? **

mean number of non synonymous sites compared: 209.1
mean Ka anostraca: 0.284614
mean Ka notostraca: 0.265485
dKa: 0.0191288	standard deviation (sd): 0.0365119	ratio dKa/sd: 0.523906
exact probability (P): 0.600348

equally weighted sequences:
> outgro:
ocin	0.5
tcas	0.5
> cladocera:
dmag	0.333333
dpul	0.333333
etex	0.333333
> notostraca:
lapu	0.125
lart	0.125
lcou	0.125
lubb	0.125
tcan	0.125
tita	0.125
tlon	0.125
tusa	0.125

mean GC outgro: all positions=0.483 position1=0.628 position2=0.376 position3=0.445 
mean GC cladocera: all positions=0.471 position1=0.624 position2=0.416 position3=0.373 
mean GC notostraca: all positions=0.493 position1=0.620 position2=0.396 position3=0.463 

** impossible to compute Ks. saturation? **

mean number of non synonymous sites compared: 213.1
mean Ka cladocera: 0.3344
mean Ka notostraca: 0.265485
dKa: 0.0689145	standard deviation (sd): 0.0333738	ratio dKa/sd: 2.06493
exact probability (P): 0.0389381

