

## treatement of 3 lineages from file OG0005116.phy ##

equally weighted sequences:
> outgro:
ocin	0.5
tcas	0.5
> anostraca:
afra	1
> cladocera:
dmag	0.333333
dpul	0.333333
etex	0.333333

mean GC outgro: all positions=0.481 position1=0.519 position2=0.449 position3=0.477 
mean GC anostraca: all positions=0.430 position1=0.505 position2=0.439 position3=0.346 
mean GC cladocera: all positions=0.490 position1=0.533 position2=0.421 position3=0.517 

** impossible to compute Ks. saturation? **

mean number of non synonymous sites compared: 212.3
mean Ka anostraca: 0.0555797
mean Ka cladocera: 0.0625527
dKa: -0.00697298	standard deviation (sd): 0.0115159	ratio dKa/sd: -0.605509
exact probability (P): 0.544845

equally weighted sequences:
> outgro:
ocin	0.5
tcas	0.5
> anostraca:
afra	1
> notostraca:
lapu	0.125
lart	0.125
lcou	0.125
lubb	0.125
tcan	0.125
tita	0.125
tlon	0.125
tusa	0.125

mean GC outgro: all positions=0.481 position1=0.519 position2=0.449 position3=0.477 
mean GC anostraca: all positions=0.430 position1=0.505 position2=0.439 position3=0.346 
mean GC notostraca: all positions=0.500 position1=0.519 position2=0.430 position3=0.551 

** impossible to compute Ks. saturation? **

mean number of non synonymous sites compared: 212.5
mean Ka anostraca: 0.0555797
mean Ka notostraca: 0.0530594
dKa: 0.00252032	standard deviation (sd): 0.0109406	ratio dKa/sd: 0.230364
exact probability (P): 0.817811

equally weighted sequences:
> outgro:
ocin	0.5
tcas	0.5
> cladocera:
dmag	0.333333
dpul	0.333333
etex	0.333333
> notostraca:
lapu	0.125
lart	0.125
lcou	0.125
lubb	0.125
tcan	0.125
tita	0.125
tlon	0.125
tusa	0.125

mean GC outgro: all positions=0.481 position1=0.519 position2=0.449 position3=0.477 
mean GC cladocera: all positions=0.490 position1=0.533 position2=0.421 position3=0.517 
mean GC notostraca: all positions=0.500 position1=0.519 position2=0.430 position3=0.551 

** impossible to compute Ks. saturation? **

mean number of non synonymous sites compared: 212.4
mean Ka cladocera: 0.0625527
mean Ka notostraca: 0.0530594
dKa: 0.0094933	standard deviation (sd): 0.00836076	ratio dKa/sd: 1.13546
exact probability (P): 0.256191

