

## treatement of 3 lineages from file OG0005098.phy ##

equally weighted sequences:
> outgro:
ocin	0.5
tcas	0.5
> anostraca:
afra	1
> cladocera:
dmag	0.333333
dpul	0.333333
etex	0.333333

mean GC outgro: all positions=0.429 position1=0.500 position2=0.352 position3=0.435 
mean GC anostraca: all positions=0.401 position1=0.493 position2=0.368 position3=0.341 
mean GC cladocera: all positions=0.435 position1=0.564 position2=0.339 position3=0.402 

** impossible to compute Ks. saturation? **

mean number of non synonymous sites compared: 439.1
mean Ka anostraca: 0.264574
mean Ka cladocera: 0.230844
dKa: 0.0337299	standard deviation (sd): 0.0231165	ratio dKa/sd: 1.45913
exact probability (P): 0.144538

equally weighted sequences:
> outgro:
ocin	0.5
tcas	0.5
> anostraca:
afra	1
> notostraca:
lapu	0.125
lart	0.125
lcou	0.125
lubb	0.125
tcan	0.125
tita	0.125
tlon	0.125
tusa	0.125

mean GC outgro: all positions=0.429 position1=0.500 position2=0.352 position3=0.435 
mean GC anostraca: all positions=0.401 position1=0.493 position2=0.368 position3=0.341 
mean GC notostraca: all positions=0.428 position1=0.520 position2=0.335 position3=0.428 

** impossible to compute Ks. saturation? **

mean number of non synonymous sites compared: 442.3
mean Ka anostraca: 0.264574
mean Ka notostraca: 0.256148
dKa: 0.00842548	standard deviation (sd): 0.0258077	ratio dKa/sd: 0.326472
exact probability (P): 0.74407

equally weighted sequences:
> outgro:
ocin	0.5
tcas	0.5
> cladocera:
dmag	0.333333
dpul	0.333333
etex	0.333333
> notostraca:
lapu	0.125
lart	0.125
lcou	0.125
lubb	0.125
tcan	0.125
tita	0.125
tlon	0.125
tusa	0.125

mean GC outgro: all positions=0.429 position1=0.500 position2=0.352 position3=0.435 
mean GC cladocera: all positions=0.435 position1=0.564 position2=0.339 position3=0.402 
mean GC notostraca: all positions=0.428 position1=0.520 position2=0.335 position3=0.428 

** impossible to compute Ks. saturation? **

mean number of non synonymous sites compared: 438.2
mean Ka cladocera: 0.230844
mean Ka notostraca: 0.256148
dKa: -0.0253044	standard deviation (sd): 0.0197373	ratio dKa/sd: -1.28206
exact probability (P): 0.199831

