

## treatement of 3 lineages from file OG0004960.phy ##

equally weighted sequences:
> outgro:
ocin	0.5
tcas	0.5
> anostraca:
afra	1
> cladocera:
dmag	0.333333
dpul	0.333333
etex	0.333333

mean GC outgro: all positions=0.423 position1=0.505 position2=0.321 position3=0.443 
mean GC anostraca: all positions=0.392 position1=0.506 position2=0.354 position3=0.315 
mean GC cladocera: all positions=0.434 position1=0.542 position2=0.303 position3=0.456 

** impossible to compute Ks. saturation? **

mean number of non synonymous sites compared: 599.0
mean Ka anostraca: 0.294977
mean Ka cladocera: 0.282923
dKa: 0.0120539	standard deviation (sd): 0.0207301	ratio dKa/sd: 0.581467
exact probability (P): 0.56093

equally weighted sequences:
> outgro:
ocin	0.5
tcas	0.5
> anostraca:
afra	1
> notostraca:
lapu	0.125
lart	0.125
lcou	0.125
lubb	0.125
tcan	0.125
tita	0.125
tlon	0.125
tusa	0.125

mean GC outgro: all positions=0.423 position1=0.505 position2=0.321 position3=0.443 
mean GC anostraca: all positions=0.392 position1=0.506 position2=0.354 position3=0.315 
mean GC notostraca: all positions=0.444 position1=0.541 position2=0.332 position3=0.461 

** impossible to compute Ks. saturation? **

mean number of non synonymous sites compared: 599.3
mean Ka anostraca: 0.294977
mean Ka notostraca: 0.265159
dKa: 0.0298174	standard deviation (sd): 0.021517	ratio dKa/sd: 1.38576
exact probability (P): 0.16583

equally weighted sequences:
> outgro:
ocin	0.5
tcas	0.5
> cladocera:
dmag	0.333333
dpul	0.333333
etex	0.333333
> notostraca:
lapu	0.125
lart	0.125
lcou	0.125
lubb	0.125
tcan	0.125
tita	0.125
tlon	0.125
tusa	0.125

mean GC outgro: all positions=0.423 position1=0.505 position2=0.321 position3=0.443 
mean GC cladocera: all positions=0.434 position1=0.542 position2=0.303 position3=0.456 
mean GC notostraca: all positions=0.444 position1=0.541 position2=0.332 position3=0.461 

** impossible to compute Ks. saturation? **

mean number of non synonymous sites compared: 598.8
mean Ka cladocera: 0.282923
mean Ka notostraca: 0.265159
dKa: 0.0177635	standard deviation (sd): 0.0170203	ratio dKa/sd: 1.04367
exact probability (P): 0.296646

