

## treatement of 3 lineages from file OG0006401.phy ##

equally weighted sequences:
> outgro:
ocin	0.5
tcas	0.5
> anostraca:
afra	1
> cladocera:
dmag	0.5
dpul	0.5

mean GC outgro: all positions=0.413 position1=0.425 position2=0.445 position3=0.370 
mean GC anostraca: all positions=0.416 position1=0.411 position2=0.479 position3=0.356 
mean GC cladocera: all positions=0.386 position1=0.404 position2=0.397 position3=0.356 

** impossible to compute Ks. saturation? **

mean number of non synonymous sites compared: 158.5
mean Ka anostraca: 0.720766
mean Ka cladocera: 0.534598
dKa: 0.186167	standard deviation (sd): 0.09093	ratio dKa/sd: 2.04737
exact probability (P): 0.0406295

equally weighted sequences:
> outgro:
ocin	0.5
tcas	0.5
> anostraca:
afra	1
> notostraca:
lapu	0.125
lart	0.125
lcou	0.125
lubb	0.125
tcan	0.125
tita	0.125
tlon	0.125
tusa	0.125

mean GC outgro: all positions=0.413 position1=0.425 position2=0.445 position3=0.370 
mean GC anostraca: all positions=0.416 position1=0.411 position2=0.479 position3=0.356 
mean GC notostraca: all positions=0.396 position1=0.360 position2=0.425 position3=0.404 

** impossible to compute Ks. saturation? **

mean number of non synonymous sites compared: 158.2
mean Ka anostraca: 0.720766
mean Ka notostraca: 0.463939
dKa: 0.256826	standard deviation (sd): 0.086886	ratio dKa/sd: 2.9559
exact probability (P): 0.00312242

equally weighted sequences:
> outgro:
ocin	0.5
tcas	0.5
> cladocera:
dmag	0.5
dpul	0.5
> notostraca:
lapu	0.125
lart	0.125
lcou	0.125
lubb	0.125
tcan	0.125
tita	0.125
tlon	0.125
tusa	0.125

mean GC outgro: all positions=0.413 position1=0.425 position2=0.445 position3=0.370 
mean GC cladocera: all positions=0.386 position1=0.404 position2=0.397 position3=0.356 
mean GC notostraca: all positions=0.396 position1=0.360 position2=0.425 position3=0.404 

** impossible to compute Ks. saturation? **

mean number of non synonymous sites compared: 156.7
mean Ka cladocera: 0.534598
mean Ka notostraca: 0.463939
dKa: 0.070659	standard deviation (sd): 0.0592653	ratio dKa/sd: 1.19225
exact probability (P): 0.233172

