

## treatement of 3 lineages from file OG0004963.phy ##

equally weighted sequences:
> outgro:
ocin	0.5
tcas	0.5
> anostraca:
afra	1
> cladocera:
dmag	0.333333
dpul	0.333333
etex	0.333333

mean GC outgro: all positions=0.464 position1=0.539 position2=0.327 position3=0.526 
mean GC anostraca: all positions=0.393 position1=0.494 position2=0.329 position3=0.356 
mean GC cladocera: all positions=0.485 position1=0.568 position2=0.346 position3=0.541 

** impossible to compute Ks. saturation? **

mean number of non synonymous sites compared: 805.7
mean Ka anostraca: 0.480076
mean Ka cladocera: 0.305636
dKa: 0.174439	standard deviation (sd): 0.0279821	ratio dKa/sd: 6.23396
exact probability (P): 1e-07

equally weighted sequences:
> outgro:
ocin	0.5
tcas	0.5
> anostraca:
afra	1
> notostraca:
lapu	0.125
lart	0.125
lcou	0.125
lubb	0.125
tcan	0.125
tita	0.125
tlon	0.125
tusa	0.125

mean GC outgro: all positions=0.464 position1=0.539 position2=0.327 position3=0.526 
mean GC anostraca: all positions=0.393 position1=0.494 position2=0.329 position3=0.356 
mean GC notostraca: all positions=0.489 position1=0.573 position2=0.337 position3=0.557 

** impossible to compute Ks. saturation? **

mean number of non synonymous sites compared: 810.7
mean Ka anostraca: 0.480076
mean Ka notostraca: 0.281019
dKa: 0.199056	standard deviation (sd): 0.028545	ratio dKa/sd: 6.97343
exact probability (P): 1e-07

equally weighted sequences:
> outgro:
ocin	0.5
tcas	0.5
> cladocera:
dmag	0.333333
dpul	0.333333
etex	0.333333
> notostraca:
lapu	0.125
lart	0.125
lcou	0.125
lubb	0.125
tcan	0.125
tita	0.125
tlon	0.125
tusa	0.125

mean GC outgro: all positions=0.464 position1=0.539 position2=0.327 position3=0.526 
mean GC cladocera: all positions=0.485 position1=0.568 position2=0.346 position3=0.541 
mean GC notostraca: all positions=0.489 position1=0.573 position2=0.337 position3=0.557 

** impossible to compute Ks. saturation? **

mean number of non synonymous sites compared: 809.4
mean Ka cladocera: 0.305636
mean Ka notostraca: 0.281019
dKa: 0.024617	standard deviation (sd): 0.0145684	ratio dKa/sd: 1.68975
exact probability (P): 0.0910837

