

## treatement of 3 lineages from file OG0005492.phy ##

equally weighted sequences:
> outgro:
ocin	0.5
tcas	0.5
> anostraca:
afra	1
> cladocera:
dmag	0.333333
dpul	0.333333
etex	0.333333

mean GC outgro: all positions=0.438 position1=0.473 position2=0.311 position3=0.529 
mean GC anostraca: all positions=0.399 position1=0.450 position2=0.324 position3=0.424 
mean GC cladocera: all positions=0.497 position1=0.478 position2=0.321 position3=0.693 

** impossible to compute Ks. saturation? **

mean number of non synonymous sites compared: 478.7
mean Ka anostraca: 0.245942
mean Ka cladocera: 0.24448
dKa: 0.00146254	standard deviation (sd): 0.0198756	ratio dKa/sd: 0.0735848
exact probability (P): 0.941341

equally weighted sequences:
> outgro:
ocin	0.5
tcas	0.5
> anostraca:
afra	1
> notostraca:
lapu	0.125
lart	0.125
lcou	0.125
lubb	0.125
tcan	0.125
tita	0.125
tlon	0.125
tusa	0.125

mean GC outgro: all positions=0.438 position1=0.473 position2=0.311 position3=0.529 
mean GC anostraca: all positions=0.399 position1=0.450 position2=0.324 position3=0.424 
mean GC notostraca: all positions=0.445 position1=0.467 position2=0.304 position3=0.563 

** impossible to compute Ks. saturation? **

mean number of non synonymous sites compared: 477.8
mean Ka anostraca: 0.245942
mean Ka notostraca: 0.252594
dKa: -0.00665175	standard deviation (sd): 0.0206958	ratio dKa/sd: -0.321406
exact probability (P): 0.747905

equally weighted sequences:
> outgro:
ocin	0.5
tcas	0.5
> cladocera:
dmag	0.333333
dpul	0.333333
etex	0.333333
> notostraca:
lapu	0.125
lart	0.125
lcou	0.125
lubb	0.125
tcan	0.125
tita	0.125
tlon	0.125
tusa	0.125

mean GC outgro: all positions=0.438 position1=0.473 position2=0.311 position3=0.529 
mean GC cladocera: all positions=0.497 position1=0.478 position2=0.321 position3=0.693 
mean GC notostraca: all positions=0.445 position1=0.467 position2=0.304 position3=0.563 

** impossible to compute Ks. saturation? **

mean number of non synonymous sites compared: 478.1
mean Ka cladocera: 0.24448
mean Ka notostraca: 0.252594
dKa: -0.00811429	standard deviation (sd): 0.0165835	ratio dKa/sd: -0.489298
exact probability (P): 0.624635

