

## treatement of 3 lineages from file OG0006417.phy ##

equally weighted sequences:
> outgro:
ocin	0.5
tcas	0.5
> anostraca:
afra	1
> cladocera:
dmag	0.333333
dpul	0.333333
etex	0.333333

mean GC outgro: all positions=0.542 position1=0.545 position2=0.377 position3=0.705 
mean GC anostraca: all positions=0.396 position1=0.525 position2=0.369 position3=0.295 
mean GC cladocera: all positions=0.450 position1=0.557 position2=0.374 position3=0.418 

** impossible to compute Ks. saturation? **

mean number of non synonymous sites compared: 239.3
mean Ka anostraca: 0.465013
mean Ka cladocera: 0.436492
dKa: 0.028521	standard deviation (sd): 0.0434102	ratio dKa/sd: 0.657011
exact probability (P): 0.511179

equally weighted sequences:
> outgro:
ocin	0.5
tcas	0.5
> anostraca:
afra	1
> notostraca:
lart	0.142857
lcou	0.142857
lubb	0.142857
tcan	0.142857
tita	0.142857
tlon	0.142857
tusa	0.142857

mean GC outgro: all positions=0.542 position1=0.545 position2=0.377 position3=0.705 
mean GC anostraca: all positions=0.396 position1=0.525 position2=0.369 position3=0.295 
mean GC notostraca: all positions=0.471 position1=0.528 position2=0.391 position3=0.493 

** impossible to compute Ks. saturation? **

mean number of non synonymous sites compared: 239.5
mean Ka anostraca: 0.465013
mean Ka notostraca: 0.431535
dKa: 0.0334779	standard deviation (sd): 0.0450932	ratio dKa/sd: 0.742416
exact probability (P): 0.457839

equally weighted sequences:
> outgro:
ocin	0.5
tcas	0.5
> cladocera:
dmag	0.333333
dpul	0.333333
etex	0.333333
> notostraca:
lart	0.142857
lcou	0.142857
lubb	0.142857
tcan	0.142857
tita	0.142857
tlon	0.142857
tusa	0.142857

mean GC outgro: all positions=0.542 position1=0.545 position2=0.377 position3=0.705 
mean GC cladocera: all positions=0.450 position1=0.557 position2=0.374 position3=0.418 
mean GC notostraca: all positions=0.471 position1=0.528 position2=0.391 position3=0.493 

** impossible to compute Ks. saturation? **

mean number of non synonymous sites compared: 242.2
mean Ka cladocera: 0.436492
mean Ka notostraca: 0.431535
dKa: 0.00495695	standard deviation (sd): 0.0377842	ratio dKa/sd: 0.131191
exact probability (P): 0.895625

