

## treatement of 3 lineages from file OG0005006.phy ##

equally weighted sequences:
> outgro:
ocin	0.5
tcas	0.5
> anostraca:
afra	1
> cladocera:
dmag	0.333333
dpul	0.333333
etex	0.333333

mean GC outgro: all positions=0.494 position1=0.599 position2=0.339 position3=0.544 
mean GC anostraca: all positions=0.399 position1=0.511 position2=0.307 position3=0.380 
mean GC cladocera: all positions=0.453 position1=0.659 position2=0.314 position3=0.384 

** impossible to compute Ks. saturation? **

mean number of non synonymous sites compared: 263.3
mean Ka anostraca: 0.580525
mean Ka cladocera: 0.477628
dKa: 0.102897	standard deviation (sd): 0.0514376	ratio dKa/sd: 2.00042
exact probability (P): 0.0454638

equally weighted sequences:
> outgro:
ocin	0.5
tcas	0.5
> anostraca:
afra	1
> notostraca:
lapu	0.125
lart	0.125
lcou	0.125
lubb	0.125
tcan	0.125
tita	0.125
tlon	0.125
tusa	0.125

mean GC outgro: all positions=0.494 position1=0.599 position2=0.339 position3=0.544 
mean GC anostraca: all positions=0.399 position1=0.511 position2=0.307 position3=0.380 
mean GC notostraca: all positions=0.450 position1=0.623 position2=0.336 position3=0.392 

** impossible to compute Ks. saturation? **

mean number of non synonymous sites compared: 260.7
mean Ka anostraca: 0.580525
mean Ka notostraca: 0.438899
dKa: 0.141626	standard deviation (sd): 0.0514576	ratio dKa/sd: 2.75229
exact probability (P): 0.00592362

equally weighted sequences:
> outgro:
ocin	0.5
tcas	0.5
> cladocera:
dmag	0.333333
dpul	0.333333
etex	0.333333
> notostraca:
lapu	0.125
lart	0.125
lcou	0.125
lubb	0.125
tcan	0.125
tita	0.125
tlon	0.125
tusa	0.125

mean GC outgro: all positions=0.494 position1=0.599 position2=0.339 position3=0.544 
mean GC cladocera: all positions=0.453 position1=0.659 position2=0.314 position3=0.384 
mean GC notostraca: all positions=0.450 position1=0.623 position2=0.336 position3=0.392 

** impossible to compute Ks. saturation? **

mean number of non synonymous sites compared: 263.5
mean Ka cladocera: 0.477628
mean Ka notostraca: 0.438899
dKa: 0.0387294	standard deviation (sd): 0.0360939	ratio dKa/sd: 1.07302
exact probability (P): 0.28327

