

## treatement of 3 lineages from file OG0006949.phy ##

equally weighted sequences:
> outgro:
ocin	1
> anostraca:
afra	1
> cladocera:
dmag	0.333333
dpul	0.333333
etex	0.333333

mean GC outgro: all positions=0.490 position1=0.471 position2=0.420 position3=0.580 
mean GC anostraca: all positions=0.375 position1=0.462 position2=0.370 position3=0.294 
mean GC cladocera: all positions=0.468 position1=0.459 position2=0.401 position3=0.543 

** impossible to compute Ks. saturation? **

mean number of non synonymous sites compared: 226.8
mean Ka anostraca: 0.665292
mean Ka cladocera: 0.622279
dKa: 0.0430124	standard deviation (sd): 0.0754686	ratio dKa/sd: 0.569937
exact probability (P): 0.568724

equally weighted sequences:
> outgro:
ocin	1
> anostraca:
afra	1
> notostraca:
lapu	0.142857
lart	0.142857
lcou	0.142857
tcan	0.142857
tita	0.142857
tlon	0.142857
tusa	0.142857

mean GC outgro: all positions=0.490 position1=0.471 position2=0.420 position3=0.580 
mean GC anostraca: all positions=0.375 position1=0.462 position2=0.370 position3=0.294 
mean GC notostraca: all positions=0.432 position1=0.447 position2=0.399 position3=0.451 

** impossible to compute Ks. saturation? **

mean number of non synonymous sites compared: 224.2
mean Ka anostraca: 0.665292
mean Ka notostraca: 0.616989
dKa: 0.0483022	standard deviation (sd): 0.0790832	ratio dKa/sd: 0.610777
exact probability (P): 0.541352

equally weighted sequences:
> outgro:
ocin	1
> cladocera:
dmag	0.333333
dpul	0.333333
etex	0.333333
> notostraca:
lapu	0.142857
lart	0.142857
lcou	0.142857
tcan	0.142857
tita	0.142857
tlon	0.142857
tusa	0.142857

mean GC outgro: all positions=0.490 position1=0.471 position2=0.420 position3=0.580 
mean GC cladocera: all positions=0.468 position1=0.459 position2=0.401 position3=0.543 
mean GC notostraca: all positions=0.432 position1=0.447 position2=0.399 position3=0.451 

** impossible to compute Ks. saturation? **

mean number of non synonymous sites compared: 227.0
mean Ka cladocera: 0.622279
mean Ka notostraca: 0.616989
dKa: 0.00528984	standard deviation (sd): 0.0621646	ratio dKa/sd: 0.0850941
exact probability (P): 0.932187

