

## treatement of 3 lineages from file OG0007574.phy ##

equally weighted sequences:
> outgro:
ocin	1
> anostraca:
afra	1
> cladocera:
dpul	1

mean GC outgro: all positions=0.402 position1=0.439 position2=0.337 position3=0.431 
mean GC anostraca: all positions=0.354 position1=0.443 position2=0.297 position3=0.321 
mean GC cladocera: all positions=0.408 position1=0.516 position2=0.333 position3=0.374 

** impossible to compute Ks. saturation? **

mean number of non synonymous sites compared: 492.8
mean Ka anostraca: 0.39898
mean Ka cladocera: 0.482939
dKa: -0.0839593	standard deviation (sd): 0.0371997	ratio dKa/sd: -2.25699
exact probability (P): 0.0240172

equally weighted sequences:
> outgro:
ocin	1
> anostraca:
afra	1
> notostraca:
lapu	0.125
lart	0.125
lcou	0.125
lubb	0.125
tcan	0.125
tita	0.125
tlon	0.125
tusa	0.125

mean GC outgro: all positions=0.402 position1=0.439 position2=0.337 position3=0.431 
mean GC anostraca: all positions=0.354 position1=0.443 position2=0.297 position3=0.321 
mean GC notostraca: all positions=0.448 position1=0.512 position2=0.354 position3=0.478 

** impossible to compute Ks. saturation? **

mean number of non synonymous sites compared: 483.9
mean Ka anostraca: 0.39898
mean Ka notostraca: 0.393539
dKa: 0.00544057	standard deviation (sd): 0.0327038	ratio dKa/sd: 0.166359
exact probability (P): 0.867876

equally weighted sequences:
> outgro:
ocin	1
> cladocera:
dpul	1
> notostraca:
lapu	0.125
lart	0.125
lcou	0.125
lubb	0.125
tcan	0.125
tita	0.125
tlon	0.125
tusa	0.125

mean GC outgro: all positions=0.402 position1=0.439 position2=0.337 position3=0.431 
mean GC cladocera: all positions=0.408 position1=0.516 position2=0.333 position3=0.374 
mean GC notostraca: all positions=0.448 position1=0.512 position2=0.354 position3=0.478 

** impossible to compute Ks. saturation? **

mean number of non synonymous sites compared: 483.2
mean Ka cladocera: 0.482939
mean Ka notostraca: 0.393539
dKa: 0.0893999	standard deviation (sd): 0.035148	ratio dKa/sd: 2.54352
exact probability (P): 0.0109811

