

## treatement of 3 lineages from file OG0009604.phy ##

equally weighted sequences:
> outgro:
ocin	0.5
tcas	0.5
> anostraca:
afra	1
> cladocera:
dmag	0.5
dpul	0.5

mean GC outgro: all positions=0.443 position1=0.477 position2=0.375 position3=0.477 
mean GC anostraca: all positions=0.348 position1=0.477 position2=0.273 position3=0.295 
mean GC cladocera: all positions=0.360 position1=0.523 position2=0.295 position3=0.261 

** impossible to compute Ks. saturation? **

mean number of non synonymous sites compared: 88.0
mean Ka anostraca: 0.818363
mean Ka cladocera: 0.634104
dKa: 0.18426	standard deviation (sd): 0.121726	ratio dKa/sd: 1.51372
exact probability (P): 0.130105

equally weighted sequences:
> outgro:
ocin	0.5
tcas	0.5
> anostraca:
afra	1
> notostraca:
lapu	0.5
lubb	0.5

mean GC outgro: all positions=0.443 position1=0.477 position2=0.375 position3=0.477 
mean GC anostraca: all positions=0.348 position1=0.477 position2=0.273 position3=0.295 
mean GC notostraca: all positions=0.398 position1=0.500 position2=0.364 position3=0.330 

** impossible to compute Ks. saturation? **

mean number of non synonymous sites compared: 89.8
mean Ka anostraca: 0.818363
mean Ka notostraca: 0.849155
dKa: -0.0307913	standard deviation (sd): 0.153449	ratio dKa/sd: -0.200662
exact probability (P): 0.840964

equally weighted sequences:
> outgro:
ocin	0.5
tcas	0.5
> cladocera:
dmag	0.5
dpul	0.5
> notostraca:
lapu	0.5
lubb	0.5

mean GC outgro: all positions=0.443 position1=0.477 position2=0.375 position3=0.477 
mean GC cladocera: all positions=0.360 position1=0.523 position2=0.295 position3=0.261 
mean GC notostraca: all positions=0.398 position1=0.500 position2=0.364 position3=0.330 

** impossible to compute Ks. saturation? **

mean number of non synonymous sites compared: 89.1
mean Ka cladocera: 0.634104
mean Ka notostraca: 0.849155
dKa: -0.215051	standard deviation (sd): 0.118658	ratio dKa/sd: -1.81236
exact probability (P): 0.069939

