

## treatement of 3 lineages from file OG0007439.phy ##

equally weighted sequences:
> outgro:
ocin	0.5
tcas	0.5
> anostraca:
afra	1
> cladocera:
dmag	0.333333
dpul	0.333333
etex	0.333333

mean GC outgro: all positions=0.453 position1=0.580 position2=0.340 position3=0.440 
mean GC anostraca: all positions=0.453 position1=0.720 position2=0.400 position3=0.240 
mean GC cladocera: all positions=0.449 position1=0.640 position2=0.333 position3=0.373 

** impossible to compute Ks. saturation? **

mean number of non synonymous sites compared: 51.6
mean Ka anostraca: 0.34467
mean Ka cladocera: 0.311188
dKa: 0.0334822	standard deviation (sd): 0.0754203	ratio dKa/sd: 0.443941
exact probability (P): 0.657089

equally weighted sequences:
> outgro:
ocin	0.5
tcas	0.5
> anostraca:
afra	1
> notostraca:
lcou	0.2
tcan	0.2
tita	0.2
tlon	0.2
tusa	0.2

mean GC outgro: all positions=0.453 position1=0.580 position2=0.340 position3=0.440 
mean GC anostraca: all positions=0.453 position1=0.720 position2=0.400 position3=0.240 
mean GC notostraca: all positions=0.507 position1=0.704 position2=0.360 position3=0.456 

** impossible to compute Ks. saturation? **

mean number of non synonymous sites compared: 51.0
mean Ka anostraca: 0.34467
mean Ka notostraca: 0.219007
dKa: 0.125663	standard deviation (sd): 0.0612635	ratio dKa/sd: 2.05119
exact probability (P): 0.0402569

equally weighted sequences:
> outgro:
ocin	0.5
tcas	0.5
> cladocera:
dmag	0.333333
dpul	0.333333
etex	0.333333
> notostraca:
lcou	0.2
tcan	0.2
tita	0.2
tlon	0.2
tusa	0.2

mean GC outgro: all positions=0.453 position1=0.580 position2=0.340 position3=0.440 
mean GC cladocera: all positions=0.449 position1=0.640 position2=0.333 position3=0.373 
mean GC notostraca: all positions=0.507 position1=0.704 position2=0.360 position3=0.456 

** impossible to compute Ks. saturation? **

mean number of non synonymous sites compared: 50.5
mean Ka cladocera: 0.311188
mean Ka notostraca: 0.219007
dKa: 0.0921809	standard deviation (sd): 0.0380008	ratio dKa/sd: 2.42576
exact probability (P): 0.0152839

