

## treatement of 3 lineages from file OG0005138.phy ##

equally weighted sequences:
> outgro:
ocin	0.5
tcas	0.5
> anostraca:
afra	1
> cladocera:
dmag	0.333333
dpul	0.333333
etex	0.333333

mean GC outgro: all positions=0.486 position1=0.463 position2=0.439 position3=0.558 
mean GC anostraca: all positions=0.413 position1=0.517 position2=0.429 position3=0.293 
mean GC cladocera: all positions=0.438 position1=0.426 position2=0.410 position3=0.476 

** impossible to compute Ks. saturation? **

mean number of non synonymous sites compared: 295.8
mean Ka anostraca: 0.42233
mean Ka cladocera: 0.347217
dKa: 0.0751129	standard deviation (sd): 0.0357585	ratio dKa/sd: 2.10056
exact probability (P): 0.0356883

equally weighted sequences:
> outgro:
ocin	0.5
tcas	0.5
> anostraca:
afra	1
> notostraca:
lapu	0.125
lart	0.125
lcou	0.125
lubb	0.125
tcan	0.125
tita	0.125
tlon	0.125
tusa	0.125

mean GC outgro: all positions=0.486 position1=0.463 position2=0.439 position3=0.558 
mean GC anostraca: all positions=0.413 position1=0.517 position2=0.429 position3=0.293 
mean GC notostraca: all positions=0.465 position1=0.442 position2=0.409 position3=0.545 

** impossible to compute Ks. saturation? **

mean number of non synonymous sites compared: 299.7
mean Ka anostraca: 0.42233
mean Ka notostraca: 0.351719
dKa: 0.0706114	standard deviation (sd): 0.0376034	ratio dKa/sd: 1.87779
exact probability (P): 0.0604182

equally weighted sequences:
> outgro:
ocin	0.5
tcas	0.5
> cladocera:
dmag	0.333333
dpul	0.333333
etex	0.333333
> notostraca:
lapu	0.125
lart	0.125
lcou	0.125
lubb	0.125
tcan	0.125
tita	0.125
tlon	0.125
tusa	0.125

mean GC outgro: all positions=0.486 position1=0.463 position2=0.439 position3=0.558 
mean GC cladocera: all positions=0.438 position1=0.426 position2=0.410 position3=0.476 
mean GC notostraca: all positions=0.465 position1=0.442 position2=0.409 position3=0.545 

** impossible to compute Ks. saturation? **

mean number of non synonymous sites compared: 300.1
mean Ka cladocera: 0.347217
mean Ka notostraca: 0.351719
dKa: -0.00450147	standard deviation (sd): 0.0246513	ratio dKa/sd: -0.182606
exact probability (P): 0.855108

