

## treatement of 3 lineages from file OG0005356.phy ##

equally weighted sequences:
> outgro:
ocin	0.5
tcas	0.5
> anostraca:
afra	1
> cladocera:
dmag	0.333333
dpul	0.333333
etex	0.333333

mean GC outgro: all positions=0.448 position1=0.440 position2=0.410 position3=0.493 
mean GC anostraca: all positions=0.378 position1=0.493 position2=0.403 position3=0.239 
mean GC cladocera: all positions=0.390 position1=0.388 position2=0.353 position3=0.428 

** impossible to compute Ks. saturation? **

mean number of non synonymous sites compared: 134.0
mean Ka anostraca: 0.760297
mean Ka cladocera: 0.667782
dKa: 0.092515	standard deviation (sd): 0.0932299	ratio dKa/sd: 0.992332
exact probability (P): 0.321043

equally weighted sequences:
> outgro:
ocin	0.5
tcas	0.5
> anostraca:
afra	1
> notostraca:
lapu	0.125
lart	0.125
lcou	0.125
lubb	0.125
tcan	0.125
tita	0.125
tlon	0.125
tusa	0.125

mean GC outgro: all positions=0.448 position1=0.440 position2=0.410 position3=0.493 
mean GC anostraca: all positions=0.378 position1=0.493 position2=0.403 position3=0.239 
mean GC notostraca: all positions=0.431 position1=0.517 position2=0.351 position3=0.425 

** impossible to compute Ks. saturation? **

mean number of non synonymous sites compared: 135.7
mean Ka anostraca: 0.760297
mean Ka notostraca: 0.605368
dKa: 0.154929	standard deviation (sd): 0.0969806	ratio dKa/sd: 1.59752
exact probability (P): 0.110158

equally weighted sequences:
> outgro:
ocin	0.5
tcas	0.5
> cladocera:
dmag	0.333333
dpul	0.333333
etex	0.333333
> notostraca:
lapu	0.125
lart	0.125
lcou	0.125
lubb	0.125
tcan	0.125
tita	0.125
tlon	0.125
tusa	0.125

mean GC outgro: all positions=0.448 position1=0.440 position2=0.410 position3=0.493 
mean GC cladocera: all positions=0.390 position1=0.388 position2=0.353 position3=0.428 
mean GC notostraca: all positions=0.431 position1=0.517 position2=0.351 position3=0.425 

** impossible to compute Ks. saturation? **

mean number of non synonymous sites compared: 138.6
mean Ka cladocera: 0.667782
mean Ka notostraca: 0.605368
dKa: 0.0624138	standard deviation (sd): 0.064143	ratio dKa/sd: 0.973041
exact probability (P): 0.330537

