

## treatement of 3 lineages from file OG0006202.phy ##

equally weighted sequences:
> outgro:
tcas	1
> anostraca:
afra	1
> cladocera:
dmag	0.333333
dpul	0.333333
etex	0.333333

mean GC outgro: all positions=0.518 position1=0.545 position2=0.371 position3=0.639 
mean GC anostraca: all positions=0.416 position1=0.589 position2=0.391 position3=0.267 
mean GC cladocera: all positions=0.501 position1=0.581 position2=0.375 position3=0.546 

** impossible to compute Ks. saturation? **

mean number of non synonymous sites compared: 396.6
mean Ka anostraca: 0.218792
mean Ka cladocera: 0.17799
dKa: 0.0408019	standard deviation (sd): 0.0230352	ratio dKa/sd: 1.77128
exact probability (P): 0.076522

equally weighted sequences:
> outgro:
tcas	1
> anostraca:
afra	1
> notostraca:
lapu	0.125
lart	0.125
lcou	0.125
lubb	0.125
tcan	0.125
tita	0.125
tlon	0.125
tusa	0.125

mean GC outgro: all positions=0.518 position1=0.545 position2=0.371 position3=0.639 
mean GC anostraca: all positions=0.416 position1=0.589 position2=0.391 position3=0.267 
mean GC notostraca: all positions=0.480 position1=0.577 position2=0.402 position3=0.460 

** impossible to compute Ks. saturation? **

mean number of non synonymous sites compared: 394.2
mean Ka anostraca: 0.218792
mean Ka notostraca: 0.173463
dKa: 0.0453286	standard deviation (sd): 0.0225447	ratio dKa/sd: 2.01061
exact probability (P): 0.0443751

equally weighted sequences:
> outgro:
tcas	1
> cladocera:
dmag	0.333333
dpul	0.333333
etex	0.333333
> notostraca:
lapu	0.125
lart	0.125
lcou	0.125
lubb	0.125
tcan	0.125
tita	0.125
tlon	0.125
tusa	0.125

mean GC outgro: all positions=0.518 position1=0.545 position2=0.371 position3=0.639 
mean GC cladocera: all positions=0.501 position1=0.581 position2=0.375 position3=0.546 
mean GC notostraca: all positions=0.480 position1=0.577 position2=0.402 position3=0.460 

** impossible to compute Ks. saturation? **

mean number of non synonymous sites compared: 397.2
mean Ka cladocera: 0.17799
mean Ka notostraca: 0.173463
dKa: 0.00452672	standard deviation (sd): 0.0174381	ratio dKa/sd: 0.259589
exact probability (P): 0.795183

