

## treatement of 3 lineages from file OG0005514.phy ##

equally weighted sequences:
> outgro:
ocin	0.5
tcas	0.5
> anostraca:
afra	1
> cladocera:
dmag	0.333333
dpul	0.333333
etex	0.333333

mean GC outgro: all positions=0.431 position1=0.442 position2=0.331 position3=0.519 
mean GC anostraca: all positions=0.385 position1=0.453 position2=0.358 position3=0.346 
mean GC cladocera: all positions=0.447 position1=0.508 position2=0.357 position3=0.477 

** impossible to compute Ks. saturation? **

mean number of non synonymous sites compared: 472.5
mean Ka anostraca: 0.43232
mean Ka cladocera: 0.502182
dKa: -0.0698617	standard deviation (sd): 0.0310435	ratio dKa/sd: -2.25045
exact probability (P): 0.0244278

equally weighted sequences:
> outgro:
ocin	0.5
tcas	0.5
> anostraca:
afra	1
> notostraca:
lapu	0.125
lart	0.125
lcou	0.125
lubb	0.125
tcan	0.125
tita	0.125
tlon	0.125
tusa	0.125

mean GC outgro: all positions=0.431 position1=0.442 position2=0.331 position3=0.519 
mean GC anostraca: all positions=0.385 position1=0.453 position2=0.358 position3=0.346 
mean GC notostraca: all positions=0.441 position1=0.465 position2=0.348 position3=0.510 

** impossible to compute Ks. saturation? **

mean number of non synonymous sites compared: 473.4
mean Ka anostraca: 0.43232
mean Ka notostraca: 0.464652
dKa: -0.0323317	standard deviation (sd): 0.0303056	ratio dKa/sd: -1.06685
exact probability (P): 0.286045

equally weighted sequences:
> outgro:
ocin	0.5
tcas	0.5
> cladocera:
dmag	0.333333
dpul	0.333333
etex	0.333333
> notostraca:
lapu	0.125
lart	0.125
lcou	0.125
lubb	0.125
tcan	0.125
tita	0.125
tlon	0.125
tusa	0.125

mean GC outgro: all positions=0.431 position1=0.442 position2=0.331 position3=0.519 
mean GC cladocera: all positions=0.447 position1=0.508 position2=0.357 position3=0.477 
mean GC notostraca: all positions=0.441 position1=0.465 position2=0.348 position3=0.510 

** impossible to compute Ks. saturation? **

mean number of non synonymous sites compared: 472.8
mean Ka cladocera: 0.502182
mean Ka notostraca: 0.464652
dKa: 0.03753	standard deviation (sd): 0.0275959	ratio dKa/sd: 1.35998
exact probability (P): 0.173843

