

## treatement of 3 lineages from file OG0005054.phy ##

equally weighted sequences:
> outgro:
ocin	0.5
tcas	0.5
> anostraca:
afra	1
> cladocera:
dmag	0.333333
dpul	0.333333
etex	0.333333

mean GC outgro: all positions=0.464 position1=0.449 position2=0.341 position3=0.601 
mean GC anostraca: all positions=0.391 position1=0.449 position2=0.275 position3=0.449 
mean GC cladocera: all positions=0.414 position1=0.483 position2=0.295 position3=0.464 

** impossible to compute Ks. saturation? **

mean number of non synonymous sites compared: 133.3
mean Ka anostraca: 0.262389
mean Ka cladocera: 0.166674
dKa: 0.0957159	standard deviation (sd): 0.0406431	ratio dKa/sd: 2.35503
exact probability (P): 0.0185281

equally weighted sequences:
> outgro:
ocin	0.5
tcas	0.5
> anostraca:
afra	1
> notostraca:
lapu	0.125
lart	0.125
lcou	0.125
lubb	0.125
tcan	0.125
tita	0.125
tlon	0.125
tusa	0.125

mean GC outgro: all positions=0.464 position1=0.449 position2=0.341 position3=0.601 
mean GC anostraca: all positions=0.391 position1=0.449 position2=0.275 position3=0.449 
mean GC notostraca: all positions=0.421 position1=0.453 position2=0.275 position3=0.536 

** impossible to compute Ks. saturation? **

mean number of non synonymous sites compared: 134.5
mean Ka anostraca: 0.262389
mean Ka notostraca: 0.185323
dKa: 0.0770665	standard deviation (sd): 0.039797	ratio dKa/sd: 1.93649
exact probability (P): 0.0528162

equally weighted sequences:
> outgro:
ocin	0.5
tcas	0.5
> cladocera:
dmag	0.333333
dpul	0.333333
etex	0.333333
> notostraca:
lapu	0.125
lart	0.125
lcou	0.125
lubb	0.125
tcan	0.125
tita	0.125
tlon	0.125
tusa	0.125

mean GC outgro: all positions=0.464 position1=0.449 position2=0.341 position3=0.601 
mean GC cladocera: all positions=0.414 position1=0.483 position2=0.295 position3=0.464 
mean GC notostraca: all positions=0.421 position1=0.453 position2=0.275 position3=0.536 

** impossible to compute Ks. saturation? **

mean number of non synonymous sites compared: 134.9
mean Ka cladocera: 0.166674
mean Ka notostraca: 0.185323
dKa: -0.0186494	standard deviation (sd): 0.021862	ratio dKa/sd: -0.853051
exact probability (P): 0.393637

