

## treatement of 3 lineages from file OG0005213.phy ##

equally weighted sequences:
> outgro:
ocin	0.5
tcas	0.5
> anostraca:
afra	1
> cladocera:
dmag	0.333333
dpul	0.333333
etex	0.333333

mean GC outgro: all positions=0.423 position1=0.488 position2=0.332 position3=0.449 
mean GC anostraca: all positions=0.362 position1=0.508 position2=0.273 position3=0.305 
mean GC cladocera: all positions=0.410 position1=0.531 position2=0.299 position3=0.398 

** impossible to compute Ks. saturation? **

mean number of non synonymous sites compared: 252.2
mean Ka anostraca: 0.370046
mean Ka cladocera: 0.402599
dKa: -0.0325532	standard deviation (sd): 0.0401321	ratio dKa/sd: -0.811153
exact probability (P): 0.417284

equally weighted sequences:
> outgro:
ocin	0.5
tcas	0.5
> anostraca:
afra	1
> notostraca:
lapu	0.125
lart	0.125
lcou	0.125
lubb	0.125
tcan	0.125
tita	0.125
tlon	0.125
tusa	0.125

mean GC outgro: all positions=0.423 position1=0.488 position2=0.332 position3=0.449 
mean GC anostraca: all positions=0.362 position1=0.508 position2=0.273 position3=0.305 
mean GC notostraca: all positions=0.440 position1=0.581 position2=0.326 position3=0.413 

** impossible to compute Ks. saturation? **

mean number of non synonymous sites compared: 252.4
mean Ka anostraca: 0.370046
mean Ka notostraca: 0.376728
dKa: -0.00668175	standard deviation (sd): 0.0411379	ratio dKa/sd: -0.162423
exact probability (P): 0.870974

equally weighted sequences:
> outgro:
ocin	0.5
tcas	0.5
> cladocera:
dmag	0.333333
dpul	0.333333
etex	0.333333
> notostraca:
lapu	0.125
lart	0.125
lcou	0.125
lubb	0.125
tcan	0.125
tita	0.125
tlon	0.125
tusa	0.125

mean GC outgro: all positions=0.423 position1=0.488 position2=0.332 position3=0.449 
mean GC cladocera: all positions=0.410 position1=0.531 position2=0.299 position3=0.398 
mean GC notostraca: all positions=0.440 position1=0.581 position2=0.326 position3=0.413 

** impossible to compute Ks. saturation? **

mean number of non synonymous sites compared: 250.5
mean Ka cladocera: 0.402599
mean Ka notostraca: 0.376728
dKa: 0.0258715	standard deviation (sd): 0.036242	ratio dKa/sd: 0.713855
exact probability (P): 0.475322

