

## treatement of 3 lineages from file OG0004976.phy ##

equally weighted sequences:
> outgro:
ocin	0.5
tcas	0.5
> anostraca:
afra	1
> cladocera:
dmag	0.333333
dpul	0.333333
etex	0.333333

mean GC outgro: all positions=0.496 position1=0.554 position2=0.485 position3=0.449 
mean GC anostraca: all positions=0.501 position1=0.549 position2=0.518 position3=0.436 
mean GC cladocera: all positions=0.565 position1=0.593 position2=0.501 position3=0.602 

** impossible to compute Ks. saturation? **

mean number of non synonymous sites compared: 370.6
mean Ka anostraca: 0.183182
mean Ka cladocera: 0.154811
dKa: 0.0283706	standard deviation (sd): 0.0177093	ratio dKa/sd: 1.60202
exact probability (P): 0.10916

equally weighted sequences:
> outgro:
ocin	0.5
tcas	0.5
> anostraca:
afra	1
> notostraca:
lapu	0.125
lart	0.125
lcou	0.125
lubb	0.125
tcan	0.125
tita	0.125
tlon	0.125
tusa	0.125

mean GC outgro: all positions=0.496 position1=0.554 position2=0.485 position3=0.449 
mean GC anostraca: all positions=0.501 position1=0.549 position2=0.518 position3=0.436 
mean GC notostraca: all positions=0.541 position1=0.572 position2=0.505 position3=0.547 

** impossible to compute Ks. saturation? **

mean number of non synonymous sites compared: 373.1
mean Ka anostraca: 0.183182
mean Ka notostraca: 0.189345
dKa: -0.0061636	standard deviation (sd): 0.0196392	ratio dKa/sd: -0.313842
exact probability (P): 0.753644

equally weighted sequences:
> outgro:
ocin	0.5
tcas	0.5
> cladocera:
dmag	0.333333
dpul	0.333333
etex	0.333333
> notostraca:
lapu	0.125
lart	0.125
lcou	0.125
lubb	0.125
tcan	0.125
tita	0.125
tlon	0.125
tusa	0.125

mean GC outgro: all positions=0.496 position1=0.554 position2=0.485 position3=0.449 
mean GC cladocera: all positions=0.565 position1=0.593 position2=0.501 position3=0.602 
mean GC notostraca: all positions=0.541 position1=0.572 position2=0.505 position3=0.547 

** impossible to compute Ks. saturation? **

mean number of non synonymous sites compared: 374.1
mean Ka cladocera: 0.154811
mean Ka notostraca: 0.189345
dKa: -0.0345342	standard deviation (sd): 0.0158536	ratio dKa/sd: -2.17832
exact probability (P): 0.0293907

