

## treatement of 3 lineages from file OG0009606.phy ##

equally weighted sequences:
> outgro:
tcas	1
> anostraca:
afra	1
> cladocera:
dmag	0.333333
dpul	0.333333
etex	0.333333

mean GC outgro: all positions=0.401 position1=0.473 position2=0.280 position3=0.452 
mean GC anostraca: all positions=0.416 position1=0.484 position2=0.366 position3=0.398 
mean GC cladocera: all positions=0.503 position1=0.581 position2=0.394 position3=0.534 

** impossible to compute Ks. saturation? **

mean number of non synonymous sites compared: 182.6
mean Ka anostraca: 0.814432
mean Ka cladocera: 1.0779
dKa: -0.263472	standard deviation (sd): 0.136572	ratio dKa/sd: -1.92918
exact probability (P): 0.053716

equally weighted sequences:
> outgro:
tcas	1
> anostraca:
afra	1
> notostraca:
lapu	0.5
lart	0.5

mean GC outgro: all positions=0.401 position1=0.473 position2=0.280 position3=0.452 
mean GC anostraca: all positions=0.416 position1=0.484 position2=0.366 position3=0.398 
mean GC notostraca: all positions=0.405 position1=0.489 position2=0.355 position3=0.371 

** impossible to compute Ks. saturation? **

mean number of non synonymous sites compared: 187.6
mean Ka anostraca: 0.814432
mean Ka notostraca: 0.840431
dKa: -0.0259993	standard deviation (sd): 0.12566	ratio dKa/sd: -0.206902
exact probability (P): 0.836088

equally weighted sequences:
> outgro:
tcas	1
> cladocera:
dmag	0.333333
dpul	0.333333
etex	0.333333
> notostraca:
lapu	0.5
lart	0.5

mean GC outgro: all positions=0.401 position1=0.473 position2=0.280 position3=0.452 
mean GC cladocera: all positions=0.503 position1=0.581 position2=0.394 position3=0.534 
mean GC notostraca: all positions=0.405 position1=0.489 position2=0.355 position3=0.371 

** impossible to compute Ks. saturation? **

mean number of non synonymous sites compared: 191.6
mean Ka cladocera: 1.0779
mean Ka notostraca: 0.840431
dKa: 0.237473	standard deviation (sd): 0.128815	ratio dKa/sd: 1.84352
exact probability (P): 0.0652618

