

## treatement of 3 lineages from file OG0005524.phy ##

equally weighted sequences:
> outgro:
ocin	0.5
tcas	0.5
> anostraca:
afra	1
> cladocera:
dmag	0.333333
dpul	0.333333
etex	0.333333

mean GC outgro: all positions=0.480 position1=0.478 position2=0.432 position3=0.528 
mean GC anostraca: all positions=0.426 position1=0.458 position2=0.458 position3=0.362 
mean GC cladocera: all positions=0.462 position1=0.507 position2=0.462 position3=0.417 

** impossible to compute Ks. saturation? **

mean number of non synonymous sites compared: 596.3
mean Ka anostraca: 0.266806
mean Ka cladocera: 0.229023
dKa: 0.0377829	standard deviation (sd): 0.0202095	ratio dKa/sd: 1.86956
exact probability (P): 0.0615541

equally weighted sequences:
> outgro:
ocin	0.5
tcas	0.5
> anostraca:
afra	1
> notostraca:
lapu	0.125
lart	0.125
lcou	0.125
lubb	0.125
tcan	0.125
tita	0.125
tlon	0.125
tusa	0.125

mean GC outgro: all positions=0.480 position1=0.478 position2=0.432 position3=0.528 
mean GC anostraca: all positions=0.426 position1=0.458 position2=0.458 position3=0.362 
mean GC notostraca: all positions=0.483 position1=0.527 position2=0.462 position3=0.458 

** impossible to compute Ks. saturation? **

mean number of non synonymous sites compared: 595.3
mean Ka anostraca: 0.266806
mean Ka notostraca: 0.232854
dKa: 0.0339513	standard deviation (sd): 0.0205062	ratio dKa/sd: 1.65566
exact probability (P): 0.097799

equally weighted sequences:
> outgro:
ocin	0.5
tcas	0.5
> cladocera:
dmag	0.333333
dpul	0.333333
etex	0.333333
> notostraca:
lapu	0.125
lart	0.125
lcou	0.125
lubb	0.125
tcan	0.125
tita	0.125
tlon	0.125
tusa	0.125

mean GC outgro: all positions=0.480 position1=0.478 position2=0.432 position3=0.528 
mean GC cladocera: all positions=0.462 position1=0.507 position2=0.462 position3=0.417 
mean GC notostraca: all positions=0.483 position1=0.527 position2=0.462 position3=0.458 

** impossible to compute Ks. saturation? **

mean number of non synonymous sites compared: 596.9
mean Ka cladocera: 0.229023
mean Ka notostraca: 0.232854
dKa: -0.00383152	standard deviation (sd): 0.014644	ratio dKa/sd: -0.261644
exact probability (P): 0.793598

