

## treatement of 3 lineages from file OG0010197.phy ##

equally weighted sequences:
> outgro:
ocin	0.5
tcas	0.5
> anostraca:
afra	1
> cladocera:
dmag	0.5
dpul	0.5

mean GC outgro: all positions=0.494 position1=0.492 position2=0.488 position3=0.504 
mean GC anostraca: all positions=0.449 position1=0.537 position2=0.512 position3=0.298 
mean GC cladocera: all positions=0.494 position1=0.587 position2=0.492 position3=0.405 

** impossible to compute Ks. saturation? **

mean number of non synonymous sites compared: 233.9
mean Ka anostraca: 0.304408
mean Ka cladocera: 0.210711
dKa: 0.0936972	standard deviation (sd): 0.0372096	ratio dKa/sd: 2.51809
exact probability (P): 0.0118067

equally weighted sequences:
> outgro:
ocin	0.5
tcas	0.5
> anostraca:
afra	1
> notostraca:
tlon	1

mean GC outgro: all positions=0.494 position1=0.492 position2=0.488 position3=0.504 
mean GC anostraca: all positions=0.449 position1=0.537 position2=0.512 position3=0.298 
mean GC notostraca: all positions=0.493 position1=0.529 position2=0.496 position3=0.455 

** impossible to compute Ks. saturation? **

mean number of non synonymous sites compared: 230.1
mean Ka anostraca: 0.304408
mean Ka notostraca: 0.196909
dKa: 0.107499	standard deviation (sd): 0.0380676	ratio dKa/sd: 2.8239
exact probability (P): 0.00475047

equally weighted sequences:
> outgro:
ocin	0.5
tcas	0.5
> cladocera:
dmag	0.5
dpul	0.5
> notostraca:
tlon	1

mean GC outgro: all positions=0.494 position1=0.492 position2=0.488 position3=0.504 
mean GC cladocera: all positions=0.494 position1=0.587 position2=0.492 position3=0.405 
mean GC notostraca: all positions=0.493 position1=0.529 position2=0.496 position3=0.455 

** impossible to compute Ks. saturation? **

mean number of non synonymous sites compared: 234.1
mean Ka cladocera: 0.210711
mean Ka notostraca: 0.196909
dKa: 0.013802	standard deviation (sd): 0.0270234	ratio dKa/sd: 0.510744
exact probability (P): 0.609534

