

## treatement of 3 lineages from file OG0008945.phy ##

equally weighted sequences:
> outgro:
ocin	0.5
tcas	0.5
> anostraca:
afra	1
> cladocera:
dmag	0.333333
dpul	0.333333
etex	0.333333

mean GC outgro: all positions=0.428 position1=0.492 position2=0.323 position3=0.469 
mean GC anostraca: all positions=0.444 position1=0.615 position2=0.362 position3=0.354 
mean GC cladocera: all positions=0.433 position1=0.544 position2=0.336 position3=0.421 

** impossible to compute Ks. saturation? **

mean number of non synonymous sites compared: 248.6
mean Ka anostraca: 1.14405
mean Ka cladocera: 0.538531
dKa: 0.605516	standard deviation (sd): 0.125096	ratio dKa/sd: 4.84042
exact probability (P): 1.98059e-06

equally weighted sequences:
> outgro:
ocin	0.5
tcas	0.5
> anostraca:
afra	1
> notostraca:
tita	0.5
tlon	0.5

mean GC outgro: all positions=0.428 position1=0.492 position2=0.323 position3=0.469 
mean GC anostraca: all positions=0.444 position1=0.615 position2=0.362 position3=0.354 
mean GC notostraca: all positions=0.431 position1=0.531 position2=0.346 position3=0.415 

** impossible to compute Ks. saturation? **

mean number of non synonymous sites compared: 251.0
mean Ka anostraca: 1.14405
mean Ka notostraca: 0.519425
dKa: 0.624622	standard deviation (sd): 0.127784	ratio dKa/sd: 4.88812
exact probability (P): 1.47453e-06

equally weighted sequences:
> outgro:
ocin	0.5
tcas	0.5
> cladocera:
dmag	0.333333
dpul	0.333333
etex	0.333333
> notostraca:
tita	0.5
tlon	0.5

mean GC outgro: all positions=0.428 position1=0.492 position2=0.323 position3=0.469 
mean GC cladocera: all positions=0.433 position1=0.544 position2=0.336 position3=0.421 
mean GC notostraca: all positions=0.431 position1=0.531 position2=0.346 position3=0.415 

** impossible to compute Ks. saturation? **

mean number of non synonymous sites compared: 241.8
mean Ka cladocera: 0.538531
mean Ka notostraca: 0.519425
dKa: 0.0191058	standard deviation (sd): 0.0520399	ratio dKa/sd: 0.367138
exact probability (P): 0.713519

