

## treatement of 3 lineages from file OG0006218.phy ##

equally weighted sequences:
> outgro:
ocin	0.5
tcas	0.5
> anostraca:
afra	1
> cladocera:
dmag	0.5
dpul	0.5

mean GC outgro: all positions=0.482 position1=0.601 position2=0.351 position3=0.496 
mean GC anostraca: all positions=0.406 position1=0.588 position2=0.333 position3=0.298 
mean GC cladocera: all positions=0.436 position1=0.596 position2=0.366 position3=0.346 

** impossible to compute Ks. saturation? **

mean number of non synonymous sites compared: 433.5
mean Ka anostraca: 0.244731
mean Ka cladocera: 0.265253
dKa: -0.0205217	standard deviation (sd): 0.0251488	ratio dKa/sd: -0.816013
exact probability (P): 0.414499

equally weighted sequences:
> outgro:
ocin	0.5
tcas	0.5
> anostraca:
afra	1
> notostraca:
lapu	0.125
lart	0.125
lcou	0.125
lubb	0.125
tcan	0.125
tita	0.125
tlon	0.125
tusa	0.125

mean GC outgro: all positions=0.482 position1=0.601 position2=0.351 position3=0.496 
mean GC anostraca: all positions=0.406 position1=0.588 position2=0.333 position3=0.298 
mean GC notostraca: all positions=0.482 position1=0.619 position2=0.397 position3=0.431 

** impossible to compute Ks. saturation? **

mean number of non synonymous sites compared: 433.9
mean Ka anostraca: 0.244731
mean Ka notostraca: 0.236389
dKa: 0.00834195	standard deviation (sd): 0.023784	ratio dKa/sd: 0.350738
exact probability (P): 0.725787

equally weighted sequences:
> outgro:
ocin	0.5
tcas	0.5
> cladocera:
dmag	0.5
dpul	0.5
> notostraca:
lapu	0.125
lart	0.125
lcou	0.125
lubb	0.125
tcan	0.125
tita	0.125
tlon	0.125
tusa	0.125

mean GC outgro: all positions=0.482 position1=0.601 position2=0.351 position3=0.496 
mean GC cladocera: all positions=0.436 position1=0.596 position2=0.366 position3=0.346 
mean GC notostraca: all positions=0.482 position1=0.619 position2=0.397 position3=0.431 

** impossible to compute Ks. saturation? **

mean number of non synonymous sites compared: 431.7
mean Ka cladocera: 0.265253
mean Ka notostraca: 0.236389
dKa: 0.0288637	standard deviation (sd): 0.0221963	ratio dKa/sd: 1.30038
exact probability (P): 0.193477

