

## treatement of 3 lineages from file OG0005143.phy ##

equally weighted sequences:
> outgro:
ocin	0.5
tcas	0.5
> anostraca:
afra	1
> cladocera:
dmag	0.333333
dpul	0.333333
etex	0.333333

mean GC outgro: all positions=0.467 position1=0.534 position2=0.427 position3=0.440 
mean GC anostraca: all positions=0.434 position1=0.517 position2=0.388 position3=0.397 
mean GC cladocera: all positions=0.429 position1=0.506 position2=0.417 position3=0.365 

** impossible to compute Ks. saturation? **

mean number of non synonymous sites compared: 235.6
mean Ka anostraca: 0.207362
mean Ka cladocera: 0.143416
dKa: 0.0639458	standard deviation (sd): 0.0236149	ratio dKa/sd: 2.70785
exact probability (P): 0.00677872

equally weighted sequences:
> outgro:
ocin	0.5
tcas	0.5
> anostraca:
afra	1
> notostraca:
lapu	0.125
lart	0.125
lcou	0.125
lubb	0.125
tcan	0.125
tita	0.125
tlon	0.125
tusa	0.125

mean GC outgro: all positions=0.467 position1=0.534 position2=0.427 position3=0.440 
mean GC anostraca: all positions=0.434 position1=0.517 position2=0.388 position3=0.397 
mean GC notostraca: all positions=0.456 position1=0.491 position2=0.405 position3=0.472 

** impossible to compute Ks. saturation? **

mean number of non synonymous sites compared: 235.3
mean Ka anostraca: 0.207362
mean Ka notostraca: 0.133321
dKa: 0.0740408	standard deviation (sd): 0.0255161	ratio dKa/sd: 2.90173
exact probability (P): 0.00371569

equally weighted sequences:
> outgro:
ocin	0.5
tcas	0.5
> cladocera:
dmag	0.333333
dpul	0.333333
etex	0.333333
> notostraca:
lapu	0.125
lart	0.125
lcou	0.125
lubb	0.125
tcan	0.125
tita	0.125
tlon	0.125
tusa	0.125

mean GC outgro: all positions=0.467 position1=0.534 position2=0.427 position3=0.440 
mean GC cladocera: all positions=0.429 position1=0.506 position2=0.417 position3=0.365 
mean GC notostraca: all positions=0.456 position1=0.491 position2=0.405 position3=0.472 

** impossible to compute Ks. saturation? **

mean number of non synonymous sites compared: 233.3
mean Ka cladocera: 0.143416
mean Ka notostraca: 0.133321
dKa: 0.010095	standard deviation (sd): 0.0160243	ratio dKa/sd: 0.629982
exact probability (P): 0.528711

