

## treatement of 3 lineages from file OG0005485.phy ##

equally weighted sequences:
> outgro:
ocin	0.5
tcas	0.5
> anostraca:
afra	1
> cladocera:
dmag	0.333333
dpul	0.333333
etex	0.333333

mean GC outgro: all positions=0.436 position1=0.572 position2=0.360 position3=0.377 
mean GC anostraca: all positions=0.357 position1=0.526 position2=0.307 position3=0.237 
mean GC cladocera: all positions=0.412 position1=0.556 position2=0.351 position3=0.330 

** impossible to compute Ks. saturation? **

mean number of non synonymous sites compared: 448.6
mean Ka anostraca: 0.532277
mean Ka cladocera: 0.461357
dKa: 0.0709197	standard deviation (sd): 0.0404029	ratio dKa/sd: 1.75531
exact probability (P): 0.0792141

equally weighted sequences:
> outgro:
ocin	0.5
tcas	0.5
> anostraca:
afra	1
> notostraca:
lapu	0.125
lart	0.125
lcou	0.125
lubb	0.125
tcan	0.125
tita	0.125
tlon	0.125
tusa	0.125

mean GC outgro: all positions=0.436 position1=0.572 position2=0.360 position3=0.377 
mean GC anostraca: all positions=0.357 position1=0.526 position2=0.307 position3=0.237 
mean GC notostraca: all positions=0.449 position1=0.596 position2=0.367 position3=0.385 

** impossible to compute Ks. saturation? **

mean number of non synonymous sites compared: 438.7
mean Ka anostraca: 0.532277
mean Ka notostraca: 0.460828
dKa: 0.0714487	standard deviation (sd): 0.0415789	ratio dKa/sd: 1.71839
exact probability (P): 0.0857341

equally weighted sequences:
> outgro:
ocin	0.5
tcas	0.5
> cladocera:
dmag	0.333333
dpul	0.333333
etex	0.333333
> notostraca:
lapu	0.125
lart	0.125
lcou	0.125
lubb	0.125
tcan	0.125
tita	0.125
tlon	0.125
tusa	0.125

mean GC outgro: all positions=0.436 position1=0.572 position2=0.360 position3=0.377 
mean GC cladocera: all positions=0.412 position1=0.556 position2=0.351 position3=0.330 
mean GC notostraca: all positions=0.449 position1=0.596 position2=0.367 position3=0.385 

** impossible to compute Ks. saturation? **

mean number of non synonymous sites compared: 436.1
mean Ka cladocera: 0.461357
mean Ka notostraca: 0.460828
dKa: 0.000529065	standard deviation (sd): 0.0320312	ratio dKa/sd: 0.0165172
exact probability (P): 0.986822

