

## treatement of 3 lineages from file OG0006851.phy ##

equally weighted sequences:
> outgro:
tcas	1
> anostraca:
afra	1
> cladocera:
dmag	0.5
etex	0.5

mean GC outgro: all positions=0.441 position1=0.442 position2=0.406 position3=0.475 
mean GC anostraca: all positions=0.424 position1=0.525 position2=0.392 position3=0.355 
mean GC cladocera: all positions=0.416 position1=0.449 position2=0.378 position3=0.422 

** impossible to compute Ks. saturation? **

mean number of non synonymous sites compared: 433.4
mean Ka anostraca: 0.623698
mean Ka cladocera: 0.644006
dKa: -0.0203081	standard deviation (sd): 0.0546892	ratio dKa/sd: -0.371337
exact probability (P): 0.710388

equally weighted sequences:
> outgro:
tcas	1
> anostraca:
afra	1
> notostraca:
lapu	0.125
lart	0.125
lcou	0.125
lubb	0.125
tcan	0.125
tita	0.125
tlon	0.125
tusa	0.125

mean GC outgro: all positions=0.441 position1=0.442 position2=0.406 position3=0.475 
mean GC anostraca: all positions=0.424 position1=0.525 position2=0.392 position3=0.355 
mean GC notostraca: all positions=0.457 position1=0.458 position2=0.418 position3=0.496 

** impossible to compute Ks. saturation? **

mean number of non synonymous sites compared: 443.6
mean Ka anostraca: 0.623698
mean Ka notostraca: 0.603477
dKa: 0.0202208	standard deviation (sd): 0.0572442	ratio dKa/sd: 0.353237
exact probability (P): 0.723913

equally weighted sequences:
> outgro:
tcas	1
> cladocera:
dmag	0.5
etex	0.5
> notostraca:
lapu	0.125
lart	0.125
lcou	0.125
lubb	0.125
tcan	0.125
tita	0.125
tlon	0.125
tusa	0.125

mean GC outgro: all positions=0.441 position1=0.442 position2=0.406 position3=0.475 
mean GC cladocera: all positions=0.416 position1=0.449 position2=0.378 position3=0.422 
mean GC notostraca: all positions=0.457 position1=0.458 position2=0.418 position3=0.496 

** impossible to compute Ks. saturation? **

mean number of non synonymous sites compared: 426.1
mean Ka cladocera: 0.644006
mean Ka notostraca: 0.603477
dKa: 0.0405289	standard deviation (sd): 0.0438994	ratio dKa/sd: 0.923221
exact probability (P): 0.355899

