

## treatement of 3 lineages from file OG0005629.phy ##

equally weighted sequences:
> outgro:
ocin	0.5
tcas	0.5
> anostraca:
afra	1
> cladocera:
dmag	0.333333
dpul	0.333333
etex	0.333333

mean GC outgro: all positions=0.417 position1=0.495 position2=0.333 position3=0.424 
mean GC anostraca: all positions=0.368 position1=0.467 position2=0.305 position3=0.333 
mean GC cladocera: all positions=0.423 position1=0.470 position2=0.362 position3=0.438 

** impossible to compute Ks. saturation? **

mean number of non synonymous sites compared: 201.9
mean Ka anostraca: 0.435112
mean Ka cladocera: 0.451721
dKa: -0.0166097	standard deviation (sd): 0.0465493	ratio dKa/sd: -0.356819
exact probability (P): 0.72123

equally weighted sequences:
> outgro:
ocin	0.5
tcas	0.5
> anostraca:
afra	1
> notostraca:
lapu	0.125
lart	0.125
lcou	0.125
lubb	0.125
tcan	0.125
tita	0.125
tlon	0.125
tusa	0.125

mean GC outgro: all positions=0.417 position1=0.495 position2=0.333 position3=0.424 
mean GC anostraca: all positions=0.368 position1=0.467 position2=0.305 position3=0.333 
mean GC notostraca: all positions=0.459 position1=0.536 position2=0.370 position3=0.471 

** impossible to compute Ks. saturation? **

mean number of non synonymous sites compared: 203.9
mean Ka anostraca: 0.435112
mean Ka notostraca: 0.433717
dKa: 0.00139523	standard deviation (sd): 0.046755	ratio dKa/sd: 0.0298413
exact probability (P): 0.976194

equally weighted sequences:
> outgro:
ocin	0.5
tcas	0.5
> cladocera:
dmag	0.333333
dpul	0.333333
etex	0.333333
> notostraca:
lapu	0.125
lart	0.125
lcou	0.125
lubb	0.125
tcan	0.125
tita	0.125
tlon	0.125
tusa	0.125

mean GC outgro: all positions=0.417 position1=0.495 position2=0.333 position3=0.424 
mean GC cladocera: all positions=0.423 position1=0.470 position2=0.362 position3=0.438 
mean GC notostraca: all positions=0.459 position1=0.536 position2=0.370 position3=0.471 

** impossible to compute Ks. saturation? **

mean number of non synonymous sites compared: 203.1
mean Ka cladocera: 0.451721
mean Ka notostraca: 0.433717
dKa: 0.0180049	standard deviation (sd): 0.0373396	ratio dKa/sd: 0.482194
exact probability (P): 0.629671

