

## treatement of 3 lineages from file OG0006900.phy ##

equally weighted sequences:
> outgro:
ocin	1
> anostraca:
afra	1
> cladocera:
dmag	0.333333
dpul	0.333333
etex	0.333333

mean GC outgro: all positions=0.436 position1=0.521 position2=0.436 position3=0.352 
mean GC anostraca: all positions=0.446 position1=0.547 position2=0.424 position3=0.369 
mean GC cladocera: all positions=0.455 position1=0.468 position2=0.429 position3=0.468 

** impossible to compute Ks. saturation? **

mean number of non synonymous sites compared: 458.0
mean Ka anostraca: 0.712037
mean Ka cladocera: 0.693016
dKa: 0.0190218	standard deviation (sd): 0.0566299	ratio dKa/sd: 0.335896
exact probability (P): 0.736951

equally weighted sequences:
> outgro:
ocin	1
> anostraca:
afra	1
> notostraca:
lapu	0.142857
lart	0.142857
lcou	0.142857
tcan	0.142857
tita	0.142857
tlon	0.142857
tusa	0.142857

mean GC outgro: all positions=0.436 position1=0.521 position2=0.436 position3=0.352 
mean GC anostraca: all positions=0.446 position1=0.547 position2=0.424 position3=0.369 
mean GC notostraca: all positions=0.468 position1=0.490 position2=0.456 position3=0.459 

** impossible to compute Ks. saturation? **

mean number of non synonymous sites compared: 460.0
mean Ka anostraca: 0.712037
mean Ka notostraca: 0.726469
dKa: -0.0144317	standard deviation (sd): 0.0615827	ratio dKa/sd: -0.234346
exact probability (P): 0.814718

equally weighted sequences:
> outgro:
ocin	1
> cladocera:
dmag	0.333333
dpul	0.333333
etex	0.333333
> notostraca:
lapu	0.142857
lart	0.142857
lcou	0.142857
tcan	0.142857
tita	0.142857
tlon	0.142857
tusa	0.142857

mean GC outgro: all positions=0.436 position1=0.521 position2=0.436 position3=0.352 
mean GC cladocera: all positions=0.455 position1=0.468 position2=0.429 position3=0.468 
mean GC notostraca: all positions=0.468 position1=0.490 position2=0.456 position3=0.459 

** impossible to compute Ks. saturation? **

mean number of non synonymous sites compared: 458.5
mean Ka cladocera: 0.693016
mean Ka notostraca: 0.726469
dKa: -0.0334534	standard deviation (sd): 0.0489092	ratio dKa/sd: -0.683991
exact probability (P): 0.493986

