

## treatement of 3 lineages from file OG0006203.phy ##

equally weighted sequences:
> outgro:
ocin	0.5
tcas	0.5
> anostraca:
afra	1
> cladocera:
dmag	0.333333
dpul	0.333333
etex	0.333333

mean GC outgro: all positions=0.543 position1=0.617 position2=0.475 position3=0.537 
mean GC anostraca: all positions=0.461 position1=0.568 position2=0.469 position3=0.346 
mean GC cladocera: all positions=0.436 position1=0.527 position2=0.469 position3=0.313 

** impossible to compute Ks. saturation? **

mean number of non synonymous sites compared: 154.0
mean Ka anostraca: 0.19584
mean Ka cladocera: 0.280059
dKa: -0.0842199	standard deviation (sd): 0.0406964	ratio dKa/sd: -2.06947
exact probability (P): 0.0385111

equally weighted sequences:
> outgro:
ocin	0.5
tcas	0.5
> anostraca:
afra	1
> notostraca:
lapu	0.142857
lart	0.142857
lcou	0.142857
tcan	0.142857
tita	0.142857
tlon	0.142857
tusa	0.142857

mean GC outgro: all positions=0.543 position1=0.617 position2=0.475 position3=0.537 
mean GC anostraca: all positions=0.461 position1=0.568 position2=0.469 position3=0.346 
mean GC notostraca: all positions=0.489 position1=0.591 position2=0.478 position3=0.399 

** impossible to compute Ks. saturation? **

mean number of non synonymous sites compared: 153.8
mean Ka anostraca: 0.19584
mean Ka notostraca: 0.196599
dKa: -0.000759631	standard deviation (sd): 0.0347397	ratio dKa/sd: -0.0218664
exact probability (P): 0.982555

equally weighted sequences:
> outgro:
ocin	0.5
tcas	0.5
> cladocera:
dmag	0.333333
dpul	0.333333
etex	0.333333
> notostraca:
lapu	0.142857
lart	0.142857
lcou	0.142857
tcan	0.142857
tita	0.142857
tlon	0.142857
tusa	0.142857

mean GC outgro: all positions=0.543 position1=0.617 position2=0.475 position3=0.537 
mean GC cladocera: all positions=0.436 position1=0.527 position2=0.469 position3=0.313 
mean GC notostraca: all positions=0.489 position1=0.591 position2=0.478 position3=0.399 

** impossible to compute Ks. saturation? **

mean number of non synonymous sites compared: 154.3
mean Ka cladocera: 0.280059
mean Ka notostraca: 0.196599
dKa: 0.0834602	standard deviation (sd): 0.0351937	ratio dKa/sd: 2.37145
exact probability (P): 0.0177263

