

## treatement of 3 lineages from file OG0005200.phy ##

equally weighted sequences:
> outgro:
ocin	0.5
tcas	0.5
> anostraca:
afra	1
> cladocera:
dmag	0.333333
dpul	0.333333
etex	0.333333

mean GC outgro: all positions=0.491 position1=0.493 position2=0.401 position3=0.578 
mean GC anostraca: all positions=0.410 position1=0.480 position2=0.405 position3=0.345 
mean GC cladocera: all positions=0.497 position1=0.530 position2=0.391 position3=0.570 

** impossible to compute Ks. saturation? **

mean number of non synonymous sites compared: 929.0
mean Ka anostraca: 0.322431
mean Ka cladocera: 0.302503
dKa: 0.019928	standard deviation (sd): 0.0153679	ratio dKa/sd: 1.29673
exact probability (P): 0.194733

equally weighted sequences:
> outgro:
ocin	0.5
tcas	0.5
> anostraca:
afra	1
> notostraca:
lapu	0.125
lart	0.125
lcou	0.125
lubb	0.125
tcan	0.125
tita	0.125
tlon	0.125
tusa	0.125

mean GC outgro: all positions=0.491 position1=0.493 position2=0.401 position3=0.578 
mean GC anostraca: all positions=0.410 position1=0.480 position2=0.405 position3=0.345 
mean GC notostraca: all positions=0.456 position1=0.498 position2=0.391 position3=0.480 

** impossible to compute Ks. saturation? **

mean number of non synonymous sites compared: 926.7
mean Ka anostraca: 0.322431
mean Ka notostraca: 0.291732
dKa: 0.0306985	standard deviation (sd): 0.0155976	ratio dKa/sd: 1.96816
exact probability (P): 0.049059

equally weighted sequences:
> outgro:
ocin	0.5
tcas	0.5
> cladocera:
dmag	0.333333
dpul	0.333333
etex	0.333333
> notostraca:
lapu	0.125
lart	0.125
lcou	0.125
lubb	0.125
tcan	0.125
tita	0.125
tlon	0.125
tusa	0.125

mean GC outgro: all positions=0.491 position1=0.493 position2=0.401 position3=0.578 
mean GC cladocera: all positions=0.497 position1=0.530 position2=0.391 position3=0.570 
mean GC notostraca: all positions=0.456 position1=0.498 position2=0.391 position3=0.480 

** impossible to compute Ks. saturation? **

mean number of non synonymous sites compared: 924.8
mean Ka cladocera: 0.302503
mean Ka notostraca: 0.291732
dKa: 0.0107705	standard deviation (sd): 0.0112569	ratio dKa/sd: 0.956792
exact probability (P): 0.338679

