

## treatement of 3 lineages from file OG0006919.phy ##

equally weighted sequences:
> outgro:
ocin	0.5
tcas	0.5
> anostraca:
afra	1
> cladocera:
dmag	0.333333
dpul	0.333333
etex	0.333333

mean GC outgro: all positions=0.424 position1=0.458 position2=0.319 position3=0.495 
mean GC anostraca: all positions=0.403 position1=0.470 position2=0.322 position3=0.416 
mean GC cladocera: all positions=0.413 position1=0.465 position2=0.328 position3=0.446 

** impossible to compute Ks. saturation? **

mean number of non synonymous sites compared: 397.4
mean Ka anostraca: 0.189475
mean Ka cladocera: 0.122949
dKa: 0.0665261	standard deviation (sd): 0.0216357	ratio dKa/sd: 3.07484
exact probability (P): 0.00211077

equally weighted sequences:
> outgro:
ocin	0.5
tcas	0.5
> anostraca:
afra	1
> notostraca:
lapu	0.166667
lubb	0.166667
tcan	0.166667
tita	0.166667
tlon	0.166667
tusa	0.166667

mean GC outgro: all positions=0.424 position1=0.458 position2=0.319 position3=0.495 
mean GC anostraca: all positions=0.403 position1=0.470 position2=0.322 position3=0.416 
mean GC notostraca: all positions=0.421 position1=0.460 position2=0.324 position3=0.479 

** impossible to compute Ks. saturation? **

mean number of non synonymous sites compared: 396.2
mean Ka anostraca: 0.189475
mean Ka notostraca: 0.0998178
dKa: 0.0896577	standard deviation (sd): 0.0207773	ratio dKa/sd: 4.31517
exact probability (P): 1.74092e-05

equally weighted sequences:
> outgro:
ocin	0.5
tcas	0.5
> cladocera:
dmag	0.333333
dpul	0.333333
etex	0.333333
> notostraca:
lapu	0.166667
lubb	0.166667
tcan	0.166667
tita	0.166667
tlon	0.166667
tusa	0.166667

mean GC outgro: all positions=0.424 position1=0.458 position2=0.319 position3=0.495 
mean GC cladocera: all positions=0.413 position1=0.465 position2=0.328 position3=0.446 
mean GC notostraca: all positions=0.421 position1=0.460 position2=0.324 position3=0.479 

** impossible to compute Ks. saturation? **

mean number of non synonymous sites compared: 397.7
mean Ka cladocera: 0.122949
mean Ka notostraca: 0.0998178
dKa: 0.0231316	standard deviation (sd): 0.0124849	ratio dKa/sd: 1.85277
exact probability (P): 0.0639227

