

## treatement of 3 lineages from file OG0005367.phy ##

equally weighted sequences:
> outgro:
ocin	0.5
tcas	0.5
> anostraca:
afra	1
> cladocera:
dmag	0.333333
dpul	0.333333
etex	0.333333

mean GC outgro: all positions=0.466 position1=0.461 position2=0.430 position3=0.509 
mean GC anostraca: all positions=0.424 position1=0.544 position2=0.447 position3=0.281 
mean GC cladocera: all positions=0.444 position1=0.535 position2=0.415 position3=0.383 

** impossible to compute Ks. saturation? **

mean number of non synonymous sites compared: 219.0
mean Ka anostraca: 0.317405
mean Ka cladocera: 0.313958
dKa: 0.00344675	standard deviation (sd): 0.0279288	ratio dKa/sd: 0.123412
exact probability (P): 0.901782

equally weighted sequences:
> outgro:
ocin	0.5
tcas	0.5
> anostraca:
afra	1
> notostraca:
lapu	0.125
lart	0.125
lcou	0.125
lubb	0.125
tcan	0.125
tita	0.125
tlon	0.125
tusa	0.125

mean GC outgro: all positions=0.466 position1=0.461 position2=0.430 position3=0.509 
mean GC anostraca: all positions=0.424 position1=0.544 position2=0.447 position3=0.281 
mean GC notostraca: all positions=0.492 position1=0.554 position2=0.428 position3=0.496 

** impossible to compute Ks. saturation? **

mean number of non synonymous sites compared: 218.6
mean Ka anostraca: 0.317405
mean Ka notostraca: 0.302989
dKa: 0.014416	standard deviation (sd): 0.0313807	ratio dKa/sd: 0.45939
exact probability (P): 0.645957

equally weighted sequences:
> outgro:
ocin	0.5
tcas	0.5
> cladocera:
dmag	0.333333
dpul	0.333333
etex	0.333333
> notostraca:
lapu	0.125
lart	0.125
lcou	0.125
lubb	0.125
tcan	0.125
tita	0.125
tlon	0.125
tusa	0.125

mean GC outgro: all positions=0.466 position1=0.461 position2=0.430 position3=0.509 
mean GC cladocera: all positions=0.444 position1=0.535 position2=0.415 position3=0.383 
mean GC notostraca: all positions=0.492 position1=0.554 position2=0.428 position3=0.496 

** impossible to compute Ks. saturation? **

mean number of non synonymous sites compared: 221.0
mean Ka cladocera: 0.313958
mean Ka notostraca: 0.302989
dKa: 0.0109692	standard deviation (sd): 0.0221359	ratio dKa/sd: 0.49554
exact probability (P): 0.620221

