

## treatement of 3 lineages from file OG0005057.phy ##

equally weighted sequences:
> outgro:
ocin	0.5
tcas	0.5
> anostraca:
afra	1
> cladocera:
dmag	0.333333
dpul	0.333333
etex	0.333333

mean GC outgro: all positions=0.453 position1=0.533 position2=0.323 position3=0.503 
mean GC anostraca: all positions=0.422 position1=0.560 position2=0.327 position3=0.380 
mean GC cladocera: all positions=0.449 position1=0.569 position2=0.340 position3=0.438 

** impossible to compute Ks. saturation? **

mean number of non synonymous sites compared: 292.6
mean Ka anostraca: 0.213659
mean Ka cladocera: 0.200985
dKa: 0.0126742	standard deviation (sd): 0.0231675	ratio dKa/sd: 0.54707
exact probability (P): 0.584335

equally weighted sequences:
> outgro:
ocin	0.5
tcas	0.5
> anostraca:
afra	1
> notostraca:
lapu	0.125
lart	0.125
lcou	0.125
lubb	0.125
tcan	0.125
tita	0.125
tlon	0.125
tusa	0.125

mean GC outgro: all positions=0.453 position1=0.533 position2=0.323 position3=0.503 
mean GC anostraca: all positions=0.422 position1=0.560 position2=0.327 position3=0.380 
mean GC notostraca: all positions=0.462 position1=0.521 position2=0.318 position3=0.547 

** impossible to compute Ks. saturation? **

mean number of non synonymous sites compared: 293.4
mean Ka anostraca: 0.213659
mean Ka notostraca: 0.191611
dKa: 0.0220479	standard deviation (sd): 0.0245028	ratio dKa/sd: 0.899815
exact probability (P): 0.368226

equally weighted sequences:
> outgro:
ocin	0.5
tcas	0.5
> cladocera:
dmag	0.333333
dpul	0.333333
etex	0.333333
> notostraca:
lapu	0.125
lart	0.125
lcou	0.125
lubb	0.125
tcan	0.125
tita	0.125
tlon	0.125
tusa	0.125

mean GC outgro: all positions=0.453 position1=0.533 position2=0.323 position3=0.503 
mean GC cladocera: all positions=0.449 position1=0.569 position2=0.340 position3=0.438 
mean GC notostraca: all positions=0.462 position1=0.521 position2=0.318 position3=0.547 

** impossible to compute Ks. saturation? **

mean number of non synonymous sites compared: 293.3
mean Ka cladocera: 0.200985
mean Ka notostraca: 0.191611
dKa: 0.0093737	standard deviation (sd): 0.0172046	ratio dKa/sd: 0.544838
exact probability (P): 0.585869

