

## treatement of 3 lineages from file OG0007499.phy ##

equally weighted sequences:
> outgro:
ocin	0.5
tcas	0.5
> anostraca:
afra	1
> cladocera:
dmag	0.5
dpul	0.5

mean GC outgro: all positions=0.420 position1=0.417 position2=0.385 position3=0.459 
mean GC anostraca: all positions=0.364 position1=0.376 position2=0.339 position3=0.376 
mean GC cladocera: all positions=0.378 position1=0.413 position2=0.376 position3=0.344 

** impossible to compute Ks. saturation? **

mean number of non synonymous sites compared: 208.1
mean Ka anostraca: 0.261953
mean Ka cladocera: 0.136705
dKa: 0.125248	standard deviation (sd): 0.0351234	ratio dKa/sd: 3.56594
exact probability (P): 0.000365802

equally weighted sequences:
> outgro:
ocin	0.5
tcas	0.5
> anostraca:
afra	1
> notostraca:
lapu	0.166667
lart	0.166667
lcou	0.166667
lubb	0.166667
tlon	0.166667
tusa	0.166667

mean GC outgro: all positions=0.420 position1=0.417 position2=0.385 position3=0.459 
mean GC anostraca: all positions=0.364 position1=0.376 position2=0.339 position3=0.376 
mean GC notostraca: all positions=0.454 position1=0.446 position2=0.413 position3=0.503 

** impossible to compute Ks. saturation? **

mean number of non synonymous sites compared: 207.9
mean Ka anostraca: 0.261953
mean Ka notostraca: 0.126135
dKa: 0.135819	standard deviation (sd): 0.0330005	ratio dKa/sd: 4.11566
exact probability (P): 3.96753e-05

equally weighted sequences:
> outgro:
ocin	0.5
tcas	0.5
> cladocera:
dmag	0.5
dpul	0.5
> notostraca:
lapu	0.166667
lart	0.166667
lcou	0.166667
lubb	0.166667
tlon	0.166667
tusa	0.166667

mean GC outgro: all positions=0.420 position1=0.417 position2=0.385 position3=0.459 
mean GC cladocera: all positions=0.378 position1=0.413 position2=0.376 position3=0.344 
mean GC notostraca: all positions=0.454 position1=0.446 position2=0.413 position3=0.503 

** impossible to compute Ks. saturation? **

mean number of non synonymous sites compared: 208.9
mean Ka cladocera: 0.136705
mean Ka notostraca: 0.126135
dKa: 0.0105706	standard deviation (sd): 0.0198498	ratio dKa/sd: 0.532533
exact probability (P): 0.594361

