

## treatement of 3 lineages from file OG0008420.phy ##

equally weighted sequences:
> outgro:
ocin	1
> anostraca:
afra	1
> cladocera:
dmag	0.333333
dpul	0.333333
etex	0.333333

mean GC outgro: all positions=0.417 position1=0.452 position2=0.400 position3=0.400 
mean GC anostraca: all positions=0.410 position1=0.407 position2=0.430 position3=0.393 
mean GC cladocera: all positions=0.462 position1=0.469 position2=0.449 position3=0.467 

** impossible to compute Ks. saturation? **

mean number of non synonymous sites compared: 271.4
mean Ka anostraca: 0.523834
mean Ka cladocera: 0.413613
dKa: 0.11022	standard deviation (sd): 0.0532443	ratio dKa/sd: 2.07008
exact probability (P): 0.0384529

equally weighted sequences:
> outgro:
ocin	1
> anostraca:
afra	1
> notostraca:
tcan	0.25
tita	0.25
tlon	0.25
tusa	0.25

mean GC outgro: all positions=0.417 position1=0.452 position2=0.400 position3=0.400 
mean GC anostraca: all positions=0.410 position1=0.407 position2=0.430 position3=0.393 
mean GC notostraca: all positions=0.475 position1=0.444 position2=0.469 position3=0.511 

** impossible to compute Ks. saturation? **

mean number of non synonymous sites compared: 276.0
mean Ka anostraca: 0.523834
mean Ka notostraca: 0.400872
dKa: 0.122962	standard deviation (sd): 0.0591584	ratio dKa/sd: 2.07852
exact probability (P): 0.0376698

equally weighted sequences:
> outgro:
ocin	1
> cladocera:
dmag	0.333333
dpul	0.333333
etex	0.333333
> notostraca:
tcan	0.25
tita	0.25
tlon	0.25
tusa	0.25

mean GC outgro: all positions=0.417 position1=0.452 position2=0.400 position3=0.400 
mean GC cladocera: all positions=0.462 position1=0.469 position2=0.449 position3=0.467 
mean GC notostraca: all positions=0.475 position1=0.444 position2=0.469 position3=0.511 

** impossible to compute Ks. saturation? **

mean number of non synonymous sites compared: 280.8
mean Ka cladocera: 0.413613
mean Ka notostraca: 0.400872
dKa: 0.0127419	standard deviation (sd): 0.0445894	ratio dKa/sd: 0.285761
exact probability (P): 0.775063

