

## treatement of 3 lineages from file OG0006393.phy ##

equally weighted sequences:
> outgro:
ocin	0.5
tcas	0.5
> anostraca:
afra	1
> cladocera:
dmag	0.333333
dpul	0.333333
etex	0.333333

mean GC outgro: all positions=0.522 position1=0.580 position2=0.420 position3=0.566 
mean GC anostraca: all positions=0.435 position1=0.556 position2=0.410 position3=0.340 
mean GC cladocera: all positions=0.468 position1=0.576 position2=0.412 position3=0.414 

** impossible to compute Ks. saturation? **

mean number of non synonymous sites compared: 266.4
mean Ka anostraca: 0.169544
mean Ka cladocera: 0.130831
dKa: 0.0387128	standard deviation (sd): 0.0240638	ratio dKa/sd: 1.60875
exact probability (P): 0.107678

equally weighted sequences:
> outgro:
ocin	0.5
tcas	0.5
> anostraca:
afra	1
> notostraca:
lart	0.142857
lcou	0.142857
lubb	0.142857
tcan	0.142857
tita	0.142857
tlon	0.142857
tusa	0.142857

mean GC outgro: all positions=0.522 position1=0.580 position2=0.420 position3=0.566 
mean GC anostraca: all positions=0.435 position1=0.556 position2=0.410 position3=0.340 
mean GC notostraca: all positions=0.475 position1=0.566 position2=0.406 position3=0.451 

** impossible to compute Ks. saturation? **

mean number of non synonymous sites compared: 266.0
mean Ka anostraca: 0.169544
mean Ka notostraca: 0.117404
dKa: 0.0521402	standard deviation (sd): 0.0236966	ratio dKa/sd: 2.20033
exact probability (P): 0.0277919

equally weighted sequences:
> outgro:
ocin	0.5
tcas	0.5
> cladocera:
dmag	0.333333
dpul	0.333333
etex	0.333333
> notostraca:
lart	0.142857
lcou	0.142857
lubb	0.142857
tcan	0.142857
tita	0.142857
tlon	0.142857
tusa	0.142857

mean GC outgro: all positions=0.522 position1=0.580 position2=0.420 position3=0.566 
mean GC cladocera: all positions=0.468 position1=0.576 position2=0.412 position3=0.414 
mean GC notostraca: all positions=0.475 position1=0.566 position2=0.406 position3=0.451 

** impossible to compute Ks. saturation? **

mean number of non synonymous sites compared: 265.8
mean Ka cladocera: 0.130831
mean Ka notostraca: 0.117404
dKa: 0.0134275	standard deviation (sd): 0.0131224	ratio dKa/sd: 1.02325
exact probability (P): 0.306196

