

## treatement of 3 lineages from file OG0006305.phy ##

equally weighted sequences:
> outgro:
tcas	1
> anostraca:
afra	1
> cladocera:
dmag	0.333333
dpul	0.333333
etex	0.333333

mean GC outgro: all positions=0.444 position1=0.529 position2=0.287 position3=0.517 
mean GC anostraca: all positions=0.364 position1=0.494 position2=0.310 position3=0.287 
mean GC cladocera: all positions=0.448 position1=0.533 position2=0.356 position3=0.456 

** impossible to compute Ks. saturation? **

mean number of non synonymous sites compared: 161.8
mean Ka anostraca: 0.528473
mean Ka cladocera: 0.460377
dKa: 0.0680955	standard deviation (sd): 0.0723685	ratio dKa/sd: 0.940954
exact probability (P): 0.346735

equally weighted sequences:
> outgro:
tcas	1
> anostraca:
afra	1
> notostraca:
lapu	0.125
lart	0.125
lcou	0.125
lubb	0.125
tcan	0.125
tita	0.125
tlon	0.125
tusa	0.125

mean GC outgro: all positions=0.444 position1=0.529 position2=0.287 position3=0.517 
mean GC anostraca: all positions=0.364 position1=0.494 position2=0.310 position3=0.287 
mean GC notostraca: all positions=0.464 position1=0.514 position2=0.401 position3=0.477 

** impossible to compute Ks. saturation? **

mean number of non synonymous sites compared: 164.4
mean Ka anostraca: 0.528473
mean Ka notostraca: 0.486183
dKa: 0.0422897	standard deviation (sd): 0.0710157	ratio dKa/sd: 0.595497
exact probability (P): 0.551515

equally weighted sequences:
> outgro:
tcas	1
> cladocera:
dmag	0.333333
dpul	0.333333
etex	0.333333
> notostraca:
lapu	0.125
lart	0.125
lcou	0.125
lubb	0.125
tcan	0.125
tita	0.125
tlon	0.125
tusa	0.125

mean GC outgro: all positions=0.444 position1=0.529 position2=0.287 position3=0.517 
mean GC cladocera: all positions=0.448 position1=0.533 position2=0.356 position3=0.456 
mean GC notostraca: all positions=0.464 position1=0.514 position2=0.401 position3=0.477 

** impossible to compute Ks. saturation? **

mean number of non synonymous sites compared: 165.4
mean Ka cladocera: 0.460377
mean Ka notostraca: 0.486183
dKa: -0.0258058	standard deviation (sd): 0.0538156	ratio dKa/sd: -0.479523
exact probability (P): 0.63157

