

## treatement of 3 lineages from file OG0005122.phy ##

equally weighted sequences:
> outgro:
ocin	0.5
tcas	0.5
> anostraca:
afra	1
> cladocera:
dmag	0.333333
dpul	0.333333
etex	0.333333

mean GC outgro: all positions=0.392 position1=0.480 position2=0.361 position3=0.334 
mean GC anostraca: all positions=0.411 position1=0.503 position2=0.351 position3=0.377 
mean GC cladocera: all positions=0.418 position1=0.461 position2=0.375 position3=0.417 

** impossible to compute Ks. saturation? **

mean number of non synonymous sites compared: 293.0
mean Ka anostraca: 0.446784
mean Ka cladocera: 0.453964
dKa: -0.00717955	standard deviation (sd): 0.0420103	ratio dKa/sd: -0.170899
exact probability (P): 0.864304

equally weighted sequences:
> outgro:
ocin	0.5
tcas	0.5
> anostraca:
afra	1
> notostraca:
lapu	0.125
lart	0.125
lcou	0.125
lubb	0.125
tcan	0.125
tita	0.125
tlon	0.125
tusa	0.125

mean GC outgro: all positions=0.392 position1=0.480 position2=0.361 position3=0.334 
mean GC anostraca: all positions=0.411 position1=0.503 position2=0.351 position3=0.377 
mean GC notostraca: all positions=0.463 position1=0.508 position2=0.367 position3=0.514 

** impossible to compute Ks. saturation? **

mean number of non synonymous sites compared: 293.4
mean Ka anostraca: 0.446784
mean Ka notostraca: 0.463683
dKa: -0.0168985	standard deviation (sd): 0.0418135	ratio dKa/sd: -0.40414
exact probability (P): 0.686111

equally weighted sequences:
> outgro:
ocin	0.5
tcas	0.5
> cladocera:
dmag	0.333333
dpul	0.333333
etex	0.333333
> notostraca:
lapu	0.125
lart	0.125
lcou	0.125
lubb	0.125
tcan	0.125
tita	0.125
tlon	0.125
tusa	0.125

mean GC outgro: all positions=0.392 position1=0.480 position2=0.361 position3=0.334 
mean GC cladocera: all positions=0.418 position1=0.461 position2=0.375 position3=0.417 
mean GC notostraca: all positions=0.463 position1=0.508 position2=0.367 position3=0.514 

** impossible to compute Ks. saturation? **

mean number of non synonymous sites compared: 296.9
mean Ka cladocera: 0.453964
mean Ka notostraca: 0.463683
dKa: -0.00971895	standard deviation (sd): 0.0334409	ratio dKa/sd: -0.290631
exact probability (P): 0.771335

