

## treatement of 3 lineages from file OG0005435.phy ##

equally weighted sequences:
> outgro:
ocin	0.5
tcas	0.5
> anostraca:
afra	1
> cladocera:
dmag	0.333333
dpul	0.333333
etex	0.333333

mean GC outgro: all positions=0.419 position1=0.529 position2=0.360 position3=0.366 
mean GC anostraca: all positions=0.399 position1=0.547 position2=0.360 position3=0.291 
mean GC cladocera: all positions=0.428 position1=0.543 position2=0.357 position3=0.384 

** impossible to compute Ks. saturation? **

mean number of non synonymous sites compared: 166.7
mean Ka anostraca: 0.205004
mean Ka cladocera: 0.0744766
dKa: 0.130528	standard deviation (sd): 0.0319234	ratio dKa/sd: 4.08878
exact probability (P): 4.4923e-05

equally weighted sequences:
> outgro:
ocin	0.5
tcas	0.5
> anostraca:
afra	1
> notostraca:
lapu	0.125
lart	0.125
lcou	0.125
lubb	0.125
tcan	0.125
tita	0.125
tlon	0.125
tusa	0.125

mean GC outgro: all positions=0.419 position1=0.529 position2=0.360 position3=0.366 
mean GC anostraca: all positions=0.399 position1=0.547 position2=0.360 position3=0.291 
mean GC notostraca: all positions=0.463 position1=0.544 position2=0.360 position3=0.484 

** impossible to compute Ks. saturation? **

mean number of non synonymous sites compared: 166.5
mean Ka anostraca: 0.205004
mean Ka notostraca: 0.0786352
dKa: 0.126369	standard deviation (sd): 0.0325839	ratio dKa/sd: 3.87827
exact probability (P): 0.000107685

equally weighted sequences:
> outgro:
ocin	0.5
tcas	0.5
> cladocera:
dmag	0.333333
dpul	0.333333
etex	0.333333
> notostraca:
lapu	0.125
lart	0.125
lcou	0.125
lubb	0.125
tcan	0.125
tita	0.125
tlon	0.125
tusa	0.125

mean GC outgro: all positions=0.419 position1=0.529 position2=0.360 position3=0.366 
mean GC cladocera: all positions=0.428 position1=0.543 position2=0.357 position3=0.384 
mean GC notostraca: all positions=0.463 position1=0.544 position2=0.360 position3=0.484 

** impossible to compute Ks. saturation? **

mean number of non synonymous sites compared: 167.0
mean Ka cladocera: 0.0744766
mean Ka notostraca: 0.0786352
dKa: -0.00415854	standard deviation (sd): 0.00993131	ratio dKa/sd: -0.41873
exact probability (P): 0.675416

