

## treatement of 3 lineages from file OG0005078.phy ##

equally weighted sequences:
> outgro:
ocin	0.5
tcas	0.5
> anostraca:
afra	1
> cladocera:
dmag	0.333333
dpul	0.333333
etex	0.333333

mean GC outgro: all positions=0.442 position1=0.530 position2=0.342 position3=0.453 
mean GC anostraca: all positions=0.436 position1=0.513 position2=0.376 position3=0.419 
mean GC cladocera: all positions=0.473 position1=0.558 position2=0.368 position3=0.493 

** impossible to compute Ks. saturation? **

mean number of non synonymous sites compared: 225.7
mean Ka anostraca: 0.10371
mean Ka cladocera: 0.10171
dKa: 0.00199969	standard deviation (sd): 0.0194199	ratio dKa/sd: 0.102972
exact probability (P): 0.917986

equally weighted sequences:
> outgro:
ocin	0.5
tcas	0.5
> anostraca:
afra	1
> notostraca:
lapu	0.125
lart	0.125
lcou	0.125
lubb	0.125
tcan	0.125
tita	0.125
tlon	0.125
tusa	0.125

mean GC outgro: all positions=0.442 position1=0.530 position2=0.342 position3=0.453 
mean GC anostraca: all positions=0.436 position1=0.513 position2=0.376 position3=0.419 
mean GC notostraca: all positions=0.493 position1=0.575 position2=0.350 position3=0.552 

** impossible to compute Ks. saturation? **

mean number of non synonymous sites compared: 224.9
mean Ka anostraca: 0.10371
mean Ka notostraca: 0.0756446
dKa: 0.0280656	standard deviation (sd): 0.0181891	ratio dKa/sd: 1.54299
exact probability (P): 0.122841

equally weighted sequences:
> outgro:
ocin	0.5
tcas	0.5
> cladocera:
dmag	0.333333
dpul	0.333333
etex	0.333333
> notostraca:
lapu	0.125
lart	0.125
lcou	0.125
lubb	0.125
tcan	0.125
tita	0.125
tlon	0.125
tusa	0.125

mean GC outgro: all positions=0.442 position1=0.530 position2=0.342 position3=0.453 
mean GC cladocera: all positions=0.473 position1=0.558 position2=0.368 position3=0.493 
mean GC notostraca: all positions=0.493 position1=0.575 position2=0.350 position3=0.552 

** impossible to compute Ks. saturation? **

mean number of non synonymous sites compared: 226.8
mean Ka cladocera: 0.10171
mean Ka notostraca: 0.0756446
dKa: 0.0260659	standard deviation (sd): 0.0145763	ratio dKa/sd: 1.78824
exact probability (P): 0.0737455

