

## treatement of 3 lineages from file OG0005641.phy ##

equally weighted sequences:
> outgro:
ocin	0.5
tcas	0.5
> anostraca:
afra	1
> cladocera:
dmag	0.333333
dpul	0.333333
etex	0.333333

mean GC outgro: all positions=0.422 position1=0.494 position2=0.381 position3=0.392 
mean GC anostraca: all positions=0.396 position1=0.489 position2=0.394 position3=0.306 
mean GC cladocera: all positions=0.428 position1=0.552 position2=0.369 position3=0.363 

** impossible to compute Ks. saturation? **

mean number of non synonymous sites compared: 370.9
mean Ka anostraca: 0.671571
mean Ka cladocera: 0.646002
dKa: 0.0255697	standard deviation (sd): 0.0542714	ratio dKa/sd: 0.471145
exact probability (P): 0.637541

equally weighted sequences:
> outgro:
ocin	0.5
tcas	0.5
> anostraca:
afra	1
> notostraca:
lapu	0.125
lart	0.125
lcou	0.125
lubb	0.125
tcan	0.125
tita	0.125
tlon	0.125
tusa	0.125

mean GC outgro: all positions=0.422 position1=0.494 position2=0.381 position3=0.392 
mean GC anostraca: all positions=0.396 position1=0.489 position2=0.394 position3=0.306 
mean GC notostraca: all positions=0.456 position1=0.542 position2=0.404 position3=0.420 

** impossible to compute Ks. saturation? **

mean number of non synonymous sites compared: 373.0
mean Ka anostraca: 0.671571
mean Ka notostraca: 0.735008
dKa: -0.063437	standard deviation (sd): 0.0650717	ratio dKa/sd: -0.974879
exact probability (P): 0.329626

equally weighted sequences:
> outgro:
ocin	0.5
tcas	0.5
> cladocera:
dmag	0.333333
dpul	0.333333
etex	0.333333
> notostraca:
lapu	0.125
lart	0.125
lcou	0.125
lubb	0.125
tcan	0.125
tita	0.125
tlon	0.125
tusa	0.125

mean GC outgro: all positions=0.422 position1=0.494 position2=0.381 position3=0.392 
mean GC cladocera: all positions=0.428 position1=0.552 position2=0.369 position3=0.363 
mean GC notostraca: all positions=0.456 position1=0.542 position2=0.404 position3=0.420 

** impossible to compute Ks. saturation? **

mean number of non synonymous sites compared: 366.3
mean Ka cladocera: 0.646002
mean Ka notostraca: 0.735008
dKa: -0.0890067	standard deviation (sd): 0.0519912	ratio dKa/sd: -1.71196
exact probability (P): 0.0869127

