

## treatement of 3 lineages from file OG0005360.phy ##

equally weighted sequences:
> outgro:
ocin	0.5
tcas	0.5
> anostraca:
afra	1
> cladocera:
dmag	0.333333
dpul	0.333333
etex	0.333333

mean GC outgro: all positions=0.428 position1=0.475 position2=0.343 position3=0.466 
mean GC anostraca: all positions=0.386 position1=0.428 position2=0.352 position3=0.377 
mean GC cladocera: all positions=0.444 position1=0.477 position2=0.339 position3=0.517 

** impossible to compute Ks. saturation? **

mean number of non synonymous sites compared: 461.8
mean Ka anostraca: 0.486128
mean Ka cladocera: 0.475976
dKa: 0.0101514	standard deviation (sd): 0.0292034	ratio dKa/sd: 0.34761
exact probability (P): 0.728134

equally weighted sequences:
> outgro:
ocin	0.5
tcas	0.5
> anostraca:
afra	1
> notostraca:
lapu	0.125
lart	0.125
lcou	0.125
lubb	0.125
tcan	0.125
tita	0.125
tlon	0.125
tusa	0.125

mean GC outgro: all positions=0.428 position1=0.475 position2=0.343 position3=0.466 
mean GC anostraca: all positions=0.386 position1=0.428 position2=0.352 position3=0.377 
mean GC notostraca: all positions=0.467 position1=0.513 position2=0.399 position3=0.490 

** impossible to compute Ks. saturation? **

mean number of non synonymous sites compared: 453.4
mean Ka anostraca: 0.486128
mean Ka notostraca: 0.474751
dKa: 0.0113763	standard deviation (sd): 0.0334665	ratio dKa/sd: 0.339932
exact probability (P): 0.73391

equally weighted sequences:
> outgro:
ocin	0.5
tcas	0.5
> cladocera:
dmag	0.333333
dpul	0.333333
etex	0.333333
> notostraca:
lapu	0.125
lart	0.125
lcou	0.125
lubb	0.125
tcan	0.125
tita	0.125
tlon	0.125
tusa	0.125

mean GC outgro: all positions=0.428 position1=0.475 position2=0.343 position3=0.466 
mean GC cladocera: all positions=0.444 position1=0.477 position2=0.339 position3=0.517 
mean GC notostraca: all positions=0.467 position1=0.513 position2=0.399 position3=0.490 

** impossible to compute Ks. saturation? **

mean number of non synonymous sites compared: 460.6
mean Ka cladocera: 0.475976
mean Ka notostraca: 0.474751
dKa: 0.00122495	standard deviation (sd): 0.0283278	ratio dKa/sd: 0.0432422
exact probability (P): 0.965509

