

## treatement of 3 lineages from file OG0006301.phy ##

equally weighted sequences:
> outgro:
ocin	1
> anostraca:
afra	1
> cladocera:
dmag	0.333333
dpul	0.333333
etex	0.333333

mean GC outgro: all positions=0.450 position1=0.470 position2=0.342 position3=0.538 
mean GC anostraca: all positions=0.362 position1=0.462 position2=0.265 position3=0.359 
mean GC cladocera: all positions=0.472 position1=0.513 position2=0.333 position3=0.570 

** impossible to compute Ks. saturation? **

mean number of non synonymous sites compared: 240.7
mean Ka anostraca: 0.609418
mean Ka cladocera: 0.454857
dKa: 0.154561	standard deviation (sd): 0.0681335	ratio dKa/sd: 2.26851
exact probability (P): 0.0233063

equally weighted sequences:
> outgro:
ocin	1
> anostraca:
afra	1
> notostraca:
lapu	0.125
lart	0.125
lcou	0.125
lubb	0.125
tcan	0.125
tita	0.125
tlon	0.125
tusa	0.125

mean GC outgro: all positions=0.450 position1=0.470 position2=0.342 position3=0.538 
mean GC anostraca: all positions=0.362 position1=0.462 position2=0.265 position3=0.359 
mean GC notostraca: all positions=0.447 position1=0.486 position2=0.338 position3=0.517 

** impossible to compute Ks. saturation? **

mean number of non synonymous sites compared: 236.7
mean Ka anostraca: 0.609418
mean Ka notostraca: 0.48107
dKa: 0.128348	standard deviation (sd): 0.0722483	ratio dKa/sd: 1.77648
exact probability (P): 0.0756614

equally weighted sequences:
> outgro:
ocin	1
> cladocera:
dmag	0.333333
dpul	0.333333
etex	0.333333
> notostraca:
lapu	0.125
lart	0.125
lcou	0.125
lubb	0.125
tcan	0.125
tita	0.125
tlon	0.125
tusa	0.125

mean GC outgro: all positions=0.450 position1=0.470 position2=0.342 position3=0.538 
mean GC cladocera: all positions=0.472 position1=0.513 position2=0.333 position3=0.570 
mean GC notostraca: all positions=0.447 position1=0.486 position2=0.338 position3=0.517 

** impossible to compute Ks. saturation? **

mean number of non synonymous sites compared: 242.9
mean Ka cladocera: 0.454857
mean Ka notostraca: 0.48107
dKa: -0.0262133	standard deviation (sd): 0.0447319	ratio dKa/sd: -0.586009
exact probability (P): 0.557874

