

## treatement of 3 lineages from file OG0006418.phy ##

equally weighted sequences:
> outgro:
tcas	1
> anostraca:
afra	1
> cladocera:
dmag	0.333333
dpul	0.333333
etex	0.333333

mean GC outgro: all positions=0.465 position1=0.462 position2=0.406 position3=0.528 
mean GC anostraca: all positions=0.409 position1=0.467 position2=0.391 position3=0.371 
mean GC cladocera: all positions=0.524 position1=0.547 position2=0.404 position3=0.621 

** impossible to compute Ks. saturation? **

mean number of non synonymous sites compared: 390.4
mean Ka anostraca: 0.430258
mean Ka cladocera: 0.353052
dKa: 0.077206	standard deviation (sd): 0.0297949	ratio dKa/sd: 2.59125
exact probability (P): 0.00956969

equally weighted sequences:
> outgro:
tcas	1
> anostraca:
afra	1
> notostraca:
lapu	0.125
lart	0.125
lcou	0.125
lubb	0.125
tcan	0.125
tita	0.125
tlon	0.125
tusa	0.125

mean GC outgro: all positions=0.465 position1=0.462 position2=0.406 position3=0.528 
mean GC anostraca: all positions=0.409 position1=0.467 position2=0.391 position3=0.371 
mean GC notostraca: all positions=0.476 position1=0.537 position2=0.398 position3=0.493 

** impossible to compute Ks. saturation? **

mean number of non synonymous sites compared: 390.1
mean Ka anostraca: 0.430258
mean Ka notostraca: 0.378123
dKa: 0.0521349	standard deviation (sd): 0.0314577	ratio dKa/sd: 1.6573
exact probability (P): 0.0974675

equally weighted sequences:
> outgro:
tcas	1
> cladocera:
dmag	0.333333
dpul	0.333333
etex	0.333333
> notostraca:
lapu	0.125
lart	0.125
lcou	0.125
lubb	0.125
tcan	0.125
tita	0.125
tlon	0.125
tusa	0.125

mean GC outgro: all positions=0.465 position1=0.462 position2=0.406 position3=0.528 
mean GC cladocera: all positions=0.524 position1=0.547 position2=0.404 position3=0.621 
mean GC notostraca: all positions=0.476 position1=0.537 position2=0.398 position3=0.493 

** impossible to compute Ks. saturation? **

mean number of non synonymous sites compared: 393.0
mean Ka cladocera: 0.353052
mean Ka notostraca: 0.378123
dKa: -0.0250712	standard deviation (sd): 0.019481	ratio dKa/sd: -1.28695
exact probability (P): 0.198119

