

## treatement of 3 lineages from file OG0006179.phy ##

equally weighted sequences:
> outgro:
ocin	0.5
tcas	0.5
> anostraca:
afra	1
> cladocera:
dmag	0.333333
dpul	0.333333
etex	0.333333

mean GC outgro: all positions=0.425 position1=0.534 position2=0.345 position3=0.397 
mean GC anostraca: all positions=0.402 position1=0.655 position2=0.276 position3=0.276 
mean GC cladocera: all positions=0.398 position1=0.448 position2=0.287 position3=0.460 

** impossible to compute Ks. saturation? **

mean number of non synonymous sites compared: 54.9
mean Ka anostraca: 0.593265
mean Ka cladocera: 0.477762
dKa: 0.115503	standard deviation (sd): 0.147818	ratio dKa/sd: 0.781387
exact probability (P): 0.43458

equally weighted sequences:
> outgro:
ocin	0.5
tcas	0.5
> anostraca:
afra	1
> notostraca:
lart	0.142857
lcou	0.142857
lubb	0.142857
tcan	0.142857
tita	0.142857
tlon	0.142857
tusa	0.142857

mean GC outgro: all positions=0.425 position1=0.534 position2=0.345 position3=0.397 
mean GC anostraca: all positions=0.402 position1=0.655 position2=0.276 position3=0.276 
mean GC notostraca: all positions=0.414 position1=0.596 position2=0.374 position3=0.271 

** impossible to compute Ks. saturation? **

mean number of non synonymous sites compared: 55.1
mean Ka anostraca: 0.593265
mean Ka notostraca: 0.461769
dKa: 0.131496	standard deviation (sd): 0.147606	ratio dKa/sd: 0.89086
exact probability (P): 0.373011

equally weighted sequences:
> outgro:
ocin	0.5
tcas	0.5
> cladocera:
dmag	0.333333
dpul	0.333333
etex	0.333333
> notostraca:
lart	0.142857
lcou	0.142857
lubb	0.142857
tcan	0.142857
tita	0.142857
tlon	0.142857
tusa	0.142857

mean GC outgro: all positions=0.425 position1=0.534 position2=0.345 position3=0.397 
mean GC cladocera: all positions=0.398 position1=0.448 position2=0.287 position3=0.460 
mean GC notostraca: all positions=0.414 position1=0.596 position2=0.374 position3=0.271 

** impossible to compute Ks. saturation? **

mean number of non synonymous sites compared: 55.0
mean Ka cladocera: 0.477762
mean Ka notostraca: 0.461769
dKa: 0.0159926	standard deviation (sd): 0.0852167	ratio dKa/sd: 0.18767
exact probability (P): 0.851137

