

## treatement of 3 lineages from file OG0005700.phy ##

equally weighted sequences:
> outgro:
ocin	0.5
tcas	0.5
> anostraca:
afra	1
> cladocera:
dmag	0.333333
dpul	0.333333
etex	0.333333

mean GC outgro: all positions=0.465 position1=0.505 position2=0.401 position3=0.490 
mean GC anostraca: all positions=0.403 position1=0.545 position2=0.327 position3=0.337 
mean GC cladocera: all positions=0.464 position1=0.449 position2=0.409 position3=0.535 

** impossible to compute Ks. saturation? **

mean number of non synonymous sites compared: 196.5
mean Ka anostraca: 0.424838
mean Ka cladocera: 0.329742
dKa: 0.0950961	standard deviation (sd): 0.0441539	ratio dKa/sd: 2.15374
exact probability (P): 0.0312686

equally weighted sequences:
> outgro:
ocin	0.5
tcas	0.5
> anostraca:
afra	1
> notostraca:
lapu	0.125
lart	0.125
lcou	0.125
lubb	0.125
tcan	0.125
tita	0.125
tlon	0.125
tusa	0.125

mean GC outgro: all positions=0.465 position1=0.505 position2=0.401 position3=0.490 
mean GC anostraca: all positions=0.403 position1=0.545 position2=0.327 position3=0.337 
mean GC notostraca: all positions=0.491 position1=0.559 position2=0.421 position3=0.494 

** impossible to compute Ks. saturation? **

mean number of non synonymous sites compared: 198.3
mean Ka anostraca: 0.424838
mean Ka notostraca: 0.322939
dKa: 0.101899	standard deviation (sd): 0.0463082	ratio dKa/sd: 2.20045
exact probability (P): 0.0277819

equally weighted sequences:
> outgro:
ocin	0.5
tcas	0.5
> cladocera:
dmag	0.333333
dpul	0.333333
etex	0.333333
> notostraca:
lapu	0.125
lart	0.125
lcou	0.125
lubb	0.125
tcan	0.125
tita	0.125
tlon	0.125
tusa	0.125

mean GC outgro: all positions=0.465 position1=0.505 position2=0.401 position3=0.490 
mean GC cladocera: all positions=0.464 position1=0.449 position2=0.409 position3=0.535 
mean GC notostraca: all positions=0.491 position1=0.559 position2=0.421 position3=0.494 

** impossible to compute Ks. saturation? **

mean number of non synonymous sites compared: 196.0
mean Ka cladocera: 0.329742
mean Ka notostraca: 0.322939
dKa: 0.00680314	standard deviation (sd): 0.0258322	ratio dKa/sd: 0.263359
exact probability (P): 0.792276

