

## treatement of 3 lineages from file OG0006369.phy ##

equally weighted sequences:
> outgro:
tcas	1
> anostraca:
afra	1
> cladocera:
dmag	0.333333
dpul	0.333333
etex	0.333333

mean GC outgro: all positions=0.559 position1=0.645 position2=0.440 position3=0.591 
mean GC anostraca: all positions=0.447 position1=0.598 position2=0.421 position3=0.320 
mean GC cladocera: all positions=0.500 position1=0.628 position2=0.443 position3=0.429 

** impossible to compute Ks. saturation? **

mean number of non synonymous sites compared: 516.6
mean Ka anostraca: 0.209503
mean Ka cladocera: 0.139864
dKa: 0.0696385	standard deviation (sd): 0.0197045	ratio dKa/sd: 3.53414
exact probability (P): 0.000412179

equally weighted sequences:
> outgro:
tcas	1
> anostraca:
afra	1
> notostraca:
lapu	0.125
lart	0.125
lcou	0.125
lubb	0.125
tcan	0.125
tita	0.125
tlon	0.125
tusa	0.125

mean GC outgro: all positions=0.559 position1=0.645 position2=0.440 position3=0.591 
mean GC anostraca: all positions=0.447 position1=0.598 position2=0.421 position3=0.320 
mean GC notostraca: all positions=0.510 position1=0.625 position2=0.466 position3=0.440 

** impossible to compute Ks. saturation? **

mean number of non synonymous sites compared: 516.1
mean Ka anostraca: 0.209503
mean Ka notostraca: 0.119665
dKa: 0.0898373	standard deviation (sd): 0.0196711	ratio dKa/sd: 4.56697
exact probability (P): 6.00893e-06

equally weighted sequences:
> outgro:
tcas	1
> cladocera:
dmag	0.333333
dpul	0.333333
etex	0.333333
> notostraca:
lapu	0.125
lart	0.125
lcou	0.125
lubb	0.125
tcan	0.125
tita	0.125
tlon	0.125
tusa	0.125

mean GC outgro: all positions=0.559 position1=0.645 position2=0.440 position3=0.591 
mean GC cladocera: all positions=0.500 position1=0.628 position2=0.443 position3=0.429 
mean GC notostraca: all positions=0.510 position1=0.625 position2=0.466 position3=0.440 

** impossible to compute Ks. saturation? **

mean number of non synonymous sites compared: 513.2
mean Ka cladocera: 0.139864
mean Ka notostraca: 0.119665
dKa: 0.0201988	standard deviation (sd): 0.0110267	ratio dKa/sd: 1.83181
exact probability (P): 0.0669867

