

## treatement of 3 lineages from file OG0006035.phy ##

equally weighted sequences:
> outgro:
ocin	1
> anostraca:
afra	1
> cladocera:
dmag	0.333333
dpul	0.333333
etex	0.333333

mean GC outgro: all positions=0.667 position1=0.750 position2=1.000 position3=0.250 
mean GC anostraca: all positions=0.750 position1=1.000 position2=1.000 position3=0.250 
mean GC cladocera: all positions=0.528 position1=0.750 position2=0.667 position3=0.167 

** impossible to compute Ks. saturation? **

** impossible to compute Ka. saturation? **

equally weighted sequences:
> outgro:
ocin	1
> anostraca:
afra	1
> notostraca:
lapu	0.125
lart	0.125
lcou	0.125
lubb	0.125
tcan	0.125
tita	0.125
tlon	0.125
tusa	0.125

mean GC outgro: all positions=0.667 position1=0.750 position2=1.000 position3=0.250 
mean GC anostraca: all positions=0.750 position1=1.000 position2=1.000 position3=0.250 
mean GC notostraca: all positions=0.594 position1=0.875 position2=0.500 position3=0.406 

** impossible to compute Ks. saturation? **

** impossible to compute Ka. saturation? **

equally weighted sequences:
> outgro:
ocin	1
> cladocera:
dmag	0.333333
dpul	0.333333
etex	0.333333
> notostraca:
lapu	0.125
lart	0.125
lcou	0.125
lubb	0.125
tcan	0.125
tita	0.125
tlon	0.125
tusa	0.125

mean GC outgro: all positions=0.667 position1=0.750 position2=1.000 position3=0.250 
mean GC cladocera: all positions=0.528 position1=0.750 position2=0.667 position3=0.167 
mean GC notostraca: all positions=0.594 position1=0.875 position2=0.500 position3=0.406 

** impossible to compute Ks. saturation? **

mean number of non synonymous sites compared: 6.9
mean Ka cladocera: 0.463075
mean Ka notostraca: 0.419314
dKa: 0.0437609	standard deviation (sd): 0.177005	ratio dKa/sd: 0.247229
exact probability (P): 0.804733

