

## treatement of 3 lineages from file OG0005400.phy ##

equally weighted sequences:
> outgro:
ocin	0.5
tcas	0.5
> anostraca:
afra	1
> cladocera:
dmag	0.333333
dpul	0.333333
etex	0.333333

mean GC outgro: all positions=0.467 position1=0.469 position2=0.417 position3=0.514 
mean GC anostraca: all positions=0.436 position1=0.475 position2=0.429 position3=0.404 
mean GC cladocera: all positions=0.466 position1=0.495 position2=0.409 position3=0.493 

** impossible to compute Ks. saturation? **

mean number of non synonymous sites compared: 693.4
mean Ka anostraca: 0.611211
mean Ka cladocera: 0.466591
dKa: 0.14462	standard deviation (sd): 0.0317883	ratio dKa/sd: 4.54947
exact probability (P): 6.51503e-06

equally weighted sequences:
> outgro:
ocin	0.5
tcas	0.5
> anostraca:
afra	1
> notostraca:
lapu	0.125
lart	0.125
lcou	0.125
lubb	0.125
tcan	0.125
tita	0.125
tlon	0.125
tusa	0.125

mean GC outgro: all positions=0.467 position1=0.469 position2=0.417 position3=0.514 
mean GC anostraca: all positions=0.436 position1=0.475 position2=0.429 position3=0.404 
mean GC notostraca: all positions=0.477 position1=0.513 position2=0.421 position3=0.496 

** impossible to compute Ks. saturation? **

mean number of non synonymous sites compared: 689.3
mean Ka anostraca: 0.611211
mean Ka notostraca: 0.459339
dKa: 0.151872	standard deviation (sd): 0.0321495	ratio dKa/sd: 4.72392
exact probability (P): 5.44721e-06

equally weighted sequences:
> outgro:
ocin	0.5
tcas	0.5
> cladocera:
dmag	0.333333
dpul	0.333333
etex	0.333333
> notostraca:
lapu	0.125
lart	0.125
lcou	0.125
lubb	0.125
tcan	0.125
tita	0.125
tlon	0.125
tusa	0.125

mean GC outgro: all positions=0.467 position1=0.469 position2=0.417 position3=0.514 
mean GC cladocera: all positions=0.466 position1=0.495 position2=0.409 position3=0.493 
mean GC notostraca: all positions=0.477 position1=0.513 position2=0.421 position3=0.496 

** impossible to compute Ks. saturation? **

mean number of non synonymous sites compared: 689.3
mean Ka cladocera: 0.466591
mean Ka notostraca: 0.459339
dKa: 0.00725186	standard deviation (sd): 0.0191899	ratio dKa/sd: 0.3779
exact probability (P): 0.705508

