

## treatement of 3 lineages from file OG0006930.phy ##

equally weighted sequences:
> outgro:
ocin	1
> anostraca:
afra	1
> cladocera:
dmag	0.333333
dpul	0.333333
etex	0.333333

mean GC outgro: all positions=0.397 position1=0.514 position2=0.333 position3=0.343 
mean GC anostraca: all positions=0.400 position1=0.495 position2=0.324 position3=0.381 
mean GC cladocera: all positions=0.376 position1=0.457 position2=0.308 position3=0.362 

** impossible to compute Ks. saturation? **

mean number of non synonymous sites compared: 216.3
mean Ka anostraca: 0.457993
mean Ka cladocera: 0.416895
dKa: 0.0410983	standard deviation (sd): 0.0495656	ratio dKa/sd: 0.82917
exact probability (P): 0.407014

equally weighted sequences:
> outgro:
ocin	1
> anostraca:
afra	1
> notostraca:
lapu	0.142857
lart	0.142857
lcou	0.142857
lubb	0.142857
tcan	0.142857
tita	0.142857
tusa	0.142857

mean GC outgro: all positions=0.397 position1=0.514 position2=0.333 position3=0.343 
mean GC anostraca: all positions=0.400 position1=0.495 position2=0.324 position3=0.381 
mean GC notostraca: all positions=0.424 position1=0.521 position2=0.347 position3=0.404 

** impossible to compute Ks. saturation? **

mean number of non synonymous sites compared: 220.1
mean Ka anostraca: 0.457993
mean Ka notostraca: 0.387976
dKa: 0.0700176	standard deviation (sd): 0.0547673	ratio dKa/sd: 1.27846
exact probability (P): 0.201095

equally weighted sequences:
> outgro:
ocin	1
> cladocera:
dmag	0.333333
dpul	0.333333
etex	0.333333
> notostraca:
lapu	0.142857
lart	0.142857
lcou	0.142857
lubb	0.142857
tcan	0.142857
tita	0.142857
tusa	0.142857

mean GC outgro: all positions=0.397 position1=0.514 position2=0.333 position3=0.343 
mean GC cladocera: all positions=0.376 position1=0.457 position2=0.308 position3=0.362 
mean GC notostraca: all positions=0.424 position1=0.521 position2=0.347 position3=0.404 

** impossible to compute Ks. saturation? **

mean number of non synonymous sites compared: 214.2
mean Ka cladocera: 0.416895
mean Ka notostraca: 0.387976
dKa: 0.0289193	standard deviation (sd): 0.0452598	ratio dKa/sd: 0.638961
exact probability (P): 0.522853

