

## treatement of 3 lineages from file OG0005242.phy ##

equally weighted sequences:
> outgro:
ocin	0.5
tcas	0.5
> anostraca:
afra	1
> cladocera:
dmag	0.333333
dpul	0.333333
etex	0.333333

mean GC outgro: all positions=0.405 position1=0.465 position2=0.355 position3=0.395 
mean GC anostraca: all positions=0.385 position1=0.472 position2=0.341 position3=0.341 
mean GC cladocera: all positions=0.493 position1=0.567 position2=0.374 position3=0.537 

** impossible to compute Ks. saturation? **

mean number of non synonymous sites compared: 417.8
mean Ka anostraca: 0.644191
mean Ka cladocera: 0.603973
dKa: 0.0402178	standard deviation (sd): 0.0463412	ratio dKa/sd: 0.867863
exact probability (P): 0.385475

equally weighted sequences:
> outgro:
ocin	0.5
tcas	0.5
> anostraca:
afra	1
> notostraca:
lapu	0.125
lart	0.125
lcou	0.125
lubb	0.125
tcan	0.125
tita	0.125
tlon	0.125
tusa	0.125

mean GC outgro: all positions=0.405 position1=0.465 position2=0.355 position3=0.395 
mean GC anostraca: all positions=0.385 position1=0.472 position2=0.341 position3=0.341 
mean GC notostraca: all positions=0.449 position1=0.501 position2=0.370 position3=0.477 

** impossible to compute Ks. saturation? **

mean number of non synonymous sites compared: 417.5
mean Ka anostraca: 0.644191
mean Ka notostraca: 0.530885
dKa: 0.113306	standard deviation (sd): 0.0475182	ratio dKa/sd: 2.38447
exact probability (P): 0.0171108

equally weighted sequences:
> outgro:
ocin	0.5
tcas	0.5
> cladocera:
dmag	0.333333
dpul	0.333333
etex	0.333333
> notostraca:
lapu	0.125
lart	0.125
lcou	0.125
lubb	0.125
tcan	0.125
tita	0.125
tlon	0.125
tusa	0.125

mean GC outgro: all positions=0.405 position1=0.465 position2=0.355 position3=0.395 
mean GC cladocera: all positions=0.493 position1=0.567 position2=0.374 position3=0.537 
mean GC notostraca: all positions=0.449 position1=0.501 position2=0.370 position3=0.477 

** impossible to compute Ks. saturation? **

mean number of non synonymous sites compared: 419.5
mean Ka cladocera: 0.603973
mean Ka notostraca: 0.530885
dKa: 0.073088	standard deviation (sd): 0.0332998	ratio dKa/sd: 2.19485
exact probability (P): 0.0281819

