

## treatement of 3 lineages from file OG0005068.phy ##

equally weighted sequences:
> outgro:
ocin	0.5
tcas	0.5
> anostraca:
afra	1
> cladocera:
dmag	0.333333
dpul	0.333333
etex	0.333333

mean GC outgro: all positions=0.392 position1=0.424 position2=0.343 position3=0.409 
mean GC anostraca: all positions=0.411 position1=0.535 position2=0.374 position3=0.323 
mean GC cladocera: all positions=0.402 position1=0.515 position2=0.327 position3=0.364 

** impossible to compute Ks. saturation? **

mean number of non synonymous sites compared: 197.8
mean Ka anostraca: 0.732721
mean Ka cladocera: 0.685338
dKa: 0.0473834	standard deviation (sd): 0.0686878	ratio dKa/sd: 0.689837
exact probability (P): 0.490302

equally weighted sequences:
> outgro:
ocin	0.5
tcas	0.5
> anostraca:
afra	1
> notostraca:
lapu	0.125
lart	0.125
lcou	0.125
lubb	0.125
tcan	0.125
tita	0.125
tlon	0.125
tusa	0.125

mean GC outgro: all positions=0.392 position1=0.424 position2=0.343 position3=0.409 
mean GC anostraca: all positions=0.411 position1=0.535 position2=0.374 position3=0.323 
mean GC notostraca: all positions=0.425 position1=0.551 position2=0.327 position3=0.398 

** impossible to compute Ks. saturation? **

mean number of non synonymous sites compared: 200.2
mean Ka anostraca: 0.732721
mean Ka notostraca: 0.696342
dKa: 0.0363789	standard deviation (sd): 0.0687822	ratio dKa/sd: 0.5289
exact probability (P): 0.596879

equally weighted sequences:
> outgro:
ocin	0.5
tcas	0.5
> cladocera:
dmag	0.333333
dpul	0.333333
etex	0.333333
> notostraca:
lapu	0.125
lart	0.125
lcou	0.125
lubb	0.125
tcan	0.125
tita	0.125
tlon	0.125
tusa	0.125

mean GC outgro: all positions=0.392 position1=0.424 position2=0.343 position3=0.409 
mean GC cladocera: all positions=0.402 position1=0.515 position2=0.327 position3=0.364 
mean GC notostraca: all positions=0.425 position1=0.551 position2=0.327 position3=0.398 

** impossible to compute Ks. saturation? **

mean number of non synonymous sites compared: 199.3
mean Ka cladocera: 0.685338
mean Ka notostraca: 0.696342
dKa: -0.0110044	standard deviation (sd): 0.0480261	ratio dKa/sd: -0.229134
exact probability (P): 0.818766

