

## treatement of 3 lineages from file OG0008934.phy ##

equally weighted sequences:
> outgro:
tcas	1
> anostraca:
afra	1
> cladocera:
dpul	0.5
etex	0.5

mean GC outgro: all positions=0.485 position1=0.440 position2=0.363 position3=0.653 
mean GC anostraca: all positions=0.343 position1=0.411 position2=0.331 position3=0.286 
mean GC cladocera: all positions=0.407 position1=0.419 position2=0.343 position3=0.458 

** impossible to compute Ks. saturation? **

mean number of non synonymous sites compared: 477.7
mean Ka anostraca: 0.577198
mean Ka cladocera: 0.561009
dKa: 0.0161889	standard deviation (sd): 0.0421758	ratio dKa/sd: 0.383843
exact probability (P): 0.701098

equally weighted sequences:
> outgro:
tcas	1
> anostraca:
afra	1
> notostraca:
tcan	0.25
tita	0.25
tlon	0.25
tusa	0.25

mean GC outgro: all positions=0.485 position1=0.440 position2=0.363 position3=0.653 
mean GC anostraca: all positions=0.343 position1=0.411 position2=0.331 position3=0.286 
mean GC notostraca: all positions=0.446 position1=0.401 position2=0.390 position3=0.547 

** impossible to compute Ks. saturation? **

mean number of non synonymous sites compared: 485.8
mean Ka anostraca: 0.577198
mean Ka notostraca: 0.530035
dKa: 0.0471631	standard deviation (sd): 0.044882	ratio dKa/sd: 1.05082
exact probability (P): 0.293347

equally weighted sequences:
> outgro:
tcas	1
> cladocera:
dpul	0.5
etex	0.5
> notostraca:
tcan	0.25
tita	0.25
tlon	0.25
tusa	0.25

mean GC outgro: all positions=0.485 position1=0.440 position2=0.363 position3=0.653 
mean GC cladocera: all positions=0.407 position1=0.419 position2=0.343 position3=0.458 
mean GC notostraca: all positions=0.446 position1=0.401 position2=0.390 position3=0.547 

** impossible to compute Ks. saturation? **

mean number of non synonymous sites compared: 491.8
mean Ka cladocera: 0.561009
mean Ka notostraca: 0.530035
dKa: 0.0309742	standard deviation (sd): 0.0431782	ratio dKa/sd: 0.717357
exact probability (P): 0.473159

