

## treatement of 3 lineages from file OG0006361.phy ##

equally weighted sequences:
> outgro:
tcas	1
> anostraca:
afra	1
> cladocera:
dmag	0.333333
dpul	0.333333
etex	0.333333

mean GC outgro: all positions=0.506 position1=0.519 position2=0.407 position3=0.593 
mean GC anostraca: all positions=0.407 position1=0.630 position2=0.444 position3=0.148 
mean GC cladocera: all positions=0.473 position1=0.580 position2=0.457 position3=0.383 

** impossible to compute Ks. saturation? **

mean number of non synonymous sites compared: 53.6
mean Ka anostraca: 0.381854
mean Ka cladocera: 0.323613
dKa: 0.0582405	standard deviation (sd): 0.104971	ratio dKa/sd: 0.554825
exact probability (P): 0.579019

equally weighted sequences:
> outgro:
tcas	1
> anostraca:
afra	1
> notostraca:
lapu	0.125
lart	0.125
lcou	0.125
lubb	0.125
tcan	0.125
tita	0.125
tlon	0.125
tusa	0.125

mean GC outgro: all positions=0.506 position1=0.519 position2=0.407 position3=0.593 
mean GC anostraca: all positions=0.407 position1=0.630 position2=0.444 position3=0.148 
mean GC notostraca: all positions=0.465 position1=0.565 position2=0.394 position3=0.435 

** impossible to compute Ks. saturation? **

mean number of non synonymous sites compared: 55.1
mean Ka anostraca: 0.381854
mean Ka notostraca: 0.42097
dKa: -0.039116	standard deviation (sd): 0.146548	ratio dKa/sd: -0.266915
exact probability (P): 0.789536

equally weighted sequences:
> outgro:
tcas	1
> cladocera:
dmag	0.333333
dpul	0.333333
etex	0.333333
> notostraca:
lapu	0.125
lart	0.125
lcou	0.125
lubb	0.125
tcan	0.125
tita	0.125
tlon	0.125
tusa	0.125

mean GC outgro: all positions=0.506 position1=0.519 position2=0.407 position3=0.593 
mean GC cladocera: all positions=0.473 position1=0.580 position2=0.457 position3=0.383 
mean GC notostraca: all positions=0.465 position1=0.565 position2=0.394 position3=0.435 

** impossible to compute Ks. saturation? **

mean number of non synonymous sites compared: 54.5
mean Ka cladocera: 0.323613
mean Ka notostraca: 0.42097
dKa: -0.0973565	standard deviation (sd): 0.115337	ratio dKa/sd: -0.844101
exact probability (P): 0.398618

