

## treatement of 3 lineages from file OG0006182.phy ##

equally weighted sequences:
> outgro:
ocin	0.5
tcas	0.5
> anostraca:
afra	1
> cladocera:
dmag	0.333333
dpul	0.333333
etex	0.333333

mean GC outgro: all positions=0.435 position1=0.622 position2=0.305 position3=0.378 
mean GC anostraca: all positions=0.398 position1=0.415 position2=0.415 position3=0.366 
mean GC cladocera: all positions=0.398 position1=0.496 position2=0.309 position3=0.390 

** impossible to compute Ks. saturation? **

mean number of non synonymous sites compared: 84.2
mean Ka anostraca: 0.685555
mean Ka cladocera: 0.452916
dKa: 0.232639	standard deviation (sd): 0.130556	ratio dKa/sd: 1.78192
exact probability (P): 0.0747713

equally weighted sequences:
> outgro:
ocin	0.5
tcas	0.5
> anostraca:
afra	1
> notostraca:
lapu	0.142857
lart	0.142857
lcou	0.142857
lubb	0.142857
tita	0.142857
tlon	0.142857
tusa	0.142857

mean GC outgro: all positions=0.435 position1=0.622 position2=0.305 position3=0.378 
mean GC anostraca: all positions=0.398 position1=0.415 position2=0.415 position3=0.366 
mean GC notostraca: all positions=0.427 position1=0.613 position2=0.380 position3=0.289 

** impossible to compute Ks. saturation? **

mean number of non synonymous sites compared: 81.6
mean Ka anostraca: 0.685555
mean Ka notostraca: 0.482197
dKa: 0.203358	standard deviation (sd): 0.134201	ratio dKa/sd: 1.51532
exact probability (P): 0.1297

equally weighted sequences:
> outgro:
ocin	0.5
tcas	0.5
> cladocera:
dmag	0.333333
dpul	0.333333
etex	0.333333
> notostraca:
lapu	0.142857
lart	0.142857
lcou	0.142857
lubb	0.142857
tita	0.142857
tlon	0.142857
tusa	0.142857

mean GC outgro: all positions=0.435 position1=0.622 position2=0.305 position3=0.378 
mean GC cladocera: all positions=0.398 position1=0.496 position2=0.309 position3=0.390 
mean GC notostraca: all positions=0.427 position1=0.613 position2=0.380 position3=0.289 

** impossible to compute Ks. saturation? **

mean number of non synonymous sites compared: 80.8
mean Ka cladocera: 0.452916
mean Ka notostraca: 0.482197
dKa: -0.0292812	standard deviation (sd): 0.0699957	ratio dKa/sd: -0.418329
exact probability (P): 0.675709

