

## treatement of 3 lineages from file OG0008444.phy ##

equally weighted sequences:
> outgro:
ocin	0.5
tcas	0.5
> anostraca:
afra	1
> cladocera:
dmag	0.5
etex	0.5

mean GC outgro: all positions=0.539 position1=0.486 position2=0.382 position3=0.750 
mean GC anostraca: all positions=0.403 position1=0.556 position2=0.375 position3=0.278 
mean GC cladocera: all positions=0.442 position1=0.493 position2=0.410 position3=0.424 

** impossible to compute Ks. saturation? **

mean number of non synonymous sites compared: 138.0
mean Ka anostraca: 0.4999
mean Ka cladocera: 0.32024
dKa: 0.179661	standard deviation (sd): 0.0690316	ratio dKa/sd: 2.60259
exact probability (P): 0.00925744

equally weighted sequences:
> outgro:
ocin	0.5
tcas	0.5
> anostraca:
afra	1
> notostraca:
lapu	0.25
lart	0.25
lcou	0.25
lubb	0.25

mean GC outgro: all positions=0.539 position1=0.486 position2=0.382 position3=0.750 
mean GC anostraca: all positions=0.403 position1=0.556 position2=0.375 position3=0.278 
mean GC notostraca: all positions=0.435 position1=0.479 position2=0.347 position3=0.479 

** impossible to compute Ks. saturation? **

mean number of non synonymous sites compared: 138.3
mean Ka anostraca: 0.4999
mean Ka notostraca: 0.279332
dKa: 0.220568	standard deviation (sd): 0.0688075	ratio dKa/sd: 3.20559
exact probability (P): 0.00135262

equally weighted sequences:
> outgro:
ocin	0.5
tcas	0.5
> cladocera:
dmag	0.5
etex	0.5
> notostraca:
lapu	0.25
lart	0.25
lcou	0.25
lubb	0.25

mean GC outgro: all positions=0.539 position1=0.486 position2=0.382 position3=0.750 
mean GC cladocera: all positions=0.442 position1=0.493 position2=0.410 position3=0.424 
mean GC notostraca: all positions=0.435 position1=0.479 position2=0.347 position3=0.479 

** impossible to compute Ks. saturation? **

mean number of non synonymous sites compared: 138.5
mean Ka cladocera: 0.32024
mean Ka notostraca: 0.279332
dKa: 0.0409076	standard deviation (sd): 0.0420653	ratio dKa/sd: 0.972479
exact probability (P): 0.330819

