

## treatement of 3 lineages from file OG0005160.phy ##

equally weighted sequences:
> outgro:
ocin	0.5
tcas	0.5
> anostraca:
afra	1
> cladocera:
dmag	0.333333
dpul	0.333333
etex	0.333333

mean GC outgro: all positions=0.461 position1=0.544 position2=0.375 position3=0.465 
mean GC anostraca: all positions=0.359 position1=0.443 position2=0.325 position3=0.307 
mean GC cladocera: all positions=0.450 position1=0.524 position2=0.378 position3=0.449 

** impossible to compute Ks. saturation? **

mean number of non synonymous sites compared: 770.8
mean Ka anostraca: 0.487791
mean Ka cladocera: 0.302286
dKa: 0.185504	standard deviation (sd): 0.0291711	ratio dKa/sd: 6.35918
exact probability (P): 1e-07

equally weighted sequences:
> outgro:
ocin	0.5
tcas	0.5
> anostraca:
afra	1
> notostraca:
lapu	0.125
lart	0.125
lcou	0.125
lubb	0.125
tcan	0.125
tita	0.125
tlon	0.125
tusa	0.125

mean GC outgro: all positions=0.461 position1=0.544 position2=0.375 position3=0.465 
mean GC anostraca: all positions=0.359 position1=0.443 position2=0.325 position3=0.307 
mean GC notostraca: all positions=0.484 position1=0.559 position2=0.382 position3=0.513 

** impossible to compute Ks. saturation? **

mean number of non synonymous sites compared: 764.1
mean Ka anostraca: 0.487791
mean Ka notostraca: 0.301546
dKa: 0.186244	standard deviation (sd): 0.0299048	ratio dKa/sd: 6.22791
exact probability (P): 1.04424e-07

equally weighted sequences:
> outgro:
ocin	0.5
tcas	0.5
> cladocera:
dmag	0.333333
dpul	0.333333
etex	0.333333
> notostraca:
lapu	0.125
lart	0.125
lcou	0.125
lubb	0.125
tcan	0.125
tita	0.125
tlon	0.125
tusa	0.125

mean GC outgro: all positions=0.461 position1=0.544 position2=0.375 position3=0.465 
mean GC cladocera: all positions=0.450 position1=0.524 position2=0.378 position3=0.449 
mean GC notostraca: all positions=0.484 position1=0.559 position2=0.382 position3=0.513 

** impossible to compute Ks. saturation? **

mean number of non synonymous sites compared: 761.8
mean Ka cladocera: 0.302286
mean Ka notostraca: 0.301546
dKa: 0.000740244	standard deviation (sd): 0.0166011	ratio dKa/sd: 0.04459
exact probability (P): 0.964434

