

## treatement of 3 lineages from file OG0005022.phy ##

equally weighted sequences:
> outgro:
ocin	0.5
tcas	0.5
> anostraca:
afra	1
> cladocera:
dmag	0.333333
dpul	0.333333
etex	0.333333

mean GC outgro: all positions=0.372 position1=0.463 position2=0.340 position3=0.315 
mean GC anostraca: all positions=0.358 position1=0.444 position2=0.358 position3=0.272 
mean GC cladocera: all positions=0.343 position1=0.366 position2=0.309 position3=0.354 

** impossible to compute Ks. saturation? **

mean number of non synonymous sites compared: 159.6
mean Ka anostraca: 0.597917
mean Ka cladocera: 0.603303
dKa: -0.00538602	standard deviation (sd): 0.0761776	ratio dKa/sd: -0.0707034
exact probability (P): 0.943634

equally weighted sequences:
> outgro:
ocin	0.5
tcas	0.5
> anostraca:
afra	1
> notostraca:
lapu	0.125
lart	0.125
lcou	0.125
lubb	0.125
tcan	0.125
tita	0.125
tlon	0.125
tusa	0.125

mean GC outgro: all positions=0.372 position1=0.463 position2=0.340 position3=0.315 
mean GC anostraca: all positions=0.358 position1=0.444 position2=0.358 position3=0.272 
mean GC notostraca: all positions=0.447 position1=0.520 position2=0.372 position3=0.449 

** impossible to compute Ks. saturation? **

mean number of non synonymous sites compared: 162.3
mean Ka anostraca: 0.597917
mean Ka notostraca: 0.607161
dKa: -0.00924435	standard deviation (sd): 0.0780145	ratio dKa/sd: -0.118495
exact probability (P): 0.905676

equally weighted sequences:
> outgro:
ocin	0.5
tcas	0.5
> cladocera:
dmag	0.333333
dpul	0.333333
etex	0.333333
> notostraca:
lapu	0.125
lart	0.125
lcou	0.125
lubb	0.125
tcan	0.125
tita	0.125
tlon	0.125
tusa	0.125

mean GC outgro: all positions=0.372 position1=0.463 position2=0.340 position3=0.315 
mean GC cladocera: all positions=0.343 position1=0.366 position2=0.309 position3=0.354 
mean GC notostraca: all positions=0.447 position1=0.520 position2=0.372 position3=0.449 

** impossible to compute Ks. saturation? **

mean number of non synonymous sites compared: 163.5
mean Ka cladocera: 0.603303
mean Ka notostraca: 0.607161
dKa: -0.00385833	standard deviation (sd): 0.0725256	ratio dKa/sd: -0.0531995
exact probability (P): 0.957573

