

## treatement of 3 lineages from file OG0005562.phy ##

equally weighted sequences:
> outgro:
ocin	0.5
tcas	0.5
> anostraca:
afra	1
> cladocera:
dmag	0.333333
dpul	0.333333
etex	0.333333

mean GC outgro: all positions=0.410 position1=0.458 position2=0.312 position3=0.459 
mean GC anostraca: all positions=0.379 position1=0.446 position2=0.327 position3=0.365 
mean GC cladocera: all positions=0.440 position1=0.494 position2=0.332 position3=0.495 

** impossible to compute Ks. saturation? **

mean number of non synonymous sites compared: 1193.4
mean Ka anostraca: 0.615298
mean Ka cladocera: 0.540811
dKa: 0.0744875	standard deviation (sd): 0.0248034	ratio dKa/sd: 3.00311
exact probability (P): 0.00267767

equally weighted sequences:
> outgro:
ocin	0.5
tcas	0.5
> anostraca:
afra	1
> notostraca:
lapu	0.125
lart	0.125
lcou	0.125
lubb	0.125
tcan	0.125
tita	0.125
tlon	0.125
tusa	0.125

mean GC outgro: all positions=0.410 position1=0.458 position2=0.312 position3=0.459 
mean GC anostraca: all positions=0.379 position1=0.446 position2=0.327 position3=0.365 
mean GC notostraca: all positions=0.443 position1=0.493 position2=0.352 position3=0.483 

** impossible to compute Ks. saturation? **

mean number of non synonymous sites compared: 1210.0
mean Ka anostraca: 0.615298
mean Ka notostraca: 0.58378
dKa: 0.0315175	standard deviation (sd): 0.0273887	ratio dKa/sd: 1.15075
exact probability (P): 0.249843

equally weighted sequences:
> outgro:
ocin	0.5
tcas	0.5
> cladocera:
dmag	0.333333
dpul	0.333333
etex	0.333333
> notostraca:
lapu	0.125
lart	0.125
lcou	0.125
lubb	0.125
tcan	0.125
tita	0.125
tlon	0.125
tusa	0.125

mean GC outgro: all positions=0.410 position1=0.458 position2=0.312 position3=0.459 
mean GC cladocera: all positions=0.440 position1=0.494 position2=0.332 position3=0.495 
mean GC notostraca: all positions=0.443 position1=0.493 position2=0.352 position3=0.483 

** impossible to compute Ks. saturation? **

mean number of non synonymous sites compared: 1208.6
mean Ka cladocera: 0.540811
mean Ka notostraca: 0.58378
dKa: -0.0429699	standard deviation (sd): 0.0211171	ratio dKa/sd: -2.03484
exact probability (P): 0.0418736

