

## treatement of 3 lineages from file OG0005412.phy ##

equally weighted sequences:
> outgro:
ocin	0.5
tcas	0.5
> anostraca:
afra	1
> cladocera:
dmag	0.333333
dpul	0.333333
etex	0.333333

mean GC outgro: all positions=0.459 position1=0.502 position2=0.349 position3=0.525 
mean GC anostraca: all positions=0.408 position1=0.455 position2=0.357 position3=0.413 
mean GC cladocera: all positions=0.477 position1=0.541 position2=0.369 position3=0.521 

** impossible to compute Ks. saturation? **

mean number of non synonymous sites compared: 830.0
mean Ka anostraca: 0.262454
mean Ka cladocera: 0.20936
dKa: 0.0530944	standard deviation (sd): 0.0173324	ratio dKa/sd: 3.06331
exact probability (P): 0.00219285

equally weighted sequences:
> outgro:
ocin	0.5
tcas	0.5
> anostraca:
afra	1
> notostraca:
lapu	0.125
lart	0.125
lcou	0.125
lubb	0.125
tcan	0.125
tita	0.125
tlon	0.125
tusa	0.125

mean GC outgro: all positions=0.459 position1=0.502 position2=0.349 position3=0.525 
mean GC anostraca: all positions=0.408 position1=0.455 position2=0.357 position3=0.413 
mean GC notostraca: all positions=0.489 position1=0.547 position2=0.362 position3=0.556 

** impossible to compute Ks. saturation? **

mean number of non synonymous sites compared: 837.8
mean Ka anostraca: 0.262454
mean Ka notostraca: 0.199745
dKa: 0.0627097	standard deviation (sd): 0.0171011	ratio dKa/sd: 3.66701
exact probability (P): 0.000247986

equally weighted sequences:
> outgro:
ocin	0.5
tcas	0.5
> cladocera:
dmag	0.333333
dpul	0.333333
etex	0.333333
> notostraca:
lapu	0.125
lart	0.125
lcou	0.125
lubb	0.125
tcan	0.125
tita	0.125
tlon	0.125
tusa	0.125

mean GC outgro: all positions=0.459 position1=0.502 position2=0.349 position3=0.525 
mean GC cladocera: all positions=0.477 position1=0.541 position2=0.369 position3=0.521 
mean GC notostraca: all positions=0.489 position1=0.547 position2=0.362 position3=0.556 

** impossible to compute Ks. saturation? **

mean number of non synonymous sites compared: 833.3
mean Ka cladocera: 0.20936
mean Ka notostraca: 0.199745
dKa: 0.00961525	standard deviation (sd): 0.0132886	ratio dKa/sd: 0.723573
exact probability (P): 0.469333

