

## treatement of 3 lineages from file OG0005458.phy ##

equally weighted sequences:
> outgro:
ocin	0.5
tcas	0.5
> anostraca:
afra	1
> cladocera:
dmag	0.333333
dpul	0.333333
etex	0.333333

mean GC outgro: all positions=0.406 position1=0.477 position2=0.336 position3=0.405 
mean GC anostraca: all positions=0.397 position1=0.482 position2=0.373 position3=0.336 
mean GC cladocera: all positions=0.444 position1=0.558 position2=0.336 position3=0.439 

** impossible to compute Ks. saturation? **

mean number of non synonymous sites compared: 218.4
mean Ka anostraca: 0.602006
mean Ka cladocera: 0.495579
dKa: 0.106427	standard deviation (sd): 0.0592978	ratio dKa/sd: 1.79479
exact probability (P): 0.0726954

equally weighted sequences:
> outgro:
ocin	0.5
tcas	0.5
> anostraca:
afra	1
> notostraca:
lapu	0.125
lart	0.125
lcou	0.125
lubb	0.125
tcan	0.125
tita	0.125
tlon	0.125
tusa	0.125

mean GC outgro: all positions=0.406 position1=0.477 position2=0.336 position3=0.405 
mean GC anostraca: all positions=0.397 position1=0.482 position2=0.373 position3=0.336 
mean GC notostraca: all positions=0.443 position1=0.541 position2=0.358 position3=0.430 

** impossible to compute Ks. saturation? **

mean number of non synonymous sites compared: 219.5
mean Ka anostraca: 0.602006
mean Ka notostraca: 0.459268
dKa: 0.142738	standard deviation (sd): 0.0597281	ratio dKa/sd: 2.3898
exact probability (P): 0.0168655

equally weighted sequences:
> outgro:
ocin	0.5
tcas	0.5
> cladocera:
dmag	0.333333
dpul	0.333333
etex	0.333333
> notostraca:
lapu	0.125
lart	0.125
lcou	0.125
lubb	0.125
tcan	0.125
tita	0.125
tlon	0.125
tusa	0.125

mean GC outgro: all positions=0.406 position1=0.477 position2=0.336 position3=0.405 
mean GC cladocera: all positions=0.444 position1=0.558 position2=0.336 position3=0.439 
mean GC notostraca: all positions=0.443 position1=0.541 position2=0.358 position3=0.430 

** impossible to compute Ks. saturation? **

mean number of non synonymous sites compared: 216.1
mean Ka cladocera: 0.495579
mean Ka notostraca: 0.459268
dKa: 0.0363106	standard deviation (sd): 0.0446599	ratio dKa/sd: 0.813047
exact probability (P): 0.416196

