

## treatement of 3 lineages from file OG0005378.phy ##

equally weighted sequences:
> outgro:
ocin	0.5
tcas	0.5
> anostraca:
afra	1
> cladocera:
dmag	0.333333
dpul	0.333333
etex	0.333333

mean GC outgro: all positions=0.521 position1=0.534 position2=0.445 position3=0.582 
mean GC anostraca: all positions=0.420 position1=0.616 position2=0.411 position3=0.233 
mean GC cladocera: all positions=0.482 position1=0.530 position2=0.429 position3=0.489 

** impossible to compute Ks. saturation? **

mean number of non synonymous sites compared: 143.3
mean Ka anostraca: 0.609685
mean Ka cladocera: 0.339027
dKa: 0.270658	standard deviation (sd): 0.0694544	ratio dKa/sd: 3.89691
exact probability (P): 9.89438e-05

equally weighted sequences:
> outgro:
ocin	0.5
tcas	0.5
> anostraca:
afra	1
> notostraca:
lapu	0.125
lart	0.125
lcou	0.125
lubb	0.125
tcan	0.125
tita	0.125
tlon	0.125
tusa	0.125

mean GC outgro: all positions=0.521 position1=0.534 position2=0.445 position3=0.582 
mean GC anostraca: all positions=0.420 position1=0.616 position2=0.411 position3=0.233 
mean GC notostraca: all positions=0.457 position1=0.471 position2=0.426 position3=0.473 

** impossible to compute Ks. saturation? **

mean number of non synonymous sites compared: 144.6
mean Ka anostraca: 0.609685
mean Ka notostraca: 0.38268
dKa: 0.227005	standard deviation (sd): 0.0811273	ratio dKa/sd: 2.79813
exact probability (P): 0.00514635

equally weighted sequences:
> outgro:
ocin	0.5
tcas	0.5
> cladocera:
dmag	0.333333
dpul	0.333333
etex	0.333333
> notostraca:
lapu	0.125
lart	0.125
lcou	0.125
lubb	0.125
tcan	0.125
tita	0.125
tlon	0.125
tusa	0.125

mean GC outgro: all positions=0.521 position1=0.534 position2=0.445 position3=0.582 
mean GC cladocera: all positions=0.482 position1=0.530 position2=0.429 position3=0.489 
mean GC notostraca: all positions=0.457 position1=0.471 position2=0.426 position3=0.473 

** impossible to compute Ks. saturation? **

mean number of non synonymous sites compared: 144.5
mean Ka cladocera: 0.339027
mean Ka notostraca: 0.38268
dKa: -0.043653	standard deviation (sd): 0.0464996	ratio dKa/sd: -0.938783
exact probability (P): 0.347849

