

## treatement of 3 lineages from file OG0005423.phy ##

equally weighted sequences:
> outgro:
ocin	0.5
tcas	0.5
> anostraca:
afra	1
> cladocera:
dmag	0.333333
dpul	0.333333
etex	0.333333

mean GC outgro: all positions=0.434 position1=0.541 position2=0.368 position3=0.395 
mean GC anostraca: all positions=0.405 position1=0.524 position2=0.346 position3=0.346 
mean GC cladocera: all positions=0.428 position1=0.539 position2=0.362 position3=0.384 

** impossible to compute Ks. saturation? **

mean number of non synonymous sites compared: 363.0
mean Ka anostraca: 0.272753
mean Ka cladocera: 0.254122
dKa: 0.018631	standard deviation (sd): 0.0251527	ratio dKa/sd: 0.740715
exact probability (P): 0.458872

equally weighted sequences:
> outgro:
ocin	0.5
tcas	0.5
> anostraca:
afra	1
> notostraca:
lapu	0.125
lart	0.125
lcou	0.125
lubb	0.125
tcan	0.125
tita	0.125
tlon	0.125
tusa	0.125

mean GC outgro: all positions=0.434 position1=0.541 position2=0.368 position3=0.395 
mean GC anostraca: all positions=0.405 position1=0.524 position2=0.346 position3=0.346 
mean GC notostraca: all positions=0.427 position1=0.499 position2=0.372 position3=0.409 

** impossible to compute Ks. saturation? **

mean number of non synonymous sites compared: 361.1
mean Ka anostraca: 0.272753
mean Ka notostraca: 0.240284
dKa: 0.0324696	standard deviation (sd): 0.0278148	ratio dKa/sd: 1.16735
exact probability (P): 0.243076

equally weighted sequences:
> outgro:
ocin	0.5
tcas	0.5
> cladocera:
dmag	0.333333
dpul	0.333333
etex	0.333333
> notostraca:
lapu	0.125
lart	0.125
lcou	0.125
lubb	0.125
tcan	0.125
tita	0.125
tlon	0.125
tusa	0.125

mean GC outgro: all positions=0.434 position1=0.541 position2=0.368 position3=0.395 
mean GC cladocera: all positions=0.428 position1=0.539 position2=0.362 position3=0.384 
mean GC notostraca: all positions=0.427 position1=0.499 position2=0.372 position3=0.409 

** impossible to compute Ks. saturation? **

mean number of non synonymous sites compared: 358.7
mean Ka cladocera: 0.254122
mean Ka notostraca: 0.240284
dKa: 0.0138387	standard deviation (sd): 0.0202474	ratio dKa/sd: 0.68348
exact probability (P): 0.494309

