

## treatement of 3 lineages from file OG0005139.phy ##

equally weighted sequences:
> outgro:
ocin	0.5
tcas	0.5
> anostraca:
afra	1
> cladocera:
dmag	0.333333
dpul	0.333333
etex	0.333333

mean GC outgro: all positions=0.468 position1=0.596 position2=0.266 position3=0.543 
mean GC anostraca: all positions=0.433 position1=0.617 position2=0.319 position3=0.362 
mean GC cladocera: all positions=0.421 position1=0.617 position2=0.262 position3=0.383 

** impossible to compute Ks. saturation? **

mean number of non synonymous sites compared: 97.0
mean Ka anostraca: 0.465042
mean Ka cladocera: 0.301857
dKa: 0.163185	standard deviation (sd): 0.0646483	ratio dKa/sd: 2.52419
exact probability (P): 0.0116033

equally weighted sequences:
> outgro:
ocin	0.5
tcas	0.5
> anostraca:
afra	1
> notostraca:
lapu	0.125
lart	0.125
lcou	0.125
lubb	0.125
tcan	0.125
tita	0.125
tlon	0.125
tusa	0.125

mean GC outgro: all positions=0.468 position1=0.596 position2=0.266 position3=0.543 
mean GC anostraca: all positions=0.433 position1=0.617 position2=0.319 position3=0.362 
mean GC notostraca: all positions=0.472 position1=0.654 position2=0.255 position3=0.505 

** impossible to compute Ks. saturation? **

mean number of non synonymous sites compared: 97.3
mean Ka anostraca: 0.465042
mean Ka notostraca: 0.352777
dKa: 0.112265	standard deviation (sd): 0.0749871	ratio dKa/sd: 1.49712
exact probability (P): 0.134371

equally weighted sequences:
> outgro:
ocin	0.5
tcas	0.5
> cladocera:
dmag	0.333333
dpul	0.333333
etex	0.333333
> notostraca:
lapu	0.125
lart	0.125
lcou	0.125
lubb	0.125
tcan	0.125
tita	0.125
tlon	0.125
tusa	0.125

mean GC outgro: all positions=0.468 position1=0.596 position2=0.266 position3=0.543 
mean GC cladocera: all positions=0.421 position1=0.617 position2=0.262 position3=0.383 
mean GC notostraca: all positions=0.472 position1=0.654 position2=0.255 position3=0.505 

** impossible to compute Ks. saturation? **

mean number of non synonymous sites compared: 98.0
mean Ka cladocera: 0.301857
mean Ka notostraca: 0.352777
dKa: -0.0509201	standard deviation (sd): 0.0564594	ratio dKa/sd: -0.90189
exact probability (P): 0.367122

