

## treatement of 3 lineages from file OG0005466.phy ##

equally weighted sequences:
> outgro:
ocin	0.5
tcas	0.5
> anostraca:
afra	1
> cladocera:
dmag	0.333333
dpul	0.333333
etex	0.333333

mean GC outgro: all positions=0.407 position1=0.495 position2=0.341 position3=0.386 
mean GC anostraca: all positions=0.373 position1=0.476 position2=0.335 position3=0.308 
mean GC cladocera: all positions=0.422 position1=0.539 position2=0.378 position3=0.348 

** impossible to compute Ks. saturation? **

mean number of non synonymous sites compared: 361.4
mean Ka anostraca: 0.762926
mean Ka cladocera: 0.690426
dKa: 0.0724999	standard deviation (sd): 0.0669214	ratio dKa/sd: 1.08336
exact probability (P): 0.278657

equally weighted sequences:
> outgro:
ocin	0.5
tcas	0.5
> anostraca:
afra	1
> notostraca:
lapu	0.125
lart	0.125
lcou	0.125
lubb	0.125
tcan	0.125
tita	0.125
tlon	0.125
tusa	0.125

mean GC outgro: all positions=0.407 position1=0.495 position2=0.341 position3=0.386 
mean GC anostraca: all positions=0.373 position1=0.476 position2=0.335 position3=0.308 
mean GC notostraca: all positions=0.461 position1=0.566 position2=0.422 position3=0.395 

** impossible to compute Ks. saturation? **

mean number of non synonymous sites compared: 358.4
mean Ka anostraca: 0.762926
mean Ka notostraca: 0.615765
dKa: 0.147161	standard deviation (sd): 0.0677284	ratio dKa/sd: 2.17281
exact probability (P): 0.0298025

equally weighted sequences:
> outgro:
ocin	0.5
tcas	0.5
> cladocera:
dmag	0.333333
dpul	0.333333
etex	0.333333
> notostraca:
lapu	0.125
lart	0.125
lcou	0.125
lubb	0.125
tcan	0.125
tita	0.125
tlon	0.125
tusa	0.125

mean GC outgro: all positions=0.407 position1=0.495 position2=0.341 position3=0.386 
mean GC cladocera: all positions=0.422 position1=0.539 position2=0.378 position3=0.348 
mean GC notostraca: all positions=0.461 position1=0.566 position2=0.422 position3=0.395 

** impossible to compute Ks. saturation? **

mean number of non synonymous sites compared: 359.6
mean Ka cladocera: 0.690426
mean Ka notostraca: 0.615765
dKa: 0.0746611	standard deviation (sd): 0.0498837	ratio dKa/sd: 1.4967
exact probability (P): 0.134479

