

## treatement of 3 lineages from file OG0006167.phy ##

equally weighted sequences:
> outgro:
ocin	0.5
tcas	0.5
> anostraca:
afra	1
> cladocera:
dmag	0.5
dpul	0.5

mean GC outgro: all positions=0.450 position1=0.518 position2=0.358 position3=0.472 
mean GC anostraca: all positions=0.379 position1=0.495 position2=0.266 position3=0.376 
mean GC cladocera: all positions=0.439 position1=0.560 position2=0.344 position3=0.413 

** impossible to compute Ks. saturation? **

mean number of non synonymous sites compared: 212.8
mean Ka anostraca: 0.49243
mean Ka cladocera: 0.25294
dKa: 0.23949	standard deviation (sd): 0.0574539	ratio dKa/sd: 4.16838
exact probability (P): 3.23322e-05

equally weighted sequences:
> outgro:
ocin	0.5
tcas	0.5
> anostraca:
afra	1
> notostraca:
lapu	0.125
lart	0.125
lcou	0.125
lubb	0.125
tcan	0.125
tita	0.125
tlon	0.125
tusa	0.125

mean GC outgro: all positions=0.450 position1=0.518 position2=0.358 position3=0.472 
mean GC anostraca: all positions=0.379 position1=0.495 position2=0.266 position3=0.376 
mean GC notostraca: all positions=0.428 position1=0.539 position2=0.314 position3=0.430 

** impossible to compute Ks. saturation? **

mean number of non synonymous sites compared: 212.6
mean Ka anostraca: 0.49243
mean Ka notostraca: 0.22869
dKa: 0.26374	standard deviation (sd): 0.053195	ratio dKa/sd: 4.95798
exact probability (P): 1.35067e-06

equally weighted sequences:
> outgro:
ocin	0.5
tcas	0.5
> cladocera:
dmag	0.5
dpul	0.5
> notostraca:
lapu	0.125
lart	0.125
lcou	0.125
lubb	0.125
tcan	0.125
tita	0.125
tlon	0.125
tusa	0.125

mean GC outgro: all positions=0.450 position1=0.518 position2=0.358 position3=0.472 
mean GC cladocera: all positions=0.439 position1=0.560 position2=0.344 position3=0.413 
mean GC notostraca: all positions=0.428 position1=0.539 position2=0.314 position3=0.430 

** impossible to compute Ks. saturation? **

mean number of non synonymous sites compared: 213.8
mean Ka cladocera: 0.25294
mean Ka notostraca: 0.22869
dKa: 0.0242501	standard deviation (sd): 0.0260255	ratio dKa/sd: 0.931784
exact probability (P): 0.351455

