

## treatement of 3 lineages from file OG0006200.phy ##

equally weighted sequences:
> outgro:
ocin	0.5
tcas	0.5
> anostraca:
afra	1
> cladocera:
dmag	0.333333
dpul	0.333333
etex	0.333333

mean GC outgro: all positions=0.507 position1=0.481 position2=0.449 position3=0.593 
mean GC anostraca: all positions=0.407 position1=0.497 position2=0.465 position3=0.260 
mean GC cladocera: all positions=0.487 position1=0.497 position2=0.473 position3=0.491 

** impossible to compute Ks. saturation? **

mean number of non synonymous sites compared: 622.1
mean Ka anostraca: 0.421108
mean Ka cladocera: 0.371436
dKa: 0.0496722	standard deviation (sd): 0.0255031	ratio dKa/sd: 1.94769
exact probability (P): 0.0514587

equally weighted sequences:
> outgro:
ocin	0.5
tcas	0.5
> anostraca:
afra	1
> notostraca:
lapu	0.142857
lart	0.142857
lcou	0.142857
lubb	0.142857
tcan	0.142857
tita	0.142857
tusa	0.142857

mean GC outgro: all positions=0.507 position1=0.481 position2=0.449 position3=0.593 
mean GC anostraca: all positions=0.407 position1=0.497 position2=0.465 position3=0.260 
mean GC notostraca: all positions=0.467 position1=0.490 position2=0.473 position3=0.437 

** impossible to compute Ks. saturation? **

mean number of non synonymous sites compared: 623.8
mean Ka anostraca: 0.421108
mean Ka notostraca: 0.371165
dKa: 0.0499431	standard deviation (sd): 0.027194	ratio dKa/sd: 1.83655
exact probability (P): 0.0662857

equally weighted sequences:
> outgro:
ocin	0.5
tcas	0.5
> cladocera:
dmag	0.333333
dpul	0.333333
etex	0.333333
> notostraca:
lapu	0.142857
lart	0.142857
lcou	0.142857
lubb	0.142857
tcan	0.142857
tita	0.142857
tusa	0.142857

mean GC outgro: all positions=0.507 position1=0.481 position2=0.449 position3=0.593 
mean GC cladocera: all positions=0.487 position1=0.497 position2=0.473 position3=0.491 
mean GC notostraca: all positions=0.467 position1=0.490 position2=0.473 position3=0.437 

** impossible to compute Ks. saturation? **

mean number of non synonymous sites compared: 624.2
mean Ka cladocera: 0.371436
mean Ka notostraca: 0.371165
dKa: 0.000270958	standard deviation (sd): 0.0208973	ratio dKa/sd: 0.0129662
exact probability (P): 0.989655

