

## treatement of 3 lineages from file OG0007462.phy ##

equally weighted sequences:
> outgro:
ocin	0.5
tcas	0.5
> anostraca:
afra	1
> cladocera:
dmag	0.5
dpul	0.5

mean GC outgro: all positions=0.521 position1=0.571 position2=0.364 position3=0.629 
mean GC anostraca: all positions=0.452 position1=0.571 position2=0.300 position3=0.486 
mean GC cladocera: all positions=0.424 position1=0.550 position2=0.264 position3=0.457 

** impossible to compute Ks. saturation? **

mean number of non synonymous sites compared: 139.7
mean Ka anostraca: 0.782094
mean Ka cladocera: 0.56287
dKa: 0.219224	standard deviation (sd): 0.108628	ratio dKa/sd: 2.0181
exact probability (P): 0.0435867

equally weighted sequences:
> outgro:
ocin	0.5
tcas	0.5
> anostraca:
afra	1
> notostraca:
lapu	0.166667
lcou	0.166667
lubb	0.166667
tcan	0.166667
tita	0.166667
tusa	0.166667

mean GC outgro: all positions=0.521 position1=0.571 position2=0.364 position3=0.629 
mean GC anostraca: all positions=0.452 position1=0.571 position2=0.300 position3=0.486 
mean GC notostraca: all positions=0.448 position1=0.574 position2=0.348 position3=0.424 

** impossible to compute Ks. saturation? **

mean number of non synonymous sites compared: 138.2
mean Ka anostraca: 0.782094
mean Ka notostraca: 0.557446
dKa: 0.224648	standard deviation (sd): 0.105191	ratio dKa/sd: 2.13563
exact probability (P): 0.0327185

equally weighted sequences:
> outgro:
ocin	0.5
tcas	0.5
> cladocera:
dmag	0.5
dpul	0.5
> notostraca:
lapu	0.166667
lcou	0.166667
lubb	0.166667
tcan	0.166667
tita	0.166667
tusa	0.166667

mean GC outgro: all positions=0.521 position1=0.571 position2=0.364 position3=0.629 
mean GC cladocera: all positions=0.424 position1=0.550 position2=0.264 position3=0.457 
mean GC notostraca: all positions=0.448 position1=0.574 position2=0.348 position3=0.424 

** impossible to compute Ks. saturation? **

mean number of non synonymous sites compared: 140.0
mean Ka cladocera: 0.56287
mean Ka notostraca: 0.557446
dKa: 0.00542422	standard deviation (sd): 0.0831339	ratio dKa/sd: 0.0652468
exact probability (P): 0.947978

