

## treatement of 3 lineages from file OG0006832.phy ##

equally weighted sequences:
> outgro:
ocin	0.5
tcas	0.5
> anostraca:
afra	1
> cladocera:
etex	1

mean GC outgro: all positions=0.423 position1=0.468 position2=0.429 position3=0.372 
mean GC anostraca: all positions=0.333 position1=0.359 position2=0.359 position3=0.282 
mean GC cladocera: all positions=0.487 position1=0.449 position2=0.462 position3=0.551 

** impossible to compute Ks. saturation? **

mean number of non synonymous sites compared: 150.7
mean Ka anostraca: 0.480798
mean Ka cladocera: 0.414932
dKa: 0.0658652	standard deviation (sd): 0.0680688	ratio dKa/sd: 0.967626
exact probability (P): 0.333238

equally weighted sequences:
> outgro:
ocin	0.5
tcas	0.5
> anostraca:
afra	1
> notostraca:
lapu	0.125
lart	0.125
lcou	0.125
lubb	0.125
tcan	0.125
tita	0.125
tlon	0.125
tusa	0.125

mean GC outgro: all positions=0.423 position1=0.468 position2=0.429 position3=0.372 
mean GC anostraca: all positions=0.333 position1=0.359 position2=0.359 position3=0.282 
mean GC notostraca: all positions=0.439 position1=0.426 position2=0.452 position3=0.439 

** impossible to compute Ks. saturation? **

mean number of non synonymous sites compared: 151.1
mean Ka anostraca: 0.480798
mean Ka notostraca: 0.359909
dKa: 0.120889	standard deviation (sd): 0.0654314	ratio dKa/sd: 1.84757
exact probability (P): 0.0646735

equally weighted sequences:
> outgro:
ocin	0.5
tcas	0.5
> cladocera:
etex	1
> notostraca:
lapu	0.125
lart	0.125
lcou	0.125
lubb	0.125
tcan	0.125
tita	0.125
tlon	0.125
tusa	0.125

mean GC outgro: all positions=0.423 position1=0.468 position2=0.429 position3=0.372 
mean GC cladocera: all positions=0.487 position1=0.449 position2=0.462 position3=0.551 
mean GC notostraca: all positions=0.439 position1=0.426 position2=0.452 position3=0.439 

** impossible to compute Ks. saturation? **

mean number of non synonymous sites compared: 149.5
mean Ka cladocera: 0.414932
mean Ka notostraca: 0.359909
dKa: 0.0550238	standard deviation (sd): 0.0496912	ratio dKa/sd: 1.10732
exact probability (P): 0.268164

