

## treatement of 3 lineages from file OG0007976.phy ##

equally weighted sequences:
> outgro:
ocin	0.5
tcas	0.5
> anostraca:
afra	1
> cladocera:
dmag	0.333333
dpul	0.333333
etex	0.333333

mean GC outgro: all positions=0.507 position1=0.562 position2=0.354 position3=0.604 
mean GC anostraca: all positions=0.403 position1=0.569 position2=0.250 position3=0.389 
mean GC cladocera: all positions=0.449 position1=0.569 position2=0.333 position3=0.444 

** impossible to compute Ks. saturation? **

mean number of non synonymous sites compared: 141.0
mean Ka anostraca: 0.169062
mean Ka cladocera: 0.0944647
dKa: 0.0745974	standard deviation (sd): 0.0389942	ratio dKa/sd: 1.91304
exact probability (P): 0.0557518

equally weighted sequences:
> outgro:
ocin	0.5
tcas	0.5
> anostraca:
afra	1
> notostraca:
lart	0.25
tcan	0.25
tita	0.25
tusa	0.25

mean GC outgro: all positions=0.507 position1=0.562 position2=0.354 position3=0.604 
mean GC anostraca: all positions=0.403 position1=0.569 position2=0.250 position3=0.389 
mean GC notostraca: all positions=0.502 position1=0.594 position2=0.340 position3=0.573 

** impossible to compute Ks. saturation? **

mean number of non synonymous sites compared: 142.0
mean Ka anostraca: 0.169062
mean Ka notostraca: 0.0942703
dKa: 0.0747918	standard deviation (sd): 0.0372873	ratio dKa/sd: 2.00583
exact probability (P): 0.0448836

equally weighted sequences:
> outgro:
ocin	0.5
tcas	0.5
> cladocera:
dmag	0.333333
dpul	0.333333
etex	0.333333
> notostraca:
lart	0.25
tcan	0.25
tita	0.25
tusa	0.25

mean GC outgro: all positions=0.507 position1=0.562 position2=0.354 position3=0.604 
mean GC cladocera: all positions=0.449 position1=0.569 position2=0.333 position3=0.444 
mean GC notostraca: all positions=0.502 position1=0.594 position2=0.340 position3=0.573 

** impossible to compute Ks. saturation? **

mean number of non synonymous sites compared: 138.5
mean Ka cladocera: 0.0944647
mean Ka notostraca: 0.0942703
dKa: 0.000194401	standard deviation (sd): 0.0193588	ratio dKa/sd: 0.010042
exact probability (P): 0.991988

