

## treatement of 3 lineages from file OG0006283.phy ##

equally weighted sequences:
> outgro:
tcas	1
> anostraca:
afra	1
> cladocera:
dmag	0.333333
dpul	0.333333
etex	0.333333

mean GC outgro: all positions=0.519 position1=0.667 position2=0.292 position3=0.597 
mean GC anostraca: all positions=0.440 position1=0.528 position2=0.403 position3=0.389 
mean GC cladocera: all positions=0.543 position1=0.685 position2=0.412 position3=0.532 

** impossible to compute Ks. saturation? **

mean number of non synonymous sites compared: 149.4
mean Ka anostraca: 1.03157
mean Ka cladocera: 0.667121
dKa: 0.364449	standard deviation (sd): 0.180394	ratio dKa/sd: 2.0203
exact probability (P): 0.0433608

equally weighted sequences:
> outgro:
tcas	1
> anostraca:
afra	1
> notostraca:
lapu	0.125
lart	0.125
lcou	0.125
lubb	0.125
tcan	0.125
tita	0.125
tlon	0.125
tusa	0.125

mean GC outgro: all positions=0.519 position1=0.667 position2=0.292 position3=0.597 
mean GC anostraca: all positions=0.440 position1=0.528 position2=0.403 position3=0.389 
mean GC notostraca: all positions=0.496 position1=0.622 position2=0.370 position3=0.497 

** impossible to compute Ks. saturation? **

mean number of non synonymous sites compared: 149.6
mean Ka anostraca: 1.03157
mean Ka notostraca: 0.645774
dKa: 0.385795	standard deviation (sd): 0.17042	ratio dKa/sd: 2.26379
exact probability (P): 0.0235946

equally weighted sequences:
> outgro:
tcas	1
> cladocera:
dmag	0.333333
dpul	0.333333
etex	0.333333
> notostraca:
lapu	0.125
lart	0.125
lcou	0.125
lubb	0.125
tcan	0.125
tita	0.125
tlon	0.125
tusa	0.125

mean GC outgro: all positions=0.519 position1=0.667 position2=0.292 position3=0.597 
mean GC cladocera: all positions=0.543 position1=0.685 position2=0.412 position3=0.532 
mean GC notostraca: all positions=0.496 position1=0.622 position2=0.370 position3=0.497 

** impossible to compute Ks. saturation? **

mean number of non synonymous sites compared: 153.4
mean Ka cladocera: 0.667121
mean Ka notostraca: 0.645774
dKa: 0.0213466	standard deviation (sd): 0.0901801	ratio dKa/sd: 0.236711
exact probability (P): 0.812883

