

## treatement of 3 lineages from file OG0005321.phy ##

equally weighted sequences:
> outgro:
ocin	0.5
tcas	0.5
> anostraca:
afra	1
> cladocera:
dmag	0.333333
dpul	0.333333
etex	0.333333

mean GC outgro: all positions=0.500 position1=0.525 position2=0.396 position3=0.579 
mean GC anostraca: all positions=0.426 position1=0.475 position2=0.337 position3=0.465 
mean GC cladocera: all positions=0.509 position1=0.485 position2=0.416 position3=0.627 

** impossible to compute Ks. saturation? **

mean number of non synonymous sites compared: 192.9
mean Ka anostraca: 0.224764
mean Ka cladocera: 0.189453
dKa: 0.0353108	standard deviation (sd): 0.0294591	ratio dKa/sd: 1.19864
exact probability (P): 0.230676

equally weighted sequences:
> outgro:
ocin	0.5
tcas	0.5
> anostraca:
afra	1
> notostraca:
lapu	0.125
lart	0.125
lcou	0.125
lubb	0.125
tcan	0.125
tita	0.125
tlon	0.125
tusa	0.125

mean GC outgro: all positions=0.500 position1=0.525 position2=0.396 position3=0.579 
mean GC anostraca: all positions=0.426 position1=0.475 position2=0.337 position3=0.465 
mean GC notostraca: all positions=0.512 position1=0.510 position2=0.401 position3=0.624 

** impossible to compute Ks. saturation? **

mean number of non synonymous sites compared: 192.2
mean Ka anostraca: 0.224764
mean Ka notostraca: 0.191955
dKa: 0.0328087	standard deviation (sd): 0.0291673	ratio dKa/sd: 1.12485
exact probability (P): 0.260661

equally weighted sequences:
> outgro:
ocin	0.5
tcas	0.5
> cladocera:
dmag	0.333333
dpul	0.333333
etex	0.333333
> notostraca:
lapu	0.125
lart	0.125
lcou	0.125
lubb	0.125
tcan	0.125
tita	0.125
tlon	0.125
tusa	0.125

mean GC outgro: all positions=0.500 position1=0.525 position2=0.396 position3=0.579 
mean GC cladocera: all positions=0.509 position1=0.485 position2=0.416 position3=0.627 
mean GC notostraca: all positions=0.512 position1=0.510 position2=0.401 position3=0.624 

** impossible to compute Ks. saturation? **

mean number of non synonymous sites compared: 195.4
mean Ka cladocera: 0.189453
mean Ka notostraca: 0.191955
dKa: -0.00250208	standard deviation (sd): 0.0189219	ratio dKa/sd: -0.132232
exact probability (P): 0.894801

