

## treatement of 3 lineages from file OG0005170.phy ##

equally weighted sequences:
> outgro:
ocin	0.5
tcas	0.5
> anostraca:
afra	1
> cladocera:
dmag	0.333333
dpul	0.333333
etex	0.333333

mean GC outgro: all positions=0.443 position1=0.525 position2=0.355 position3=0.449 
mean GC anostraca: all positions=0.405 position1=0.520 position2=0.331 position3=0.364 
mean GC cladocera: all positions=0.453 position1=0.528 position2=0.392 position3=0.438 

** impossible to compute Ks. saturation? **

mean number of non synonymous sites compared: 544.8
mean Ka anostraca: 0.42987
mean Ka cladocera: 0.341897
dKa: 0.0879725	standard deviation (sd): 0.0270883	ratio dKa/sd: 3.24762
exact probability (P): 0.00116806

equally weighted sequences:
> outgro:
ocin	0.5
tcas	0.5
> anostraca:
afra	1
> notostraca:
lapu	0.125
lart	0.125
lcou	0.125
lubb	0.125
tcan	0.125
tita	0.125
tlon	0.125
tusa	0.125

mean GC outgro: all positions=0.443 position1=0.525 position2=0.355 position3=0.449 
mean GC anostraca: all positions=0.405 position1=0.520 position2=0.331 position3=0.364 
mean GC notostraca: all positions=0.473 position1=0.535 position2=0.388 position3=0.495 

** impossible to compute Ks. saturation? **

mean number of non synonymous sites compared: 541.3
mean Ka anostraca: 0.42987
mean Ka notostraca: 0.311302
dKa: 0.118568	standard deviation (sd): 0.0282959	ratio dKa/sd: 4.19028
exact probability (P): 2.97155e-05

equally weighted sequences:
> outgro:
ocin	0.5
tcas	0.5
> cladocera:
dmag	0.333333
dpul	0.333333
etex	0.333333
> notostraca:
lapu	0.125
lart	0.125
lcou	0.125
lubb	0.125
tcan	0.125
tita	0.125
tlon	0.125
tusa	0.125

mean GC outgro: all positions=0.443 position1=0.525 position2=0.355 position3=0.449 
mean GC cladocera: all positions=0.453 position1=0.528 position2=0.392 position3=0.438 
mean GC notostraca: all positions=0.473 position1=0.535 position2=0.388 position3=0.495 

** impossible to compute Ks. saturation? **

mean number of non synonymous sites compared: 539.8
mean Ka cladocera: 0.341897
mean Ka notostraca: 0.311302
dKa: 0.0305952	standard deviation (sd): 0.0173934	ratio dKa/sd: 1.75901
exact probability (P): 0.0785846

