

## treatement of 3 lineages from file OG0006932.phy ##

equally weighted sequences:
> outgro:
ocin	0.5
tcas	0.5
> anostraca:
afra	1
> cladocera:
dmag	0.5
dpul	0.5

mean GC outgro: all positions=0.453 position1=0.479 position2=0.373 position3=0.507 
mean GC anostraca: all positions=0.347 position1=0.437 position2=0.338 position3=0.268 
mean GC cladocera: all positions=0.371 position1=0.451 position2=0.338 position3=0.324 

** impossible to compute Ks. saturation? **

mean number of non synonymous sites compared: 142.5
mean Ka anostraca: 0.413065
mean Ka cladocera: 0.465072
dKa: -0.0520071	standard deviation (sd): 0.0600472	ratio dKa/sd: -0.866103
exact probability (P): 0.38644

equally weighted sequences:
> outgro:
ocin	0.5
tcas	0.5
> anostraca:
afra	1
> notostraca:
lapu	0.142857
lart	0.142857
lcou	0.142857
tcan	0.142857
tita	0.142857
tlon	0.142857
tusa	0.142857

mean GC outgro: all positions=0.453 position1=0.479 position2=0.373 position3=0.507 
mean GC anostraca: all positions=0.347 position1=0.437 position2=0.338 position3=0.268 
mean GC notostraca: all positions=0.452 position1=0.469 position2=0.433 position3=0.455 

** impossible to compute Ks. saturation? **

mean number of non synonymous sites compared: 142.3
mean Ka anostraca: 0.413065
mean Ka notostraca: 0.382411
dKa: 0.0306542	standard deviation (sd): 0.0572372	ratio dKa/sd: 0.535564
exact probability (P): 0.592264

equally weighted sequences:
> outgro:
ocin	0.5
tcas	0.5
> cladocera:
dmag	0.5
dpul	0.5
> notostraca:
lapu	0.142857
lart	0.142857
lcou	0.142857
tcan	0.142857
tita	0.142857
tlon	0.142857
tusa	0.142857

mean GC outgro: all positions=0.453 position1=0.479 position2=0.373 position3=0.507 
mean GC cladocera: all positions=0.371 position1=0.451 position2=0.338 position3=0.324 
mean GC notostraca: all positions=0.452 position1=0.469 position2=0.433 position3=0.455 

** impossible to compute Ks. saturation? **

mean number of non synonymous sites compared: 145.1
mean Ka cladocera: 0.465072
mean Ka notostraca: 0.382411
dKa: 0.0826613	standard deviation (sd): 0.0546605	ratio dKa/sd: 1.51227
exact probability (P): 0.130474

