

## treatement of 3 lineages from file OG0007010.phy ##

equally weighted sequences:
> outgro:
tcas	1
> anostraca:
afra	1
> cladocera:
dmag	0.5
dpul	0.5

mean GC outgro: all positions=0.464 position1=0.497 position2=0.307 position3=0.588 
mean GC anostraca: all positions=0.438 position1=0.536 position2=0.353 position3=0.425 
mean GC cladocera: all positions=0.427 position1=0.507 position2=0.340 position3=0.435 

** impossible to compute Ks. saturation? **

mean number of non synonymous sites compared: 299.5
mean Ka anostraca: 0.170289
mean Ka cladocera: 0.120412
dKa: 0.0498777	standard deviation (sd): 0.0210418	ratio dKa/sd: 2.37041
exact probability (P): 0.0177764

equally weighted sequences:
> outgro:
tcas	1
> anostraca:
afra	1
> notostraca:
lapu	0.125
lart	0.125
lcou	0.125
lubb	0.125
tcan	0.125
tita	0.125
tlon	0.125
tusa	0.125

mean GC outgro: all positions=0.464 position1=0.497 position2=0.307 position3=0.588 
mean GC anostraca: all positions=0.438 position1=0.536 position2=0.353 position3=0.425 
mean GC notostraca: all positions=0.442 position1=0.502 position2=0.353 position3=0.471 

** impossible to compute Ks. saturation? **

mean number of non synonymous sites compared: 297.5
mean Ka anostraca: 0.170289
mean Ka notostraca: 0.12195
dKa: 0.0483395	standard deviation (sd): 0.0207217	ratio dKa/sd: 2.3328
exact probability (P): 0.0196665

equally weighted sequences:
> outgro:
tcas	1
> cladocera:
dmag	0.5
dpul	0.5
> notostraca:
lapu	0.125
lart	0.125
lcou	0.125
lubb	0.125
tcan	0.125
tita	0.125
tlon	0.125
tusa	0.125

mean GC outgro: all positions=0.464 position1=0.497 position2=0.307 position3=0.588 
mean GC cladocera: all positions=0.427 position1=0.507 position2=0.340 position3=0.435 
mean GC notostraca: all positions=0.442 position1=0.502 position2=0.353 position3=0.471 

** impossible to compute Ks. saturation? **

mean number of non synonymous sites compared: 298.6
mean Ka cladocera: 0.120412
mean Ka notostraca: 0.12195
dKa: -0.00153826	standard deviation (sd): 0.0130296	ratio dKa/sd: -0.118059
exact probability (P): 0.906022

