

## treatement of 3 lineages from file OG0007446.phy ##

equally weighted sequences:
> outgro:
tcas	1
> anostraca:
afra	1
> cladocera:
dmag	0.333333
dpul	0.333333
etex	0.333333

mean GC outgro: all positions=0.481 position1=0.468 position2=0.421 position3=0.556 
mean GC anostraca: all positions=0.410 position1=0.540 position2=0.357 position3=0.333 
mean GC cladocera: all positions=0.448 position1=0.516 position2=0.389 position3=0.439 

** impossible to compute Ks. saturation? **

mean number of non synonymous sites compared: 243.0
mean Ka anostraca: 0.570544
mean Ka cladocera: 0.322279
dKa: 0.248265	standard deviation (sd): 0.0603712	ratio dKa/sd: 4.1123
exact probability (P): 4.08608e-05

equally weighted sequences:
> outgro:
tcas	1
> anostraca:
afra	1
> notostraca:
lapu	0.166667
lcou	0.166667
lubb	0.166667
tcan	0.166667
tita	0.166667
tusa	0.166667

mean GC outgro: all positions=0.481 position1=0.468 position2=0.421 position3=0.556 
mean GC anostraca: all positions=0.410 position1=0.540 position2=0.357 position3=0.333 
mean GC notostraca: all positions=0.466 position1=0.552 position2=0.397 position3=0.448 

** impossible to compute Ks. saturation? **

mean number of non synonymous sites compared: 239.8
mean Ka anostraca: 0.570544
mean Ka notostraca: 0.333855
dKa: 0.236689	standard deviation (sd): 0.0610555	ratio dKa/sd: 3.87662
exact probability (P): 0.00010841

equally weighted sequences:
> outgro:
tcas	1
> cladocera:
dmag	0.333333
dpul	0.333333
etex	0.333333
> notostraca:
lapu	0.166667
lcou	0.166667
lubb	0.166667
tcan	0.166667
tita	0.166667
tusa	0.166667

mean GC outgro: all positions=0.481 position1=0.468 position2=0.421 position3=0.556 
mean GC cladocera: all positions=0.448 position1=0.516 position2=0.389 position3=0.439 
mean GC notostraca: all positions=0.466 position1=0.552 position2=0.397 position3=0.448 

** impossible to compute Ks. saturation? **

mean number of non synonymous sites compared: 241.4
mean Ka cladocera: 0.322279
mean Ka notostraca: 0.333855
dKa: -0.0115754	standard deviation (sd): 0.0309859	ratio dKa/sd: -0.37357
exact probability (P): 0.708727

