

## treatement of 3 lineages from file OG0005176.phy ##

equally weighted sequences:
> outgro:
ocin	0.5
tcas	0.5
> anostraca:
afra	1
> cladocera:
dmag	0.333333
dpul	0.333333
etex	0.333333

mean GC outgro: all positions=0.405 position1=0.459 position2=0.309 position3=0.448 
mean GC anostraca: all positions=0.388 position1=0.481 position2=0.355 position3=0.328 
mean GC cladocera: all positions=0.415 position1=0.466 position2=0.319 position3=0.461 

** impossible to compute Ks. saturation? **

mean number of non synonymous sites compared: 362.2
mean Ka anostraca: 0.602214
mean Ka cladocera: 0.342879
dKa: 0.259335	standard deviation (sd): 0.0491307	ratio dKa/sd: 5.27847
exact probability (P): 3.08201e-07

equally weighted sequences:
> outgro:
ocin	0.5
tcas	0.5
> anostraca:
afra	1
> notostraca:
lapu	0.125
lart	0.125
lcou	0.125
lubb	0.125
tcan	0.125
tita	0.125
tlon	0.125
tusa	0.125

mean GC outgro: all positions=0.405 position1=0.459 position2=0.309 position3=0.448 
mean GC anostraca: all positions=0.388 position1=0.481 position2=0.355 position3=0.328 
mean GC notostraca: all positions=0.473 position1=0.526 position2=0.383 position3=0.511 

** impossible to compute Ks. saturation? **

mean number of non synonymous sites compared: 361.4
mean Ka anostraca: 0.602214
mean Ka notostraca: 0.349289
dKa: 0.252925	standard deviation (sd): 0.0505531	ratio dKa/sd: 5.00315
exact probability (P): 1.08341e-06

equally weighted sequences:
> outgro:
ocin	0.5
tcas	0.5
> cladocera:
dmag	0.333333
dpul	0.333333
etex	0.333333
> notostraca:
lapu	0.125
lart	0.125
lcou	0.125
lubb	0.125
tcan	0.125
tita	0.125
tlon	0.125
tusa	0.125

mean GC outgro: all positions=0.405 position1=0.459 position2=0.309 position3=0.448 
mean GC cladocera: all positions=0.415 position1=0.466 position2=0.319 position3=0.461 
mean GC notostraca: all positions=0.473 position1=0.526 position2=0.383 position3=0.511 

** impossible to compute Ks. saturation? **

mean number of non synonymous sites compared: 354.0
mean Ka cladocera: 0.342879
mean Ka notostraca: 0.349289
dKa: -0.00641025	standard deviation (sd): 0.0270574	ratio dKa/sd: -0.236913
exact probability (P): 0.812726

