

## treatement of 3 lineages from file OG0005403.phy ##

equally weighted sequences:
> outgro:
ocin	0.5
tcas	0.5
> anostraca:
afra	1
> cladocera:
dmag	0.333333
dpul	0.333333
etex	0.333333

mean GC outgro: all positions=0.468 position1=0.412 position2=0.544 position3=0.449 
mean GC anostraca: all positions=0.446 position1=0.368 position2=0.544 position3=0.426 
mean GC cladocera: all positions=0.521 position1=0.446 position2=0.549 position3=0.569 

** impossible to compute Ks. saturation? **

mean number of non synonymous sites compared: 134.3
mean Ka anostraca: 0.0902421
mean Ka cladocera: 0.0736782
dKa: 0.016564	standard deviation (sd): 0.0194394	ratio dKa/sd: 0.852082
exact probability (P): 0.394174

equally weighted sequences:
> outgro:
ocin	0.5
tcas	0.5
> anostraca:
afra	1
> notostraca:
lapu	0.125
lart	0.125
lcou	0.125
lubb	0.125
tcan	0.125
tita	0.125
tlon	0.125
tusa	0.125

mean GC outgro: all positions=0.468 position1=0.412 position2=0.544 position3=0.449 
mean GC anostraca: all positions=0.446 position1=0.368 position2=0.544 position3=0.426 
mean GC notostraca: all positions=0.536 position1=0.493 position2=0.559 position3=0.557 

** impossible to compute Ks. saturation? **

mean number of non synonymous sites compared: 134.5
mean Ka anostraca: 0.0902421
mean Ka notostraca: 0.0917714
dKa: -0.00152924	standard deviation (sd): 0.0200772	ratio dKa/sd: -0.0761682
exact probability (P): 0.939286

equally weighted sequences:
> outgro:
ocin	0.5
tcas	0.5
> cladocera:
dmag	0.333333
dpul	0.333333
etex	0.333333
> notostraca:
lapu	0.125
lart	0.125
lcou	0.125
lubb	0.125
tcan	0.125
tita	0.125
tlon	0.125
tusa	0.125

mean GC outgro: all positions=0.468 position1=0.412 position2=0.544 position3=0.449 
mean GC cladocera: all positions=0.521 position1=0.446 position2=0.549 position3=0.569 
mean GC notostraca: all positions=0.536 position1=0.493 position2=0.559 position3=0.557 

** impossible to compute Ks. saturation? **

mean number of non synonymous sites compared: 135.1
mean Ka cladocera: 0.0736782
mean Ka notostraca: 0.0917714
dKa: -0.0180932	standard deviation (sd): 0.015082	ratio dKa/sd: -1.19966
exact probability (P): 0.230279

