

## treatement of 3 lineages from file OG0005419.phy ##

equally weighted sequences:
> outgro:
ocin	0.5
tcas	0.5
> anostraca:
afra	1
> cladocera:
dmag	0.333333
dpul	0.333333
etex	0.333333

mean GC outgro: all positions=0.398 position1=0.524 position2=0.284 position3=0.385 
mean GC anostraca: all positions=0.379 position1=0.528 position2=0.290 position3=0.319 
mean GC cladocera: all positions=0.437 position1=0.586 position2=0.344 position3=0.380 

** impossible to compute Ks. saturation? **

mean number of non synonymous sites compared: 510.8
mean Ka anostraca: 0.427125
mean Ka cladocera: 0.368654
dKa: 0.0584708	standard deviation (sd): 0.0336883	ratio dKa/sd: 1.73564
exact probability (P): 0.082635

equally weighted sequences:
> outgro:
ocin	0.5
tcas	0.5
> anostraca:
afra	1
> notostraca:
lapu	0.125
lart	0.125
lcou	0.125
lubb	0.125
tcan	0.125
tita	0.125
tlon	0.125
tusa	0.125

mean GC outgro: all positions=0.398 position1=0.524 position2=0.284 position3=0.385 
mean GC anostraca: all positions=0.379 position1=0.528 position2=0.290 position3=0.319 
mean GC notostraca: all positions=0.462 position1=0.576 position2=0.356 position3=0.454 

** impossible to compute Ks. saturation? **

mean number of non synonymous sites compared: 506.6
mean Ka anostraca: 0.427125
mean Ka notostraca: 0.337891
dKa: 0.0892336	standard deviation (sd): 0.0339029	ratio dKa/sd: 2.63204
exact probability (P): 0.00849421

equally weighted sequences:
> outgro:
ocin	0.5
tcas	0.5
> cladocera:
dmag	0.333333
dpul	0.333333
etex	0.333333
> notostraca:
lapu	0.125
lart	0.125
lcou	0.125
lubb	0.125
tcan	0.125
tita	0.125
tlon	0.125
tusa	0.125

mean GC outgro: all positions=0.398 position1=0.524 position2=0.284 position3=0.385 
mean GC cladocera: all positions=0.437 position1=0.586 position2=0.344 position3=0.380 
mean GC notostraca: all positions=0.462 position1=0.576 position2=0.356 position3=0.454 

** impossible to compute Ks. saturation? **

mean number of non synonymous sites compared: 500.7
mean Ka cladocera: 0.368654
mean Ka notostraca: 0.337891
dKa: 0.0307628	standard deviation (sd): 0.0232593	ratio dKa/sd: 1.3226
exact probability (P): 0.185974

