

## treatement of 3 lineages from file OG0004949.phy ##

equally weighted sequences:
> outgro:
ocin	0.5
tcas	0.5
> anostraca:
afra	1
> cladocera:
dmag	0.333333
dpul	0.333333
etex	0.333333

mean GC outgro: all positions=0.481 position1=0.543 position2=0.331 position3=0.570 
mean GC anostraca: all positions=0.388 position1=0.517 position2=0.309 position3=0.338 
mean GC cladocera: all positions=0.441 position1=0.572 position2=0.296 position3=0.456 

** impossible to compute Ks. saturation? **

mean number of non synonymous sites compared: 402.3
mean Ka anostraca: 0.399424
mean Ka cladocera: 0.329926
dKa: 0.069498	standard deviation (sd): 0.028852	ratio dKa/sd: 2.40878
exact probability (P): 0.0160135

equally weighted sequences:
> outgro:
ocin	0.5
tcas	0.5
> anostraca:
afra	1
> notostraca:
lapu	0.125
lart	0.125
lcou	0.125
lubb	0.125
tcan	0.125
tita	0.125
tlon	0.125
tusa	0.125

mean GC outgro: all positions=0.481 position1=0.543 position2=0.331 position3=0.570 
mean GC anostraca: all positions=0.388 position1=0.517 position2=0.309 position3=0.338 
mean GC notostraca: all positions=0.477 position1=0.546 position2=0.307 position3=0.576 

** impossible to compute Ks. saturation? **

mean number of non synonymous sites compared: 405.6
mean Ka anostraca: 0.399424
mean Ka notostraca: 0.313604
dKa: 0.0858195	standard deviation (sd): 0.0299157	ratio dKa/sd: 2.86871
exact probability (P): 0.0041275

equally weighted sequences:
> outgro:
ocin	0.5
tcas	0.5
> cladocera:
dmag	0.333333
dpul	0.333333
etex	0.333333
> notostraca:
lapu	0.125
lart	0.125
lcou	0.125
lubb	0.125
tcan	0.125
tita	0.125
tlon	0.125
tusa	0.125

mean GC outgro: all positions=0.481 position1=0.543 position2=0.331 position3=0.570 
mean GC cladocera: all positions=0.441 position1=0.572 position2=0.296 position3=0.456 
mean GC notostraca: all positions=0.477 position1=0.546 position2=0.307 position3=0.576 

** impossible to compute Ks. saturation? **

mean number of non synonymous sites compared: 411.4
mean Ka cladocera: 0.329926
mean Ka notostraca: 0.313604
dKa: 0.0163215	standard deviation (sd): 0.0189002	ratio dKa/sd: 0.863563
exact probability (P): 0.387834

