

## treatement of 3 lineages from file OG0006324.phy ##

equally weighted sequences:
> outgro:
ocin	0.5
tcas	0.5
> anostraca:
afra	1
> cladocera:
dmag	0.5
dpul	0.5

mean GC outgro: all positions=0.457 position1=0.487 position2=0.396 position3=0.487 
mean GC anostraca: all positions=0.416 position1=0.506 position2=0.385 position3=0.355 
mean GC cladocera: all positions=0.436 position1=0.517 position2=0.409 position3=0.381 

** impossible to compute Ks. saturation? **

mean number of non synonymous sites compared: 449.6
mean Ka anostraca: 0.253842
mean Ka cladocera: 0.285223
dKa: -0.0313804	standard deviation (sd): 0.0238276	ratio dKa/sd: -1.31698
exact probability (P): 0.187854

equally weighted sequences:
> outgro:
ocin	0.5
tcas	0.5
> anostraca:
afra	1
> notostraca:
lapu	0.125
lart	0.125
lcou	0.125
lubb	0.125
tcan	0.125
tita	0.125
tlon	0.125
tusa	0.125

mean GC outgro: all positions=0.457 position1=0.487 position2=0.396 position3=0.487 
mean GC anostraca: all positions=0.416 position1=0.506 position2=0.385 position3=0.355 
mean GC notostraca: all positions=0.475 position1=0.532 position2=0.390 position3=0.502 

** impossible to compute Ks. saturation? **

mean number of non synonymous sites compared: 450.0
mean Ka anostraca: 0.253842
mean Ka notostraca: 0.2811
dKa: -0.0272576	standard deviation (sd): 0.0236365	ratio dKa/sd: -1.1532
exact probability (P): 0.248836

equally weighted sequences:
> outgro:
ocin	0.5
tcas	0.5
> cladocera:
dmag	0.5
dpul	0.5
> notostraca:
lapu	0.125
lart	0.125
lcou	0.125
lubb	0.125
tcan	0.125
tita	0.125
tlon	0.125
tusa	0.125

mean GC outgro: all positions=0.457 position1=0.487 position2=0.396 position3=0.487 
mean GC cladocera: all positions=0.436 position1=0.517 position2=0.409 position3=0.381 
mean GC notostraca: all positions=0.475 position1=0.532 position2=0.390 position3=0.502 

** impossible to compute Ks. saturation? **

mean number of non synonymous sites compared: 452.3
mean Ka cladocera: 0.285223
mean Ka notostraca: 0.2811
dKa: 0.00412283	standard deviation (sd): 0.0246339	ratio dKa/sd: 0.167364
exact probability (P): 0.867084

