

## treatement of 3 lineages from file OG0005473.phy ##

equally weighted sequences:
> outgro:
ocin	0.5
tcas	0.5
> anostraca:
afra	1
> cladocera:
dmag	0.333333
dpul	0.333333
etex	0.333333

mean GC outgro: all positions=0.430 position1=0.513 position2=0.361 position3=0.417 
mean GC anostraca: all positions=0.428 position1=0.581 position2=0.359 position3=0.343 
mean GC cladocera: all positions=0.458 position1=0.540 position2=0.394 position3=0.439 

** impossible to compute Ks. saturation? **

mean number of non synonymous sites compared: 389.1
mean Ka anostraca: 0.505322
mean Ka cladocera: 0.434557
dKa: 0.0707648	standard deviation (sd): 0.0372436	ratio dKa/sd: 1.90005
exact probability (P): 0.0574352

equally weighted sequences:
> outgro:
ocin	0.5
tcas	0.5
> anostraca:
afra	1
> notostraca:
lapu	0.125
lart	0.125
lcou	0.125
lubb	0.125
tcan	0.125
tita	0.125
tlon	0.125
tusa	0.125

mean GC outgro: all positions=0.430 position1=0.513 position2=0.361 position3=0.417 
mean GC anostraca: all positions=0.428 position1=0.581 position2=0.359 position3=0.343 
mean GC notostraca: all positions=0.466 position1=0.509 position2=0.419 position3=0.470 

** impossible to compute Ks. saturation? **

mean number of non synonymous sites compared: 386.2
mean Ka anostraca: 0.505322
mean Ka notostraca: 0.424804
dKa: 0.0805174	standard deviation (sd): 0.0388857	ratio dKa/sd: 2.07062
exact probability (P): 0.0384024

equally weighted sequences:
> outgro:
ocin	0.5
tcas	0.5
> cladocera:
dmag	0.333333
dpul	0.333333
etex	0.333333
> notostraca:
lapu	0.125
lart	0.125
lcou	0.125
lubb	0.125
tcan	0.125
tita	0.125
tlon	0.125
tusa	0.125

mean GC outgro: all positions=0.430 position1=0.513 position2=0.361 position3=0.417 
mean GC cladocera: all positions=0.458 position1=0.540 position2=0.394 position3=0.439 
mean GC notostraca: all positions=0.466 position1=0.509 position2=0.419 position3=0.470 

** impossible to compute Ks. saturation? **

mean number of non synonymous sites compared: 384.8
mean Ka cladocera: 0.434557
mean Ka notostraca: 0.424804
dKa: 0.00975256	standard deviation (sd): 0.027766	ratio dKa/sd: 0.351241
exact probability (P): 0.72541

