

## treatement of 3 lineages from file OG0006344.phy ##

equally weighted sequences:
> outgro:
ocin	0.5
tcas	0.5
> anostraca:
afra	1
> cladocera:
dmag	0.333333
dpul	0.333333
etex	0.333333

mean GC outgro: all positions=0.481 position1=0.606 position2=0.442 position3=0.397 
mean GC anostraca: all positions=0.476 position1=0.611 position2=0.411 position3=0.406 
mean GC cladocera: all positions=0.526 position1=0.654 position2=0.431 position3=0.493 

** impossible to compute Ks. saturation? **

mean number of non synonymous sites compared: 351.2
mean Ka anostraca: 0.199748
mean Ka cladocera: 0.171369
dKa: 0.028379	standard deviation (sd): 0.0210836	ratio dKa/sd: 1.34602
exact probability (P): 0.178303

equally weighted sequences:
> outgro:
ocin	0.5
tcas	0.5
> anostraca:
afra	1
> notostraca:
lart	0.142857
lcou	0.142857
lubb	0.142857
tcan	0.142857
tita	0.142857
tlon	0.142857
tusa	0.142857

mean GC outgro: all positions=0.481 position1=0.606 position2=0.442 position3=0.397 
mean GC anostraca: all positions=0.476 position1=0.611 position2=0.411 position3=0.406 
mean GC notostraca: all positions=0.502 position1=0.657 position2=0.444 position3=0.403 

** impossible to compute Ks. saturation? **

mean number of non synonymous sites compared: 349.8
mean Ka anostraca: 0.199748
mean Ka notostraca: 0.164601
dKa: 0.0351471	standard deviation (sd): 0.0201118	ratio dKa/sd: 1.74759
exact probability (P): 0.0805448

equally weighted sequences:
> outgro:
ocin	0.5
tcas	0.5
> cladocera:
dmag	0.333333
dpul	0.333333
etex	0.333333
> notostraca:
lart	0.142857
lcou	0.142857
lubb	0.142857
tcan	0.142857
tita	0.142857
tlon	0.142857
tusa	0.142857

mean GC outgro: all positions=0.481 position1=0.606 position2=0.442 position3=0.397 
mean GC cladocera: all positions=0.526 position1=0.654 position2=0.431 position3=0.493 
mean GC notostraca: all positions=0.502 position1=0.657 position2=0.444 position3=0.403 

** impossible to compute Ks. saturation? **

mean number of non synonymous sites compared: 349.1
mean Ka cladocera: 0.171369
mean Ka notostraca: 0.164601
dKa: 0.00676802	standard deviation (sd): 0.016572	ratio dKa/sd: 0.408401
exact probability (P): 0.682982

