

## treatement of 3 lineages from file OG0007552.phy ##

equally weighted sequences:
> outgro:
ocin	0.5
tcas	0.5
> anostraca:
afra	1
> cladocera:
dpul	0.5
etex	0.5

mean GC outgro: all positions=0.427 position1=0.516 position2=0.370 position3=0.396 
mean GC anostraca: all positions=0.417 position1=0.479 position2=0.417 position3=0.354 
mean GC cladocera: all positions=0.434 position1=0.490 position2=0.438 position3=0.375 

** impossible to compute Ks. saturation? **

mean number of non synonymous sites compared: 186.1
mean Ka anostraca: 0.575828
mean Ka cladocera: 0.517859
dKa: 0.0579691	standard deviation (sd): 0.0593938	ratio dKa/sd: 0.976013
exact probability (P): 0.329065

equally weighted sequences:
> outgro:
ocin	0.5
tcas	0.5
> anostraca:
afra	1
> notostraca:
lapu	0.166667
lart	0.166667
tcan	0.166667
tita	0.166667
tlon	0.166667
tusa	0.166667

mean GC outgro: all positions=0.427 position1=0.516 position2=0.370 position3=0.396 
mean GC anostraca: all positions=0.417 position1=0.479 position2=0.417 position3=0.354 
mean GC notostraca: all positions=0.466 position1=0.524 position2=0.422 position3=0.453 

** impossible to compute Ks. saturation? **

mean number of non synonymous sites compared: 186.9
mean Ka anostraca: 0.575828
mean Ka notostraca: 0.539539
dKa: 0.0362892	standard deviation (sd): 0.0627726	ratio dKa/sd: 0.578105
exact probability (P): 0.563197

equally weighted sequences:
> outgro:
ocin	0.5
tcas	0.5
> cladocera:
dpul	0.5
etex	0.5
> notostraca:
lapu	0.166667
lart	0.166667
tcan	0.166667
tita	0.166667
tlon	0.166667
tusa	0.166667

mean GC outgro: all positions=0.427 position1=0.516 position2=0.370 position3=0.396 
mean GC cladocera: all positions=0.434 position1=0.490 position2=0.438 position3=0.375 
mean GC notostraca: all positions=0.466 position1=0.524 position2=0.422 position3=0.453 

** impossible to compute Ks. saturation? **

mean number of non synonymous sites compared: 186.8
mean Ka cladocera: 0.517859
mean Ka notostraca: 0.539539
dKa: -0.0216799	standard deviation (sd): 0.0455382	ratio dKa/sd: -0.476082
exact probability (P): 0.63402

