

## treatement of 3 lineages from file OG0008020.phy ##

equally weighted sequences:
> outgro:
ocin	1
> anostraca:
afra	1
> cladocera:
dpul	1

mean GC outgro: all positions=0.428 position1=0.578 position2=0.336 position3=0.371 
mean GC anostraca: all positions=0.397 position1=0.526 position2=0.379 position3=0.284 
mean GC cladocera: all positions=0.385 position1=0.457 position2=0.388 position3=0.310 

** impossible to compute Ks. saturation? **

mean number of non synonymous sites compared: 233.7
mean Ka anostraca: 0.505236
mean Ka cladocera: 0.570397
dKa: -0.0651608	standard deviation (sd): 0.0675595	ratio dKa/sd: -0.964495
exact probability (P): 0.334805

equally weighted sequences:
> outgro:
ocin	1
> anostraca:
afra	1
> notostraca:
lapu	0.142857
lart	0.142857
lcou	0.142857
tcan	0.142857
tita	0.142857
tlon	0.142857
tusa	0.142857

mean GC outgro: all positions=0.428 position1=0.578 position2=0.336 position3=0.371 
mean GC anostraca: all positions=0.397 position1=0.526 position2=0.379 position3=0.284 
mean GC notostraca: all positions=0.450 position1=0.516 position2=0.341 position3=0.494 

** impossible to compute Ks. saturation? **

mean number of non synonymous sites compared: 228.5
mean Ka anostraca: 0.505236
mean Ka notostraca: 0.601712
dKa: -0.0964758	standard deviation (sd): 0.0659781	ratio dKa/sd: -1.46224
exact probability (P): 0.143685

equally weighted sequences:
> outgro:
ocin	1
> cladocera:
dpul	1
> notostraca:
lapu	0.142857
lart	0.142857
lcou	0.142857
tcan	0.142857
tita	0.142857
tlon	0.142857
tusa	0.142857

mean GC outgro: all positions=0.428 position1=0.578 position2=0.336 position3=0.371 
mean GC cladocera: all positions=0.385 position1=0.457 position2=0.388 position3=0.310 
mean GC notostraca: all positions=0.450 position1=0.516 position2=0.341 position3=0.494 

** impossible to compute Ks. saturation? **

mean number of non synonymous sites compared: 237.1
mean Ka cladocera: 0.570397
mean Ka notostraca: 0.601712
dKa: -0.031315	standard deviation (sd): 0.0606882	ratio dKa/sd: -0.515998
exact probability (P): 0.60586

