

## treatement of 3 lineages from file OG0006315.phy ##

equally weighted sequences:
> outgro:
ocin	0.5
tcas	0.5
> anostraca:
afra	1
> cladocera:
dmag	0.5
dpul	0.5

mean GC outgro: all positions=0.503 position1=0.597 position2=0.369 position3=0.544 
mean GC anostraca: all positions=0.398 position1=0.592 position2=0.272 position3=0.330 
mean GC cladocera: all positions=0.406 position1=0.553 position2=0.306 position3=0.359 

** impossible to compute Ks. saturation? **

mean number of non synonymous sites compared: 199.1
mean Ka anostraca: 0.611964
mean Ka cladocera: 0.649821
dKa: -0.0378575	standard deviation (sd): 0.0762178	ratio dKa/sd: -0.496701
exact probability (P): 0.619404

equally weighted sequences:
> outgro:
ocin	0.5
tcas	0.5
> anostraca:
afra	1
> notostraca:
lapu	0.125
lart	0.125
lcou	0.125
lubb	0.125
tcan	0.125
tita	0.125
tlon	0.125
tusa	0.125

mean GC outgro: all positions=0.503 position1=0.597 position2=0.369 position3=0.544 
mean GC anostraca: all positions=0.398 position1=0.592 position2=0.272 position3=0.330 
mean GC notostraca: all positions=0.455 position1=0.573 position2=0.331 position3=0.460 

** impossible to compute Ks. saturation? **

mean number of non synonymous sites compared: 199.2
mean Ka anostraca: 0.611964
mean Ka notostraca: 0.665868
dKa: -0.0539039	standard deviation (sd): 0.0771089	ratio dKa/sd: -0.699063
exact probability (P): 0.484516

equally weighted sequences:
> outgro:
ocin	0.5
tcas	0.5
> cladocera:
dmag	0.5
dpul	0.5
> notostraca:
lapu	0.125
lart	0.125
lcou	0.125
lubb	0.125
tcan	0.125
tita	0.125
tlon	0.125
tusa	0.125

mean GC outgro: all positions=0.503 position1=0.597 position2=0.369 position3=0.544 
mean GC cladocera: all positions=0.406 position1=0.553 position2=0.306 position3=0.359 
mean GC notostraca: all positions=0.455 position1=0.573 position2=0.331 position3=0.460 

** impossible to compute Ks. saturation? **

mean number of non synonymous sites compared: 199.6
mean Ka cladocera: 0.649821
mean Ka notostraca: 0.665868
dKa: -0.0160465	standard deviation (sd): 0.0705221	ratio dKa/sd: -0.227538
exact probability (P): 0.820007

