

## treatement of 3 lineages from file OG0006964.phy ##

equally weighted sequences:
> outgro:
tcas	1
> anostraca:
afra	1
> cladocera:
dmag	0.333333
dpul	0.333333
etex	0.333333

mean GC outgro: all positions=0.360 position1=0.460 position2=0.260 position3=0.360 
mean GC anostraca: all positions=0.389 position1=0.487 position2=0.320 position3=0.360 
mean GC cladocera: all positions=0.401 position1=0.489 position2=0.320 position3=0.393 

** impossible to compute Ks. saturation? **

mean number of non synonymous sites compared: 292.7
mean Ka anostraca: 0.640793
mean Ka cladocera: 0.527586
dKa: 0.113207	standard deviation (sd): 0.0634794	ratio dKa/sd: 1.78337
exact probability (P): 0.0745344

equally weighted sequences:
> outgro:
tcas	1
> anostraca:
afra	1
> notostraca:
lapu	0.142857
lart	0.142857
lcou	0.142857
lubb	0.142857
tcan	0.142857
tlon	0.142857
tusa	0.142857

mean GC outgro: all positions=0.360 position1=0.460 position2=0.260 position3=0.360 
mean GC anostraca: all positions=0.389 position1=0.487 position2=0.320 position3=0.360 
mean GC notostraca: all positions=0.437 position1=0.560 position2=0.354 position3=0.397 

** impossible to compute Ks. saturation? **

mean number of non synonymous sites compared: 288.9
mean Ka anostraca: 0.640793
mean Ka notostraca: 0.53265
dKa: 0.108144	standard deviation (sd): 0.0687308	ratio dKa/sd: 1.57344
exact probability (P): 0.115626

equally weighted sequences:
> outgro:
tcas	1
> cladocera:
dmag	0.333333
dpul	0.333333
etex	0.333333
> notostraca:
lapu	0.142857
lart	0.142857
lcou	0.142857
lubb	0.142857
tcan	0.142857
tlon	0.142857
tusa	0.142857

mean GC outgro: all positions=0.360 position1=0.460 position2=0.260 position3=0.360 
mean GC cladocera: all positions=0.401 position1=0.489 position2=0.320 position3=0.393 
mean GC notostraca: all positions=0.437 position1=0.560 position2=0.354 position3=0.397 

** impossible to compute Ks. saturation? **

mean number of non synonymous sites compared: 292.7
mean Ka cladocera: 0.527586
mean Ka notostraca: 0.53265
dKa: -0.0050636	standard deviation (sd): 0.0520241	ratio dKa/sd: -0.0973318
exact probability (P): 0.922464

