

## treatement of 3 lineages from file OG0007455.phy ##

equally weighted sequences:
> outgro:
ocin	0.5
tcas	0.5
> anostraca:
afra	1
> cladocera:
dmag	0.333333
dpul	0.333333
etex	0.333333

mean GC outgro: all positions=0.464 position1=0.516 position2=0.348 position3=0.527 
mean GC anostraca: all positions=0.438 position1=0.554 position2=0.348 position3=0.413 
mean GC cladocera: all positions=0.520 position1=0.567 position2=0.362 position3=0.630 

** impossible to compute Ks. saturation? **

mean number of non synonymous sites compared: 367.8
mean Ka anostraca: 0.559455
mean Ka cladocera: 0.580757
dKa: -0.0213022	standard deviation (sd): 0.0439338	ratio dKa/sd: -0.484871
exact probability (P): 0.627771

equally weighted sequences:
> outgro:
ocin	0.5
tcas	0.5
> anostraca:
afra	1
> notostraca:
lapu	0.2
lart	0.2
lcou	0.2
lubb	0.2
tlon	0.2

mean GC outgro: all positions=0.464 position1=0.516 position2=0.348 position3=0.527 
mean GC anostraca: all positions=0.438 position1=0.554 position2=0.348 position3=0.413 
mean GC notostraca: all positions=0.527 position1=0.520 position2=0.398 position3=0.663 

** impossible to compute Ks. saturation? **

mean number of non synonymous sites compared: 377.7
mean Ka anostraca: 0.559455
mean Ka notostraca: 0.648204
dKa: -0.0887485	standard deviation (sd): 0.0521061	ratio dKa/sd: -1.70323
exact probability (P): 0.0885342

equally weighted sequences:
> outgro:
ocin	0.5
tcas	0.5
> cladocera:
dmag	0.333333
dpul	0.333333
etex	0.333333
> notostraca:
lapu	0.2
lart	0.2
lcou	0.2
lubb	0.2
tlon	0.2

mean GC outgro: all positions=0.464 position1=0.516 position2=0.348 position3=0.527 
mean GC cladocera: all positions=0.520 position1=0.567 position2=0.362 position3=0.630 
mean GC notostraca: all positions=0.527 position1=0.520 position2=0.398 position3=0.663 

** impossible to compute Ks. saturation? **

mean number of non synonymous sites compared: 373.5
mean Ka cladocera: 0.580757
mean Ka notostraca: 0.648204
dKa: -0.0674463	standard deviation (sd): 0.044676	ratio dKa/sd: -1.50968
exact probability (P): 0.131133

