

## treatement of 3 lineages from file OG0005665.phy ##

equally weighted sequences:
> outgro:
ocin	0.5
tcas	0.5
> anostraca:
afra	1
> cladocera:
dmag	0.333333
dpul	0.333333
etex	0.333333

mean GC outgro: all positions=0.423 position1=0.470 position2=0.369 position3=0.430 
mean GC anostraca: all positions=0.452 position1=0.544 position2=0.430 position3=0.383 
mean GC cladocera: all positions=0.430 position1=0.501 position2=0.409 position3=0.378 

** impossible to compute Ks. saturation? **

mean number of non synonymous sites compared: 282.0
mean Ka anostraca: 0.358635
mean Ka cladocera: 0.302668
dKa: 0.0559668	standard deviation (sd): 0.0367897	ratio dKa/sd: 1.52126
exact probability (P): 0.1282

equally weighted sequences:
> outgro:
ocin	0.5
tcas	0.5
> anostraca:
afra	1
> notostraca:
lapu	0.125
lart	0.125
lcou	0.125
lubb	0.125
tcan	0.125
tita	0.125
tlon	0.125
tusa	0.125

mean GC outgro: all positions=0.423 position1=0.470 position2=0.369 position3=0.430 
mean GC anostraca: all positions=0.452 position1=0.544 position2=0.430 position3=0.383 
mean GC notostraca: all positions=0.464 position1=0.511 position2=0.421 position3=0.461 

** impossible to compute Ks. saturation? **

mean number of non synonymous sites compared: 282.5
mean Ka anostraca: 0.358635
mean Ka notostraca: 0.325648
dKa: 0.0329868	standard deviation (sd): 0.034693	ratio dKa/sd: 0.95082
exact probability (P): 0.341703

equally weighted sequences:
> outgro:
ocin	0.5
tcas	0.5
> cladocera:
dmag	0.333333
dpul	0.333333
etex	0.333333
> notostraca:
lapu	0.125
lart	0.125
lcou	0.125
lubb	0.125
tcan	0.125
tita	0.125
tlon	0.125
tusa	0.125

mean GC outgro: all positions=0.423 position1=0.470 position2=0.369 position3=0.430 
mean GC cladocera: all positions=0.430 position1=0.501 position2=0.409 position3=0.378 
mean GC notostraca: all positions=0.464 position1=0.511 position2=0.421 position3=0.461 

** impossible to compute Ks. saturation? **

mean number of non synonymous sites compared: 283.2
mean Ka cladocera: 0.302668
mean Ka notostraca: 0.325648
dKa: -0.02298	standard deviation (sd): 0.028176	ratio dKa/sd: -0.815589
exact probability (P): 0.414741

