

## treatement of 3 lineages from file OG0004973.phy ##

equally weighted sequences:
> outgro:
ocin	0.5
tcas	0.5
> anostraca:
afra	1
> cladocera:
dmag	0.333333
dpul	0.333333
etex	0.333333

mean GC outgro: all positions=0.471 position1=0.504 position2=0.380 position3=0.529 
mean GC anostraca: all positions=0.382 position1=0.449 position2=0.365 position3=0.331 
mean GC cladocera: all positions=0.468 position1=0.553 position2=0.402 position3=0.450 

** impossible to compute Ks. saturation? **

mean number of non synonymous sites compared: 808.7
mean Ka anostraca: 0.684779
mean Ka cladocera: 0.682306
dKa: 0.00247311	standard deviation (sd): 0.0319874	ratio dKa/sd: 0.0773151
exact probability (P): 0.938373

equally weighted sequences:
> outgro:
ocin	0.5
tcas	0.5
> anostraca:
afra	1
> notostraca:
lapu	0.125
lart	0.125
lcou	0.125
lubb	0.125
tcan	0.125
tita	0.125
tlon	0.125
tusa	0.125

mean GC outgro: all positions=0.471 position1=0.504 position2=0.380 position3=0.529 
mean GC anostraca: all positions=0.382 position1=0.449 position2=0.365 position3=0.331 
mean GC notostraca: all positions=0.453 position1=0.491 position2=0.401 position3=0.466 

** impossible to compute Ks. saturation? **

mean number of non synonymous sites compared: 808.3
mean Ka anostraca: 0.684779
mean Ka notostraca: 0.714337
dKa: -0.0295581	standard deviation (sd): 0.0373977	ratio dKa/sd: -0.790373
exact probability (P): 0.429316

equally weighted sequences:
> outgro:
ocin	0.5
tcas	0.5
> cladocera:
dmag	0.333333
dpul	0.333333
etex	0.333333
> notostraca:
lapu	0.125
lart	0.125
lcou	0.125
lubb	0.125
tcan	0.125
tita	0.125
tlon	0.125
tusa	0.125

mean GC outgro: all positions=0.471 position1=0.504 position2=0.380 position3=0.529 
mean GC cladocera: all positions=0.468 position1=0.553 position2=0.402 position3=0.450 
mean GC notostraca: all positions=0.453 position1=0.491 position2=0.401 position3=0.466 

** impossible to compute Ks. saturation? **

mean number of non synonymous sites compared: 799.1
mean Ka cladocera: 0.682306
mean Ka notostraca: 0.714337
dKa: -0.0320313	standard deviation (sd): 0.0322762	ratio dKa/sd: -0.99241
exact probability (P): 0.321004

