

## treatement of 3 lineages from file OG0004961.phy ##

equally weighted sequences:
> outgro:
ocin	0.5
tcas	0.5
> anostraca:
afra	1
> cladocera:
dmag	0.333333
dpul	0.333333
etex	0.333333

mean GC outgro: all positions=0.456 position1=0.488 position2=0.299 position3=0.581 
mean GC anostraca: all positions=0.369 position1=0.497 position2=0.299 position3=0.311 
mean GC cladocera: all positions=0.424 position1=0.495 position2=0.303 position3=0.475 

** impossible to compute Ks. saturation? **

mean number of non synonymous sites compared: 322.2
mean Ka anostraca: 0.296382
mean Ka cladocera: 0.229135
dKa: 0.067247	standard deviation (sd): 0.0271311	ratio dKa/sd: 2.47859
exact probability (P): 0.0131967

equally weighted sequences:
> outgro:
ocin	0.5
tcas	0.5
> anostraca:
afra	1
> notostraca:
lapu	0.125
lart	0.125
lcou	0.125
lubb	0.125
tcan	0.125
tita	0.125
tlon	0.125
tusa	0.125

mean GC outgro: all positions=0.456 position1=0.488 position2=0.299 position3=0.581 
mean GC anostraca: all positions=0.369 position1=0.497 position2=0.299 position3=0.311 
mean GC notostraca: all positions=0.417 position1=0.489 position2=0.308 position3=0.455 

** impossible to compute Ks. saturation? **

mean number of non synonymous sites compared: 319.5
mean Ka anostraca: 0.296382
mean Ka notostraca: 0.203136
dKa: 0.0932458	standard deviation (sd): 0.0292445	ratio dKa/sd: 3.18849
exact probability (P): 0.00143492

equally weighted sequences:
> outgro:
ocin	0.5
tcas	0.5
> cladocera:
dmag	0.333333
dpul	0.333333
etex	0.333333
> notostraca:
lapu	0.125
lart	0.125
lcou	0.125
lubb	0.125
tcan	0.125
tita	0.125
tlon	0.125
tusa	0.125

mean GC outgro: all positions=0.456 position1=0.488 position2=0.299 position3=0.581 
mean GC cladocera: all positions=0.424 position1=0.495 position2=0.303 position3=0.475 
mean GC notostraca: all positions=0.417 position1=0.489 position2=0.308 position3=0.455 

** impossible to compute Ks. saturation? **

mean number of non synonymous sites compared: 321.4
mean Ka cladocera: 0.229135
mean Ka notostraca: 0.203136
dKa: 0.0259988	standard deviation (sd): 0.0199471	ratio dKa/sd: 1.30339
exact probability (P): 0.192451

