

## treatement of 3 lineages from file OG0005186.phy ##

equally weighted sequences:
> outgro:
ocin	0.5
tcas	0.5
> anostraca:
afra	1
> cladocera:
dmag	0.333333
dpul	0.333333
etex	0.333333

mean GC outgro: all positions=0.444 position1=0.525 position2=0.401 position3=0.405 
mean GC anostraca: all positions=0.404 position1=0.453 position2=0.388 position3=0.370 
mean GC cladocera: all positions=0.513 position1=0.541 position2=0.429 position3=0.569 

** impossible to compute Ks. saturation? **

mean number of non synonymous sites compared: 633.6
mean Ka anostraca: 0.394089
mean Ka cladocera: 0.365983
dKa: 0.0281061	standard deviation (sd): 0.0257667	ratio dKa/sd: 1.09079
exact probability (P): 0.275371

equally weighted sequences:
> outgro:
ocin	0.5
tcas	0.5
> anostraca:
afra	1
> notostraca:
lapu	0.125
lart	0.125
lcou	0.125
lubb	0.125
tcan	0.125
tita	0.125
tlon	0.125
tusa	0.125

mean GC outgro: all positions=0.444 position1=0.525 position2=0.401 position3=0.405 
mean GC anostraca: all positions=0.404 position1=0.453 position2=0.388 position3=0.370 
mean GC notostraca: all positions=0.478 position1=0.523 position2=0.429 position3=0.483 

** impossible to compute Ks. saturation? **

mean number of non synonymous sites compared: 632.4
mean Ka anostraca: 0.394089
mean Ka notostraca: 0.348169
dKa: 0.0459204	standard deviation (sd): 0.025101	ratio dKa/sd: 1.82942
exact probability (P): 0.0673448

equally weighted sequences:
> outgro:
ocin	0.5
tcas	0.5
> cladocera:
dmag	0.333333
dpul	0.333333
etex	0.333333
> notostraca:
lapu	0.125
lart	0.125
lcou	0.125
lubb	0.125
tcan	0.125
tita	0.125
tlon	0.125
tusa	0.125

mean GC outgro: all positions=0.444 position1=0.525 position2=0.401 position3=0.405 
mean GC cladocera: all positions=0.513 position1=0.541 position2=0.429 position3=0.569 
mean GC notostraca: all positions=0.478 position1=0.523 position2=0.429 position3=0.483 

** impossible to compute Ks. saturation? **

mean number of non synonymous sites compared: 628.5
mean Ka cladocera: 0.365983
mean Ka notostraca: 0.348169
dKa: 0.0178143	standard deviation (sd): 0.018779	ratio dKa/sd: 0.948629
exact probability (P): 0.342816

