

## treatement of 3 lineages from file OG0005232.phy ##

equally weighted sequences:
> outgro:
ocin	0.5
tcas	0.5
> anostraca:
afra	1
> cladocera:
dmag	0.333333
dpul	0.333333
etex	0.333333

mean GC outgro: all positions=0.431 position1=0.520 position2=0.342 position3=0.430 
mean GC anostraca: all positions=0.411 position1=0.523 position2=0.333 position3=0.376 
mean GC cladocera: all positions=0.453 position1=0.548 position2=0.356 position3=0.455 

** impossible to compute Ks. saturation? **

mean number of non synonymous sites compared: 660.5
mean Ka anostraca: 0.240999
mean Ka cladocera: 0.241677
dKa: -0.000677585	standard deviation (sd): 0.017986	ratio dKa/sd: -0.037673
exact probability (P): 0.969949

equally weighted sequences:
> outgro:
ocin	0.5
tcas	0.5
> anostraca:
afra	1
> notostraca:
lapu	0.125
lart	0.125
lcou	0.125
lubb	0.125
tcan	0.125
tita	0.125
tlon	0.125
tusa	0.125

mean GC outgro: all positions=0.431 position1=0.520 position2=0.342 position3=0.430 
mean GC anostraca: all positions=0.411 position1=0.523 position2=0.333 position3=0.376 
mean GC notostraca: all positions=0.441 position1=0.529 position2=0.364 position3=0.429 

** impossible to compute Ks. saturation? **

mean number of non synonymous sites compared: 659.5
mean Ka anostraca: 0.240999
mean Ka notostraca: 0.231856
dKa: 0.00914267	standard deviation (sd): 0.0186541	ratio dKa/sd: 0.490116
exact probability (P): 0.624055

equally weighted sequences:
> outgro:
ocin	0.5
tcas	0.5
> cladocera:
dmag	0.333333
dpul	0.333333
etex	0.333333
> notostraca:
lapu	0.125
lart	0.125
lcou	0.125
lubb	0.125
tcan	0.125
tita	0.125
tlon	0.125
tusa	0.125

mean GC outgro: all positions=0.431 position1=0.520 position2=0.342 position3=0.430 
mean GC cladocera: all positions=0.453 position1=0.548 position2=0.356 position3=0.455 
mean GC notostraca: all positions=0.441 position1=0.529 position2=0.364 position3=0.429 

** impossible to compute Ks. saturation? **

mean number of non synonymous sites compared: 665.0
mean Ka cladocera: 0.241677
mean Ka notostraca: 0.231856
dKa: 0.00982025	standard deviation (sd): 0.0156553	ratio dKa/sd: 0.627279
exact probability (P): 0.530481

