

## treatement of 3 lineages from file OG0008890.phy ##

equally weighted sequences:
> outgro:
ocin	0.5
tcas	0.5
> anostraca:
afra	1
> cladocera:
dpul	1

mean GC outgro: all positions=0.611 position1=0.667 position2=0.667 position3=0.500 
mean GC anostraca: all positions=0.444 position1=0.667 position2=0.667 position3=0.000 
mean GC cladocera: all positions=0.556 position1=0.667 position2=0.667 position3=0.333 

** impossible to compute Ks. saturation? **

mean number of non synonymous sites compared: 5.0
mean Ka anostraca: 0
mean Ka cladocera: 0
<< no detectable difference, no need to test!

equally weighted sequences:
> outgro:
ocin	0.5
tcas	0.5
> anostraca:
afra	1
> notostraca:
lart	0.25
lcou	0.25
tcan	0.25
tlon	0.25

mean GC outgro: all positions=0.611 position1=0.667 position2=0.667 position3=0.500 
mean GC anostraca: all positions=0.444 position1=0.667 position2=0.667 position3=0.000 
mean GC notostraca: all positions=0.417 position1=0.333 position2=0.667 position3=0.250 

** impossible to compute Ks. saturation? **

** impossible to compute Ka. saturation? **

equally weighted sequences:
> outgro:
ocin	0.5
tcas	0.5
> cladocera:
dpul	1
> notostraca:
lart	0.25
lcou	0.25
tcan	0.25
tlon	0.25

mean GC outgro: all positions=0.611 position1=0.667 position2=0.667 position3=0.500 
mean GC cladocera: all positions=0.556 position1=0.667 position2=0.667 position3=0.333 
mean GC notostraca: all positions=0.417 position1=0.333 position2=0.667 position3=0.250 

** impossible to compute Ks. saturation? **

** impossible to compute Ka. saturation? **

