

## treatement of 3 lineages from file OG0006139.phy ##

equally weighted sequences:
> outgro:
ocin	0.5
tcas	0.5
> anostraca:
afra	1
> cladocera:
dmag	0.333333
dpul	0.333333
etex	0.333333

mean GC outgro: all positions=0.428 position1=0.515 position2=0.342 position3=0.426 
mean GC anostraca: all positions=0.404 position1=0.509 position2=0.362 position3=0.340 
mean GC cladocera: all positions=0.490 position1=0.544 position2=0.363 position3=0.565 

** impossible to compute Ks. saturation? **

mean number of non synonymous sites compared: 1032.4
mean Ka anostraca: 0.194325
mean Ka cladocera: 0.149245
dKa: 0.0450798	standard deviation (sd): 0.0131613	ratio dKa/sd: 3.42518
exact probability (P): 0.00061782

equally weighted sequences:
> outgro:
ocin	0.5
tcas	0.5
> anostraca:
afra	1
> notostraca:
lapu	0.142857
lcou	0.142857
lubb	0.142857
tcan	0.142857
tita	0.142857
tlon	0.142857
tusa	0.142857

mean GC outgro: all positions=0.428 position1=0.515 position2=0.342 position3=0.426 
mean GC anostraca: all positions=0.404 position1=0.509 position2=0.362 position3=0.340 
mean GC notostraca: all positions=0.451 position1=0.532 position2=0.355 position3=0.465 

** impossible to compute Ks. saturation? **

mean number of non synonymous sites compared: 1032.7
mean Ka anostraca: 0.194325
mean Ka notostraca: 0.145905
dKa: 0.0484201	standard deviation (sd): 0.0131883	ratio dKa/sd: 3.67145
exact probability (P): 0.000244169

equally weighted sequences:
> outgro:
ocin	0.5
tcas	0.5
> cladocera:
dmag	0.333333
dpul	0.333333
etex	0.333333
> notostraca:
lapu	0.142857
lcou	0.142857
lubb	0.142857
tcan	0.142857
tita	0.142857
tlon	0.142857
tusa	0.142857

mean GC outgro: all positions=0.428 position1=0.515 position2=0.342 position3=0.426 
mean GC cladocera: all positions=0.490 position1=0.544 position2=0.363 position3=0.565 
mean GC notostraca: all positions=0.451 position1=0.532 position2=0.355 position3=0.465 

** impossible to compute Ks. saturation? **

mean number of non synonymous sites compared: 1033.6
mean Ka cladocera: 0.149245
mean Ka notostraca: 0.145905
dKa: 0.00334028	standard deviation (sd): 0.00931127	ratio dKa/sd: 0.358735
exact probability (P): 0.719796

