

## treatement of 3 lineages from file OG0006306.phy ##

equally weighted sequences:
> outgro:
ocin	0.5
tcas	0.5
> anostraca:
afra	1
> cladocera:
dmag	0.333333
dpul	0.333333
etex	0.333333

mean GC outgro: all positions=0.428 position1=0.529 position2=0.329 position3=0.425 
mean GC anostraca: all positions=0.394 position1=0.533 position2=0.308 position3=0.342 
mean GC cladocera: all positions=0.406 position1=0.531 position2=0.317 position3=0.369 

** impossible to compute Ks. saturation? **

mean number of non synonymous sites compared: 247.8
mean Ka anostraca: 0.702577
mean Ka cladocera: 0.648313
dKa: 0.0542641	standard deviation (sd): 0.0703174	ratio dKa/sd: 0.771701
exact probability (P): 0.440297

equally weighted sequences:
> outgro:
ocin	0.5
tcas	0.5
> anostraca:
afra	1
> notostraca:
lapu	0.142857
lart	0.142857
lcou	0.142857
lubb	0.142857
tcan	0.142857
tlon	0.142857
tusa	0.142857

mean GC outgro: all positions=0.428 position1=0.529 position2=0.329 position3=0.425 
mean GC anostraca: all positions=0.394 position1=0.533 position2=0.308 position3=0.342 
mean GC notostraca: all positions=0.416 position1=0.575 position2=0.295 position3=0.379 

** impossible to compute Ks. saturation? **

mean number of non synonymous sites compared: 245.1
mean Ka anostraca: 0.702577
mean Ka notostraca: 0.747755
dKa: -0.0451777	standard deviation (sd): 0.0821045	ratio dKa/sd: -0.550247
exact probability (P): 0.582155

equally weighted sequences:
> outgro:
ocin	0.5
tcas	0.5
> cladocera:
dmag	0.333333
dpul	0.333333
etex	0.333333
> notostraca:
lapu	0.142857
lart	0.142857
lcou	0.142857
lubb	0.142857
tcan	0.142857
tlon	0.142857
tusa	0.142857

mean GC outgro: all positions=0.428 position1=0.529 position2=0.329 position3=0.425 
mean GC cladocera: all positions=0.406 position1=0.531 position2=0.317 position3=0.369 
mean GC notostraca: all positions=0.416 position1=0.575 position2=0.295 position3=0.379 

** impossible to compute Ks. saturation? **

mean number of non synonymous sites compared: 242.5
mean Ka cladocera: 0.648313
mean Ka notostraca: 0.747755
dKa: -0.0994418	standard deviation (sd): 0.0614008	ratio dKa/sd: -1.61955
exact probability (P): 0.105338

