

## treatement of 3 lineages from file OG0008405.phy ##

equally weighted sequences:
> outgro:
ocin	0.5
tcas	0.5
> anostraca:
afra	1
> cladocera:
dmag	0.333333
dpul	0.333333
etex	0.333333

mean GC outgro: all positions=0.415 position1=0.471 position2=0.312 position3=0.463 
mean GC anostraca: all positions=0.382 position1=0.455 position2=0.330 position3=0.361 
mean GC cladocera: all positions=0.435 position1=0.531 position2=0.340 position3=0.435 

** impossible to compute Ks. saturation? **

mean number of non synonymous sites compared: 371.9
mean Ka anostraca: 0.676546
mean Ka cladocera: 0.619089
dKa: 0.0574565	standard deviation (sd): 0.0519327	ratio dKa/sd: 1.10636
exact probability (P): 0.268575

equally weighted sequences:
> outgro:
ocin	0.5
tcas	0.5
> anostraca:
afra	1
> notostraca:
tcan	0.333333
tita	0.333333
tusa	0.333333

mean GC outgro: all positions=0.415 position1=0.471 position2=0.312 position3=0.463 
mean GC anostraca: all positions=0.382 position1=0.455 position2=0.330 position3=0.361 
mean GC notostraca: all positions=0.440 position1=0.548 position2=0.304 position3=0.468 

** impossible to compute Ks. saturation? **

mean number of non synonymous sites compared: 372.4
mean Ka anostraca: 0.676546
mean Ka notostraca: 0.591964
dKa: 0.0845821	standard deviation (sd): 0.056219	ratio dKa/sd: 1.50451
exact probability (P): 0.132459

equally weighted sequences:
> outgro:
ocin	0.5
tcas	0.5
> cladocera:
dmag	0.333333
dpul	0.333333
etex	0.333333
> notostraca:
tcan	0.333333
tita	0.333333
tusa	0.333333

mean GC outgro: all positions=0.415 position1=0.471 position2=0.312 position3=0.463 
mean GC cladocera: all positions=0.435 position1=0.531 position2=0.340 position3=0.435 
mean GC notostraca: all positions=0.440 position1=0.548 position2=0.304 position3=0.468 

** impossible to compute Ks. saturation? **

mean number of non synonymous sites compared: 370.3
mean Ka cladocera: 0.619089
mean Ka notostraca: 0.591964
dKa: 0.0271256	standard deviation (sd): 0.0395473	ratio dKa/sd: 0.685902
exact probability (P): 0.492779

