

## treatement of 3 lineages from file OG0006244.phy ##

equally weighted sequences:
> outgro:
ocin	0.5
tcas	0.5
> anostraca:
afra	1
> cladocera:
dmag	0.333333
dpul	0.333333
etex	0.333333

mean GC outgro: all positions=0.409 position1=0.546 position2=0.303 position3=0.378 
mean GC anostraca: all positions=0.401 position1=0.529 position2=0.345 position3=0.328 
mean GC cladocera: all positions=0.433 position1=0.571 position2=0.336 position3=0.392 

** impossible to compute Ks. saturation? **

mean number of non synonymous sites compared: 237.3
mean Ka anostraca: 0.234751
mean Ka cladocera: 0.176127
dKa: 0.0586238	standard deviation (sd): 0.0241797	ratio dKa/sd: 2.4245
exact probability (P): 0.0153361

equally weighted sequences:
> outgro:
ocin	0.5
tcas	0.5
> anostraca:
afra	1
> notostraca:
lapu	0.142857
lart	0.142857
lcou	0.142857
lubb	0.142857
tita	0.142857
tlon	0.142857
tusa	0.142857

mean GC outgro: all positions=0.409 position1=0.546 position2=0.303 position3=0.378 
mean GC anostraca: all positions=0.401 position1=0.529 position2=0.345 position3=0.328 
mean GC notostraca: all positions=0.437 position1=0.625 position2=0.301 position3=0.383 

** impossible to compute Ks. saturation? **

mean number of non synonymous sites compared: 237.9
mean Ka anostraca: 0.234751
mean Ka notostraca: 0.17108
dKa: 0.0636714	standard deviation (sd): 0.0275317	ratio dKa/sd: 2.31266
exact probability (P): 0.0207485

equally weighted sequences:
> outgro:
ocin	0.5
tcas	0.5
> cladocera:
dmag	0.333333
dpul	0.333333
etex	0.333333
> notostraca:
lapu	0.142857
lart	0.142857
lcou	0.142857
lubb	0.142857
tita	0.142857
tlon	0.142857
tusa	0.142857

mean GC outgro: all positions=0.409 position1=0.546 position2=0.303 position3=0.378 
mean GC cladocera: all positions=0.433 position1=0.571 position2=0.336 position3=0.392 
mean GC notostraca: all positions=0.437 position1=0.625 position2=0.301 position3=0.383 

** impossible to compute Ks. saturation? **

mean number of non synonymous sites compared: 236.2
mean Ka cladocera: 0.176127
mean Ka notostraca: 0.17108
dKa: 0.00504758	standard deviation (sd): 0.0186514	ratio dKa/sd: 0.270627
exact probability (P): 0.786679

