

## treatement of 3 lineages from file OG0005252.phy ##

equally weighted sequences:
> outgro:
ocin	0.5
tcas	0.5
> anostraca:
afra	1
> cladocera:
dmag	0.333333
dpul	0.333333
etex	0.333333

mean GC outgro: all positions=0.531 position1=0.482 position2=0.450 position3=0.662 
mean GC anostraca: all positions=0.392 position1=0.471 position2=0.365 position3=0.341 
mean GC cladocera: all positions=0.435 position1=0.508 position2=0.402 position3=0.396 

** impossible to compute Ks. saturation? **

mean number of non synonymous sites compared: 334.1
mean Ka anostraca: 0.863914
mean Ka cladocera: 0.688461
dKa: 0.175453	standard deviation (sd): 0.0691845	ratio dKa/sd: 2.53602
exact probability (P): 0.0112179

equally weighted sequences:
> outgro:
ocin	0.5
tcas	0.5
> anostraca:
afra	1
> notostraca:
lapu	0.125
lart	0.125
lcou	0.125
lubb	0.125
tcan	0.125
tita	0.125
tlon	0.125
tusa	0.125

mean GC outgro: all positions=0.531 position1=0.482 position2=0.450 position3=0.662 
mean GC anostraca: all positions=0.392 position1=0.471 position2=0.365 position3=0.341 
mean GC notostraca: all positions=0.473 position1=0.507 position2=0.431 position3=0.482 

** impossible to compute Ks. saturation? **

mean number of non synonymous sites compared: 337.0
mean Ka anostraca: 0.863914
mean Ka notostraca: 0.636161
dKa: 0.227753	standard deviation (sd): 0.0730821	ratio dKa/sd: 3.1164
exact probability (P): 0.00183285

equally weighted sequences:
> outgro:
ocin	0.5
tcas	0.5
> cladocera:
dmag	0.333333
dpul	0.333333
etex	0.333333
> notostraca:
lapu	0.125
lart	0.125
lcou	0.125
lubb	0.125
tcan	0.125
tita	0.125
tlon	0.125
tusa	0.125

mean GC outgro: all positions=0.531 position1=0.482 position2=0.450 position3=0.662 
mean GC cladocera: all positions=0.435 position1=0.508 position2=0.402 position3=0.396 
mean GC notostraca: all positions=0.473 position1=0.507 position2=0.431 position3=0.482 

** impossible to compute Ks. saturation? **

mean number of non synonymous sites compared: 333.9
mean Ka cladocera: 0.688461
mean Ka notostraca: 0.636161
dKa: 0.0522999	standard deviation (sd): 0.0462236	ratio dKa/sd: 1.13145
exact probability (P): 0.257872

