

## treatement of 3 lineages from file OG0006908.phy ##

equally weighted sequences:
> outgro:
tcas	1
> anostraca:
afra	1
> cladocera:
dmag	0.5
etex	0.5

mean GC outgro: all positions=0.421 position1=0.454 position2=0.312 position3=0.496 
mean GC anostraca: all positions=0.352 position1=0.475 position2=0.319 position3=0.262 
mean GC cladocera: all positions=0.398 position1=0.468 position2=0.305 position3=0.422 

** impossible to compute Ks. saturation? **

mean number of non synonymous sites compared: 288.8
mean Ka anostraca: 0.853645
mean Ka cladocera: 1.06926
dKa: -0.215615	standard deviation (sd): 0.108665	ratio dKa/sd: -1.98421
exact probability (P): 0.0472396

equally weighted sequences:
> outgro:
tcas	1
> anostraca:
afra	1
> notostraca:
lapu	0.125
lart	0.125
lcou	0.125
lubb	0.125
tcan	0.125
tita	0.125
tlon	0.125
tusa	0.125

mean GC outgro: all positions=0.421 position1=0.454 position2=0.312 position3=0.496 
mean GC anostraca: all positions=0.352 position1=0.475 position2=0.319 position3=0.262 
mean GC notostraca: all positions=0.429 position1=0.495 position2=0.374 position3=0.418 

** impossible to compute Ks. saturation? **

mean number of non synonymous sites compared: 272.9
mean Ka anostraca: 0.853645
mean Ka notostraca: 0.917297
dKa: -0.0636517	standard deviation (sd): 0.108519	ratio dKa/sd: -0.586548
exact probability (P): 0.557512

equally weighted sequences:
> outgro:
tcas	1
> cladocera:
dmag	0.5
etex	0.5
> notostraca:
lapu	0.125
lart	0.125
lcou	0.125
lubb	0.125
tcan	0.125
tita	0.125
tlon	0.125
tusa	0.125

mean GC outgro: all positions=0.421 position1=0.454 position2=0.312 position3=0.496 
mean GC cladocera: all positions=0.398 position1=0.468 position2=0.305 position3=0.422 
mean GC notostraca: all positions=0.429 position1=0.495 position2=0.374 position3=0.418 

** impossible to compute Ks. saturation? **

mean number of non synonymous sites compared: 289.0
mean Ka cladocera: 1.06926
mean Ka notostraca: 0.917297
dKa: 0.151964	standard deviation (sd): 0.102774	ratio dKa/sd: 1.47862
exact probability (P): 0.13925

