

## treatement of 3 lineages from file OG0005684.phy ##

equally weighted sequences:
> outgro:
ocin	0.5
tcas	0.5
> anostraca:
afra	1
> cladocera:
dmag	0.333333
dpul	0.333333
etex	0.333333

mean GC outgro: all positions=0.437 position1=0.525 position2=0.365 position3=0.420 
mean GC anostraca: all positions=0.383 position1=0.489 position2=0.423 position3=0.236 
mean GC cladocera: all positions=0.458 position1=0.557 position2=0.410 position3=0.408 

** impossible to compute Ks. saturation? **

mean number of non synonymous sites compared: 371.5
mean Ka anostraca: 0.78048
mean Ka cladocera: 0.413346
dKa: 0.367133	standard deviation (sd): 0.0632627	ratio dKa/sd: 5.80332
exact probability (P): 2.03008e-07

equally weighted sequences:
> outgro:
ocin	0.5
tcas	0.5
> anostraca:
afra	1
> notostraca:
lapu	0.125
lart	0.125
lcou	0.125
lubb	0.125
tcan	0.125
tita	0.125
tlon	0.125
tusa	0.125

mean GC outgro: all positions=0.437 position1=0.525 position2=0.365 position3=0.420 
mean GC anostraca: all positions=0.383 position1=0.489 position2=0.423 position3=0.236 
mean GC notostraca: all positions=0.484 position1=0.572 position2=0.391 position3=0.490 

** impossible to compute Ks. saturation? **

mean number of non synonymous sites compared: 375.2
mean Ka anostraca: 0.78048
mean Ka notostraca: 0.429377
dKa: 0.351102	standard deviation (sd): 0.0646149	ratio dKa/sd: 5.43377
exact probability (P): 1.32846e-07

equally weighted sequences:
> outgro:
ocin	0.5
tcas	0.5
> cladocera:
dmag	0.333333
dpul	0.333333
etex	0.333333
> notostraca:
lapu	0.125
lart	0.125
lcou	0.125
lubb	0.125
tcan	0.125
tita	0.125
tlon	0.125
tusa	0.125

mean GC outgro: all positions=0.437 position1=0.525 position2=0.365 position3=0.420 
mean GC cladocera: all positions=0.458 position1=0.557 position2=0.410 position3=0.408 
mean GC notostraca: all positions=0.484 position1=0.572 position2=0.391 position3=0.490 

** impossible to compute Ks. saturation? **

mean number of non synonymous sites compared: 365.2
mean Ka cladocera: 0.413346
mean Ka notostraca: 0.429377
dKa: -0.0160309	standard deviation (sd): 0.0285194	ratio dKa/sd: -0.562105
exact probability (P): 0.574048

