

## treatement of 3 lineages from file OG0006066.phy ##

equally weighted sequences:
> outgro:
ocin	1
> anostraca:
afra	1
> cladocera:
dmag	0.333333
dpul	0.333333
etex	0.333333

mean GC outgro: all positions=0.465 position1=0.596 position2=0.515 position3=0.283 
mean GC anostraca: all positions=0.387 position1=0.434 position2=0.465 position3=0.263 
mean GC cladocera: all positions=0.531 position1=0.663 position2=0.495 position3=0.434 

** impossible to compute Ks. saturation? **

** impossible to compute Ka. saturation? **

equally weighted sequences:
> outgro:
ocin	1
> anostraca:
afra	1
> notostraca:
lapu	0.125
lart	0.125
lcou	0.125
lubb	0.125
tcan	0.125
tita	0.125
tlon	0.125
tusa	0.125

mean GC outgro: all positions=0.465 position1=0.596 position2=0.515 position3=0.283 
mean GC anostraca: all positions=0.387 position1=0.434 position2=0.465 position3=0.263 
mean GC notostraca: all positions=0.531 position1=0.667 position2=0.481 position3=0.444 

** impossible to compute Ks. saturation? **

mean number of non synonymous sites compared: 202.3
mean Ka anostraca: 0.926827
mean Ka notostraca: 0.853914
dKa: 0.0729133	standard deviation (sd): 0.137555	ratio dKa/sd: 0.530067
exact probability (P): 0.59607

equally weighted sequences:
> outgro:
ocin	1
> cladocera:
dmag	0.333333
dpul	0.333333
etex	0.333333
> notostraca:
lapu	0.125
lart	0.125
lcou	0.125
lubb	0.125
tcan	0.125
tita	0.125
tlon	0.125
tusa	0.125

mean GC outgro: all positions=0.465 position1=0.596 position2=0.515 position3=0.283 
mean GC cladocera: all positions=0.531 position1=0.663 position2=0.495 position3=0.434 
mean GC notostraca: all positions=0.531 position1=0.667 position2=0.481 position3=0.444 

** impossible to compute Ks. saturation? **

mean number of non synonymous sites compared: 194.8
mean Ka cladocera: 0.935378
mean Ka notostraca: 0.853914
dKa: 0.0814641	standard deviation (sd): 0.0947104	ratio dKa/sd: 0.860139
exact probability (P): 0.389718

