

## treatement of 3 lineages from file OG0008044.phy ##

equally weighted sequences:
> outgro:
ocin	1
> anostraca:
afra	1
> cladocera:
dmag	0.5
dpul	0.5

mean GC outgro: all positions=0.472 position1=0.491 position2=0.519 position3=0.406 
mean GC anostraca: all positions=0.412 position1=0.443 position2=0.481 position3=0.311 
mean GC cladocera: all positions=0.520 position1=0.552 position2=0.491 position3=0.519 

** impossible to compute Ks. saturation? **

mean number of non synonymous sites compared: 201.8
mean Ka anostraca: 0.634539
mean Ka cladocera: 0.494838
dKa: 0.139701	standard deviation (sd): 0.0760766	ratio dKa/sd: 1.83632
exact probability (P): 0.0663182

equally weighted sequences:
> outgro:
ocin	1
> anostraca:
afra	1
> notostraca:
lart	0.166667
lubb	0.166667
tcan	0.166667
tita	0.166667
tlon	0.166667
tusa	0.166667

mean GC outgro: all positions=0.472 position1=0.491 position2=0.519 position3=0.406 
mean GC anostraca: all positions=0.412 position1=0.443 position2=0.481 position3=0.311 
mean GC notostraca: all positions=0.497 position1=0.582 position2=0.544 position3=0.366 

** impossible to compute Ks. saturation? **

mean number of non synonymous sites compared: 198.0
mean Ka anostraca: 0.634539
mean Ka notostraca: 0.496992
dKa: 0.137547	standard deviation (sd): 0.0711553	ratio dKa/sd: 1.93305
exact probability (P): 0.0532391

equally weighted sequences:
> outgro:
ocin	1
> cladocera:
dmag	0.5
dpul	0.5
> notostraca:
lart	0.166667
lubb	0.166667
tcan	0.166667
tita	0.166667
tlon	0.166667
tusa	0.166667

mean GC outgro: all positions=0.472 position1=0.491 position2=0.519 position3=0.406 
mean GC cladocera: all positions=0.520 position1=0.552 position2=0.491 position3=0.519 
mean GC notostraca: all positions=0.497 position1=0.582 position2=0.544 position3=0.366 

** impossible to compute Ks. saturation? **

mean number of non synonymous sites compared: 203.6
mean Ka cladocera: 0.494838
mean Ka notostraca: 0.496992
dKa: -0.00215424	standard deviation (sd): 0.0547401	ratio dKa/sd: -0.0393541
exact probability (P): 0.968608

