

## treatement of 3 lineages from file OG0004933.phy ##

equally weighted sequences:
> outgro:
ocin	0.5
tcas	0.5
> anostraca:
afra	1
> cladocera:
dmag	0.333333
dpul	0.333333
etex	0.333333

mean GC outgro: all positions=0.414 position1=0.518 position2=0.219 position3=0.504 
mean GC anostraca: all positions=0.360 position1=0.518 position2=0.226 position3=0.336 
mean GC cladocera: all positions=0.404 position1=0.491 position2=0.226 position3=0.494 

** impossible to compute Ks. saturation? **

mean number of non synonymous sites compared: 262.6
mean Ka anostraca: 0.0220805
mean Ka cladocera: 0.0301766
dKa: -0.00809612	standard deviation (sd): 0.00934247	ratio dKa/sd: -0.866593
exact probability (P): 0.386171

equally weighted sequences:
> outgro:
ocin	0.5
tcas	0.5
> anostraca:
afra	1
> notostraca:
lapu	0.125
lart	0.125
lcou	0.125
lubb	0.125
tcan	0.125
tita	0.125
tlon	0.125
tusa	0.125

mean GC outgro: all positions=0.414 position1=0.518 position2=0.219 position3=0.504 
mean GC anostraca: all positions=0.360 position1=0.518 position2=0.226 position3=0.336 
mean GC notostraca: all positions=0.412 position1=0.481 position2=0.226 position3=0.528 

** impossible to compute Ks. saturation? **

mean number of non synonymous sites compared: 261.5
mean Ka anostraca: 0.0220805
mean Ka notostraca: 0.0229117
dKa: -0.000831205	standard deviation (sd): 0.00749665	ratio dKa/sd: -0.110877
exact probability (P): 0.911715

equally weighted sequences:
> outgro:
ocin	0.5
tcas	0.5
> cladocera:
dmag	0.333333
dpul	0.333333
etex	0.333333
> notostraca:
lapu	0.125
lart	0.125
lcou	0.125
lubb	0.125
tcan	0.125
tita	0.125
tlon	0.125
tusa	0.125

mean GC outgro: all positions=0.414 position1=0.518 position2=0.219 position3=0.504 
mean GC cladocera: all positions=0.404 position1=0.491 position2=0.226 position3=0.494 
mean GC notostraca: all positions=0.412 position1=0.481 position2=0.226 position3=0.528 

** impossible to compute Ks. saturation? **

mean number of non synonymous sites compared: 261.3
mean Ka cladocera: 0.0301766
mean Ka notostraca: 0.0229117
dKa: 0.00726491	standard deviation (sd): 0.00612126	ratio dKa/sd: 1.18683
exact probability (P): 0.2353

