

## treatement of 3 lineages from file OG0005042.phy ##

equally weighted sequences:
> outgro:
ocin	0.5
tcas	0.5
> anostraca:
afra	1
> cladocera:
dmag	0.333333
dpul	0.333333
etex	0.333333

mean GC outgro: all positions=0.380 position1=0.401 position2=0.355 position3=0.384 
mean GC anostraca: all positions=0.357 position1=0.337 position2=0.326 position3=0.407 
mean GC cladocera: all positions=0.425 position1=0.500 position2=0.333 position3=0.442 

** impossible to compute Ks. saturation? **

mean number of non synonymous sites compared: 174.0
mean Ka anostraca: 0.990514
mean Ka cladocera: 0.689517
dKa: 0.300996	standard deviation (sd): 0.0975039	ratio dKa/sd: 3.08702
exact probability (P): 0.00202558

equally weighted sequences:
> outgro:
ocin	0.5
tcas	0.5
> anostraca:
afra	1
> notostraca:
lapu	0.125
lart	0.125
lcou	0.125
lubb	0.125
tcan	0.125
tita	0.125
tlon	0.125
tusa	0.125

mean GC outgro: all positions=0.380 position1=0.401 position2=0.355 position3=0.384 
mean GC anostraca: all positions=0.357 position1=0.337 position2=0.326 position3=0.407 
mean GC notostraca: all positions=0.431 position1=0.472 position2=0.392 position3=0.429 

** impossible to compute Ks. saturation? **

mean number of non synonymous sites compared: 176.2
mean Ka anostraca: 0.990514
mean Ka notostraca: 0.71504
dKa: 0.275473	standard deviation (sd): 0.104968	ratio dKa/sd: 2.62437
exact probability (P): 0.00868767

equally weighted sequences:
> outgro:
ocin	0.5
tcas	0.5
> cladocera:
dmag	0.333333
dpul	0.333333
etex	0.333333
> notostraca:
lapu	0.125
lart	0.125
lcou	0.125
lubb	0.125
tcan	0.125
tita	0.125
tlon	0.125
tusa	0.125

mean GC outgro: all positions=0.380 position1=0.401 position2=0.355 position3=0.384 
mean GC cladocera: all positions=0.425 position1=0.500 position2=0.333 position3=0.442 
mean GC notostraca: all positions=0.431 position1=0.472 position2=0.392 position3=0.429 

** impossible to compute Ks. saturation? **

mean number of non synonymous sites compared: 174.7
mean Ka cladocera: 0.689517
mean Ka notostraca: 0.71504
dKa: -0.0255231	standard deviation (sd): 0.0665982	ratio dKa/sd: -0.38324
exact probability (P): 0.701545

