

## treatement of 3 lineages from file OG0005594.phy ##

equally weighted sequences:
> outgro:
ocin	0.5
tcas	0.5
> anostraca:
afra	1
> cladocera:
dmag	0.333333
dpul	0.333333
etex	0.333333

mean GC outgro: all positions=0.496 position1=0.540 position2=0.328 position3=0.622 
mean GC anostraca: all positions=0.418 position1=0.524 position2=0.339 position3=0.392 
mean GC cladocera: all positions=0.507 position1=0.603 position2=0.360 position3=0.559 

** impossible to compute Ks. saturation? **

mean number of non synonymous sites compared: 361.7
mean Ka anostraca: 0.224995
mean Ka cladocera: 0.184967
dKa: 0.040028	standard deviation (sd): 0.0253705	ratio dKa/sd: 1.57774
exact probability (P): 0.114635

equally weighted sequences:
> outgro:
ocin	0.5
tcas	0.5
> anostraca:
afra	1
> notostraca:
lapu	0.125
lart	0.125
lcou	0.125
lubb	0.125
tcan	0.125
tita	0.125
tlon	0.125
tusa	0.125

mean GC outgro: all positions=0.496 position1=0.540 position2=0.328 position3=0.622 
mean GC anostraca: all positions=0.418 position1=0.524 position2=0.339 position3=0.392 
mean GC notostraca: all positions=0.477 position1=0.549 position2=0.360 position3=0.521 

** impossible to compute Ks. saturation? **

mean number of non synonymous sites compared: 362.4
mean Ka anostraca: 0.224995
mean Ka notostraca: 0.175286
dKa: 0.0497092	standard deviation (sd): 0.0238409	ratio dKa/sd: 2.08504
exact probability (P): 0.0370743

equally weighted sequences:
> outgro:
ocin	0.5
tcas	0.5
> cladocera:
dmag	0.333333
dpul	0.333333
etex	0.333333
> notostraca:
lapu	0.125
lart	0.125
lcou	0.125
lubb	0.125
tcan	0.125
tita	0.125
tlon	0.125
tusa	0.125

mean GC outgro: all positions=0.496 position1=0.540 position2=0.328 position3=0.622 
mean GC cladocera: all positions=0.507 position1=0.603 position2=0.360 position3=0.559 
mean GC notostraca: all positions=0.477 position1=0.549 position2=0.360 position3=0.521 

** impossible to compute Ks. saturation? **

mean number of non synonymous sites compared: 365.1
mean Ka cladocera: 0.184967
mean Ka notostraca: 0.175286
dKa: 0.00968117	standard deviation (sd): 0.0183909	ratio dKa/sd: 0.526412
exact probability (P): 0.598605

