

## treatement of 3 lineages from file OG0009623.phy ##

equally weighted sequences:
> outgro:
tcas	1
> anostraca:
afra	1
> cladocera:
dpul	0.5
etex	0.5

mean GC outgro: all positions=0.363 position1=0.375 position2=0.309 position3=0.404 
mean GC anostraca: all positions=0.341 position1=0.382 position2=0.346 position3=0.294 
mean GC cladocera: all positions=0.430 position1=0.456 position2=0.298 position3=0.537 

** impossible to compute Ks. saturation? **

mean number of non synonymous sites compared: 275.5
mean Ka anostraca: 0.466195
mean Ka cladocera: 0.396896
dKa: 0.0692986	standard deviation (sd): 0.0527858	ratio dKa/sd: 1.31283
exact probability (P): 0.189249

equally weighted sequences:
> outgro:
tcas	1
> anostraca:
afra	1
> notostraca:
lapu	0.333333
lart	0.333333
lcou	0.333333

mean GC outgro: all positions=0.363 position1=0.375 position2=0.309 position3=0.404 
mean GC anostraca: all positions=0.341 position1=0.382 position2=0.346 position3=0.294 
mean GC notostraca: all positions=0.410 position1=0.451 position2=0.314 position3=0.466 

** impossible to compute Ks. saturation? **

mean number of non synonymous sites compared: 276.8
mean Ka anostraca: 0.466195
mean Ka notostraca: 0.354159
dKa: 0.112036	standard deviation (sd): 0.0545934	ratio dKa/sd: 2.05219
exact probability (P): 0.0401595

equally weighted sequences:
> outgro:
tcas	1
> cladocera:
dpul	0.5
etex	0.5
> notostraca:
lapu	0.333333
lart	0.333333
lcou	0.333333

mean GC outgro: all positions=0.363 position1=0.375 position2=0.309 position3=0.404 
mean GC cladocera: all positions=0.430 position1=0.456 position2=0.298 position3=0.537 
mean GC notostraca: all positions=0.410 position1=0.451 position2=0.314 position3=0.466 

** impossible to compute Ks. saturation? **

mean number of non synonymous sites compared: 265.4
mean Ka cladocera: 0.396896
mean Ka notostraca: 0.354159
dKa: 0.0427374	standard deviation (sd): 0.037883	ratio dKa/sd: 1.12814
exact probability (P): 0.259268

