

## treatement of 3 lineages from file OG0006402.phy ##

equally weighted sequences:
> outgro:
ocin	0.5
tcas	0.5
> anostraca:
afra	1
> cladocera:
dmag	0.5
dpul	0.5

mean GC outgro: all positions=0.476 position1=0.522 position2=0.407 position3=0.498 
mean GC anostraca: all positions=0.416 position1=0.520 position2=0.353 position3=0.375 
mean GC cladocera: all positions=0.453 position1=0.502 position2=0.378 position3=0.480 

** impossible to compute Ks. saturation? **

mean number of non synonymous sites compared: 534.9
mean Ka anostraca: 0.613309
mean Ka cladocera: 0.492492
dKa: 0.120818	standard deviation (sd): 0.0402864	ratio dKa/sd: 2.99897
exact probability (P): 0.00271414

equally weighted sequences:
> outgro:
ocin	0.5
tcas	0.5
> anostraca:
afra	1
> notostraca:
lapu	0.125
lart	0.125
lcou	0.125
lubb	0.125
tcan	0.125
tita	0.125
tlon	0.125
tusa	0.125

mean GC outgro: all positions=0.476 position1=0.522 position2=0.407 position3=0.498 
mean GC anostraca: all positions=0.416 position1=0.520 position2=0.353 position3=0.375 
mean GC notostraca: all positions=0.461 position1=0.540 position2=0.398 position3=0.445 

** impossible to compute Ks. saturation? **

mean number of non synonymous sites compared: 536.3
mean Ka anostraca: 0.613309
mean Ka notostraca: 0.461962
dKa: 0.151347	standard deviation (sd): 0.0409611	ratio dKa/sd: 3.69491
exact probability (P): 0.000222611

equally weighted sequences:
> outgro:
ocin	0.5
tcas	0.5
> cladocera:
dmag	0.5
dpul	0.5
> notostraca:
lapu	0.125
lart	0.125
lcou	0.125
lubb	0.125
tcan	0.125
tita	0.125
tlon	0.125
tusa	0.125

mean GC outgro: all positions=0.476 position1=0.522 position2=0.407 position3=0.498 
mean GC cladocera: all positions=0.453 position1=0.502 position2=0.378 position3=0.480 
mean GC notostraca: all positions=0.461 position1=0.540 position2=0.398 position3=0.445 

** impossible to compute Ks. saturation? **

mean number of non synonymous sites compared: 540.7
mean Ka cladocera: 0.492492
mean Ka notostraca: 0.461962
dKa: 0.0305298	standard deviation (sd): 0.0310494	ratio dKa/sd: 0.983267
exact probability (P): 0.325483

