

## treatement of 3 lineages from file OG0006243.phy ##

equally weighted sequences:
> outgro:
tcas	1
> anostraca:
afra	1
> cladocera:
dmag	0.333333
dpul	0.333333
etex	0.333333

mean GC outgro: all positions=0.498 position1=0.527 position2=0.305 position3=0.664 
mean GC anostraca: all positions=0.415 position1=0.523 position2=0.368 position3=0.355 
mean GC cladocera: all positions=0.461 position1=0.591 position2=0.336 position3=0.456 

** impossible to compute Ks. saturation? **

mean number of non synonymous sites compared: 428.2
mean Ka anostraca: 0.625514
mean Ka cladocera: 0.293752
dKa: 0.331763	standard deviation (sd): 0.0504993	ratio dKa/sd: 6.56964
exact probability (P): 1e-07

equally weighted sequences:
> outgro:
tcas	1
> anostraca:
afra	1
> notostraca:
lapu	0.125
lart	0.125
lcou	0.125
lubb	0.125
tcan	0.125
tita	0.125
tlon	0.125
tusa	0.125

mean GC outgro: all positions=0.498 position1=0.527 position2=0.305 position3=0.664 
mean GC anostraca: all positions=0.415 position1=0.523 position2=0.368 position3=0.355 
mean GC notostraca: all positions=0.473 position1=0.584 position2=0.335 position3=0.502 

** impossible to compute Ks. saturation? **

mean number of non synonymous sites compared: 423.3
mean Ka anostraca: 0.625514
mean Ka notostraca: 0.282587
dKa: 0.342927	standard deviation (sd): 0.0501311	ratio dKa/sd: 6.8406
exact probability (P): 1e-07

equally weighted sequences:
> outgro:
tcas	1
> cladocera:
dmag	0.333333
dpul	0.333333
etex	0.333333
> notostraca:
lapu	0.125
lart	0.125
lcou	0.125
lubb	0.125
tcan	0.125
tita	0.125
tlon	0.125
tusa	0.125

mean GC outgro: all positions=0.498 position1=0.527 position2=0.305 position3=0.664 
mean GC cladocera: all positions=0.461 position1=0.591 position2=0.336 position3=0.456 
mean GC notostraca: all positions=0.473 position1=0.584 position2=0.335 position3=0.502 

** impossible to compute Ks. saturation? **

mean number of non synonymous sites compared: 423.5
mean Ka cladocera: 0.293752
mean Ka notostraca: 0.282587
dKa: 0.0111642	standard deviation (sd): 0.020949	ratio dKa/sd: 0.532924
exact probability (P): 0.59409

