

## treatement of 3 lineages from file OG0006956.phy ##

equally weighted sequences:
> outgro:
tcas	1
> anostraca:
afra	1
> cladocera:
dmag	0.5
etex	0.5

mean GC outgro: all positions=0.429 position1=0.461 position2=0.329 position3=0.497 
mean GC anostraca: all positions=0.433 position1=0.569 position2=0.365 position3=0.365 
mean GC cladocera: all positions=0.450 position1=0.512 position2=0.377 position3=0.461 

** impossible to compute Ks. saturation? **

mean number of non synonymous sites compared: 321.0
mean Ka anostraca: 0.684552
mean Ka cladocera: 0.744722
dKa: -0.0601702	standard deviation (sd): 0.0648649	ratio dKa/sd: -0.927624
exact probability (P): 0.353609

equally weighted sequences:
> outgro:
tcas	1
> anostraca:
afra	1
> notostraca:
lapu	0.125
lart	0.125
lcou	0.125
lubb	0.125
tcan	0.125
tita	0.125
tlon	0.125
tusa	0.125

mean GC outgro: all positions=0.429 position1=0.461 position2=0.329 position3=0.497 
mean GC anostraca: all positions=0.433 position1=0.569 position2=0.365 position3=0.365 
mean GC notostraca: all positions=0.470 position1=0.564 position2=0.343 position3=0.503 

** impossible to compute Ks. saturation? **

mean number of non synonymous sites compared: 324.1
mean Ka anostraca: 0.684552
mean Ka notostraca: 0.64881
dKa: 0.0357423	standard deviation (sd): 0.07012	ratio dKa/sd: 0.509731
exact probability (P): 0.610244

equally weighted sequences:
> outgro:
tcas	1
> cladocera:
dmag	0.5
etex	0.5
> notostraca:
lapu	0.125
lart	0.125
lcou	0.125
lubb	0.125
tcan	0.125
tita	0.125
tlon	0.125
tusa	0.125

mean GC outgro: all positions=0.429 position1=0.461 position2=0.329 position3=0.497 
mean GC cladocera: all positions=0.450 position1=0.512 position2=0.377 position3=0.461 
mean GC notostraca: all positions=0.470 position1=0.564 position2=0.343 position3=0.503 

** impossible to compute Ks. saturation? **

mean number of non synonymous sites compared: 325.7
mean Ka cladocera: 0.744722
mean Ka notostraca: 0.64881
dKa: 0.0959126	standard deviation (sd): 0.0591266	ratio dKa/sd: 1.62216
exact probability (P): 0.104779

