

## treatement of 3 lineages from file OG0005637.phy ##

equally weighted sequences:
> outgro:
ocin	0.5
tcas	0.5
> anostraca:
afra	1
> cladocera:
dmag	0.333333
dpul	0.333333
etex	0.333333

mean GC outgro: all positions=0.483 position1=0.564 position2=0.408 position3=0.479 
mean GC anostraca: all positions=0.428 position1=0.525 position2=0.411 position3=0.348 
mean GC cladocera: all positions=0.492 position1=0.534 position2=0.426 position3=0.515 

** impossible to compute Ks. saturation? **

mean number of non synonymous sites compared: 273.5
mean Ka anostraca: 0.427946
mean Ka cladocera: 0.416833
dKa: 0.0111125	standard deviation (sd): 0.0407212	ratio dKa/sd: 0.272891
exact probability (P): 0.784939

equally weighted sequences:
> outgro:
ocin	0.5
tcas	0.5
> anostraca:
afra	1
> notostraca:
lapu	0.125
lart	0.125
lcou	0.125
lubb	0.125
tcan	0.125
tita	0.125
tlon	0.125
tusa	0.125

mean GC outgro: all positions=0.483 position1=0.564 position2=0.408 position3=0.479 
mean GC anostraca: all positions=0.428 position1=0.525 position2=0.411 position3=0.348 
mean GC notostraca: all positions=0.485 position1=0.514 position2=0.433 position3=0.508 

** impossible to compute Ks. saturation? **

mean number of non synonymous sites compared: 271.5
mean Ka anostraca: 0.427946
mean Ka notostraca: 0.405409
dKa: 0.0225364	standard deviation (sd): 0.0399297	ratio dKa/sd: 0.564402
exact probability (P): 0.572485

equally weighted sequences:
> outgro:
ocin	0.5
tcas	0.5
> cladocera:
dmag	0.333333
dpul	0.333333
etex	0.333333
> notostraca:
lapu	0.125
lart	0.125
lcou	0.125
lubb	0.125
tcan	0.125
tita	0.125
tlon	0.125
tusa	0.125

mean GC outgro: all positions=0.483 position1=0.564 position2=0.408 position3=0.479 
mean GC cladocera: all positions=0.492 position1=0.534 position2=0.426 position3=0.515 
mean GC notostraca: all positions=0.485 position1=0.514 position2=0.433 position3=0.508 

** impossible to compute Ks. saturation? **

mean number of non synonymous sites compared: 272.9
mean Ka cladocera: 0.416833
mean Ka notostraca: 0.405409
dKa: 0.0114239	standard deviation (sd): 0.0310786	ratio dKa/sd: 0.367582
exact probability (P): 0.713188

