

## treatement of 3 lineages from file OG0006072.phy ##

equally weighted sequences:
> outgro:
tcas	1
> anostraca:
afra	1
> cladocera:
dmag	0.333333
dpul	0.333333
etex	0.333333

mean GC outgro: all positions=0.499 position1=0.563 position2=0.468 position3=0.468 
mean GC anostraca: all positions=0.465 position1=0.545 position2=0.498 position3=0.351 
mean GC cladocera: all positions=0.515 position1=0.579 position2=0.481 position3=0.486 

mean number of synonymous sites compared: 236.6
mean Ks anostraca: 1.70523
mean Ks cladocera: 1.42834
dKs: 0.276891	standard deviation (sd): 0.461738	ratio dKs/sd: 0.59967
exact probability (P): 0.54873

mean number of non synonymous sites compared: 456.4
mean Ka anostraca: 0.104411
mean Ka cladocera: 0.0966714
dKa: 0.00773928	standard deviation (sd): 0.0132388	ratio dKa/sd: 0.584592
exact probability (P): 0.558826

equally weighted sequences:
> outgro:
tcas	1
> anostraca:
afra	1
> notostraca:
lapu	0.125
lart	0.125
lcou	0.125
lubb	0.125
tcan	0.125
tita	0.125
tlon	0.125
tusa	0.125

mean GC outgro: all positions=0.499 position1=0.563 position2=0.468 position3=0.468 
mean GC anostraca: all positions=0.465 position1=0.545 position2=0.498 position3=0.351 
mean GC notostraca: all positions=0.534 position1=0.575 position2=0.481 position3=0.544 

** impossible to compute Ks. saturation? **

mean number of non synonymous sites compared: 452.2
mean Ka anostraca: 0.104411
mean Ka notostraca: 0.108437
dKa: -0.00402659	standard deviation (sd): 0.0144848	ratio dKa/sd: -0.277987
exact probability (P): 0.781023

equally weighted sequences:
> outgro:
tcas	1
> cladocera:
dmag	0.333333
dpul	0.333333
etex	0.333333
> notostraca:
lapu	0.125
lart	0.125
lcou	0.125
lubb	0.125
tcan	0.125
tita	0.125
tlon	0.125
tusa	0.125

mean GC outgro: all positions=0.499 position1=0.563 position2=0.468 position3=0.468 
mean GC cladocera: all positions=0.515 position1=0.579 position2=0.481 position3=0.486 
mean GC notostraca: all positions=0.534 position1=0.575 position2=0.481 position3=0.544 

** impossible to compute Ks. saturation? **

mean number of non synonymous sites compared: 457.7
mean Ka cladocera: 0.0966714
mean Ka notostraca: 0.108437
dKa: -0.0117659	standard deviation (sd): 0.009582	ratio dKa/sd: -1.22791
exact probability (P): 0.219487

