

## treatement of 3 lineages from file OG0006378.phy ##

equally weighted sequences:
> outgro:
ocin	0.5
tcas	0.5
> anostraca:
afra	1
> cladocera:
dmag	0.5
dpul	0.5

mean GC outgro: all positions=0.497 position1=0.515 position2=0.382 position3=0.593 
mean GC anostraca: all positions=0.388 position1=0.492 position2=0.401 position3=0.270 
mean GC cladocera: all positions=0.593 position1=0.565 position2=0.408 position3=0.807 

** impossible to compute Ks. saturation? **

mean number of non synonymous sites compared: 874.6
mean Ka anostraca: 0.199678
mean Ka cladocera: 0.175173
dKa: 0.0245057	standard deviation (sd): 0.0144423	ratio dKa/sd: 1.69679
exact probability (P): 0.0897443

equally weighted sequences:
> outgro:
ocin	0.5
tcas	0.5
> anostraca:
afra	1
> notostraca:
lapu	0.125
lart	0.125
lcou	0.125
lubb	0.125
tcan	0.125
tita	0.125
tlon	0.125
tusa	0.125

mean GC outgro: all positions=0.497 position1=0.515 position2=0.382 position3=0.593 
mean GC anostraca: all positions=0.388 position1=0.492 position2=0.401 position3=0.270 
mean GC notostraca: all positions=0.521 position1=0.535 position2=0.384 position3=0.643 

** impossible to compute Ks. saturation? **

mean number of non synonymous sites compared: 869.2
mean Ka anostraca: 0.199678
mean Ka notostraca: 0.156806
dKa: 0.0428726	standard deviation (sd): 0.0142621	ratio dKa/sd: 3.00605
exact probability (P): 0.00265179

equally weighted sequences:
> outgro:
ocin	0.5
tcas	0.5
> cladocera:
dmag	0.5
dpul	0.5
> notostraca:
lapu	0.125
lart	0.125
lcou	0.125
lubb	0.125
tcan	0.125
tita	0.125
tlon	0.125
tusa	0.125

mean GC outgro: all positions=0.497 position1=0.515 position2=0.382 position3=0.593 
mean GC cladocera: all positions=0.593 position1=0.565 position2=0.408 position3=0.807 
mean GC notostraca: all positions=0.521 position1=0.535 position2=0.384 position3=0.643 

** impossible to compute Ks. saturation? **

mean number of non synonymous sites compared: 876.2
mean Ka cladocera: 0.175173
mean Ka notostraca: 0.156806
dKa: 0.018367	standard deviation (sd): 0.0113751	ratio dKa/sd: 1.61467
exact probability (P): 0.106391

