

## treatement of 3 lineages from file OG0006136.phy ##

equally weighted sequences:
> outgro:
ocin	0.5
tcas	0.5
> anostraca:
afra	1
> cladocera:
dmag	0.333333
dpul	0.333333
etex	0.333333

mean GC outgro: all positions=0.457 position1=0.486 position2=0.350 position3=0.536 
mean GC anostraca: all positions=0.414 position1=0.557 position2=0.329 position3=0.357 
mean GC cladocera: all positions=0.448 position1=0.481 position2=0.343 position3=0.519 

** impossible to compute Ks. saturation? **

mean number of non synonymous sites compared: 140.3
mean Ka anostraca: 0.544313
mean Ka cladocera: 0.347675
dKa: 0.196637	standard deviation (sd): 0.0714342	ratio dKa/sd: 2.75271
exact probability (P): 0.00591546

equally weighted sequences:
> outgro:
ocin	0.5
tcas	0.5
> anostraca:
afra	1
> notostraca:
lapu	0.142857
lart	0.142857
lcou	0.142857
tcan	0.142857
tita	0.142857
tlon	0.142857
tusa	0.142857

mean GC outgro: all positions=0.457 position1=0.486 position2=0.350 position3=0.536 
mean GC anostraca: all positions=0.414 position1=0.557 position2=0.329 position3=0.357 
mean GC notostraca: all positions=0.434 position1=0.453 position2=0.333 position3=0.516 

** impossible to compute Ks. saturation? **

mean number of non synonymous sites compared: 142.1
mean Ka anostraca: 0.544313
mean Ka notostraca: 0.352437
dKa: 0.191876	standard deviation (sd): 0.0781266	ratio dKa/sd: 2.45596
exact probability (P): 0.0140586

equally weighted sequences:
> outgro:
ocin	0.5
tcas	0.5
> cladocera:
dmag	0.333333
dpul	0.333333
etex	0.333333
> notostraca:
lapu	0.142857
lart	0.142857
lcou	0.142857
tcan	0.142857
tita	0.142857
tlon	0.142857
tusa	0.142857

mean GC outgro: all positions=0.457 position1=0.486 position2=0.350 position3=0.536 
mean GC cladocera: all positions=0.448 position1=0.481 position2=0.343 position3=0.519 
mean GC notostraca: all positions=0.434 position1=0.453 position2=0.333 position3=0.516 

** impossible to compute Ks. saturation? **

mean number of non synonymous sites compared: 139.7
mean Ka cladocera: 0.347675
mean Ka notostraca: 0.352437
dKa: -0.00476187	standard deviation (sd): 0.0411125	ratio dKa/sd: -0.115825
exact probability (P): 0.907791

