

## treatement of 3 lineages from file OG0006935.phy ##

equally weighted sequences:
> outgro:
tcas	1
> anostraca:
afra	1
> cladocera:
dmag	0.5
dpul	0.5

mean GC outgro: all positions=0.426 position1=0.370 position2=0.278 position3=0.630 
mean GC anostraca: all positions=0.377 position1=0.463 position2=0.259 position3=0.407 
mean GC cladocera: all positions=0.435 position1=0.500 position2=0.417 position3=0.389 

** impossible to compute Ks. saturation? **

mean number of non synonymous sites compared: 102.1
mean Ka anostraca: 0.754394
mean Ka cladocera: 0.825721
dKa: -0.0713274	standard deviation (sd): 0.159743	ratio dKa/sd: -0.446514
exact probability (P): 0.655228

equally weighted sequences:
> outgro:
tcas	1
> anostraca:
afra	1
> notostraca:
lapu	0.125
lart	0.125
lcou	0.125
lubb	0.125
tcan	0.125
tita	0.125
tlon	0.125
tusa	0.125

mean GC outgro: all positions=0.426 position1=0.370 position2=0.278 position3=0.630 
mean GC anostraca: all positions=0.377 position1=0.463 position2=0.259 position3=0.407 
mean GC notostraca: all positions=0.439 position1=0.556 position2=0.317 position3=0.444 

** impossible to compute Ks. saturation? **

mean number of non synonymous sites compared: 105.5
mean Ka anostraca: 0.754394
mean Ka notostraca: 0.655727
dKa: 0.0986667	standard deviation (sd): 0.131743	ratio dKa/sd: 0.748932
exact probability (P): 0.453904

equally weighted sequences:
> outgro:
tcas	1
> cladocera:
dmag	0.5
dpul	0.5
> notostraca:
lapu	0.125
lart	0.125
lcou	0.125
lubb	0.125
tcan	0.125
tita	0.125
tlon	0.125
tusa	0.125

mean GC outgro: all positions=0.426 position1=0.370 position2=0.278 position3=0.630 
mean GC cladocera: all positions=0.435 position1=0.500 position2=0.417 position3=0.389 
mean GC notostraca: all positions=0.439 position1=0.556 position2=0.317 position3=0.444 

** impossible to compute Ks. saturation? **

mean number of non synonymous sites compared: 105.9
mean Ka cladocera: 0.825721
mean Ka notostraca: 0.655727
dKa: 0.169994	standard deviation (sd): 0.125237	ratio dKa/sd: 1.35738
exact probability (P): 0.17467

