

## treatement of 3 lineages from file OG0008454.phy ##

equally weighted sequences:
> outgro:
ocin	0.5
tcas	0.5
> anostraca:
afra	1
> cladocera:
dmag	0.5
dpul	0.5

mean GC outgro: all positions=0.435 position1=0.472 position2=0.306 position3=0.528 
mean GC anostraca: all positions=0.426 position1=0.500 position2=0.389 position3=0.389 
mean GC cladocera: all positions=0.361 position1=0.444 position2=0.333 position3=0.306 

** impossible to compute Ks. saturation? **

mean number of non synonymous sites compared: 34.9
mean Ka anostraca: 0.698943
mean Ka cladocera: 1.2128
dKa: -0.513859	standard deviation (sd): 0.490745	ratio dKa/sd: -1.0471
exact probability (P): 0.29506

equally weighted sequences:
> outgro:
ocin	0.5
tcas	0.5
> anostraca:
afra	1
> notostraca:
lapu	0.25
lart	0.25
lcou	0.25
lubb	0.25

mean GC outgro: all positions=0.435 position1=0.472 position2=0.306 position3=0.528 
mean GC anostraca: all positions=0.426 position1=0.500 position2=0.389 position3=0.389 
mean GC notostraca: all positions=0.394 position1=0.472 position2=0.222 position3=0.486 

** impossible to compute Ks. saturation? **

** impossible to compute Ka. saturation? **

equally weighted sequences:
> outgro:
ocin	0.5
tcas	0.5
> cladocera:
dmag	0.5
dpul	0.5
> notostraca:
lapu	0.25
lart	0.25
lcou	0.25
lubb	0.25

mean GC outgro: all positions=0.435 position1=0.472 position2=0.306 position3=0.528 
mean GC cladocera: all positions=0.361 position1=0.444 position2=0.333 position3=0.306 
mean GC notostraca: all positions=0.394 position1=0.472 position2=0.222 position3=0.486 

** impossible to compute Ks. saturation? **

** impossible to compute Ka. saturation? **

