

## treatement of 3 lineages from file OG0005212.phy ##

equally weighted sequences:
> outgro:
ocin	0.5
tcas	0.5
> anostraca:
afra	1
> cladocera:
dmag	0.333333
dpul	0.333333
etex	0.333333

mean GC outgro: all positions=0.402 position1=0.483 position2=0.354 position3=0.371 
mean GC anostraca: all positions=0.398 position1=0.502 position2=0.371 position3=0.322 
mean GC cladocera: all positions=0.459 position1=0.546 position2=0.359 position3=0.472 

** impossible to compute Ks. saturation? **

mean number of non synonymous sites compared: 397.6
mean Ka anostraca: 0.563027
mean Ka cladocera: 0.535464
dKa: 0.0275629	standard deviation (sd): 0.0415603	ratio dKa/sd: 0.663204
exact probability (P): 0.507203

equally weighted sequences:
> outgro:
ocin	0.5
tcas	0.5
> anostraca:
afra	1
> notostraca:
lapu	0.125
lart	0.125
lcou	0.125
lubb	0.125
tcan	0.125
tita	0.125
tlon	0.125
tusa	0.125

mean GC outgro: all positions=0.402 position1=0.483 position2=0.354 position3=0.371 
mean GC anostraca: all positions=0.398 position1=0.502 position2=0.371 position3=0.322 
mean GC notostraca: all positions=0.439 position1=0.501 position2=0.377 position3=0.438 

** impossible to compute Ks. saturation? **

mean number of non synonymous sites compared: 399.9
mean Ka anostraca: 0.563027
mean Ka notostraca: 0.509809
dKa: 0.0532174	standard deviation (sd): 0.0410514	ratio dKa/sd: 1.29636
exact probability (P): 0.19486

equally weighted sequences:
> outgro:
ocin	0.5
tcas	0.5
> cladocera:
dmag	0.333333
dpul	0.333333
etex	0.333333
> notostraca:
lapu	0.125
lart	0.125
lcou	0.125
lubb	0.125
tcan	0.125
tita	0.125
tlon	0.125
tusa	0.125

mean GC outgro: all positions=0.402 position1=0.483 position2=0.354 position3=0.371 
mean GC cladocera: all positions=0.459 position1=0.546 position2=0.359 position3=0.472 
mean GC notostraca: all positions=0.439 position1=0.501 position2=0.377 position3=0.438 

** impossible to compute Ks. saturation? **

mean number of non synonymous sites compared: 396.5
mean Ka cladocera: 0.535464
mean Ka notostraca: 0.509809
dKa: 0.0256544	standard deviation (sd): 0.0312477	ratio dKa/sd: 0.821001
exact probability (P): 0.41165

