

## treatement of 3 lineages from file OG0005377.phy ##

equally weighted sequences:
> outgro:
ocin	0.5
tcas	0.5
> anostraca:
afra	1
> cladocera:
dmag	0.333333
dpul	0.333333
etex	0.333333

mean GC outgro: all positions=0.441 position1=0.541 position2=0.333 position3=0.448 
mean GC anostraca: all positions=0.425 position1=0.556 position2=0.415 position3=0.304 
mean GC cladocera: all positions=0.481 position1=0.531 position2=0.365 position3=0.548 

** impossible to compute Ks. saturation? **

mean number of non synonymous sites compared: 270.9
mean Ka anostraca: 0.650915
mean Ka cladocera: 0.502155
dKa: 0.14876	standard deviation (sd): 0.0535666	ratio dKa/sd: 2.77711
exact probability (P): 0.00549037

equally weighted sequences:
> outgro:
ocin	0.5
tcas	0.5
> anostraca:
afra	1
> notostraca:
lapu	0.125
lart	0.125
lcou	0.125
lubb	0.125
tcan	0.125
tita	0.125
tlon	0.125
tusa	0.125

mean GC outgro: all positions=0.441 position1=0.541 position2=0.333 position3=0.448 
mean GC anostraca: all positions=0.425 position1=0.556 position2=0.415 position3=0.304 
mean GC notostraca: all positions=0.506 position1=0.575 position2=0.382 position3=0.562 

** impossible to compute Ks. saturation? **

mean number of non synonymous sites compared: 265.2
mean Ka anostraca: 0.650915
mean Ka notostraca: 0.590475
dKa: 0.0604406	standard deviation (sd): 0.057024	ratio dKa/sd: 1.05992
exact probability (P): 0.28919

equally weighted sequences:
> outgro:
ocin	0.5
tcas	0.5
> cladocera:
dmag	0.333333
dpul	0.333333
etex	0.333333
> notostraca:
lapu	0.125
lart	0.125
lcou	0.125
lubb	0.125
tcan	0.125
tita	0.125
tlon	0.125
tusa	0.125

mean GC outgro: all positions=0.441 position1=0.541 position2=0.333 position3=0.448 
mean GC cladocera: all positions=0.481 position1=0.531 position2=0.365 position3=0.548 
mean GC notostraca: all positions=0.506 position1=0.575 position2=0.382 position3=0.562 

** impossible to compute Ks. saturation? **

mean number of non synonymous sites compared: 265.9
mean Ka cladocera: 0.502155
mean Ka notostraca: 0.590475
dKa: -0.0883199	standard deviation (sd): 0.0414653	ratio dKa/sd: -2.12997
exact probability (P): 0.0331823

