

## treatement of 3 lineages from file OG0005628.phy ##

equally weighted sequences:
> outgro:
ocin	0.5
tcas	0.5
> anostraca:
afra	1
> cladocera:
dmag	0.333333
dpul	0.333333
etex	0.333333

mean GC outgro: all positions=0.461 position1=0.520 position2=0.363 position3=0.502 
mean GC anostraca: all positions=0.375 position1=0.463 position2=0.384 position3=0.278 
mean GC cladocera: all positions=0.440 position1=0.553 position2=0.332 position3=0.434 

** impossible to compute Ks. saturation? **

mean number of non synonymous sites compared: 500.3
mean Ka anostraca: 0.440933
mean Ka cladocera: 0.356397
dKa: 0.0845355	standard deviation (sd): 0.0324262	ratio dKa/sd: 2.60701
exact probability (P): 0.00914075

equally weighted sequences:
> outgro:
ocin	0.5
tcas	0.5
> anostraca:
afra	1
> notostraca:
lapu	0.125
lart	0.125
lcou	0.125
lubb	0.125
tcan	0.125
tita	0.125
tlon	0.125
tusa	0.125

mean GC outgro: all positions=0.461 position1=0.520 position2=0.363 position3=0.502 
mean GC anostraca: all positions=0.375 position1=0.463 position2=0.384 position3=0.278 
mean GC notostraca: all positions=0.436 position1=0.522 position2=0.364 position3=0.421 

** impossible to compute Ks. saturation? **

mean number of non synonymous sites compared: 511.3
mean Ka anostraca: 0.440933
mean Ka notostraca: 0.3011
dKa: 0.139833	standard deviation (sd): 0.0325068	ratio dKa/sd: 4.30166
exact probability (P): 1.79824e-05

equally weighted sequences:
> outgro:
ocin	0.5
tcas	0.5
> cladocera:
dmag	0.333333
dpul	0.333333
etex	0.333333
> notostraca:
lapu	0.125
lart	0.125
lcou	0.125
lubb	0.125
tcan	0.125
tita	0.125
tlon	0.125
tusa	0.125

mean GC outgro: all positions=0.461 position1=0.520 position2=0.363 position3=0.502 
mean GC cladocera: all positions=0.440 position1=0.553 position2=0.332 position3=0.434 
mean GC notostraca: all positions=0.436 position1=0.522 position2=0.364 position3=0.421 

** impossible to compute Ks. saturation? **

mean number of non synonymous sites compared: 505.3
mean Ka cladocera: 0.356397
mean Ka notostraca: 0.3011
dKa: 0.0552977	standard deviation (sd): 0.0219571	ratio dKa/sd: 2.51844
exact probability (P): 0.0117949

