

## treatement of 3 lineages from file OG0006253.phy ##

equally weighted sequences:
> outgro:
ocin	0.5
tcas	0.5
> anostraca:
afra	1
> cladocera:
dmag	0.5
dpul	0.5

mean GC outgro: all positions=0.409 position1=0.522 position2=0.196 position3=0.509 
mean GC anostraca: all positions=0.346 position1=0.422 position2=0.242 position3=0.373 
mean GC cladocera: all positions=0.496 position1=0.593 position2=0.280 position3=0.615 

** impossible to compute Ks. saturation? **

mean number of non synonymous sites compared: 327.2
mean Ka anostraca: 1.0913
mean Ka cladocera: 0.843657
dKa: 0.247645	standard deviation (sd): 0.103514	ratio dKa/sd: 2.39239
exact probability (P): 0.016747

equally weighted sequences:
> outgro:
ocin	0.5
tcas	0.5
> anostraca:
afra	1
> notostraca:
lapu	0.125
lart	0.125
lcou	0.125
lubb	0.125
tcan	0.125
tita	0.125
tlon	0.125
tusa	0.125

mean GC outgro: all positions=0.409 position1=0.522 position2=0.196 position3=0.509 
mean GC anostraca: all positions=0.346 position1=0.422 position2=0.242 position3=0.373 
mean GC notostraca: all positions=0.429 position1=0.561 position2=0.264 position3=0.463 

** impossible to compute Ks. saturation? **

mean number of non synonymous sites compared: 321.6
mean Ka anostraca: 1.0913
mean Ka notostraca: 0.864808
dKa: 0.226494	standard deviation (sd): 0.098304	ratio dKa/sd: 2.30401
exact probability (P): 0.0212287

equally weighted sequences:
> outgro:
ocin	0.5
tcas	0.5
> cladocera:
dmag	0.5
dpul	0.5
> notostraca:
lapu	0.125
lart	0.125
lcou	0.125
lubb	0.125
tcan	0.125
tita	0.125
tlon	0.125
tusa	0.125

mean GC outgro: all positions=0.409 position1=0.522 position2=0.196 position3=0.509 
mean GC cladocera: all positions=0.496 position1=0.593 position2=0.280 position3=0.615 
mean GC notostraca: all positions=0.429 position1=0.561 position2=0.264 position3=0.463 

** impossible to compute Ks. saturation? **

mean number of non synonymous sites compared: 323.3
mean Ka cladocera: 0.843657
mean Ka notostraca: 0.864808
dKa: -0.0211513	standard deviation (sd): 0.0758545	ratio dKa/sd: -0.27884
exact probability (P): 0.78037

