

## treatement of 3 lineages from file OG0006067.phy ##

equally weighted sequences:
> outgro:
ocin	1
> anostraca:
afra	1
> cladocera:
dmag	0.333333
dpul	0.333333
etex	0.333333

mean GC outgro: all positions=0.494 position1=0.577 position2=0.481 position3=0.423 
mean GC anostraca: all positions=0.449 position1=0.529 position2=0.500 position3=0.317 
mean GC cladocera: all positions=0.530 position1=0.558 position2=0.535 position3=0.497 

** impossible to compute Ks. saturation? **

mean number of non synonymous sites compared: 212.5
mean Ka anostraca: 0.844119
mean Ka cladocera: 0.605406
dKa: 0.238712	standard deviation (sd): 0.104745	ratio dKa/sd: 2.279
exact probability (P): 0.0226754

equally weighted sequences:
> outgro:
ocin	1
> anostraca:
afra	1
> notostraca:
lapu	0.125
lart	0.125
lcou	0.125
lubb	0.125
tcan	0.125
tita	0.125
tlon	0.125
tusa	0.125

mean GC outgro: all positions=0.494 position1=0.577 position2=0.481 position3=0.423 
mean GC anostraca: all positions=0.449 position1=0.529 position2=0.500 position3=0.317 
mean GC notostraca: all positions=0.503 position1=0.548 position2=0.495 position3=0.466 

** impossible to compute Ks. saturation? **

mean number of non synonymous sites compared: 209.2
mean Ka anostraca: 0.844119
mean Ka notostraca: 0.525956
dKa: 0.318163	standard deviation (sd): 0.108128	ratio dKa/sd: 2.94246
exact probability (P): 0.00326109

equally weighted sequences:
> outgro:
ocin	1
> cladocera:
dmag	0.333333
dpul	0.333333
etex	0.333333
> notostraca:
lapu	0.125
lart	0.125
lcou	0.125
lubb	0.125
tcan	0.125
tita	0.125
tlon	0.125
tusa	0.125

mean GC outgro: all positions=0.494 position1=0.577 position2=0.481 position3=0.423 
mean GC cladocera: all positions=0.530 position1=0.558 position2=0.535 position3=0.497 
mean GC notostraca: all positions=0.503 position1=0.548 position2=0.495 position3=0.466 

** impossible to compute Ks. saturation? **

mean number of non synonymous sites compared: 209.0
mean Ka cladocera: 0.605406
mean Ka notostraca: 0.525956
dKa: 0.0794504	standard deviation (sd): 0.0615977	ratio dKa/sd: 1.28983
exact probability (P): 0.197118

