

## treatement of 3 lineages from file OG0006157.phy ##

equally weighted sequences:
> outgro:
ocin	0.5
tcas	0.5
> anostraca:
afra	1
> cladocera:
dmag	0.5
etex	0.5

mean GC outgro: all positions=0.458 position1=0.552 position2=0.321 position3=0.500 
mean GC anostraca: all positions=0.412 position1=0.585 position2=0.311 position3=0.340 
mean GC cladocera: all positions=0.436 position1=0.608 position2=0.292 position3=0.406 

** impossible to compute Ks. saturation? **

mean number of non synonymous sites compared: 217.5
mean Ka anostraca: 0.585626
mean Ka cladocera: 0.516503
dKa: 0.0691225	standard deviation (sd): 0.0579707	ratio dKa/sd: 1.19237
exact probability (P): 0.233122

equally weighted sequences:
> outgro:
ocin	0.5
tcas	0.5
> anostraca:
afra	1
> notostraca:
lapu	0.125
lart	0.125
lcou	0.125
lubb	0.125
tcan	0.125
tita	0.125
tlon	0.125
tusa	0.125

mean GC outgro: all positions=0.458 position1=0.552 position2=0.321 position3=0.500 
mean GC anostraca: all positions=0.412 position1=0.585 position2=0.311 position3=0.340 
mean GC notostraca: all positions=0.416 position1=0.533 position2=0.343 position3=0.373 

** impossible to compute Ks. saturation? **

mean number of non synonymous sites compared: 211.7
mean Ka anostraca: 0.585626
mean Ka notostraca: 0.554111
dKa: 0.0315143	standard deviation (sd): 0.0650456	ratio dKa/sd: 0.484496
exact probability (P): 0.628037

equally weighted sequences:
> outgro:
ocin	0.5
tcas	0.5
> cladocera:
dmag	0.5
etex	0.5
> notostraca:
lapu	0.125
lart	0.125
lcou	0.125
lubb	0.125
tcan	0.125
tita	0.125
tlon	0.125
tusa	0.125

mean GC outgro: all positions=0.458 position1=0.552 position2=0.321 position3=0.500 
mean GC cladocera: all positions=0.436 position1=0.608 position2=0.292 position3=0.406 
mean GC notostraca: all positions=0.416 position1=0.533 position2=0.343 position3=0.373 

** impossible to compute Ks. saturation? **

mean number of non synonymous sites compared: 216.5
mean Ka cladocera: 0.516503
mean Ka notostraca: 0.554111
dKa: -0.0376082	standard deviation (sd): 0.0487003	ratio dKa/sd: -0.772236
exact probability (P): 0.43998

