

## treatement of 3 lineages from file OG0005659.phy ##

equally weighted sequences:
> outgro:
ocin	0.5
tcas	0.5
> anostraca:
afra	1
> cladocera:
dmag	0.333333
dpul	0.333333
etex	0.333333

mean GC outgro: all positions=0.444 position1=0.500 position2=0.419 position3=0.414 
mean GC anostraca: all positions=0.408 position1=0.488 position2=0.392 position3=0.344 
mean GC cladocera: all positions=0.465 position1=0.522 position2=0.411 position3=0.463 

** impossible to compute Ks. saturation? **

mean number of non synonymous sites compared: 400.7
mean Ka anostraca: 0.128362
mean Ka cladocera: 0.105409
dKa: 0.0229529	standard deviation (sd): 0.0179284	ratio dKa/sd: 1.28025
exact probability (P): 0.200464

equally weighted sequences:
> outgro:
ocin	0.5
tcas	0.5
> anostraca:
afra	1
> notostraca:
lapu	0.125
lart	0.125
lcou	0.125
lubb	0.125
tcan	0.125
tita	0.125
tlon	0.125
tusa	0.125

mean GC outgro: all positions=0.444 position1=0.500 position2=0.419 position3=0.414 
mean GC anostraca: all positions=0.408 position1=0.488 position2=0.392 position3=0.344 
mean GC notostraca: all positions=0.489 position1=0.501 position2=0.417 position3=0.550 

** impossible to compute Ks. saturation? **

mean number of non synonymous sites compared: 398.7
mean Ka anostraca: 0.128362
mean Ka notostraca: 0.0958602
dKa: 0.0325015	standard deviation (sd): 0.0164832	ratio dKa/sd: 1.9718
exact probability (P): 0.0486397

equally weighted sequences:
> outgro:
ocin	0.5
tcas	0.5
> cladocera:
dmag	0.333333
dpul	0.333333
etex	0.333333
> notostraca:
lapu	0.125
lart	0.125
lcou	0.125
lubb	0.125
tcan	0.125
tita	0.125
tlon	0.125
tusa	0.125

mean GC outgro: all positions=0.444 position1=0.500 position2=0.419 position3=0.414 
mean GC cladocera: all positions=0.465 position1=0.522 position2=0.411 position3=0.463 
mean GC notostraca: all positions=0.489 position1=0.501 position2=0.417 position3=0.550 

** impossible to compute Ks. saturation? **

mean number of non synonymous sites compared: 400.8
mean Ka cladocera: 0.105409
mean Ka notostraca: 0.0958602
dKa: 0.00954863	standard deviation (sd): 0.0119219	ratio dKa/sd: 0.800934
exact probability (P): 0.423175

