

## treatement of 3 lineages from file OG0006019.phy ##

equally weighted sequences:
> outgro:
ocin	0.5
tcas	0.5
> anostraca:
afra	1
> cladocera:
dmag	0.333333
dpul	0.333333
etex	0.333333

mean GC outgro: all positions=0.475 position1=0.452 position2=0.507 position3=0.466 
mean GC anostraca: all positions=0.406 position1=0.438 position2=0.493 position3=0.288 
mean GC cladocera: all positions=0.458 position1=0.461 position2=0.525 position3=0.388 

** impossible to compute Ks. saturation? **

mean number of non synonymous sites compared: 146.6
mean Ka anostraca: 0.886135
mean Ka cladocera: 0.576546
dKa: 0.309588	standard deviation (sd): 0.1132	ratio dKa/sd: 2.73487
exact probability (P): 0.00624694

equally weighted sequences:
> outgro:
ocin	0.5
tcas	0.5
> anostraca:
afra	1
> notostraca:
lapu	0.142857
lart	0.142857
lubb	0.142857
tcan	0.142857
tita	0.142857
tlon	0.142857
tusa	0.142857

mean GC outgro: all positions=0.475 position1=0.452 position2=0.507 position3=0.466 
mean GC anostraca: all positions=0.406 position1=0.438 position2=0.493 position3=0.288 
mean GC notostraca: all positions=0.508 position1=0.544 position2=0.581 position3=0.397 

** impossible to compute Ks. saturation? **

mean number of non synonymous sites compared: 145.2
mean Ka anostraca: 0.886135
mean Ka notostraca: 0.621182
dKa: 0.264952	standard deviation (sd): 0.110502	ratio dKa/sd: 2.39772
exact probability (P): 0.0165053

equally weighted sequences:
> outgro:
ocin	0.5
tcas	0.5
> cladocera:
dmag	0.333333
dpul	0.333333
etex	0.333333
> notostraca:
lapu	0.142857
lart	0.142857
lubb	0.142857
tcan	0.142857
tita	0.142857
tlon	0.142857
tusa	0.142857

mean GC outgro: all positions=0.475 position1=0.452 position2=0.507 position3=0.466 
mean GC cladocera: all positions=0.458 position1=0.461 position2=0.525 position3=0.388 
mean GC notostraca: all positions=0.508 position1=0.544 position2=0.581 position3=0.397 

** impossible to compute Ks. saturation? **

mean number of non synonymous sites compared: 146.3
mean Ka cladocera: 0.576546
mean Ka notostraca: 0.621182
dKa: -0.044636	standard deviation (sd): 0.0564833	ratio dKa/sd: -0.790252
exact probability (P): 0.429387

