

## treatement of 3 lineages from file OG0005620.phy ##

equally weighted sequences:
> outgro:
ocin	0.5
tcas	0.5
> anostraca:
afra	1
> cladocera:
dmag	0.333333
dpul	0.333333
etex	0.333333

mean GC outgro: all positions=0.520 position1=0.535 position2=0.439 position3=0.586 
mean GC anostraca: all positions=0.406 position1=0.465 position2=0.369 position3=0.382 
mean GC cladocera: all positions=0.473 position1=0.505 position2=0.427 position3=0.488 

** impossible to compute Ks. saturation? **

mean number of non synonymous sites compared: 306.2
mean Ka anostraca: 0.638842
mean Ka cladocera: 0.564821
dKa: 0.0740214	standard deviation (sd): 0.0526267	ratio dKa/sd: 1.40654
exact probability (P): 0.159572

equally weighted sequences:
> outgro:
ocin	0.5
tcas	0.5
> anostraca:
afra	1
> notostraca:
lapu	0.125
lart	0.125
lcou	0.125
lubb	0.125
tcan	0.125
tita	0.125
tlon	0.125
tusa	0.125

mean GC outgro: all positions=0.520 position1=0.535 position2=0.439 position3=0.586 
mean GC anostraca: all positions=0.406 position1=0.465 position2=0.369 position3=0.382 
mean GC notostraca: all positions=0.511 position1=0.529 position2=0.451 position3=0.552 

** impossible to compute Ks. saturation? **

mean number of non synonymous sites compared: 307.3
mean Ka anostraca: 0.638842
mean Ka notostraca: 0.458235
dKa: 0.180608	standard deviation (sd): 0.0536582	ratio dKa/sd: 3.36589
exact probability (P): 0.000767125

equally weighted sequences:
> outgro:
ocin	0.5
tcas	0.5
> cladocera:
dmag	0.333333
dpul	0.333333
etex	0.333333
> notostraca:
lapu	0.125
lart	0.125
lcou	0.125
lubb	0.125
tcan	0.125
tita	0.125
tlon	0.125
tusa	0.125

mean GC outgro: all positions=0.520 position1=0.535 position2=0.439 position3=0.586 
mean GC cladocera: all positions=0.473 position1=0.505 position2=0.427 position3=0.488 
mean GC notostraca: all positions=0.511 position1=0.529 position2=0.451 position3=0.552 

** impossible to compute Ks. saturation? **

mean number of non synonymous sites compared: 304.0
mean Ka cladocera: 0.564821
mean Ka notostraca: 0.458235
dKa: 0.106586	standard deviation (sd): 0.0373077	ratio dKa/sd: 2.85695
exact probability (P): 0.00428317

