

## treatement of 3 lineages from file OG0008036.phy ##

equally weighted sequences:
> outgro:
tcas	1
> anostraca:
afra	1
> cladocera:
dmag	0.333333
dpul	0.333333
etex	0.333333

mean GC outgro: all positions=0.401 position1=0.435 position2=0.290 position3=0.478 
mean GC anostraca: all positions=0.367 position1=0.406 position2=0.333 position3=0.362 
mean GC cladocera: all positions=0.415 position1=0.546 position2=0.329 position3=0.372 

** impossible to compute Ks. saturation? **

mean number of non synonymous sites compared: 132.4
mean Ka anostraca: 0.366596
mean Ka cladocera: 0.187829
dKa: 0.178767	standard deviation (sd): 0.061267	ratio dKa/sd: 2.91783
exact probability (P): 0.00353063

equally weighted sequences:
> outgro:
tcas	1
> anostraca:
afra	1
> notostraca:
lart	0.2
lcou	0.2
lubb	0.2
tcan	0.2
tusa	0.2

mean GC outgro: all positions=0.401 position1=0.435 position2=0.290 position3=0.478 
mean GC anostraca: all positions=0.367 position1=0.406 position2=0.333 position3=0.362 
mean GC notostraca: all positions=0.415 position1=0.516 position2=0.328 position3=0.403 

** impossible to compute Ks. saturation? **

mean number of non synonymous sites compared: 133.1
mean Ka anostraca: 0.366596
mean Ka notostraca: 0.186614
dKa: 0.179981	standard deviation (sd): 0.0626592	ratio dKa/sd: 2.87239
exact probability (P): 0.00407837

equally weighted sequences:
> outgro:
tcas	1
> cladocera:
dmag	0.333333
dpul	0.333333
etex	0.333333
> notostraca:
lart	0.2
lcou	0.2
lubb	0.2
tcan	0.2
tusa	0.2

mean GC outgro: all positions=0.401 position1=0.435 position2=0.290 position3=0.478 
mean GC cladocera: all positions=0.415 position1=0.546 position2=0.329 position3=0.372 
mean GC notostraca: all positions=0.415 position1=0.516 position2=0.328 position3=0.403 

** impossible to compute Ks. saturation? **

mean number of non synonymous sites compared: 132.4
mean Ka cladocera: 0.187829
mean Ka notostraca: 0.186614
dKa: 0.00121453	standard deviation (sd): 0.0236599	ratio dKa/sd: 0.0513329
exact probability (P): 0.959061

