

## treatement of 3 lineages from file OG0005513.phy ##

equally weighted sequences:
> outgro:
ocin	0.5
tcas	0.5
> anostraca:
afra	1
> cladocera:
dmag	0.333333
dpul	0.333333
etex	0.333333

mean GC outgro: all positions=0.433 position1=0.498 position2=0.377 position3=0.424 
mean GC anostraca: all positions=0.419 position1=0.532 position2=0.384 position3=0.340 
mean GC cladocera: all positions=0.469 position1=0.563 position2=0.415 position3=0.429 

** impossible to compute Ks. saturation? **

mean number of non synonymous sites compared: 397.4
mean Ka anostraca: 0.188614
mean Ka cladocera: 0.171455
dKa: 0.0171592	standard deviation (sd): 0.0188059	ratio dKa/sd: 0.912438
exact probability (P): 0.361542

equally weighted sequences:
> outgro:
ocin	0.5
tcas	0.5
> anostraca:
afra	1
> notostraca:
lapu	0.125
lart	0.125
lcou	0.125
lubb	0.125
tcan	0.125
tita	0.125
tlon	0.125
tusa	0.125

mean GC outgro: all positions=0.433 position1=0.498 position2=0.377 position3=0.424 
mean GC anostraca: all positions=0.419 position1=0.532 position2=0.384 position3=0.340 
mean GC notostraca: all positions=0.477 position1=0.554 position2=0.397 position3=0.479 

** impossible to compute Ks. saturation? **

mean number of non synonymous sites compared: 398.4
mean Ka anostraca: 0.188614
mean Ka notostraca: 0.177196
dKa: 0.0114178	standard deviation (sd): 0.0206057	ratio dKa/sd: 0.554109
exact probability (P): 0.579508

equally weighted sequences:
> outgro:
ocin	0.5
tcas	0.5
> cladocera:
dmag	0.333333
dpul	0.333333
etex	0.333333
> notostraca:
lapu	0.125
lart	0.125
lcou	0.125
lubb	0.125
tcan	0.125
tita	0.125
tlon	0.125
tusa	0.125

mean GC outgro: all positions=0.433 position1=0.498 position2=0.377 position3=0.424 
mean GC cladocera: all positions=0.469 position1=0.563 position2=0.415 position3=0.429 
mean GC notostraca: all positions=0.477 position1=0.554 position2=0.397 position3=0.479 

** impossible to compute Ks. saturation? **

mean number of non synonymous sites compared: 397.4
mean Ka cladocera: 0.171455
mean Ka notostraca: 0.177196
dKa: -0.00574145	standard deviation (sd): 0.0143548	ratio dKa/sd: -0.399968
exact probability (P): 0.689183

