

## treatement of 3 lineages from file OG0006389.phy ##

equally weighted sequences:
> outgro:
ocin	0.5
tcas	0.5
> anostraca:
afra	1
> cladocera:
dmag	0.333333
dpul	0.333333
etex	0.333333

mean GC outgro: all positions=0.429 position1=0.486 position2=0.318 position3=0.483 
mean GC anostraca: all positions=0.373 position1=0.476 position2=0.329 position3=0.315 
mean GC cladocera: all positions=0.393 position1=0.473 position2=0.315 position3=0.392 

** impossible to compute Ks. saturation? **

mean number of non synonymous sites compared: 277.2
mean Ka anostraca: 0.380952
mean Ka cladocera: 0.23124
dKa: 0.149712	standard deviation (sd): 0.0407188	ratio dKa/sd: 3.67673
exact probability (P): 0.000238886

equally weighted sequences:
> outgro:
ocin	0.5
tcas	0.5
> anostraca:
afra	1
> notostraca:
lapu	0.142857
lart	0.142857
lcou	0.142857
lubb	0.142857
tcan	0.142857
tita	0.142857
tusa	0.142857

mean GC outgro: all positions=0.429 position1=0.486 position2=0.318 position3=0.483 
mean GC anostraca: all positions=0.373 position1=0.476 position2=0.329 position3=0.315 
mean GC notostraca: all positions=0.426 position1=0.502 position2=0.335 position3=0.440 

** impossible to compute Ks. saturation? **

mean number of non synonymous sites compared: 275.6
mean Ka anostraca: 0.380952
mean Ka notostraca: 0.222096
dKa: 0.158856	standard deviation (sd): 0.0401402	ratio dKa/sd: 3.95754
exact probability (P): 7.81278e-05

equally weighted sequences:
> outgro:
ocin	0.5
tcas	0.5
> cladocera:
dmag	0.333333
dpul	0.333333
etex	0.333333
> notostraca:
lapu	0.142857
lart	0.142857
lcou	0.142857
lubb	0.142857
tcan	0.142857
tita	0.142857
tusa	0.142857

mean GC outgro: all positions=0.429 position1=0.486 position2=0.318 position3=0.483 
mean GC cladocera: all positions=0.393 position1=0.473 position2=0.315 position3=0.392 
mean GC notostraca: all positions=0.426 position1=0.502 position2=0.335 position3=0.440 

** impossible to compute Ks. saturation? **

mean number of non synonymous sites compared: 274.3
mean Ka cladocera: 0.23124
mean Ka notostraca: 0.222096
dKa: 0.00914435	standard deviation (sd): 0.0171003	ratio dKa/sd: 0.534747
exact probability (P): 0.592829

