

## treatement of 3 lineages from file OG0005085.phy ##

equally weighted sequences:
> outgro:
ocin	0.5
tcas	0.5
> anostraca:
afra	1
> cladocera:
dmag	0.333333
dpul	0.333333
etex	0.333333

mean GC outgro: all positions=0.466 position1=0.567 position2=0.404 position3=0.426 
mean GC anostraca: all positions=0.417 position1=0.557 position2=0.409 position3=0.287 
mean GC cladocera: all positions=0.456 position1=0.572 position2=0.417 position3=0.378 

** impossible to compute Ks. saturation? **

mean number of non synonymous sites compared: 451.4
mean Ka anostraca: 0.0868349
mean Ka cladocera: 0.0702895
dKa: 0.0165454	standard deviation (sd): 0.0114038	ratio dKa/sd: 1.45087
exact probability (P): 0.146825

equally weighted sequences:
> outgro:
ocin	0.5
tcas	0.5
> anostraca:
afra	1
> notostraca:
lapu	0.125
lart	0.125
lcou	0.125
lubb	0.125
tcan	0.125
tita	0.125
tlon	0.125
tusa	0.125

mean GC outgro: all positions=0.466 position1=0.567 position2=0.404 position3=0.426 
mean GC anostraca: all positions=0.417 position1=0.557 position2=0.409 position3=0.287 
mean GC notostraca: all positions=0.488 position1=0.565 position2=0.400 position3=0.499 

** impossible to compute Ks. saturation? **

mean number of non synonymous sites compared: 451.6
mean Ka anostraca: 0.0868349
mean Ka notostraca: 0.091193
dKa: -0.00435808	standard deviation (sd): 0.013357	ratio dKa/sd: -0.326277
exact probability (P): 0.744216

equally weighted sequences:
> outgro:
ocin	0.5
tcas	0.5
> cladocera:
dmag	0.333333
dpul	0.333333
etex	0.333333
> notostraca:
lapu	0.125
lart	0.125
lcou	0.125
lubb	0.125
tcan	0.125
tita	0.125
tlon	0.125
tusa	0.125

mean GC outgro: all positions=0.466 position1=0.567 position2=0.404 position3=0.426 
mean GC cladocera: all positions=0.456 position1=0.572 position2=0.417 position3=0.378 
mean GC notostraca: all positions=0.488 position1=0.565 position2=0.400 position3=0.499 

** impossible to compute Ks. saturation? **

mean number of non synonymous sites compared: 451.5
mean Ka cladocera: 0.0702895
mean Ka notostraca: 0.091193
dKa: -0.0209035	standard deviation (sd): 0.0111886	ratio dKa/sd: -1.86829
exact probability (P): 0.0617303

