

## treatement of 3 lineages from file OG0006104.phy ##

equally weighted sequences:
> outgro:
ocin	0.5
tcas	0.5
> anostraca:
afra	1
> cladocera:
dmag	0.5
dpul	0.5

mean GC outgro: all positions=0.477 position1=0.425 position2=0.362 position3=0.644 
mean GC anostraca: all positions=0.381 position1=0.365 position2=0.337 position3=0.442 
mean GC cladocera: all positions=0.386 position1=0.376 position2=0.331 position3=0.450 

** impossible to compute Ks. saturation? **

mean number of non synonymous sites compared: 352.7
mean Ka anostraca: 0.215052
mean Ka cladocera: 0.190055
dKa: 0.0249972	standard deviation (sd): 0.0252033	ratio dKa/sd: 0.991825
exact probability (P): 0.32129

equally weighted sequences:
> outgro:
ocin	0.5
tcas	0.5
> anostraca:
afra	1
> notostraca:
lapu	0.125
lart	0.125
lcou	0.125
lubb	0.125
tcan	0.125
tita	0.125
tlon	0.125
tusa	0.125

mean GC outgro: all positions=0.477 position1=0.425 position2=0.362 position3=0.644 
mean GC anostraca: all positions=0.381 position1=0.365 position2=0.337 position3=0.442 
mean GC notostraca: all positions=0.428 position1=0.382 position2=0.348 position3=0.553 

** impossible to compute Ks. saturation? **

mean number of non synonymous sites compared: 354.5
mean Ka anostraca: 0.215052
mean Ka notostraca: 0.160234
dKa: 0.0548188	standard deviation (sd): 0.0231897	ratio dKa/sd: 2.36393
exact probability (P): 0.0180892

equally weighted sequences:
> outgro:
ocin	0.5
tcas	0.5
> cladocera:
dmag	0.5
dpul	0.5
> notostraca:
lapu	0.125
lart	0.125
lcou	0.125
lubb	0.125
tcan	0.125
tita	0.125
tlon	0.125
tusa	0.125

mean GC outgro: all positions=0.477 position1=0.425 position2=0.362 position3=0.644 
mean GC cladocera: all positions=0.386 position1=0.376 position2=0.331 position3=0.450 
mean GC notostraca: all positions=0.428 position1=0.382 position2=0.348 position3=0.553 

** impossible to compute Ks. saturation? **

mean number of non synonymous sites compared: 356.4
mean Ka cladocera: 0.190055
mean Ka notostraca: 0.160234
dKa: 0.0298216	standard deviation (sd): 0.0175951	ratio dKa/sd: 1.69488
exact probability (P): 0.0901063

