

## treatement of 3 lineages from file OG0005543.phy ##

equally weighted sequences:
> outgro:
ocin	0.5
tcas	0.5
> anostraca:
afra	1
> cladocera:
dmag	0.333333
dpul	0.333333
etex	0.333333

mean GC outgro: all positions=0.420 position1=0.500 position2=0.395 position3=0.366 
mean GC anostraca: all positions=0.417 position1=0.496 position2=0.387 position3=0.370 
mean GC cladocera: all positions=0.438 position1=0.499 position2=0.387 position3=0.429 

** impossible to compute Ks. saturation? **

mean number of non synonymous sites compared: 232.3
mean Ka anostraca: 0.3485
mean Ka cladocera: 0.240312
dKa: 0.108187	standard deviation (sd): 0.0335529	ratio dKa/sd: 3.22438
exact probability (P): 0.00126717

equally weighted sequences:
> outgro:
ocin	0.5
tcas	0.5
> anostraca:
afra	1
> notostraca:
lapu	0.125
lart	0.125
lcou	0.125
lubb	0.125
tcan	0.125
tita	0.125
tlon	0.125
tusa	0.125

mean GC outgro: all positions=0.420 position1=0.500 position2=0.395 position3=0.366 
mean GC anostraca: all positions=0.417 position1=0.496 position2=0.387 position3=0.370 
mean GC notostraca: all positions=0.462 position1=0.518 position2=0.395 position3=0.474 

** impossible to compute Ks. saturation? **

mean number of non synonymous sites compared: 230.8
mean Ka anostraca: 0.3485
mean Ka notostraca: 0.218749
dKa: 0.129751	standard deviation (sd): 0.0341766	ratio dKa/sd: 3.79648
exact probability (P): 0.000149557

equally weighted sequences:
> outgro:
ocin	0.5
tcas	0.5
> cladocera:
dmag	0.333333
dpul	0.333333
etex	0.333333
> notostraca:
lapu	0.125
lart	0.125
lcou	0.125
lubb	0.125
tcan	0.125
tita	0.125
tlon	0.125
tusa	0.125

mean GC outgro: all positions=0.420 position1=0.500 position2=0.395 position3=0.366 
mean GC cladocera: all positions=0.438 position1=0.499 position2=0.387 position3=0.429 
mean GC notostraca: all positions=0.462 position1=0.518 position2=0.395 position3=0.474 

** impossible to compute Ks. saturation? **

mean number of non synonymous sites compared: 232.7
mean Ka cladocera: 0.240312
mean Ka notostraca: 0.218749
dKa: 0.0215634	standard deviation (sd): 0.0166706	ratio dKa/sd: 1.2935
exact probability (P): 0.195847

