

## treatement of 3 lineages from file OG0006265.phy ##

equally weighted sequences:
> outgro:
tcas	1
> anostraca:
afra	1
> cladocera:
dmag	0.333333
dpul	0.333333
etex	0.333333

mean GC outgro: all positions=0.485 position1=0.491 position2=0.400 position3=0.564 
mean GC anostraca: all positions=0.379 position1=0.409 position2=0.391 position3=0.336 
mean GC cladocera: all positions=0.433 position1=0.470 position2=0.361 position3=0.470 

** impossible to compute Ks. saturation? **

mean number of non synonymous sites compared: 211.5
mean Ka anostraca: 1.11882
mean Ka cladocera: 0.642935
dKa: 0.475883	standard deviation (sd): 0.154713	ratio dKa/sd: 3.0759
exact probability (P): 0.00210412

equally weighted sequences:
> outgro:
tcas	1
> anostraca:
afra	1
> notostraca:
lapu	0.125
lart	0.125
lcou	0.125
lubb	0.125
tcan	0.125
tita	0.125
tlon	0.125
tusa	0.125

mean GC outgro: all positions=0.485 position1=0.491 position2=0.400 position3=0.564 
mean GC anostraca: all positions=0.379 position1=0.409 position2=0.391 position3=0.336 
mean GC notostraca: all positions=0.480 position1=0.527 position2=0.373 position3=0.540 

** impossible to compute Ks. saturation? **

mean number of non synonymous sites compared: 212.5
mean Ka anostraca: 1.11882
mean Ka notostraca: 0.69122
dKa: 0.427598	standard deviation (sd): 0.157043	ratio dKa/sd: 2.72281
exact probability (P): 0.00647931

equally weighted sequences:
> outgro:
tcas	1
> cladocera:
dmag	0.333333
dpul	0.333333
etex	0.333333
> notostraca:
lapu	0.125
lart	0.125
lcou	0.125
lubb	0.125
tcan	0.125
tita	0.125
tlon	0.125
tusa	0.125

mean GC outgro: all positions=0.485 position1=0.491 position2=0.400 position3=0.564 
mean GC cladocera: all positions=0.433 position1=0.470 position2=0.361 position3=0.470 
mean GC notostraca: all positions=0.480 position1=0.527 position2=0.373 position3=0.540 

** impossible to compute Ks. saturation? **

mean number of non synonymous sites compared: 212.6
mean Ka cladocera: 0.642935
mean Ka notostraca: 0.69122
dKa: -0.0482851	standard deviation (sd): 0.074125	ratio dKa/sd: -0.651401
exact probability (P): 0.514793

