

## treatement of 3 lineages from file OG0005595.phy ##

equally weighted sequences:
> outgro:
ocin	0.5
tcas	0.5
> anostraca:
afra	1
> cladocera:
dmag	0.333333
dpul	0.333333
etex	0.333333

mean GC outgro: all positions=0.464 position1=0.477 position2=0.369 position3=0.546 
mean GC anostraca: all positions=0.359 position1=0.492 position2=0.323 position3=0.262 
mean GC cladocera: all positions=0.409 position1=0.513 position2=0.369 position3=0.344 

** impossible to compute Ks. saturation? **

mean number of non synonymous sites compared: 132.9
mean Ka anostraca: 0.491474
mean Ka cladocera: 0.503496
dKa: -0.0120221	standard deviation (sd): 0.0735239	ratio dKa/sd: -0.163513
exact probability (P): 0.870116

equally weighted sequences:
> outgro:
ocin	0.5
tcas	0.5
> anostraca:
afra	1
> notostraca:
lapu	0.125
lart	0.125
lcou	0.125
lubb	0.125
tcan	0.125
tita	0.125
tlon	0.125
tusa	0.125

mean GC outgro: all positions=0.464 position1=0.477 position2=0.369 position3=0.546 
mean GC anostraca: all positions=0.359 position1=0.492 position2=0.323 position3=0.262 
mean GC notostraca: all positions=0.462 position1=0.625 position2=0.437 position3=0.325 

** impossible to compute Ks. saturation? **

mean number of non synonymous sites compared: 130.9
mean Ka anostraca: 0.491474
mean Ka notostraca: 0.590068
dKa: -0.098594	standard deviation (sd): 0.0841962	ratio dKa/sd: -1.171
exact probability (P): 0.241604

equally weighted sequences:
> outgro:
ocin	0.5
tcas	0.5
> cladocera:
dmag	0.333333
dpul	0.333333
etex	0.333333
> notostraca:
lapu	0.125
lart	0.125
lcou	0.125
lubb	0.125
tcan	0.125
tita	0.125
tlon	0.125
tusa	0.125

mean GC outgro: all positions=0.464 position1=0.477 position2=0.369 position3=0.546 
mean GC cladocera: all positions=0.409 position1=0.513 position2=0.369 position3=0.344 
mean GC notostraca: all positions=0.462 position1=0.625 position2=0.437 position3=0.325 

** impossible to compute Ks. saturation? **

mean number of non synonymous sites compared: 127.5
mean Ka cladocera: 0.503496
mean Ka notostraca: 0.590068
dKa: -0.0865719	standard deviation (sd): 0.0656884	ratio dKa/sd: -1.31792
exact probability (P): 0.187539

