

## treatement of 3 lineages from file OG0007969.phy ##

equally weighted sequences:
> outgro:
ocin	0.5
tcas	0.5
> anostraca:
afra	1
> cladocera:
dmag	0.333333
dpul	0.333333
etex	0.333333

mean GC outgro: all positions=0.405 position1=0.500 position2=0.358 position3=0.358 
mean GC anostraca: all positions=0.408 position1=0.507 position2=0.358 position3=0.358 
mean GC cladocera: all positions=0.458 position1=0.522 position2=0.358 position3=0.493 

** impossible to compute Ks. saturation? **

mean number of non synonymous sites compared: 125.1
mean Ka anostraca: 0.0352542
mean Ka cladocera: 0.0251395
dKa: 0.0101146	standard deviation (sd): 0.0139882	ratio dKa/sd: 0.723082
exact probability (P): 0.469635

equally weighted sequences:
> outgro:
ocin	0.5
tcas	0.5
> anostraca:
afra	1
> notostraca:
tcan	0.25
tita	0.25
tlon	0.25
tusa	0.25

mean GC outgro: all positions=0.405 position1=0.500 position2=0.358 position3=0.358 
mean GC anostraca: all positions=0.408 position1=0.507 position2=0.358 position3=0.358 
mean GC notostraca: all positions=0.463 position1=0.522 position2=0.358 position3=0.507 

** impossible to compute Ks. saturation? **

mean number of non synonymous sites compared: 125.1
mean Ka anostraca: 0.0352542
mean Ka notostraca: 0.0232196
dKa: 0.0120345	standard deviation (sd): 0.0133348	ratio dKa/sd: 0.902488
exact probability (P): 0.366804

equally weighted sequences:
> outgro:
ocin	0.5
tcas	0.5
> cladocera:
dmag	0.333333
dpul	0.333333
etex	0.333333
> notostraca:
tcan	0.25
tita	0.25
tlon	0.25
tusa	0.25

mean GC outgro: all positions=0.405 position1=0.500 position2=0.358 position3=0.358 
mean GC cladocera: all positions=0.458 position1=0.522 position2=0.358 position3=0.493 
mean GC notostraca: all positions=0.463 position1=0.522 position2=0.358 position3=0.507 

** impossible to compute Ks. saturation? **

mean number of non synonymous sites compared: 125.3
mean Ka cladocera: 0.0251395
mean Ka notostraca: 0.0232196
dKa: 0.00191991	standard deviation (sd): 0.00820446	ratio dKa/sd: 0.234008
exact probability (P): 0.81498

