

## treatement of 3 lineages from file OG0005094.phy ##

equally weighted sequences:
> outgro:
ocin	0.5
tcas	0.5
> anostraca:
afra	1
> cladocera:
dmag	0.333333
dpul	0.333333
etex	0.333333

mean GC outgro: all positions=0.424 position1=0.472 position2=0.278 position3=0.522 
mean GC anostraca: all positions=0.344 position1=0.433 position2=0.244 position3=0.356 
mean GC cladocera: all positions=0.375 position1=0.433 position2=0.274 position3=0.419 

** impossible to compute Ks. saturation? **

mean number of non synonymous sites compared: 174.9
mean Ka anostraca: 0.151783
mean Ka cladocera: 0.131704
dKa: 0.0200796	standard deviation (sd): 0.0260406	ratio dKa/sd: 0.771087
exact probability (P): 0.440659

equally weighted sequences:
> outgro:
ocin	0.5
tcas	0.5
> anostraca:
afra	1
> notostraca:
lapu	0.125
lart	0.125
lcou	0.125
lubb	0.125
tcan	0.125
tita	0.125
tlon	0.125
tusa	0.125

mean GC outgro: all positions=0.424 position1=0.472 position2=0.278 position3=0.522 
mean GC anostraca: all positions=0.344 position1=0.433 position2=0.244 position3=0.356 
mean GC notostraca: all positions=0.411 position1=0.486 position2=0.254 position3=0.493 

** impossible to compute Ks. saturation? **

mean number of non synonymous sites compared: 175.8
mean Ka anostraca: 0.151783
mean Ka notostraca: 0.118786
dKa: 0.0329975	standard deviation (sd): 0.0246366	ratio dKa/sd: 1.33937
exact probability (P): 0.180459

equally weighted sequences:
> outgro:
ocin	0.5
tcas	0.5
> cladocera:
dmag	0.333333
dpul	0.333333
etex	0.333333
> notostraca:
lapu	0.125
lart	0.125
lcou	0.125
lubb	0.125
tcan	0.125
tita	0.125
tlon	0.125
tusa	0.125

mean GC outgro: all positions=0.424 position1=0.472 position2=0.278 position3=0.522 
mean GC cladocera: all positions=0.375 position1=0.433 position2=0.274 position3=0.419 
mean GC notostraca: all positions=0.411 position1=0.486 position2=0.254 position3=0.493 

** impossible to compute Ks. saturation? **

mean number of non synonymous sites compared: 174.3
mean Ka cladocera: 0.131704
mean Ka notostraca: 0.118786
dKa: 0.0129179	standard deviation (sd): 0.018009	ratio dKa/sd: 0.717304
exact probability (P): 0.473192

