

## treatement of 3 lineages from file OG0005993.phy ##

equally weighted sequences:
> outgro:
ocin	1
> anostraca:
afra	1
> cladocera:
dmag	0.333333
dpul	0.333333
etex	0.333333

mean GC outgro: all positions=0.267 position1=0.200 position2=0.000 position3=0.600 
mean GC anostraca: all positions=0.267 position1=0.400 position2=0.400 position3=0.000 
mean GC cladocera: all positions=0.444 position1=0.600 position2=0.000 position3=0.733 

** impossible to compute Ks. saturation? **

mean number of non synonymous sites compared: 9.7
mean Ka anostraca: 1.30155
mean Ka cladocera: 0.222351
dKa: 1.0792	standard deviation (sd): 1.05032	ratio dKa/sd: 1.02749
exact probability (P): 0.304196

equally weighted sequences:
> outgro:
ocin	1
> anostraca:
afra	1
> notostraca:
lapu	0.125
lart	0.125
lcou	0.125
lubb	0.125
tcan	0.125
tita	0.125
tlon	0.125
tusa	0.125

mean GC outgro: all positions=0.267 position1=0.200 position2=0.000 position3=0.600 
mean GC anostraca: all positions=0.267 position1=0.400 position2=0.400 position3=0.000 
mean GC notostraca: all positions=0.358 position1=0.600 position2=0.000 position3=0.475 

** impossible to compute Ks. saturation? **

** impossible to compute Ka. saturation? **

equally weighted sequences:
> outgro:
ocin	1
> cladocera:
dmag	0.333333
dpul	0.333333
etex	0.333333
> notostraca:
lapu	0.125
lart	0.125
lcou	0.125
lubb	0.125
tcan	0.125
tita	0.125
tlon	0.125
tusa	0.125

mean GC outgro: all positions=0.267 position1=0.200 position2=0.000 position3=0.600 
mean GC cladocera: all positions=0.444 position1=0.600 position2=0.000 position3=0.733 
mean GC notostraca: all positions=0.358 position1=0.600 position2=0.000 position3=0.475 

** impossible to compute Ks. saturation? **

mean number of non synonymous sites compared: 8.4
mean Ka cladocera: 0.222351
mean Ka notostraca: 0.138263
dKa: 0.0840871	standard deviation (sd): 0.103417	ratio dKa/sd: 0.813085
exact probability (P): 0.416174

