

## treatement of 3 lineages from file OG0006245.phy ##

equally weighted sequences:
> outgro:
ocin	0.5
tcas	0.5
> anostraca:
afra	1
> cladocera:
dmag	0.333333
dpul	0.333333
etex	0.333333

mean GC outgro: all positions=0.399 position1=0.498 position2=0.368 position3=0.330 
mean GC anostraca: all positions=0.363 position1=0.447 position2=0.302 position3=0.340 
mean GC cladocera: all positions=0.436 position1=0.503 position2=0.364 position3=0.443 

** impossible to compute Ks. saturation? **

mean number of non synonymous sites compared: 507.9
mean Ka anostraca: 0.629592
mean Ka cladocera: 0.371091
dKa: 0.2585	standard deviation (sd): 0.0413322	ratio dKa/sd: 6.25421
exact probability (P): 1e-07

equally weighted sequences:
> outgro:
ocin	0.5
tcas	0.5
> anostraca:
afra	1
> notostraca:
lapu	0.142857
lart	0.142857
lcou	0.142857
tcan	0.142857
tita	0.142857
tlon	0.142857
tusa	0.142857

mean GC outgro: all positions=0.399 position1=0.498 position2=0.368 position3=0.330 
mean GC anostraca: all positions=0.363 position1=0.447 position2=0.302 position3=0.340 
mean GC notostraca: all positions=0.419 position1=0.463 position2=0.361 position3=0.432 

** impossible to compute Ks. saturation? **

mean number of non synonymous sites compared: 503.8
mean Ka anostraca: 0.629592
mean Ka notostraca: 0.42099
dKa: 0.208602	standard deviation (sd): 0.0435091	ratio dKa/sd: 4.79445
exact probability (P): 2.20386e-06

equally weighted sequences:
> outgro:
ocin	0.5
tcas	0.5
> cladocera:
dmag	0.333333
dpul	0.333333
etex	0.333333
> notostraca:
lapu	0.142857
lart	0.142857
lcou	0.142857
tcan	0.142857
tita	0.142857
tlon	0.142857
tusa	0.142857

mean GC outgro: all positions=0.399 position1=0.498 position2=0.368 position3=0.330 
mean GC cladocera: all positions=0.436 position1=0.503 position2=0.364 position3=0.443 
mean GC notostraca: all positions=0.419 position1=0.463 position2=0.361 position3=0.432 

** impossible to compute Ks. saturation? **

mean number of non synonymous sites compared: 509.9
mean Ka cladocera: 0.371091
mean Ka notostraca: 0.42099
dKa: -0.0498986	standard deviation (sd): 0.0255844	ratio dKa/sd: -1.95035
exact probability (P): 0.0511403

