

## treatement of 3 lineages from file OG0005105.phy ##

equally weighted sequences:
> outgro:
ocin	0.5
tcas	0.5
> anostraca:
afra	1
> cladocera:
dmag	0.333333
dpul	0.333333
etex	0.333333

mean GC outgro: all positions=0.461 position1=0.547 position2=0.326 position3=0.512 
mean GC anostraca: all positions=0.360 position1=0.442 position2=0.302 position3=0.337 
mean GC cladocera: all positions=0.394 position1=0.527 position2=0.291 position3=0.364 

** impossible to compute Ks. saturation? **

mean number of non synonymous sites compared: 161.8
mean Ka anostraca: 0.232994
mean Ka cladocera: 0.232772
dKa: 0.000222021	standard deviation (sd): 0.0348817	ratio dKa/sd: 0.00636498
exact probability (P): 0.994922

equally weighted sequences:
> outgro:
ocin	0.5
tcas	0.5
> anostraca:
afra	1
> notostraca:
lapu	0.125
lart	0.125
lcou	0.125
lubb	0.125
tcan	0.125
tita	0.125
tlon	0.125
tusa	0.125

mean GC outgro: all positions=0.461 position1=0.547 position2=0.326 position3=0.512 
mean GC anostraca: all positions=0.360 position1=0.442 position2=0.302 position3=0.337 
mean GC notostraca: all positions=0.394 position1=0.494 position2=0.267 position3=0.420 

** impossible to compute Ks. saturation? **

mean number of non synonymous sites compared: 161.4
mean Ka anostraca: 0.232994
mean Ka notostraca: 0.235325
dKa: -0.00233146	standard deviation (sd): 0.0326569	ratio dKa/sd: -0.0713925
exact probability (P): 0.943086

equally weighted sequences:
> outgro:
ocin	0.5
tcas	0.5
> cladocera:
dmag	0.333333
dpul	0.333333
etex	0.333333
> notostraca:
lapu	0.125
lart	0.125
lcou	0.125
lubb	0.125
tcan	0.125
tita	0.125
tlon	0.125
tusa	0.125

mean GC outgro: all positions=0.461 position1=0.547 position2=0.326 position3=0.512 
mean GC cladocera: all positions=0.394 position1=0.527 position2=0.291 position3=0.364 
mean GC notostraca: all positions=0.394 position1=0.494 position2=0.267 position3=0.420 

** impossible to compute Ks. saturation? **

mean number of non synonymous sites compared: 162.6
mean Ka cladocera: 0.232772
mean Ka notostraca: 0.235325
dKa: -0.00255348	standard deviation (sd): 0.0316076	ratio dKa/sd: -0.0807869
exact probability (P): 0.935612

