

## treatement of 3 lineages from file OG0006089.phy ##

equally weighted sequences:
> outgro:
ocin	1
> anostraca:
afra	1
> cladocera:
dmag	0.333333
dpul	0.333333
etex	0.333333

mean GC outgro: all positions=0.441 position1=0.490 position2=0.393 position3=0.439 
mean GC anostraca: all positions=0.411 position1=0.485 position2=0.364 position3=0.385 
mean GC cladocera: all positions=0.501 position1=0.541 position2=0.361 position3=0.601 

** impossible to compute Ks. saturation? **

mean number of non synonymous sites compared: 468.5
mean Ka anostraca: 0.314019
mean Ka cladocera: 0.254553
dKa: 0.0594655	standard deviation (sd): 0.0315788	ratio dKa/sd: 1.88309
exact probability (P): 0.0596972

equally weighted sequences:
> outgro:
ocin	1
> anostraca:
afra	1
> notostraca:
lapu	0.125
lart	0.125
lcou	0.125
lubb	0.125
tcan	0.125
tita	0.125
tlon	0.125
tusa	0.125

mean GC outgro: all positions=0.441 position1=0.490 position2=0.393 position3=0.439 
mean GC anostraca: all positions=0.411 position1=0.485 position2=0.364 position3=0.385 
mean GC notostraca: all positions=0.473 position1=0.501 position2=0.381 position3=0.537 

** impossible to compute Ks. saturation? **

mean number of non synonymous sites compared: 468.6
mean Ka anostraca: 0.314019
mean Ka notostraca: 0.203144
dKa: 0.110875	standard deviation (sd): 0.030349	ratio dKa/sd: 3.65333
exact probability (P): 0.000262012

equally weighted sequences:
> outgro:
ocin	1
> cladocera:
dmag	0.333333
dpul	0.333333
etex	0.333333
> notostraca:
lapu	0.125
lart	0.125
lcou	0.125
lubb	0.125
tcan	0.125
tita	0.125
tlon	0.125
tusa	0.125

mean GC outgro: all positions=0.441 position1=0.490 position2=0.393 position3=0.439 
mean GC cladocera: all positions=0.501 position1=0.541 position2=0.361 position3=0.601 
mean GC notostraca: all positions=0.473 position1=0.501 position2=0.381 position3=0.537 

** impossible to compute Ks. saturation? **

mean number of non synonymous sites compared: 469.3
mean Ka cladocera: 0.254553
mean Ka notostraca: 0.203144
dKa: 0.0514092	standard deviation (sd): 0.0220999	ratio dKa/sd: 2.32622
exact probability (P): 0.020014

