

## treatement of 3 lineages from file OG0006385.phy ##

equally weighted sequences:
> outgro:
ocin	0.5
tcas	0.5
> anostraca:
afra	1
> cladocera:
dmag	0.333333
dpul	0.333333
etex	0.333333

mean GC outgro: all positions=0.465 position1=0.500 position2=0.424 position3=0.470 
mean GC anostraca: all positions=0.414 position1=0.500 position2=0.364 position3=0.379 
mean GC cladocera: all positions=0.433 position1=0.485 position2=0.389 position3=0.424 

** impossible to compute Ks. saturation? **

mean number of non synonymous sites compared: 132.3
mean Ka anostraca: 0.47929
mean Ka cladocera: 0.381833
dKa: 0.0974572	standard deviation (sd): 0.0503117	ratio dKa/sd: 1.93707
exact probability (P): 0.0527459

equally weighted sequences:
> outgro:
ocin	0.5
tcas	0.5
> anostraca:
afra	1
> notostraca:
lapu	0.142857
lart	0.142857
lcou	0.142857
tcan	0.142857
tita	0.142857
tlon	0.142857
tusa	0.142857

mean GC outgro: all positions=0.465 position1=0.500 position2=0.424 position3=0.470 
mean GC anostraca: all positions=0.414 position1=0.500 position2=0.364 position3=0.379 
mean GC notostraca: all positions=0.468 position1=0.483 position2=0.396 position3=0.526 

** impossible to compute Ks. saturation? **

mean number of non synonymous sites compared: 130.8
mean Ka anostraca: 0.47929
mean Ka notostraca: 0.461112
dKa: 0.0181781	standard deviation (sd): 0.0560139	ratio dKa/sd: 0.324528
exact probability (P): 0.745541

equally weighted sequences:
> outgro:
ocin	0.5
tcas	0.5
> cladocera:
dmag	0.333333
dpul	0.333333
etex	0.333333
> notostraca:
lapu	0.142857
lart	0.142857
lcou	0.142857
tcan	0.142857
tita	0.142857
tlon	0.142857
tusa	0.142857

mean GC outgro: all positions=0.465 position1=0.500 position2=0.424 position3=0.470 
mean GC cladocera: all positions=0.433 position1=0.485 position2=0.389 position3=0.424 
mean GC notostraca: all positions=0.468 position1=0.483 position2=0.396 position3=0.526 

** impossible to compute Ks. saturation? **

mean number of non synonymous sites compared: 132.0
mean Ka cladocera: 0.381833
mean Ka notostraca: 0.461112
dKa: -0.0792791	standard deviation (sd): 0.0412197	ratio dKa/sd: -1.92333
exact probability (P): 0.0544476

