

## treatement of 3 lineages from file OG0005249.phy ##

equally weighted sequences:
> outgro:
ocin	0.5
tcas	0.5
> anostraca:
afra	1
> cladocera:
dmag	0.333333
dpul	0.333333
etex	0.333333

mean GC outgro: all positions=0.438 position1=0.509 position2=0.392 position3=0.413 
mean GC anostraca: all positions=0.408 position1=0.533 position2=0.383 position3=0.307 
mean GC cladocera: all positions=0.444 position1=0.561 position2=0.393 position3=0.380 

** impossible to compute Ks. saturation? **

mean number of non synonymous sites compared: 562.2
mean Ka anostraca: 0.61473
mean Ka cladocera: 0.525358
dKa: 0.0893722	standard deviation (sd): 0.0362293	ratio dKa/sd: 2.46685
exact probability (P): 0.0136373

equally weighted sequences:
> outgro:
ocin	0.5
tcas	0.5
> anostraca:
afra	1
> notostraca:
lapu	0.125
lart	0.125
lcou	0.125
lubb	0.125
tcan	0.125
tita	0.125
tlon	0.125
tusa	0.125

mean GC outgro: all positions=0.438 position1=0.509 position2=0.392 position3=0.413 
mean GC anostraca: all positions=0.408 position1=0.533 position2=0.383 position3=0.307 
mean GC notostraca: all positions=0.463 position1=0.544 position2=0.434 position3=0.411 

** impossible to compute Ks. saturation? **

mean number of non synonymous sites compared: 566.1
mean Ka anostraca: 0.61473
mean Ka notostraca: 0.541603
dKa: 0.0731269	standard deviation (sd): 0.0379501	ratio dKa/sd: 1.92692
exact probability (P): 0.0539976

equally weighted sequences:
> outgro:
ocin	0.5
tcas	0.5
> cladocera:
dmag	0.333333
dpul	0.333333
etex	0.333333
> notostraca:
lapu	0.125
lart	0.125
lcou	0.125
lubb	0.125
tcan	0.125
tita	0.125
tlon	0.125
tusa	0.125

mean GC outgro: all positions=0.438 position1=0.509 position2=0.392 position3=0.413 
mean GC cladocera: all positions=0.444 position1=0.561 position2=0.393 position3=0.380 
mean GC notostraca: all positions=0.463 position1=0.544 position2=0.434 position3=0.411 

** impossible to compute Ks. saturation? **

mean number of non synonymous sites compared: 557.8
mean Ka cladocera: 0.525358
mean Ka notostraca: 0.541603
dKa: -0.0162453	standard deviation (sd): 0.0289422	ratio dKa/sd: -0.561302
exact probability (P): 0.574595

