

## treatement of 3 lineages from file OG0005488.phy ##

equally weighted sequences:
> outgro:
ocin	0.5
tcas	0.5
> anostraca:
afra	1
> cladocera:
dmag	0.333333
dpul	0.333333
etex	0.333333

mean GC outgro: all positions=0.452 position1=0.540 position2=0.341 position3=0.475 
mean GC anostraca: all positions=0.415 position1=0.513 position2=0.360 position3=0.373 
mean GC cladocera: all positions=0.487 position1=0.565 position2=0.366 position3=0.530 

** impossible to compute Ks. saturation? **

mean number of non synonymous sites compared: 953.1
mean Ka anostraca: 0.403747
mean Ka cladocera: 0.347106
dKa: 0.0566406	standard deviation (sd): 0.0204991	ratio dKa/sd: 2.76308
exact probability (P): 0.00573061

equally weighted sequences:
> outgro:
ocin	0.5
tcas	0.5
> anostraca:
afra	1
> notostraca:
lapu	0.125
lart	0.125
lcou	0.125
lubb	0.125
tcan	0.125
tita	0.125
tlon	0.125
tusa	0.125

mean GC outgro: all positions=0.452 position1=0.540 position2=0.341 position3=0.475 
mean GC anostraca: all positions=0.415 position1=0.513 position2=0.360 position3=0.373 
mean GC notostraca: all positions=0.457 position1=0.542 position2=0.368 position3=0.461 

** impossible to compute Ks. saturation? **

mean number of non synonymous sites compared: 959.7
mean Ka anostraca: 0.403747
mean Ka notostraca: 0.338083
dKa: 0.0656637	standard deviation (sd): 0.0215257	ratio dKa/sd: 3.05048
exact probability (P): 0.00228925

equally weighted sequences:
> outgro:
ocin	0.5
tcas	0.5
> cladocera:
dmag	0.333333
dpul	0.333333
etex	0.333333
> notostraca:
lapu	0.125
lart	0.125
lcou	0.125
lubb	0.125
tcan	0.125
tita	0.125
tlon	0.125
tusa	0.125

mean GC outgro: all positions=0.452 position1=0.540 position2=0.341 position3=0.475 
mean GC cladocera: all positions=0.487 position1=0.565 position2=0.366 position3=0.530 
mean GC notostraca: all positions=0.457 position1=0.542 position2=0.368 position3=0.461 

** impossible to compute Ks. saturation? **

mean number of non synonymous sites compared: 952.2
mean Ka cladocera: 0.347106
mean Ka notostraca: 0.338083
dKa: 0.00902302	standard deviation (sd): 0.0166425	ratio dKa/sd: 0.542169
exact probability (P): 0.587706

