

## treatement of 3 lineages from file OG0006871.phy ##

equally weighted sequences:
> outgro:
tcas	1
> anostraca:
afra	1
> cladocera:
dmag	0.5
dpul	0.5

mean GC outgro: all positions=0.463 position1=0.442 position2=0.342 position3=0.605 
mean GC anostraca: all positions=0.389 position1=0.432 position2=0.389 position3=0.347 
mean GC cladocera: all positions=0.420 position1=0.424 position2=0.382 position3=0.455 

** impossible to compute Ks. saturation? **

mean number of non synonymous sites compared: 361.6
mean Ka anostraca: 0.792433
mean Ka cladocera: 0.635721
dKa: 0.156712	standard deviation (sd): 0.0741645	ratio dKa/sd: 2.11304
exact probability (P): 0.0346052

equally weighted sequences:
> outgro:
tcas	1
> anostraca:
afra	1
> notostraca:
lapu	0.125
lart	0.125
lcou	0.125
lubb	0.125
tcan	0.125
tita	0.125
tlon	0.125
tusa	0.125

mean GC outgro: all positions=0.463 position1=0.442 position2=0.342 position3=0.605 
mean GC anostraca: all positions=0.389 position1=0.432 position2=0.389 position3=0.347 
mean GC notostraca: all positions=0.468 position1=0.493 position2=0.397 position3=0.514 

** impossible to compute Ks. saturation? **

mean number of non synonymous sites compared: 361.9
mean Ka anostraca: 0.792433
mean Ka notostraca: 0.684481
dKa: 0.107952	standard deviation (sd): 0.074316	ratio dKa/sd: 1.45261
exact probability (P): 0.146338

equally weighted sequences:
> outgro:
tcas	1
> cladocera:
dmag	0.5
dpul	0.5
> notostraca:
lapu	0.125
lart	0.125
lcou	0.125
lubb	0.125
tcan	0.125
tita	0.125
tlon	0.125
tusa	0.125

mean GC outgro: all positions=0.463 position1=0.442 position2=0.342 position3=0.605 
mean GC cladocera: all positions=0.420 position1=0.424 position2=0.382 position3=0.455 
mean GC notostraca: all positions=0.468 position1=0.493 position2=0.397 position3=0.514 

** impossible to compute Ks. saturation? **

mean number of non synonymous sites compared: 359.9
mean Ka cladocera: 0.635721
mean Ka notostraca: 0.684481
dKa: -0.0487601	standard deviation (sd): 0.0575576	ratio dKa/sd: -0.847154
exact probability (P): 0.396915

