

## treatement of 3 lineages from file OG0008493.phy ##

equally weighted sequences:
> outgro:
ocin	0.5
tcas	0.5
> anostraca:
afra	1
> cladocera:
dpul	0.5
etex	0.5

mean GC outgro: all positions=0.372 position1=0.496 position2=0.258 position3=0.361 
mean GC anostraca: all positions=0.365 position1=0.548 position2=0.294 position3=0.254 
mean GC cladocera: all positions=0.405 position1=0.556 position2=0.270 position3=0.389 

** impossible to compute Ks. saturation? **

mean number of non synonymous sites compared: 257.2
mean Ka anostraca: 0.653767
mean Ka cladocera: 0.68264
dKa: -0.028873	standard deviation (sd): 0.0589161	ratio dKa/sd: -0.49007
exact probability (P): 0.624088

equally weighted sequences:
> outgro:
ocin	0.5
tcas	0.5
> anostraca:
afra	1
> notostraca:
lapu	0.25
lcou	0.25
tcan	0.25
tusa	0.25

mean GC outgro: all positions=0.372 position1=0.496 position2=0.258 position3=0.361 
mean GC anostraca: all positions=0.365 position1=0.548 position2=0.294 position3=0.254 
mean GC notostraca: all positions=0.411 position1=0.589 position2=0.260 position3=0.383 

** impossible to compute Ks. saturation? **

mean number of non synonymous sites compared: 257.8
mean Ka anostraca: 0.653767
mean Ka notostraca: 0.608417
dKa: 0.0453495	standard deviation (sd): 0.0620319	ratio dKa/sd: 0.731068
exact probability (P): 0.464743

equally weighted sequences:
> outgro:
ocin	0.5
tcas	0.5
> cladocera:
dpul	0.5
etex	0.5
> notostraca:
lapu	0.25
lcou	0.25
tcan	0.25
tusa	0.25

mean GC outgro: all positions=0.372 position1=0.496 position2=0.258 position3=0.361 
mean GC cladocera: all positions=0.405 position1=0.556 position2=0.270 position3=0.389 
mean GC notostraca: all positions=0.411 position1=0.589 position2=0.260 position3=0.383 

** impossible to compute Ks. saturation? **

mean number of non synonymous sites compared: 254.1
mean Ka cladocera: 0.68264
mean Ka notostraca: 0.608417
dKa: 0.0742225	standard deviation (sd): 0.0484707	ratio dKa/sd: 1.53128
exact probability (P): 0.125707

