

## treatement of 3 lineages from file OG0005345.phy ##

equally weighted sequences:
> outgro:
ocin	0.5
tcas	0.5
> anostraca:
afra	1
> cladocera:
dmag	0.333333
dpul	0.333333
etex	0.333333

mean GC outgro: all positions=0.437 position1=0.537 position2=0.345 position3=0.427 
mean GC anostraca: all positions=0.410 position1=0.533 position2=0.320 position3=0.376 
mean GC cladocera: all positions=0.466 position1=0.572 position2=0.358 position3=0.469 

** impossible to compute Ks. saturation? **

mean number of non synonymous sites compared: 869.7
mean Ka anostraca: 0.460465
mean Ka cladocera: 0.342652
dKa: 0.117813	standard deviation (sd): 0.0244215	ratio dKa/sd: 4.82413
exact probability (P): 1.72143e-06

equally weighted sequences:
> outgro:
ocin	0.5
tcas	0.5
> anostraca:
afra	1
> notostraca:
lapu	0.125
lart	0.125
lcou	0.125
lubb	0.125
tcan	0.125
tita	0.125
tlon	0.125
tusa	0.125

mean GC outgro: all positions=0.437 position1=0.537 position2=0.345 position3=0.427 
mean GC anostraca: all positions=0.410 position1=0.533 position2=0.320 position3=0.376 
mean GC notostraca: all positions=0.463 position1=0.552 position2=0.358 position3=0.480 

** impossible to compute Ks. saturation? **

mean number of non synonymous sites compared: 874.0
mean Ka anostraca: 0.460465
mean Ka notostraca: 0.325365
dKa: 0.1351	standard deviation (sd): 0.0254085	ratio dKa/sd: 5.31713
exact probability (P): 1.7529e-07

equally weighted sequences:
> outgro:
ocin	0.5
tcas	0.5
> cladocera:
dmag	0.333333
dpul	0.333333
etex	0.333333
> notostraca:
lapu	0.125
lart	0.125
lcou	0.125
lubb	0.125
tcan	0.125
tita	0.125
tlon	0.125
tusa	0.125

mean GC outgro: all positions=0.437 position1=0.537 position2=0.345 position3=0.427 
mean GC cladocera: all positions=0.466 position1=0.572 position2=0.358 position3=0.469 
mean GC notostraca: all positions=0.463 position1=0.552 position2=0.358 position3=0.480 

** impossible to compute Ks. saturation? **

mean number of non synonymous sites compared: 852.5
mean Ka cladocera: 0.342652
mean Ka notostraca: 0.325365
dKa: 0.0172877	standard deviation (sd): 0.0161149	ratio dKa/sd: 1.07278
exact probability (P): 0.283379

