

## treatement of 3 lineages from file OG0008457.phy ##

equally weighted sequences:
> outgro:
ocin	0.5
tcas	0.5
> anostraca:
afra	1
> cladocera:
dmag	0.5
dpul	0.5

mean GC outgro: all positions=0.432 position1=0.500 position2=0.279 position3=0.518 
mean GC anostraca: all positions=0.381 position1=0.496 position2=0.345 position3=0.301 
mean GC cladocera: all positions=0.425 position1=0.535 position2=0.327 position3=0.412 

** impossible to compute Ks. saturation? **

mean number of non synonymous sites compared: 221.7
mean Ka anostraca: 0.347305
mean Ka cladocera: 0.269568
dKa: 0.0777373	standard deviation (sd): 0.043514	ratio dKa/sd: 1.78649
exact probability (P): 0.074029

equally weighted sequences:
> outgro:
ocin	0.5
tcas	0.5
> anostraca:
afra	1
> notostraca:
lapu	0.25
lart	0.25
lcou	0.25
tita	0.25

mean GC outgro: all positions=0.432 position1=0.500 position2=0.279 position3=0.518 
mean GC anostraca: all positions=0.381 position1=0.496 position2=0.345 position3=0.301 
mean GC notostraca: all positions=0.416 position1=0.535 position2=0.323 position3=0.389 

** impossible to compute Ks. saturation? **

mean number of non synonymous sites compared: 222.0
mean Ka anostraca: 0.347305
mean Ka notostraca: 0.251321
dKa: 0.0959834	standard deviation (sd): 0.0408449	ratio dKa/sd: 2.34995
exact probability (P): 0.0187841

equally weighted sequences:
> outgro:
ocin	0.5
tcas	0.5
> cladocera:
dmag	0.5
dpul	0.5
> notostraca:
lapu	0.25
lart	0.25
lcou	0.25
tita	0.25

mean GC outgro: all positions=0.432 position1=0.500 position2=0.279 position3=0.518 
mean GC cladocera: all positions=0.425 position1=0.535 position2=0.327 position3=0.412 
mean GC notostraca: all positions=0.416 position1=0.535 position2=0.323 position3=0.389 

** impossible to compute Ks. saturation? **

mean number of non synonymous sites compared: 222.3
mean Ka cladocera: 0.269568
mean Ka notostraca: 0.251321
dKa: 0.0182461	standard deviation (sd): 0.0269335	ratio dKa/sd: 0.677448
exact probability (P): 0.498127

