

## treatement of 3 lineages from file OG0006275.phy ##

equally weighted sequences:
> outgro:
ocin	0.5
tcas	0.5
> anostraca:
afra	1
> cladocera:
dpul	0.5
etex	0.5

mean GC outgro: all positions=0.394 position1=0.458 position2=0.327 position3=0.397 
mean GC anostraca: all positions=0.398 position1=0.504 position2=0.316 position3=0.375 
mean GC cladocera: all positions=0.428 position1=0.518 position2=0.340 position3=0.426 

** impossible to compute Ks. saturation? **

mean number of non synonymous sites compared: 532.9
mean Ka anostraca: 0.570506
mean Ka cladocera: 0.546021
dKa: 0.0244848	standard deviation (sd): 0.0327159	ratio dKa/sd: 0.748406
exact probability (P): 0.45422

equally weighted sequences:
> outgro:
ocin	0.5
tcas	0.5
> anostraca:
afra	1
> notostraca:
lapu	0.125
lart	0.125
lcou	0.125
lubb	0.125
tcan	0.125
tita	0.125
tlon	0.125
tusa	0.125

mean GC outgro: all positions=0.394 position1=0.458 position2=0.327 position3=0.397 
mean GC anostraca: all positions=0.398 position1=0.504 position2=0.316 position3=0.375 
mean GC notostraca: all positions=0.434 position1=0.528 position2=0.328 position3=0.446 

** impossible to compute Ks. saturation? **

mean number of non synonymous sites compared: 536.3
mean Ka anostraca: 0.570506
mean Ka notostraca: 0.561548
dKa: 0.00895773	standard deviation (sd): 0.0337655	ratio dKa/sd: 0.265292
exact probability (P): 0.790785

equally weighted sequences:
> outgro:
ocin	0.5
tcas	0.5
> cladocera:
dpul	0.5
etex	0.5
> notostraca:
lapu	0.125
lart	0.125
lcou	0.125
lubb	0.125
tcan	0.125
tita	0.125
tlon	0.125
tusa	0.125

mean GC outgro: all positions=0.394 position1=0.458 position2=0.327 position3=0.397 
mean GC cladocera: all positions=0.428 position1=0.518 position2=0.340 position3=0.426 
mean GC notostraca: all positions=0.434 position1=0.528 position2=0.328 position3=0.446 

** impossible to compute Ks. saturation? **

mean number of non synonymous sites compared: 538.6
mean Ka cladocera: 0.546021
mean Ka notostraca: 0.561548
dKa: -0.0155271	standard deviation (sd): 0.0280957	ratio dKa/sd: -0.552648
exact probability (P): 0.580508

