

## treatement of 3 lineages from file OG0007561.phy ##

equally weighted sequences:
> outgro:
ocin	0.5
tcas	0.5
> anostraca:
afra	1
> cladocera:
dpul	0.5
etex	0.5

mean GC outgro: all positions=0.443 position1=0.408 position2=0.413 position3=0.510 
mean GC anostraca: all positions=0.372 position1=0.427 position2=0.369 position3=0.320 
mean GC cladocera: all positions=0.434 position1=0.481 position2=0.350 position3=0.471 

** impossible to compute Ks. saturation? **

mean number of non synonymous sites compared: 204.6
mean Ka anostraca: 0.367337
mean Ka cladocera: 0.366102
dKa: 0.00123548	standard deviation (sd): 0.0524979	ratio dKa/sd: 0.0235339
exact probability (P): 0.981224

equally weighted sequences:
> outgro:
ocin	0.5
tcas	0.5
> anostraca:
afra	1
> notostraca:
lart	0.166667
lcou	0.166667
lubb	0.166667
tcan	0.166667
tita	0.166667
tlon	0.166667

mean GC outgro: all positions=0.443 position1=0.408 position2=0.413 position3=0.510 
mean GC anostraca: all positions=0.372 position1=0.427 position2=0.369 position3=0.320 
mean GC notostraca: all positions=0.470 position1=0.508 position2=0.408 position3=0.495 

** impossible to compute Ks. saturation? **

mean number of non synonymous sites compared: 201.1
mean Ka anostraca: 0.367337
mean Ka notostraca: 0.323529
dKa: 0.0438087	standard deviation (sd): 0.0480018	ratio dKa/sd: 0.912647
exact probability (P): 0.361433

equally weighted sequences:
> outgro:
ocin	0.5
tcas	0.5
> cladocera:
dpul	0.5
etex	0.5
> notostraca:
lart	0.166667
lcou	0.166667
lubb	0.166667
tcan	0.166667
tita	0.166667
tlon	0.166667

mean GC outgro: all positions=0.443 position1=0.408 position2=0.413 position3=0.510 
mean GC cladocera: all positions=0.434 position1=0.481 position2=0.350 position3=0.471 
mean GC notostraca: all positions=0.470 position1=0.508 position2=0.408 position3=0.495 

** impossible to compute Ks. saturation? **

mean number of non synonymous sites compared: 204.1
mean Ka cladocera: 0.366102
mean Ka notostraca: 0.323529
dKa: 0.0425732	standard deviation (sd): 0.0449214	ratio dKa/sd: 0.947725
exact probability (P): 0.343276

