

## treatement of 3 lineages from file OG0008931.phy ##

equally weighted sequences:
> outgro:
tcas	1
> anostraca:
afra	1
> cladocera:
dpul	0.5
etex	0.5

mean GC outgro: all positions=0.613 position1=0.494 position2=0.432 position3=0.914 
mean GC anostraca: all positions=0.428 position1=0.395 position2=0.469 position3=0.420 
mean GC cladocera: all positions=0.519 position1=0.481 position2=0.500 position3=0.574 

** impossible to compute Ks. saturation? **

mean number of non synonymous sites compared: 161.3
mean Ka anostraca: 0.76007
mean Ka cladocera: 0.604543
dKa: 0.155527	standard deviation (sd): 0.10552	ratio dKa/sd: 1.47391
exact probability (P): 0.140513

equally weighted sequences:
> outgro:
tcas	1
> anostraca:
afra	1
> notostraca:
lapu	0.25
lart	0.25
lcou	0.25
lubb	0.25

mean GC outgro: all positions=0.613 position1=0.494 position2=0.432 position3=0.914 
mean GC anostraca: all positions=0.428 position1=0.395 position2=0.469 position3=0.420 
mean GC notostraca: all positions=0.529 position1=0.506 position2=0.559 position3=0.522 

** impossible to compute Ks. saturation? **

mean number of non synonymous sites compared: 158.7
mean Ka anostraca: 0.76007
mean Ka notostraca: 0.576637
dKa: 0.183433	standard deviation (sd): 0.121798	ratio dKa/sd: 1.50604
exact probability (P): 0.132064

equally weighted sequences:
> outgro:
tcas	1
> cladocera:
dpul	0.5
etex	0.5
> notostraca:
lapu	0.25
lart	0.25
lcou	0.25
lubb	0.25

mean GC outgro: all positions=0.613 position1=0.494 position2=0.432 position3=0.914 
mean GC cladocera: all positions=0.519 position1=0.481 position2=0.500 position3=0.574 
mean GC notostraca: all positions=0.529 position1=0.506 position2=0.559 position3=0.522 

** impossible to compute Ks. saturation? **

mean number of non synonymous sites compared: 162.1
mean Ka cladocera: 0.604543
mean Ka notostraca: 0.576637
dKa: 0.0279063	standard deviation (sd): 0.0826483	ratio dKa/sd: 0.337651
exact probability (P): 0.735629

