

## treatement of 3 lineages from file OG0005018.phy ##

equally weighted sequences:
> outgro:
ocin	0.5
tcas	0.5
> anostraca:
afra	1
> cladocera:
dmag	0.333333
dpul	0.333333
etex	0.333333

mean GC outgro: all positions=0.395 position1=0.455 position2=0.336 position3=0.395 
mean GC anostraca: all positions=0.388 position1=0.516 position2=0.309 position3=0.338 
mean GC cladocera: all positions=0.426 position1=0.532 position2=0.333 position3=0.413 

** impossible to compute Ks. saturation? **

mean number of non synonymous sites compared: 528.4
mean Ka anostraca: 0.401476
mean Ka cladocera: 0.429721
dKa: -0.0282444	standard deviation (sd): 0.0250765	ratio dKa/sd: -1.12633
exact probability (P): 0.260033

equally weighted sequences:
> outgro:
ocin	0.5
tcas	0.5
> anostraca:
afra	1
> notostraca:
lapu	0.125
lart	0.125
lcou	0.125
lubb	0.125
tcan	0.125
tita	0.125
tlon	0.125
tusa	0.125

mean GC outgro: all positions=0.395 position1=0.455 position2=0.336 position3=0.395 
mean GC anostraca: all positions=0.388 position1=0.516 position2=0.309 position3=0.338 
mean GC notostraca: all positions=0.466 position1=0.535 position2=0.330 position3=0.532 

** impossible to compute Ks. saturation? **

mean number of non synonymous sites compared: 533.3
mean Ka anostraca: 0.401476
mean Ka notostraca: 0.386651
dKa: 0.0148251	standard deviation (sd): 0.0259803	ratio dKa/sd: 0.570628
exact probability (P): 0.568256

equally weighted sequences:
> outgro:
ocin	0.5
tcas	0.5
> cladocera:
dmag	0.333333
dpul	0.333333
etex	0.333333
> notostraca:
lapu	0.125
lart	0.125
lcou	0.125
lubb	0.125
tcan	0.125
tita	0.125
tlon	0.125
tusa	0.125

mean GC outgro: all positions=0.395 position1=0.455 position2=0.336 position3=0.395 
mean GC cladocera: all positions=0.426 position1=0.532 position2=0.333 position3=0.413 
mean GC notostraca: all positions=0.466 position1=0.535 position2=0.330 position3=0.532 

** impossible to compute Ks. saturation? **

mean number of non synonymous sites compared: 525.8
mean Ka cladocera: 0.429721
mean Ka notostraca: 0.386651
dKa: 0.0430695	standard deviation (sd): 0.0220614	ratio dKa/sd: 1.95226
exact probability (P): 0.0509156

