

## treatement of 3 lineages from file OG0005389.phy ##

equally weighted sequences:
> outgro:
ocin	0.5
tcas	0.5
> anostraca:
afra	1
> cladocera:
dmag	0.333333
dpul	0.333333
etex	0.333333

mean GC outgro: all positions=0.452 position1=0.439 position2=0.363 position3=0.554 
mean GC anostraca: all positions=0.369 position1=0.410 position2=0.374 position3=0.324 
mean GC cladocera: all positions=0.425 position1=0.410 position2=0.362 position3=0.504 

** impossible to compute Ks. saturation? **

mean number of non synonymous sites compared: 279.4
mean Ka anostraca: 0.327418
mean Ka cladocera: 0.25786
dKa: 0.069558	standard deviation (sd): 0.0370097	ratio dKa/sd: 1.87945
exact probability (P): 0.06019

equally weighted sequences:
> outgro:
ocin	0.5
tcas	0.5
> anostraca:
afra	1
> notostraca:
lapu	0.125
lart	0.125
lcou	0.125
lubb	0.125
tcan	0.125
tita	0.125
tlon	0.125
tusa	0.125

mean GC outgro: all positions=0.452 position1=0.439 position2=0.363 position3=0.554 
mean GC anostraca: all positions=0.369 position1=0.410 position2=0.374 position3=0.324 
mean GC notostraca: all positions=0.425 position1=0.437 position2=0.353 position3=0.484 

** impossible to compute Ks. saturation? **

mean number of non synonymous sites compared: 278.8
mean Ka anostraca: 0.327418
mean Ka notostraca: 0.244733
dKa: 0.0826856	standard deviation (sd): 0.0353939	ratio dKa/sd: 2.33616
exact probability (P): 0.0194912

equally weighted sequences:
> outgro:
ocin	0.5
tcas	0.5
> cladocera:
dmag	0.333333
dpul	0.333333
etex	0.333333
> notostraca:
lapu	0.125
lart	0.125
lcou	0.125
lubb	0.125
tcan	0.125
tita	0.125
tlon	0.125
tusa	0.125

mean GC outgro: all positions=0.452 position1=0.439 position2=0.363 position3=0.554 
mean GC cladocera: all positions=0.425 position1=0.410 position2=0.362 position3=0.504 
mean GC notostraca: all positions=0.425 position1=0.437 position2=0.353 position3=0.484 

** impossible to compute Ks. saturation? **

mean number of non synonymous sites compared: 278.0
mean Ka cladocera: 0.25786
mean Ka notostraca: 0.244733
dKa: 0.0131276	standard deviation (sd): 0.023942	ratio dKa/sd: 0.548306
exact probability (P): 0.583486

