

## treatement of 3 lineages from file OG0006013.phy ##

equally weighted sequences:
> outgro:
ocin	0.5
tcas	0.5
> anostraca:
afra	1
> cladocera:
dmag	0.333333
dpul	0.333333
etex	0.333333

mean GC outgro: all positions=0.451 position1=0.568 position2=0.278 position3=0.506 
mean GC anostraca: all positions=0.420 position1=0.617 position2=0.309 position3=0.333 
mean GC cladocera: all positions=0.494 position1=0.605 position2=0.288 position3=0.588 

** impossible to compute Ks. saturation? **

mean number of non synonymous sites compared: 163.2
mean Ka anostraca: 0.220235
mean Ka cladocera: 0.206556
dKa: 0.0136789	standard deviation (sd): 0.0328218	ratio dKa/sd: 0.416762
exact probability (P): 0.676856

equally weighted sequences:
> outgro:
ocin	0.5
tcas	0.5
> anostraca:
afra	1
> notostraca:
lart	0.142857
lcou	0.142857
lubb	0.142857
tcan	0.142857
tita	0.142857
tlon	0.142857
tusa	0.142857

mean GC outgro: all positions=0.451 position1=0.568 position2=0.278 position3=0.506 
mean GC anostraca: all positions=0.420 position1=0.617 position2=0.309 position3=0.333 
mean GC notostraca: all positions=0.488 position1=0.614 position2=0.330 position3=0.520 

** impossible to compute Ks. saturation? **

mean number of non synonymous sites compared: 161.2
mean Ka anostraca: 0.220235
mean Ka notostraca: 0.212795
dKa: 0.00743974	standard deviation (sd): 0.0328481	ratio dKa/sd: 0.226489
exact probability (P): 0.820822

equally weighted sequences:
> outgro:
ocin	0.5
tcas	0.5
> cladocera:
dmag	0.333333
dpul	0.333333
etex	0.333333
> notostraca:
lart	0.142857
lcou	0.142857
lubb	0.142857
tcan	0.142857
tita	0.142857
tlon	0.142857
tusa	0.142857

mean GC outgro: all positions=0.451 position1=0.568 position2=0.278 position3=0.506 
mean GC cladocera: all positions=0.494 position1=0.605 position2=0.288 position3=0.588 
mean GC notostraca: all positions=0.488 position1=0.614 position2=0.330 position3=0.520 

** impossible to compute Ks. saturation? **

mean number of non synonymous sites compared: 163.2
mean Ka cladocera: 0.206556
mean Ka notostraca: 0.212795
dKa: -0.00623914	standard deviation (sd): 0.0252801	ratio dKa/sd: -0.2468
exact probability (P): 0.805065

