

## treatement of 3 lineages from file OG0006922.phy ##

equally weighted sequences:
> outgro:
tcas	1
> anostraca:
afra	1
> cladocera:
dmag	0.333333
dpul	0.333333
etex	0.333333

mean GC outgro: all positions=0.358 position1=0.406 position2=0.292 position3=0.377 
mean GC anostraca: all positions=0.387 position1=0.481 position2=0.377 position3=0.302 
mean GC cladocera: all positions=0.486 position1=0.541 position2=0.340 position3=0.579 

** impossible to compute Ks. saturation? **

mean number of non synonymous sites compared: 210.8
mean Ka anostraca: 0.544937
mean Ka cladocera: 0.538361
dKa: 0.00657586	standard deviation (sd): 0.0646433	ratio dKa/sd: 0.101725
exact probability (P): 0.918975

equally weighted sequences:
> outgro:
tcas	1
> anostraca:
afra	1
> notostraca:
lapu	0.142857
lart	0.142857
lcou	0.142857
lubb	0.142857
tcan	0.142857
tita	0.142857
tusa	0.142857

mean GC outgro: all positions=0.358 position1=0.406 position2=0.292 position3=0.377 
mean GC anostraca: all positions=0.387 position1=0.481 position2=0.377 position3=0.302 
mean GC notostraca: all positions=0.443 position1=0.488 position2=0.305 position3=0.536 

** impossible to compute Ks. saturation? **

mean number of non synonymous sites compared: 205.1
mean Ka anostraca: 0.544937
mean Ka notostraca: 0.516946
dKa: 0.0279909	standard deviation (sd): 0.0685311	ratio dKa/sd: 0.40844
exact probability (P): 0.682954

equally weighted sequences:
> outgro:
tcas	1
> cladocera:
dmag	0.333333
dpul	0.333333
etex	0.333333
> notostraca:
lapu	0.142857
lart	0.142857
lcou	0.142857
lubb	0.142857
tcan	0.142857
tita	0.142857
tusa	0.142857

mean GC outgro: all positions=0.358 position1=0.406 position2=0.292 position3=0.377 
mean GC cladocera: all positions=0.486 position1=0.541 position2=0.340 position3=0.579 
mean GC notostraca: all positions=0.443 position1=0.488 position2=0.305 position3=0.536 

** impossible to compute Ks. saturation? **

mean number of non synonymous sites compared: 212.6
mean Ka cladocera: 0.538361
mean Ka notostraca: 0.516946
dKa: 0.021415	standard deviation (sd): 0.0541057	ratio dKa/sd: 0.395799
exact probability (P): 0.692256

