

## treatement of 3 lineages from file OG0009622.phy ##

equally weighted sequences:
> outgro:
ocin	0.5
tcas	0.5
> anostraca:
afra	1
> cladocera:
dmag	0.333333
dpul	0.333333
etex	0.333333

mean GC outgro: all positions=0.465 position1=0.518 position2=0.468 position3=0.410 
mean GC anostraca: all positions=0.411 position1=0.514 position2=0.432 position3=0.288 
mean GC cladocera: all positions=0.496 position1=0.553 position2=0.480 position3=0.456 

** impossible to compute Ks. saturation? **

mean number of non synonymous sites compared: 227.8
mean Ka anostraca: 0.432333
mean Ka cladocera: 0.318178
dKa: 0.114155	standard deviation (sd): 0.044195	ratio dKa/sd: 2.58299
exact probability (P): 0.00980184

equally weighted sequences:
> outgro:
ocin	0.5
tcas	0.5
> anostraca:
afra	1
> notostraca:
tita	1

mean GC outgro: all positions=0.465 position1=0.518 position2=0.468 position3=0.410 
mean GC anostraca: all positions=0.411 position1=0.514 position2=0.432 position3=0.288 
mean GC notostraca: all positions=0.571 position1=0.505 position2=0.486 position3=0.721 

** impossible to compute Ks. saturation? **

mean number of non synonymous sites compared: 227.0
mean Ka anostraca: 0.432333
mean Ka notostraca: 0.36258
dKa: 0.069753	standard deviation (sd): 0.0487915	ratio dKa/sd: 1.42961
exact probability (P): 0.152836

equally weighted sequences:
> outgro:
ocin	0.5
tcas	0.5
> cladocera:
dmag	0.333333
dpul	0.333333
etex	0.333333
> notostraca:
tita	1

mean GC outgro: all positions=0.465 position1=0.518 position2=0.468 position3=0.410 
mean GC cladocera: all positions=0.496 position1=0.553 position2=0.480 position3=0.456 
mean GC notostraca: all positions=0.571 position1=0.505 position2=0.486 position3=0.721 

** impossible to compute Ks. saturation? **

mean number of non synonymous sites compared: 221.4
mean Ka cladocera: 0.318178
mean Ka notostraca: 0.36258
dKa: -0.0444024	standard deviation (sd): 0.0325103	ratio dKa/sd: -1.36579
exact probability (P): 0.172012

