

## treatement of 3 lineages from file OG0006341.phy ##

equally weighted sequences:
> outgro:
tcas	1
> anostraca:
afra	1
> cladocera:
dmag	0.333333
dpul	0.333333
etex	0.333333

mean GC outgro: all positions=0.411 position1=0.484 position2=0.368 position3=0.381 
mean GC anostraca: all positions=0.372 position1=0.503 position2=0.348 position3=0.265 
mean GC cladocera: all positions=0.457 position1=0.553 position2=0.387 position3=0.432 

** impossible to compute Ks. saturation? **

mean number of non synonymous sites compared: 322.5
mean Ka anostraca: 0.521626
mean Ka cladocera: 0.47892
dKa: 0.0427068	standard deviation (sd): 0.0536941	ratio dKa/sd: 0.795373
exact probability (P): 0.426403

equally weighted sequences:
> outgro:
tcas	1
> anostraca:
afra	1
> notostraca:
lapu	0.125
lart	0.125
lcou	0.125
lubb	0.125
tcan	0.125
tita	0.125
tlon	0.125
tusa	0.125

mean GC outgro: all positions=0.411 position1=0.484 position2=0.368 position3=0.381 
mean GC anostraca: all positions=0.372 position1=0.503 position2=0.348 position3=0.265 
mean GC notostraca: all positions=0.485 position1=0.605 position2=0.386 position3=0.464 

** impossible to compute Ks. saturation? **

mean number of non synonymous sites compared: 328.4
mean Ka anostraca: 0.521626
mean Ka notostraca: 0.51812
dKa: 0.00350694	standard deviation (sd): 0.0561507	ratio dKa/sd: 0.0624558
exact probability (P): 0.9502

equally weighted sequences:
> outgro:
tcas	1
> cladocera:
dmag	0.333333
dpul	0.333333
etex	0.333333
> notostraca:
lapu	0.125
lart	0.125
lcou	0.125
lubb	0.125
tcan	0.125
tita	0.125
tlon	0.125
tusa	0.125

mean GC outgro: all positions=0.411 position1=0.484 position2=0.368 position3=0.381 
mean GC cladocera: all positions=0.457 position1=0.553 position2=0.387 position3=0.432 
mean GC notostraca: all positions=0.485 position1=0.605 position2=0.386 position3=0.464 

** impossible to compute Ks. saturation? **

mean number of non synonymous sites compared: 318.9
mean Ka cladocera: 0.47892
mean Ka notostraca: 0.51812
dKa: -0.0391999	standard deviation (sd): 0.0462398	ratio dKa/sd: -0.847752
exact probability (P): 0.396582

