

## treatement of 3 lineages from file OG0005359.phy ##

equally weighted sequences:
> outgro:
ocin	0.5
tcas	0.5
> anostraca:
afra	1
> cladocera:
dmag	0.333333
dpul	0.333333
etex	0.333333

mean GC outgro: all positions=0.390 position1=0.497 position2=0.308 position3=0.364 
mean GC anostraca: all positions=0.406 position1=0.523 position2=0.291 position3=0.404 
mean GC cladocera: all positions=0.512 position1=0.536 position2=0.305 position3=0.695 

** impossible to compute Ks. saturation? **

mean number of non synonymous sites compared: 293.2
mean Ka anostraca: 0.323949
mean Ka cladocera: 0.301993
dKa: 0.0219568	standard deviation (sd): 0.0293663	ratio dKa/sd: 0.747684
exact probability (P): 0.454656

equally weighted sequences:
> outgro:
ocin	0.5
tcas	0.5
> anostraca:
afra	1
> notostraca:
lapu	0.125
lart	0.125
lcou	0.125
lubb	0.125
tcan	0.125
tita	0.125
tlon	0.125
tusa	0.125

mean GC outgro: all positions=0.390 position1=0.497 position2=0.308 position3=0.364 
mean GC anostraca: all positions=0.406 position1=0.523 position2=0.291 position3=0.404 
mean GC notostraca: all positions=0.433 position1=0.536 position2=0.304 position3=0.459 

** impossible to compute Ks. saturation? **

mean number of non synonymous sites compared: 295.6
mean Ka anostraca: 0.323949
mean Ka notostraca: 0.241875
dKa: 0.0820744	standard deviation (sd): 0.0297726	ratio dKa/sd: 2.75671
exact probability (P): 0.00584516

equally weighted sequences:
> outgro:
ocin	0.5
tcas	0.5
> cladocera:
dmag	0.333333
dpul	0.333333
etex	0.333333
> notostraca:
lapu	0.125
lart	0.125
lcou	0.125
lubb	0.125
tcan	0.125
tita	0.125
tlon	0.125
tusa	0.125

mean GC outgro: all positions=0.390 position1=0.497 position2=0.308 position3=0.364 
mean GC cladocera: all positions=0.512 position1=0.536 position2=0.305 position3=0.695 
mean GC notostraca: all positions=0.433 position1=0.536 position2=0.304 position3=0.459 

** impossible to compute Ks. saturation? **

mean number of non synonymous sites compared: 296.2
mean Ka cladocera: 0.301993
mean Ka notostraca: 0.241875
dKa: 0.0601177	standard deviation (sd): 0.0242324	ratio dKa/sd: 2.48088
exact probability (P): 0.0131127

