

## treatement of 3 lineages from file OG0006375.phy ##

equally weighted sequences:
> outgro:
ocin	0.5
tcas	0.5
> anostraca:
afra	1
> cladocera:
dmag	0.5
etex	0.5

mean GC outgro: all positions=0.467 position1=0.494 position2=0.547 position3=0.360 
mean GC anostraca: all positions=0.437 position1=0.519 position2=0.468 position3=0.325 
mean GC cladocera: all positions=0.506 position1=0.557 position2=0.589 position3=0.372 

** impossible to compute Ks. saturation? **

mean number of non synonymous sites compared: 610.0
mean Ka anostraca: 0.848166
mean Ka cladocera: 0.753559
dKa: 0.0946076	standard deviation (sd): 0.0519825	ratio dKa/sd: 1.81999
exact probability (P): 0.0687697

equally weighted sequences:
> outgro:
ocin	0.5
tcas	0.5
> anostraca:
afra	1
> notostraca:
lapu	0.125
lart	0.125
lcou	0.125
lubb	0.125
tcan	0.125
tita	0.125
tlon	0.125
tusa	0.125

mean GC outgro: all positions=0.467 position1=0.494 position2=0.547 position3=0.360 
mean GC anostraca: all positions=0.437 position1=0.519 position2=0.468 position3=0.325 
mean GC notostraca: all positions=0.514 position1=0.562 position2=0.554 position3=0.427 

** impossible to compute Ks. saturation? **

mean number of non synonymous sites compared: 611.0
mean Ka anostraca: 0.848166
mean Ka notostraca: 0.729074
dKa: 0.119092	standard deviation (sd): 0.0530498	ratio dKa/sd: 2.2449
exact probability (P): 0.024782

equally weighted sequences:
> outgro:
ocin	0.5
tcas	0.5
> cladocera:
dmag	0.5
etex	0.5
> notostraca:
lapu	0.125
lart	0.125
lcou	0.125
lubb	0.125
tcan	0.125
tita	0.125
tlon	0.125
tusa	0.125

mean GC outgro: all positions=0.467 position1=0.494 position2=0.547 position3=0.360 
mean GC cladocera: all positions=0.506 position1=0.557 position2=0.589 position3=0.372 
mean GC notostraca: all positions=0.514 position1=0.562 position2=0.554 position3=0.427 

** impossible to compute Ks. saturation? **

mean number of non synonymous sites compared: 614.9
mean Ka cladocera: 0.753559
mean Ka notostraca: 0.729074
dKa: 0.0244842	standard deviation (sd): 0.0380801	ratio dKa/sd: 0.642966
exact probability (P): 0.520251

