

## treatement of 3 lineages from file OG0005571.phy ##

equally weighted sequences:
> outgro:
ocin	0.5
tcas	0.5
> anostraca:
afra	1
> cladocera:
dmag	0.333333
dpul	0.333333
etex	0.333333

mean GC outgro: all positions=0.407 position1=0.495 position2=0.334 position3=0.390 
mean GC anostraca: all positions=0.395 position1=0.486 position2=0.351 position3=0.348 
mean GC cladocera: all positions=0.442 position1=0.548 position2=0.369 position3=0.408 

** impossible to compute Ks. saturation? **

mean number of non synonymous sites compared: 563.4
mean Ka anostraca: 0.141989
mean Ka cladocera: 0.139943
dKa: 0.00204578	standard deviation (sd): 0.0164628	ratio dKa/sd: 0.124266
exact probability (P): 0.901105

equally weighted sequences:
> outgro:
ocin	0.5
tcas	0.5
> anostraca:
afra	1
> notostraca:
lapu	0.125
lart	0.125
lcou	0.125
lubb	0.125
tcan	0.125
tita	0.125
tlon	0.125
tusa	0.125

mean GC outgro: all positions=0.407 position1=0.495 position2=0.334 position3=0.390 
mean GC anostraca: all positions=0.395 position1=0.486 position2=0.351 position3=0.348 
mean GC notostraca: all positions=0.458 position1=0.523 position2=0.370 position3=0.481 

** impossible to compute Ks. saturation? **

mean number of non synonymous sites compared: 563.1
mean Ka anostraca: 0.141989
mean Ka notostraca: 0.119523
dKa: 0.0224657	standard deviation (sd): 0.0156564	ratio dKa/sd: 1.43492
exact probability (P): 0.151317

equally weighted sequences:
> outgro:
ocin	0.5
tcas	0.5
> cladocera:
dmag	0.333333
dpul	0.333333
etex	0.333333
> notostraca:
lapu	0.125
lart	0.125
lcou	0.125
lubb	0.125
tcan	0.125
tita	0.125
tlon	0.125
tusa	0.125

mean GC outgro: all positions=0.407 position1=0.495 position2=0.334 position3=0.390 
mean GC cladocera: all positions=0.442 position1=0.548 position2=0.369 position3=0.408 
mean GC notostraca: all positions=0.458 position1=0.523 position2=0.370 position3=0.481 

** impossible to compute Ks. saturation? **

mean number of non synonymous sites compared: 560.2
mean Ka cladocera: 0.139943
mean Ka notostraca: 0.119523
dKa: 0.0204199	standard deviation (sd): 0.0138404	ratio dKa/sd: 1.47539
exact probability (P): 0.140117

