

## treatement of 3 lineages from file OG0005113.phy ##

equally weighted sequences:
> outgro:
ocin	0.5
tcas	0.5
> anostraca:
afra	1
> cladocera:
dmag	0.333333
dpul	0.333333
etex	0.333333

mean GC outgro: all positions=0.445 position1=0.519 position2=0.401 position3=0.416 
mean GC anostraca: all positions=0.420 position1=0.550 position2=0.382 position3=0.328 
mean GC cladocera: all positions=0.433 position1=0.514 position2=0.356 position3=0.427 

** impossible to compute Ks. saturation? **

mean number of non synonymous sites compared: 252.7
mean Ka anostraca: 0.290103
mean Ka cladocera: 0.299318
dKa: -0.00921502	standard deviation (sd): 0.0326058	ratio dKa/sd: -0.282619
exact probability (P): 0.777472

equally weighted sequences:
> outgro:
ocin	0.5
tcas	0.5
> anostraca:
afra	1
> notostraca:
lapu	0.125
lart	0.125
lcou	0.125
lubb	0.125
tcan	0.125
tita	0.125
tlon	0.125
tusa	0.125

mean GC outgro: all positions=0.445 position1=0.519 position2=0.401 position3=0.416 
mean GC anostraca: all positions=0.420 position1=0.550 position2=0.382 position3=0.328 
mean GC notostraca: all positions=0.474 position1=0.573 position2=0.385 position3=0.463 

** impossible to compute Ks. saturation? **

mean number of non synonymous sites compared: 254.1
mean Ka anostraca: 0.290103
mean Ka notostraca: 0.321853
dKa: -0.0317504	standard deviation (sd): 0.0288302	ratio dKa/sd: -1.10129
exact probability (P): 0.270777

equally weighted sequences:
> outgro:
ocin	0.5
tcas	0.5
> cladocera:
dmag	0.333333
dpul	0.333333
etex	0.333333
> notostraca:
lapu	0.125
lart	0.125
lcou	0.125
lubb	0.125
tcan	0.125
tita	0.125
tlon	0.125
tusa	0.125

mean GC outgro: all positions=0.445 position1=0.519 position2=0.401 position3=0.416 
mean GC cladocera: all positions=0.433 position1=0.514 position2=0.356 position3=0.427 
mean GC notostraca: all positions=0.474 position1=0.573 position2=0.385 position3=0.463 

** impossible to compute Ks. saturation? **

mean number of non synonymous sites compared: 255.3
mean Ka cladocera: 0.299318
mean Ka notostraca: 0.321853
dKa: -0.0225354	standard deviation (sd): 0.0306658	ratio dKa/sd: -0.73487
exact probability (P): 0.462423

