

## treatement of 3 lineages from file OG0006860.phy ##

equally weighted sequences:
> outgro:
tcas	1
> anostraca:
afra	1
> cladocera:
dpul	0.5
etex	0.5

mean GC outgro: all positions=0.317 position1=0.320 position2=0.350 position3=0.282 
mean GC anostraca: all positions=0.375 position1=0.408 position2=0.359 position3=0.359 
mean GC cladocera: all positions=0.383 position1=0.481 position2=0.350 position3=0.320 

** impossible to compute Ks. saturation? **

mean number of non synonymous sites compared: 216.8
mean Ka anostraca: 0.682189
mean Ka cladocera: 0.646973
dKa: 0.0352167	standard deviation (sd): 0.0863928	ratio dKa/sd: 0.407635
exact probability (P): 0.683545

equally weighted sequences:
> outgro:
tcas	1
> anostraca:
afra	1
> notostraca:
lapu	0.125
lart	0.125
lcou	0.125
lubb	0.125
tcan	0.125
tita	0.125
tlon	0.125
tusa	0.125

mean GC outgro: all positions=0.317 position1=0.320 position2=0.350 position3=0.282 
mean GC anostraca: all positions=0.375 position1=0.408 position2=0.359 position3=0.359 
mean GC notostraca: all positions=0.457 position1=0.504 position2=0.367 position3=0.500 

** impossible to compute Ks. saturation? **

mean number of non synonymous sites compared: 213.8
mean Ka anostraca: 0.682189
mean Ka notostraca: 0.645319
dKa: 0.0368702	standard deviation (sd): 0.0893913	ratio dKa/sd: 0.412459
exact probability (P): 0.680006

equally weighted sequences:
> outgro:
tcas	1
> cladocera:
dpul	0.5
etex	0.5
> notostraca:
lapu	0.125
lart	0.125
lcou	0.125
lubb	0.125
tcan	0.125
tita	0.125
tlon	0.125
tusa	0.125

mean GC outgro: all positions=0.317 position1=0.320 position2=0.350 position3=0.282 
mean GC cladocera: all positions=0.383 position1=0.481 position2=0.350 position3=0.320 
mean GC notostraca: all positions=0.457 position1=0.504 position2=0.367 position3=0.500 

** impossible to compute Ks. saturation? **

mean number of non synonymous sites compared: 210.9
mean Ka cladocera: 0.646973
mean Ka notostraca: 0.645319
dKa: 0.00165352	standard deviation (sd): 0.0685391	ratio dKa/sd: 0.0241252
exact probability (P): 0.980753

