

## treatement of 3 lineages from file OG0006982.phy ##

equally weighted sequences:
> outgro:
tcas	1
> anostraca:
afra	1
> cladocera:
dmag	0.5
etex	0.5

mean GC outgro: all positions=0.424 position1=0.472 position2=0.319 position3=0.479 
mean GC anostraca: all positions=0.414 position1=0.562 position2=0.347 position3=0.333 
mean GC cladocera: all positions=0.468 position1=0.576 position2=0.375 position3=0.451 

** impossible to compute Ks. saturation? **

mean number of non synonymous sites compared: 304.2
mean Ka anostraca: 0.553488
mean Ka cladocera: 0.558227
dKa: -0.00473882	standard deviation (sd): 0.0629329	ratio dKa/sd: -0.0752996
exact probability (P): 0.939977

equally weighted sequences:
> outgro:
tcas	1
> anostraca:
afra	1
> notostraca:
lapu	0.125
lart	0.125
lcou	0.125
lubb	0.125
tcan	0.125
tita	0.125
tlon	0.125
tusa	0.125

mean GC outgro: all positions=0.424 position1=0.472 position2=0.319 position3=0.479 
mean GC anostraca: all positions=0.414 position1=0.562 position2=0.347 position3=0.333 
mean GC notostraca: all positions=0.472 position1=0.596 position2=0.387 position3=0.431 

** impossible to compute Ks. saturation? **

mean number of non synonymous sites compared: 310.6
mean Ka anostraca: 0.553488
mean Ka notostraca: 0.525583
dKa: 0.0279057	standard deviation (sd): 0.0624049	ratio dKa/sd: 0.447171
exact probability (P): 0.654754

equally weighted sequences:
> outgro:
tcas	1
> cladocera:
dmag	0.5
etex	0.5
> notostraca:
lapu	0.125
lart	0.125
lcou	0.125
lubb	0.125
tcan	0.125
tita	0.125
tlon	0.125
tusa	0.125

mean GC outgro: all positions=0.424 position1=0.472 position2=0.319 position3=0.479 
mean GC cladocera: all positions=0.468 position1=0.576 position2=0.375 position3=0.451 
mean GC notostraca: all positions=0.472 position1=0.596 position2=0.387 position3=0.431 

** impossible to compute Ks. saturation? **

mean number of non synonymous sites compared: 293.1
mean Ka cladocera: 0.558227
mean Ka notostraca: 0.525583
dKa: 0.0326445	standard deviation (sd): 0.0461749	ratio dKa/sd: 0.706974
exact probability (P): 0.479588

