

## treatement of 3 lineages from file OG0005537.phy ##

equally weighted sequences:
> outgro:
ocin	0.5
tcas	0.5
> anostraca:
afra	1
> cladocera:
dmag	0.333333
dpul	0.333333
etex	0.333333

mean GC outgro: all positions=0.473 position1=0.518 position2=0.366 position3=0.536 
mean GC anostraca: all positions=0.381 position1=0.508 position2=0.300 position3=0.336 
mean GC cladocera: all positions=0.426 position1=0.531 position2=0.329 position3=0.419 

** impossible to compute Ks. saturation? **

mean number of non synonymous sites compared: 585.6
mean Ka anostraca: 0.537314
mean Ka cladocera: 0.529949
dKa: 0.00736488	standard deviation (sd): 0.0315344	ratio dKa/sd: 0.233551
exact probability (P): 0.815336

equally weighted sequences:
> outgro:
ocin	0.5
tcas	0.5
> anostraca:
afra	1
> notostraca:
lapu	0.125
lart	0.125
lcou	0.125
lubb	0.125
tcan	0.125
tita	0.125
tlon	0.125
tusa	0.125

mean GC outgro: all positions=0.473 position1=0.518 position2=0.366 position3=0.536 
mean GC anostraca: all positions=0.381 position1=0.508 position2=0.300 position3=0.336 
mean GC notostraca: all positions=0.467 position1=0.555 position2=0.338 position3=0.507 

** impossible to compute Ks. saturation? **

mean number of non synonymous sites compared: 589.7
mean Ka anostraca: 0.537314
mean Ka notostraca: 0.509497
dKa: 0.0278164	standard deviation (sd): 0.0328517	ratio dKa/sd: 0.846726
exact probability (P): 0.397154

equally weighted sequences:
> outgro:
ocin	0.5
tcas	0.5
> cladocera:
dmag	0.333333
dpul	0.333333
etex	0.333333
> notostraca:
lapu	0.125
lart	0.125
lcou	0.125
lubb	0.125
tcan	0.125
tita	0.125
tlon	0.125
tusa	0.125

mean GC outgro: all positions=0.473 position1=0.518 position2=0.366 position3=0.536 
mean GC cladocera: all positions=0.426 position1=0.531 position2=0.329 position3=0.419 
mean GC notostraca: all positions=0.467 position1=0.555 position2=0.338 position3=0.507 

** impossible to compute Ks. saturation? **

mean number of non synonymous sites compared: 590.8
mean Ka cladocera: 0.529949
mean Ka notostraca: 0.509497
dKa: 0.0204515	standard deviation (sd): 0.0287027	ratio dKa/sd: 0.71253
exact probability (P): 0.47614

