

## treatement of 3 lineages from file OG0009566.phy ##

equally weighted sequences:
> outgro:
ocin	0.5
tcas	0.5
> anostraca:
afra	1
> cladocera:
dmag	0.5
dpul	0.5

mean GC outgro: all positions=0.422 position1=0.511 position2=0.360 position3=0.395 
mean GC anostraca: all positions=0.409 position1=0.514 position2=0.339 position3=0.373 
mean GC cladocera: all positions=0.389 position1=0.496 position2=0.322 position3=0.350 

** impossible to compute Ks. saturation? **

mean number of non synonymous sites compared: 700.1
mean Ka anostraca: 0.3027
mean Ka cladocera: 0.283309
dKa: 0.0193909	standard deviation (sd): 0.0180717	ratio dKa/sd: 1.073
exact probability (P): 0.283279

equally weighted sequences:
> outgro:
ocin	0.5
tcas	0.5
> anostraca:
afra	1
> notostraca:
lapu	0.5
tcan	0.5

mean GC outgro: all positions=0.422 position1=0.511 position2=0.360 position3=0.395 
mean GC anostraca: all positions=0.409 position1=0.514 position2=0.339 position3=0.373 
mean GC notostraca: all positions=0.436 position1=0.510 position2=0.342 position3=0.458 

** impossible to compute Ks. saturation? **

mean number of non synonymous sites compared: 691.7
mean Ka anostraca: 0.3027
mean Ka notostraca: 0.267381
dKa: 0.0353192	standard deviation (sd): 0.0180584	ratio dKa/sd: 1.95584
exact probability (P): 0.0504912

equally weighted sequences:
> outgro:
ocin	0.5
tcas	0.5
> cladocera:
dmag	0.5
dpul	0.5
> notostraca:
lapu	0.5
tcan	0.5

mean GC outgro: all positions=0.422 position1=0.511 position2=0.360 position3=0.395 
mean GC cladocera: all positions=0.389 position1=0.496 position2=0.322 position3=0.350 
mean GC notostraca: all positions=0.436 position1=0.510 position2=0.342 position3=0.458 

** impossible to compute Ks. saturation? **

mean number of non synonymous sites compared: 698.1
mean Ka cladocera: 0.283309
mean Ka notostraca: 0.267381
dKa: 0.0159284	standard deviation (sd): 0.0156515	ratio dKa/sd: 1.01769
exact probability (P): 0.308833

