

## treatement of 3 lineages from file OG0005583.phy ##

equally weighted sequences:
> outgro:
ocin	0.5
tcas	0.5
> anostraca:
afra	1
> cladocera:
dmag	0.333333
dpul	0.333333
etex	0.333333

mean GC outgro: all positions=0.381 position1=0.411 position2=0.375 position3=0.357 
mean GC anostraca: all positions=0.413 position1=0.452 position2=0.393 position3=0.393 
mean GC cladocera: all positions=0.410 position1=0.448 position2=0.421 position3=0.361 

** impossible to compute Ks. saturation? **

mean number of non synonymous sites compared: 168.1
mean Ka anostraca: 0.726473
mean Ka cladocera: 0.640472
dKa: 0.0860009	standard deviation (sd): 0.0785217	ratio dKa/sd: 1.09525
exact probability (P): 0.273414

equally weighted sequences:
> outgro:
ocin	0.5
tcas	0.5
> anostraca:
afra	1
> notostraca:
lapu	0.125
lart	0.125
lcou	0.125
lubb	0.125
tcan	0.125
tita	0.125
tlon	0.125
tusa	0.125

mean GC outgro: all positions=0.381 position1=0.411 position2=0.375 position3=0.357 
mean GC anostraca: all positions=0.413 position1=0.452 position2=0.393 position3=0.393 
mean GC notostraca: all positions=0.461 position1=0.473 position2=0.430 position3=0.479 

** impossible to compute Ks. saturation? **

mean number of non synonymous sites compared: 165.8
mean Ka anostraca: 0.726473
mean Ka notostraca: 0.800087
dKa: -0.0736147	standard deviation (sd): 0.090841	ratio dKa/sd: -0.810368
exact probability (P): 0.417734

equally weighted sequences:
> outgro:
ocin	0.5
tcas	0.5
> cladocera:
dmag	0.333333
dpul	0.333333
etex	0.333333
> notostraca:
lapu	0.125
lart	0.125
lcou	0.125
lubb	0.125
tcan	0.125
tita	0.125
tlon	0.125
tusa	0.125

mean GC outgro: all positions=0.381 position1=0.411 position2=0.375 position3=0.357 
mean GC cladocera: all positions=0.410 position1=0.448 position2=0.421 position3=0.361 
mean GC notostraca: all positions=0.461 position1=0.473 position2=0.430 position3=0.479 

** impossible to compute Ks. saturation? **

mean number of non synonymous sites compared: 166.8
mean Ka cladocera: 0.640472
mean Ka notostraca: 0.800087
dKa: -0.159616	standard deviation (sd): 0.0729681	ratio dKa/sd: -2.18747
exact probability (P): 0.0287164

