

## treatement of 3 lineages from file OG0005573.phy ##

equally weighted sequences:
> outgro:
ocin	0.5
tcas	0.5
> anostraca:
afra	1
> cladocera:
dmag	0.333333
dpul	0.333333
etex	0.333333

mean GC outgro: all positions=0.485 position1=0.521 position2=0.359 position3=0.575 
mean GC anostraca: all positions=0.390 position1=0.457 position2=0.350 position3=0.363 
mean GC cladocera: all positions=0.531 position1=0.573 position2=0.361 position3=0.659 

** impossible to compute Ks. saturation? **

mean number of non synonymous sites compared: 1063.3
mean Ka anostraca: 0.519027
mean Ka cladocera: 0.25592
dKa: 0.263107	standard deviation (sd): 0.0251565	ratio dKa/sd: 10.4588
exact probability (P): 1e-07

equally weighted sequences:
> outgro:
ocin	0.5
tcas	0.5
> anostraca:
afra	1
> notostraca:
lapu	0.125
lart	0.125
lcou	0.125
lubb	0.125
tcan	0.125
tita	0.125
tlon	0.125
tusa	0.125

mean GC outgro: all positions=0.485 position1=0.521 position2=0.359 position3=0.575 
mean GC anostraca: all positions=0.390 position1=0.457 position2=0.350 position3=0.363 
mean GC notostraca: all positions=0.482 position1=0.551 position2=0.371 position3=0.525 

** impossible to compute Ks. saturation? **

mean number of non synonymous sites compared: 1054.3
mean Ka anostraca: 0.519027
mean Ka notostraca: 0.243802
dKa: 0.275224	standard deviation (sd): 0.0258507	ratio dKa/sd: 10.6467
exact probability (P): 1e-07

equally weighted sequences:
> outgro:
ocin	0.5
tcas	0.5
> cladocera:
dmag	0.333333
dpul	0.333333
etex	0.333333
> notostraca:
lapu	0.125
lart	0.125
lcou	0.125
lubb	0.125
tcan	0.125
tita	0.125
tlon	0.125
tusa	0.125

mean GC outgro: all positions=0.485 position1=0.521 position2=0.359 position3=0.575 
mean GC cladocera: all positions=0.531 position1=0.573 position2=0.361 position3=0.659 
mean GC notostraca: all positions=0.482 position1=0.551 position2=0.371 position3=0.525 

** impossible to compute Ks. saturation? **

mean number of non synonymous sites compared: 1064.2
mean Ka cladocera: 0.25592
mean Ka notostraca: 0.243802
dKa: 0.0121176	standard deviation (sd): 0.0106786	ratio dKa/sd: 1.13475
exact probability (P): 0.256485

