

## treatement of 3 lineages from file OG0005610.phy ##

equally weighted sequences:
> outgro:
ocin	0.5
tcas	0.5
> anostraca:
afra	1
> cladocera:
dmag	0.333333
dpul	0.333333
etex	0.333333

mean GC outgro: all positions=0.460 position1=0.525 position2=0.378 position3=0.479 
mean GC anostraca: all positions=0.347 position1=0.486 position2=0.358 position3=0.199 
mean GC cladocera: all positions=0.490 position1=0.560 position2=0.373 position3=0.538 

** impossible to compute Ks. saturation? **

mean number of non synonymous sites compared: 1019.3
mean Ka anostraca: 0.410134
mean Ka cladocera: 0.101164
dKa: 0.30897	standard deviation (sd): 0.0225088	ratio dKa/sd: 13.7266
exact probability (P): 1e-07

equally weighted sequences:
> outgro:
ocin	0.5
tcas	0.5
> anostraca:
afra	1
> notostraca:
lapu	0.125
lart	0.125
lcou	0.125
lubb	0.125
tcan	0.125
tita	0.125
tlon	0.125
tusa	0.125

mean GC outgro: all positions=0.460 position1=0.525 position2=0.378 position3=0.479 
mean GC anostraca: all positions=0.347 position1=0.486 position2=0.358 position3=0.199 
mean GC notostraca: all positions=0.468 position1=0.550 position2=0.374 position3=0.481 

** impossible to compute Ks. saturation? **

mean number of non synonymous sites compared: 1018.6
mean Ka anostraca: 0.410134
mean Ka notostraca: 0.0893394
dKa: 0.320795	standard deviation (sd): 0.0226466	ratio dKa/sd: 14.1653
exact probability (P): 1e-07

equally weighted sequences:
> outgro:
ocin	0.5
tcas	0.5
> cladocera:
dmag	0.333333
dpul	0.333333
etex	0.333333
> notostraca:
lapu	0.125
lart	0.125
lcou	0.125
lubb	0.125
tcan	0.125
tita	0.125
tlon	0.125
tusa	0.125

mean GC outgro: all positions=0.460 position1=0.525 position2=0.378 position3=0.479 
mean GC cladocera: all positions=0.490 position1=0.560 position2=0.373 position3=0.538 
mean GC notostraca: all positions=0.468 position1=0.550 position2=0.374 position3=0.481 

** impossible to compute Ks. saturation? **

mean number of non synonymous sites compared: 1015.2
mean Ka cladocera: 0.101164
mean Ka notostraca: 0.0893394
dKa: 0.0118248	standard deviation (sd): 0.006754	ratio dKa/sd: 1.75079
exact probability (P): 0.0799916

