

## treatement of 3 lineages from file OG0005634.phy ##

equally weighted sequences:
> outgro:
ocin	0.5
tcas	0.5
> anostraca:
afra	1
> cladocera:
dmag	0.333333
dpul	0.333333
etex	0.333333

mean GC outgro: all positions=0.488 position1=0.483 position2=0.364 position3=0.617 
mean GC anostraca: all positions=0.405 position1=0.517 position2=0.335 position3=0.364 
mean GC cladocera: all positions=0.438 position1=0.504 position2=0.368 position3=0.442 

** impossible to compute Ks. saturation? **

mean number of non synonymous sites compared: 411.0
mean Ka anostraca: 0.137753
mean Ka cladocera: 0.139202
dKa: -0.00144931	standard deviation (sd): 0.0161445	ratio dKa/sd: -0.089771
exact probability (P): 0.92847

equally weighted sequences:
> outgro:
ocin	0.5
tcas	0.5
> anostraca:
afra	1
> notostraca:
lapu	0.125
lart	0.125
lcou	0.125
lubb	0.125
tcan	0.125
tita	0.125
tlon	0.125
tusa	0.125

mean GC outgro: all positions=0.488 position1=0.483 position2=0.364 position3=0.617 
mean GC anostraca: all positions=0.405 position1=0.517 position2=0.335 position3=0.364 
mean GC notostraca: all positions=0.440 position1=0.471 position2=0.356 position3=0.491 

** impossible to compute Ks. saturation? **

mean number of non synonymous sites compared: 411.8
mean Ka anostraca: 0.137753
mean Ka notostraca: 0.105131
dKa: 0.0326218	standard deviation (sd): 0.014735	ratio dKa/sd: 2.2139
exact probability (P): 0.0268432

equally weighted sequences:
> outgro:
ocin	0.5
tcas	0.5
> cladocera:
dmag	0.333333
dpul	0.333333
etex	0.333333
> notostraca:
lapu	0.125
lart	0.125
lcou	0.125
lubb	0.125
tcan	0.125
tita	0.125
tlon	0.125
tusa	0.125

mean GC outgro: all positions=0.488 position1=0.483 position2=0.364 position3=0.617 
mean GC cladocera: all positions=0.438 position1=0.504 position2=0.368 position3=0.442 
mean GC notostraca: all positions=0.440 position1=0.471 position2=0.356 position3=0.491 

** impossible to compute Ks. saturation? **

mean number of non synonymous sites compared: 413.2
mean Ka cladocera: 0.139202
mean Ka notostraca: 0.105131
dKa: 0.0340711	standard deviation (sd): 0.0118979	ratio dKa/sd: 2.86362
exact probability (P): 0.00419237

