

## treatement of 3 lineages from file OG0009596.phy ##

equally weighted sequences:
> outgro:
tcas	1
> anostraca:
afra	1
> cladocera:
dmag	0.333333
dpul	0.333333
etex	0.333333

mean GC outgro: all positions=0.384 position1=0.394 position2=0.303 position3=0.455 
mean GC anostraca: all positions=0.374 position1=0.343 position2=0.303 position3=0.475 
mean GC cladocera: all positions=0.447 position1=0.414 position2=0.300 position3=0.626 

** impossible to compute Ks. saturation? **

mean number of non synonymous sites compared: 193.6
mean Ka anostraca: 0.469954
mean Ka cladocera: 0.475208
dKa: -0.00525426	standard deviation (sd): 0.0598685	ratio dKa/sd: -0.0877634
exact probability (P): 0.930065

equally weighted sequences:
> outgro:
tcas	1
> anostraca:
afra	1
> notostraca:
lapu	0.5
tita	0.5

mean GC outgro: all positions=0.384 position1=0.394 position2=0.303 position3=0.455 
mean GC anostraca: all positions=0.374 position1=0.343 position2=0.303 position3=0.475 
mean GC notostraca: all positions=0.419 position1=0.394 position2=0.338 position3=0.525 

** impossible to compute Ks. saturation? **

mean number of non synonymous sites compared: 192.8
mean Ka anostraca: 0.469954
mean Ka notostraca: 0.477578
dKa: -0.00762413	standard deviation (sd): 0.0592789	ratio dKa/sd: -0.128614
exact probability (P): 0.897664

equally weighted sequences:
> outgro:
tcas	1
> cladocera:
dmag	0.333333
dpul	0.333333
etex	0.333333
> notostraca:
lapu	0.5
tita	0.5

mean GC outgro: all positions=0.384 position1=0.394 position2=0.303 position3=0.455 
mean GC cladocera: all positions=0.447 position1=0.414 position2=0.300 position3=0.626 
mean GC notostraca: all positions=0.419 position1=0.394 position2=0.338 position3=0.525 

** impossible to compute Ks. saturation? **

mean number of non synonymous sites compared: 193.8
mean Ka cladocera: 0.475208
mean Ka notostraca: 0.477578
dKa: -0.00236987	standard deviation (sd): 0.0450004	ratio dKa/sd: -0.0526632
exact probability (P): 0.958

