

## treatement of 3 lineages from file OG0007519.phy ##

equally weighted sequences:
> outgro:
ocin	0.5
tcas	0.5
> anostraca:
afra	1
> cladocera:
dmag	0.333333
dpul	0.333333
etex	0.333333

mean GC outgro: all positions=0.457 position1=0.413 position2=0.339 position3=0.619 
mean GC anostraca: all positions=0.367 position1=0.413 position2=0.349 position3=0.339 
mean GC cladocera: all positions=0.480 position1=0.446 position2=0.379 position3=0.615 

** impossible to compute Ks. saturation? **

mean number of non synonymous sites compared: 214.0
mean Ka anostraca: 0.295534
mean Ka cladocera: 0.205231
dKa: 0.090303	standard deviation (sd): 0.0367455	ratio dKa/sd: 2.45753
exact probability (P): 0.0139971

equally weighted sequences:
> outgro:
ocin	0.5
tcas	0.5
> anostraca:
afra	1
> notostraca:
lubb	0.2
tcan	0.2
tita	0.2
tlon	0.2
tusa	0.2

mean GC outgro: all positions=0.457 position1=0.413 position2=0.339 position3=0.619 
mean GC anostraca: all positions=0.367 position1=0.413 position2=0.349 position3=0.339 
mean GC notostraca: all positions=0.493 position1=0.486 position2=0.385 position3=0.607 

** impossible to compute Ks. saturation? **

mean number of non synonymous sites compared: 213.6
mean Ka anostraca: 0.295534
mean Ka notostraca: 0.174979
dKa: 0.120555	standard deviation (sd): 0.0370531	ratio dKa/sd: 3.25357
exact probability (P): 0.00114405

equally weighted sequences:
> outgro:
ocin	0.5
tcas	0.5
> cladocera:
dmag	0.333333
dpul	0.333333
etex	0.333333
> notostraca:
lubb	0.2
tcan	0.2
tita	0.2
tlon	0.2
tusa	0.2

mean GC outgro: all positions=0.457 position1=0.413 position2=0.339 position3=0.619 
mean GC cladocera: all positions=0.480 position1=0.446 position2=0.379 position3=0.615 
mean GC notostraca: all positions=0.493 position1=0.486 position2=0.385 position3=0.607 

** impossible to compute Ks. saturation? **

mean number of non synonymous sites compared: 216.9
mean Ka cladocera: 0.205231
mean Ka notostraca: 0.174979
dKa: 0.030252	standard deviation (sd): 0.0179973	ratio dKa/sd: 1.68092
exact probability (P): 0.0927867

