

## treatement of 3 lineages from file OG0007971.phy ##

equally weighted sequences:
> outgro:
ocin	0.5
tcas	0.5
> anostraca:
afra	1
> cladocera:
dmag	0.5
dpul	0.5

mean GC outgro: all positions=0.412 position1=0.514 position2=0.374 position3=0.347 
mean GC anostraca: all positions=0.432 position1=0.546 position2=0.366 position3=0.383 
mean GC cladocera: all positions=0.482 position1=0.571 position2=0.361 position3=0.514 

** impossible to compute Ks. saturation? **

mean number of non synonymous sites compared: 358.8
mean Ka anostraca: 0.484968
mean Ka cladocera: 0.489451
dKa: -0.00448309	standard deviation (sd): 0.0440362	ratio dKa/sd: -0.101805
exact probability (P): 0.918912

equally weighted sequences:
> outgro:
ocin	0.5
tcas	0.5
> anostraca:
afra	1
> notostraca:
lapu	0.2
lart	0.2
lcou	0.2
lubb	0.2
tlon	0.2

mean GC outgro: all positions=0.412 position1=0.514 position2=0.374 position3=0.347 
mean GC anostraca: all positions=0.432 position1=0.546 position2=0.366 position3=0.383 
mean GC notostraca: all positions=0.452 position1=0.519 position2=0.398 position3=0.439 

** impossible to compute Ks. saturation? **

mean number of non synonymous sites compared: 356.6
mean Ka anostraca: 0.484968
mean Ka notostraca: 0.474948
dKa: 0.0100203	standard deviation (sd): 0.0427249	ratio dKa/sd: 0.234529
exact probability (P): 0.814576

equally weighted sequences:
> outgro:
ocin	0.5
tcas	0.5
> cladocera:
dmag	0.5
dpul	0.5
> notostraca:
lapu	0.2
lart	0.2
lcou	0.2
lubb	0.2
tlon	0.2

mean GC outgro: all positions=0.412 position1=0.514 position2=0.374 position3=0.347 
mean GC cladocera: all positions=0.482 position1=0.571 position2=0.361 position3=0.514 
mean GC notostraca: all positions=0.452 position1=0.519 position2=0.398 position3=0.439 

** impossible to compute Ks. saturation? **

mean number of non synonymous sites compared: 355.6
mean Ka cladocera: 0.489451
mean Ka notostraca: 0.474948
dKa: 0.0145033	standard deviation (sd): 0.0407828	ratio dKa/sd: 0.355624
exact probability (P): 0.722125

