

## treatement of 3 lineages from file OG0005405.phy ##

equally weighted sequences:
> outgro:
ocin	0.5
tcas	0.5
> anostraca:
afra	1
> cladocera:
dmag	0.333333
dpul	0.333333
etex	0.333333

mean GC outgro: all positions=0.462 position1=0.554 position2=0.374 position3=0.456 
mean GC anostraca: all positions=0.419 position1=0.574 position2=0.364 position3=0.318 
mean GC cladocera: all positions=0.472 position1=0.590 position2=0.350 position3=0.477 

** impossible to compute Ks. saturation? **

mean number of non synonymous sites compared: 387.5
mean Ka anostraca: 0.216281
mean Ka cladocera: 0.191085
dKa: 0.0251958	standard deviation (sd): 0.0174703	ratio dKa/sd: 1.44221
exact probability (P): 0.149253

equally weighted sequences:
> outgro:
ocin	0.5
tcas	0.5
> anostraca:
afra	1
> notostraca:
lapu	0.125
lart	0.125
lcou	0.125
lubb	0.125
tcan	0.125
tita	0.125
tlon	0.125
tusa	0.125

mean GC outgro: all positions=0.462 position1=0.554 position2=0.374 position3=0.456 
mean GC anostraca: all positions=0.419 position1=0.574 position2=0.364 position3=0.318 
mean GC notostraca: all positions=0.461 position1=0.579 position2=0.333 position3=0.472 

** impossible to compute Ks. saturation? **

mean number of non synonymous sites compared: 388.4
mean Ka anostraca: 0.216281
mean Ka notostraca: 0.210141
dKa: 0.00613972	standard deviation (sd): 0.0185558	ratio dKa/sd: 0.330879
exact probability (P): 0.740738

equally weighted sequences:
> outgro:
ocin	0.5
tcas	0.5
> cladocera:
dmag	0.333333
dpul	0.333333
etex	0.333333
> notostraca:
lapu	0.125
lart	0.125
lcou	0.125
lubb	0.125
tcan	0.125
tita	0.125
tlon	0.125
tusa	0.125

mean GC outgro: all positions=0.462 position1=0.554 position2=0.374 position3=0.456 
mean GC cladocera: all positions=0.472 position1=0.590 position2=0.350 position3=0.477 
mean GC notostraca: all positions=0.461 position1=0.579 position2=0.333 position3=0.472 

** impossible to compute Ks. saturation? **

mean number of non synonymous sites compared: 390.3
mean Ka cladocera: 0.191085
mean Ka notostraca: 0.210141
dKa: -0.019056	standard deviation (sd): 0.0112191	ratio dKa/sd: -1.69854
exact probability (P): 0.0894148

