

## treatement of 3 lineages from file OG0005250.phy ##

equally weighted sequences:
> outgro:
ocin	0.5
tcas	0.5
> anostraca:
afra	1
> cladocera:
dmag	0.333333
dpul	0.333333
etex	0.333333

mean GC outgro: all positions=0.416 position1=0.471 position2=0.388 position3=0.388 
mean GC anostraca: all positions=0.441 position1=0.512 position2=0.355 position3=0.455 
mean GC cladocera: all positions=0.450 position1=0.548 position2=0.369 position3=0.433 

** impossible to compute Ks. saturation? **

mean number of non synonymous sites compared: 232.7
mean Ka anostraca: 0.664031
mean Ka cladocera: 0.628914
dKa: 0.035117	standard deviation (sd): 0.0629775	ratio dKa/sd: 0.557611
exact probability (P): 0.577114

equally weighted sequences:
> outgro:
ocin	0.5
tcas	0.5
> anostraca:
afra	1
> notostraca:
lapu	0.125
lart	0.125
lcou	0.125
lubb	0.125
tcan	0.125
tita	0.125
tlon	0.125
tusa	0.125

mean GC outgro: all positions=0.416 position1=0.471 position2=0.388 position3=0.388 
mean GC anostraca: all positions=0.441 position1=0.512 position2=0.355 position3=0.455 
mean GC notostraca: all positions=0.499 position1=0.577 position2=0.371 position3=0.549 

** impossible to compute Ks. saturation? **

mean number of non synonymous sites compared: 238.4
mean Ka anostraca: 0.664031
mean Ka notostraca: 0.762175
dKa: -0.0981436	standard deviation (sd): 0.0745878	ratio dKa/sd: -1.31581
exact probability (P): 0.188245

equally weighted sequences:
> outgro:
ocin	0.5
tcas	0.5
> cladocera:
dmag	0.333333
dpul	0.333333
etex	0.333333
> notostraca:
lapu	0.125
lart	0.125
lcou	0.125
lubb	0.125
tcan	0.125
tita	0.125
tlon	0.125
tusa	0.125

mean GC outgro: all positions=0.416 position1=0.471 position2=0.388 position3=0.388 
mean GC cladocera: all positions=0.450 position1=0.548 position2=0.369 position3=0.433 
mean GC notostraca: all positions=0.499 position1=0.577 position2=0.371 position3=0.549 

** impossible to compute Ks. saturation? **

mean number of non synonymous sites compared: 237.8
mean Ka cladocera: 0.628914
mean Ka notostraca: 0.762175
dKa: -0.133261	standard deviation (sd): 0.0645621	ratio dKa/sd: -2.06407
exact probability (P): 0.0390197

