

## treatement of 3 lineages from file OG0004996.phy ##

equally weighted sequences:
> outgro:
ocin	0.5
tcas	0.5
> anostraca:
afra	1
> cladocera:
dmag	0.333333
dpul	0.333333
etex	0.333333

mean GC outgro: all positions=0.411 position1=0.461 position2=0.306 position3=0.467 
mean GC anostraca: all positions=0.359 position1=0.389 position2=0.333 position3=0.356 
mean GC cladocera: all positions=0.433 position1=0.478 position2=0.311 position3=0.511 

** impossible to compute Ks. saturation? **

mean number of non synonymous sites compared: 176.3
mean Ka anostraca: 0.47365
mean Ka cladocera: 0.37493
dKa: 0.09872	standard deviation (sd): 0.0598557	ratio dKa/sd: 1.6493
exact probability (P): 0.0990954

equally weighted sequences:
> outgro:
ocin	0.5
tcas	0.5
> anostraca:
afra	1
> notostraca:
lapu	0.125
lart	0.125
lcou	0.125
lubb	0.125
tcan	0.125
tita	0.125
tlon	0.125
tusa	0.125

mean GC outgro: all positions=0.411 position1=0.461 position2=0.306 position3=0.467 
mean GC anostraca: all positions=0.359 position1=0.389 position2=0.333 position3=0.356 
mean GC notostraca: all positions=0.416 position1=0.446 position2=0.336 position3=0.467 

** impossible to compute Ks. saturation? **

mean number of non synonymous sites compared: 177.1
mean Ka anostraca: 0.47365
mean Ka notostraca: 0.329341
dKa: 0.144309	standard deviation (sd): 0.0576118	ratio dKa/sd: 2.50486
exact probability (P): 0.0122566

equally weighted sequences:
> outgro:
ocin	0.5
tcas	0.5
> cladocera:
dmag	0.333333
dpul	0.333333
etex	0.333333
> notostraca:
lapu	0.125
lart	0.125
lcou	0.125
lubb	0.125
tcan	0.125
tita	0.125
tlon	0.125
tusa	0.125

mean GC outgro: all positions=0.411 position1=0.461 position2=0.306 position3=0.467 
mean GC cladocera: all positions=0.433 position1=0.478 position2=0.311 position3=0.511 
mean GC notostraca: all positions=0.416 position1=0.446 position2=0.336 position3=0.467 

** impossible to compute Ks. saturation? **

mean number of non synonymous sites compared: 175.0
mean Ka cladocera: 0.37493
mean Ka notostraca: 0.329341
dKa: 0.0455893	standard deviation (sd): 0.0379776	ratio dKa/sd: 1.20043
exact probability (P): 0.229982

