

## treatement of 3 lineages from file OG0005500.phy ##

equally weighted sequences:
> outgro:
ocin	0.5
tcas	0.5
> anostraca:
afra	1
> cladocera:
dmag	0.333333
dpul	0.333333
etex	0.333333

mean GC outgro: all positions=0.471 position1=0.537 position2=0.301 position3=0.574 
mean GC anostraca: all positions=0.355 position1=0.463 position2=0.316 position3=0.287 
mean GC cladocera: all positions=0.470 position1=0.544 position2=0.341 position3=0.525 

** impossible to compute Ks. saturation? **

mean number of non synonymous sites compared: 266.4
mean Ka anostraca: 0.503324
mean Ka cladocera: 0.439856
dKa: 0.0634682	standard deviation (sd): 0.0491411	ratio dKa/sd: 1.29155
exact probability (P): 0.196521

equally weighted sequences:
> outgro:
ocin	0.5
tcas	0.5
> anostraca:
afra	1
> notostraca:
lapu	0.125
lart	0.125
lcou	0.125
lubb	0.125
tcan	0.125
tita	0.125
tlon	0.125
tusa	0.125

mean GC outgro: all positions=0.471 position1=0.537 position2=0.301 position3=0.574 
mean GC anostraca: all positions=0.355 position1=0.463 position2=0.316 position3=0.287 
mean GC notostraca: all positions=0.426 position1=0.537 position2=0.314 position3=0.427 

** impossible to compute Ks. saturation? **

mean number of non synonymous sites compared: 263.6
mean Ka anostraca: 0.503324
mean Ka notostraca: 0.434965
dKa: 0.0683588	standard deviation (sd): 0.0506943	ratio dKa/sd: 1.34845
exact probability (P): 0.177521

equally weighted sequences:
> outgro:
ocin	0.5
tcas	0.5
> cladocera:
dmag	0.333333
dpul	0.333333
etex	0.333333
> notostraca:
lapu	0.125
lart	0.125
lcou	0.125
lubb	0.125
tcan	0.125
tita	0.125
tlon	0.125
tusa	0.125

mean GC outgro: all positions=0.471 position1=0.537 position2=0.301 position3=0.574 
mean GC cladocera: all positions=0.470 position1=0.544 position2=0.341 position3=0.525 
mean GC notostraca: all positions=0.426 position1=0.537 position2=0.314 position3=0.427 

** impossible to compute Ks. saturation? **

mean number of non synonymous sites compared: 267.5
mean Ka cladocera: 0.439856
mean Ka notostraca: 0.434965
dKa: 0.00489066	standard deviation (sd): 0.0351312	ratio dKa/sd: 0.139212
exact probability (P): 0.889283

