

## treatement of 3 lineages from file OG0006326.phy ##

equally weighted sequences:
> outgro:
ocin	0.5
tcas	0.5
> anostraca:
afra	1
> cladocera:
dmag	0.5
dpul	0.5

mean GC outgro: all positions=0.465 position1=0.561 position2=0.372 position3=0.463 
mean GC anostraca: all positions=0.423 position1=0.588 position2=0.405 position3=0.277 
mean GC cladocera: all positions=0.521 position1=0.618 position2=0.372 position3=0.574 

** impossible to compute Ks. saturation? **

mean number of non synonymous sites compared: 286.7
mean Ka anostraca: 0.173175
mean Ka cladocera: 0.23362
dKa: -0.0604451	standard deviation (sd): 0.0296974	ratio dKa/sd: -2.03537
exact probability (P): 0.0418223

equally weighted sequences:
> outgro:
ocin	0.5
tcas	0.5
> anostraca:
afra	1
> notostraca:
lapu	0.125
lart	0.125
lcou	0.125
lubb	0.125
tcan	0.125
tita	0.125
tlon	0.125
tusa	0.125

mean GC outgro: all positions=0.465 position1=0.561 position2=0.372 position3=0.463 
mean GC anostraca: all positions=0.423 position1=0.588 position2=0.405 position3=0.277 
mean GC notostraca: all positions=0.479 position1=0.593 position2=0.348 position3=0.497 

** impossible to compute Ks. saturation? **

mean number of non synonymous sites compared: 285.4
mean Ka anostraca: 0.173175
mean Ka notostraca: 0.193024
dKa: -0.0198487	standard deviation (sd): 0.0241874	ratio dKa/sd: -0.82062
exact probability (P): 0.411869

equally weighted sequences:
> outgro:
ocin	0.5
tcas	0.5
> cladocera:
dmag	0.5
dpul	0.5
> notostraca:
lapu	0.125
lart	0.125
lcou	0.125
lubb	0.125
tcan	0.125
tita	0.125
tlon	0.125
tusa	0.125

mean GC outgro: all positions=0.465 position1=0.561 position2=0.372 position3=0.463 
mean GC cladocera: all positions=0.521 position1=0.618 position2=0.372 position3=0.574 
mean GC notostraca: all positions=0.479 position1=0.593 position2=0.348 position3=0.497 

** impossible to compute Ks. saturation? **

mean number of non synonymous sites compared: 287.1
mean Ka cladocera: 0.23362
mean Ka notostraca: 0.193024
dKa: 0.0405965	standard deviation (sd): 0.0294861	ratio dKa/sd: 1.3768
exact probability (P): 0.168582

