

## treatement of 3 lineages from file OG0006288.phy ##

equally weighted sequences:
> outgro:
ocin	0.5
tcas	0.5
> anostraca:
afra	1
> cladocera:
dmag	0.333333
dpul	0.333333
etex	0.333333

mean GC outgro: all positions=0.377 position1=0.431 position2=0.292 position3=0.410 
mean GC anostraca: all positions=0.403 position1=0.458 position2=0.292 position3=0.458 
mean GC cladocera: all positions=0.390 position1=0.463 position2=0.287 position3=0.421 

** impossible to compute Ks. saturation? **

mean number of non synonymous sites compared: 138.0
mean Ka anostraca: 0.278844
mean Ka cladocera: 0.230249
dKa: 0.0485958	standard deviation (sd): 0.0398936	ratio dKa/sd: 1.21814
exact probability (P): 0.22318

equally weighted sequences:
> outgro:
ocin	0.5
tcas	0.5
> anostraca:
afra	1
> notostraca:
lapu	0.142857
lcou	0.142857
lubb	0.142857
tcan	0.142857
tita	0.142857
tlon	0.142857
tusa	0.142857

mean GC outgro: all positions=0.377 position1=0.431 position2=0.292 position3=0.410 
mean GC anostraca: all positions=0.403 position1=0.458 position2=0.292 position3=0.458 
mean GC notostraca: all positions=0.408 position1=0.504 position2=0.278 position3=0.442 

** impossible to compute Ks. saturation? **

mean number of non synonymous sites compared: 138.9
mean Ka anostraca: 0.278844
mean Ka notostraca: 0.189243
dKa: 0.0896018	standard deviation (sd): 0.045102	ratio dKa/sd: 1.98665
exact probability (P): 0.0469691

equally weighted sequences:
> outgro:
ocin	0.5
tcas	0.5
> cladocera:
dmag	0.333333
dpul	0.333333
etex	0.333333
> notostraca:
lapu	0.142857
lcou	0.142857
lubb	0.142857
tcan	0.142857
tita	0.142857
tlon	0.142857
tusa	0.142857

mean GC outgro: all positions=0.377 position1=0.431 position2=0.292 position3=0.410 
mean GC cladocera: all positions=0.390 position1=0.463 position2=0.287 position3=0.421 
mean GC notostraca: all positions=0.408 position1=0.504 position2=0.278 position3=0.442 

** impossible to compute Ks. saturation? **

mean number of non synonymous sites compared: 138.5
mean Ka cladocera: 0.230249
mean Ka notostraca: 0.189243
dKa: 0.041006	standard deviation (sd): 0.0319024	ratio dKa/sd: 1.28536
exact probability (P): 0.198675

