

## treatement of 3 lineages from file OG0006117.phy ##

equally weighted sequences:
> outgro:
tcas	1
> anostraca:
afra	1
> cladocera:
dmag	0.333333
dpul	0.333333
etex	0.333333

mean GC outgro: all positions=0.397 position1=0.492 position2=0.285 position3=0.415 
mean GC anostraca: all positions=0.391 position1=0.492 position2=0.377 position3=0.304 
mean GC cladocera: all positions=0.439 position1=0.483 position2=0.388 position3=0.445 

** impossible to compute Ks. saturation? **

mean number of non synonymous sites compared: 514.9
mean Ka anostraca: 0.860224
mean Ka cladocera: 0.62339
dKa: 0.236834	standard deviation (sd): 0.0670132	ratio dKa/sd: 3.53414
exact probability (P): 0.000412172

equally weighted sequences:
> outgro:
tcas	1
> anostraca:
afra	1
> notostraca:
lapu	0.125
lart	0.125
lcou	0.125
lubb	0.125
tcan	0.125
tita	0.125
tlon	0.125
tusa	0.125

mean GC outgro: all positions=0.397 position1=0.492 position2=0.285 position3=0.415 
mean GC anostraca: all positions=0.391 position1=0.492 position2=0.377 position3=0.304 
mean GC notostraca: all positions=0.420 position1=0.508 position2=0.334 position3=0.419 

** impossible to compute Ks. saturation? **

mean number of non synonymous sites compared: 503.4
mean Ka anostraca: 0.860224
mean Ka notostraca: 0.556766
dKa: 0.303458	standard deviation (sd): 0.0666178	ratio dKa/sd: 4.55521
exact probability (P): 6.19501e-06

equally weighted sequences:
> outgro:
tcas	1
> cladocera:
dmag	0.333333
dpul	0.333333
etex	0.333333
> notostraca:
lapu	0.125
lart	0.125
lcou	0.125
lubb	0.125
tcan	0.125
tita	0.125
tlon	0.125
tusa	0.125

mean GC outgro: all positions=0.397 position1=0.492 position2=0.285 position3=0.415 
mean GC cladocera: all positions=0.439 position1=0.483 position2=0.388 position3=0.445 
mean GC notostraca: all positions=0.420 position1=0.508 position2=0.334 position3=0.419 

** impossible to compute Ks. saturation? **

mean number of non synonymous sites compared: 516.8
mean Ka cladocera: 0.62339
mean Ka notostraca: 0.556766
dKa: 0.0666242	standard deviation (sd): 0.0421928	ratio dKa/sd: 1.57904
exact probability (P): 0.114334

