

## treatement of 3 lineages from file OG0005433.phy ##

equally weighted sequences:
> outgro:
ocin	0.5
tcas	0.5
> anostraca:
afra	1
> cladocera:
dmag	0.333333
dpul	0.333333
etex	0.333333

mean GC outgro: all positions=0.472 position1=0.503 position2=0.422 position3=0.491 
mean GC anostraca: all positions=0.441 position1=0.503 position2=0.453 position3=0.368 
mean GC cladocera: all positions=0.519 position1=0.546 position2=0.461 position3=0.551 

** impossible to compute Ks. saturation? **

mean number of non synonymous sites compared: 728.9
mean Ka anostraca: 0.354624
mean Ka cladocera: 0.34281
dKa: 0.0118144	standard deviation (sd): 0.0201994	ratio dKa/sd: 0.584891
exact probability (P): 0.558626

equally weighted sequences:
> outgro:
ocin	0.5
tcas	0.5
> anostraca:
afra	1
> notostraca:
lapu	0.125
lart	0.125
lcou	0.125
lubb	0.125
tcan	0.125
tita	0.125
tlon	0.125
tusa	0.125

mean GC outgro: all positions=0.472 position1=0.503 position2=0.422 position3=0.491 
mean GC anostraca: all positions=0.441 position1=0.503 position2=0.453 position3=0.368 
mean GC notostraca: all positions=0.480 position1=0.515 position2=0.458 position3=0.468 

** impossible to compute Ks. saturation? **

mean number of non synonymous sites compared: 729.6
mean Ka anostraca: 0.354624
mean Ka notostraca: 0.319294
dKa: 0.0353304	standard deviation (sd): 0.0188627	ratio dKa/sd: 1.87303
exact probability (P): 0.0610738

equally weighted sequences:
> outgro:
ocin	0.5
tcas	0.5
> cladocera:
dmag	0.333333
dpul	0.333333
etex	0.333333
> notostraca:
lapu	0.125
lart	0.125
lcou	0.125
lubb	0.125
tcan	0.125
tita	0.125
tlon	0.125
tusa	0.125

mean GC outgro: all positions=0.472 position1=0.503 position2=0.422 position3=0.491 
mean GC cladocera: all positions=0.519 position1=0.546 position2=0.461 position3=0.551 
mean GC notostraca: all positions=0.480 position1=0.515 position2=0.458 position3=0.468 

** impossible to compute Ks. saturation? **

mean number of non synonymous sites compared: 730.7
mean Ka cladocera: 0.34281
mean Ka notostraca: 0.319294
dKa: 0.0235159	standard deviation (sd): 0.0163097	ratio dKa/sd: 1.44184
exact probability (P): 0.149355

