

## treatement of 3 lineages from file OG0006898.phy ##

equally weighted sequences:
> outgro:
ocin	0.5
tcas	0.5
> anostraca:
afra	1
> cladocera:
dpul	1

mean GC outgro: all positions=0.393 position1=0.393 position2=0.385 position3=0.402 
mean GC anostraca: all positions=0.399 position1=0.462 position2=0.402 position3=0.333 
mean GC cladocera: all positions=0.413 position1=0.419 position2=0.385 position3=0.436 

** impossible to compute Ks. saturation? **

mean number of non synonymous sites compared: 229.1
mean Ka anostraca: 0.445173
mean Ka cladocera: 0.52183
dKa: -0.0766572	standard deviation (sd): 0.0605782	ratio dKa/sd: -1.26542
exact probability (P): 0.205727

equally weighted sequences:
> outgro:
ocin	0.5
tcas	0.5
> anostraca:
afra	1
> notostraca:
lapu	0.125
lart	0.125
lcou	0.125
lubb	0.125
tcan	0.125
tita	0.125
tlon	0.125
tusa	0.125

mean GC outgro: all positions=0.393 position1=0.393 position2=0.385 position3=0.402 
mean GC anostraca: all positions=0.399 position1=0.462 position2=0.402 position3=0.333 
mean GC notostraca: all positions=0.466 position1=0.496 position2=0.427 position3=0.474 

** impossible to compute Ks. saturation? **

mean number of non synonymous sites compared: 233.6
mean Ka anostraca: 0.445173
mean Ka notostraca: 0.536161
dKa: -0.0909878	standard deviation (sd): 0.0554792	ratio dKa/sd: -1.64003
exact probability (P): 0.101007

equally weighted sequences:
> outgro:
ocin	0.5
tcas	0.5
> cladocera:
dpul	1
> notostraca:
lapu	0.125
lart	0.125
lcou	0.125
lubb	0.125
tcan	0.125
tita	0.125
tlon	0.125
tusa	0.125

mean GC outgro: all positions=0.393 position1=0.393 position2=0.385 position3=0.402 
mean GC cladocera: all positions=0.413 position1=0.419 position2=0.385 position3=0.436 
mean GC notostraca: all positions=0.466 position1=0.496 position2=0.427 position3=0.474 

** impossible to compute Ks. saturation? **

mean number of non synonymous sites compared: 231.7
mean Ka cladocera: 0.52183
mean Ka notostraca: 0.536161
dKa: -0.0143306	standard deviation (sd): 0.0588785	ratio dKa/sd: -0.243392
exact probability (P): 0.807703

