

## treatement of 3 lineages from file OG0005523.phy ##

equally weighted sequences:
> outgro:
ocin	0.5
tcas	0.5
> anostraca:
afra	1
> cladocera:
dmag	0.333333
dpul	0.333333
etex	0.333333

mean GC outgro: all positions=0.397 position1=0.429 position2=0.330 position3=0.431 
mean GC anostraca: all positions=0.395 position1=0.466 position2=0.368 position3=0.352 
mean GC cladocera: all positions=0.460 position1=0.544 position2=0.416 position3=0.420 

** impossible to compute Ks. saturation? **

mean number of non synonymous sites compared: 473.4
mean Ka anostraca: 0.723892
mean Ka cladocera: 0.674169
dKa: 0.0497234	standard deviation (sd): 0.0471797	ratio dKa/sd: 1.05392
exact probability (P): 0.291928

equally weighted sequences:
> outgro:
ocin	0.5
tcas	0.5
> anostraca:
afra	1
> notostraca:
lapu	0.125
lart	0.125
lcou	0.125
lubb	0.125
tcan	0.125
tita	0.125
tlon	0.125
tusa	0.125

mean GC outgro: all positions=0.397 position1=0.429 position2=0.330 position3=0.431 
mean GC anostraca: all positions=0.395 position1=0.466 position2=0.368 position3=0.352 
mean GC notostraca: all positions=0.499 position1=0.572 position2=0.431 position3=0.494 

** impossible to compute Ks. saturation? **

mean number of non synonymous sites compared: 476.5
mean Ka anostraca: 0.723892
mean Ka notostraca: 0.65488
dKa: 0.0690119	standard deviation (sd): 0.0491675	ratio dKa/sd: 1.40361
exact probability (P): 0.160442

equally weighted sequences:
> outgro:
ocin	0.5
tcas	0.5
> cladocera:
dmag	0.333333
dpul	0.333333
etex	0.333333
> notostraca:
lapu	0.125
lart	0.125
lcou	0.125
lubb	0.125
tcan	0.125
tita	0.125
tlon	0.125
tusa	0.125

mean GC outgro: all positions=0.397 position1=0.429 position2=0.330 position3=0.431 
mean GC cladocera: all positions=0.460 position1=0.544 position2=0.416 position3=0.420 
mean GC notostraca: all positions=0.499 position1=0.572 position2=0.431 position3=0.494 

** impossible to compute Ks. saturation? **

mean number of non synonymous sites compared: 473.7
mean Ka cladocera: 0.674169
mean Ka notostraca: 0.65488
dKa: 0.0192885	standard deviation (sd): 0.0327238	ratio dKa/sd: 0.589433
exact probability (P): 0.555575

