

## treatement of 3 lineages from file OG0006931.phy ##

equally weighted sequences:
> outgro:
ocin	1
> anostraca:
afra	1
> cladocera:
dmag	0.5
dpul	0.5

mean GC outgro: all positions=0.441 position1=0.508 position2=0.398 position3=0.415 
mean GC anostraca: all positions=0.455 position1=0.517 position2=0.466 position3=0.381 
mean GC cladocera: all positions=0.507 position1=0.538 position2=0.453 position3=0.530 

** impossible to compute Ks. saturation? **

mean number of non synonymous sites compared: 225.2
mean Ka anostraca: 0.3284
mean Ka cladocera: 0.306217
dKa: 0.0221833	standard deviation (sd): 0.0325682	ratio dKa/sd: 0.681132
exact probability (P): 0.495792

equally weighted sequences:
> outgro:
ocin	1
> anostraca:
afra	1
> notostraca:
lapu	0.125
lart	0.125
lcou	0.125
lubb	0.125
tcan	0.125
tita	0.125
tlon	0.125
tusa	0.125

mean GC outgro: all positions=0.441 position1=0.508 position2=0.398 position3=0.415 
mean GC anostraca: all positions=0.455 position1=0.517 position2=0.466 position3=0.381 
mean GC notostraca: all positions=0.494 position1=0.497 position2=0.478 position3=0.508 

** impossible to compute Ks. saturation? **

mean number of non synonymous sites compared: 226.7
mean Ka anostraca: 0.3284
mean Ka notostraca: 0.305314
dKa: 0.0230861	standard deviation (sd): 0.0321945	ratio dKa/sd: 0.717083
exact probability (P): 0.473328

equally weighted sequences:
> outgro:
ocin	1
> cladocera:
dmag	0.5
dpul	0.5
> notostraca:
lapu	0.125
lart	0.125
lcou	0.125
lubb	0.125
tcan	0.125
tita	0.125
tlon	0.125
tusa	0.125

mean GC outgro: all positions=0.441 position1=0.508 position2=0.398 position3=0.415 
mean GC cladocera: all positions=0.507 position1=0.538 position2=0.453 position3=0.530 
mean GC notostraca: all positions=0.494 position1=0.497 position2=0.478 position3=0.508 

** impossible to compute Ks. saturation? **

mean number of non synonymous sites compared: 224.1
mean Ka cladocera: 0.306217
mean Ka notostraca: 0.305314
dKa: 0.000902873	standard deviation (sd): 0.021124	ratio dKa/sd: 0.0427416
exact probability (P): 0.965908

