

## treatement of 3 lineages from file OG0005346.phy ##

equally weighted sequences:
> outgro:
ocin	0.5
tcas	0.5
> anostraca:
afra	1
> cladocera:
dmag	0.333333
dpul	0.333333
etex	0.333333

mean GC outgro: all positions=0.423 position1=0.506 position2=0.384 position3=0.378 
mean GC anostraca: all positions=0.388 position1=0.450 position2=0.359 position3=0.355 
mean GC cladocera: all positions=0.442 position1=0.511 position2=0.385 position3=0.429 

** impossible to compute Ks. saturation? **

mean number of non synonymous sites compared: 494.8
mean Ka anostraca: 0.742216
mean Ka cladocera: 0.730214
dKa: 0.012002	standard deviation (sd): 0.0482869	ratio dKa/sd: 0.248556
exact probability (P): 0.803705

equally weighted sequences:
> outgro:
ocin	0.5
tcas	0.5
> anostraca:
afra	1
> notostraca:
lapu	0.125
lart	0.125
lcou	0.125
lubb	0.125
tcan	0.125
tita	0.125
tlon	0.125
tusa	0.125

mean GC outgro: all positions=0.423 position1=0.506 position2=0.384 position3=0.378 
mean GC anostraca: all positions=0.388 position1=0.450 position2=0.359 position3=0.355 
mean GC notostraca: all positions=0.474 position1=0.575 position2=0.378 position3=0.470 

** impossible to compute Ks. saturation? **

mean number of non synonymous sites compared: 495.0
mean Ka anostraca: 0.742216
mean Ka notostraca: 0.692419
dKa: 0.0497973	standard deviation (sd): 0.0531649	ratio dKa/sd: 0.936658
exact probability (P): 0.348941

equally weighted sequences:
> outgro:
ocin	0.5
tcas	0.5
> cladocera:
dmag	0.333333
dpul	0.333333
etex	0.333333
> notostraca:
lapu	0.125
lart	0.125
lcou	0.125
lubb	0.125
tcan	0.125
tita	0.125
tlon	0.125
tusa	0.125

mean GC outgro: all positions=0.423 position1=0.506 position2=0.384 position3=0.378 
mean GC cladocera: all positions=0.442 position1=0.511 position2=0.385 position3=0.429 
mean GC notostraca: all positions=0.474 position1=0.575 position2=0.378 position3=0.470 

** impossible to compute Ks. saturation? **

mean number of non synonymous sites compared: 491.3
mean Ka cladocera: 0.730214
mean Ka notostraca: 0.692419
dKa: 0.0377953	standard deviation (sd): 0.0426571	ratio dKa/sd: 0.886027
exact probability (P): 0.375609

