

## treatement of 3 lineages from file OG0005027.phy ##

equally weighted sequences:
> outgro:
ocin	0.5
tcas	0.5
> anostraca:
afra	1
> cladocera:
dmag	0.333333
dpul	0.333333
etex	0.333333

mean GC outgro: all positions=0.549 position1=0.562 position2=0.389 position3=0.697 
mean GC anostraca: all positions=0.560 position1=0.582 position2=0.411 position3=0.687 
mean GC cladocera: all positions=0.481 position1=0.543 position2=0.402 position3=0.499 

** impossible to compute Ks. saturation? **

mean number of non synonymous sites compared: 588.6
mean Ka anostraca: 0.356437
mean Ka cladocera: 0.165958
dKa: 0.190479	standard deviation (sd): 0.0269642	ratio dKa/sd: 7.06414
exact probability (P): 1e-07

equally weighted sequences:
> outgro:
ocin	0.5
tcas	0.5
> anostraca:
afra	1
> notostraca:
lapu	0.125
lart	0.125
lcou	0.125
lubb	0.125
tcan	0.125
tita	0.125
tlon	0.125
tusa	0.125

mean GC outgro: all positions=0.549 position1=0.562 position2=0.389 position3=0.697 
mean GC anostraca: all positions=0.560 position1=0.582 position2=0.411 position3=0.687 
mean GC notostraca: all positions=0.464 position1=0.543 position2=0.401 position3=0.447 

** impossible to compute Ks. saturation? **

mean number of non synonymous sites compared: 585.6
mean Ka anostraca: 0.356437
mean Ka notostraca: 0.183405
dKa: 0.173032	standard deviation (sd): 0.0271017	ratio dKa/sd: 6.38456
exact probability (P): 1e-07

equally weighted sequences:
> outgro:
ocin	0.5
tcas	0.5
> cladocera:
dmag	0.333333
dpul	0.333333
etex	0.333333
> notostraca:
lapu	0.125
lart	0.125
lcou	0.125
lubb	0.125
tcan	0.125
tita	0.125
tlon	0.125
tusa	0.125

mean GC outgro: all positions=0.549 position1=0.562 position2=0.389 position3=0.697 
mean GC cladocera: all positions=0.481 position1=0.543 position2=0.402 position3=0.499 
mean GC notostraca: all positions=0.464 position1=0.543 position2=0.401 position3=0.447 

** impossible to compute Ks. saturation? **

mean number of non synonymous sites compared: 581.4
mean Ka cladocera: 0.165958
mean Ka notostraca: 0.183405
dKa: -0.0174468	standard deviation (sd): 0.0124183	ratio dKa/sd: -1.40493
exact probability (P): 0.160049

