

## treatement of 3 lineages from file OG0005225.phy ##

equally weighted sequences:
> outgro:
ocin	0.5
tcas	0.5
> anostraca:
afra	1
> cladocera:
dmag	0.333333
dpul	0.333333
etex	0.333333

mean GC outgro: all positions=0.414 position1=0.505 position2=0.349 position3=0.387 
mean GC anostraca: all positions=0.412 position1=0.538 position2=0.323 position3=0.376 
mean GC cladocera: all positions=0.436 position1=0.538 position2=0.391 position3=0.380 

** impossible to compute Ks. saturation? **

mean number of non synonymous sites compared: 181.9
mean Ka anostraca: 0.392049
mean Ka cladocera: 0.415695
dKa: -0.0236457	standard deviation (sd): 0.044226	ratio dKa/sd: -0.534657
exact probability (P): 0.592892

equally weighted sequences:
> outgro:
ocin	0.5
tcas	0.5
> anostraca:
afra	1
> notostraca:
lapu	0.125
lart	0.125
lcou	0.125
lubb	0.125
tcan	0.125
tita	0.125
tlon	0.125
tusa	0.125

mean GC outgro: all positions=0.414 position1=0.505 position2=0.349 position3=0.387 
mean GC anostraca: all positions=0.412 position1=0.538 position2=0.323 position3=0.376 
mean GC notostraca: all positions=0.436 position1=0.520 position2=0.371 position3=0.417 

** impossible to compute Ks. saturation? **

mean number of non synonymous sites compared: 180.7
mean Ka anostraca: 0.392049
mean Ka notostraca: 0.49208
dKa: -0.100031	standard deviation (sd): 0.0538476	ratio dKa/sd: -1.85766
exact probability (P): 0.0632252

equally weighted sequences:
> outgro:
ocin	0.5
tcas	0.5
> cladocera:
dmag	0.333333
dpul	0.333333
etex	0.333333
> notostraca:
lapu	0.125
lart	0.125
lcou	0.125
lubb	0.125
tcan	0.125
tita	0.125
tlon	0.125
tusa	0.125

mean GC outgro: all positions=0.414 position1=0.505 position2=0.349 position3=0.387 
mean GC cladocera: all positions=0.436 position1=0.538 position2=0.391 position3=0.380 
mean GC notostraca: all positions=0.436 position1=0.520 position2=0.371 position3=0.417 

** impossible to compute Ks. saturation? **

mean number of non synonymous sites compared: 180.7
mean Ka cladocera: 0.415695
mean Ka notostraca: 0.49208
dKa: -0.076385	standard deviation (sd): 0.0503649	ratio dKa/sd: -1.51663
exact probability (P): 0.129368

