

## treatement of 3 lineages from file OG0005004.phy ##

equally weighted sequences:
> outgro:
ocin	0.5
tcas	0.5
> anostraca:
afra	1
> cladocera:
dmag	0.333333
dpul	0.333333
etex	0.333333

mean GC outgro: all positions=0.440 position1=0.462 position2=0.366 position3=0.492 
mean GC anostraca: all positions=0.391 position1=0.431 position2=0.368 position3=0.373 
mean GC cladocera: all positions=0.454 position1=0.474 position2=0.352 position3=0.537 

** impossible to compute Ks. saturation? **

mean number of non synonymous sites compared: 743.8
mean Ka anostraca: 0.430902
mean Ka cladocera: 0.255613
dKa: 0.17529	standard deviation (sd): 0.0255404	ratio dKa/sd: 6.86321
exact probability (P): 1e-07

equally weighted sequences:
> outgro:
ocin	0.5
tcas	0.5
> anostraca:
afra	1
> notostraca:
lapu	0.125
lart	0.125
lcou	0.125
lubb	0.125
tcan	0.125
tita	0.125
tlon	0.125
tusa	0.125

mean GC outgro: all positions=0.440 position1=0.462 position2=0.366 position3=0.492 
mean GC anostraca: all positions=0.391 position1=0.431 position2=0.368 position3=0.373 
mean GC notostraca: all positions=0.453 position1=0.497 position2=0.351 position3=0.510 

** impossible to compute Ks. saturation? **

mean number of non synonymous sites compared: 745.8
mean Ka anostraca: 0.430902
mean Ka notostraca: 0.234662
dKa: 0.19624	standard deviation (sd): 0.0264305	ratio dKa/sd: 7.42474
exact probability (P): 1e-07

equally weighted sequences:
> outgro:
ocin	0.5
tcas	0.5
> cladocera:
dmag	0.333333
dpul	0.333333
etex	0.333333
> notostraca:
lapu	0.125
lart	0.125
lcou	0.125
lubb	0.125
tcan	0.125
tita	0.125
tlon	0.125
tusa	0.125

mean GC outgro: all positions=0.440 position1=0.462 position2=0.366 position3=0.492 
mean GC cladocera: all positions=0.454 position1=0.474 position2=0.352 position3=0.537 
mean GC notostraca: all positions=0.453 position1=0.497 position2=0.351 position3=0.510 

** impossible to compute Ks. saturation? **

mean number of non synonymous sites compared: 745.6
mean Ka cladocera: 0.255613
mean Ka notostraca: 0.234662
dKa: 0.0209503	standard deviation (sd): 0.0131524	ratio dKa/sd: 1.59289
exact probability (P): 0.111191

