

## treatement of 3 lineages from file OG0005521.phy ##

equally weighted sequences:
> outgro:
ocin	0.5
tcas	0.5
> anostraca:
afra	1
> cladocera:
dmag	0.333333
dpul	0.333333
etex	0.333333

mean GC outgro: all positions=0.431 position1=0.502 position2=0.366 position3=0.424 
mean GC anostraca: all positions=0.397 position1=0.495 position2=0.383 position3=0.314 
mean GC cladocera: all positions=0.473 position1=0.541 position2=0.383 position3=0.495 

** impossible to compute Ks. saturation? **

mean number of non synonymous sites compared: 580.4
mean Ka anostraca: 0.196783
mean Ka cladocera: 0.16716
dKa: 0.0296237	standard deviation (sd): 0.0159714	ratio dKa/sd: 1.8548
exact probability (P): 0.0636332

equally weighted sequences:
> outgro:
ocin	0.5
tcas	0.5
> anostraca:
afra	1
> notostraca:
lapu	0.125
lart	0.125
lcou	0.125
lubb	0.125
tcan	0.125
tita	0.125
tlon	0.125
tusa	0.125

mean GC outgro: all positions=0.431 position1=0.502 position2=0.366 position3=0.424 
mean GC anostraca: all positions=0.397 position1=0.495 position2=0.383 position3=0.314 
mean GC notostraca: all positions=0.458 position1=0.532 position2=0.383 position3=0.458 

** impossible to compute Ks. saturation? **

mean number of non synonymous sites compared: 582.5
mean Ka anostraca: 0.196783
mean Ka notostraca: 0.160916
dKa: 0.0358677	standard deviation (sd): 0.01581	ratio dKa/sd: 2.26867
exact probability (P): 0.0232967

equally weighted sequences:
> outgro:
ocin	0.5
tcas	0.5
> cladocera:
dmag	0.333333
dpul	0.333333
etex	0.333333
> notostraca:
lapu	0.125
lart	0.125
lcou	0.125
lubb	0.125
tcan	0.125
tita	0.125
tlon	0.125
tusa	0.125

mean GC outgro: all positions=0.431 position1=0.502 position2=0.366 position3=0.424 
mean GC cladocera: all positions=0.473 position1=0.541 position2=0.383 position3=0.495 
mean GC notostraca: all positions=0.458 position1=0.532 position2=0.383 position3=0.458 

** impossible to compute Ks. saturation? **

mean number of non synonymous sites compared: 581.1
mean Ka cladocera: 0.16716
mean Ka notostraca: 0.160916
dKa: 0.00624406	standard deviation (sd): 0.0109356	ratio dKa/sd: 0.570983
exact probability (P): 0.568016

