

## treatement of 3 lineages from file OG0005670.phy ##

equally weighted sequences:
> outgro:
ocin	0.5
tcas	0.5
> anostraca:
afra	1
> cladocera:
dmag	0.333333
dpul	0.333333
etex	0.333333

mean GC outgro: all positions=0.422 position1=0.468 position2=0.338 position3=0.460 
mean GC anostraca: all positions=0.405 position1=0.476 position2=0.368 position3=0.371 
mean GC cladocera: all positions=0.421 position1=0.513 position2=0.366 position3=0.384 

** impossible to compute Ks. saturation? **

mean number of non synonymous sites compared: 604.8
mean Ka anostraca: 0.740136
mean Ka cladocera: 0.633749
dKa: 0.106387	standard deviation (sd): 0.0397681	ratio dKa/sd: 2.67519
exact probability (P): 0.00747506

equally weighted sequences:
> outgro:
ocin	0.5
tcas	0.5
> anostraca:
afra	1
> notostraca:
lapu	0.125
lart	0.125
lcou	0.125
lubb	0.125
tcan	0.125
tita	0.125
tlon	0.125
tusa	0.125

mean GC outgro: all positions=0.422 position1=0.468 position2=0.338 position3=0.460 
mean GC anostraca: all positions=0.405 position1=0.476 position2=0.368 position3=0.371 
mean GC notostraca: all positions=0.469 position1=0.524 position2=0.396 position3=0.486 

** impossible to compute Ks. saturation? **

mean number of non synonymous sites compared: 608.9
mean Ka anostraca: 0.740136
mean Ka notostraca: 0.590239
dKa: 0.149896	standard deviation (sd): 0.0414148	ratio dKa/sd: 3.61939
exact probability (P): 0.000297169

equally weighted sequences:
> outgro:
ocin	0.5
tcas	0.5
> cladocera:
dmag	0.333333
dpul	0.333333
etex	0.333333
> notostraca:
lapu	0.125
lart	0.125
lcou	0.125
lubb	0.125
tcan	0.125
tita	0.125
tlon	0.125
tusa	0.125

mean GC outgro: all positions=0.422 position1=0.468 position2=0.338 position3=0.460 
mean GC cladocera: all positions=0.421 position1=0.513 position2=0.366 position3=0.384 
mean GC notostraca: all positions=0.469 position1=0.524 position2=0.396 position3=0.486 

** impossible to compute Ks. saturation? **

mean number of non synonymous sites compared: 610.3
mean Ka cladocera: 0.633749
mean Ka notostraca: 0.590239
dKa: 0.0435091	standard deviation (sd): 0.028179	ratio dKa/sd: 1.54403
exact probability (P): 0.122589

