

## treatement of 3 lineages from file OG0008050.phy ##

equally weighted sequences:
> outgro:
ocin	0.5
tcas	0.5
> anostraca:
afra	1
> cladocera:
dmag	0.333333
dpul	0.333333
etex	0.333333

mean GC outgro: all positions=0.402 position1=0.464 position2=0.286 position3=0.457 
mean GC anostraca: all positions=0.381 position1=0.500 position2=0.229 position3=0.414 
mean GC cladocera: all positions=0.395 position1=0.500 position2=0.281 position3=0.405 

** impossible to compute Ks. saturation? **

mean number of non synonymous sites compared: 143.2
mean Ka anostraca: 0.472798
mean Ka cladocera: 0.549153
dKa: -0.0763552	standard deviation (sd): 0.0644674	ratio dKa/sd: -1.1844
exact probability (P): 0.236263

equally weighted sequences:
> outgro:
ocin	0.5
tcas	0.5
> anostraca:
afra	1
> notostraca:
lubb	0.25
tcan	0.25
tita	0.25
tusa	0.25

mean GC outgro: all positions=0.402 position1=0.464 position2=0.286 position3=0.457 
mean GC anostraca: all positions=0.381 position1=0.500 position2=0.229 position3=0.414 
mean GC notostraca: all positions=0.395 position1=0.507 position2=0.289 position3=0.389 

** impossible to compute Ks. saturation? **

mean number of non synonymous sites compared: 140.7
mean Ka anostraca: 0.472798
mean Ka notostraca: 0.588865
dKa: -0.116067	standard deviation (sd): 0.0845738	ratio dKa/sd: -1.37237
exact probability (P): 0.169957

equally weighted sequences:
> outgro:
ocin	0.5
tcas	0.5
> cladocera:
dmag	0.333333
dpul	0.333333
etex	0.333333
> notostraca:
lubb	0.25
tcan	0.25
tita	0.25
tusa	0.25

mean GC outgro: all positions=0.402 position1=0.464 position2=0.286 position3=0.457 
mean GC cladocera: all positions=0.395 position1=0.500 position2=0.281 position3=0.405 
mean GC notostraca: all positions=0.395 position1=0.507 position2=0.289 position3=0.389 

** impossible to compute Ks. saturation? **

mean number of non synonymous sites compared: 142.4
mean Ka cladocera: 0.549153
mean Ka notostraca: 0.588865
dKa: -0.0397115	standard deviation (sd): 0.0678154	ratio dKa/sd: -0.585581
exact probability (P): 0.558161

