

## treatement of 3 lineages from file OG0008861.phy ##

equally weighted sequences:
> outgro:
tcas	1
> anostraca:
afra	1
> cladocera:
etex	1

mean GC outgro: all positions=0.587 position1=0.533 position2=0.543 position3=0.685 
mean GC anostraca: all positions=0.460 position1=0.467 position2=0.554 position3=0.359 
mean GC cladocera: all positions=0.533 position1=0.533 position2=0.511 position3=0.554 

** impossible to compute Ks. saturation? **

mean number of non synonymous sites compared: 191.1
mean Ka anostraca: 0.462042
mean Ka cladocera: 0.457452
dKa: 0.00458997	standard deviation (sd): 0.068396	ratio dKa/sd: 0.0671087
exact probability (P): 0.946496

equally weighted sequences:
> outgro:
tcas	1
> anostraca:
afra	1
> notostraca:
lapu	0.2
lart	0.2
lcou	0.2
lubb	0.2
tlon	0.2

mean GC outgro: all positions=0.587 position1=0.533 position2=0.543 position3=0.685 
mean GC anostraca: all positions=0.460 position1=0.467 position2=0.554 position3=0.359 
mean GC notostraca: all positions=0.495 position1=0.446 position2=0.504 position3=0.535 

** impossible to compute Ks. saturation? **

mean number of non synonymous sites compared: 184.2
mean Ka anostraca: 0.462042
mean Ka notostraca: 0.360365
dKa: 0.101678	standard deviation (sd): 0.0567533	ratio dKa/sd: 1.79157
exact probability (P): 0.0732094

equally weighted sequences:
> outgro:
tcas	1
> cladocera:
etex	1
> notostraca:
lapu	0.2
lart	0.2
lcou	0.2
lubb	0.2
tlon	0.2

mean GC outgro: all positions=0.587 position1=0.533 position2=0.543 position3=0.685 
mean GC cladocera: all positions=0.533 position1=0.533 position2=0.511 position3=0.554 
mean GC notostraca: all positions=0.495 position1=0.446 position2=0.504 position3=0.535 

** impossible to compute Ks. saturation? **

mean number of non synonymous sites compared: 192.6
mean Ka cladocera: 0.457452
mean Ka notostraca: 0.360365
dKa: 0.0970876	standard deviation (sd): 0.055884	ratio dKa/sd: 1.73731
exact probability (P): 0.0823411

