

## treatement of 3 lineages from file OG0006144.phy ##

equally weighted sequences:
> outgro:
ocin	0.5
tcas	0.5
> anostraca:
afra	1
> cladocera:
dmag	0.333333
dpul	0.333333
etex	0.333333

mean GC outgro: all positions=0.436 position1=0.543 position2=0.389 position3=0.375 
mean GC anostraca: all positions=0.419 position1=0.531 position2=0.361 position3=0.365 
mean GC cladocera: all positions=0.523 position1=0.591 position2=0.383 position3=0.594 

** impossible to compute Ks. saturation? **

mean number of non synonymous sites compared: 561.0
mean Ka anostraca: 0.471295
mean Ka cladocera: 0.373485
dKa: 0.0978103	standard deviation (sd): 0.0286708	ratio dKa/sd: 3.41149
exact probability (P): 0.000650117

equally weighted sequences:
> outgro:
ocin	0.5
tcas	0.5
> anostraca:
afra	1
> notostraca:
lapu	0.142857
lart	0.142857
lcou	0.142857
tcan	0.142857
tita	0.142857
tlon	0.142857
tusa	0.142857

mean GC outgro: all positions=0.436 position1=0.543 position2=0.389 position3=0.375 
mean GC anostraca: all positions=0.419 position1=0.531 position2=0.361 position3=0.365 
mean GC notostraca: all positions=0.503 position1=0.580 position2=0.422 position3=0.509 

** impossible to compute Ks. saturation? **

mean number of non synonymous sites compared: 559.1
mean Ka anostraca: 0.471295
mean Ka notostraca: 0.389926
dKa: 0.0813686	standard deviation (sd): 0.0319294	ratio dKa/sd: 2.54839
exact probability (P): 0.0108289

equally weighted sequences:
> outgro:
ocin	0.5
tcas	0.5
> cladocera:
dmag	0.333333
dpul	0.333333
etex	0.333333
> notostraca:
lapu	0.142857
lart	0.142857
lcou	0.142857
tcan	0.142857
tita	0.142857
tlon	0.142857
tusa	0.142857

mean GC outgro: all positions=0.436 position1=0.543 position2=0.389 position3=0.375 
mean GC cladocera: all positions=0.523 position1=0.591 position2=0.383 position3=0.594 
mean GC notostraca: all positions=0.503 position1=0.580 position2=0.422 position3=0.509 

** impossible to compute Ks. saturation? **

mean number of non synonymous sites compared: 550.5
mean Ka cladocera: 0.373485
mean Ka notostraca: 0.389926
dKa: -0.0164417	standard deviation (sd): 0.0217715	ratio dKa/sd: -0.755195
exact probability (P): 0.450138

