

## treatement of 3 lineages from file OG0007438.phy ##

equally weighted sequences:
> outgro:
tcas	1
> anostraca:
afra	1
> cladocera:
dmag	0.5
etex	0.5

mean GC outgro: all positions=0.482 position1=0.460 position2=0.337 position3=0.649 
mean GC anostraca: all positions=0.378 position1=0.426 position2=0.376 position3=0.332 
mean GC cladocera: all positions=0.392 position1=0.431 position2=0.337 position3=0.408 

** impossible to compute Ks. saturation? **

mean number of non synonymous sites compared: 392.0
mean Ka anostraca: 0.857607
mean Ka cladocera: 0.69316
dKa: 0.164446	standard deviation (sd): 0.0723319	ratio dKa/sd: 2.2735
exact probability (P): 0.0230033

equally weighted sequences:
> outgro:
tcas	1
> anostraca:
afra	1
> notostraca:
lapu	0.142857
lart	0.142857
lcou	0.142857
lubb	0.142857
tcan	0.142857
tlon	0.142857
tusa	0.142857

mean GC outgro: all positions=0.482 position1=0.460 position2=0.337 position3=0.649 
mean GC anostraca: all positions=0.378 position1=0.426 position2=0.376 position3=0.332 
mean GC notostraca: all positions=0.413 position1=0.467 position2=0.349 position3=0.423 

** impossible to compute Ks. saturation? **

mean number of non synonymous sites compared: 386.5
mean Ka anostraca: 0.857607
mean Ka notostraca: 0.7108
dKa: 0.146806	standard deviation (sd): 0.0744382	ratio dKa/sd: 1.97219
exact probability (P): 0.0485961

equally weighted sequences:
> outgro:
tcas	1
> cladocera:
dmag	0.5
etex	0.5
> notostraca:
lapu	0.142857
lart	0.142857
lcou	0.142857
lubb	0.142857
tcan	0.142857
tlon	0.142857
tusa	0.142857

mean GC outgro: all positions=0.482 position1=0.460 position2=0.337 position3=0.649 
mean GC cladocera: all positions=0.392 position1=0.431 position2=0.337 position3=0.408 
mean GC notostraca: all positions=0.413 position1=0.467 position2=0.349 position3=0.423 

** impossible to compute Ks. saturation? **

mean number of non synonymous sites compared: 390.9
mean Ka cladocera: 0.69316
mean Ka notostraca: 0.7108
dKa: -0.01764	standard deviation (sd): 0.0520629	ratio dKa/sd: -0.338821
exact probability (P): 0.734746

