

## treatement of 3 lineages from file OG0006823.phy ##

equally weighted sequences:
> outgro:
ocin	0.5
tcas	0.5
> anostraca:
afra	1
> cladocera:
dmag	0.333333
dpul	0.333333
etex	0.333333

mean GC outgro: all positions=0.517 position1=0.613 position2=0.379 position3=0.557 
mean GC anostraca: all positions=0.423 position1=0.596 position2=0.383 position3=0.291 
mean GC cladocera: all positions=0.508 position1=0.671 position2=0.378 position3=0.475 

** impossible to compute Ks. saturation? **

mean number of non synonymous sites compared: 263.6
mean Ka anostraca: 0.0969482
mean Ka cladocera: 0.0940555
dKa: 0.0028927	standard deviation (sd): 0.016237	ratio dKa/sd: 0.178155
exact probability (P): 0.858603

equally weighted sequences:
> outgro:
ocin	0.5
tcas	0.5
> anostraca:
afra	1
> notostraca:
lapu	0.166667
lart	0.166667
lcou	0.166667
lubb	0.166667
tcan	0.166667
tusa	0.166667

mean GC outgro: all positions=0.517 position1=0.613 position2=0.379 position3=0.557 
mean GC anostraca: all positions=0.423 position1=0.596 position2=0.383 position3=0.291 
mean GC notostraca: all positions=0.476 position1=0.624 position2=0.413 position3=0.392 

** impossible to compute Ks. saturation? **

mean number of non synonymous sites compared: 264.0
mean Ka anostraca: 0.0969482
mean Ka notostraca: 0.109167
dKa: -0.0122189	standard deviation (sd): 0.0181465	ratio dKa/sd: -0.673345
exact probability (P): 0.500733

equally weighted sequences:
> outgro:
ocin	0.5
tcas	0.5
> cladocera:
dmag	0.333333
dpul	0.333333
etex	0.333333
> notostraca:
lapu	0.166667
lart	0.166667
lcou	0.166667
lubb	0.166667
tcan	0.166667
tusa	0.166667

mean GC outgro: all positions=0.517 position1=0.613 position2=0.379 position3=0.557 
mean GC cladocera: all positions=0.508 position1=0.671 position2=0.378 position3=0.475 
mean GC notostraca: all positions=0.476 position1=0.624 position2=0.413 position3=0.392 

** impossible to compute Ks. saturation? **

mean number of non synonymous sites compared: 264.8
mean Ka cladocera: 0.0940555
mean Ka notostraca: 0.109167
dKa: -0.0151116	standard deviation (sd): 0.0151644	ratio dKa/sd: -0.996515
exact probability (P): 0.319007

