

## treatement of 3 lineages from file OG0008480.phy ##

equally weighted sequences:
> outgro:
tcas	1
> anostraca:
afra	1
> cladocera:
dmag	0.5
dpul	0.5

mean GC outgro: all positions=0.511 position1=0.569 position2=0.362 position3=0.603 
mean GC anostraca: all positions=0.402 position1=0.526 position2=0.345 position3=0.336 
mean GC cladocera: all positions=0.415 position1=0.513 position2=0.384 position3=0.349 

** impossible to compute Ks. saturation? **

mean number of non synonymous sites compared: 225.1
mean Ka anostraca: 0.392852
mean Ka cladocera: 0.370495
dKa: 0.0223567	standard deviation (sd): 0.050712	ratio dKa/sd: 0.440856
exact probability (P): 0.65932

equally weighted sequences:
> outgro:
tcas	1
> anostraca:
afra	1
> notostraca:
lapu	0.2
lubb	0.2
tcan	0.2
tlon	0.2
tusa	0.2

mean GC outgro: all positions=0.511 position1=0.569 position2=0.362 position3=0.603 
mean GC anostraca: all positions=0.402 position1=0.526 position2=0.345 position3=0.336 
mean GC notostraca: all positions=0.439 position1=0.559 position2=0.329 position3=0.429 

** impossible to compute Ks. saturation? **

mean number of non synonymous sites compared: 223.4
mean Ka anostraca: 0.392852
mean Ka notostraca: 0.336959
dKa: 0.0558931	standard deviation (sd): 0.0513052	ratio dKa/sd: 1.08942
exact probability (P): 0.275973

equally weighted sequences:
> outgro:
tcas	1
> cladocera:
dmag	0.5
dpul	0.5
> notostraca:
lapu	0.2
lubb	0.2
tcan	0.2
tlon	0.2
tusa	0.2

mean GC outgro: all positions=0.511 position1=0.569 position2=0.362 position3=0.603 
mean GC cladocera: all positions=0.415 position1=0.513 position2=0.384 position3=0.349 
mean GC notostraca: all positions=0.439 position1=0.559 position2=0.329 position3=0.429 

** impossible to compute Ks. saturation? **

mean number of non synonymous sites compared: 227.2
mean Ka cladocera: 0.370495
mean Ka notostraca: 0.336959
dKa: 0.0335364	standard deviation (sd): 0.0393609	ratio dKa/sd: 0.852023
exact probability (P): 0.394207

