

## treatement of 3 lineages from file OG0005217.phy ##

equally weighted sequences:
> outgro:
ocin	0.5
tcas	0.5
> anostraca:
afra	1
> cladocera:
dmag	0.333333
dpul	0.333333
etex	0.333333

mean GC outgro: all positions=0.527 position1=0.615 position2=0.387 position3=0.579 
mean GC anostraca: all positions=0.473 position1=0.615 position2=0.439 position3=0.364 
mean GC cladocera: all positions=0.577 position1=0.643 position2=0.406 position3=0.682 

** impossible to compute Ks. saturation? **

mean number of non synonymous sites compared: 444.8
mean Ka anostraca: 0.340721
mean Ka cladocera: 0.282252
dKa: 0.0584684	standard deviation (sd): 0.0283429	ratio dKa/sd: 2.06289
exact probability (P): 0.0391306

equally weighted sequences:
> outgro:
ocin	0.5
tcas	0.5
> anostraca:
afra	1
> notostraca:
lapu	0.125
lart	0.125
lcou	0.125
lubb	0.125
tcan	0.125
tita	0.125
tlon	0.125
tusa	0.125

mean GC outgro: all positions=0.527 position1=0.615 position2=0.387 position3=0.579 
mean GC anostraca: all positions=0.473 position1=0.615 position2=0.439 position3=0.364 
mean GC notostraca: all positions=0.508 position1=0.629 position2=0.408 position3=0.486 

** impossible to compute Ks. saturation? **

mean number of non synonymous sites compared: 446.6
mean Ka anostraca: 0.340721
mean Ka notostraca: 0.264335
dKa: 0.0763857	standard deviation (sd): 0.0285212	ratio dKa/sd: 2.67821
exact probability (P): 0.0074079

equally weighted sequences:
> outgro:
ocin	0.5
tcas	0.5
> cladocera:
dmag	0.333333
dpul	0.333333
etex	0.333333
> notostraca:
lapu	0.125
lart	0.125
lcou	0.125
lubb	0.125
tcan	0.125
tita	0.125
tlon	0.125
tusa	0.125

mean GC outgro: all positions=0.527 position1=0.615 position2=0.387 position3=0.579 
mean GC cladocera: all positions=0.577 position1=0.643 position2=0.406 position3=0.682 
mean GC notostraca: all positions=0.508 position1=0.629 position2=0.408 position3=0.486 

** impossible to compute Ks. saturation? **

mean number of non synonymous sites compared: 442.7
mean Ka cladocera: 0.282252
mean Ka notostraca: 0.264335
dKa: 0.0179173	standard deviation (sd): 0.0210135	ratio dKa/sd: 0.852656
exact probability (P): 0.393856

