

## treatement of 3 lineages from file OG0006026.phy ##

equally weighted sequences:
> outgro:
tcas	1
> anostraca:
afra	1
> cladocera:
dmag	0.333333
dpul	0.333333
etex	0.333333

mean GC outgro: all positions=0.486 position1=0.549 position2=0.324 position3=0.585 
mean GC anostraca: all positions=0.408 position1=0.542 position2=0.352 position3=0.331 
mean GC cladocera: all positions=0.432 position1=0.540 position2=0.362 position3=0.394 

** impossible to compute Ks. saturation? **

mean number of non synonymous sites compared: 288.4
mean Ka anostraca: 0.241564
mean Ka cladocera: 0.218332
dKa: 0.0232321	standard deviation (sd): 0.0264995	ratio dKa/sd: 0.876699
exact probability (P): 0.380656

equally weighted sequences:
> outgro:
tcas	1
> anostraca:
afra	1
> notostraca:
lapu	0.125
lart	0.125
lcou	0.125
lubb	0.125
tcan	0.125
tita	0.125
tlon	0.125
tusa	0.125

mean GC outgro: all positions=0.486 position1=0.549 position2=0.324 position3=0.585 
mean GC anostraca: all positions=0.408 position1=0.542 position2=0.352 position3=0.331 
mean GC notostraca: all positions=0.435 position1=0.525 position2=0.330 position3=0.449 

** impossible to compute Ks. saturation? **

mean number of non synonymous sites compared: 286.6
mean Ka anostraca: 0.241564
mean Ka notostraca: 0.176437
dKa: 0.0651279	standard deviation (sd): 0.0287983	ratio dKa/sd: 2.26152
exact probability (P): 0.0237351

equally weighted sequences:
> outgro:
tcas	1
> cladocera:
dmag	0.333333
dpul	0.333333
etex	0.333333
> notostraca:
lapu	0.125
lart	0.125
lcou	0.125
lubb	0.125
tcan	0.125
tita	0.125
tlon	0.125
tusa	0.125

mean GC outgro: all positions=0.486 position1=0.549 position2=0.324 position3=0.585 
mean GC cladocera: all positions=0.432 position1=0.540 position2=0.362 position3=0.394 
mean GC notostraca: all positions=0.435 position1=0.525 position2=0.330 position3=0.449 

** impossible to compute Ks. saturation? **

mean number of non synonymous sites compared: 284.9
mean Ka cladocera: 0.218332
mean Ka notostraca: 0.176437
dKa: 0.0418958	standard deviation (sd): 0.0238461	ratio dKa/sd: 1.75693
exact probability (P): 0.0789392

