

## treatement of 3 lineages from file OG0005229.phy ##

equally weighted sequences:
> outgro:
ocin	0.5
tcas	0.5
> anostraca:
afra	1
> cladocera:
dmag	0.333333
dpul	0.333333
etex	0.333333

mean GC outgro: all positions=0.412 position1=0.484 position2=0.360 position3=0.392 
mean GC anostraca: all positions=0.392 position1=0.501 position2=0.324 position3=0.351 
mean GC cladocera: all positions=0.445 position1=0.530 position2=0.363 position3=0.443 

** impossible to compute Ks. saturation? **

mean number of non synonymous sites compared: 948.7
mean Ka anostraca: 0.609884
mean Ka cladocera: 0.587995
dKa: 0.0218888	standard deviation (sd): 0.029059	ratio dKa/sd: 0.753252
exact probability (P): 0.451304

equally weighted sequences:
> outgro:
ocin	0.5
tcas	0.5
> anostraca:
afra	1
> notostraca:
lapu	0.125
lart	0.125
lcou	0.125
lubb	0.125
tcan	0.125
tita	0.125
tlon	0.125
tusa	0.125

mean GC outgro: all positions=0.412 position1=0.484 position2=0.360 position3=0.392 
mean GC anostraca: all positions=0.392 position1=0.501 position2=0.324 position3=0.351 
mean GC notostraca: all positions=0.486 position1=0.531 position2=0.381 position3=0.548 

** impossible to compute Ks. saturation? **

mean number of non synonymous sites compared: 945.8
mean Ka anostraca: 0.609884
mean Ka notostraca: 0.563086
dKa: 0.0467977	standard deviation (sd): 0.0283882	ratio dKa/sd: 1.64849
exact probability (P): 0.09926

equally weighted sequences:
> outgro:
ocin	0.5
tcas	0.5
> cladocera:
dmag	0.333333
dpul	0.333333
etex	0.333333
> notostraca:
lapu	0.125
lart	0.125
lcou	0.125
lubb	0.125
tcan	0.125
tita	0.125
tlon	0.125
tusa	0.125

mean GC outgro: all positions=0.412 position1=0.484 position2=0.360 position3=0.392 
mean GC cladocera: all positions=0.445 position1=0.530 position2=0.363 position3=0.443 
mean GC notostraca: all positions=0.486 position1=0.531 position2=0.381 position3=0.548 

** impossible to compute Ks. saturation? **

mean number of non synonymous sites compared: 928.5
mean Ka cladocera: 0.587995
mean Ka notostraca: 0.563086
dKa: 0.0249089	standard deviation (sd): 0.0236914	ratio dKa/sd: 1.05139
exact probability (P): 0.293084

