

## treatement of 3 lineages from file OG0005341.phy ##

equally weighted sequences:
> outgro:
ocin	0.5
tcas	0.5
> anostraca:
afra	1
> cladocera:
dmag	0.333333
dpul	0.333333
etex	0.333333

mean GC outgro: all positions=0.454 position1=0.561 position2=0.378 position3=0.422 
mean GC anostraca: all positions=0.425 position1=0.560 position2=0.372 position3=0.344 
mean GC cladocera: all positions=0.438 position1=0.562 position2=0.358 position3=0.395 

** impossible to compute Ks. saturation? **

mean number of non synonymous sites compared: 836.6
mean Ka anostraca: 0.287836
mean Ka cladocera: 0.272314
dKa: 0.0155213	standard deviation (sd): 0.017599	ratio dKa/sd: 0.881945
exact probability (P): 0.377813

equally weighted sequences:
> outgro:
ocin	0.5
tcas	0.5
> anostraca:
afra	1
> notostraca:
lapu	0.125
lart	0.125
lcou	0.125
lubb	0.125
tcan	0.125
tita	0.125
tlon	0.125
tusa	0.125

mean GC outgro: all positions=0.454 position1=0.561 position2=0.378 position3=0.422 
mean GC anostraca: all positions=0.425 position1=0.560 position2=0.372 position3=0.344 
mean GC notostraca: all positions=0.489 position1=0.557 position2=0.393 position3=0.518 

** impossible to compute Ks. saturation? **

mean number of non synonymous sites compared: 836.0
mean Ka anostraca: 0.287836
mean Ka notostraca: 0.263661
dKa: 0.0241747	standard deviation (sd): 0.01774	ratio dKa/sd: 1.36272
exact probability (P): 0.172979

equally weighted sequences:
> outgro:
ocin	0.5
tcas	0.5
> cladocera:
dmag	0.333333
dpul	0.333333
etex	0.333333
> notostraca:
lapu	0.125
lart	0.125
lcou	0.125
lubb	0.125
tcan	0.125
tita	0.125
tlon	0.125
tusa	0.125

mean GC outgro: all positions=0.454 position1=0.561 position2=0.378 position3=0.422 
mean GC cladocera: all positions=0.438 position1=0.562 position2=0.358 position3=0.395 
mean GC notostraca: all positions=0.489 position1=0.557 position2=0.393 position3=0.518 

** impossible to compute Ks. saturation? **

mean number of non synonymous sites compared: 830.2
mean Ka cladocera: 0.272314
mean Ka notostraca: 0.263661
dKa: 0.00865341	standard deviation (sd): 0.0153099	ratio dKa/sd: 0.565217
exact probability (P): 0.57193

