

## treatement of 3 lineages from file OG0007013.phy ##

equally weighted sequences:
> outgro:
ocin	0.5
tcas	0.5
> anostraca:
afra	1
> cladocera:
dmag	0.333333
dpul	0.333333
etex	0.333333

mean GC outgro: all positions=0.473 position1=0.555 position2=0.545 position3=0.318 
mean GC anostraca: all positions=0.461 position1=0.473 position2=0.545 position3=0.364 
mean GC cladocera: all positions=0.539 position1=0.545 position2=0.545 position3=0.527 

** impossible to compute Ks. saturation? **

mean number of non synonymous sites compared: 110.9
mean Ka anostraca: 0.514456
mean Ka cladocera: 0.455631
dKa: 0.0588253	standard deviation (sd): 0.0697736	ratio dKa/sd: 0.843088
exact probability (P): 0.399186

equally weighted sequences:
> outgro:
ocin	0.5
tcas	0.5
> anostraca:
afra	1
> notostraca:
lapu	0.166667
lart	0.166667
lubb	0.166667
tita	0.166667
tlon	0.166667
tusa	0.166667

mean GC outgro: all positions=0.473 position1=0.555 position2=0.545 position3=0.318 
mean GC anostraca: all positions=0.461 position1=0.473 position2=0.545 position3=0.364 
mean GC notostraca: all positions=0.470 position1=0.521 position2=0.500 position3=0.388 

** impossible to compute Ks. saturation? **

mean number of non synonymous sites compared: 109.8
mean Ka anostraca: 0.514456
mean Ka notostraca: 0.377839
dKa: 0.136618	standard deviation (sd): 0.0708279	ratio dKa/sd: 1.92887
exact probability (P): 0.0537556

equally weighted sequences:
> outgro:
ocin	0.5
tcas	0.5
> cladocera:
dmag	0.333333
dpul	0.333333
etex	0.333333
> notostraca:
lapu	0.166667
lart	0.166667
lubb	0.166667
tita	0.166667
tlon	0.166667
tusa	0.166667

mean GC outgro: all positions=0.473 position1=0.555 position2=0.545 position3=0.318 
mean GC cladocera: all positions=0.539 position1=0.545 position2=0.545 position3=0.527 
mean GC notostraca: all positions=0.470 position1=0.521 position2=0.500 position3=0.388 

** impossible to compute Ks. saturation? **

mean number of non synonymous sites compared: 109.7
mean Ka cladocera: 0.455631
mean Ka notostraca: 0.377839
dKa: 0.0777923	standard deviation (sd): 0.052049	ratio dKa/sd: 1.4946
exact probability (P): 0.135028

