

## treatement of 3 lineages from file OG0005032.phy ##

equally weighted sequences:
> outgro:
ocin	0.5
tcas	0.5
> anostraca:
afra	1
> cladocera:
dmag	0.333333
dpul	0.333333
etex	0.333333

mean GC outgro: all positions=0.462 position1=0.548 position2=0.381 position3=0.456 
mean GC anostraca: all positions=0.376 position1=0.500 position2=0.333 position3=0.294 
mean GC cladocera: all positions=0.438 position1=0.540 position2=0.376 position3=0.399 

** impossible to compute Ks. saturation? **

mean number of non synonymous sites compared: 245.7
mean Ka anostraca: 0.448666
mean Ka cladocera: 0.380632
dKa: 0.0680333	standard deviation (sd): 0.0446797	ratio dKa/sd: 1.52269
exact probability (P): 0.127845

equally weighted sequences:
> outgro:
ocin	0.5
tcas	0.5
> anostraca:
afra	1
> notostraca:
lapu	0.125
lart	0.125
lcou	0.125
lubb	0.125
tcan	0.125
tita	0.125
tlon	0.125
tusa	0.125

mean GC outgro: all positions=0.462 position1=0.548 position2=0.381 position3=0.456 
mean GC anostraca: all positions=0.376 position1=0.500 position2=0.333 position3=0.294 
mean GC notostraca: all positions=0.430 position1=0.468 position2=0.365 position3=0.455 

** impossible to compute Ks. saturation? **

mean number of non synonymous sites compared: 247.6
mean Ka anostraca: 0.448666
mean Ka notostraca: 0.438261
dKa: 0.0104042	standard deviation (sd): 0.0463592	ratio dKa/sd: 0.224425
exact probability (P): 0.822428

equally weighted sequences:
> outgro:
ocin	0.5
tcas	0.5
> cladocera:
dmag	0.333333
dpul	0.333333
etex	0.333333
> notostraca:
lapu	0.125
lart	0.125
lcou	0.125
lubb	0.125
tcan	0.125
tita	0.125
tlon	0.125
tusa	0.125

mean GC outgro: all positions=0.462 position1=0.548 position2=0.381 position3=0.456 
mean GC cladocera: all positions=0.438 position1=0.540 position2=0.376 position3=0.399 
mean GC notostraca: all positions=0.430 position1=0.468 position2=0.365 position3=0.455 

** impossible to compute Ks. saturation? **

mean number of non synonymous sites compared: 248.9
mean Ka cladocera: 0.380632
mean Ka notostraca: 0.438261
dKa: -0.0576291	standard deviation (sd): 0.0353391	ratio dKa/sd: -1.63075
exact probability (P): 0.102953

