

## treatement of 3 lineages from file OG0005026.phy ##

equally weighted sequences:
> outgro:
ocin	0.5
tcas	0.5
> anostraca:
afra	1
> cladocera:
dmag	0.333333
dpul	0.333333
etex	0.333333

mean GC outgro: all positions=0.485 position1=0.582 position2=0.361 position3=0.513 
mean GC anostraca: all positions=0.418 position1=0.646 position2=0.329 position3=0.278 
mean GC cladocera: all positions=0.453 position1=0.624 position2=0.346 position3=0.388 

** impossible to compute Ks. saturation? **

mean number of non synonymous sites compared: 150.1
mean Ka anostraca: 0.0979227
mean Ka cladocera: 0.0894909
dKa: 0.00843175	standard deviation (sd): 0.0177486	ratio dKa/sd: 0.475067
exact probability (P): 0.634743

equally weighted sequences:
> outgro:
ocin	0.5
tcas	0.5
> anostraca:
afra	1
> notostraca:
lapu	0.125
lart	0.125
lcou	0.125
lubb	0.125
tcan	0.125
tita	0.125
tlon	0.125
tusa	0.125

mean GC outgro: all positions=0.485 position1=0.582 position2=0.361 position3=0.513 
mean GC anostraca: all positions=0.418 position1=0.646 position2=0.329 position3=0.278 
mean GC notostraca: all positions=0.482 position1=0.595 position2=0.354 position3=0.497 

** impossible to compute Ks. saturation? **

mean number of non synonymous sites compared: 149.8
mean Ka anostraca: 0.0979227
mean Ka notostraca: 0.0890283
dKa: 0.00889434	standard deviation (sd): 0.0197063	ratio dKa/sd: 0.451346
exact probability (P): 0.651742

equally weighted sequences:
> outgro:
ocin	0.5
tcas	0.5
> cladocera:
dmag	0.333333
dpul	0.333333
etex	0.333333
> notostraca:
lapu	0.125
lart	0.125
lcou	0.125
lubb	0.125
tcan	0.125
tita	0.125
tlon	0.125
tusa	0.125

mean GC outgro: all positions=0.485 position1=0.582 position2=0.361 position3=0.513 
mean GC cladocera: all positions=0.453 position1=0.624 position2=0.346 position3=0.388 
mean GC notostraca: all positions=0.482 position1=0.595 position2=0.354 position3=0.497 

** impossible to compute Ks. saturation? **

mean number of non synonymous sites compared: 150.1
mean Ka cladocera: 0.0894909
mean Ka notostraca: 0.0890283
dKa: 0.00046259	standard deviation (sd): 0.00799234	ratio dKa/sd: 0.0578792
exact probability (P): 0.953845

