

## treatement of 3 lineages from file OG0006037.phy ##

equally weighted sequences:
> outgro:
ocin	0.5
tcas	0.5
> anostraca:
afra	1
> cladocera:
dmag	0.5
dpul	0.5

mean GC outgro: all positions=0.422 position1=0.493 position2=0.318 position3=0.455 
mean GC anostraca: all positions=0.390 position1=0.507 position2=0.356 position3=0.306 
mean GC cladocera: all positions=0.393 position1=0.495 position2=0.338 position3=0.347 

** impossible to compute Ks. saturation? **

mean number of non synonymous sites compared: 537.4
mean Ka anostraca: 0.602428
mean Ka cladocera: 0.616996
dKa: -0.0145681	standard deviation (sd): 0.0452435	ratio dKa/sd: -0.321993
exact probability (P): 0.74746

equally weighted sequences:
> outgro:
ocin	0.5
tcas	0.5
> anostraca:
afra	1
> notostraca:
lapu	0.125
lart	0.125
lcou	0.125
lubb	0.125
tcan	0.125
tita	0.125
tlon	0.125
tusa	0.125

mean GC outgro: all positions=0.422 position1=0.493 position2=0.318 position3=0.455 
mean GC anostraca: all positions=0.390 position1=0.507 position2=0.356 position3=0.306 
mean GC notostraca: all positions=0.417 position1=0.479 position2=0.341 position3=0.430 

** impossible to compute Ks. saturation? **

mean number of non synonymous sites compared: 542.9
mean Ka anostraca: 0.602428
mean Ka notostraca: 0.57748
dKa: 0.0249484	standard deviation (sd): 0.0402749	ratio dKa/sd: 0.619452
exact probability (P): 0.535624

equally weighted sequences:
> outgro:
ocin	0.5
tcas	0.5
> cladocera:
dmag	0.5
dpul	0.5
> notostraca:
lapu	0.125
lart	0.125
lcou	0.125
lubb	0.125
tcan	0.125
tita	0.125
tlon	0.125
tusa	0.125

mean GC outgro: all positions=0.422 position1=0.493 position2=0.318 position3=0.455 
mean GC cladocera: all positions=0.393 position1=0.495 position2=0.338 position3=0.347 
mean GC notostraca: all positions=0.417 position1=0.479 position2=0.341 position3=0.430 

** impossible to compute Ks. saturation? **

mean number of non synonymous sites compared: 536.1
mean Ka cladocera: 0.616996
mean Ka notostraca: 0.57748
dKa: 0.0395164	standard deviation (sd): 0.0411616	ratio dKa/sd: 0.960031
exact probability (P): 0.337047

