

## treatement of 3 lineages from file OG0005482.phy ##

equally weighted sequences:
> outgro:
ocin	0.5
tcas	0.5
> anostraca:
afra	1
> cladocera:
dmag	0.333333
dpul	0.333333
etex	0.333333

mean GC outgro: all positions=0.521 position1=0.531 position2=0.405 position3=0.629 
mean GC anostraca: all positions=0.422 position1=0.509 position2=0.394 position3=0.362 
mean GC cladocera: all positions=0.506 position1=0.580 position2=0.404 position3=0.534 

** impossible to compute Ks. saturation? **

mean number of non synonymous sites compared: 711.2
mean Ka anostraca: 0.39699
mean Ka cladocera: 0.279204
dKa: 0.117785	standard deviation (sd): 0.0238317	ratio dKa/sd: 4.94238
exact probability (P): 1.13006e-06

equally weighted sequences:
> outgro:
ocin	0.5
tcas	0.5
> anostraca:
afra	1
> notostraca:
lapu	0.125
lart	0.125
lcou	0.125
lubb	0.125
tcan	0.125
tita	0.125
tlon	0.125
tusa	0.125

mean GC outgro: all positions=0.521 position1=0.531 position2=0.405 position3=0.629 
mean GC anostraca: all positions=0.422 position1=0.509 position2=0.394 position3=0.362 
mean GC notostraca: all positions=0.486 position1=0.555 position2=0.390 position3=0.514 

** impossible to compute Ks. saturation? **

mean number of non synonymous sites compared: 706.5
mean Ka anostraca: 0.39699
mean Ka notostraca: 0.280077
dKa: 0.116913	standard deviation (sd): 0.025511	ratio dKa/sd: 4.58283
exact probability (P): 5.58286e-06

equally weighted sequences:
> outgro:
ocin	0.5
tcas	0.5
> cladocera:
dmag	0.333333
dpul	0.333333
etex	0.333333
> notostraca:
lapu	0.125
lart	0.125
lcou	0.125
lubb	0.125
tcan	0.125
tita	0.125
tlon	0.125
tusa	0.125

mean GC outgro: all positions=0.521 position1=0.531 position2=0.405 position3=0.629 
mean GC cladocera: all positions=0.506 position1=0.580 position2=0.404 position3=0.534 
mean GC notostraca: all positions=0.486 position1=0.555 position2=0.390 position3=0.514 

** impossible to compute Ks. saturation? **

mean number of non synonymous sites compared: 711.7
mean Ka cladocera: 0.279204
mean Ka notostraca: 0.280077
dKa: -0.000872662	standard deviation (sd): 0.0162503	ratio dKa/sd: -0.0537014
exact probability (P): 0.957173

