

## treatement of 3 lineages from file OG0005065.phy ##

equally weighted sequences:
> outgro:
ocin	0.5
tcas	0.5
> anostraca:
afra	1
> cladocera:
dmag	0.333333
dpul	0.333333
etex	0.333333

mean GC outgro: all positions=0.433 position1=0.515 position2=0.406 position3=0.379 
mean GC anostraca: all positions=0.443 position1=0.506 position2=0.400 position3=0.424 
mean GC cladocera: all positions=0.483 position1=0.545 position2=0.425 position3=0.478 

** impossible to compute Ks. saturation? **

mean number of non synonymous sites compared: 323.6
mean Ka anostraca: 0.25047
mean Ka cladocera: 0.242141
dKa: 0.00832903	standard deviation (sd): 0.0268413	ratio dKa/sd: 0.310306
exact probability (P): 0.75633

equally weighted sequences:
> outgro:
ocin	0.5
tcas	0.5
> anostraca:
afra	1
> notostraca:
lapu	0.125
lart	0.125
lcou	0.125
lubb	0.125
tcan	0.125
tita	0.125
tlon	0.125
tusa	0.125

mean GC outgro: all positions=0.433 position1=0.515 position2=0.406 position3=0.379 
mean GC anostraca: all positions=0.443 position1=0.506 position2=0.400 position3=0.424 
mean GC notostraca: all positions=0.486 position1=0.543 position2=0.427 position3=0.488 

** impossible to compute Ks. saturation? **

mean number of non synonymous sites compared: 325.5
mean Ka anostraca: 0.25047
mean Ka notostraca: 0.210359
dKa: 0.0401108	standard deviation (sd): 0.0257864	ratio dKa/sd: 1.55551
exact probability (P): 0.119835

equally weighted sequences:
> outgro:
ocin	0.5
tcas	0.5
> cladocera:
dmag	0.333333
dpul	0.333333
etex	0.333333
> notostraca:
lapu	0.125
lart	0.125
lcou	0.125
lubb	0.125
tcan	0.125
tita	0.125
tlon	0.125
tusa	0.125

mean GC outgro: all positions=0.433 position1=0.515 position2=0.406 position3=0.379 
mean GC cladocera: all positions=0.483 position1=0.545 position2=0.425 position3=0.478 
mean GC notostraca: all positions=0.486 position1=0.543 position2=0.427 position3=0.488 

** impossible to compute Ks. saturation? **

mean number of non synonymous sites compared: 326.0
mean Ka cladocera: 0.242141
mean Ka notostraca: 0.210359
dKa: 0.0317818	standard deviation (sd): 0.0194038	ratio dKa/sd: 1.63791
exact probability (P): 0.101448

