

## treatement of 3 lineages from file OG0007002.phy ##

equally weighted sequences:
> outgro:
ocin	0.5
tcas	0.5
> anostraca:
afra	1
> cladocera:
dpul	1

mean GC outgro: all positions=0.421 position1=0.564 position2=0.293 position3=0.407 
mean GC anostraca: all positions=0.386 position1=0.557 position2=0.286 position3=0.314 
mean GC cladocera: all positions=0.367 position1=0.514 position2=0.286 position3=0.300 

** impossible to compute Ks. saturation? **

mean number of non synonymous sites compared: 135.0
mean Ka anostraca: 0.558165
mean Ka cladocera: 0.428682
dKa: 0.129482	standard deviation (sd): 0.0732455	ratio dKa/sd: 1.76778
exact probability (P): 0.0771054

equally weighted sequences:
> outgro:
ocin	0.5
tcas	0.5
> anostraca:
afra	1
> notostraca:
lapu	0.125
lart	0.125
lcou	0.125
lubb	0.125
tcan	0.125
tita	0.125
tlon	0.125
tusa	0.125

mean GC outgro: all positions=0.421 position1=0.564 position2=0.293 position3=0.407 
mean GC anostraca: all positions=0.386 position1=0.557 position2=0.286 position3=0.314 
mean GC notostraca: all positions=0.461 position1=0.645 position2=0.254 position3=0.484 

** impossible to compute Ks. saturation? **

mean number of non synonymous sites compared: 133.8
mean Ka anostraca: 0.558165
mean Ka notostraca: 0.357063
dKa: 0.201102	standard deviation (sd): 0.0685524	ratio dKa/sd: 2.93355
exact probability (P): 0.00335666

equally weighted sequences:
> outgro:
ocin	0.5
tcas	0.5
> cladocera:
dpul	1
> notostraca:
lapu	0.125
lart	0.125
lcou	0.125
lubb	0.125
tcan	0.125
tita	0.125
tlon	0.125
tusa	0.125

mean GC outgro: all positions=0.421 position1=0.564 position2=0.293 position3=0.407 
mean GC cladocera: all positions=0.367 position1=0.514 position2=0.286 position3=0.300 
mean GC notostraca: all positions=0.461 position1=0.645 position2=0.254 position3=0.484 

** impossible to compute Ks. saturation? **

mean number of non synonymous sites compared: 135.4
mean Ka cladocera: 0.428682
mean Ka notostraca: 0.357063
dKa: 0.0716198	standard deviation (sd): 0.0543103	ratio dKa/sd: 1.31872
exact probability (P): 0.187273

