

## treatement of 3 lineages from file OG0005688.phy ##

equally weighted sequences:
> outgro:
ocin	0.5
tcas	0.5
> anostraca:
afra	1
> cladocera:
dmag	0.333333
dpul	0.333333
etex	0.333333

mean GC outgro: all positions=0.444 position1=0.526 position2=0.410 position3=0.396 
mean GC anostraca: all positions=0.410 position1=0.506 position2=0.387 position3=0.338 
mean GC cladocera: all positions=0.449 position1=0.543 position2=0.373 position3=0.431 

** impossible to compute Ks. saturation? **

mean number of non synonymous sites compared: 691.2
mean Ka anostraca: 0.538995
mean Ka cladocera: 0.428607
dKa: 0.110388	standard deviation (sd): 0.0310715	ratio dKa/sd: 3.55272
exact probability (P): 0.00038482

equally weighted sequences:
> outgro:
ocin	0.5
tcas	0.5
> anostraca:
afra	1
> notostraca:
lapu	0.125
lart	0.125
lcou	0.125
lubb	0.125
tcan	0.125
tita	0.125
tlon	0.125
tusa	0.125

mean GC outgro: all positions=0.444 position1=0.526 position2=0.410 position3=0.396 
mean GC anostraca: all positions=0.410 position1=0.506 position2=0.387 position3=0.338 
mean GC notostraca: all positions=0.468 position1=0.540 position2=0.402 position3=0.463 

** impossible to compute Ks. saturation? **

mean number of non synonymous sites compared: 690.5
mean Ka anostraca: 0.538995
mean Ka notostraca: 0.391776
dKa: 0.147219	standard deviation (sd): 0.0311818	ratio dKa/sd: 4.72132
exact probability (P): 5.51194e-06

equally weighted sequences:
> outgro:
ocin	0.5
tcas	0.5
> cladocera:
dmag	0.333333
dpul	0.333333
etex	0.333333
> notostraca:
lapu	0.125
lart	0.125
lcou	0.125
lubb	0.125
tcan	0.125
tita	0.125
tlon	0.125
tusa	0.125

mean GC outgro: all positions=0.444 position1=0.526 position2=0.410 position3=0.396 
mean GC cladocera: all positions=0.449 position1=0.543 position2=0.373 position3=0.431 
mean GC notostraca: all positions=0.468 position1=0.540 position2=0.402 position3=0.463 

** impossible to compute Ks. saturation? **

mean number of non synonymous sites compared: 676.2
mean Ka cladocera: 0.428607
mean Ka notostraca: 0.391776
dKa: 0.0368312	standard deviation (sd): 0.0222008	ratio dKa/sd: 1.659
exact probability (P): 0.0971238

