

## treatement of 3 lineages from file OG0006219.phy ##

equally weighted sequences:
> outgro:
ocin	0.5
tcas	0.5
> anostraca:
afra	1
> cladocera:
dpul	0.5
etex	0.5

mean GC outgro: all positions=0.539 position1=0.612 position2=0.468 position3=0.537 
mean GC anostraca: all positions=0.450 position1=0.564 position2=0.457 position3=0.330 
mean GC cladocera: all positions=0.550 position1=0.574 position2=0.463 position3=0.612 

** impossible to compute Ks. saturation? **

mean number of non synonymous sites compared: 181.4
mean Ka anostraca: 0.73999
mean Ka cladocera: 0.755222
dKa: -0.0152313	standard deviation (sd): 0.08061	ratio dKa/sd: -0.18895
exact probability (P): 0.850133

equally weighted sequences:
> outgro:
ocin	0.5
tcas	0.5
> anostraca:
afra	1
> notostraca:
lapu	0.125
lart	0.125
lcou	0.125
lubb	0.125
tcan	0.125
tita	0.125
tlon	0.125
tusa	0.125

mean GC outgro: all positions=0.539 position1=0.612 position2=0.468 position3=0.537 
mean GC anostraca: all positions=0.450 position1=0.564 position2=0.457 position3=0.330 
mean GC notostraca: all positions=0.483 position1=0.560 position2=0.423 position3=0.465 

** impossible to compute Ks. saturation? **

mean number of non synonymous sites compared: 182.6
mean Ka anostraca: 0.73999
mean Ka notostraca: 0.731128
dKa: 0.00886272	standard deviation (sd): 0.0835915	ratio dKa/sd: 0.106024
exact probability (P): 0.915564

equally weighted sequences:
> outgro:
ocin	0.5
tcas	0.5
> cladocera:
dpul	0.5
etex	0.5
> notostraca:
lapu	0.125
lart	0.125
lcou	0.125
lubb	0.125
tcan	0.125
tita	0.125
tlon	0.125
tusa	0.125

mean GC outgro: all positions=0.539 position1=0.612 position2=0.468 position3=0.537 
mean GC cladocera: all positions=0.550 position1=0.574 position2=0.463 position3=0.612 
mean GC notostraca: all positions=0.483 position1=0.560 position2=0.423 position3=0.465 

** impossible to compute Ks. saturation? **

mean number of non synonymous sites compared: 185.9
mean Ka cladocera: 0.755222
mean Ka notostraca: 0.731128
dKa: 0.024094	standard deviation (sd): 0.0771568	ratio dKa/sd: 0.312274
exact probability (P): 0.754835

