

## treatement of 3 lineages from file OG0005072.phy ##

equally weighted sequences:
> outgro:
ocin	0.5
tcas	0.5
> anostraca:
afra	1
> cladocera:
dmag	0.333333
dpul	0.333333
etex	0.333333

mean GC outgro: all positions=0.453 position1=0.521 position2=0.392 position3=0.446 
mean GC anostraca: all positions=0.421 position1=0.515 position2=0.376 position3=0.371 
mean GC cladocera: all positions=0.505 position1=0.569 position2=0.399 position3=0.548 

** impossible to compute Ks. saturation? **

mean number of non synonymous sites compared: 387.3
mean Ka anostraca: 0.294726
mean Ka cladocera: 0.20301
dKa: 0.0917155	standard deviation (sd): 0.026977	ratio dKa/sd: 3.39977
exact probability (P): 0.000678236

equally weighted sequences:
> outgro:
ocin	0.5
tcas	0.5
> anostraca:
afra	1
> notostraca:
lapu	0.125
lart	0.125
lcou	0.125
lubb	0.125
tcan	0.125
tita	0.125
tlon	0.125
tusa	0.125

mean GC outgro: all positions=0.453 position1=0.521 position2=0.392 position3=0.446 
mean GC anostraca: all positions=0.421 position1=0.515 position2=0.376 position3=0.371 
mean GC notostraca: all positions=0.484 position1=0.575 position2=0.429 position3=0.449 

** impossible to compute Ks. saturation? **

mean number of non synonymous sites compared: 385.6
mean Ka anostraca: 0.294726
mean Ka notostraca: 0.258296
dKa: 0.0364299	standard deviation (sd): 0.0303333	ratio dKa/sd: 1.20099
exact probability (P): 0.229764

equally weighted sequences:
> outgro:
ocin	0.5
tcas	0.5
> cladocera:
dmag	0.333333
dpul	0.333333
etex	0.333333
> notostraca:
lapu	0.125
lart	0.125
lcou	0.125
lubb	0.125
tcan	0.125
tita	0.125
tlon	0.125
tusa	0.125

mean GC outgro: all positions=0.453 position1=0.521 position2=0.392 position3=0.446 
mean GC cladocera: all positions=0.505 position1=0.569 position2=0.399 position3=0.548 
mean GC notostraca: all positions=0.484 position1=0.575 position2=0.429 position3=0.449 

** impossible to compute Ks. saturation? **

mean number of non synonymous sites compared: 384.9
mean Ka cladocera: 0.20301
mean Ka notostraca: 0.258296
dKa: -0.0552855	standard deviation (sd): 0.022743	ratio dKa/sd: -2.43088
exact probability (P): 0.0150699

