

## treatement of 3 lineages from file OG0008880.phy ##

equally weighted sequences:
> outgro:
tcas	1
> anostraca:
afra	1
> cladocera:
dpul	1

mean GC outgro: all positions=0.455 position1=0.527 position2=0.364 position3=0.473 
mean GC anostraca: all positions=0.382 position1=0.509 position2=0.327 position3=0.309 
mean GC cladocera: all positions=0.455 position1=0.509 position2=0.364 position3=0.491 

** impossible to compute Ks. saturation? **

mean number of non synonymous sites compared: 109.2
mean Ka anostraca: 0.372003
mean Ka cladocera: 0.530228
dKa: -0.158225	standard deviation (sd): 0.0869795	ratio dKa/sd: -1.81911
exact probability (P): 0.0689021

equally weighted sequences:
> outgro:
tcas	1
> anostraca:
afra	1
> notostraca:
lapu	0.2
tcan	0.2
tita	0.2
tlon	0.2
tusa	0.2

mean GC outgro: all positions=0.455 position1=0.527 position2=0.364 position3=0.473 
mean GC anostraca: all positions=0.382 position1=0.509 position2=0.327 position3=0.309 
mean GC notostraca: all positions=0.501 position1=0.564 position2=0.345 position3=0.593 

** impossible to compute Ks. saturation? **

mean number of non synonymous sites compared: 108.3
mean Ka anostraca: 0.372003
mean Ka notostraca: 0.52722
dKa: -0.155217	standard deviation (sd): 0.0883471	ratio dKa/sd: -1.7569
exact probability (P): 0.0789428

equally weighted sequences:
> outgro:
tcas	1
> cladocera:
dpul	1
> notostraca:
lapu	0.2
tcan	0.2
tita	0.2
tlon	0.2
tusa	0.2

mean GC outgro: all positions=0.455 position1=0.527 position2=0.364 position3=0.473 
mean GC cladocera: all positions=0.455 position1=0.509 position2=0.364 position3=0.491 
mean GC notostraca: all positions=0.501 position1=0.564 position2=0.345 position3=0.593 

** impossible to compute Ks. saturation? **

mean number of non synonymous sites compared: 112.4
mean Ka cladocera: 0.530228
mean Ka notostraca: 0.52722
dKa: 0.00300799	standard deviation (sd): 0.0881218	ratio dKa/sd: 0.0341344
exact probability (P): 0.97277

