

## treatement of 3 lineages from file OG0005437.phy ##

equally weighted sequences:
> outgro:
ocin	0.5
tcas	0.5
> anostraca:
afra	1
> cladocera:
dmag	0.333333
dpul	0.333333
etex	0.333333

mean GC outgro: all positions=0.458 position1=0.527 position2=0.405 position3=0.443 
mean GC anostraca: all positions=0.423 position1=0.520 position2=0.412 position3=0.338 
mean GC cladocera: all positions=0.422 position1=0.491 position2=0.394 position3=0.381 

** impossible to compute Ks. saturation? **

mean number of non synonymous sites compared: 298.3
mean Ka anostraca: 0.340225
mean Ka cladocera: 0.310979
dKa: 0.0292461	standard deviation (sd): 0.0292506	ratio dKa/sd: 0.999845
exact probability (P): 0.31739

equally weighted sequences:
> outgro:
ocin	0.5
tcas	0.5
> anostraca:
afra	1
> notostraca:
lapu	0.125
lart	0.125
lcou	0.125
lubb	0.125
tcan	0.125
tita	0.125
tlon	0.125
tusa	0.125

mean GC outgro: all positions=0.458 position1=0.527 position2=0.405 position3=0.443 
mean GC anostraca: all positions=0.423 position1=0.520 position2=0.412 position3=0.338 
mean GC notostraca: all positions=0.474 position1=0.514 position2=0.413 position3=0.496 

** impossible to compute Ks. saturation? **

mean number of non synonymous sites compared: 294.7
mean Ka anostraca: 0.340225
mean Ka notostraca: 0.33532
dKa: 0.00490414	standard deviation (sd): 0.0286579	ratio dKa/sd: 0.171127
exact probability (P): 0.864125

equally weighted sequences:
> outgro:
ocin	0.5
tcas	0.5
> cladocera:
dmag	0.333333
dpul	0.333333
etex	0.333333
> notostraca:
lapu	0.125
lart	0.125
lcou	0.125
lubb	0.125
tcan	0.125
tita	0.125
tlon	0.125
tusa	0.125

mean GC outgro: all positions=0.458 position1=0.527 position2=0.405 position3=0.443 
mean GC cladocera: all positions=0.422 position1=0.491 position2=0.394 position3=0.381 
mean GC notostraca: all positions=0.474 position1=0.514 position2=0.413 position3=0.496 

** impossible to compute Ks. saturation? **

mean number of non synonymous sites compared: 293.2
mean Ka cladocera: 0.310979
mean Ka notostraca: 0.33532
dKa: -0.0243419	standard deviation (sd): 0.025157	ratio dKa/sd: -0.9676
exact probability (P): 0.33325

