

## treatement of 3 lineages from file OG0006190.phy ##

equally weighted sequences:
> outgro:
ocin	0.5
tcas	0.5
> anostraca:
afra	1
> cladocera:
dmag	0.5
dpul	0.5

mean GC outgro: all positions=0.427 position1=0.482 position2=0.374 position3=0.424 
mean GC anostraca: all positions=0.420 position1=0.477 position2=0.413 position3=0.372 
mean GC cladocera: all positions=0.508 position1=0.511 position2=0.456 position3=0.555 

** impossible to compute Ks. saturation? **

mean number of non synonymous sites compared: 427.0
mean Ka anostraca: 0.533333
mean Ka cladocera: 0.43556
dKa: 0.0977724	standard deviation (sd): 0.0423224	ratio dKa/sd: 2.31018
exact probability (P): 0.0208861

equally weighted sequences:
> outgro:
ocin	0.5
tcas	0.5
> anostraca:
afra	1
> notostraca:
lapu	0.125
lart	0.125
lcou	0.125
lubb	0.125
tcan	0.125
tita	0.125
tlon	0.125
tusa	0.125

mean GC outgro: all positions=0.427 position1=0.482 position2=0.374 position3=0.424 
mean GC anostraca: all positions=0.420 position1=0.477 position2=0.413 position3=0.372 
mean GC notostraca: all positions=0.497 position1=0.542 position2=0.456 position3=0.491 

** impossible to compute Ks. saturation? **

mean number of non synonymous sites compared: 425.1
mean Ka anostraca: 0.533333
mean Ka notostraca: 0.433024
dKa: 0.100309	standard deviation (sd): 0.0440805	ratio dKa/sd: 2.27558
exact probability (P): 0.0228779

equally weighted sequences:
> outgro:
ocin	0.5
tcas	0.5
> cladocera:
dmag	0.5
dpul	0.5
> notostraca:
lapu	0.125
lart	0.125
lcou	0.125
lubb	0.125
tcan	0.125
tita	0.125
tlon	0.125
tusa	0.125

mean GC outgro: all positions=0.427 position1=0.482 position2=0.374 position3=0.424 
mean GC cladocera: all positions=0.508 position1=0.511 position2=0.456 position3=0.555 
mean GC notostraca: all positions=0.497 position1=0.542 position2=0.456 position3=0.491 

** impossible to compute Ks. saturation? **

mean number of non synonymous sites compared: 420.1
mean Ka cladocera: 0.43556
mean Ka notostraca: 0.433024
dKa: 0.00253619	standard deviation (sd): 0.0330854	ratio dKa/sd: 0.0766559
exact probability (P): 0.938898

