

## treatement of 3 lineages from file OG0005226.phy ##

equally weighted sequences:
> outgro:
ocin	0.5
tcas	0.5
> anostraca:
afra	1
> cladocera:
dmag	0.333333
dpul	0.333333
etex	0.333333

mean GC outgro: all positions=0.513 position1=0.553 position2=0.381 position3=0.604 
mean GC anostraca: all positions=0.444 position1=0.606 position2=0.383 position3=0.343 
mean GC cladocera: all positions=0.481 position1=0.613 position2=0.370 position3=0.460 

** impossible to compute Ks. saturation? **

mean number of non synonymous sites compared: 1077.2
mean Ka anostraca: 0.320992
mean Ka cladocera: 0.275518
dKa: 0.045474	standard deviation (sd): 0.0144612	ratio dKa/sd: 3.14456
exact probability (P): 0.00166761

equally weighted sequences:
> outgro:
ocin	0.5
tcas	0.5
> anostraca:
afra	1
> notostraca:
lapu	0.125
lart	0.125
lcou	0.125
lubb	0.125
tcan	0.125
tita	0.125
tlon	0.125
tusa	0.125

mean GC outgro: all positions=0.513 position1=0.553 position2=0.381 position3=0.604 
mean GC anostraca: all positions=0.444 position1=0.606 position2=0.383 position3=0.343 
mean GC notostraca: all positions=0.463 position1=0.557 position2=0.370 position3=0.463 

** impossible to compute Ks. saturation? **

mean number of non synonymous sites compared: 1077.0
mean Ka anostraca: 0.320992
mean Ka notostraca: 0.273515
dKa: 0.0474769	standard deviation (sd): 0.0148785	ratio dKa/sd: 3.19098
exact probability (P): 0.00142265

equally weighted sequences:
> outgro:
ocin	0.5
tcas	0.5
> cladocera:
dmag	0.333333
dpul	0.333333
etex	0.333333
> notostraca:
lapu	0.125
lart	0.125
lcou	0.125
lubb	0.125
tcan	0.125
tita	0.125
tlon	0.125
tusa	0.125

mean GC outgro: all positions=0.513 position1=0.553 position2=0.381 position3=0.604 
mean GC cladocera: all positions=0.481 position1=0.613 position2=0.370 position3=0.460 
mean GC notostraca: all positions=0.463 position1=0.557 position2=0.370 position3=0.463 

** impossible to compute Ks. saturation? **

mean number of non synonymous sites compared: 1083.3
mean Ka cladocera: 0.275518
mean Ka notostraca: 0.273515
dKa: 0.00200293	standard deviation (sd): 0.00973883	ratio dKa/sd: 0.205665
exact probability (P): 0.837054

