

## treatement of 3 lineages from file OG0006266.phy ##

equally weighted sequences:
> outgro:
ocin	0.5
tcas	0.5
> anostraca:
afra	1
> cladocera:
dmag	0.333333
dpul	0.333333
etex	0.333333

mean GC outgro: all positions=0.463 position1=0.521 position2=0.397 position3=0.473 
mean GC anostraca: all positions=0.399 position1=0.479 position2=0.409 position3=0.310 
mean GC cladocera: all positions=0.443 position1=0.540 position2=0.390 position3=0.398 

** impossible to compute Ks. saturation? **

mean number of non synonymous sites compared: 478.7
mean Ka anostraca: 0.638007
mean Ka cladocera: 0.567936
dKa: 0.0700715	standard deviation (sd): 0.0395388	ratio dKa/sd: 1.77222
exact probability (P): 0.0763671

equally weighted sequences:
> outgro:
ocin	0.5
tcas	0.5
> anostraca:
afra	1
> notostraca:
lapu	0.142857
lart	0.142857
lcou	0.142857
lubb	0.142857
tcan	0.142857
tita	0.142857
tusa	0.142857

mean GC outgro: all positions=0.463 position1=0.521 position2=0.397 position3=0.473 
mean GC anostraca: all positions=0.399 position1=0.479 position2=0.409 position3=0.310 
mean GC notostraca: all positions=0.470 position1=0.543 position2=0.421 position3=0.445 

** impossible to compute Ks. saturation? **

mean number of non synonymous sites compared: 472.0
mean Ka anostraca: 0.638007
mean Ka notostraca: 0.611881
dKa: 0.0261262	standard deviation (sd): 0.0429198	ratio dKa/sd: 0.60872
exact probability (P): 0.542714

equally weighted sequences:
> outgro:
ocin	0.5
tcas	0.5
> cladocera:
dmag	0.333333
dpul	0.333333
etex	0.333333
> notostraca:
lapu	0.142857
lart	0.142857
lcou	0.142857
lubb	0.142857
tcan	0.142857
tita	0.142857
tusa	0.142857

mean GC outgro: all positions=0.463 position1=0.521 position2=0.397 position3=0.473 
mean GC cladocera: all positions=0.443 position1=0.540 position2=0.390 position3=0.398 
mean GC notostraca: all positions=0.470 position1=0.543 position2=0.421 position3=0.445 

** impossible to compute Ks. saturation? **

mean number of non synonymous sites compared: 473.7
mean Ka cladocera: 0.567936
mean Ka notostraca: 0.611881
dKa: -0.0439453	standard deviation (sd): 0.0355661	ratio dKa/sd: -1.2356
exact probability (P): 0.216616

