

## treatement of 3 lineages from file OG0005209.phy ##

equally weighted sequences:
> outgro:
ocin	0.5
tcas	0.5
> anostraca:
afra	1
> cladocera:
dmag	0.333333
dpul	0.333333
etex	0.333333

mean GC outgro: all positions=0.428 position1=0.509 position2=0.355 position3=0.420 
mean GC anostraca: all positions=0.396 position1=0.466 position2=0.324 position3=0.398 
mean GC cladocera: all positions=0.463 position1=0.574 position2=0.348 position3=0.468 

** impossible to compute Ks. saturation? **

mean number of non synonymous sites compared: 351.4
mean Ka anostraca: 0.695304
mean Ka cladocera: 0.756415
dKa: -0.0611117	standard deviation (sd): 0.0565312	ratio dKa/sd: -1.08103
exact probability (P): 0.279692

equally weighted sequences:
> outgro:
ocin	0.5
tcas	0.5
> anostraca:
afra	1
> notostraca:
lapu	0.125
lart	0.125
lcou	0.125
lubb	0.125
tcan	0.125
tita	0.125
tlon	0.125
tusa	0.125

mean GC outgro: all positions=0.428 position1=0.509 position2=0.355 position3=0.420 
mean GC anostraca: all positions=0.396 position1=0.466 position2=0.324 position3=0.398 
mean GC notostraca: all positions=0.483 position1=0.578 position2=0.423 position3=0.447 

** impossible to compute Ks. saturation? **

mean number of non synonymous sites compared: 354.4
mean Ka anostraca: 0.695304
mean Ka notostraca: 0.668619
dKa: 0.026685	standard deviation (sd): 0.0561378	ratio dKa/sd: 0.475347
exact probability (P): 0.634543

equally weighted sequences:
> outgro:
ocin	0.5
tcas	0.5
> cladocera:
dmag	0.333333
dpul	0.333333
etex	0.333333
> notostraca:
lapu	0.125
lart	0.125
lcou	0.125
lubb	0.125
tcan	0.125
tita	0.125
tlon	0.125
tusa	0.125

mean GC outgro: all positions=0.428 position1=0.509 position2=0.355 position3=0.420 
mean GC cladocera: all positions=0.463 position1=0.574 position2=0.348 position3=0.468 
mean GC notostraca: all positions=0.483 position1=0.578 position2=0.423 position3=0.447 

** impossible to compute Ks. saturation? **

mean number of non synonymous sites compared: 351.5
mean Ka cladocera: 0.756415
mean Ka notostraca: 0.668619
dKa: 0.0877966	standard deviation (sd): 0.049997	ratio dKa/sd: 1.75604
exact probability (P): 0.0790906

