

## treatement of 3 lineages from file OG0004995.phy ##

equally weighted sequences:
> outgro:
ocin	0.5
tcas	0.5
> anostraca:
afra	1
> cladocera:
dmag	0.333333
dpul	0.333333
etex	0.333333

mean GC outgro: all positions=0.438 position1=0.518 position2=0.371 position3=0.425 
mean GC anostraca: all positions=0.404 position1=0.495 position2=0.385 position3=0.333 
mean GC cladocera: all positions=0.473 position1=0.570 position2=0.376 position3=0.474 

** impossible to compute Ks. saturation? **

mean number of non synonymous sites compared: 910.5
mean Ka anostraca: 0.395097
mean Ka cladocera: 0.336924
dKa: 0.0581731	standard deviation (sd): 0.0233237	ratio dKa/sd: 2.49416
exact probability (P): 0.0126317

equally weighted sequences:
> outgro:
ocin	0.5
tcas	0.5
> anostraca:
afra	1
> notostraca:
lapu	0.125
lart	0.125
lcou	0.125
lubb	0.125
tcan	0.125
tita	0.125
tlon	0.125
tusa	0.125

mean GC outgro: all positions=0.438 position1=0.518 position2=0.371 position3=0.425 
mean GC anostraca: all positions=0.404 position1=0.495 position2=0.385 position3=0.333 
mean GC notostraca: all positions=0.471 position1=0.547 position2=0.366 position3=0.498 

** impossible to compute Ks. saturation? **

mean number of non synonymous sites compared: 910.4
mean Ka anostraca: 0.395097
mean Ka notostraca: 0.352835
dKa: 0.0422624	standard deviation (sd): 0.0239541	ratio dKa/sd: 1.76431
exact probability (P): 0.0776873

equally weighted sequences:
> outgro:
ocin	0.5
tcas	0.5
> cladocera:
dmag	0.333333
dpul	0.333333
etex	0.333333
> notostraca:
lapu	0.125
lart	0.125
lcou	0.125
lubb	0.125
tcan	0.125
tita	0.125
tlon	0.125
tusa	0.125

mean GC outgro: all positions=0.438 position1=0.518 position2=0.371 position3=0.425 
mean GC cladocera: all positions=0.473 position1=0.570 position2=0.376 position3=0.474 
mean GC notostraca: all positions=0.471 position1=0.547 position2=0.366 position3=0.498 

** impossible to compute Ks. saturation? **

mean number of non synonymous sites compared: 897.5
mean Ka cladocera: 0.336924
mean Ka notostraca: 0.352835
dKa: -0.0159107	standard deviation (sd): 0.0169816	ratio dKa/sd: -0.936937
exact probability (P): 0.348797

