

## treatement of 3 lineages from file OG0006085.phy ##

equally weighted sequences:
> outgro:
tcas	1
> anostraca:
afra	1
> cladocera:
dmag	0.333333
dpul	0.333333
etex	0.333333

mean GC outgro: all positions=0.508 position1=0.553 position2=0.360 position3=0.611 
mean GC anostraca: all positions=0.417 position1=0.505 position2=0.353 position3=0.393 
mean GC cladocera: all positions=0.466 position1=0.554 position2=0.368 position3=0.475 

** impossible to compute Ks. saturation? **

mean number of non synonymous sites compared: 528.7
mean Ka anostraca: 0.846738
mean Ka cladocera: 0.794492
dKa: 0.0522461	standard deviation (sd): 0.0659848	ratio dKa/sd: 0.791789
exact probability (P): 0.42849

equally weighted sequences:
> outgro:
tcas	1
> anostraca:
afra	1
> notostraca:
lapu	0.125
lart	0.125
lcou	0.125
lubb	0.125
tcan	0.125
tita	0.125
tlon	0.125
tusa	0.125

mean GC outgro: all positions=0.508 position1=0.553 position2=0.360 position3=0.611 
mean GC anostraca: all positions=0.417 position1=0.505 position2=0.353 position3=0.393 
mean GC notostraca: all positions=0.453 position1=0.526 position2=0.366 position3=0.466 

** impossible to compute Ks. saturation? **

mean number of non synonymous sites compared: 538.3
mean Ka anostraca: 0.846738
mean Ka notostraca: 0.740751
dKa: 0.105987	standard deviation (sd): 0.0613415	ratio dKa/sd: 1.72782
exact probability (P): 0.0840278

equally weighted sequences:
> outgro:
tcas	1
> cladocera:
dmag	0.333333
dpul	0.333333
etex	0.333333
> notostraca:
lapu	0.125
lart	0.125
lcou	0.125
lubb	0.125
tcan	0.125
tita	0.125
tlon	0.125
tusa	0.125

mean GC outgro: all positions=0.508 position1=0.553 position2=0.360 position3=0.611 
mean GC cladocera: all positions=0.466 position1=0.554 position2=0.368 position3=0.475 
mean GC notostraca: all positions=0.453 position1=0.526 position2=0.366 position3=0.466 

** impossible to compute Ks. saturation? **

mean number of non synonymous sites compared: 538.3
mean Ka cladocera: 0.794492
mean Ka notostraca: 0.740751
dKa: 0.053741	standard deviation (sd): 0.0519184	ratio dKa/sd: 1.0351
exact probability (P): 0.300627

