

## treatement of 3 lineages from file OG0006276.phy ##

equally weighted sequences:
> outgro:
ocin	0.5
tcas	0.5
> anostraca:
afra	1
> cladocera:
dmag	0.333333
dpul	0.333333
etex	0.333333

mean GC outgro: all positions=0.454 position1=0.484 position2=0.339 position3=0.540 
mean GC anostraca: all positions=0.409 position1=0.468 position2=0.387 position3=0.371 
mean GC cladocera: all positions=0.468 position1=0.581 position2=0.366 position3=0.457 

** impossible to compute Ks. saturation? **

mean number of non synonymous sites compared: 125.2
mean Ka anostraca: 0.88058
mean Ka cladocera: 0.704962
dKa: 0.175618	standard deviation (sd): 0.120005	ratio dKa/sd: 1.46342
exact probability (P): 0.14336

equally weighted sequences:
> outgro:
ocin	0.5
tcas	0.5
> anostraca:
afra	1
> notostraca:
lapu	0.142857
lcou	0.142857
lubb	0.142857
tcan	0.142857
tita	0.142857
tlon	0.142857
tusa	0.142857

mean GC outgro: all positions=0.454 position1=0.484 position2=0.339 position3=0.540 
mean GC anostraca: all positions=0.409 position1=0.468 position2=0.387 position3=0.371 
mean GC notostraca: all positions=0.428 position1=0.447 position2=0.399 position3=0.438 

** impossible to compute Ks. saturation? **

mean number of non synonymous sites compared: 123.7
mean Ka anostraca: 0.88058
mean Ka notostraca: 0.704721
dKa: 0.17586	standard deviation (sd): 0.123809	ratio dKa/sd: 1.42041
exact probability (P): 0.155496

equally weighted sequences:
> outgro:
ocin	0.5
tcas	0.5
> cladocera:
dmag	0.333333
dpul	0.333333
etex	0.333333
> notostraca:
lapu	0.142857
lcou	0.142857
lubb	0.142857
tcan	0.142857
tita	0.142857
tlon	0.142857
tusa	0.142857

mean GC outgro: all positions=0.454 position1=0.484 position2=0.339 position3=0.540 
mean GC cladocera: all positions=0.468 position1=0.581 position2=0.366 position3=0.457 
mean GC notostraca: all positions=0.428 position1=0.447 position2=0.399 position3=0.438 

** impossible to compute Ks. saturation? **

mean number of non synonymous sites compared: 125.7
mean Ka cladocera: 0.704962
mean Ka notostraca: 0.704721
dKa: 0.000241855	standard deviation (sd): 0.0938701	ratio dKa/sd: 0.00257648
exact probability (P): 0.997944

