

## treatement of 3 lineages from file OG0006015.phy ##

equally weighted sequences:
> outgro:
tcas	1
> anostraca:
afra	1
> cladocera:
dmag	0.333333
dpul	0.333333
etex	0.333333

mean GC outgro: all positions=0.362 position1=0.414 position2=0.296 position3=0.377 
mean GC anostraca: all positions=0.397 position1=0.383 position2=0.377 position3=0.432 
mean GC cladocera: all positions=0.416 position1=0.471 position2=0.385 position3=0.393 

** impossible to compute Ks. saturation? **

mean number of non synonymous sites compared: 312.7
mean Ka anostraca: 1.10681
mean Ka cladocera: 0.867079
dKa: 0.23973	standard deviation (sd): 0.121748	ratio dKa/sd: 1.96906
exact probability (P): 0.048955

equally weighted sequences:
> outgro:
tcas	1
> anostraca:
afra	1
> notostraca:
lapu	0.125
lart	0.125
lcou	0.125
lubb	0.125
tcan	0.125
tita	0.125
tlon	0.125
tusa	0.125

mean GC outgro: all positions=0.362 position1=0.414 position2=0.296 position3=0.377 
mean GC anostraca: all positions=0.397 position1=0.383 position2=0.377 position3=0.432 
mean GC notostraca: all positions=0.457 position1=0.517 position2=0.359 position3=0.496 

** impossible to compute Ks. saturation? **

mean number of non synonymous sites compared: 315.8
mean Ka anostraca: 1.10681
mean Ka notostraca: 0.853575
dKa: 0.253234	standard deviation (sd): 0.12586	ratio dKa/sd: 2.01203
exact probability (P): 0.0442251

equally weighted sequences:
> outgro:
tcas	1
> cladocera:
dmag	0.333333
dpul	0.333333
etex	0.333333
> notostraca:
lapu	0.125
lart	0.125
lcou	0.125
lubb	0.125
tcan	0.125
tita	0.125
tlon	0.125
tusa	0.125

mean GC outgro: all positions=0.362 position1=0.414 position2=0.296 position3=0.377 
mean GC cladocera: all positions=0.416 position1=0.471 position2=0.385 position3=0.393 
mean GC notostraca: all positions=0.457 position1=0.517 position2=0.359 position3=0.496 

** impossible to compute Ks. saturation? **

mean number of non synonymous sites compared: 314.5
mean Ka cladocera: 0.867079
mean Ka notostraca: 0.853575
dKa: 0.0135037	standard deviation (sd): 0.0784989	ratio dKa/sd: 0.172024
exact probability (P): 0.86342

