

## treatement of 3 lineages from file OG0007506.phy ##

equally weighted sequences:
> outgro:
ocin	0.5
tcas	0.5
> anostraca:
afra	1
> cladocera:
dmag	0.333333
dpul	0.333333
etex	0.333333

mean GC outgro: all positions=0.466 position1=0.478 position2=0.332 position3=0.588 
mean GC anostraca: all positions=0.360 position1=0.416 position2=0.345 position3=0.319 
mean GC cladocera: all positions=0.407 position1=0.487 position2=0.304 position3=0.431 

** impossible to compute Ks. saturation? **

mean number of non synonymous sites compared: 223.9
mean Ka anostraca: 0.656633
mean Ka cladocera: 0.697016
dKa: -0.0403823	standard deviation (sd): 0.0624603	ratio dKa/sd: -0.646527
exact probability (P): 0.517942

equally weighted sequences:
> outgro:
ocin	0.5
tcas	0.5
> anostraca:
afra	1
> notostraca:
lapu	0.2
lart	0.2
lcou	0.2
lubb	0.2
tlon	0.2

mean GC outgro: all positions=0.466 position1=0.478 position2=0.332 position3=0.588 
mean GC anostraca: all positions=0.360 position1=0.416 position2=0.345 position3=0.319 
mean GC notostraca: all positions=0.461 position1=0.512 position2=0.335 position3=0.536 

** impossible to compute Ks. saturation? **

mean number of non synonymous sites compared: 222.1
mean Ka anostraca: 0.656633
mean Ka notostraca: 0.739105
dKa: -0.0824722	standard deviation (sd): 0.0729301	ratio dKa/sd: -1.13084
exact probability (P): 0.258131

equally weighted sequences:
> outgro:
ocin	0.5
tcas	0.5
> cladocera:
dmag	0.333333
dpul	0.333333
etex	0.333333
> notostraca:
lapu	0.2
lart	0.2
lcou	0.2
lubb	0.2
tlon	0.2

mean GC outgro: all positions=0.466 position1=0.478 position2=0.332 position3=0.588 
mean GC cladocera: all positions=0.407 position1=0.487 position2=0.304 position3=0.431 
mean GC notostraca: all positions=0.461 position1=0.512 position2=0.335 position3=0.536 

** impossible to compute Ks. saturation? **

mean number of non synonymous sites compared: 224.5
mean Ka cladocera: 0.697016
mean Ka notostraca: 0.739105
dKa: -0.0420899	standard deviation (sd): 0.0625178	ratio dKa/sd: -0.673247
exact probability (P): 0.500794

