

## treatement of 3 lineages from file OG0006161.phy ##

equally weighted sequences:
> outgro:
ocin	1
> anostraca:
afra	1
> cladocera:
dmag	0.333333
dpul	0.333333
etex	0.333333

mean GC outgro: all positions=0.503 position1=0.458 position2=0.310 position3=0.742 
mean GC anostraca: all positions=0.308 position1=0.387 position2=0.284 position3=0.252 
mean GC cladocera: all positions=0.384 position1=0.465 position2=0.314 position3=0.372 

** impossible to compute Ks. saturation? **

mean number of non synonymous sites compared: 304.7
mean Ka anostraca: 0.579296
mean Ka cladocera: 0.505898
dKa: 0.0733976	standard deviation (sd): 0.0619577	ratio dKa/sd: 1.18464
exact probability (P): 0.236168

equally weighted sequences:
> outgro:
ocin	1
> anostraca:
afra	1
> notostraca:
lapu	0.125
lart	0.125
lcou	0.125
lubb	0.125
tcan	0.125
tita	0.125
tlon	0.125
tusa	0.125

mean GC outgro: all positions=0.503 position1=0.458 position2=0.310 position3=0.742 
mean GC anostraca: all positions=0.308 position1=0.387 position2=0.284 position3=0.252 
mean GC notostraca: all positions=0.432 position1=0.506 position2=0.358 position3=0.432 

** impossible to compute Ks. saturation? **

mean number of non synonymous sites compared: 304.6
mean Ka anostraca: 0.579296
mean Ka notostraca: 0.547204
dKa: 0.0320918	standard deviation (sd): 0.0644967	ratio dKa/sd: 0.497573
exact probability (P): 0.618789

equally weighted sequences:
> outgro:
ocin	1
> cladocera:
dmag	0.333333
dpul	0.333333
etex	0.333333
> notostraca:
lapu	0.125
lart	0.125
lcou	0.125
lubb	0.125
tcan	0.125
tita	0.125
tlon	0.125
tusa	0.125

mean GC outgro: all positions=0.503 position1=0.458 position2=0.310 position3=0.742 
mean GC cladocera: all positions=0.384 position1=0.465 position2=0.314 position3=0.372 
mean GC notostraca: all positions=0.432 position1=0.506 position2=0.358 position3=0.432 

** impossible to compute Ks. saturation? **

mean number of non synonymous sites compared: 303.0
mean Ka cladocera: 0.505898
mean Ka notostraca: 0.547204
dKa: -0.0413058	standard deviation (sd): 0.0360389	ratio dKa/sd: -1.14615
exact probability (P): 0.251743

