

## treatement of 3 lineages from file OG0005041.phy ##

equally weighted sequences:
> outgro:
ocin	0.5
tcas	0.5
> anostraca:
afra	1
> cladocera:
dmag	0.333333
dpul	0.333333
etex	0.333333

mean GC outgro: all positions=0.442 position1=0.558 position2=0.354 position3=0.415 
mean GC anostraca: all positions=0.395 position1=0.508 position2=0.331 position3=0.346 
mean GC cladocera: all positions=0.444 position1=0.541 position2=0.379 position3=0.413 

** impossible to compute Ks. saturation? **

mean number of non synonymous sites compared: 251.4
mean Ka anostraca: 0.42828
mean Ka cladocera: 0.405265
dKa: 0.0230152	standard deviation (sd): 0.039016	ratio dKa/sd: 0.589891
exact probability (P): 0.555268

equally weighted sequences:
> outgro:
ocin	0.5
tcas	0.5
> anostraca:
afra	1
> notostraca:
lapu	0.125
lart	0.125
lcou	0.125
lubb	0.125
tcan	0.125
tita	0.125
tlon	0.125
tusa	0.125

mean GC outgro: all positions=0.442 position1=0.558 position2=0.354 position3=0.415 
mean GC anostraca: all positions=0.395 position1=0.508 position2=0.331 position3=0.346 
mean GC notostraca: all positions=0.443 position1=0.553 position2=0.347 position3=0.428 

** impossible to compute Ks. saturation? **

mean number of non synonymous sites compared: 253.0
mean Ka anostraca: 0.42828
mean Ka notostraca: 0.391366
dKa: 0.0369143	standard deviation (sd): 0.0410137	ratio dKa/sd: 0.900049
exact probability (P): 0.368098

equally weighted sequences:
> outgro:
ocin	0.5
tcas	0.5
> cladocera:
dmag	0.333333
dpul	0.333333
etex	0.333333
> notostraca:
lapu	0.125
lart	0.125
lcou	0.125
lubb	0.125
tcan	0.125
tita	0.125
tlon	0.125
tusa	0.125

mean GC outgro: all positions=0.442 position1=0.558 position2=0.354 position3=0.415 
mean GC cladocera: all positions=0.444 position1=0.541 position2=0.379 position3=0.413 
mean GC notostraca: all positions=0.443 position1=0.553 position2=0.347 position3=0.428 

** impossible to compute Ks. saturation? **

mean number of non synonymous sites compared: 249.5
mean Ka cladocera: 0.405265
mean Ka notostraca: 0.391366
dKa: 0.0138992	standard deviation (sd): 0.029698	ratio dKa/sd: 0.468016
exact probability (P): 0.639776

