

## treatement of 3 lineages from file OG0006366.phy ##

equally weighted sequences:
> outgro:
ocin	0.5
tcas	0.5
> anostraca:
afra	1
> cladocera:
dmag	0.333333
dpul	0.333333
etex	0.333333

mean GC outgro: all positions=0.443 position1=0.483 position2=0.380 position3=0.466 
mean GC anostraca: all positions=0.410 position1=0.487 position2=0.333 position3=0.410 
mean GC cladocera: all positions=0.500 position1=0.504 position2=0.382 position3=0.613 

** impossible to compute Ks. saturation? **

mean number of non synonymous sites compared: 229.6
mean Ka anostraca: 0.536904
mean Ka cladocera: 0.167285
dKa: 0.369619	standard deviation (sd): 0.0577612	ratio dKa/sd: 6.39909
exact probability (P): 1e-07

equally weighted sequences:
> outgro:
ocin	0.5
tcas	0.5
> anostraca:
afra	1
> notostraca:
lapu	0.142857
lart	0.142857
lcou	0.142857
tcan	0.142857
tita	0.142857
tlon	0.142857
tusa	0.142857

mean GC outgro: all positions=0.443 position1=0.483 position2=0.380 position3=0.466 
mean GC anostraca: all positions=0.410 position1=0.487 position2=0.333 position3=0.410 
mean GC notostraca: all positions=0.488 position1=0.501 position2=0.413 position3=0.551 

** impossible to compute Ks. saturation? **

mean number of non synonymous sites compared: 229.3
mean Ka anostraca: 0.536904
mean Ka notostraca: 0.166734
dKa: 0.37017	standard deviation (sd): 0.0586915	ratio dKa/sd: 6.30705
exact probability (P): 1e-07

equally weighted sequences:
> outgro:
ocin	0.5
tcas	0.5
> cladocera:
dmag	0.333333
dpul	0.333333
etex	0.333333
> notostraca:
lapu	0.142857
lart	0.142857
lcou	0.142857
tcan	0.142857
tita	0.142857
tlon	0.142857
tusa	0.142857

mean GC outgro: all positions=0.443 position1=0.483 position2=0.380 position3=0.466 
mean GC cladocera: all positions=0.500 position1=0.504 position2=0.382 position3=0.613 
mean GC notostraca: all positions=0.488 position1=0.501 position2=0.413 position3=0.551 

** impossible to compute Ks. saturation? **

mean number of non synonymous sites compared: 224.9
mean Ka cladocera: 0.167285
mean Ka notostraca: 0.166734
dKa: 0.000550905	standard deviation (sd): 0.0185394	ratio dKa/sd: 0.0297154
exact probability (P): 0.976294

