

## treatement of 3 lineages from file OG0006046.phy ##

equally weighted sequences:
> outgro:
ocin	0.5
tcas	0.5
> anostraca:
afra	1
> cladocera:
dmag	0.333333
dpul	0.333333
etex	0.333333

mean GC outgro: all positions=0.405 position1=0.515 position2=0.261 position3=0.439 
mean GC anostraca: all positions=0.386 position1=0.568 position2=0.267 position3=0.322 
mean GC cladocera: all positions=0.389 position1=0.497 position2=0.278 position3=0.393 

** impossible to compute Ks. saturation? **

mean number of non synonymous sites compared: 469.5
mean Ka anostraca: 0.484482
mean Ka cladocera: 0.572074
dKa: -0.0875921	standard deviation (sd): 0.0343277	ratio dKa/sd: -2.55164
exact probability (P): 0.0107288

equally weighted sequences:
> outgro:
ocin	0.5
tcas	0.5
> anostraca:
afra	1
> notostraca:
lapu	0.142857
lart	0.142857
lcou	0.142857
lubb	0.142857
tcan	0.142857
tita	0.142857
tusa	0.142857

mean GC outgro: all positions=0.405 position1=0.515 position2=0.261 position3=0.439 
mean GC anostraca: all positions=0.386 position1=0.568 position2=0.267 position3=0.322 
mean GC notostraca: all positions=0.446 position1=0.570 position2=0.293 position3=0.474 

** impossible to compute Ks. saturation? **

mean number of non synonymous sites compared: 457.8
mean Ka anostraca: 0.484482
mean Ka notostraca: 0.528401
dKa: -0.0439193	standard deviation (sd): 0.0347651	ratio dKa/sd: -1.26332
exact probability (P): 0.206483

equally weighted sequences:
> outgro:
ocin	0.5
tcas	0.5
> cladocera:
dmag	0.333333
dpul	0.333333
etex	0.333333
> notostraca:
lapu	0.142857
lart	0.142857
lcou	0.142857
lubb	0.142857
tcan	0.142857
tita	0.142857
tusa	0.142857

mean GC outgro: all positions=0.405 position1=0.515 position2=0.261 position3=0.439 
mean GC cladocera: all positions=0.389 position1=0.497 position2=0.278 position3=0.393 
mean GC notostraca: all positions=0.446 position1=0.570 position2=0.293 position3=0.474 

** impossible to compute Ks. saturation? **

mean number of non synonymous sites compared: 461.9
mean Ka cladocera: 0.572074
mean Ka notostraca: 0.528401
dKa: 0.0436728	standard deviation (sd): 0.031384	ratio dKa/sd: 1.39156
exact probability (P): 0.164063

