

## treatement of 3 lineages from file OG0005681.phy ##

equally weighted sequences:
> outgro:
ocin	0.5
tcas	0.5
> anostraca:
afra	1
> cladocera:
dmag	0.333333
dpul	0.333333
etex	0.333333

mean GC outgro: all positions=0.549 position1=0.590 position2=0.479 position3=0.576 
mean GC anostraca: all positions=0.412 position1=0.444 position2=0.458 position3=0.333 
mean GC cladocera: all positions=0.549 position1=0.630 position2=0.509 position3=0.509 

** impossible to compute Ks. saturation? **

mean number of non synonymous sites compared: 138.0
mean Ka anostraca: 0.696942
mean Ka cladocera: 0.437205
dKa: 0.259736	standard deviation (sd): 0.0907851	ratio dKa/sd: 2.861
exact probability (P): 0.00422751

equally weighted sequences:
> outgro:
ocin	0.5
tcas	0.5
> anostraca:
afra	1
> notostraca:
lapu	0.125
lart	0.125
lcou	0.125
lubb	0.125
tcan	0.125
tita	0.125
tlon	0.125
tusa	0.125

mean GC outgro: all positions=0.549 position1=0.590 position2=0.479 position3=0.576 
mean GC anostraca: all positions=0.412 position1=0.444 position2=0.458 position3=0.333 
mean GC notostraca: all positions=0.541 position1=0.601 position2=0.556 position3=0.465 

** impossible to compute Ks. saturation? **

mean number of non synonymous sites compared: 138.1
mean Ka anostraca: 0.696942
mean Ka notostraca: 0.495917
dKa: 0.201025	standard deviation (sd): 0.0967831	ratio dKa/sd: 2.07707
exact probability (P): 0.0378028

equally weighted sequences:
> outgro:
ocin	0.5
tcas	0.5
> cladocera:
dmag	0.333333
dpul	0.333333
etex	0.333333
> notostraca:
lapu	0.125
lart	0.125
lcou	0.125
lubb	0.125
tcan	0.125
tita	0.125
tlon	0.125
tusa	0.125

mean GC outgro: all positions=0.549 position1=0.590 position2=0.479 position3=0.576 
mean GC cladocera: all positions=0.549 position1=0.630 position2=0.509 position3=0.509 
mean GC notostraca: all positions=0.541 position1=0.601 position2=0.556 position3=0.465 

** impossible to compute Ks. saturation? **

mean number of non synonymous sites compared: 138.1
mean Ka cladocera: 0.437205
mean Ka notostraca: 0.495917
dKa: -0.0587112	standard deviation (sd): 0.0472903	ratio dKa/sd: -1.24151
exact probability (P): 0.214427

