

## treatement of 3 lineages from file OG0005598.phy ##

equally weighted sequences:
> outgro:
ocin	0.5
tcas	0.5
> anostraca:
afra	1
> cladocera:
dmag	0.333333
dpul	0.333333
etex	0.333333

mean GC outgro: all positions=0.580 position1=0.574 position2=0.500 position3=0.667 
mean GC anostraca: all positions=0.401 position1=0.500 position2=0.500 position3=0.204 
mean GC cladocera: all positions=0.531 position1=0.574 position2=0.519 position3=0.500 

** impossible to compute Ks. saturation? **

mean number of non synonymous sites compared: 98.6
mean Ka anostraca: 0.108376
mean Ka cladocera: 0.0754132
dKa: 0.0329627	standard deviation (sd): 0.0276709	ratio dKa/sd: 1.19124
exact probability (P): 0.233568

equally weighted sequences:
> outgro:
ocin	0.5
tcas	0.5
> anostraca:
afra	1
> notostraca:
lapu	0.125
lart	0.125
lcou	0.125
lubb	0.125
tcan	0.125
tita	0.125
tlon	0.125
tusa	0.125

mean GC outgro: all positions=0.580 position1=0.574 position2=0.500 position3=0.667 
mean GC anostraca: all positions=0.401 position1=0.500 position2=0.500 position3=0.204 
mean GC notostraca: all positions=0.546 position1=0.586 position2=0.519 position3=0.532 

** impossible to compute Ks. saturation? **

mean number of non synonymous sites compared: 99.8
mean Ka anostraca: 0.108376
mean Ka notostraca: 0.107124
dKa: 0.00125201	standard deviation (sd): 0.0362032	ratio dKa/sd: 0.0345828
exact probability (P): 0.972413

equally weighted sequences:
> outgro:
ocin	0.5
tcas	0.5
> cladocera:
dmag	0.333333
dpul	0.333333
etex	0.333333
> notostraca:
lapu	0.125
lart	0.125
lcou	0.125
lubb	0.125
tcan	0.125
tita	0.125
tlon	0.125
tusa	0.125

mean GC outgro: all positions=0.580 position1=0.574 position2=0.500 position3=0.667 
mean GC cladocera: all positions=0.531 position1=0.574 position2=0.519 position3=0.500 
mean GC notostraca: all positions=0.546 position1=0.586 position2=0.519 position3=0.532 

** impossible to compute Ks. saturation? **

mean number of non synonymous sites compared: 99.7
mean Ka cladocera: 0.0754132
mean Ka notostraca: 0.107124
dKa: -0.0317106	standard deviation (sd): 0.020121	ratio dKa/sd: -1.576
exact probability (P): 0.115036

