

## treatement of 3 lineages from file OG0005564.phy ##

equally weighted sequences:
> outgro:
ocin	0.5
tcas	0.5
> anostraca:
afra	1
> cladocera:
dmag	0.333333
dpul	0.333333
etex	0.333333

mean GC outgro: all positions=0.442 position1=0.537 position2=0.330 position3=0.459 
mean GC anostraca: all positions=0.358 position1=0.526 position2=0.252 position3=0.296 
mean GC cladocera: all positions=0.463 position1=0.531 position2=0.296 position3=0.563 

** impossible to compute Ks. saturation? **

mean number of non synonymous sites compared: 269.5
mean Ka anostraca: 0.584019
mean Ka cladocera: 0.375799
dKa: 0.208219	standard deviation (sd): 0.0548908	ratio dKa/sd: 3.79334
exact probability (P): 0.000150843

equally weighted sequences:
> outgro:
ocin	0.5
tcas	0.5
> anostraca:
afra	1
> notostraca:
lapu	0.125
lart	0.125
lcou	0.125
lubb	0.125
tcan	0.125
tita	0.125
tlon	0.125
tusa	0.125

mean GC outgro: all positions=0.442 position1=0.537 position2=0.330 position3=0.459 
mean GC anostraca: all positions=0.358 position1=0.526 position2=0.252 position3=0.296 
mean GC notostraca: all positions=0.431 position1=0.570 position2=0.271 position3=0.450 

** impossible to compute Ks. saturation? **

mean number of non synonymous sites compared: 273.9
mean Ka anostraca: 0.584019
mean Ka notostraca: 0.367969
dKa: 0.216049	standard deviation (sd): 0.0575424	ratio dKa/sd: 3.75461
exact probability (P): 0.000175716

equally weighted sequences:
> outgro:
ocin	0.5
tcas	0.5
> cladocera:
dmag	0.333333
dpul	0.333333
etex	0.333333
> notostraca:
lapu	0.125
lart	0.125
lcou	0.125
lubb	0.125
tcan	0.125
tita	0.125
tlon	0.125
tusa	0.125

mean GC outgro: all positions=0.442 position1=0.537 position2=0.330 position3=0.459 
mean GC cladocera: all positions=0.463 position1=0.531 position2=0.296 position3=0.563 
mean GC notostraca: all positions=0.431 position1=0.570 position2=0.271 position3=0.450 

** impossible to compute Ks. saturation? **

mean number of non synonymous sites compared: 270.1
mean Ka cladocera: 0.375799
mean Ka notostraca: 0.367969
dKa: 0.00782996	standard deviation (sd): 0.0255651	ratio dKa/sd: 0.306275
exact probability (P): 0.759398

