

## treatement of 3 lineages from file OG0005142.phy ##

equally weighted sequences:
> outgro:
ocin	0.5
tcas	0.5
> anostraca:
afra	1
> cladocera:
dmag	0.333333
dpul	0.333333
etex	0.333333

mean GC outgro: all positions=0.442 position1=0.506 position2=0.372 position3=0.448 
mean GC anostraca: all positions=0.410 position1=0.526 position2=0.385 position3=0.319 
mean GC cladocera: all positions=0.430 position1=0.506 position2=0.380 position3=0.405 

** impossible to compute Ks. saturation? **

mean number of non synonymous sites compared: 505.0
mean Ka anostraca: 0.275657
mean Ka cladocera: 0.269751
dKa: 0.00590593	standard deviation (sd): 0.0230318	ratio dKa/sd: 0.256425
exact probability (P): 0.797624

equally weighted sequences:
> outgro:
ocin	0.5
tcas	0.5
> anostraca:
afra	1
> notostraca:
lapu	0.125
lart	0.125
lcou	0.125
lubb	0.125
tcan	0.125
tita	0.125
tlon	0.125
tusa	0.125

mean GC outgro: all positions=0.442 position1=0.506 position2=0.372 position3=0.448 
mean GC anostraca: all positions=0.410 position1=0.526 position2=0.385 position3=0.319 
mean GC notostraca: all positions=0.496 position1=0.550 position2=0.386 position3=0.550 

** impossible to compute Ks. saturation? **

mean number of non synonymous sites compared: 501.3
mean Ka anostraca: 0.275657
mean Ka notostraca: 0.242612
dKa: 0.0330447	standard deviation (sd): 0.0221449	ratio dKa/sd: 1.4922
exact probability (P): 0.135655

equally weighted sequences:
> outgro:
ocin	0.5
tcas	0.5
> cladocera:
dmag	0.333333
dpul	0.333333
etex	0.333333
> notostraca:
lapu	0.125
lart	0.125
lcou	0.125
lubb	0.125
tcan	0.125
tita	0.125
tlon	0.125
tusa	0.125

mean GC outgro: all positions=0.442 position1=0.506 position2=0.372 position3=0.448 
mean GC cladocera: all positions=0.430 position1=0.506 position2=0.380 position3=0.405 
mean GC notostraca: all positions=0.496 position1=0.550 position2=0.386 position3=0.550 

** impossible to compute Ks. saturation? **

mean number of non synonymous sites compared: 505.6
mean Ka cladocera: 0.269751
mean Ka notostraca: 0.242612
dKa: 0.0271388	standard deviation (sd): 0.0198423	ratio dKa/sd: 1.36773
exact probability (P): 0.171406

