

## treatement of 3 lineages from file OG0005516.phy ##

equally weighted sequences:
> outgro:
ocin	0.5
tcas	0.5
> anostraca:
afra	1
> cladocera:
dmag	0.333333
dpul	0.333333
etex	0.333333

mean GC outgro: all positions=0.385 position1=0.444 position2=0.326 position3=0.385 
mean GC anostraca: all positions=0.352 position1=0.390 position2=0.333 position3=0.333 
mean GC cladocera: all positions=0.435 position1=0.455 position2=0.383 position3=0.467 

** impossible to compute Ks. saturation? **

mean number of non synonymous sites compared: 387.0
mean Ka anostraca: 0.339125
mean Ka cladocera: 0.296069
dKa: 0.0430557	standard deviation (sd): 0.0286055	ratio dKa/sd: 1.50515
exact probability (P): 0.132293

equally weighted sequences:
> outgro:
ocin	0.5
tcas	0.5
> anostraca:
afra	1
> notostraca:
lapu	0.125
lart	0.125
lcou	0.125
lubb	0.125
tcan	0.125
tita	0.125
tlon	0.125
tusa	0.125

mean GC outgro: all positions=0.385 position1=0.444 position2=0.326 position3=0.385 
mean GC anostraca: all positions=0.352 position1=0.390 position2=0.333 position3=0.333 
mean GC notostraca: all positions=0.461 position1=0.472 position2=0.385 position3=0.526 

** impossible to compute Ks. saturation? **

mean number of non synonymous sites compared: 385.2
mean Ka anostraca: 0.339125
mean Ka notostraca: 0.300196
dKa: 0.0389291	standard deviation (sd): 0.0301667	ratio dKa/sd: 1.29047
exact probability (P): 0.196897

equally weighted sequences:
> outgro:
ocin	0.5
tcas	0.5
> cladocera:
dmag	0.333333
dpul	0.333333
etex	0.333333
> notostraca:
lapu	0.125
lart	0.125
lcou	0.125
lubb	0.125
tcan	0.125
tita	0.125
tlon	0.125
tusa	0.125

mean GC outgro: all positions=0.385 position1=0.444 position2=0.326 position3=0.385 
mean GC cladocera: all positions=0.435 position1=0.455 position2=0.383 position3=0.467 
mean GC notostraca: all positions=0.461 position1=0.472 position2=0.385 position3=0.526 

** impossible to compute Ks. saturation? **

mean number of non synonymous sites compared: 382.2
mean Ka cladocera: 0.296069
mean Ka notostraca: 0.300196
dKa: -0.00412657	standard deviation (sd): 0.0214051	ratio dKa/sd: -0.192784
exact probability (P): 0.847129

