

## treatement of 3 lineages from file OG0005672.phy ##

equally weighted sequences:
> outgro:
ocin	0.5
tcas	0.5
> anostraca:
afra	1
> cladocera:
dmag	0.333333
dpul	0.333333
etex	0.333333

mean GC outgro: all positions=0.458 position1=0.375 position2=0.500 position3=0.500 
mean GC anostraca: all positions=0.417 position1=0.250 position2=0.500 position3=0.500 
mean GC cladocera: all positions=0.583 position1=0.500 position2=0.500 position3=0.750 

** impossible to compute Ks. saturation? **

mean number of non synonymous sites compared: 7.6
mean Ka anostraca: 0
mean Ka cladocera: 0.00571218
dKa: -0.00571218	standard deviation (sd): 0.0464193	ratio dKa/sd: -0.123056
exact probability (P): 0.902063

equally weighted sequences:
> outgro:
ocin	0.5
tcas	0.5
> anostraca:
afra	1
> notostraca:
lapu	0.125
lart	0.125
lcou	0.125
lubb	0.125
tcan	0.125
tita	0.125
tlon	0.125
tusa	0.125

mean GC outgro: all positions=0.458 position1=0.375 position2=0.500 position3=0.500 
mean GC anostraca: all positions=0.417 position1=0.250 position2=0.500 position3=0.500 
mean GC notostraca: all positions=0.469 position1=0.406 position2=0.500 position3=0.500 

** impossible to compute Ks. saturation? **

mean number of non synonymous sites compared: 7.6
mean Ka anostraca: 0
mean Ka notostraca: 0
<< no detectable difference, no need to test!

equally weighted sequences:
> outgro:
ocin	0.5
tcas	0.5
> cladocera:
dmag	0.333333
dpul	0.333333
etex	0.333333
> notostraca:
lapu	0.125
lart	0.125
lcou	0.125
lubb	0.125
tcan	0.125
tita	0.125
tlon	0.125
tusa	0.125

mean GC outgro: all positions=0.458 position1=0.375 position2=0.500 position3=0.500 
mean GC cladocera: all positions=0.583 position1=0.500 position2=0.500 position3=0.750 
mean GC notostraca: all positions=0.469 position1=0.406 position2=0.500 position3=0.500 

** impossible to compute Ks. saturation? **

mean number of non synonymous sites compared: 7.6
mean Ka cladocera: 0.00571218
mean Ka notostraca: 0
dKa: 0.00571218	standard deviation (sd): 0.0361041	ratio dKa/sd: 0.158214
exact probability (P): 0.874289

