

## treatement of 3 lineages from file OG0006141.phy ##

equally weighted sequences:
> outgro:
tcas	1
> anostraca:
afra	1
> cladocera:
dmag	0.333333
dpul	0.333333
etex	0.333333

mean GC outgro: all positions=0.441 position1=0.512 position2=0.273 position3=0.537 
mean GC anostraca: all positions=0.455 position1=0.628 position2=0.347 position3=0.388 
mean GC cladocera: all positions=0.483 position1=0.620 position2=0.342 position3=0.488 

** impossible to compute Ks. saturation? **

mean number of non synonymous sites compared: 243.0
mean Ka anostraca: 0.637425
mean Ka cladocera: 0.561403
dKa: 0.0760218	standard deviation (sd): 0.0662012	ratio dKa/sd: 1.14835
exact probability (P): 0.250833

equally weighted sequences:
> outgro:
tcas	1
> anostraca:
afra	1
> notostraca:
lapu	0.125
lart	0.125
lcou	0.125
lubb	0.125
tcan	0.125
tita	0.125
tlon	0.125
tusa	0.125

mean GC outgro: all positions=0.441 position1=0.512 position2=0.273 position3=0.537 
mean GC anostraca: all positions=0.455 position1=0.628 position2=0.347 position3=0.388 
mean GC notostraca: all positions=0.470 position1=0.619 position2=0.371 position3=0.419 

** impossible to compute Ks. saturation? **

mean number of non synonymous sites compared: 236.1
mean Ka anostraca: 0.637425
mean Ka notostraca: 0.645534
dKa: -0.00810919	standard deviation (sd): 0.0733143	ratio dKa/sd: -0.110609
exact probability (P): 0.911927

equally weighted sequences:
> outgro:
tcas	1
> cladocera:
dmag	0.333333
dpul	0.333333
etex	0.333333
> notostraca:
lapu	0.125
lart	0.125
lcou	0.125
lubb	0.125
tcan	0.125
tita	0.125
tlon	0.125
tusa	0.125

mean GC outgro: all positions=0.441 position1=0.512 position2=0.273 position3=0.537 
mean GC cladocera: all positions=0.483 position1=0.620 position2=0.342 position3=0.488 
mean GC notostraca: all positions=0.470 position1=0.619 position2=0.371 position3=0.419 

** impossible to compute Ks. saturation? **

mean number of non synonymous sites compared: 238.6
mean Ka cladocera: 0.561403
mean Ka notostraca: 0.645534
dKa: -0.084131	standard deviation (sd): 0.0542853	ratio dKa/sd: -1.54979
exact probability (P): 0.121199

