

## treatement of 3 lineages from file OG0007510.phy ##

equally weighted sequences:
> outgro:
ocin	0.5
tcas	0.5
> anostraca:
afra	1
> cladocera:
dmag	0.333333
dpul	0.333333
etex	0.333333

mean GC outgro: all positions=0.431 position1=0.530 position2=0.327 position3=0.435 
mean GC anostraca: all positions=0.437 position1=0.512 position2=0.321 position3=0.476 
mean GC cladocera: all positions=0.442 position1=0.524 position2=0.329 position3=0.472 

** impossible to compute Ks. saturation? **

mean number of non synonymous sites compared: 167.5
mean Ka anostraca: 0.29172
mean Ka cladocera: 0.138351
dKa: 0.153369	standard deviation (sd): 0.0443706	ratio dKa/sd: 3.45654
exact probability (P): 0.000549844

equally weighted sequences:
> outgro:
ocin	0.5
tcas	0.5
> anostraca:
afra	1
> notostraca:
lapu	0.2
lart	0.2
lcou	0.2
lubb	0.2
tlon	0.2

mean GC outgro: all positions=0.431 position1=0.530 position2=0.327 position3=0.435 
mean GC anostraca: all positions=0.437 position1=0.512 position2=0.321 position3=0.476 
mean GC notostraca: all positions=0.454 position1=0.540 position2=0.324 position3=0.498 

** impossible to compute Ks. saturation? **

mean number of non synonymous sites compared: 165.7
mean Ka anostraca: 0.29172
mean Ka notostraca: 0.137544
dKa: 0.154176	standard deviation (sd): 0.0440964	ratio dKa/sd: 3.49633
exact probability (P): 0.000475435

equally weighted sequences:
> outgro:
ocin	0.5
tcas	0.5
> cladocera:
dmag	0.333333
dpul	0.333333
etex	0.333333
> notostraca:
lapu	0.2
lart	0.2
lcou	0.2
lubb	0.2
tlon	0.2

mean GC outgro: all positions=0.431 position1=0.530 position2=0.327 position3=0.435 
mean GC cladocera: all positions=0.442 position1=0.524 position2=0.329 position3=0.472 
mean GC notostraca: all positions=0.454 position1=0.540 position2=0.324 position3=0.498 

** impossible to compute Ks. saturation? **

mean number of non synonymous sites compared: 164.4
mean Ka cladocera: 0.138351
mean Ka notostraca: 0.137544
dKa: 0.000806984	standard deviation (sd): 0.0173932	ratio dKa/sd: 0.0463966
exact probability (P): 0.962994

