

## treatement of 3 lineages from file OG0005501.phy ##

equally weighted sequences:
> outgro:
ocin	0.5
tcas	0.5
> anostraca:
afra	1
> cladocera:
dmag	0.333333
dpul	0.333333
etex	0.333333

mean GC outgro: all positions=0.463 position1=0.512 position2=0.369 position3=0.510 
mean GC anostraca: all positions=0.377 position1=0.494 position2=0.335 position3=0.303 
mean GC cladocera: all positions=0.439 position1=0.530 position2=0.397 position3=0.389 

** impossible to compute Ks. saturation? **

mean number of non synonymous sites compared: 481.6
mean Ka anostraca: 0.452043
mean Ka cladocera: 0.380046
dKa: 0.0719968	standard deviation (sd): 0.0281079	ratio dKa/sd: 2.56145
exact probability (P): 0.010431

equally weighted sequences:
> outgro:
ocin	0.5
tcas	0.5
> anostraca:
afra	1
> notostraca:
lapu	0.125
lart	0.125
lcou	0.125
lubb	0.125
tcan	0.125
tita	0.125
tlon	0.125
tusa	0.125

mean GC outgro: all positions=0.463 position1=0.512 position2=0.369 position3=0.510 
mean GC anostraca: all positions=0.377 position1=0.494 position2=0.335 position3=0.303 
mean GC notostraca: all positions=0.491 position1=0.563 position2=0.400 position3=0.510 

** impossible to compute Ks. saturation? **

mean number of non synonymous sites compared: 482.0
mean Ka anostraca: 0.452043
mean Ka notostraca: 0.391855
dKa: 0.0601876	standard deviation (sd): 0.0306773	ratio dKa/sd: 1.96195
exact probability (P): 0.0497752

equally weighted sequences:
> outgro:
ocin	0.5
tcas	0.5
> cladocera:
dmag	0.333333
dpul	0.333333
etex	0.333333
> notostraca:
lapu	0.125
lart	0.125
lcou	0.125
lubb	0.125
tcan	0.125
tita	0.125
tlon	0.125
tusa	0.125

mean GC outgro: all positions=0.463 position1=0.512 position2=0.369 position3=0.510 
mean GC cladocera: all positions=0.439 position1=0.530 position2=0.397 position3=0.389 
mean GC notostraca: all positions=0.491 position1=0.563 position2=0.400 position3=0.510 

** impossible to compute Ks. saturation? **

mean number of non synonymous sites compared: 482.7
mean Ka cladocera: 0.380046
mean Ka notostraca: 0.391855
dKa: -0.0118092	standard deviation (sd): 0.0204043	ratio dKa/sd: -0.578761
exact probability (P): 0.562754

