

## treatement of 3 lineages from file OG0005520.phy ##

equally weighted sequences:
> outgro:
ocin	0.5
tcas	0.5
> anostraca:
afra	1
> cladocera:
dmag	0.333333
dpul	0.333333
etex	0.333333

mean GC outgro: all positions=0.442 position1=0.553 position2=0.356 position3=0.418 
mean GC anostraca: all positions=0.433 position1=0.567 position2=0.288 position3=0.442 
mean GC cladocera: all positions=0.434 position1=0.558 position2=0.349 position3=0.394 

** impossible to compute Ks. saturation? **

mean number of non synonymous sites compared: 206.0
mean Ka anostraca: 0.511054
mean Ka cladocera: 0.49418
dKa: 0.0168744	standard deviation (sd): 0.0559335	ratio dKa/sd: 0.301687
exact probability (P): 0.762893

equally weighted sequences:
> outgro:
ocin	0.5
tcas	0.5
> anostraca:
afra	1
> notostraca:
lapu	0.125
lart	0.125
lcou	0.125
lubb	0.125
tcan	0.125
tita	0.125
tlon	0.125
tusa	0.125

mean GC outgro: all positions=0.442 position1=0.553 position2=0.356 position3=0.418 
mean GC anostraca: all positions=0.433 position1=0.567 position2=0.288 position3=0.442 
mean GC notostraca: all positions=0.461 position1=0.530 position2=0.395 position3=0.457 

** impossible to compute Ks. saturation? **

mean number of non synonymous sites compared: 205.3
mean Ka anostraca: 0.511054
mean Ka notostraca: 0.49052
dKa: 0.0205345	standard deviation (sd): 0.0585797	ratio dKa/sd: 0.350539
exact probability (P): 0.725937

equally weighted sequences:
> outgro:
ocin	0.5
tcas	0.5
> cladocera:
dmag	0.333333
dpul	0.333333
etex	0.333333
> notostraca:
lapu	0.125
lart	0.125
lcou	0.125
lubb	0.125
tcan	0.125
tita	0.125
tlon	0.125
tusa	0.125

mean GC outgro: all positions=0.442 position1=0.553 position2=0.356 position3=0.418 
mean GC cladocera: all positions=0.434 position1=0.558 position2=0.349 position3=0.394 
mean GC notostraca: all positions=0.461 position1=0.530 position2=0.395 position3=0.457 

** impossible to compute Ks. saturation? **

mean number of non synonymous sites compared: 205.5
mean Ka cladocera: 0.49418
mean Ka notostraca: 0.49052
dKa: 0.00366003	standard deviation (sd): 0.0437974	ratio dKa/sd: 0.0835672
exact probability (P): 0.933401

