

## treatement of 3 lineages from file OG0005104.phy ##

equally weighted sequences:
> outgro:
ocin	0.5
tcas	0.5
> anostraca:
afra	1
> cladocera:
dmag	0.333333
dpul	0.333333
etex	0.333333

mean GC outgro: all positions=0.423 position1=0.597 position2=0.252 position3=0.421 
mean GC anostraca: all positions=0.396 position1=0.585 position2=0.252 position3=0.352 
mean GC cladocera: all positions=0.421 position1=0.604 position2=0.258 position3=0.403 

** impossible to compute Ks. saturation? **

mean number of non synonymous sites compared: 313.5
mean Ka anostraca: 0.334178
mean Ka cladocera: 0.317274
dKa: 0.0169042	standard deviation (sd): 0.0315397	ratio dKa/sd: 0.535964
exact probability (P): 0.591987

equally weighted sequences:
> outgro:
ocin	0.5
tcas	0.5
> anostraca:
afra	1
> notostraca:
lapu	0.125
lart	0.125
lcou	0.125
lubb	0.125
tcan	0.125
tita	0.125
tlon	0.125
tusa	0.125

mean GC outgro: all positions=0.423 position1=0.597 position2=0.252 position3=0.421 
mean GC anostraca: all positions=0.396 position1=0.585 position2=0.252 position3=0.352 
mean GC notostraca: all positions=0.441 position1=0.612 position2=0.218 position3=0.492 

** impossible to compute Ks. saturation? **

mean number of non synonymous sites compared: 314.9
mean Ka anostraca: 0.334178
mean Ka notostraca: 0.261048
dKa: 0.0731307	standard deviation (sd): 0.0328045	ratio dKa/sd: 2.22929
exact probability (P): 0.0258026

equally weighted sequences:
> outgro:
ocin	0.5
tcas	0.5
> cladocera:
dmag	0.333333
dpul	0.333333
etex	0.333333
> notostraca:
lapu	0.125
lart	0.125
lcou	0.125
lubb	0.125
tcan	0.125
tita	0.125
tlon	0.125
tusa	0.125

mean GC outgro: all positions=0.423 position1=0.597 position2=0.252 position3=0.421 
mean GC cladocera: all positions=0.421 position1=0.604 position2=0.258 position3=0.403 
mean GC notostraca: all positions=0.441 position1=0.612 position2=0.218 position3=0.492 

** impossible to compute Ks. saturation? **

mean number of non synonymous sites compared: 313.4
mean Ka cladocera: 0.317274
mean Ka notostraca: 0.261048
dKa: 0.0562266	standard deviation (sd): 0.0216982	ratio dKa/sd: 2.5913
exact probability (P): 0.00956612

