

## treatement of 3 lineages from file OG0005204.phy ##

equally weighted sequences:
> outgro:
ocin	0.5
tcas	0.5
> anostraca:
afra	1
> cladocera:
dmag	0.333333
dpul	0.333333
etex	0.333333

mean GC outgro: all positions=0.502 position1=0.582 position2=0.412 position3=0.512 
mean GC anostraca: all positions=0.349 position1=0.435 position2=0.247 position3=0.365 
mean GC cladocera: all positions=0.417 position1=0.514 position2=0.310 position3=0.427 

** impossible to compute Ks. saturation? **

mean number of non synonymous sites compared: 169.9
mean Ka anostraca: 0.865433
mean Ka cladocera: 0.65854
dKa: 0.206892	standard deviation (sd): 0.0983394	ratio dKa/sd: 2.10386
exact probability (P): 0.0353987

equally weighted sequences:
> outgro:
ocin	0.5
tcas	0.5
> anostraca:
afra	1
> notostraca:
lapu	0.125
lart	0.125
lcou	0.125
lubb	0.125
tcan	0.125
tita	0.125
tlon	0.125
tusa	0.125

mean GC outgro: all positions=0.502 position1=0.582 position2=0.412 position3=0.512 
mean GC anostraca: all positions=0.349 position1=0.435 position2=0.247 position3=0.365 
mean GC notostraca: all positions=0.440 position1=0.566 position2=0.321 position3=0.432 

** impossible to compute Ks. saturation? **

mean number of non synonymous sites compared: 166.1
mean Ka anostraca: 0.865433
mean Ka notostraca: 0.793228
dKa: 0.072205	standard deviation (sd): 0.10979	ratio dKa/sd: 0.657665
exact probability (P): 0.510759

equally weighted sequences:
> outgro:
ocin	0.5
tcas	0.5
> cladocera:
dmag	0.333333
dpul	0.333333
etex	0.333333
> notostraca:
lapu	0.125
lart	0.125
lcou	0.125
lubb	0.125
tcan	0.125
tita	0.125
tlon	0.125
tusa	0.125

mean GC outgro: all positions=0.502 position1=0.582 position2=0.412 position3=0.512 
mean GC cladocera: all positions=0.417 position1=0.514 position2=0.310 position3=0.427 
mean GC notostraca: all positions=0.440 position1=0.566 position2=0.321 position3=0.432 

** impossible to compute Ks. saturation? **

mean number of non synonymous sites compared: 168.1
mean Ka cladocera: 0.65854
mean Ka notostraca: 0.793228
dKa: -0.134688	standard deviation (sd): 0.0737519	ratio dKa/sd: -1.82622
exact probability (P): 0.067825

