

## treatement of 3 lineages from file OG0005073.phy ##

equally weighted sequences:
> outgro:
ocin	0.5
tcas	0.5
> anostraca:
afra	1
> cladocera:
dmag	0.333333
dpul	0.333333
etex	0.333333

mean GC outgro: all positions=0.433 position1=0.514 position2=0.371 position3=0.414 
mean GC anostraca: all positions=0.387 position1=0.480 position2=0.354 position3=0.326 
mean GC cladocera: all positions=0.430 position1=0.520 position2=0.383 position3=0.387 

** impossible to compute Ks. saturation? **

mean number of non synonymous sites compared: 333.7
mean Ka anostraca: 0.498621
mean Ka cladocera: 0.372489
dKa: 0.126132	standard deviation (sd): 0.0420353	ratio dKa/sd: 3.00062
exact probability (P): 0.00269885

equally weighted sequences:
> outgro:
ocin	0.5
tcas	0.5
> anostraca:
afra	1
> notostraca:
lapu	0.125
lart	0.125
lcou	0.125
lubb	0.125
tcan	0.125
tita	0.125
tlon	0.125
tusa	0.125

mean GC outgro: all positions=0.433 position1=0.514 position2=0.371 position3=0.414 
mean GC anostraca: all positions=0.387 position1=0.480 position2=0.354 position3=0.326 
mean GC notostraca: all positions=0.447 position1=0.549 position2=0.382 position3=0.409 

** impossible to compute Ks. saturation? **

mean number of non synonymous sites compared: 332.7
mean Ka anostraca: 0.498621
mean Ka notostraca: 0.372219
dKa: 0.126402	standard deviation (sd): 0.0448616	ratio dKa/sd: 2.81759
exact probability (P): 0.00484406

equally weighted sequences:
> outgro:
ocin	0.5
tcas	0.5
> cladocera:
dmag	0.333333
dpul	0.333333
etex	0.333333
> notostraca:
lapu	0.125
lart	0.125
lcou	0.125
lubb	0.125
tcan	0.125
tita	0.125
tlon	0.125
tusa	0.125

mean GC outgro: all positions=0.433 position1=0.514 position2=0.371 position3=0.414 
mean GC cladocera: all positions=0.430 position1=0.520 position2=0.383 position3=0.387 
mean GC notostraca: all positions=0.447 position1=0.549 position2=0.382 position3=0.409 

** impossible to compute Ks. saturation? **

mean number of non synonymous sites compared: 328.4
mean Ka cladocera: 0.372489
mean Ka notostraca: 0.372219
dKa: 0.000269599	standard deviation (sd): 0.0272225	ratio dKa/sd: 0.00990352
exact probability (P): 0.992098

