

## treatement of 3 lineages from file OG0006184.phy ##

equally weighted sequences:
> outgro:
ocin	0.5
tcas	0.5
> anostraca:
afra	1
> cladocera:
dmag	0.5
dpul	0.5

mean GC outgro: all positions=0.493 position1=0.518 position2=0.394 position3=0.566 
mean GC anostraca: all positions=0.393 position1=0.482 position2=0.393 position3=0.304 
mean GC cladocera: all positions=0.422 position1=0.492 position2=0.391 position3=0.382 

** impossible to compute Ks. saturation? **

mean number of non synonymous sites compared: 629.8
mean Ka anostraca: 0.493205
mean Ka cladocera: 0.450979
dKa: 0.0422264	standard deviation (sd): 0.0311605	ratio dKa/sd: 1.35513
exact probability (P): 0.175385

equally weighted sequences:
> outgro:
ocin	0.5
tcas	0.5
> anostraca:
afra	1
> notostraca:
lapu	0.125
lart	0.125
lcou	0.125
lubb	0.125
tcan	0.125
tita	0.125
tlon	0.125
tusa	0.125

mean GC outgro: all positions=0.493 position1=0.518 position2=0.394 position3=0.566 
mean GC anostraca: all positions=0.393 position1=0.482 position2=0.393 position3=0.304 
mean GC notostraca: all positions=0.457 position1=0.539 position2=0.393 position3=0.439 

** impossible to compute Ks. saturation? **

mean number of non synonymous sites compared: 632.7
mean Ka anostraca: 0.493205
mean Ka notostraca: 0.476196
dKa: 0.0170097	standard deviation (sd): 0.0307502	ratio dKa/sd: 0.553156
exact probability (P): 0.580161

equally weighted sequences:
> outgro:
ocin	0.5
tcas	0.5
> cladocera:
dmag	0.5
dpul	0.5
> notostraca:
lapu	0.125
lart	0.125
lcou	0.125
lubb	0.125
tcan	0.125
tita	0.125
tlon	0.125
tusa	0.125

mean GC outgro: all positions=0.493 position1=0.518 position2=0.394 position3=0.566 
mean GC cladocera: all positions=0.422 position1=0.492 position2=0.391 position3=0.382 
mean GC notostraca: all positions=0.457 position1=0.539 position2=0.393 position3=0.439 

** impossible to compute Ks. saturation? **

mean number of non synonymous sites compared: 632.8
mean Ka cladocera: 0.450979
mean Ka notostraca: 0.476196
dKa: -0.0252167	standard deviation (sd): 0.0242607	ratio dKa/sd: -1.0394
exact probability (P): 0.298624

