

## treatement of 3 lineages from file OG0007031.phy ##

equally weighted sequences:
> outgro:
ocin	0.5
tcas	0.5
> anostraca:
afra	1
> cladocera:
dmag	0.5
dpul	0.5

mean GC outgro: all positions=0.392 position1=0.486 position2=0.339 position3=0.351 
mean GC anostraca: all positions=0.399 position1=0.536 position2=0.375 position3=0.286 
mean GC cladocera: all positions=0.411 position1=0.516 position2=0.375 position3=0.343 

** impossible to compute Ks. saturation? **

mean number of non synonymous sites compared: 498.7
mean Ka anostraca: 0.435536
mean Ka cladocera: 0.437551
dKa: -0.00201451	standard deviation (sd): 0.0346664	ratio dKa/sd: -0.0581113
exact probability (P): 0.95366

equally weighted sequences:
> outgro:
ocin	0.5
tcas	0.5
> anostraca:
afra	1
> notostraca:
lapu	0.142857
lcou	0.142857
lubb	0.142857
tcan	0.142857
tita	0.142857
tlon	0.142857
tusa	0.142857

mean GC outgro: all positions=0.392 position1=0.486 position2=0.339 position3=0.351 
mean GC anostraca: all positions=0.399 position1=0.536 position2=0.375 position3=0.286 
mean GC notostraca: all positions=0.452 position1=0.521 position2=0.396 position3=0.439 

** impossible to compute Ks. saturation? **

mean number of non synonymous sites compared: 494.5
mean Ka anostraca: 0.435536
mean Ka notostraca: 0.426817
dKa: 0.0087188	standard deviation (sd): 0.0330942	ratio dKa/sd: 0.263454
exact probability (P): 0.792202

equally weighted sequences:
> outgro:
ocin	0.5
tcas	0.5
> cladocera:
dmag	0.5
dpul	0.5
> notostraca:
lapu	0.142857
lcou	0.142857
lubb	0.142857
tcan	0.142857
tita	0.142857
tlon	0.142857
tusa	0.142857

mean GC outgro: all positions=0.392 position1=0.486 position2=0.339 position3=0.351 
mean GC cladocera: all positions=0.411 position1=0.516 position2=0.375 position3=0.343 
mean GC notostraca: all positions=0.452 position1=0.521 position2=0.396 position3=0.439 

** impossible to compute Ks. saturation? **

mean number of non synonymous sites compared: 487.0
mean Ka cladocera: 0.437551
mean Ka notostraca: 0.426817
dKa: 0.0107333	standard deviation (sd): 0.0296922	ratio dKa/sd: 0.361485
exact probability (P): 0.717739

