

## treatement of 3 lineages from file OG0005246.phy ##

equally weighted sequences:
> outgro:
ocin	0.5
tcas	0.5
> anostraca:
afra	1
> cladocera:
dmag	0.333333
dpul	0.333333
etex	0.333333

mean GC outgro: all positions=0.476 position1=0.534 position2=0.371 position3=0.523 
mean GC anostraca: all positions=0.407 position1=0.547 position2=0.367 position3=0.307 
mean GC cladocera: all positions=0.493 position1=0.559 position2=0.374 position3=0.544 

** impossible to compute Ks. saturation? **

mean number of non synonymous sites compared: 671.2
mean Ka anostraca: 0.289129
mean Ka cladocera: 0.26449
dKa: 0.024639	standard deviation (sd): 0.0179554	ratio dKa/sd: 1.37223
exact probability (P): 0.17

equally weighted sequences:
> outgro:
ocin	0.5
tcas	0.5
> anostraca:
afra	1
> notostraca:
lapu	0.125
lart	0.125
lcou	0.125
lubb	0.125
tcan	0.125
tita	0.125
tlon	0.125
tusa	0.125

mean GC outgro: all positions=0.476 position1=0.534 position2=0.371 position3=0.523 
mean GC anostraca: all positions=0.407 position1=0.547 position2=0.367 position3=0.307 
mean GC notostraca: all positions=0.518 position1=0.581 position2=0.382 position3=0.592 

** impossible to compute Ks. saturation? **

mean number of non synonymous sites compared: 669.9
mean Ka anostraca: 0.289129
mean Ka notostraca: 0.285333
dKa: 0.00379609	standard deviation (sd): 0.0196258	ratio dKa/sd: 0.193423
exact probability (P): 0.846629

equally weighted sequences:
> outgro:
ocin	0.5
tcas	0.5
> cladocera:
dmag	0.333333
dpul	0.333333
etex	0.333333
> notostraca:
lapu	0.125
lart	0.125
lcou	0.125
lubb	0.125
tcan	0.125
tita	0.125
tlon	0.125
tusa	0.125

mean GC outgro: all positions=0.476 position1=0.534 position2=0.371 position3=0.523 
mean GC cladocera: all positions=0.493 position1=0.559 position2=0.374 position3=0.544 
mean GC notostraca: all positions=0.518 position1=0.581 position2=0.382 position3=0.592 

** impossible to compute Ks. saturation? **

mean number of non synonymous sites compared: 664.2
mean Ka cladocera: 0.26449
mean Ka notostraca: 0.285333
dKa: -0.0208429	standard deviation (sd): 0.0149427	ratio dKa/sd: -1.39485
exact probability (P): 0.163068

