

## treatement of 3 lineages from file OG0007468.phy ##

equally weighted sequences:
> outgro:
ocin	0.5
tcas	0.5
> anostraca:
afra	1
> cladocera:
dmag	0.333333
dpul	0.333333
etex	0.333333

mean GC outgro: all positions=0.467 position1=0.569 position2=0.325 position3=0.508 
mean GC anostraca: all positions=0.398 position1=0.528 position2=0.341 position3=0.325 
mean GC cladocera: all positions=0.488 position1=0.564 position2=0.331 position3=0.569 

** impossible to compute Ks. saturation? **

mean number of non synonymous sites compared: 233.2
mean Ka anostraca: 0.354294
mean Ka cladocera: 0.306593
dKa: 0.0477006	standard deviation (sd): 0.0404048	ratio dKa/sd: 1.18057
exact probability (P): 0.237782

equally weighted sequences:
> outgro:
ocin	0.5
tcas	0.5
> anostraca:
afra	1
> notostraca:
lapu	0.2
lart	0.2
lcou	0.2
lubb	0.2
tlon	0.2

mean GC outgro: all positions=0.467 position1=0.569 position2=0.325 position3=0.508 
mean GC anostraca: all positions=0.398 position1=0.528 position2=0.341 position3=0.325 
mean GC notostraca: all positions=0.476 position1=0.545 position2=0.351 position3=0.533 

** impossible to compute Ks. saturation? **

mean number of non synonymous sites compared: 233.2
mean Ka anostraca: 0.354294
mean Ka notostraca: 0.301798
dKa: 0.0524957	standard deviation (sd): 0.0404993	ratio dKa/sd: 1.29621
exact probability (P): 0.19491

equally weighted sequences:
> outgro:
ocin	0.5
tcas	0.5
> cladocera:
dmag	0.333333
dpul	0.333333
etex	0.333333
> notostraca:
lapu	0.2
lart	0.2
lcou	0.2
lubb	0.2
tlon	0.2

mean GC outgro: all positions=0.467 position1=0.569 position2=0.325 position3=0.508 
mean GC cladocera: all positions=0.488 position1=0.564 position2=0.331 position3=0.569 
mean GC notostraca: all positions=0.476 position1=0.545 position2=0.351 position3=0.533 

** impossible to compute Ks. saturation? **

mean number of non synonymous sites compared: 236.0
mean Ka cladocera: 0.306593
mean Ka notostraca: 0.301798
dKa: 0.00479517	standard deviation (sd): 0.0339446	ratio dKa/sd: 0.141265
exact probability (P): 0.887662

