

## treatement of 3 lineages from file OG0006382.phy ##

equally weighted sequences:
> outgro:
tcas	1
> anostraca:
afra	1
> cladocera:
dmag	0.333333
dpul	0.333333
etex	0.333333

mean GC outgro: all positions=0.426 position1=0.502 position2=0.380 position3=0.397 
mean GC anostraca: all positions=0.430 position1=0.506 position2=0.401 position3=0.384 
mean GC cladocera: all positions=0.481 position1=0.549 position2=0.405 position3=0.491 

** impossible to compute Ks. saturation? **

mean number of non synonymous sites compared: 463.3
mean Ka anostraca: 0.729192
mean Ka cladocera: 0.634865
dKa: 0.0943271	standard deviation (sd): 0.0569232	ratio dKa/sd: 1.65709
exact probability (P): 0.0975083

equally weighted sequences:
> outgro:
tcas	1
> anostraca:
afra	1
> notostraca:
lapu	0.125
lart	0.125
lcou	0.125
lubb	0.125
tcan	0.125
tita	0.125
tlon	0.125
tusa	0.125

mean GC outgro: all positions=0.426 position1=0.502 position2=0.380 position3=0.397 
mean GC anostraca: all positions=0.430 position1=0.506 position2=0.401 position3=0.384 
mean GC notostraca: all positions=0.451 position1=0.550 position2=0.399 position3=0.404 

** impossible to compute Ks. saturation? **

mean number of non synonymous sites compared: 469.7
mean Ka anostraca: 0.729192
mean Ka notostraca: 0.661099
dKa: 0.0680928	standard deviation (sd): 0.061574	ratio dKa/sd: 1.10587
exact probability (P): 0.268791

equally weighted sequences:
> outgro:
tcas	1
> cladocera:
dmag	0.333333
dpul	0.333333
etex	0.333333
> notostraca:
lapu	0.125
lart	0.125
lcou	0.125
lubb	0.125
tcan	0.125
tita	0.125
tlon	0.125
tusa	0.125

mean GC outgro: all positions=0.426 position1=0.502 position2=0.380 position3=0.397 
mean GC cladocera: all positions=0.481 position1=0.549 position2=0.405 position3=0.491 
mean GC notostraca: all positions=0.451 position1=0.550 position2=0.399 position3=0.404 

** impossible to compute Ks. saturation? **

mean number of non synonymous sites compared: 477.9
mean Ka cladocera: 0.634865
mean Ka notostraca: 0.661099
dKa: -0.0262343	standard deviation (sd): 0.0456363	ratio dKa/sd: -0.574856
exact probability (P): 0.565393

