

## treatement of 3 lineages from file OG0005009.phy ##

equally weighted sequences:
> outgro:
ocin	0.5
tcas	0.5
> anostraca:
afra	1
> cladocera:
dmag	0.333333
dpul	0.333333
etex	0.333333

mean GC outgro: all positions=0.498 position1=0.537 position2=0.438 position3=0.519 
mean GC anostraca: all positions=0.387 position1=0.481 position2=0.407 position3=0.272 
mean GC cladocera: all positions=0.462 position1=0.527 position2=0.379 position3=0.481 

** impossible to compute Ks. saturation? **

mean number of non synonymous sites compared: 165.3
mean Ka anostraca: 0.591315
mean Ka cladocera: 0.545832
dKa: 0.0454835	standard deviation (sd): 0.071575	ratio dKa/sd: 0.635466
exact probability (P): 0.525129

equally weighted sequences:
> outgro:
ocin	0.5
tcas	0.5
> anostraca:
afra	1
> notostraca:
lapu	0.125
lart	0.125
lcou	0.125
lubb	0.125
tcan	0.125
tita	0.125
tlon	0.125
tusa	0.125

mean GC outgro: all positions=0.498 position1=0.537 position2=0.438 position3=0.519 
mean GC anostraca: all positions=0.387 position1=0.481 position2=0.407 position3=0.272 
mean GC notostraca: all positions=0.438 position1=0.481 position2=0.406 position3=0.426 

** impossible to compute Ks. saturation? **

mean number of non synonymous sites compared: 164.2
mean Ka anostraca: 0.591315
mean Ka notostraca: 0.469527
dKa: 0.121788	standard deviation (sd): 0.0659084	ratio dKa/sd: 1.84783
exact probability (P): 0.0646356

equally weighted sequences:
> outgro:
ocin	0.5
tcas	0.5
> cladocera:
dmag	0.333333
dpul	0.333333
etex	0.333333
> notostraca:
lapu	0.125
lart	0.125
lcou	0.125
lubb	0.125
tcan	0.125
tita	0.125
tlon	0.125
tusa	0.125

mean GC outgro: all positions=0.498 position1=0.537 position2=0.438 position3=0.519 
mean GC cladocera: all positions=0.462 position1=0.527 position2=0.379 position3=0.481 
mean GC notostraca: all positions=0.438 position1=0.481 position2=0.406 position3=0.426 

** impossible to compute Ks. saturation? **

mean number of non synonymous sites compared: 165.5
mean Ka cladocera: 0.545832
mean Ka notostraca: 0.469527
dKa: 0.0763043	standard deviation (sd): 0.0480251	ratio dKa/sd: 1.58884
exact probability (P): 0.112103

