

## treatement of 3 lineages from file OG0011062.phy ##

equally weighted sequences:
> outgro:
ocin	0.5
tcas	0.5
> anostraca:
afra	1
> cladocera:
dmag	1

mean GC outgro: all positions=0.451 position1=0.454 position2=0.326 position3=0.574 
mean GC anostraca: all positions=0.377 position1=0.411 position2=0.337 position3=0.383 
mean GC cladocera: all positions=0.356 position1=0.429 position2=0.326 position3=0.314 

** impossible to compute Ks. saturation? **

mean number of non synonymous sites compared: 342.7
mean Ka anostraca: 0.594645
mean Ka cladocera: 0.466773
dKa: 0.127873	standard deviation (sd): 0.0515155	ratio dKa/sd: 2.48221
exact probability (P): 0.0130643

equally weighted sequences:
> outgro:
ocin	0.5
tcas	0.5
> anostraca:
afra	1
> notostraca:
lcou	1

mean GC outgro: all positions=0.451 position1=0.454 position2=0.326 position3=0.574 
mean GC anostraca: all positions=0.377 position1=0.411 position2=0.337 position3=0.383 
mean GC notostraca: all positions=0.413 position1=0.474 position2=0.320 position3=0.446 

** impossible to compute Ks. saturation? **

mean number of non synonymous sites compared: 344.3
mean Ka anostraca: 0.594645
mean Ka notostraca: 0.573374
dKa: 0.0212714	standard deviation (sd): 0.0515661	ratio dKa/sd: 0.412507
exact probability (P): 0.679971

equally weighted sequences:
> outgro:
ocin	0.5
tcas	0.5
> cladocera:
dmag	1
> notostraca:
lcou	1

mean GC outgro: all positions=0.451 position1=0.454 position2=0.326 position3=0.574 
mean GC cladocera: all positions=0.356 position1=0.429 position2=0.326 position3=0.314 
mean GC notostraca: all positions=0.413 position1=0.474 position2=0.320 position3=0.446 

** impossible to compute Ks. saturation? **

mean number of non synonymous sites compared: 340.4
mean Ka cladocera: 0.466773
mean Ka notostraca: 0.573374
dKa: -0.106601	standard deviation (sd): 0.0487582	ratio dKa/sd: -2.18632
exact probability (P): 0.0288001

