

## treatement of 3 lineages from file OG0005163.phy ##

equally weighted sequences:
> outgro:
ocin	0.5
tcas	0.5
> anostraca:
afra	1
> cladocera:
dmag	0.333333
dpul	0.333333
etex	0.333333

mean GC outgro: all positions=0.461 position1=0.538 position2=0.369 position3=0.475 
mean GC anostraca: all positions=0.427 position1=0.538 position2=0.372 position3=0.372 
mean GC cladocera: all positions=0.475 position1=0.563 position2=0.381 position3=0.481 

** impossible to compute Ks. saturation? **

mean number of non synonymous sites compared: 665.7
mean Ka anostraca: 0.198827
mean Ka cladocera: 0.154334
dKa: 0.0444934	standard deviation (sd): 0.0158184	ratio dKa/sd: 2.81276
exact probability (P): 0.00491775

equally weighted sequences:
> outgro:
ocin	0.5
tcas	0.5
> anostraca:
afra	1
> notostraca:
lapu	0.125
lart	0.125
lcou	0.125
lubb	0.125
tcan	0.125
tita	0.125
tlon	0.125
tusa	0.125

mean GC outgro: all positions=0.461 position1=0.538 position2=0.369 position3=0.475 
mean GC anostraca: all positions=0.427 position1=0.538 position2=0.372 position3=0.372 
mean GC notostraca: all positions=0.480 position1=0.543 position2=0.381 position3=0.515 

** impossible to compute Ks. saturation? **

mean number of non synonymous sites compared: 669.5
mean Ka anostraca: 0.198827
mean Ka notostraca: 0.161621
dKa: 0.037206	standard deviation (sd): 0.0160541	ratio dKa/sd: 2.31754
exact probability (P): 0.0204819

equally weighted sequences:
> outgro:
ocin	0.5
tcas	0.5
> cladocera:
dmag	0.333333
dpul	0.333333
etex	0.333333
> notostraca:
lapu	0.125
lart	0.125
lcou	0.125
lubb	0.125
tcan	0.125
tita	0.125
tlon	0.125
tusa	0.125

mean GC outgro: all positions=0.461 position1=0.538 position2=0.369 position3=0.475 
mean GC cladocera: all positions=0.475 position1=0.563 position2=0.381 position3=0.481 
mean GC notostraca: all positions=0.480 position1=0.543 position2=0.381 position3=0.515 

** impossible to compute Ks. saturation? **

mean number of non synonymous sites compared: 670.0
mean Ka cladocera: 0.154334
mean Ka notostraca: 0.161621
dKa: -0.00728738	standard deviation (sd): 0.0114486	ratio dKa/sd: -0.636533
exact probability (P): 0.524434

