

## treatement of 3 lineages from file OG0005721.phy ##

equally weighted sequences:
> outgro:
ocin	0.5
tcas	0.5
> anostraca:
afra	1
> cladocera:
dmag	0.333333
dpul	0.333333
etex	0.333333

mean GC outgro: all positions=0.498 position1=0.481 position2=0.398 position3=0.616 
mean GC anostraca: all positions=0.401 position1=0.472 position2=0.389 position3=0.343 
mean GC cladocera: all positions=0.479 position1=0.552 position2=0.380 position3=0.506 

** impossible to compute Ks. saturation? **

mean number of non synonymous sites compared: 217.5
mean Ka anostraca: 0.504128
mean Ka cladocera: 0.408487
dKa: 0.0956408	standard deviation (sd): 0.0483639	ratio dKa/sd: 1.97753
exact probability (P): 0.0479908

equally weighted sequences:
> outgro:
ocin	0.5
tcas	0.5
> anostraca:
afra	1
> notostraca:
lapu	0.125
lart	0.125
lcou	0.125
lubb	0.125
tcan	0.125
tita	0.125
tlon	0.125
tusa	0.125

mean GC outgro: all positions=0.498 position1=0.481 position2=0.398 position3=0.616 
mean GC anostraca: all positions=0.401 position1=0.472 position2=0.389 position3=0.343 
mean GC notostraca: all positions=0.493 position1=0.522 position2=0.398 position3=0.560 

** impossible to compute Ks. saturation? **

mean number of non synonymous sites compared: 217.6
mean Ka anostraca: 0.504128
mean Ka notostraca: 0.418214
dKa: 0.0859147	standard deviation (sd): 0.0532237	ratio dKa/sd: 1.61422
exact probability (P): 0.106488

equally weighted sequences:
> outgro:
ocin	0.5
tcas	0.5
> cladocera:
dmag	0.333333
dpul	0.333333
etex	0.333333
> notostraca:
lapu	0.125
lart	0.125
lcou	0.125
lubb	0.125
tcan	0.125
tita	0.125
tlon	0.125
tusa	0.125

mean GC outgro: all positions=0.498 position1=0.481 position2=0.398 position3=0.616 
mean GC cladocera: all positions=0.479 position1=0.552 position2=0.380 position3=0.506 
mean GC notostraca: all positions=0.493 position1=0.522 position2=0.398 position3=0.560 

** impossible to compute Ks. saturation? **

mean number of non synonymous sites compared: 222.2
mean Ka cladocera: 0.408487
mean Ka notostraca: 0.418214
dKa: -0.00972613	standard deviation (sd): 0.0379481	ratio dKa/sd: -0.256301
exact probability (P): 0.79772

