

## treatement of 3 lineages from file OG0005713.phy ##

equally weighted sequences:
> outgro:
ocin	0.5
tcas	0.5
> anostraca:
afra	1
> cladocera:
dmag	0.333333
dpul	0.333333
etex	0.333333

mean GC outgro: all positions=0.494 position1=0.603 position2=0.455 position3=0.424 
mean GC anostraca: all positions=0.428 position1=0.545 position2=0.421 position3=0.317 
mean GC cladocera: all positions=0.536 position1=0.602 position2=0.453 position3=0.554 

** impossible to compute Ks. saturation? **

mean number of non synonymous sites compared: 288.9
mean Ka anostraca: 0.663651
mean Ka cladocera: 0.633068
dKa: 0.0305832	standard deviation (sd): 0.058044	ratio dKa/sd: 0.526896
exact probability (P): 0.598269

equally weighted sequences:
> outgro:
ocin	0.5
tcas	0.5
> anostraca:
afra	1
> notostraca:
lapu	0.125
lart	0.125
lcou	0.125
lubb	0.125
tcan	0.125
tita	0.125
tlon	0.125
tusa	0.125

mean GC outgro: all positions=0.494 position1=0.603 position2=0.455 position3=0.424 
mean GC anostraca: all positions=0.428 position1=0.545 position2=0.421 position3=0.317 
mean GC notostraca: all positions=0.555 position1=0.652 position2=0.452 position3=0.560 

** impossible to compute Ks. saturation? **

mean number of non synonymous sites compared: 288.9
mean Ka anostraca: 0.663651
mean Ka notostraca: 0.748103
dKa: -0.084452	standard deviation (sd): 0.0683769	ratio dKa/sd: -1.2351
exact probability (P): 0.216802

equally weighted sequences:
> outgro:
ocin	0.5
tcas	0.5
> cladocera:
dmag	0.333333
dpul	0.333333
etex	0.333333
> notostraca:
lapu	0.125
lart	0.125
lcou	0.125
lubb	0.125
tcan	0.125
tita	0.125
tlon	0.125
tusa	0.125

mean GC outgro: all positions=0.494 position1=0.603 position2=0.455 position3=0.424 
mean GC cladocera: all positions=0.536 position1=0.602 position2=0.453 position3=0.554 
mean GC notostraca: all positions=0.555 position1=0.652 position2=0.452 position3=0.560 

** impossible to compute Ks. saturation? **

mean number of non synonymous sites compared: 288.3
mean Ka cladocera: 0.633068
mean Ka notostraca: 0.748103
dKa: -0.115035	standard deviation (sd): 0.0599628	ratio dKa/sd: -1.91844
exact probability (P): 0.0550636

