

## treatement of 3 lineages from file OG0006872.phy ##

equally weighted sequences:
> outgro:
ocin	0.5
tcas	0.5
> anostraca:
afra	1
> cladocera:
dmag	0.333333
dpul	0.333333
etex	0.333333

mean GC outgro: all positions=0.494 position1=0.563 position2=0.372 position3=0.547 
mean GC anostraca: all positions=0.445 position1=0.508 position2=0.372 position3=0.455 
mean GC cladocera: all positions=0.533 position1=0.558 position2=0.384 position3=0.656 

** impossible to compute Ks. saturation? **

mean number of non synonymous sites compared: 363.1
mean Ka anostraca: 0.190479
mean Ka cladocera: 0.181039
dKa: 0.00943999	standard deviation (sd): 0.0192627	ratio dKa/sd: 0.490067
exact probability (P): 0.62409

equally weighted sequences:
> outgro:
ocin	0.5
tcas	0.5
> anostraca:
afra	1
> notostraca:
lart	0.166667
lcou	0.166667
lubb	0.166667
tcan	0.166667
tlon	0.166667
tusa	0.166667

mean GC outgro: all positions=0.494 position1=0.563 position2=0.372 position3=0.547 
mean GC anostraca: all positions=0.445 position1=0.508 position2=0.372 position3=0.455 
mean GC notostraca: all positions=0.494 position1=0.529 position2=0.379 position3=0.574 

** impossible to compute Ks. saturation? **

mean number of non synonymous sites compared: 364.3
mean Ka anostraca: 0.190479
mean Ka notostraca: 0.209253
dKa: -0.0187743	standard deviation (sd): 0.0221354	ratio dKa/sd: -0.848159
exact probability (P): 0.396356

equally weighted sequences:
> outgro:
ocin	0.5
tcas	0.5
> cladocera:
dmag	0.333333
dpul	0.333333
etex	0.333333
> notostraca:
lart	0.166667
lcou	0.166667
lubb	0.166667
tcan	0.166667
tlon	0.166667
tusa	0.166667

mean GC outgro: all positions=0.494 position1=0.563 position2=0.372 position3=0.547 
mean GC cladocera: all positions=0.533 position1=0.558 position2=0.384 position3=0.656 
mean GC notostraca: all positions=0.494 position1=0.529 position2=0.379 position3=0.574 

** impossible to compute Ks. saturation? **

mean number of non synonymous sites compared: 365.9
mean Ka cladocera: 0.181039
mean Ka notostraca: 0.209253
dKa: -0.0282143	standard deviation (sd): 0.0173909	ratio dKa/sd: -1.62236
exact probability (P): 0.104736

