

## treatement of 3 lineages from file OG0009593.phy ##

equally weighted sequences:
> outgro:
ocin	1
> anostraca:
afra	1
> cladocera:
dmag	0.5
dpul	0.5

mean GC outgro: all positions=0.436 position1=0.590 position2=0.282 position3=0.436 
mean GC anostraca: all positions=0.359 position1=0.590 position2=0.282 position3=0.205 
mean GC cladocera: all positions=0.517 position1=0.590 position2=0.282 position3=0.679 

** impossible to compute Ks. saturation? **

mean number of non synonymous sites compared: 73.9
mean Ka anostraca: 0.162449
mean Ka cladocera: 0.0987975
dKa: 0.0636519	standard deviation (sd): 0.0402163	ratio dKa/sd: 1.58274
exact probability (P): 0.113488

equally weighted sequences:
> outgro:
ocin	1
> anostraca:
afra	1
> notostraca:
lapu	0.333333
lcou	0.333333
lubb	0.333333

mean GC outgro: all positions=0.436 position1=0.590 position2=0.282 position3=0.436 
mean GC anostraca: all positions=0.359 position1=0.590 position2=0.282 position3=0.205 
mean GC notostraca: all positions=0.493 position1=0.513 position2=0.308 position3=0.658 

** impossible to compute Ks. saturation? **

mean number of non synonymous sites compared: 73.8
mean Ka anostraca: 0.162449
mean Ka notostraca: 0.319061
dKa: -0.156611	standard deviation (sd): 0.0740244	ratio dKa/sd: -2.11567
exact probability (P): 0.0343812

equally weighted sequences:
> outgro:
ocin	1
> cladocera:
dmag	0.5
dpul	0.5
> notostraca:
lapu	0.333333
lcou	0.333333
lubb	0.333333

mean GC outgro: all positions=0.436 position1=0.590 position2=0.282 position3=0.436 
mean GC cladocera: all positions=0.517 position1=0.590 position2=0.282 position3=0.679 
mean GC notostraca: all positions=0.493 position1=0.513 position2=0.308 position3=0.658 

** impossible to compute Ks. saturation? **

mean number of non synonymous sites compared: 74.0
mean Ka cladocera: 0.0987975
mean Ka notostraca: 0.319061
dKa: -0.220263	standard deviation (sd): 0.0729354	ratio dKa/sd: -3.01998
exact probability (P): 0.00253308

