

## treatement of 3 lineages from file OG0006397.phy ##

equally weighted sequences:
> outgro:
ocin	0.5
tcas	0.5
> anostraca:
afra	1
> cladocera:
dmag	0.333333
dpul	0.333333
etex	0.333333

mean GC outgro: all positions=0.442 position1=0.480 position2=0.336 position3=0.511 
mean GC anostraca: all positions=0.387 position1=0.523 position2=0.307 position3=0.332 
mean GC cladocera: all positions=0.425 position1=0.496 position2=0.326 position3=0.454 

** impossible to compute Ks. saturation? **

mean number of non synonymous sites compared: 534.5
mean Ka anostraca: 0.425842
mean Ka cladocera: 0.349476
dKa: 0.0763661	standard deviation (sd): 0.0274938	ratio dKa/sd: 2.77758
exact probability (P): 0.00548204

equally weighted sequences:
> outgro:
ocin	0.5
tcas	0.5
> anostraca:
afra	1
> notostraca:
lapu	0.142857
lart	0.142857
lcou	0.142857
lubb	0.142857
tcan	0.142857
tita	0.142857
tusa	0.142857

mean GC outgro: all positions=0.442 position1=0.480 position2=0.336 position3=0.511 
mean GC anostraca: all positions=0.387 position1=0.523 position2=0.307 position3=0.332 
mean GC notostraca: all positions=0.426 position1=0.505 position2=0.318 position3=0.454 

** impossible to compute Ks. saturation? **

mean number of non synonymous sites compared: 531.4
mean Ka anostraca: 0.425842
mean Ka notostraca: 0.366864
dKa: 0.0589775	standard deviation (sd): 0.0274025	ratio dKa/sd: 2.15227
exact probability (P): 0.0313834

equally weighted sequences:
> outgro:
ocin	0.5
tcas	0.5
> cladocera:
dmag	0.333333
dpul	0.333333
etex	0.333333
> notostraca:
lapu	0.142857
lart	0.142857
lcou	0.142857
lubb	0.142857
tcan	0.142857
tita	0.142857
tusa	0.142857

mean GC outgro: all positions=0.442 position1=0.480 position2=0.336 position3=0.511 
mean GC cladocera: all positions=0.425 position1=0.496 position2=0.326 position3=0.454 
mean GC notostraca: all positions=0.426 position1=0.505 position2=0.318 position3=0.454 

** impossible to compute Ks. saturation? **

mean number of non synonymous sites compared: 534.3
mean Ka cladocera: 0.349476
mean Ka notostraca: 0.366864
dKa: -0.0173886	standard deviation (sd): 0.0196069	ratio dKa/sd: -0.88686
exact probability (P): 0.375161

