

## treatement of 3 lineages from file OG0005476.phy ##

equally weighted sequences:
> outgro:
ocin	0.5
tcas	0.5
> anostraca:
afra	1
> cladocera:
dmag	0.333333
dpul	0.333333
etex	0.333333

mean GC outgro: all positions=0.485 position1=0.531 position2=0.419 position3=0.506 
mean GC anostraca: all positions=0.440 position1=0.526 position2=0.442 position3=0.352 
mean GC cladocera: all positions=0.515 position1=0.559 position2=0.429 position3=0.557 

** impossible to compute Ks. saturation? **

mean number of non synonymous sites compared: 663.1
mean Ka anostraca: 0.25169
mean Ka cladocera: 0.22217
dKa: 0.0295206	standard deviation (sd): 0.0166825	ratio dKa/sd: 1.76955
exact probability (P): 0.0768104

equally weighted sequences:
> outgro:
ocin	0.5
tcas	0.5
> anostraca:
afra	1
> notostraca:
lapu	0.125
lart	0.125
lcou	0.125
lubb	0.125
tcan	0.125
tita	0.125
tlon	0.125
tusa	0.125

mean GC outgro: all positions=0.485 position1=0.531 position2=0.419 position3=0.506 
mean GC anostraca: all positions=0.440 position1=0.526 position2=0.442 position3=0.352 
mean GC notostraca: all positions=0.505 position1=0.537 position2=0.438 position3=0.541 

** impossible to compute Ks. saturation? **

mean number of non synonymous sites compared: 665.2
mean Ka anostraca: 0.25169
mean Ka notostraca: 0.210114
dKa: 0.0415767	standard deviation (sd): 0.0170539	ratio dKa/sd: 2.43796
exact probability (P): 0.0147775

equally weighted sequences:
> outgro:
ocin	0.5
tcas	0.5
> cladocera:
dmag	0.333333
dpul	0.333333
etex	0.333333
> notostraca:
lapu	0.125
lart	0.125
lcou	0.125
lubb	0.125
tcan	0.125
tita	0.125
tlon	0.125
tusa	0.125

mean GC outgro: all positions=0.485 position1=0.531 position2=0.419 position3=0.506 
mean GC cladocera: all positions=0.515 position1=0.559 position2=0.429 position3=0.557 
mean GC notostraca: all positions=0.505 position1=0.537 position2=0.438 position3=0.541 

** impossible to compute Ks. saturation? **

mean number of non synonymous sites compared: 665.4
mean Ka cladocera: 0.22217
mean Ka notostraca: 0.210114
dKa: 0.0120561	standard deviation (sd): 0.0155111	ratio dKa/sd: 0.777257
exact probability (P): 0.437013

