

## treatement of 3 lineages from file OG0009615.phy ##

equally weighted sequences:
> outgro:
ocin	1
> anostraca:
afra	1
> cladocera:
dmag	1

mean GC outgro: all positions=0.500 position1=0.523 position2=0.465 position3=0.512 
mean GC anostraca: all positions=0.399 position1=0.547 position2=0.349 position3=0.302 
mean GC cladocera: all positions=0.395 position1=0.512 position2=0.453 position3=0.221 

** impossible to compute Ks. saturation? **

mean number of non synonymous sites compared: 166.2
mean Ka anostraca: 0.677705
mean Ka cladocera: 0.497909
dKa: 0.179796	standard deviation (sd): 0.0964538	ratio dKa/sd: 1.86406
exact probability (P): 0.0623211

equally weighted sequences:
> outgro:
ocin	1
> anostraca:
afra	1
> notostraca:
tcan	0.25
tita	0.25
tlon	0.25
tusa	0.25

mean GC outgro: all positions=0.500 position1=0.523 position2=0.465 position3=0.512 
mean GC anostraca: all positions=0.399 position1=0.547 position2=0.349 position3=0.302 
mean GC notostraca: all positions=0.447 position1=0.509 position2=0.395 position3=0.436 

** impossible to compute Ks. saturation? **

mean number of non synonymous sites compared: 166.1
mean Ka anostraca: 0.677705
mean Ka notostraca: 0.502567
dKa: 0.175139	standard deviation (sd): 0.0892566	ratio dKa/sd: 1.96219
exact probability (P): 0.0497484

equally weighted sequences:
> outgro:
ocin	1
> cladocera:
dmag	1
> notostraca:
tcan	0.25
tita	0.25
tlon	0.25
tusa	0.25

mean GC outgro: all positions=0.500 position1=0.523 position2=0.465 position3=0.512 
mean GC cladocera: all positions=0.395 position1=0.512 position2=0.453 position3=0.221 
mean GC notostraca: all positions=0.447 position1=0.509 position2=0.395 position3=0.436 

** impossible to compute Ks. saturation? **

mean number of non synonymous sites compared: 166.5
mean Ka cladocera: 0.497909
mean Ka notostraca: 0.502567
dKa: -0.00465729	standard deviation (sd): 0.0782425	ratio dKa/sd: -0.0595238
exact probability (P): 0.952535

