

## treatement of 3 lineages from file OG0005478.phy ##

equally weighted sequences:
> outgro:
ocin	0.5
tcas	0.5
> anostraca:
afra	1
> cladocera:
dmag	0.333333
dpul	0.333333
etex	0.333333

mean GC outgro: all positions=0.486 position1=0.667 position2=0.417 position3=0.375 
mean GC anostraca: all positions=0.556 position1=0.667 position2=0.417 position3=0.583 
mean GC cladocera: all positions=0.546 position1=0.444 position2=0.417 position3=0.778 

** impossible to compute Ks. saturation? **

mean number of non synonymous sites compared: 23.3
mean Ka anostraca: 0.497965
mean Ka cladocera: 0.295131
dKa: 0.202833	standard deviation (sd): 0.182769	ratio dKa/sd: 1.10978
exact probability (P): 0.267101

equally weighted sequences:
> outgro:
ocin	0.5
tcas	0.5
> anostraca:
afra	1
> notostraca:
lapu	0.125
lart	0.125
lcou	0.125
lubb	0.125
tcan	0.125
tita	0.125
tlon	0.125
tusa	0.125

mean GC outgro: all positions=0.486 position1=0.667 position2=0.417 position3=0.375 
mean GC anostraca: all positions=0.556 position1=0.667 position2=0.417 position3=0.583 
mean GC notostraca: all positions=0.417 position1=0.438 position2=0.458 position3=0.354 

** impossible to compute Ks. saturation? **

mean number of non synonymous sites compared: 23.3
mean Ka anostraca: 0.497965
mean Ka notostraca: 0.347451
dKa: 0.150514	standard deviation (sd): 0.184079	ratio dKa/sd: 0.817662
exact probability (P): 0.413554

equally weighted sequences:
> outgro:
ocin	0.5
tcas	0.5
> cladocera:
dmag	0.333333
dpul	0.333333
etex	0.333333
> notostraca:
lapu	0.125
lart	0.125
lcou	0.125
lubb	0.125
tcan	0.125
tita	0.125
tlon	0.125
tusa	0.125

mean GC outgro: all positions=0.486 position1=0.667 position2=0.417 position3=0.375 
mean GC cladocera: all positions=0.546 position1=0.444 position2=0.417 position3=0.778 
mean GC notostraca: all positions=0.417 position1=0.438 position2=0.458 position3=0.354 

** impossible to compute Ks. saturation? **

mean number of non synonymous sites compared: 22.7
mean Ka cladocera: 0.295131
mean Ka notostraca: 0.347451
dKa: -0.0523193	standard deviation (sd): 0.0452175	ratio dKa/sd: -1.15706
exact probability (P): 0.247255

