

## treatement of 3 lineages from file OG0007970.phy ##

equally weighted sequences:
> outgro:
ocin	0.5
tcas	0.5
> anostraca:
afra	1
> cladocera:
dmag	0.333333
dpul	0.333333
etex	0.333333

mean GC outgro: all positions=0.483 position1=0.510 position2=0.393 position3=0.547 
mean GC anostraca: all positions=0.424 position1=0.493 position2=0.400 position3=0.380 
mean GC cladocera: all positions=0.521 position1=0.544 position2=0.427 position3=0.593 

** impossible to compute Ks. saturation? **

mean number of non synonymous sites compared: 291.6
mean Ka anostraca: 0.352903
mean Ka cladocera: 0.259311
dKa: 0.0935921	standard deviation (sd): 0.0347401	ratio dKa/sd: 2.69406
exact probability (P): 0.0070642

equally weighted sequences:
> outgro:
ocin	0.5
tcas	0.5
> anostraca:
afra	1
> notostraca:
lapu	0.25
lart	0.25
lcou	0.25
lubb	0.25

mean GC outgro: all positions=0.483 position1=0.510 position2=0.393 position3=0.547 
mean GC anostraca: all positions=0.424 position1=0.493 position2=0.400 position3=0.380 
mean GC notostraca: all positions=0.445 position1=0.523 position2=0.395 position3=0.417 

** impossible to compute Ks. saturation? **

mean number of non synonymous sites compared: 287.0
mean Ka anostraca: 0.352903
mean Ka notostraca: 0.524289
dKa: -0.171386	standard deviation (sd): 0.0535006	ratio dKa/sd: -3.20345
exact probability (P): 0.00136107

equally weighted sequences:
> outgro:
ocin	0.5
tcas	0.5
> cladocera:
dmag	0.333333
dpul	0.333333
etex	0.333333
> notostraca:
lapu	0.25
lart	0.25
lcou	0.25
lubb	0.25

mean GC outgro: all positions=0.483 position1=0.510 position2=0.393 position3=0.547 
mean GC cladocera: all positions=0.521 position1=0.544 position2=0.427 position3=0.593 
mean GC notostraca: all positions=0.445 position1=0.523 position2=0.395 position3=0.417 

** impossible to compute Ks. saturation? **

mean number of non synonymous sites compared: 287.5
mean Ka cladocera: 0.259311
mean Ka notostraca: 0.524289
dKa: -0.264978	standard deviation (sd): 0.04781	ratio dKa/sd: -5.54232
exact probability (P): 1e-07

