

## treatement of 3 lineages from file OG0005472.phy ##

equally weighted sequences:
> outgro:
ocin	0.5
tcas	0.5
> anostraca:
afra	1
> cladocera:
dmag	0.333333
dpul	0.333333
etex	0.333333

mean GC outgro: all positions=0.455 position1=0.518 position2=0.353 position3=0.494 
mean GC anostraca: all positions=0.397 position1=0.551 position2=0.353 position3=0.287 
mean GC cladocera: all positions=0.453 position1=0.567 position2=0.369 position3=0.423 

** impossible to compute Ks. saturation? **

mean number of non synonymous sites compared: 324.3
mean Ka anostraca: 0.340316
mean Ka cladocera: 0.251176
dKa: 0.08914	standard deviation (sd): 0.0314013	ratio dKa/sd: 2.83873
exact probability (P): 0.0045355

equally weighted sequences:
> outgro:
ocin	0.5
tcas	0.5
> anostraca:
afra	1
> notostraca:
lapu	0.125
lart	0.125
lcou	0.125
lubb	0.125
tcan	0.125
tita	0.125
tlon	0.125
tusa	0.125

mean GC outgro: all positions=0.455 position1=0.518 position2=0.353 position3=0.494 
mean GC anostraca: all positions=0.397 position1=0.551 position2=0.353 position3=0.287 
mean GC notostraca: all positions=0.509 position1=0.588 position2=0.384 position3=0.554 

** impossible to compute Ks. saturation? **

mean number of non synonymous sites compared: 322.6
mean Ka anostraca: 0.340316
mean Ka notostraca: 0.226844
dKa: 0.113473	standard deviation (sd): 0.032524	ratio dKa/sd: 3.4889
exact probability (P): 0.000488827

equally weighted sequences:
> outgro:
ocin	0.5
tcas	0.5
> cladocera:
dmag	0.333333
dpul	0.333333
etex	0.333333
> notostraca:
lapu	0.125
lart	0.125
lcou	0.125
lubb	0.125
tcan	0.125
tita	0.125
tlon	0.125
tusa	0.125

mean GC outgro: all positions=0.455 position1=0.518 position2=0.353 position3=0.494 
mean GC cladocera: all positions=0.453 position1=0.567 position2=0.369 position3=0.423 
mean GC notostraca: all positions=0.509 position1=0.588 position2=0.384 position3=0.554 

** impossible to compute Ks. saturation? **

mean number of non synonymous sites compared: 326.5
mean Ka cladocera: 0.251176
mean Ka notostraca: 0.226844
dKa: 0.0243328	standard deviation (sd): 0.0168301	ratio dKa/sd: 1.44579
exact probability (P): 0.148245

