

## treatement of 3 lineages from file OG0008012.phy ##

equally weighted sequences:
> outgro:
ocin	0.5
tcas	0.5
> anostraca:
afra	1
> cladocera:
dmag	0.333333
dpul	0.333333
etex	0.333333

mean GC outgro: all positions=0.476 position1=0.512 position2=0.333 position3=0.583 
mean GC anostraca: all positions=0.392 position1=0.516 position2=0.341 position3=0.317 
mean GC cladocera: all positions=0.390 position1=0.537 position2=0.296 position3=0.336 

** impossible to compute Ks. saturation? **

mean number of non synonymous sites compared: 239.8
mean Ka anostraca: 0.577348
mean Ka cladocera: 0.561428
dKa: 0.0159196	standard deviation (sd): 0.0452038	ratio dKa/sd: 0.352174
exact probability (P): 0.72471

equally weighted sequences:
> outgro:
ocin	0.5
tcas	0.5
> anostraca:
afra	1
> notostraca:
lapu	0.25
lart	0.25
lcou	0.25
lubb	0.25

mean GC outgro: all positions=0.476 position1=0.512 position2=0.333 position3=0.583 
mean GC anostraca: all positions=0.392 position1=0.516 position2=0.341 position3=0.317 
mean GC notostraca: all positions=0.461 position1=0.567 position2=0.353 position3=0.462 

** impossible to compute Ks. saturation? **

mean number of non synonymous sites compared: 238.6
mean Ka anostraca: 0.577348
mean Ka notostraca: 0.553038
dKa: 0.0243101	standard deviation (sd): 0.0514431	ratio dKa/sd: 0.472563
exact probability (P): 0.636529

equally weighted sequences:
> outgro:
ocin	0.5
tcas	0.5
> cladocera:
dmag	0.333333
dpul	0.333333
etex	0.333333
> notostraca:
lapu	0.25
lart	0.25
lcou	0.25
lubb	0.25

mean GC outgro: all positions=0.476 position1=0.512 position2=0.333 position3=0.583 
mean GC cladocera: all positions=0.390 position1=0.537 position2=0.296 position3=0.336 
mean GC notostraca: all positions=0.461 position1=0.567 position2=0.353 position3=0.462 

** impossible to compute Ks. saturation? **

mean number of non synonymous sites compared: 240.6
mean Ka cladocera: 0.561428
mean Ka notostraca: 0.553038
dKa: 0.00839051	standard deviation (sd): 0.0405175	ratio dKa/sd: 0.207083
exact probability (P): 0.835946

