

## treatement of 3 lineages from file OG0005334.phy ##

equally weighted sequences:
> outgro:
ocin	0.5
tcas	0.5
> anostraca:
afra	1
> cladocera:
dmag	0.333333
dpul	0.333333
etex	0.333333

mean GC outgro: all positions=0.454 position1=0.575 position2=0.354 position3=0.434 
mean GC anostraca: all positions=0.395 position1=0.511 position2=0.343 position3=0.332 
mean GC cladocera: all positions=0.432 position1=0.530 position2=0.369 position3=0.396 

** impossible to compute Ks. saturation? **

mean number of non synonymous sites compared: 549.2
mean Ka anostraca: 0.530858
mean Ka cladocera: 0.537761
dKa: -0.00690328	standard deviation (sd): 0.0346771	ratio dKa/sd: -0.199073
exact probability (P): 0.842207

equally weighted sequences:
> outgro:
ocin	0.5
tcas	0.5
> anostraca:
afra	1
> notostraca:
lapu	0.125
lart	0.125
lcou	0.125
lubb	0.125
tcan	0.125
tita	0.125
tlon	0.125
tusa	0.125

mean GC outgro: all positions=0.454 position1=0.575 position2=0.354 position3=0.434 
mean GC anostraca: all positions=0.395 position1=0.511 position2=0.343 position3=0.332 
mean GC notostraca: all positions=0.449 position1=0.564 position2=0.393 position3=0.389 

** impossible to compute Ks. saturation? **

mean number of non synonymous sites compared: 548.3
mean Ka anostraca: 0.530858
mean Ka notostraca: 0.450278
dKa: 0.0805794	standard deviation (sd): 0.0338813	ratio dKa/sd: 2.37828
exact probability (P): 0.0174009

equally weighted sequences:
> outgro:
ocin	0.5
tcas	0.5
> cladocera:
dmag	0.333333
dpul	0.333333
etex	0.333333
> notostraca:
lapu	0.125
lart	0.125
lcou	0.125
lubb	0.125
tcan	0.125
tita	0.125
tlon	0.125
tusa	0.125

mean GC outgro: all positions=0.454 position1=0.575 position2=0.354 position3=0.434 
mean GC cladocera: all positions=0.432 position1=0.530 position2=0.369 position3=0.396 
mean GC notostraca: all positions=0.449 position1=0.564 position2=0.393 position3=0.389 

** impossible to compute Ks. saturation? **

mean number of non synonymous sites compared: 547.8
mean Ka cladocera: 0.537761
mean Ka notostraca: 0.450278
dKa: 0.0874827	standard deviation (sd): 0.0262036	ratio dKa/sd: 3.33858
exact probability (P): 0.000846521

