

## treatement of 3 lineages from file OG0005070.phy ##

equally weighted sequences:
> outgro:
ocin	0.5
tcas	0.5
> anostraca:
afra	1
> cladocera:
dmag	0.333333
dpul	0.333333
etex	0.333333

mean GC outgro: all positions=0.444 position1=0.547 position2=0.384 position3=0.401 
mean GC anostraca: all positions=0.405 position1=0.564 position2=0.390 position3=0.262 
mean GC cladocera: all positions=0.453 position1=0.558 position2=0.424 position3=0.376 

** impossible to compute Ks. saturation? **

mean number of non synonymous sites compared: 332.7
mean Ka anostraca: 0.472576
mean Ka cladocera: 0.401899
dKa: 0.0706761	standard deviation (sd): 0.040406	ratio dKa/sd: 1.74915
exact probability (P): 0.0802738

equally weighted sequences:
> outgro:
ocin	0.5
tcas	0.5
> anostraca:
afra	1
> notostraca:
lapu	0.125
lart	0.125
lcou	0.125
lubb	0.125
tcan	0.125
tita	0.125
tlon	0.125
tusa	0.125

mean GC outgro: all positions=0.444 position1=0.547 position2=0.384 position3=0.401 
mean GC anostraca: all positions=0.405 position1=0.564 position2=0.390 position3=0.262 
mean GC notostraca: all positions=0.498 position1=0.625 position2=0.424 position3=0.445 

** impossible to compute Ks. saturation? **

mean number of non synonymous sites compared: 333.4
mean Ka anostraca: 0.472576
mean Ka notostraca: 0.371439
dKa: 0.101136	standard deviation (sd): 0.0407685	ratio dKa/sd: 2.48075
exact probability (P): 0.0131182

equally weighted sequences:
> outgro:
ocin	0.5
tcas	0.5
> cladocera:
dmag	0.333333
dpul	0.333333
etex	0.333333
> notostraca:
lapu	0.125
lart	0.125
lcou	0.125
lubb	0.125
tcan	0.125
tita	0.125
tlon	0.125
tusa	0.125

mean GC outgro: all positions=0.444 position1=0.547 position2=0.384 position3=0.401 
mean GC cladocera: all positions=0.453 position1=0.558 position2=0.424 position3=0.376 
mean GC notostraca: all positions=0.498 position1=0.625 position2=0.424 position3=0.445 

** impossible to compute Ks. saturation? **

mean number of non synonymous sites compared: 333.3
mean Ka cladocera: 0.401899
mean Ka notostraca: 0.371439
dKa: 0.0304602	standard deviation (sd): 0.0263443	ratio dKa/sd: 1.15624
exact probability (P): 0.24759

