

## treatement of 3 lineages from file OG0006187.phy ##

equally weighted sequences:
> outgro:
ocin	0.5
tcas	0.5
> anostraca:
afra	1
> cladocera:
dmag	0.5
etex	0.5

mean GC outgro: all positions=0.447 position1=0.559 position2=0.353 position3=0.429 
mean GC anostraca: all positions=0.415 position1=0.504 position2=0.336 position3=0.403 
mean GC cladocera: all positions=0.434 position1=0.517 position2=0.349 position3=0.437 

** impossible to compute Ks. saturation? **

mean number of non synonymous sites compared: 235.4
mean Ka anostraca: 0.232364
mean Ka cladocera: 0.368739
dKa: -0.136375	standard deviation (sd): 0.0367639	ratio dKa/sd: -3.70948
exact probability (P): 0.000210517

equally weighted sequences:
> outgro:
ocin	0.5
tcas	0.5
> anostraca:
afra	1
> notostraca:
lapu	0.125
lart	0.125
lcou	0.125
lubb	0.125
tcan	0.125
tita	0.125
tlon	0.125
tusa	0.125

mean GC outgro: all positions=0.447 position1=0.559 position2=0.353 position3=0.429 
mean GC anostraca: all positions=0.415 position1=0.504 position2=0.336 position3=0.403 
mean GC notostraca: all positions=0.466 position1=0.542 position2=0.368 position3=0.488 

** impossible to compute Ks. saturation? **

mean number of non synonymous sites compared: 234.1
mean Ka anostraca: 0.232364
mean Ka notostraca: 0.284267
dKa: -0.0519032	standard deviation (sd): 0.0349096	ratio dKa/sd: -1.48679
exact probability (P): 0.137079

equally weighted sequences:
> outgro:
ocin	0.5
tcas	0.5
> cladocera:
dmag	0.5
etex	0.5
> notostraca:
lapu	0.125
lart	0.125
lcou	0.125
lubb	0.125
tcan	0.125
tita	0.125
tlon	0.125
tusa	0.125

mean GC outgro: all positions=0.447 position1=0.559 position2=0.353 position3=0.429 
mean GC cladocera: all positions=0.434 position1=0.517 position2=0.349 position3=0.437 
mean GC notostraca: all positions=0.466 position1=0.542 position2=0.368 position3=0.488 

** impossible to compute Ks. saturation? **

mean number of non synonymous sites compared: 234.3
mean Ka cladocera: 0.368739
mean Ka notostraca: 0.284267
dKa: 0.0844717	standard deviation (sd): 0.0358115	ratio dKa/sd: 2.35879
exact probability (P): 0.0183428

