

## treatement of 3 lineages from file OG0006177.phy ##

equally weighted sequences:
> outgro:
ocin	1
> anostraca:
afra	1
> cladocera:
dmag	0.333333
dpul	0.333333
etex	0.333333

mean GC outgro: all positions=0.429 position1=0.475 position2=0.381 position3=0.432 
mean GC anostraca: all positions=0.452 position1=0.508 position2=0.483 position3=0.364 
mean GC cladocera: all positions=0.490 position1=0.520 position2=0.424 position3=0.525 

** impossible to compute Ks. saturation? **

mean number of non synonymous sites compared: 236.1
mean Ka anostraca: 1.11236
mean Ka cladocera: 0.940401
dKa: 0.171955	standard deviation (sd): 0.14906	ratio dKa/sd: 1.15359
exact probability (P): 0.248674

equally weighted sequences:
> outgro:
ocin	1
> anostraca:
afra	1
> notostraca:
lapu	0.125
lart	0.125
lcou	0.125
lubb	0.125
tcan	0.125
tita	0.125
tlon	0.125
tusa	0.125

mean GC outgro: all positions=0.429 position1=0.475 position2=0.381 position3=0.432 
mean GC anostraca: all positions=0.452 position1=0.508 position2=0.483 position3=0.364 
mean GC notostraca: all positions=0.496 position1=0.521 position2=0.454 position3=0.514 

** impossible to compute Ks. saturation? **

mean number of non synonymous sites compared: 237.5
mean Ka anostraca: 1.11236
mean Ka notostraca: 1.00441
dKa: 0.107941	standard deviation (sd): 0.144852	ratio dKa/sd: 0.745181
exact probability (P): 0.456168

equally weighted sequences:
> outgro:
ocin	1
> cladocera:
dmag	0.333333
dpul	0.333333
etex	0.333333
> notostraca:
lapu	0.125
lart	0.125
lcou	0.125
lubb	0.125
tcan	0.125
tita	0.125
tlon	0.125
tusa	0.125

mean GC outgro: all positions=0.429 position1=0.475 position2=0.381 position3=0.432 
mean GC cladocera: all positions=0.490 position1=0.520 position2=0.424 position3=0.525 
mean GC notostraca: all positions=0.496 position1=0.521 position2=0.454 position3=0.514 

** impossible to compute Ks. saturation? **

mean number of non synonymous sites compared: 243.5
mean Ka cladocera: 0.940401
mean Ka notostraca: 1.00441
dKa: -0.0640136	standard deviation (sd): 0.105793	ratio dKa/sd: -0.605082
exact probability (P): 0.545129

