

## treatement of 3 lineages from file OG0006151.phy ##

equally weighted sequences:
> outgro:
ocin	0.5
tcas	0.5
> anostraca:
afra	1
> cladocera:
dpul	0.5
etex	0.5

mean GC outgro: all positions=0.461 position1=0.525 position2=0.334 position3=0.523 
mean GC anostraca: all positions=0.405 position1=0.516 position2=0.352 position3=0.348 
mean GC cladocera: all positions=0.475 position1=0.551 position2=0.357 position3=0.518 

** impossible to compute Ks. saturation? **

mean number of non synonymous sites compared: 510.6
mean Ka anostraca: 0.27517
mean Ka cladocera: 0.271755
dKa: 0.00341509	standard deviation (sd): 0.0208987	ratio dKa/sd: 0.163412
exact probability (P): 0.870195

equally weighted sequences:
> outgro:
ocin	0.5
tcas	0.5
> anostraca:
afra	1
> notostraca:
lapu	0.125
lart	0.125
lcou	0.125
lubb	0.125
tcan	0.125
tita	0.125
tlon	0.125
tusa	0.125

mean GC outgro: all positions=0.461 position1=0.525 position2=0.334 position3=0.523 
mean GC anostraca: all positions=0.405 position1=0.516 position2=0.352 position3=0.348 
mean GC notostraca: all positions=0.469 position1=0.553 position2=0.351 position3=0.504 

** impossible to compute Ks. saturation? **

mean number of non synonymous sites compared: 506.3
mean Ka anostraca: 0.27517
mean Ka notostraca: 0.281946
dKa: -0.00677524	standard deviation (sd): 0.0228823	ratio dKa/sd: -0.296091
exact probability (P): 0.767162

equally weighted sequences:
> outgro:
ocin	0.5
tcas	0.5
> cladocera:
dpul	0.5
etex	0.5
> notostraca:
lapu	0.125
lart	0.125
lcou	0.125
lubb	0.125
tcan	0.125
tita	0.125
tlon	0.125
tusa	0.125

mean GC outgro: all positions=0.461 position1=0.525 position2=0.334 position3=0.523 
mean GC cladocera: all positions=0.475 position1=0.551 position2=0.357 position3=0.518 
mean GC notostraca: all positions=0.469 position1=0.553 position2=0.351 position3=0.504 

** impossible to compute Ks. saturation? **

mean number of non synonymous sites compared: 506.8
mean Ka cladocera: 0.271755
mean Ka notostraca: 0.281946
dKa: -0.0101903	standard deviation (sd): 0.0192309	ratio dKa/sd: -0.529894
exact probability (P): 0.59619

