

## treatement of 3 lineages from file OG0006339.phy ##

equally weighted sequences:
> outgro:
tcas	1
> anostraca:
afra	1
> cladocera:
dmag	0.333333
dpul	0.333333
etex	0.333333

mean GC outgro: all positions=0.403 position1=0.399 position2=0.340 position3=0.471 
mean GC anostraca: all positions=0.397 position1=0.425 position2=0.359 position3=0.405 
mean GC cladocera: all positions=0.410 position1=0.434 position2=0.368 position3=0.427 

** impossible to compute Ks. saturation? **

mean number of non synonymous sites compared: 301.4
mean Ka anostraca: 0.392151
mean Ka cladocera: 0.464688
dKa: -0.0725366	standard deviation (sd): 0.0412658	ratio dKa/sd: -1.75779
exact probability (P): 0.0787919

equally weighted sequences:
> outgro:
tcas	1
> anostraca:
afra	1
> notostraca:
lapu	0.125
lart	0.125
lcou	0.125
lubb	0.125
tcan	0.125
tita	0.125
tlon	0.125
tusa	0.125

mean GC outgro: all positions=0.403 position1=0.399 position2=0.340 position3=0.471 
mean GC anostraca: all positions=0.397 position1=0.425 position2=0.359 position3=0.405 
mean GC notostraca: all positions=0.408 position1=0.422 position2=0.378 position3=0.425 

** impossible to compute Ks. saturation? **

mean number of non synonymous sites compared: 297.0
mean Ka anostraca: 0.392151
mean Ka notostraca: 0.384524
dKa: 0.00762725	standard deviation (sd): 0.0417424	ratio dKa/sd: 0.182722
exact probability (P): 0.855017

equally weighted sequences:
> outgro:
tcas	1
> cladocera:
dmag	0.333333
dpul	0.333333
etex	0.333333
> notostraca:
lapu	0.125
lart	0.125
lcou	0.125
lubb	0.125
tcan	0.125
tita	0.125
tlon	0.125
tusa	0.125

mean GC outgro: all positions=0.403 position1=0.399 position2=0.340 position3=0.471 
mean GC cladocera: all positions=0.410 position1=0.434 position2=0.368 position3=0.427 
mean GC notostraca: all positions=0.408 position1=0.422 position2=0.378 position3=0.425 

** impossible to compute Ks. saturation? **

mean number of non synonymous sites compared: 301.6
mean Ka cladocera: 0.464688
mean Ka notostraca: 0.384524
dKa: 0.0801639	standard deviation (sd): 0.0344758	ratio dKa/sd: 2.32522
exact probability (P): 0.0200682

