

## treatement of 3 lineages from file OG0005199.phy ##

equally weighted sequences:
> outgro:
ocin	0.5
tcas	0.5
> anostraca:
afra	1
> cladocera:
dmag	0.333333
dpul	0.333333
etex	0.333333

mean GC outgro: all positions=0.415 position1=0.484 position2=0.418 position3=0.344 
mean GC anostraca: all positions=0.393 position1=0.410 position2=0.393 position3=0.377 
mean GC cladocera: all positions=0.474 position1=0.579 position2=0.377 position3=0.464 

** impossible to compute Ks. saturation? **

** impossible to compute Ka. saturation? **

equally weighted sequences:
> outgro:
ocin	0.5
tcas	0.5
> anostraca:
afra	1
> notostraca:
lapu	0.125
lart	0.125
lcou	0.125
lubb	0.125
tcan	0.125
tita	0.125
tlon	0.125
tusa	0.125

mean GC outgro: all positions=0.415 position1=0.484 position2=0.418 position3=0.344 
mean GC anostraca: all positions=0.393 position1=0.410 position2=0.393 position3=0.377 
mean GC notostraca: all positions=0.419 position1=0.543 position2=0.311 position3=0.402 

** impossible to compute Ks. saturation? **

mean number of non synonymous sites compared: 128.6
mean Ka anostraca: 1.1109
mean Ka notostraca: 0.912544
dKa: 0.198354	standard deviation (sd): 0.179339	ratio dKa/sd: 1.10603
exact probability (P): 0.26872

equally weighted sequences:
> outgro:
ocin	0.5
tcas	0.5
> cladocera:
dmag	0.333333
dpul	0.333333
etex	0.333333
> notostraca:
lapu	0.125
lart	0.125
lcou	0.125
lubb	0.125
tcan	0.125
tita	0.125
tlon	0.125
tusa	0.125

mean GC outgro: all positions=0.415 position1=0.484 position2=0.418 position3=0.344 
mean GC cladocera: all positions=0.474 position1=0.579 position2=0.377 position3=0.464 
mean GC notostraca: all positions=0.419 position1=0.543 position2=0.311 position3=0.402 

** impossible to compute Ks. saturation? **

** impossible to compute Ka. saturation? **

