

## treatement of 3 lineages from file OG0006254.phy ##

equally weighted sequences:
> outgro:
tcas	1
> anostraca:
afra	1
> cladocera:
dmag	0.333333
dpul	0.333333
etex	0.333333

mean GC outgro: all positions=0.461 position1=0.339 position2=0.420 position3=0.625 
mean GC anostraca: all positions=0.455 position1=0.527 position2=0.429 position3=0.411 
mean GC cladocera: all positions=0.461 position1=0.497 position2=0.426 position3=0.461 

** impossible to compute Ks. saturation? **

mean number of non synonymous sites compared: 216.9
mean Ka anostraca: 0.34265
mean Ka cladocera: 0.22975
dKa: 0.1129	standard deviation (sd): 0.0457797	ratio dKa/sd: 2.46616
exact probability (P): 0.0136646

equally weighted sequences:
> outgro:
tcas	1
> anostraca:
afra	1
> notostraca:
lapu	0.125
lart	0.125
lcou	0.125
lubb	0.125
tcan	0.125
tita	0.125
tlon	0.125
tusa	0.125

mean GC outgro: all positions=0.461 position1=0.339 position2=0.420 position3=0.625 
mean GC anostraca: all positions=0.455 position1=0.527 position2=0.429 position3=0.411 
mean GC notostraca: all positions=0.485 position1=0.450 position2=0.401 position3=0.604 

** impossible to compute Ks. saturation? **

mean number of non synonymous sites compared: 216.0
mean Ka anostraca: 0.34265
mean Ka notostraca: 0.19904
dKa: 0.14361	standard deviation (sd): 0.0460827	ratio dKa/sd: 3.11635
exact probability (P): 0.00183605

equally weighted sequences:
> outgro:
tcas	1
> cladocera:
dmag	0.333333
dpul	0.333333
etex	0.333333
> notostraca:
lapu	0.125
lart	0.125
lcou	0.125
lubb	0.125
tcan	0.125
tita	0.125
tlon	0.125
tusa	0.125

mean GC outgro: all positions=0.461 position1=0.339 position2=0.420 position3=0.625 
mean GC cladocera: all positions=0.461 position1=0.497 position2=0.426 position3=0.461 
mean GC notostraca: all positions=0.485 position1=0.450 position2=0.401 position3=0.604 

** impossible to compute Ks. saturation? **

mean number of non synonymous sites compared: 216.3
mean Ka cladocera: 0.22975
mean Ka notostraca: 0.19904
dKa: 0.0307098	standard deviation (sd): 0.0243105	ratio dKa/sd: 1.26323
exact probability (P): 0.206515

