

## treatement of 3 lineages from file OG0006127.phy ##

equally weighted sequences:
> outgro:
ocin	0.5
tcas	0.5
> anostraca:
afra	1
> cladocera:
dmag	0.333333
dpul	0.333333
etex	0.333333

mean GC outgro: all positions=0.454 position1=0.509 position2=0.336 position3=0.518 
mean GC anostraca: all positions=0.375 position1=0.473 position2=0.311 position3=0.342 
mean GC cladocera: all positions=0.450 position1=0.544 position2=0.371 position3=0.435 

** impossible to compute Ks. saturation? **

mean number of non synonymous sites compared: 427.6
mean Ka anostraca: 0.242852
mean Ka cladocera: 0.215686
dKa: 0.0271659	standard deviation (sd): 0.0240262	ratio dKa/sd: 1.13068
exact probability (P): 0.258197

equally weighted sequences:
> outgro:
ocin	0.5
tcas	0.5
> anostraca:
afra	1
> notostraca:
lart	0.142857
lcou	0.142857
lubb	0.142857
tcan	0.142857
tita	0.142857
tlon	0.142857
tusa	0.142857

mean GC outgro: all positions=0.454 position1=0.509 position2=0.336 position3=0.518 
mean GC anostraca: all positions=0.375 position1=0.473 position2=0.311 position3=0.342 
mean GC notostraca: all positions=0.438 position1=0.511 position2=0.365 position3=0.438 

** impossible to compute Ks. saturation? **

mean number of non synonymous sites compared: 427.0
mean Ka anostraca: 0.242852
mean Ka notostraca: 0.207244
dKa: 0.0356078	standard deviation (sd): 0.0247843	ratio dKa/sd: 1.43671
exact probability (P): 0.150808

equally weighted sequences:
> outgro:
ocin	0.5
tcas	0.5
> cladocera:
dmag	0.333333
dpul	0.333333
etex	0.333333
> notostraca:
lart	0.142857
lcou	0.142857
lubb	0.142857
tcan	0.142857
tita	0.142857
tlon	0.142857
tusa	0.142857

mean GC outgro: all positions=0.454 position1=0.509 position2=0.336 position3=0.518 
mean GC cladocera: all positions=0.450 position1=0.544 position2=0.371 position3=0.435 
mean GC notostraca: all positions=0.438 position1=0.511 position2=0.365 position3=0.438 

** impossible to compute Ks. saturation? **

mean number of non synonymous sites compared: 420.6
mean Ka cladocera: 0.215686
mean Ka notostraca: 0.207244
dKa: 0.00844192	standard deviation (sd): 0.0164185	ratio dKa/sd: 0.514171
exact probability (P): 0.607136

