

## treatement of 3 lineages from file OG0006044.phy ##

equally weighted sequences:
> outgro:
tcas	1
> anostraca:
afra	1
> cladocera:
dmag	0.333333
dpul	0.333333
etex	0.333333

mean GC outgro: all positions=0.402 position1=0.432 position2=0.325 position3=0.449 
mean GC anostraca: all positions=0.362 position1=0.444 position2=0.329 position3=0.312 
mean GC cladocera: all positions=0.422 position1=0.491 position2=0.319 position3=0.454 

** impossible to compute Ks. saturation? **

mean number of non synonymous sites compared: 448.6
mean Ka anostraca: 0.95681
mean Ka cladocera: 0.833069
dKa: 0.123741	standard deviation (sd): 0.0850136	ratio dKa/sd: 1.45555
exact probability (P): 0.145525

equally weighted sequences:
> outgro:
tcas	1
> anostraca:
afra	1
> notostraca:
lapu	0.125
lart	0.125
lcou	0.125
lubb	0.125
tcan	0.125
tita	0.125
tlon	0.125
tusa	0.125

mean GC outgro: all positions=0.402 position1=0.432 position2=0.325 position3=0.449 
mean GC anostraca: all positions=0.362 position1=0.444 position2=0.329 position3=0.312 
mean GC notostraca: all positions=0.441 position1=0.483 position2=0.365 position3=0.476 

** impossible to compute Ks. saturation? **

mean number of non synonymous sites compared: 449.9
mean Ka anostraca: 0.95681
mean Ka notostraca: 0.768272
dKa: 0.188538	standard deviation (sd): 0.0869751	ratio dKa/sd: 2.16772
exact probability (P): 0.0301878

equally weighted sequences:
> outgro:
tcas	1
> cladocera:
dmag	0.333333
dpul	0.333333
etex	0.333333
> notostraca:
lapu	0.125
lart	0.125
lcou	0.125
lubb	0.125
tcan	0.125
tita	0.125
tlon	0.125
tusa	0.125

mean GC outgro: all positions=0.402 position1=0.432 position2=0.325 position3=0.449 
mean GC cladocera: all positions=0.422 position1=0.491 position2=0.319 position3=0.454 
mean GC notostraca: all positions=0.441 position1=0.483 position2=0.365 position3=0.476 

** impossible to compute Ks. saturation? **

mean number of non synonymous sites compared: 454.3
mean Ka cladocera: 0.833069
mean Ka notostraca: 0.768272
dKa: 0.0647964	standard deviation (sd): 0.0621667	ratio dKa/sd: 1.0423
exact probability (P): 0.29728

