

## treatement of 3 lineages from file OG0006227.phy ##

equally weighted sequences:
> outgro:
ocin	0.5
tcas	0.5
> anostraca:
afra	1
> cladocera:
dmag	0.333333
dpul	0.333333
etex	0.333333

mean GC outgro: all positions=0.444 position1=0.485 position2=0.310 position3=0.535 
mean GC anostraca: all positions=0.375 position1=0.477 position2=0.324 position3=0.323 
mean GC cladocera: all positions=0.438 position1=0.534 position2=0.334 position3=0.445 

** impossible to compute Ks. saturation? **

mean number of non synonymous sites compared: 1189.7
mean Ka anostraca: 0.584407
mean Ka cladocera: 0.513649
dKa: 0.0707573	standard deviation (sd): 0.0241245	ratio dKa/sd: 2.933
exact probability (P): 0.00336193

equally weighted sequences:
> outgro:
ocin	0.5
tcas	0.5
> anostraca:
afra	1
> notostraca:
lapu	0.142857
lart	0.142857
lcou	0.142857
tcan	0.142857
tita	0.142857
tlon	0.142857
tusa	0.142857

mean GC outgro: all positions=0.444 position1=0.485 position2=0.310 position3=0.535 
mean GC anostraca: all positions=0.375 position1=0.477 position2=0.324 position3=0.323 
mean GC notostraca: all positions=0.445 position1=0.519 position2=0.337 position3=0.480 

** impossible to compute Ks. saturation? **

mean number of non synonymous sites compared: 1183.3
mean Ka anostraca: 0.584407
mean Ka notostraca: 0.484369
dKa: 0.100038	standard deviation (sd): 0.0242822	ratio dKa/sd: 4.11979
exact probability (P): 3.95672e-05

equally weighted sequences:
> outgro:
ocin	0.5
tcas	0.5
> cladocera:
dmag	0.333333
dpul	0.333333
etex	0.333333
> notostraca:
lapu	0.142857
lart	0.142857
lcou	0.142857
tcan	0.142857
tita	0.142857
tlon	0.142857
tusa	0.142857

mean GC outgro: all positions=0.444 position1=0.485 position2=0.310 position3=0.535 
mean GC cladocera: all positions=0.438 position1=0.534 position2=0.334 position3=0.445 
mean GC notostraca: all positions=0.445 position1=0.519 position2=0.337 position3=0.480 

** impossible to compute Ks. saturation? **

mean number of non synonymous sites compared: 1189.6
mean Ka cladocera: 0.513649
mean Ka notostraca: 0.484369
dKa: 0.0292802	standard deviation (sd): 0.0171243	ratio dKa/sd: 1.70986
exact probability (P): 0.0872997

