

## treatement of 3 lineages from file OG0008914.phy ##

equally weighted sequences:
> outgro:
ocin	0.5
tcas	0.5
> anostraca:
afra	1
> cladocera:
dmag	0.333333
dpul	0.333333
etex	0.333333

mean GC outgro: all positions=0.519 position1=0.485 position2=0.485 position3=0.587 
mean GC anostraca: all positions=0.435 position1=0.449 position2=0.459 position3=0.398 
mean GC cladocera: all positions=0.430 position1=0.418 position2=0.469 position3=0.401 

** impossible to compute Ks. saturation? **

mean number of non synonymous sites compared: 192.5
mean Ka anostraca: 0.564124
mean Ka cladocera: 0.426312
dKa: 0.137812	standard deviation (sd): 0.0605543	ratio dKa/sd: 2.27585
exact probability (P): 0.0228633

equally weighted sequences:
> outgro:
ocin	0.5
tcas	0.5
> anostraca:
afra	1
> notostraca:
lart	0.5
tusa	0.5

mean GC outgro: all positions=0.519 position1=0.485 position2=0.485 position3=0.587 
mean GC anostraca: all positions=0.435 position1=0.449 position2=0.459 position3=0.398 
mean GC notostraca: all positions=0.461 position1=0.464 position2=0.449 position3=0.469 

** impossible to compute Ks. saturation? **

mean number of non synonymous sites compared: 190.7
mean Ka anostraca: 0.564124
mean Ka notostraca: 0.450291
dKa: 0.113833	standard deviation (sd): 0.0616456	ratio dKa/sd: 1.84658
exact probability (P): 0.0648174

equally weighted sequences:
> outgro:
ocin	0.5
tcas	0.5
> cladocera:
dmag	0.333333
dpul	0.333333
etex	0.333333
> notostraca:
lart	0.5
tusa	0.5

mean GC outgro: all positions=0.519 position1=0.485 position2=0.485 position3=0.587 
mean GC cladocera: all positions=0.430 position1=0.418 position2=0.469 position3=0.401 
mean GC notostraca: all positions=0.461 position1=0.464 position2=0.449 position3=0.469 

** impossible to compute Ks. saturation? **

mean number of non synonymous sites compared: 188.6
mean Ka cladocera: 0.426312
mean Ka notostraca: 0.450291
dKa: -0.023979	standard deviation (sd): 0.0423808	ratio dKa/sd: -0.565798
exact probability (P): 0.571535

