

## treatement of 3 lineages from file OG0005075.phy ##

equally weighted sequences:
> outgro:
ocin	0.5
tcas	0.5
> anostraca:
afra	1
> cladocera:
dmag	0.333333
dpul	0.333333
etex	0.333333

mean GC outgro: all positions=0.525 position1=0.619 position2=0.449 position3=0.508 
mean GC anostraca: all positions=0.418 position1=0.525 position2=0.424 position3=0.305 
mean GC cladocera: all positions=0.478 position1=0.610 position2=0.452 position3=0.373 

** impossible to compute Ks. saturation? **

mean number of non synonymous sites compared: 115.5
mean Ka anostraca: 0.300617
mean Ka cladocera: 0.276014
dKa: 0.0246032	standard deviation (sd): 0.0501344	ratio dKa/sd: 0.490745
exact probability (P): 0.62361

equally weighted sequences:
> outgro:
ocin	0.5
tcas	0.5
> anostraca:
afra	1
> notostraca:
lapu	0.125
lart	0.125
lcou	0.125
lubb	0.125
tcan	0.125
tita	0.125
tlon	0.125
tusa	0.125

mean GC outgro: all positions=0.525 position1=0.619 position2=0.449 position3=0.508 
mean GC anostraca: all positions=0.418 position1=0.525 position2=0.424 position3=0.305 
mean GC notostraca: all positions=0.528 position1=0.657 position2=0.477 position3=0.449 

** impossible to compute Ks. saturation? **

mean number of non synonymous sites compared: 115.5
mean Ka anostraca: 0.300617
mean Ka notostraca: 0.290224
dKa: 0.0103935	standard deviation (sd): 0.0485929	ratio dKa/sd: 0.213889
exact probability (P): 0.830635

equally weighted sequences:
> outgro:
ocin	0.5
tcas	0.5
> cladocera:
dmag	0.333333
dpul	0.333333
etex	0.333333
> notostraca:
lapu	0.125
lart	0.125
lcou	0.125
lubb	0.125
tcan	0.125
tita	0.125
tlon	0.125
tusa	0.125

mean GC outgro: all positions=0.525 position1=0.619 position2=0.449 position3=0.508 
mean GC cladocera: all positions=0.478 position1=0.610 position2=0.452 position3=0.373 
mean GC notostraca: all positions=0.528 position1=0.657 position2=0.477 position3=0.449 

** impossible to compute Ks. saturation? **

mean number of non synonymous sites compared: 115.7
mean Ka cladocera: 0.276014
mean Ka notostraca: 0.290224
dKa: -0.0142097	standard deviation (sd): 0.0430962	ratio dKa/sd: -0.32972
exact probability (P): 0.741614

