

## treatement of 3 lineages from file OG0005121.phy ##

equally weighted sequences:
> outgro:
ocin	0.5
tcas	0.5
> anostraca:
afra	1
> cladocera:
dmag	0.333333
dpul	0.333333
etex	0.333333

mean GC outgro: all positions=0.399 position1=0.479 position2=0.325 position3=0.392 
mean GC anostraca: all positions=0.409 position1=0.567 position2=0.351 position3=0.309 
mean GC cladocera: all positions=0.426 position1=0.515 position2=0.323 position3=0.440 

** impossible to compute Ks. saturation? **

mean number of non synonymous sites compared: 189.0
mean Ka anostraca: 0.307642
mean Ka cladocera: 0.201181
dKa: 0.106461	standard deviation (sd): 0.0340739	ratio dKa/sd: 3.12442
exact probability (P): 0.00178647

equally weighted sequences:
> outgro:
ocin	0.5
tcas	0.5
> anostraca:
afra	1
> notostraca:
lapu	0.125
lart	0.125
lcou	0.125
lubb	0.125
tcan	0.125
tita	0.125
tlon	0.125
tusa	0.125

mean GC outgro: all positions=0.399 position1=0.479 position2=0.325 position3=0.392 
mean GC anostraca: all positions=0.409 position1=0.567 position2=0.351 position3=0.309 
mean GC notostraca: all positions=0.427 position1=0.526 position2=0.330 position3=0.424 

** impossible to compute Ks. saturation? **

mean number of non synonymous sites compared: 189.4
mean Ka anostraca: 0.307642
mean Ka notostraca: 0.181246
dKa: 0.126396	standard deviation (sd): 0.0357672	ratio dKa/sd: 3.53386
exact probability (P): 0.00041308

equally weighted sequences:
> outgro:
ocin	0.5
tcas	0.5
> cladocera:
dmag	0.333333
dpul	0.333333
etex	0.333333
> notostraca:
lapu	0.125
lart	0.125
lcou	0.125
lubb	0.125
tcan	0.125
tita	0.125
tlon	0.125
tusa	0.125

mean GC outgro: all positions=0.399 position1=0.479 position2=0.325 position3=0.392 
mean GC cladocera: all positions=0.426 position1=0.515 position2=0.323 position3=0.440 
mean GC notostraca: all positions=0.427 position1=0.526 position2=0.330 position3=0.424 

** impossible to compute Ks. saturation? **

mean number of non synonymous sites compared: 188.2
mean Ka cladocera: 0.201181
mean Ka notostraca: 0.181246
dKa: 0.0199353	standard deviation (sd): 0.0193844	ratio dKa/sd: 1.02842
exact probability (P): 0.303759

