

## treatement of 3 lineages from file OG0005339.phy ##

equally weighted sequences:
> outgro:
ocin	0.5
tcas	0.5
> anostraca:
afra	1
> cladocera:
dmag	0.333333
dpul	0.333333
etex	0.333333

mean GC outgro: all positions=0.517 position1=0.502 position2=0.433 position3=0.616 
mean GC anostraca: all positions=0.421 position1=0.468 position2=0.412 position3=0.382 
mean GC cladocera: all positions=0.430 position1=0.433 position2=0.424 position3=0.432 

** impossible to compute Ks. saturation? **

mean number of non synonymous sites compared: 521.3
mean Ka anostraca: 0.365508
mean Ka cladocera: 0.277187
dKa: 0.0883209	standard deviation (sd): 0.0242225	ratio dKa/sd: 3.64624
exact probability (P): 0.000268464

equally weighted sequences:
> outgro:
ocin	0.5
tcas	0.5
> anostraca:
afra	1
> notostraca:
lapu	0.125
lart	0.125
lcou	0.125
lubb	0.125
tcan	0.125
tita	0.125
tlon	0.125
tusa	0.125

mean GC outgro: all positions=0.517 position1=0.502 position2=0.433 position3=0.616 
mean GC anostraca: all positions=0.421 position1=0.468 position2=0.412 position3=0.382 
mean GC notostraca: all positions=0.495 position1=0.473 position2=0.397 position3=0.614 

** impossible to compute Ks. saturation? **

mean number of non synonymous sites compared: 522.7
mean Ka anostraca: 0.365508
mean Ka notostraca: 0.26746
dKa: 0.098048	standard deviation (sd): 0.0248802	ratio dKa/sd: 3.94081
exact probability (P): 8.32443e-05

equally weighted sequences:
> outgro:
ocin	0.5
tcas	0.5
> cladocera:
dmag	0.333333
dpul	0.333333
etex	0.333333
> notostraca:
lapu	0.125
lart	0.125
lcou	0.125
lubb	0.125
tcan	0.125
tita	0.125
tlon	0.125
tusa	0.125

mean GC outgro: all positions=0.517 position1=0.502 position2=0.433 position3=0.616 
mean GC cladocera: all positions=0.430 position1=0.433 position2=0.424 position3=0.432 
mean GC notostraca: all positions=0.495 position1=0.473 position2=0.397 position3=0.614 

** impossible to compute Ks. saturation? **

mean number of non synonymous sites compared: 522.7
mean Ka cladocera: 0.277187
mean Ka notostraca: 0.26746
dKa: 0.00972712	standard deviation (sd): 0.0145435	ratio dKa/sd: 0.668831
exact probability (P): 0.503608

