

## treatement of 3 lineages from file OG0006050.phy ##

equally weighted sequences:
> outgro:
ocin	0.5
tcas	0.5
> anostraca:
afra	1
> cladocera:
dmag	0.333333
dpul	0.333333
etex	0.333333

mean GC outgro: all positions=0.524 position1=0.533 position2=0.418 position3=0.620 
mean GC anostraca: all positions=0.413 position1=0.500 position2=0.380 position3=0.359 
mean GC cladocera: all positions=0.476 position1=0.580 position2=0.391 position3=0.457 

** impossible to compute Ks. saturation? **

mean number of non synonymous sites compared: 187.5
mean Ka anostraca: 0.283518
mean Ka cladocera: 0.300867
dKa: -0.0173483	standard deviation (sd): 0.0315748	ratio dKa/sd: -0.549433
exact probability (P): 0.582712

equally weighted sequences:
> outgro:
ocin	0.5
tcas	0.5
> anostraca:
afra	1
> notostraca:
lapu	0.142857
lcou	0.142857
lubb	0.142857
tcan	0.142857
tita	0.142857
tlon	0.142857
tusa	0.142857

mean GC outgro: all positions=0.524 position1=0.533 position2=0.418 position3=0.620 
mean GC anostraca: all positions=0.413 position1=0.500 position2=0.380 position3=0.359 
mean GC notostraca: all positions=0.505 position1=0.543 position2=0.418 position3=0.554 

** impossible to compute Ks. saturation? **

mean number of non synonymous sites compared: 186.8
mean Ka anostraca: 0.283518
mean Ka notostraca: 0.24721
dKa: 0.0363088	standard deviation (sd): 0.031373	ratio dKa/sd: 1.15733
exact probability (P): 0.247146

equally weighted sequences:
> outgro:
ocin	0.5
tcas	0.5
> cladocera:
dmag	0.333333
dpul	0.333333
etex	0.333333
> notostraca:
lapu	0.142857
lcou	0.142857
lubb	0.142857
tcan	0.142857
tita	0.142857
tlon	0.142857
tusa	0.142857

mean GC outgro: all positions=0.524 position1=0.533 position2=0.418 position3=0.620 
mean GC cladocera: all positions=0.476 position1=0.580 position2=0.391 position3=0.457 
mean GC notostraca: all positions=0.505 position1=0.543 position2=0.418 position3=0.554 

** impossible to compute Ks. saturation? **

mean number of non synonymous sites compared: 184.0
mean Ka cladocera: 0.300867
mean Ka notostraca: 0.24721
dKa: 0.0536571	standard deviation (sd): 0.0267873	ratio dKa/sd: 2.00308
exact probability (P): 0.0451771

