

## treatement of 3 lineages from file OG0005067.phy ##

equally weighted sequences:
> outgro:
ocin	0.5
tcas	0.5
> anostraca:
afra	1
> cladocera:
dmag	0.333333
dpul	0.333333
etex	0.333333

mean GC outgro: all positions=0.438 position1=0.495 position2=0.346 position3=0.472 
mean GC anostraca: all positions=0.399 position1=0.561 position2=0.346 position3=0.290 
mean GC cladocera: all positions=0.389 position1=0.461 position2=0.368 position3=0.340 

** impossible to compute Ks. saturation? **

mean number of non synonymous sites compared: 207.7
mean Ka anostraca: 0.383331
mean Ka cladocera: 0.376532
dKa: 0.00679928	standard deviation (sd): 0.0339406	ratio dKa/sd: 0.200329
exact probability (P): 0.841225

equally weighted sequences:
> outgro:
ocin	0.5
tcas	0.5
> anostraca:
afra	1
> notostraca:
lapu	0.125
lart	0.125
lcou	0.125
lubb	0.125
tcan	0.125
tita	0.125
tlon	0.125
tusa	0.125

mean GC outgro: all positions=0.438 position1=0.495 position2=0.346 position3=0.472 
mean GC anostraca: all positions=0.399 position1=0.561 position2=0.346 position3=0.290 
mean GC notostraca: all positions=0.453 position1=0.533 position2=0.346 position3=0.481 

** impossible to compute Ks. saturation? **

mean number of non synonymous sites compared: 209.1
mean Ka anostraca: 0.383331
mean Ka notostraca: 0.344626
dKa: 0.0387047	standard deviation (sd): 0.0357414	ratio dKa/sd: 1.08291
exact probability (P): 0.278856

equally weighted sequences:
> outgro:
ocin	0.5
tcas	0.5
> cladocera:
dmag	0.333333
dpul	0.333333
etex	0.333333
> notostraca:
lapu	0.125
lart	0.125
lcou	0.125
lubb	0.125
tcan	0.125
tita	0.125
tlon	0.125
tusa	0.125

mean GC outgro: all positions=0.438 position1=0.495 position2=0.346 position3=0.472 
mean GC cladocera: all positions=0.389 position1=0.461 position2=0.368 position3=0.340 
mean GC notostraca: all positions=0.453 position1=0.533 position2=0.346 position3=0.481 

** impossible to compute Ks. saturation? **

mean number of non synonymous sites compared: 206.2
mean Ka cladocera: 0.376532
mean Ka notostraca: 0.344626
dKa: 0.0319054	standard deviation (sd): 0.0255803	ratio dKa/sd: 1.24727
exact probability (P): 0.212307

