

## treatement of 3 lineages from file OG0005666.phy ##

equally weighted sequences:
> outgro:
ocin	0.5
tcas	0.5
> anostraca:
afra	1
> cladocera:
dmag	0.333333
dpul	0.333333
etex	0.333333

mean GC outgro: all positions=0.395 position1=0.471 position2=0.373 position3=0.342 
mean GC anostraca: all positions=0.415 position1=0.478 position2=0.366 position3=0.402 
mean GC cladocera: all positions=0.441 position1=0.507 position2=0.375 position3=0.440 

** impossible to compute Ks. saturation? **

mean number of non synonymous sites compared: 438.9
mean Ka anostraca: 0.34592
mean Ka cladocera: 0.313738
dKa: 0.0321828	standard deviation (sd): 0.0264931	ratio dKa/sd: 1.21476
exact probability (P): 0.224463

equally weighted sequences:
> outgro:
ocin	0.5
tcas	0.5
> anostraca:
afra	1
> notostraca:
lapu	0.125
lart	0.125
lcou	0.125
lubb	0.125
tcan	0.125
tita	0.125
tlon	0.125
tusa	0.125

mean GC outgro: all positions=0.395 position1=0.471 position2=0.373 position3=0.342 
mean GC anostraca: all positions=0.415 position1=0.478 position2=0.366 position3=0.402 
mean GC notostraca: all positions=0.450 position1=0.506 position2=0.391 position3=0.453 

** impossible to compute Ks. saturation? **

mean number of non synonymous sites compared: 439.3
mean Ka anostraca: 0.34592
mean Ka notostraca: 0.423246
dKa: -0.0773251	standard deviation (sd): 0.0328631	ratio dKa/sd: -2.35295
exact probability (P): 0.018633

equally weighted sequences:
> outgro:
ocin	0.5
tcas	0.5
> cladocera:
dmag	0.333333
dpul	0.333333
etex	0.333333
> notostraca:
lapu	0.125
lart	0.125
lcou	0.125
lubb	0.125
tcan	0.125
tita	0.125
tlon	0.125
tusa	0.125

mean GC outgro: all positions=0.395 position1=0.471 position2=0.373 position3=0.342 
mean GC cladocera: all positions=0.441 position1=0.507 position2=0.375 position3=0.440 
mean GC notostraca: all positions=0.450 position1=0.506 position2=0.391 position3=0.453 

** impossible to compute Ks. saturation? **

mean number of non synonymous sites compared: 439.7
mean Ka cladocera: 0.313738
mean Ka notostraca: 0.423246
dKa: -0.109508	standard deviation (sd): 0.0273879	ratio dKa/sd: -3.99841
exact probability (P): 6.53499e-05

