

## treatement of 3 lineages from file OG0006313.phy ##

equally weighted sequences:
> outgro:
ocin	0.5
tcas	0.5
> anostraca:
afra	1
> cladocera:
dmag	0.333333
dpul	0.333333
etex	0.333333

mean GC outgro: all positions=0.398 position1=0.500 position2=0.193 position3=0.500 
mean GC anostraca: all positions=0.371 position1=0.455 position2=0.318 position3=0.341 
mean GC cladocera: all positions=0.399 position1=0.561 position2=0.227 position3=0.409 

** impossible to compute Ks. saturation? **

mean number of non synonymous sites compared: 83.9
mean Ka anostraca: 0.439334
mean Ka cladocera: 0.20441
dKa: 0.234924	standard deviation (sd): 0.076565	ratio dKa/sd: 3.06829
exact probability (P): 0.00215802

equally weighted sequences:
> outgro:
ocin	0.5
tcas	0.5
> anostraca:
afra	1
> notostraca:
lart	0.142857
lcou	0.142857
lubb	0.142857
tcan	0.142857
tita	0.142857
tlon	0.142857
tusa	0.142857

mean GC outgro: all positions=0.398 position1=0.500 position2=0.193 position3=0.500 
mean GC anostraca: all positions=0.371 position1=0.455 position2=0.318 position3=0.341 
mean GC notostraca: all positions=0.397 position1=0.526 position2=0.260 position3=0.406 

** impossible to compute Ks. saturation? **

mean number of non synonymous sites compared: 83.2
mean Ka anostraca: 0.439334
mean Ka notostraca: 0.138992
dKa: 0.300341	standard deviation (sd): 0.0777379	ratio dKa/sd: 3.86351
exact probability (P): 0.000114367

equally weighted sequences:
> outgro:
ocin	0.5
tcas	0.5
> cladocera:
dmag	0.333333
dpul	0.333333
etex	0.333333
> notostraca:
lart	0.142857
lcou	0.142857
lubb	0.142857
tcan	0.142857
tita	0.142857
tlon	0.142857
tusa	0.142857

mean GC outgro: all positions=0.398 position1=0.500 position2=0.193 position3=0.500 
mean GC cladocera: all positions=0.399 position1=0.561 position2=0.227 position3=0.409 
mean GC notostraca: all positions=0.397 position1=0.526 position2=0.260 position3=0.406 

** impossible to compute Ks. saturation? **

mean number of non synonymous sites compared: 80.3
mean Ka cladocera: 0.20441
mean Ka notostraca: 0.138992
dKa: 0.0654174	standard deviation (sd): 0.0394851	ratio dKa/sd: 1.65676
exact probability (P): 0.0975757

