

## treatement of 3 lineages from file OG0006124.phy ##

equally weighted sequences:
> outgro:
ocin	0.5
tcas	0.5
> anostraca:
afra	1
> cladocera:
dmag	0.333333
dpul	0.333333
etex	0.333333

mean GC outgro: all positions=0.434 position1=0.437 position2=0.358 position3=0.506 
mean GC anostraca: all positions=0.369 position1=0.429 position2=0.335 position3=0.343 
mean GC cladocera: all positions=0.445 position1=0.490 position2=0.357 position3=0.490 

** impossible to compute Ks. saturation? **

mean number of non synonymous sites compared: 473.0
mean Ka anostraca: 0.404594
mean Ka cladocera: 0.291299
dKa: 0.113295	standard deviation (sd): 0.0264856	ratio dKa/sd: 4.27759
exact probability (P): 2.03977e-05

equally weighted sequences:
> outgro:
ocin	0.5
tcas	0.5
> anostraca:
afra	1
> notostraca:
lapu	0.142857
lart	0.142857
lcou	0.142857
tcan	0.142857
tita	0.142857
tlon	0.142857
tusa	0.142857

mean GC outgro: all positions=0.434 position1=0.437 position2=0.358 position3=0.506 
mean GC anostraca: all positions=0.369 position1=0.429 position2=0.335 position3=0.343 
mean GC notostraca: all positions=0.450 position1=0.450 position2=0.361 position3=0.539 

** impossible to compute Ks. saturation? **

mean number of non synonymous sites compared: 473.9
mean Ka anostraca: 0.404594
mean Ka notostraca: 0.30619
dKa: 0.0984044	standard deviation (sd): 0.0289624	ratio dKa/sd: 3.39767
exact probability (P): 0.000683811

equally weighted sequences:
> outgro:
ocin	0.5
tcas	0.5
> cladocera:
dmag	0.333333
dpul	0.333333
etex	0.333333
> notostraca:
lapu	0.142857
lart	0.142857
lcou	0.142857
tcan	0.142857
tita	0.142857
tlon	0.142857
tusa	0.142857

mean GC outgro: all positions=0.434 position1=0.437 position2=0.358 position3=0.506 
mean GC cladocera: all positions=0.445 position1=0.490 position2=0.357 position3=0.490 
mean GC notostraca: all positions=0.450 position1=0.450 position2=0.361 position3=0.539 

** impossible to compute Ks. saturation? **

mean number of non synonymous sites compared: 476.1
mean Ka cladocera: 0.291299
mean Ka notostraca: 0.30619
dKa: -0.0148902	standard deviation (sd): 0.0180765	ratio dKa/sd: -0.823731
exact probability (P): 0.410097

