

## treatement of 3 lineages from file OG0005133.phy ##

equally weighted sequences:
> outgro:
ocin	0.5
tcas	0.5
> anostraca:
afra	1
> cladocera:
dmag	0.333333
dpul	0.333333
etex	0.333333

mean GC outgro: all positions=0.479 position1=0.488 position2=0.377 position3=0.574 
mean GC anostraca: all positions=0.444 position1=0.494 position2=0.395 position3=0.444 
mean GC cladocera: all positions=0.531 position1=0.539 position2=0.395 position3=0.658 

** impossible to compute Ks. saturation? **

mean number of non synonymous sites compared: 148.5
mean Ka anostraca: 0.178168
mean Ka cladocera: 0.0911515
dKa: 0.0870162	standard deviation (sd): 0.0275896	ratio dKa/sd: 3.15394
exact probability (P): 0.00161593

equally weighted sequences:
> outgro:
ocin	0.5
tcas	0.5
> anostraca:
afra	1
> notostraca:
lapu	0.125
lart	0.125
lcou	0.125
lubb	0.125
tcan	0.125
tita	0.125
tlon	0.125
tusa	0.125

mean GC outgro: all positions=0.479 position1=0.488 position2=0.377 position3=0.574 
mean GC anostraca: all positions=0.444 position1=0.494 position2=0.395 position3=0.444 
mean GC notostraca: all positions=0.505 position1=0.543 position2=0.383 position3=0.590 

** impossible to compute Ks. saturation? **

mean number of non synonymous sites compared: 149.6
mean Ka anostraca: 0.178168
mean Ka notostraca: 0.0940664
dKa: 0.0841013	standard deviation (sd): 0.0308318	ratio dKa/sd: 2.72774
exact probability (P): 0.00638225

equally weighted sequences:
> outgro:
ocin	0.5
tcas	0.5
> cladocera:
dmag	0.333333
dpul	0.333333
etex	0.333333
> notostraca:
lapu	0.125
lart	0.125
lcou	0.125
lubb	0.125
tcan	0.125
tita	0.125
tlon	0.125
tusa	0.125

mean GC outgro: all positions=0.479 position1=0.488 position2=0.377 position3=0.574 
mean GC cladocera: all positions=0.531 position1=0.539 position2=0.395 position3=0.658 
mean GC notostraca: all positions=0.505 position1=0.543 position2=0.383 position3=0.590 

** impossible to compute Ks. saturation? **

mean number of non synonymous sites compared: 149.3
mean Ka cladocera: 0.0911515
mean Ka notostraca: 0.0940664
dKa: -0.00291489	standard deviation (sd): 0.0141944	ratio dKa/sd: -0.205356
exact probability (P): 0.837295

