

## treatement of 3 lineages from file OG0006307.phy ##

equally weighted sequences:
> outgro:
ocin	0.5
tcas	0.5
> anostraca:
afra	1
> cladocera:
dmag	0.333333
dpul	0.333333
etex	0.333333

mean GC outgro: all positions=0.420 position1=0.504 position2=0.355 position3=0.401 
mean GC anostraca: all positions=0.405 position1=0.512 position2=0.399 position3=0.304 
mean GC cladocera: all positions=0.467 position1=0.552 position2=0.402 position3=0.446 

** impossible to compute Ks. saturation? **

mean number of non synonymous sites compared: 568.2
mean Ka anostraca: 0.408243
mean Ka cladocera: 0.409289
dKa: -0.00104636	standard deviation (sd): 0.0237117	ratio dKa/sd: -0.0441285
exact probability (P): 0.964802

equally weighted sequences:
> outgro:
ocin	0.5
tcas	0.5
> anostraca:
afra	1
> notostraca:
lapu	0.142857
lart	0.142857
lcou	0.142857
lubb	0.142857
tcan	0.142857
tlon	0.142857
tusa	0.142857

mean GC outgro: all positions=0.420 position1=0.504 position2=0.355 position3=0.401 
mean GC anostraca: all positions=0.405 position1=0.512 position2=0.399 position3=0.304 
mean GC notostraca: all positions=0.449 position1=0.507 position2=0.413 position3=0.426 

** impossible to compute Ks. saturation? **

mean number of non synonymous sites compared: 570.4
mean Ka anostraca: 0.408243
mean Ka notostraca: 0.411351
dKa: -0.00310863	standard deviation (sd): 0.0251889	ratio dKa/sd: -0.123413
exact probability (P): 0.901781

equally weighted sequences:
> outgro:
ocin	0.5
tcas	0.5
> cladocera:
dmag	0.333333
dpul	0.333333
etex	0.333333
> notostraca:
lapu	0.142857
lart	0.142857
lcou	0.142857
lubb	0.142857
tcan	0.142857
tlon	0.142857
tusa	0.142857

mean GC outgro: all positions=0.420 position1=0.504 position2=0.355 position3=0.401 
mean GC cladocera: all positions=0.467 position1=0.552 position2=0.402 position3=0.446 
mean GC notostraca: all positions=0.449 position1=0.507 position2=0.413 position3=0.426 

** impossible to compute Ks. saturation? **

mean number of non synonymous sites compared: 561.9
mean Ka cladocera: 0.409289
mean Ka notostraca: 0.411351
dKa: -0.00206227	standard deviation (sd): 0.0212247	ratio dKa/sd: -0.0971635
exact probability (P): 0.922597

