

## treatement of 3 lineages from file OG0006876.phy ##

equally weighted sequences:
> outgro:
ocin	0.5
tcas	0.5
> anostraca:
afra	1
> cladocera:
dmag	0.333333
dpul	0.333333
etex	0.333333

mean GC outgro: all positions=0.420 position1=0.450 position2=0.416 position3=0.393 
mean GC anostraca: all positions=0.387 position1=0.504 position2=0.366 position3=0.290 
mean GC cladocera: all positions=0.478 position1=0.517 position2=0.407 position3=0.511 

** impossible to compute Ks. saturation? **

mean number of non synonymous sites compared: 261.0
mean Ka anostraca: 0.761114
mean Ka cladocera: 0.587093
dKa: 0.174021	standard deviation (sd): 0.0645118	ratio dKa/sd: 2.69751
exact probability (P): 0.0069926

equally weighted sequences:
> outgro:
ocin	0.5
tcas	0.5
> anostraca:
afra	1
> notostraca:
lapu	0.166667
lart	0.166667
lcou	0.166667
lubb	0.166667
tlon	0.166667
tusa	0.166667

mean GC outgro: all positions=0.420 position1=0.450 position2=0.416 position3=0.393 
mean GC anostraca: all positions=0.387 position1=0.504 position2=0.366 position3=0.290 
mean GC notostraca: all positions=0.475 position1=0.501 position2=0.419 position3=0.504 

** impossible to compute Ks. saturation? **

mean number of non synonymous sites compared: 259.6
mean Ka anostraca: 0.761114
mean Ka notostraca: 0.547776
dKa: 0.213338	standard deviation (sd): 0.0675862	ratio dKa/sd: 3.15654
exact probability (P): 0.00160004

equally weighted sequences:
> outgro:
ocin	0.5
tcas	0.5
> cladocera:
dmag	0.333333
dpul	0.333333
etex	0.333333
> notostraca:
lapu	0.166667
lart	0.166667
lcou	0.166667
lubb	0.166667
tlon	0.166667
tusa	0.166667

mean GC outgro: all positions=0.420 position1=0.450 position2=0.416 position3=0.393 
mean GC cladocera: all positions=0.478 position1=0.517 position2=0.407 position3=0.511 
mean GC notostraca: all positions=0.475 position1=0.501 position2=0.419 position3=0.504 

** impossible to compute Ks. saturation? **

mean number of non synonymous sites compared: 254.4
mean Ka cladocera: 0.587093
mean Ka notostraca: 0.547776
dKa: 0.0393169	standard deviation (sd): 0.0432483	ratio dKa/sd: 0.909097
exact probability (P): 0.363305

