

## treatement of 3 lineages from file OG0009626.phy ##

equally weighted sequences:
> outgro:
ocin	0.5
tcas	0.5
> anostraca:
afra	1
> cladocera:
dpul	1

mean GC outgro: all positions=0.449 position1=0.576 position2=0.343 position3=0.429 
mean GC anostraca: all positions=0.438 position1=0.657 position2=0.333 position3=0.323 
mean GC cladocera: all positions=0.434 position1=0.566 position2=0.323 position3=0.414 

** impossible to compute Ks. saturation? **

mean number of non synonymous sites compared: 189.5
mean Ka anostraca: 0.38146
mean Ka cladocera: 0.387304
dKa: -0.00584382	standard deviation (sd): 0.0479435	ratio dKa/sd: -0.12189
exact probability (P): 0.902987

equally weighted sequences:
> outgro:
ocin	0.5
tcas	0.5
> anostraca:
afra	1
> notostraca:
tcan	0.333333
tita	0.333333
tusa	0.333333

mean GC outgro: all positions=0.449 position1=0.576 position2=0.343 position3=0.429 
mean GC anostraca: all positions=0.438 position1=0.657 position2=0.333 position3=0.323 
mean GC notostraca: all positions=0.490 position1=0.636 position2=0.364 position3=0.471 

** impossible to compute Ks. saturation? **

mean number of non synonymous sites compared: 190.4
mean Ka anostraca: 0.38146
mean Ka notostraca: 0.382474
dKa: -0.00101432	standard deviation (sd): 0.04686	ratio dKa/sd: -0.0216457
exact probability (P): 0.982731

equally weighted sequences:
> outgro:
ocin	0.5
tcas	0.5
> cladocera:
dpul	1
> notostraca:
tcan	0.333333
tita	0.333333
tusa	0.333333

mean GC outgro: all positions=0.449 position1=0.576 position2=0.343 position3=0.429 
mean GC cladocera: all positions=0.434 position1=0.566 position2=0.323 position3=0.414 
mean GC notostraca: all positions=0.490 position1=0.636 position2=0.364 position3=0.471 

** impossible to compute Ks. saturation? **

mean number of non synonymous sites compared: 190.1
mean Ka cladocera: 0.387304
mean Ka notostraca: 0.382474
dKa: 0.0048295	standard deviation (sd): 0.0427153	ratio dKa/sd: 0.113063
exact probability (P): 0.909982

