

## treatement of 3 lineages from file OG0008029.phy ##

equally weighted sequences:
> outgro:
ocin	0.5
tcas	0.5
> anostraca:
afra	1
> cladocera:
dmag	0.333333
dpul	0.333333
etex	0.333333

mean GC outgro: all positions=0.439 position1=0.533 position2=0.383 position3=0.400 
mean GC anostraca: all positions=0.422 position1=0.567 position2=0.400 position3=0.300 
mean GC cladocera: all positions=0.378 position1=0.456 position2=0.356 position3=0.322 

** impossible to compute Ks. saturation? **

mean number of non synonymous sites compared: 57.9
mean Ka anostraca: 0.456034
mean Ka cladocera: 0.491976
dKa: -0.035942	standard deviation (sd): 0.0861873	ratio dKa/sd: -0.417022
exact probability (P): 0.676665

equally weighted sequences:
> outgro:
ocin	0.5
tcas	0.5
> anostraca:
afra	1
> notostraca:
tcan	0.25
tita	0.25
tlon	0.25
tusa	0.25

mean GC outgro: all positions=0.439 position1=0.533 position2=0.383 position3=0.400 
mean GC anostraca: all positions=0.422 position1=0.567 position2=0.400 position3=0.300 
mean GC notostraca: all positions=0.431 position1=0.517 position2=0.367 position3=0.408 

** impossible to compute Ks. saturation? **

mean number of non synonymous sites compared: 57.1
mean Ka anostraca: 0.456034
mean Ka notostraca: 0.640016
dKa: -0.183982	standard deviation (sd): 0.18779	ratio dKa/sd: -0.979724
exact probability (P): 0.327229

equally weighted sequences:
> outgro:
ocin	0.5
tcas	0.5
> cladocera:
dmag	0.333333
dpul	0.333333
etex	0.333333
> notostraca:
tcan	0.25
tita	0.25
tlon	0.25
tusa	0.25

mean GC outgro: all positions=0.439 position1=0.533 position2=0.383 position3=0.400 
mean GC cladocera: all positions=0.378 position1=0.456 position2=0.356 position3=0.322 
mean GC notostraca: all positions=0.431 position1=0.517 position2=0.367 position3=0.408 

** impossible to compute Ks. saturation? **

mean number of non synonymous sites compared: 56.5
mean Ka cladocera: 0.491976
mean Ka notostraca: 0.640016
dKa: -0.14804	standard deviation (sd): 0.184355	ratio dKa/sd: -0.803019
exact probability (P): 0.42197

