

## treatement of 3 lineages from file OG0005358.phy ##

equally weighted sequences:
> outgro:
ocin	0.5
tcas	0.5
> anostraca:
afra	1
> cladocera:
dmag	0.333333
dpul	0.333333
etex	0.333333

mean GC outgro: all positions=0.476 position1=0.543 position2=0.381 position3=0.504 
mean GC anostraca: all positions=0.445 position1=0.538 position2=0.385 position3=0.412 
mean GC cladocera: all positions=0.509 position1=0.564 position2=0.379 position3=0.583 

** impossible to compute Ks. saturation? **

mean number of non synonymous sites compared: 1580.2
mean Ka anostraca: 0.07838
mean Ka cladocera: 0.0802287
dKa: -0.00184871	standard deviation (sd): 0.00626285	ratio dKa/sd: -0.295186
exact probability (P): 0.767854

equally weighted sequences:
> outgro:
ocin	0.5
tcas	0.5
> anostraca:
afra	1
> notostraca:
lapu	0.125
lart	0.125
lcou	0.125
lubb	0.125
tcan	0.125
tita	0.125
tlon	0.125
tusa	0.125

mean GC outgro: all positions=0.476 position1=0.543 position2=0.381 position3=0.504 
mean GC anostraca: all positions=0.445 position1=0.538 position2=0.385 position3=0.412 
mean GC notostraca: all positions=0.511 position1=0.539 position2=0.379 position3=0.617 

mean number of synonymous sites compared: 797.6
mean Ks anostraca: 1.86054
mean Ks notostraca: 1.37114
dKs: 0.489396	standard deviation (sd): 0.177263	ratio dKs/sd: 2.76085
exact probability (P): 0.00577141

mean number of non synonymous sites compared: 1578.4
mean Ka anostraca: 0.07838
mean Ka notostraca: 0.0755756
dKa: 0.00280434	standard deviation (sd): 0.00579468	ratio dKa/sd: 0.48395
exact probability (P): 0.628425

equally weighted sequences:
> outgro:
ocin	0.5
tcas	0.5
> cladocera:
dmag	0.333333
dpul	0.333333
etex	0.333333
> notostraca:
lapu	0.125
lart	0.125
lcou	0.125
lubb	0.125
tcan	0.125
tita	0.125
tlon	0.125
tusa	0.125

mean GC outgro: all positions=0.476 position1=0.543 position2=0.381 position3=0.504 
mean GC cladocera: all positions=0.509 position1=0.564 position2=0.379 position3=0.583 
mean GC notostraca: all positions=0.511 position1=0.539 position2=0.379 position3=0.617 

** impossible to compute Ks. saturation? **

mean number of non synonymous sites compared: 1587.2
mean Ka cladocera: 0.0802287
mean Ka notostraca: 0.0755756
dKa: 0.00465305	standard deviation (sd): 0.00517105	ratio dKa/sd: 0.899826
exact probability (P): 0.368218

