

## treatement of 3 lineages from file OG0007497.phy ##

equally weighted sequences:
> outgro:
ocin	0.5
tcas	0.5
> anostraca:
afra	1
> cladocera:
dmag	0.333333
dpul	0.333333
etex	0.333333

mean GC outgro: all positions=0.476 position1=0.552 position2=0.442 position3=0.435 
mean GC anostraca: all positions=0.390 position1=0.494 position2=0.403 position3=0.273 
mean GC cladocera: all positions=0.486 position1=0.476 position2=0.433 position3=0.550 

** impossible to compute Ks. saturation? **

mean number of non synonymous sites compared: 150.9
mean Ka anostraca: 0.364425
mean Ka cladocera: 0.33333
dKa: 0.0310941	standard deviation (sd): 0.0460159	ratio dKa/sd: 0.675725
exact probability (P): 0.49922

equally weighted sequences:
> outgro:
ocin	0.5
tcas	0.5
> anostraca:
afra	1
> notostraca:
lcou	0.2
tcan	0.2
tita	0.2
tlon	0.2
tusa	0.2

mean GC outgro: all positions=0.476 position1=0.552 position2=0.442 position3=0.435 
mean GC anostraca: all positions=0.390 position1=0.494 position2=0.403 position3=0.273 
mean GC notostraca: all positions=0.489 position1=0.527 position2=0.429 position3=0.512 

** impossible to compute Ks. saturation? **

mean number of non synonymous sites compared: 150.0
mean Ka anostraca: 0.364425
mean Ka notostraca: 0.336305
dKa: 0.0281199	standard deviation (sd): 0.0468704	ratio dKa/sd: 0.599949
exact probability (P): 0.548545

equally weighted sequences:
> outgro:
ocin	0.5
tcas	0.5
> cladocera:
dmag	0.333333
dpul	0.333333
etex	0.333333
> notostraca:
lcou	0.2
tcan	0.2
tita	0.2
tlon	0.2
tusa	0.2

mean GC outgro: all positions=0.476 position1=0.552 position2=0.442 position3=0.435 
mean GC cladocera: all positions=0.486 position1=0.476 position2=0.433 position3=0.550 
mean GC notostraca: all positions=0.489 position1=0.527 position2=0.429 position3=0.512 

** impossible to compute Ks. saturation? **

mean number of non synonymous sites compared: 149.9
mean Ka cladocera: 0.33333
mean Ka notostraca: 0.336305
dKa: -0.00297423	standard deviation (sd): 0.0344618	ratio dKa/sd: -0.0863051
exact probability (P): 0.931224

