

## treatement of 3 lineages from file OG0006285.phy ##

equally weighted sequences:
> outgro:
ocin	0.5
tcas	0.5
> anostraca:
afra	1
> cladocera:
dmag	0.5
dpul	0.5

mean GC outgro: all positions=0.482 position1=0.554 position2=0.475 position3=0.417 
mean GC anostraca: all positions=0.477 position1=0.559 position2=0.529 position3=0.343 
mean GC cladocera: all positions=0.453 position1=0.544 position2=0.461 position3=0.353 

** impossible to compute Ks. saturation? **

mean number of non synonymous sites compared: 193.7
mean Ka anostraca: 0.372616
mean Ka cladocera: 0.107859
dKa: 0.264757	standard deviation (sd): 0.0515436	ratio dKa/sd: 5.13656
exact probability (P): 6.39411e-07

equally weighted sequences:
> outgro:
ocin	0.5
tcas	0.5
> anostraca:
afra	1
> notostraca:
lapu	0.125
lart	0.125
lcou	0.125
lubb	0.125
tcan	0.125
tita	0.125
tlon	0.125
tusa	0.125

mean GC outgro: all positions=0.482 position1=0.554 position2=0.475 position3=0.417 
mean GC anostraca: all positions=0.477 position1=0.559 position2=0.529 position3=0.343 
mean GC notostraca: all positions=0.494 position1=0.589 position2=0.472 position3=0.420 

** impossible to compute Ks. saturation? **

mean number of non synonymous sites compared: 192.6
mean Ka anostraca: 0.372616
mean Ka notostraca: 0.111247
dKa: 0.261369	standard deviation (sd): 0.0484079	ratio dKa/sd: 5.3993
exact probability (P): 1.60934e-07

equally weighted sequences:
> outgro:
ocin	0.5
tcas	0.5
> cladocera:
dmag	0.5
dpul	0.5
> notostraca:
lapu	0.125
lart	0.125
lcou	0.125
lubb	0.125
tcan	0.125
tita	0.125
tlon	0.125
tusa	0.125

mean GC outgro: all positions=0.482 position1=0.554 position2=0.475 position3=0.417 
mean GC cladocera: all positions=0.453 position1=0.544 position2=0.461 position3=0.353 
mean GC notostraca: all positions=0.494 position1=0.589 position2=0.472 position3=0.420 

** impossible to compute Ks. saturation? **

mean number of non synonymous sites compared: 192.8
mean Ka cladocera: 0.107859
mean Ka notostraca: 0.111247
dKa: -0.00338824	standard deviation (sd): 0.0175667	ratio dKa/sd: -0.192878
exact probability (P): 0.847055

