

## treatement of 3 lineages from file OG0007005.phy ##

equally weighted sequences:
> outgro:
tcas	1
> anostraca:
afra	1
> cladocera:
dmag	0.5
dpul	0.5

mean GC outgro: all positions=0.458 position1=0.459 position2=0.325 position3=0.590 
mean GC anostraca: all positions=0.341 position1=0.368 position2=0.313 position3=0.343 
mean GC cladocera: all positions=0.461 position1=0.489 position2=0.363 position3=0.530 

** impossible to compute Ks. saturation? **

mean number of non synonymous sites compared: 627.2
mean Ka anostraca: 0.618034
mean Ka cladocera: 0.49067
dKa: 0.127364	standard deviation (sd): 0.0429674	ratio dKa/sd: 2.96421
exact probability (P): 0.00304039

equally weighted sequences:
> outgro:
tcas	1
> anostraca:
afra	1
> notostraca:
lapu	0.125
lart	0.125
lcou	0.125
lubb	0.125
tcan	0.125
tita	0.125
tlon	0.125
tusa	0.125

mean GC outgro: all positions=0.458 position1=0.459 position2=0.325 position3=0.590 
mean GC anostraca: all positions=0.341 position1=0.368 position2=0.313 position3=0.343 
mean GC notostraca: all positions=0.491 position1=0.503 position2=0.362 position3=0.607 

** impossible to compute Ks. saturation? **

mean number of non synonymous sites compared: 634.9
mean Ka anostraca: 0.618034
mean Ka notostraca: 0.505859
dKa: 0.112175	standard deviation (sd): 0.0426555	ratio dKa/sd: 2.6298
exact probability (P): 0.00855056

equally weighted sequences:
> outgro:
tcas	1
> cladocera:
dmag	0.5
dpul	0.5
> notostraca:
lapu	0.125
lart	0.125
lcou	0.125
lubb	0.125
tcan	0.125
tita	0.125
tlon	0.125
tusa	0.125

mean GC outgro: all positions=0.458 position1=0.459 position2=0.325 position3=0.590 
mean GC cladocera: all positions=0.461 position1=0.489 position2=0.363 position3=0.530 
mean GC notostraca: all positions=0.491 position1=0.503 position2=0.362 position3=0.607 

** impossible to compute Ks. saturation? **

mean number of non synonymous sites compared: 632.9
mean Ka cladocera: 0.49067
mean Ka notostraca: 0.505859
dKa: -0.0151889	standard deviation (sd): 0.0356218	ratio dKa/sd: -0.426393
exact probability (P): 0.669825

