

## treatement of 3 lineages from file OG0005687.phy ##

equally weighted sequences:
> outgro:
ocin	0.5
tcas	0.5
> anostraca:
afra	1
> cladocera:
dmag	0.333333
dpul	0.333333
etex	0.333333

mean GC outgro: all positions=0.433 position1=0.514 position2=0.335 position3=0.448 
mean GC anostraca: all positions=0.357 position1=0.459 position2=0.306 position3=0.306 
mean GC cladocera: all positions=0.417 position1=0.500 position2=0.314 position3=0.438 

** impossible to compute Ks. saturation? **

mean number of non synonymous sites compared: 455.3
mean Ka anostraca: 0.277517
mean Ka cladocera: 0.243727
dKa: 0.0337904	standard deviation (sd): 0.021151	ratio dKa/sd: 1.59758
exact probability (P): 0.110144

equally weighted sequences:
> outgro:
ocin	0.5
tcas	0.5
> anostraca:
afra	1
> notostraca:
lapu	0.125
lart	0.125
lcou	0.125
lubb	0.125
tcan	0.125
tita	0.125
tlon	0.125
tusa	0.125

mean GC outgro: all positions=0.433 position1=0.514 position2=0.335 position3=0.448 
mean GC anostraca: all positions=0.357 position1=0.459 position2=0.306 position3=0.306 
mean GC notostraca: all positions=0.431 position1=0.489 position2=0.336 position3=0.469 

** impossible to compute Ks. saturation? **

mean number of non synonymous sites compared: 455.7
mean Ka anostraca: 0.277517
mean Ka notostraca: 0.267671
dKa: 0.00984616	standard deviation (sd): 0.0234481	ratio dKa/sd: 0.419913
exact probability (P): 0.674551

equally weighted sequences:
> outgro:
ocin	0.5
tcas	0.5
> cladocera:
dmag	0.333333
dpul	0.333333
etex	0.333333
> notostraca:
lapu	0.125
lart	0.125
lcou	0.125
lubb	0.125
tcan	0.125
tita	0.125
tlon	0.125
tusa	0.125

mean GC outgro: all positions=0.433 position1=0.514 position2=0.335 position3=0.448 
mean GC cladocera: all positions=0.417 position1=0.500 position2=0.314 position3=0.438 
mean GC notostraca: all positions=0.431 position1=0.489 position2=0.336 position3=0.469 

** impossible to compute Ks. saturation? **

mean number of non synonymous sites compared: 457.0
mean Ka cladocera: 0.243727
mean Ka notostraca: 0.267671
dKa: -0.0239443	standard deviation (sd): 0.0161987	ratio dKa/sd: -1.47816
exact probability (P): 0.139373

