

## treatement of 3 lineages from file OG0005619.phy ##

equally weighted sequences:
> outgro:
ocin	0.5
tcas	0.5
> anostraca:
afra	1
> cladocera:
dmag	0.333333
dpul	0.333333
etex	0.333333

mean GC outgro: all positions=0.456 position1=0.557 position2=0.379 position3=0.432 
mean GC anostraca: all positions=0.402 position1=0.492 position2=0.364 position3=0.348 
mean GC cladocera: all positions=0.474 position1=0.563 position2=0.374 position3=0.485 

** impossible to compute Ks. saturation? **

mean number of non synonymous sites compared: 257.4
mean Ka anostraca: 0.310564
mean Ka cladocera: 0.227274
dKa: 0.0832896	standard deviation (sd): 0.0308538	ratio dKa/sd: 2.69949
exact probability (P): 0.00694961

equally weighted sequences:
> outgro:
ocin	0.5
tcas	0.5
> anostraca:
afra	1
> notostraca:
lapu	0.125
lart	0.125
lcou	0.125
lubb	0.125
tcan	0.125
tita	0.125
tlon	0.125
tusa	0.125

mean GC outgro: all positions=0.456 position1=0.557 position2=0.379 position3=0.432 
mean GC anostraca: all positions=0.402 position1=0.492 position2=0.364 position3=0.348 
mean GC notostraca: all positions=0.464 position1=0.558 position2=0.405 position3=0.430 

** impossible to compute Ks. saturation? **

mean number of non synonymous sites compared: 257.5
mean Ka anostraca: 0.310564
mean Ka notostraca: 0.238105
dKa: 0.0724592	standard deviation (sd): 0.0348917	ratio dKa/sd: 2.07669
exact probability (P): 0.037839

equally weighted sequences:
> outgro:
ocin	0.5
tcas	0.5
> cladocera:
dmag	0.333333
dpul	0.333333
etex	0.333333
> notostraca:
lapu	0.125
lart	0.125
lcou	0.125
lubb	0.125
tcan	0.125
tita	0.125
tlon	0.125
tusa	0.125

mean GC outgro: all positions=0.456 position1=0.557 position2=0.379 position3=0.432 
mean GC cladocera: all positions=0.474 position1=0.563 position2=0.374 position3=0.485 
mean GC notostraca: all positions=0.464 position1=0.558 position2=0.405 position3=0.430 

** impossible to compute Ks. saturation? **

mean number of non synonymous sites compared: 254.9
mean Ka cladocera: 0.227274
mean Ka notostraca: 0.238105
dKa: -0.0108304	standard deviation (sd): 0.0230732	ratio dKa/sd: -0.469393
exact probability (P): 0.638792

