

## treatement of 3 lineages from file OG0005236.phy ##

equally weighted sequences:
> outgro:
ocin	0.5
tcas	0.5
> anostraca:
afra	1
> cladocera:
dmag	0.333333
dpul	0.333333
etex	0.333333

mean GC outgro: all positions=0.548 position1=0.640 position2=0.543 position3=0.461 
mean GC anostraca: all positions=0.525 position1=0.651 position2=0.543 position3=0.380 
mean GC cladocera: all positions=0.547 position1=0.643 position2=0.556 position3=0.442 

** impossible to compute Ks. saturation? **

mean number of non synonymous sites compared: 254.8
mean Ka anostraca: 0.524693
mean Ka cladocera: 0.380743
dKa: 0.14395	standard deviation (sd): 0.0525842	ratio dKa/sd: 2.73751
exact probability (P): 0.00619682

equally weighted sequences:
> outgro:
ocin	0.5
tcas	0.5
> anostraca:
afra	1
> notostraca:
lapu	0.125
lart	0.125
lcou	0.125
lubb	0.125
tcan	0.125
tita	0.125
tlon	0.125
tusa	0.125

mean GC outgro: all positions=0.548 position1=0.640 position2=0.543 position3=0.461 
mean GC anostraca: all positions=0.525 position1=0.651 position2=0.543 position3=0.380 
mean GC notostraca: all positions=0.550 position1=0.662 position2=0.521 position3=0.466 

** impossible to compute Ks. saturation? **

mean number of non synonymous sites compared: 252.3
mean Ka anostraca: 0.524693
mean Ka notostraca: 0.422303
dKa: 0.10239	standard deviation (sd): 0.0560393	ratio dKa/sd: 1.82711
exact probability (P): 0.0676921

equally weighted sequences:
> outgro:
ocin	0.5
tcas	0.5
> cladocera:
dmag	0.333333
dpul	0.333333
etex	0.333333
> notostraca:
lapu	0.125
lart	0.125
lcou	0.125
lubb	0.125
tcan	0.125
tita	0.125
tlon	0.125
tusa	0.125

mean GC outgro: all positions=0.548 position1=0.640 position2=0.543 position3=0.461 
mean GC cladocera: all positions=0.547 position1=0.643 position2=0.556 position3=0.442 
mean GC notostraca: all positions=0.550 position1=0.662 position2=0.521 position3=0.466 

** impossible to compute Ks. saturation? **

mean number of non synonymous sites compared: 252.4
mean Ka cladocera: 0.380743
mean Ka notostraca: 0.422303
dKa: -0.0415597	standard deviation (sd): 0.0407706	ratio dKa/sd: -1.01936
exact probability (P): 0.308039

