

## treatement of 3 lineages from file OG0006990.phy ##

equally weighted sequences:
> outgro:
ocin	0.5
tcas	0.5
> anostraca:
afra	1
> cladocera:
dmag	0.333333
dpul	0.333333
etex	0.333333

mean GC outgro: all positions=0.428 position1=0.441 position2=0.352 position3=0.492 
mean GC anostraca: all positions=0.435 position1=0.483 position2=0.398 position3=0.424 
mean GC cladocera: all positions=0.439 position1=0.463 position2=0.373 position3=0.480 

** impossible to compute Ks. saturation? **

mean number of non synonymous sites compared: 233.0
mean Ka anostraca: 0.484667
mean Ka cladocera: 0.463614
dKa: 0.021053	standard deviation (sd): 0.0518815	ratio dKa/sd: 0.40579
exact probability (P): 0.6849

equally weighted sequences:
> outgro:
ocin	0.5
tcas	0.5
> anostraca:
afra	1
> notostraca:
lapu	0.166667
lart	0.166667
lcou	0.166667
tcan	0.166667
tita	0.166667
tusa	0.166667

mean GC outgro: all positions=0.428 position1=0.441 position2=0.352 position3=0.492 
mean GC anostraca: all positions=0.435 position1=0.483 position2=0.398 position3=0.424 
mean GC notostraca: all positions=0.428 position1=0.480 position2=0.381 position3=0.424 

** impossible to compute Ks. saturation? **

mean number of non synonymous sites compared: 235.3
mean Ka anostraca: 0.484667
mean Ka notostraca: 0.468497
dKa: 0.0161704	standard deviation (sd): 0.0543055	ratio dKa/sd: 0.297766
exact probability (P): 0.765884

equally weighted sequences:
> outgro:
ocin	0.5
tcas	0.5
> cladocera:
dmag	0.333333
dpul	0.333333
etex	0.333333
> notostraca:
lapu	0.166667
lart	0.166667
lcou	0.166667
tcan	0.166667
tita	0.166667
tusa	0.166667

mean GC outgro: all positions=0.428 position1=0.441 position2=0.352 position3=0.492 
mean GC cladocera: all positions=0.439 position1=0.463 position2=0.373 position3=0.480 
mean GC notostraca: all positions=0.428 position1=0.480 position2=0.381 position3=0.424 

** impossible to compute Ks. saturation? **

mean number of non synonymous sites compared: 239.8
mean Ka cladocera: 0.463614
mean Ka notostraca: 0.468497
dKa: -0.00488262	standard deviation (sd): 0.0442633	ratio dKa/sd: -0.110309
exact probability (P): 0.912165

