

## treatement of 3 lineages from file OG0006225.phy ##

equally weighted sequences:
> outgro:
ocin	1
> anostraca:
afra	1
> cladocera:
dmag	0.333333
dpul	0.333333
etex	0.333333

mean GC outgro: all positions=0.420 position1=0.500 position2=0.343 position3=0.417 
mean GC anostraca: all positions=0.389 position1=0.454 position2=0.333 position3=0.380 
mean GC cladocera: all positions=0.480 position1=0.568 position2=0.333 position3=0.540 

** impossible to compute Ks. saturation? **

mean number of non synonymous sites compared: 209.7
mean Ka anostraca: 0.466704
mean Ka cladocera: 0.502079
dKa: -0.0353755	standard deviation (sd): 0.0483812	ratio dKa/sd: -0.731183
exact probability (P): 0.464673

equally weighted sequences:
> outgro:
ocin	1
> anostraca:
afra	1
> notostraca:
lapu	0.125
lart	0.125
lcou	0.125
lubb	0.125
tcan	0.125
tita	0.125
tlon	0.125
tusa	0.125

mean GC outgro: all positions=0.420 position1=0.500 position2=0.343 position3=0.417 
mean GC anostraca: all positions=0.389 position1=0.454 position2=0.333 position3=0.380 
mean GC notostraca: all positions=0.469 position1=0.565 position2=0.352 position3=0.491 

** impossible to compute Ks. saturation? **

mean number of non synonymous sites compared: 208.5
mean Ka anostraca: 0.466704
mean Ka notostraca: 0.43041
dKa: 0.0362942	standard deviation (sd): 0.0533446	ratio dKa/sd: 0.680372
exact probability (P): 0.496274

equally weighted sequences:
> outgro:
ocin	1
> cladocera:
dmag	0.333333
dpul	0.333333
etex	0.333333
> notostraca:
lapu	0.125
lart	0.125
lcou	0.125
lubb	0.125
tcan	0.125
tita	0.125
tlon	0.125
tusa	0.125

mean GC outgro: all positions=0.420 position1=0.500 position2=0.343 position3=0.417 
mean GC cladocera: all positions=0.480 position1=0.568 position2=0.333 position3=0.540 
mean GC notostraca: all positions=0.469 position1=0.565 position2=0.352 position3=0.491 

** impossible to compute Ks. saturation? **

mean number of non synonymous sites compared: 208.6
mean Ka cladocera: 0.502079
mean Ka notostraca: 0.43041
dKa: 0.0716697	standard deviation (sd): 0.0491825	ratio dKa/sd: 1.45722
exact probability (P): 0.145064

