

## treatement of 3 lineages from file OG0005288.phy ##

equally weighted sequences:
> outgro:
ocin	0.5
tcas	0.5
> anostraca:
afra	1
> cladocera:
dmag	0.333333
dpul	0.333333
etex	0.333333

mean GC outgro: all positions=0.481 position1=0.546 position2=0.340 position3=0.557 
mean GC anostraca: all positions=0.395 position1=0.504 position2=0.319 position3=0.362 
mean GC cladocera: all positions=0.431 position1=0.492 position2=0.350 position3=0.452 

** impossible to compute Ks. saturation? **

mean number of non synonymous sites compared: 273.0
mean Ka anostraca: 0.299296
mean Ka cladocera: 0.317097
dKa: -0.017801	standard deviation (sd): 0.0329648	ratio dKa/sd: -0.54
exact probability (P): 0.589201

equally weighted sequences:
> outgro:
ocin	0.5
tcas	0.5
> anostraca:
afra	1
> notostraca:
lapu	0.125
lart	0.125
lcou	0.125
lubb	0.125
tcan	0.125
tita	0.125
tlon	0.125
tusa	0.125

mean GC outgro: all positions=0.481 position1=0.546 position2=0.340 position3=0.557 
mean GC anostraca: all positions=0.395 position1=0.504 position2=0.319 position3=0.362 
mean GC notostraca: all positions=0.457 position1=0.512 position2=0.332 position3=0.527 

** impossible to compute Ks. saturation? **

mean number of non synonymous sites compared: 272.0
mean Ka anostraca: 0.299296
mean Ka notostraca: 0.225083
dKa: 0.0742129	standard deviation (sd): 0.0317991	ratio dKa/sd: 2.33381
exact probability (P): 0.0196134

equally weighted sequences:
> outgro:
ocin	0.5
tcas	0.5
> cladocera:
dmag	0.333333
dpul	0.333333
etex	0.333333
> notostraca:
lapu	0.125
lart	0.125
lcou	0.125
lubb	0.125
tcan	0.125
tita	0.125
tlon	0.125
tusa	0.125

mean GC outgro: all positions=0.481 position1=0.546 position2=0.340 position3=0.557 
mean GC cladocera: all positions=0.431 position1=0.492 position2=0.350 position3=0.452 
mean GC notostraca: all positions=0.457 position1=0.512 position2=0.332 position3=0.527 

** impossible to compute Ks. saturation? **

mean number of non synonymous sites compared: 273.4
mean Ka cladocera: 0.317097
mean Ka notostraca: 0.225083
dKa: 0.0920139	standard deviation (sd): 0.0297238	ratio dKa/sd: 3.09563
exact probability (P): 0.00196626

