

## treatement of 3 lineages from file OG0005092.phy ##

equally weighted sequences:
> outgro:
ocin	0.5
tcas	0.5
> anostraca:
afra	1
> cladocera:
dmag	0.333333
dpul	0.333333
etex	0.333333

mean GC outgro: all positions=0.453 position1=0.531 position2=0.408 position3=0.419 
mean GC anostraca: all positions=0.433 position1=0.538 position2=0.408 position3=0.354 
mean GC cladocera: all positions=0.467 position1=0.549 position2=0.423 position3=0.428 

** impossible to compute Ks. saturation? **

mean number of non synonymous sites compared: 267.6
mean Ka anostraca: 0.488337
mean Ka cladocera: 0.36335
dKa: 0.124986	standard deviation (sd): 0.0478991	ratio dKa/sd: 2.60937
exact probability (P): 0.00907807

equally weighted sequences:
> outgro:
ocin	0.5
tcas	0.5
> anostraca:
afra	1
> notostraca:
lapu	0.125
lart	0.125
lcou	0.125
lubb	0.125
tcan	0.125
tita	0.125
tlon	0.125
tusa	0.125

mean GC outgro: all positions=0.453 position1=0.531 position2=0.408 position3=0.419 
mean GC anostraca: all positions=0.433 position1=0.538 position2=0.408 position3=0.354 
mean GC notostraca: all positions=0.494 position1=0.548 position2=0.457 position3=0.477 

** impossible to compute Ks. saturation? **

mean number of non synonymous sites compared: 263.7
mean Ka anostraca: 0.488337
mean Ka notostraca: 0.343443
dKa: 0.144894	standard deviation (sd): 0.046701	ratio dKa/sd: 3.10259
exact probability (P): 0.00192203

equally weighted sequences:
> outgro:
ocin	0.5
tcas	0.5
> cladocera:
dmag	0.333333
dpul	0.333333
etex	0.333333
> notostraca:
lapu	0.125
lart	0.125
lcou	0.125
lubb	0.125
tcan	0.125
tita	0.125
tlon	0.125
tusa	0.125

mean GC outgro: all positions=0.453 position1=0.531 position2=0.408 position3=0.419 
mean GC cladocera: all positions=0.467 position1=0.549 position2=0.423 position3=0.428 
mean GC notostraca: all positions=0.494 position1=0.548 position2=0.457 position3=0.477 

** impossible to compute Ks. saturation? **

mean number of non synonymous sites compared: 271.7
mean Ka cladocera: 0.36335
mean Ka notostraca: 0.343443
dKa: 0.0199076	standard deviation (sd): 0.0364585	ratio dKa/sd: 0.546035
exact probability (P): 0.585046

