

## treatement of 3 lineages from file OG0005082.phy ##

equally weighted sequences:
> outgro:
ocin	0.5
tcas	0.5
> anostraca:
afra	1
> cladocera:
dmag	0.333333
dpul	0.333333
etex	0.333333

mean GC outgro: all positions=0.429 position1=0.468 position2=0.382 position3=0.436 
mean GC anostraca: all positions=0.409 position1=0.455 position2=0.318 position3=0.455 
mean GC cladocera: all positions=0.419 position1=0.455 position2=0.376 position3=0.427 

** impossible to compute Ks. saturation? **

mean number of non synonymous sites compared: 214.6
mean Ka anostraca: 0.584497
mean Ka cladocera: 0.447008
dKa: 0.137489	standard deviation (sd): 0.0560966	ratio dKa/sd: 2.45094
exact probability (P): 0.0142559

equally weighted sequences:
> outgro:
ocin	0.5
tcas	0.5
> anostraca:
afra	1
> notostraca:
lapu	0.125
lart	0.125
lcou	0.125
lubb	0.125
tcan	0.125
tita	0.125
tlon	0.125
tusa	0.125

mean GC outgro: all positions=0.429 position1=0.468 position2=0.382 position3=0.436 
mean GC anostraca: all positions=0.409 position1=0.455 position2=0.318 position3=0.455 
mean GC notostraca: all positions=0.438 position1=0.485 position2=0.353 position3=0.475 

** impossible to compute Ks. saturation? **

mean number of non synonymous sites compared: 214.6
mean Ka anostraca: 0.584497
mean Ka notostraca: 0.472376
dKa: 0.112121	standard deviation (sd): 0.0580341	ratio dKa/sd: 1.93199
exact probability (P): 0.0533701

equally weighted sequences:
> outgro:
ocin	0.5
tcas	0.5
> cladocera:
dmag	0.333333
dpul	0.333333
etex	0.333333
> notostraca:
lapu	0.125
lart	0.125
lcou	0.125
lubb	0.125
tcan	0.125
tita	0.125
tlon	0.125
tusa	0.125

mean GC outgro: all positions=0.429 position1=0.468 position2=0.382 position3=0.436 
mean GC cladocera: all positions=0.419 position1=0.455 position2=0.376 position3=0.427 
mean GC notostraca: all positions=0.438 position1=0.485 position2=0.353 position3=0.475 

** impossible to compute Ks. saturation? **

mean number of non synonymous sites compared: 213.0
mean Ka cladocera: 0.447008
mean Ka notostraca: 0.472376
dKa: -0.0253682	standard deviation (sd): 0.0329022	ratio dKa/sd: -0.771018
exact probability (P): 0.440701

