

## treatement of 3 lineages from file OG0005490.phy ##

equally weighted sequences:
> outgro:
ocin	0.5
tcas	0.5
> anostraca:
afra	1
> cladocera:
dmag	0.333333
dpul	0.333333
etex	0.333333

mean GC outgro: all positions=0.439 position1=0.512 position2=0.340 position3=0.466 
mean GC anostraca: all positions=0.399 position1=0.512 position2=0.346 position3=0.340 
mean GC cladocera: all positions=0.431 position1=0.556 position2=0.354 position3=0.383 

** impossible to compute Ks. saturation? **

mean number of non synonymous sites compared: 312.2
mean Ka anostraca: 0.209957
mean Ka cladocera: 0.226074
dKa: -0.0161167	standard deviation (sd): 0.0190027	ratio dKa/sd: -0.848126
exact probability (P): 0.396374

equally weighted sequences:
> outgro:
ocin	0.5
tcas	0.5
> anostraca:
afra	1
> notostraca:
lapu	0.125
lart	0.125
lcou	0.125
lubb	0.125
tcan	0.125
tita	0.125
tlon	0.125
tusa	0.125

mean GC outgro: all positions=0.439 position1=0.512 position2=0.340 position3=0.466 
mean GC anostraca: all positions=0.399 position1=0.512 position2=0.346 position3=0.340 
mean GC notostraca: all positions=0.426 position1=0.548 position2=0.352 position3=0.380 

** impossible to compute Ks. saturation? **

mean number of non synonymous sites compared: 310.4
mean Ka anostraca: 0.209957
mean Ka notostraca: 0.236699
dKa: -0.026742	standard deviation (sd): 0.0209593	ratio dKa/sd: -1.2759
exact probability (P): 0.201998

equally weighted sequences:
> outgro:
ocin	0.5
tcas	0.5
> cladocera:
dmag	0.333333
dpul	0.333333
etex	0.333333
> notostraca:
lapu	0.125
lart	0.125
lcou	0.125
lubb	0.125
tcan	0.125
tita	0.125
tlon	0.125
tusa	0.125

mean GC outgro: all positions=0.439 position1=0.512 position2=0.340 position3=0.466 
mean GC cladocera: all positions=0.431 position1=0.556 position2=0.354 position3=0.383 
mean GC notostraca: all positions=0.426 position1=0.548 position2=0.352 position3=0.380 

** impossible to compute Ks. saturation? **

mean number of non synonymous sites compared: 307.9
mean Ka cladocera: 0.226074
mean Ka notostraca: 0.236699
dKa: -0.0106253	standard deviation (sd): 0.018903	ratio dKa/sd: -0.562098
exact probability (P): 0.574054

