

## treatement of 3 lineages from file OG0005664.phy ##

equally weighted sequences:
> outgro:
ocin	0.5
tcas	0.5
> anostraca:
afra	1
> cladocera:
dmag	0.333333
dpul	0.333333
etex	0.333333

mean GC outgro: all positions=0.454 position1=0.539 position2=0.323 position3=0.500 
mean GC anostraca: all positions=0.404 position1=0.495 position2=0.317 position3=0.399 
mean GC cladocera: all positions=0.440 position1=0.539 position2=0.332 position3=0.449 

** impossible to compute Ks. saturation? **

mean number of non synonymous sites compared: 575.6
mean Ka anostraca: 0.398609
mean Ka cladocera: 0.313345
dKa: 0.0852635	standard deviation (sd): 0.0253102	ratio dKa/sd: 3.36875
exact probability (P): 0.000759406

equally weighted sequences:
> outgro:
ocin	0.5
tcas	0.5
> anostraca:
afra	1
> notostraca:
lapu	0.125
lart	0.125
lcou	0.125
lubb	0.125
tcan	0.125
tita	0.125
tlon	0.125
tusa	0.125

mean GC outgro: all positions=0.454 position1=0.539 position2=0.323 position3=0.500 
mean GC anostraca: all positions=0.404 position1=0.495 position2=0.317 position3=0.399 
mean GC notostraca: all positions=0.452 position1=0.555 position2=0.317 position3=0.483 

** impossible to compute Ks. saturation? **

mean number of non synonymous sites compared: 582.8
mean Ka anostraca: 0.398609
mean Ka notostraca: 0.338962
dKa: 0.0596467	standard deviation (sd): 0.0262731	ratio dKa/sd: 2.27025
exact probability (P): 0.0231994

equally weighted sequences:
> outgro:
ocin	0.5
tcas	0.5
> cladocera:
dmag	0.333333
dpul	0.333333
etex	0.333333
> notostraca:
lapu	0.125
lart	0.125
lcou	0.125
lubb	0.125
tcan	0.125
tita	0.125
tlon	0.125
tusa	0.125

mean GC outgro: all positions=0.454 position1=0.539 position2=0.323 position3=0.500 
mean GC cladocera: all positions=0.440 position1=0.539 position2=0.332 position3=0.449 
mean GC notostraca: all positions=0.452 position1=0.555 position2=0.317 position3=0.483 

** impossible to compute Ks. saturation? **

mean number of non synonymous sites compared: 574.1
mean Ka cladocera: 0.313345
mean Ka notostraca: 0.338962
dKa: -0.0256168	standard deviation (sd): 0.0205915	ratio dKa/sd: -1.24405
exact probability (P): 0.21349

