

## treatement of 3 lineages from file OG0006929.phy ##

equally weighted sequences:
> outgro:
tcas	1
> anostraca:
afra	1
> cladocera:
dpul	0.5
etex	0.5

mean GC outgro: all positions=0.530 position1=0.550 position2=0.357 position3=0.684 
mean GC anostraca: all positions=0.384 position1=0.415 position2=0.398 position3=0.339 
mean GC cladocera: all positions=0.436 position1=0.509 position2=0.380 position3=0.418 

** impossible to compute Ks. saturation? **

mean number of non synonymous sites compared: 327.5
mean Ka anostraca: 0.516894
mean Ka cladocera: 0.400011
dKa: 0.116883	standard deviation (sd): 0.0522052	ratio dKa/sd: 2.23891
exact probability (P): 0.0251687

equally weighted sequences:
> outgro:
tcas	1
> anostraca:
afra	1
> notostraca:
lapu	0.125
lart	0.125
lcou	0.125
lubb	0.125
tcan	0.125
tita	0.125
tlon	0.125
tusa	0.125

mean GC outgro: all positions=0.530 position1=0.550 position2=0.357 position3=0.684 
mean GC anostraca: all positions=0.384 position1=0.415 position2=0.398 position3=0.339 
mean GC notostraca: all positions=0.443 position1=0.496 position2=0.368 position3=0.466 

** impossible to compute Ks. saturation? **

mean number of non synonymous sites compared: 338.4
mean Ka anostraca: 0.516894
mean Ka notostraca: 0.447591
dKa: 0.0693031	standard deviation (sd): 0.0535151	ratio dKa/sd: 1.29502
exact probability (P): 0.195322

equally weighted sequences:
> outgro:
tcas	1
> cladocera:
dpul	0.5
etex	0.5
> notostraca:
lapu	0.125
lart	0.125
lcou	0.125
lubb	0.125
tcan	0.125
tita	0.125
tlon	0.125
tusa	0.125

mean GC outgro: all positions=0.530 position1=0.550 position2=0.357 position3=0.684 
mean GC cladocera: all positions=0.436 position1=0.509 position2=0.380 position3=0.418 
mean GC notostraca: all positions=0.443 position1=0.496 position2=0.368 position3=0.466 

** impossible to compute Ks. saturation? **

mean number of non synonymous sites compared: 336.5
mean Ka cladocera: 0.400011
mean Ka notostraca: 0.447591
dKa: -0.0475796	standard deviation (sd): 0.0384756	ratio dKa/sd: -1.23662
exact probability (P): 0.216235

