

## treatement of 3 lineages from file OG0005220.phy ##

equally weighted sequences:
> outgro:
ocin	0.5
tcas	0.5
> anostraca:
afra	1
> cladocera:
dmag	0.333333
dpul	0.333333
etex	0.333333

mean GC outgro: all positions=0.423 position1=0.517 position2=0.354 position3=0.399 
mean GC anostraca: all positions=0.423 position1=0.506 position2=0.382 position3=0.382 
mean GC cladocera: all positions=0.447 position1=0.487 position2=0.393 position3=0.461 

** impossible to compute Ks. saturation? **

mean number of non synonymous sites compared: 171.4
mean Ka anostraca: 0.336595
mean Ka cladocera: 0.260626
dKa: 0.0759687	standard deviation (sd): 0.0410904	ratio dKa/sd: 1.84882
exact probability (P): 0.0644922

equally weighted sequences:
> outgro:
ocin	0.5
tcas	0.5
> anostraca:
afra	1
> notostraca:
lapu	0.125
lart	0.125
lcou	0.125
lubb	0.125
tcan	0.125
tita	0.125
tlon	0.125
tusa	0.125

mean GC outgro: all positions=0.423 position1=0.517 position2=0.354 position3=0.399 
mean GC anostraca: all positions=0.423 position1=0.506 position2=0.382 position3=0.382 
mean GC notostraca: all positions=0.483 position1=0.518 position2=0.393 position3=0.538 

** impossible to compute Ks. saturation? **

mean number of non synonymous sites compared: 170.0
mean Ka anostraca: 0.336595
mean Ka notostraca: 0.2665
dKa: 0.0700946	standard deviation (sd): 0.0426598	ratio dKa/sd: 1.64311
exact probability (P): 0.10037

equally weighted sequences:
> outgro:
ocin	0.5
tcas	0.5
> cladocera:
dmag	0.333333
dpul	0.333333
etex	0.333333
> notostraca:
lapu	0.125
lart	0.125
lcou	0.125
lubb	0.125
tcan	0.125
tita	0.125
tlon	0.125
tusa	0.125

mean GC outgro: all positions=0.423 position1=0.517 position2=0.354 position3=0.399 
mean GC cladocera: all positions=0.447 position1=0.487 position2=0.393 position3=0.461 
mean GC notostraca: all positions=0.483 position1=0.518 position2=0.393 position3=0.538 

** impossible to compute Ks. saturation? **

mean number of non synonymous sites compared: 171.6
mean Ka cladocera: 0.260626
mean Ka notostraca: 0.2665
dKa: -0.00587406	standard deviation (sd): 0.0240633	ratio dKa/sd: -0.244109
exact probability (P): 0.807147

