

## treatement of 3 lineages from file OG0006208.phy ##

equally weighted sequences:
> outgro:
ocin	0.5
tcas	0.5
> anostraca:
afra	1
> cladocera:
dmag	0.5
dpul	0.5

mean GC outgro: all positions=0.446 position1=0.512 position2=0.349 position3=0.477 
mean GC anostraca: all positions=0.391 position1=0.512 position2=0.360 position3=0.302 
mean GC cladocera: all positions=0.407 position1=0.547 position2=0.360 position3=0.314 

** impossible to compute Ks. saturation? **

mean number of non synonymous sites compared: 168.2
mean Ka anostraca: 0.224767
mean Ka cladocera: 0.309949
dKa: -0.0851818	standard deviation (sd): 0.0400698	ratio dKa/sd: -2.12583
exact probability (P): 0.0335249

equally weighted sequences:
> outgro:
ocin	0.5
tcas	0.5
> anostraca:
afra	1
> notostraca:
lapu	0.125
lart	0.125
lcou	0.125
lubb	0.125
tcan	0.125
tita	0.125
tlon	0.125
tusa	0.125

mean GC outgro: all positions=0.446 position1=0.512 position2=0.349 position3=0.477 
mean GC anostraca: all positions=0.391 position1=0.512 position2=0.360 position3=0.302 
mean GC notostraca: all positions=0.449 position1=0.526 position2=0.353 position3=0.467 

** impossible to compute Ks. saturation? **

mean number of non synonymous sites compared: 168.3
mean Ka anostraca: 0.224767
mean Ka notostraca: 0.25668
dKa: -0.0319122	standard deviation (sd): 0.033813	ratio dKa/sd: -0.943786
exact probability (P): 0.345285

equally weighted sequences:
> outgro:
ocin	0.5
tcas	0.5
> cladocera:
dmag	0.5
dpul	0.5
> notostraca:
lapu	0.125
lart	0.125
lcou	0.125
lubb	0.125
tcan	0.125
tita	0.125
tlon	0.125
tusa	0.125

mean GC outgro: all positions=0.446 position1=0.512 position2=0.349 position3=0.477 
mean GC cladocera: all positions=0.407 position1=0.547 position2=0.360 position3=0.314 
mean GC notostraca: all positions=0.449 position1=0.526 position2=0.353 position3=0.467 

** impossible to compute Ks. saturation? **

mean number of non synonymous sites compared: 167.7
mean Ka cladocera: 0.309949
mean Ka notostraca: 0.25668
dKa: 0.0532696	standard deviation (sd): 0.0354499	ratio dKa/sd: 1.50267
exact probability (P): 0.132932

