

## treatement of 3 lineages from file OG0005673.phy ##

equally weighted sequences:
> outgro:
ocin	0.5
tcas	0.5
> anostraca:
afra	1
> cladocera:
dmag	0.333333
dpul	0.333333
etex	0.333333

mean GC outgro: all positions=0.530 position1=0.556 position2=0.450 position3=0.583 
mean GC anostraca: all positions=0.408 position1=0.504 position2=0.440 position3=0.281 
mean GC cladocera: all positions=0.589 position1=0.569 position2=0.467 position3=0.730 

** impossible to compute Ks. saturation? **

mean number of non synonymous sites compared: 760.1
mean Ka anostraca: 0.385869
mean Ka cladocera: 0.377112
dKa: 0.00875711	standard deviation (sd): 0.0208835	ratio dKa/sd: 0.419332
exact probability (P): 0.674976

equally weighted sequences:
> outgro:
ocin	0.5
tcas	0.5
> anostraca:
afra	1
> notostraca:
lapu	0.125
lart	0.125
lcou	0.125
lubb	0.125
tcan	0.125
tita	0.125
tlon	0.125
tusa	0.125

mean GC outgro: all positions=0.530 position1=0.556 position2=0.450 position3=0.583 
mean GC anostraca: all positions=0.408 position1=0.504 position2=0.440 position3=0.281 
mean GC notostraca: all positions=0.573 position1=0.550 position2=0.462 position3=0.706 

** impossible to compute Ks. saturation? **

mean number of non synonymous sites compared: 762.7
mean Ka anostraca: 0.385869
mean Ka notostraca: 0.385497
dKa: 0.000371559	standard deviation (sd): 0.0227088	ratio dKa/sd: 0.0163619
exact probability (P): 0.986946

equally weighted sequences:
> outgro:
ocin	0.5
tcas	0.5
> cladocera:
dmag	0.333333
dpul	0.333333
etex	0.333333
> notostraca:
lapu	0.125
lart	0.125
lcou	0.125
lubb	0.125
tcan	0.125
tita	0.125
tlon	0.125
tusa	0.125

mean GC outgro: all positions=0.530 position1=0.556 position2=0.450 position3=0.583 
mean GC cladocera: all positions=0.589 position1=0.569 position2=0.467 position3=0.730 
mean GC notostraca: all positions=0.573 position1=0.550 position2=0.462 position3=0.706 

** impossible to compute Ks. saturation? **

mean number of non synonymous sites compared: 769.6
mean Ka cladocera: 0.377112
mean Ka notostraca: 0.385497
dKa: -0.00838555	standard deviation (sd): 0.0170597	ratio dKa/sd: -0.491542
exact probability (P): 0.623046

