

## treatement of 3 lineages from file OG0005267.phy ##

equally weighted sequences:
> outgro:
ocin	0.5
tcas	0.5
> anostraca:
afra	1
> cladocera:
dmag	0.333333
dpul	0.333333
etex	0.333333

mean GC outgro: all positions=0.415 position1=0.489 position2=0.363 position3=0.393 
mean GC anostraca: all positions=0.398 position1=0.444 position2=0.341 position3=0.407 
mean GC cladocera: all positions=0.428 position1=0.538 position2=0.348 position3=0.398 

** impossible to compute Ks. saturation? **

mean number of non synonymous sites compared: 261.6
mean Ka anostraca: 0.636173
mean Ka cladocera: 0.48443
dKa: 0.151743	standard deviation (sd): 0.0571086	ratio dKa/sd: 2.6571
exact probability (P): 0.00788864

equally weighted sequences:
> outgro:
ocin	0.5
tcas	0.5
> anostraca:
afra	1
> notostraca:
lapu	0.125
lart	0.125
lcou	0.125
lubb	0.125
tcan	0.125
tita	0.125
tlon	0.125
tusa	0.125

mean GC outgro: all positions=0.415 position1=0.489 position2=0.363 position3=0.393 
mean GC anostraca: all positions=0.398 position1=0.444 position2=0.341 position3=0.407 
mean GC notostraca: all positions=0.408 position1=0.502 position2=0.369 position3=0.355 

** impossible to compute Ks. saturation? **

mean number of non synonymous sites compared: 259.1
mean Ka anostraca: 0.636173
mean Ka notostraca: 0.44278
dKa: 0.193394	standard deviation (sd): 0.0596722	ratio dKa/sd: 3.24094
exact probability (P): 0.00119611

equally weighted sequences:
> outgro:
ocin	0.5
tcas	0.5
> cladocera:
dmag	0.333333
dpul	0.333333
etex	0.333333
> notostraca:
lapu	0.125
lart	0.125
lcou	0.125
lubb	0.125
tcan	0.125
tita	0.125
tlon	0.125
tusa	0.125

mean GC outgro: all positions=0.415 position1=0.489 position2=0.363 position3=0.393 
mean GC cladocera: all positions=0.428 position1=0.538 position2=0.348 position3=0.398 
mean GC notostraca: all positions=0.408 position1=0.502 position2=0.369 position3=0.355 

** impossible to compute Ks. saturation? **

mean number of non synonymous sites compared: 263.8
mean Ka cladocera: 0.48443
mean Ka notostraca: 0.44278
dKa: 0.0416505	standard deviation (sd): 0.0362751	ratio dKa/sd: 1.14818
exact probability (P): 0.250901

