

## treatement of 3 lineages from file OG0005149.phy ##

equally weighted sequences:
> outgro:
ocin	0.5
tcas	0.5
> anostraca:
afra	1
> cladocera:
dmag	0.333333
dpul	0.333333
etex	0.333333

mean GC outgro: all positions=0.471 position1=0.545 position2=0.355 position3=0.514 
mean GC anostraca: all positions=0.408 position1=0.486 position2=0.413 position3=0.324 
mean GC cladocera: all positions=0.450 position1=0.561 position2=0.341 position3=0.449 

** impossible to compute Ks. saturation? **

mean number of non synonymous sites compared: 353.3
mean Ka anostraca: 0.56231
mean Ka cladocera: 0.338519
dKa: 0.223791	standard deviation (sd): 0.0475012	ratio dKa/sd: 4.71126
exact probability (P): 5.76967e-06

equally weighted sequences:
> outgro:
ocin	0.5
tcas	0.5
> anostraca:
afra	1
> notostraca:
lapu	0.125
lart	0.125
lcou	0.125
lubb	0.125
tcan	0.125
tita	0.125
tlon	0.125
tusa	0.125

mean GC outgro: all positions=0.471 position1=0.545 position2=0.355 position3=0.514 
mean GC anostraca: all positions=0.408 position1=0.486 position2=0.413 position3=0.324 
mean GC notostraca: all positions=0.461 position1=0.580 position2=0.353 position3=0.450 

** impossible to compute Ks. saturation? **

mean number of non synonymous sites compared: 353.5
mean Ka anostraca: 0.56231
mean Ka notostraca: 0.321895
dKa: 0.240415	standard deviation (sd): 0.0469987	ratio dKa/sd: 5.11536
exact probability (P): 7.11315e-07

equally weighted sequences:
> outgro:
ocin	0.5
tcas	0.5
> cladocera:
dmag	0.333333
dpul	0.333333
etex	0.333333
> notostraca:
lapu	0.125
lart	0.125
lcou	0.125
lubb	0.125
tcan	0.125
tita	0.125
tlon	0.125
tusa	0.125

mean GC outgro: all positions=0.471 position1=0.545 position2=0.355 position3=0.514 
mean GC cladocera: all positions=0.450 position1=0.561 position2=0.341 position3=0.449 
mean GC notostraca: all positions=0.461 position1=0.580 position2=0.353 position3=0.450 

** impossible to compute Ks. saturation? **

mean number of non synonymous sites compared: 346.6
mean Ka cladocera: 0.338519
mean Ka notostraca: 0.321895
dKa: 0.0166244	standard deviation (sd): 0.0255127	ratio dKa/sd: 0.651611
exact probability (P): 0.514658

