

## treatement of 3 lineages from file OG0006221.phy ##

equally weighted sequences:
> outgro:
ocin	0.5
tcas	0.5
> anostraca:
afra	1
> cladocera:
dmag	0.5
dpul	0.5

mean GC outgro: all positions=0.500 position1=0.517 position2=0.381 position3=0.602 
mean GC anostraca: all positions=0.390 position1=0.449 position2=0.356 position3=0.364 
mean GC cladocera: all positions=0.367 position1=0.470 position2=0.326 position3=0.305 

** impossible to compute Ks. saturation? **

mean number of non synonymous sites compared: 235.8
mean Ka anostraca: 0.678212
mean Ka cladocera: 0.504249
dKa: 0.173963	standard deviation (sd): 0.0697657	ratio dKa/sd: 2.49353
exact probability (P): 0.0126554

equally weighted sequences:
> outgro:
ocin	0.5
tcas	0.5
> anostraca:
afra	1
> notostraca:
lapu	0.125
lart	0.125
lcou	0.125
lubb	0.125
tcan	0.125
tita	0.125
tlon	0.125
tusa	0.125

mean GC outgro: all positions=0.500 position1=0.517 position2=0.381 position3=0.602 
mean GC anostraca: all positions=0.390 position1=0.449 position2=0.356 position3=0.364 
mean GC notostraca: all positions=0.429 position1=0.505 position2=0.374 position3=0.407 

** impossible to compute Ks. saturation? **

mean number of non synonymous sites compared: 234.5
mean Ka anostraca: 0.678212
mean Ka notostraca: 0.457329
dKa: 0.220883	standard deviation (sd): 0.071648	ratio dKa/sd: 3.08289
exact probability (P): 0.00205516

equally weighted sequences:
> outgro:
ocin	0.5
tcas	0.5
> cladocera:
dmag	0.5
dpul	0.5
> notostraca:
lapu	0.125
lart	0.125
lcou	0.125
lubb	0.125
tcan	0.125
tita	0.125
tlon	0.125
tusa	0.125

mean GC outgro: all positions=0.500 position1=0.517 position2=0.381 position3=0.602 
mean GC cladocera: all positions=0.367 position1=0.470 position2=0.326 position3=0.305 
mean GC notostraca: all positions=0.429 position1=0.505 position2=0.374 position3=0.407 

** impossible to compute Ks. saturation? **

mean number of non synonymous sites compared: 238.0
mean Ka cladocera: 0.504249
mean Ka notostraca: 0.457329
dKa: 0.0469198	standard deviation (sd): 0.0488877	ratio dKa/sd: 0.959747
exact probability (P): 0.337189

