

## treatement of 3 lineages from file OG0005322.phy ##

equally weighted sequences:
> outgro:
ocin	0.5
tcas	0.5
> anostraca:
afra	1
> cladocera:
dmag	0.333333
dpul	0.333333
etex	0.333333

mean GC outgro: all positions=0.426 position1=0.500 position2=0.325 position3=0.453 
mean GC anostraca: all positions=0.395 position1=0.478 position2=0.349 position3=0.358 
mean GC cladocera: all positions=0.432 position1=0.503 position2=0.319 position3=0.474 

** impossible to compute Ks. saturation? **

mean number of non synonymous sites compared: 460.3
mean Ka anostraca: 0.545363
mean Ka cladocera: 0.436323
dKa: 0.109039	standard deviation (sd): 0.0367556	ratio dKa/sd: 2.96661
exact probability (P): 0.00301676

equally weighted sequences:
> outgro:
ocin	0.5
tcas	0.5
> anostraca:
afra	1
> notostraca:
lapu	0.125
lart	0.125
lcou	0.125
lubb	0.125
tcan	0.125
tita	0.125
tlon	0.125
tusa	0.125

mean GC outgro: all positions=0.426 position1=0.500 position2=0.325 position3=0.453 
mean GC anostraca: all positions=0.395 position1=0.478 position2=0.349 position3=0.358 
mean GC notostraca: all positions=0.443 position1=0.523 position2=0.355 position3=0.450 

** impossible to compute Ks. saturation? **

mean number of non synonymous sites compared: 466.2
mean Ka anostraca: 0.545363
mean Ka notostraca: 0.457534
dKa: 0.0878284	standard deviation (sd): 0.0356536	ratio dKa/sd: 2.46338
exact probability (P): 0.0137707

equally weighted sequences:
> outgro:
ocin	0.5
tcas	0.5
> cladocera:
dmag	0.333333
dpul	0.333333
etex	0.333333
> notostraca:
lapu	0.125
lart	0.125
lcou	0.125
lubb	0.125
tcan	0.125
tita	0.125
tlon	0.125
tusa	0.125

mean GC outgro: all positions=0.426 position1=0.500 position2=0.325 position3=0.453 
mean GC cladocera: all positions=0.432 position1=0.503 position2=0.319 position3=0.474 
mean GC notostraca: all positions=0.443 position1=0.523 position2=0.355 position3=0.450 

** impossible to compute Ks. saturation? **

mean number of non synonymous sites compared: 461.9
mean Ka cladocera: 0.436323
mean Ka notostraca: 0.457534
dKa: -0.021211	standard deviation (sd): 0.0272741	ratio dKa/sd: -0.777698
exact probability (P): 0.436753

