

## treatement of 3 lineages from file OG0006100.phy ##

equally weighted sequences:
> outgro:
ocin	0.5
tcas	0.5
> anostraca:
afra	1
> cladocera:
dmag	0.333333
dpul	0.333333
etex	0.333333

mean GC outgro: all positions=0.400 position1=0.468 position2=0.315 position3=0.417 
mean GC anostraca: all positions=0.375 position1=0.389 position2=0.338 position3=0.398 
mean GC cladocera: all positions=0.442 position1=0.500 position2=0.332 position3=0.495 

** impossible to compute Ks. saturation? **

mean number of non synonymous sites compared: 417.4
mean Ka anostraca: 0.469674
mean Ka cladocera: 0.440145
dKa: 0.0295288	standard deviation (sd): 0.0300213	ratio dKa/sd: 0.983596
exact probability (P): 0.325321

equally weighted sequences:
> outgro:
ocin	0.5
tcas	0.5
> anostraca:
afra	1
> notostraca:
lapu	0.142857
lcou	0.142857
lubb	0.142857
tcan	0.142857
tita	0.142857
tlon	0.142857
tusa	0.142857

mean GC outgro: all positions=0.400 position1=0.468 position2=0.315 position3=0.417 
mean GC anostraca: all positions=0.375 position1=0.389 position2=0.338 position3=0.398 
mean GC notostraca: all positions=0.412 position1=0.493 position2=0.327 position3=0.417 

** impossible to compute Ks. saturation? **

mean number of non synonymous sites compared: 420.2
mean Ka anostraca: 0.469674
mean Ka notostraca: 0.459201
dKa: 0.0104727	standard deviation (sd): 0.0327403	ratio dKa/sd: 0.319872
exact probability (P): 0.749067

equally weighted sequences:
> outgro:
ocin	0.5
tcas	0.5
> cladocera:
dmag	0.333333
dpul	0.333333
etex	0.333333
> notostraca:
lapu	0.142857
lcou	0.142857
lubb	0.142857
tcan	0.142857
tita	0.142857
tlon	0.142857
tusa	0.142857

mean GC outgro: all positions=0.400 position1=0.468 position2=0.315 position3=0.417 
mean GC cladocera: all positions=0.442 position1=0.500 position2=0.332 position3=0.495 
mean GC notostraca: all positions=0.412 position1=0.493 position2=0.327 position3=0.417 

** impossible to compute Ks. saturation? **

mean number of non synonymous sites compared: 420.7
mean Ka cladocera: 0.440145
mean Ka notostraca: 0.459201
dKa: -0.0190561	standard deviation (sd): 0.027507	ratio dKa/sd: -0.692772
exact probability (P): 0.488458

