

## treatement of 3 lineages from file OG0008015.phy ##

equally weighted sequences:
> outgro:
ocin	0.5
tcas	0.5
> anostraca:
afra	1
> cladocera:
dmag	0.333333
dpul	0.333333
etex	0.333333

mean GC outgro: all positions=0.462 position1=0.531 position2=0.354 position3=0.500 
mean GC anostraca: all positions=0.385 position1=0.538 position2=0.369 position3=0.246 
mean GC cladocera: all positions=0.422 position1=0.549 position2=0.338 position3=0.379 

** impossible to compute Ks. saturation? **

mean number of non synonymous sites compared: 129.8
mean Ka anostraca: 0.437828
mean Ka cladocera: 0.367763
dKa: 0.0700647	standard deviation (sd): 0.0613705	ratio dKa/sd: 1.14167
exact probability (P): 0.2536

equally weighted sequences:
> outgro:
ocin	0.5
tcas	0.5
> anostraca:
afra	1
> notostraca:
lapu	0.25
lart	0.25
lcou	0.25
tusa	0.25

mean GC outgro: all positions=0.462 position1=0.531 position2=0.354 position3=0.500 
mean GC anostraca: all positions=0.385 position1=0.538 position2=0.369 position3=0.246 
mean GC notostraca: all positions=0.490 position1=0.569 position2=0.473 position3=0.427 

** impossible to compute Ks. saturation? **

mean number of non synonymous sites compared: 129.6
mean Ka anostraca: 0.437828
mean Ka notostraca: 0.396016
dKa: 0.041812	standard deviation (sd): 0.0658213	ratio dKa/sd: 0.635235
exact probability (P): 0.525279

equally weighted sequences:
> outgro:
ocin	0.5
tcas	0.5
> cladocera:
dmag	0.333333
dpul	0.333333
etex	0.333333
> notostraca:
lapu	0.25
lart	0.25
lcou	0.25
tusa	0.25

mean GC outgro: all positions=0.462 position1=0.531 position2=0.354 position3=0.500 
mean GC cladocera: all positions=0.422 position1=0.549 position2=0.338 position3=0.379 
mean GC notostraca: all positions=0.490 position1=0.569 position2=0.473 position3=0.427 

** impossible to compute Ks. saturation? **

mean number of non synonymous sites compared: 131.3
mean Ka cladocera: 0.367763
mean Ka notostraca: 0.396016
dKa: -0.0282527	standard deviation (sd): 0.0568695	ratio dKa/sd: -0.496799
exact probability (P): 0.619334

