

## treatement of 3 lineages from file OG0006330.phy ##

equally weighted sequences:
> outgro:
tcas	1
> anostraca:
afra	1
> cladocera:
dmag	0.333333
dpul	0.333333
etex	0.333333

mean GC outgro: all positions=0.447 position1=0.479 position2=0.384 position3=0.479 
mean GC anostraca: all positions=0.416 position1=0.575 position2=0.397 position3=0.274 
mean GC cladocera: all positions=0.493 position1=0.562 position2=0.384 position3=0.534 

** impossible to compute Ks. saturation? **

mean number of non synonymous sites compared: 147.3
mean Ka anostraca: 0.457816
mean Ka cladocera: 0.479338
dKa: -0.0215216	standard deviation (sd): 0.0667025	ratio dKa/sd: -0.322651
exact probability (P): 0.746962

equally weighted sequences:
> outgro:
tcas	1
> anostraca:
afra	1
> notostraca:
lapu	0.125
lart	0.125
lcou	0.125
lubb	0.125
tcan	0.125
tita	0.125
tlon	0.125
tusa	0.125

mean GC outgro: all positions=0.447 position1=0.479 position2=0.384 position3=0.479 
mean GC anostraca: all positions=0.416 position1=0.575 position2=0.397 position3=0.274 
mean GC notostraca: all positions=0.491 position1=0.462 position2=0.437 position3=0.574 

** impossible to compute Ks. saturation? **

mean number of non synonymous sites compared: 145.5
mean Ka anostraca: 0.457816
mean Ka notostraca: 0.425519
dKa: 0.0322972	standard deviation (sd): 0.0730014	ratio dKa/sd: 0.442419
exact probability (P): 0.658188

equally weighted sequences:
> outgro:
tcas	1
> cladocera:
dmag	0.333333
dpul	0.333333
etex	0.333333
> notostraca:
lapu	0.125
lart	0.125
lcou	0.125
lubb	0.125
tcan	0.125
tita	0.125
tlon	0.125
tusa	0.125

mean GC outgro: all positions=0.447 position1=0.479 position2=0.384 position3=0.479 
mean GC cladocera: all positions=0.493 position1=0.562 position2=0.384 position3=0.534 
mean GC notostraca: all positions=0.491 position1=0.462 position2=0.437 position3=0.574 

** impossible to compute Ks. saturation? **

mean number of non synonymous sites compared: 143.8
mean Ka cladocera: 0.479338
mean Ka notostraca: 0.425519
dKa: 0.0538188	standard deviation (sd): 0.0617279	ratio dKa/sd: 0.871872
exact probability (P): 0.383284

