

## treatement of 3 lineages from file OG0005077.phy ##

equally weighted sequences:
> outgro:
ocin	0.5
tcas	0.5
> anostraca:
afra	1
> cladocera:
dmag	0.333333
dpul	0.333333
etex	0.333333

mean GC outgro: all positions=0.426 position1=0.487 position2=0.260 position3=0.532 
mean GC anostraca: all positions=0.421 position1=0.532 position2=0.279 position3=0.451 
mean GC cladocera: all positions=0.448 position1=0.538 position2=0.286 position3=0.521 

** impossible to compute Ks. saturation? **

mean number of non synonymous sites compared: 469.5
mean Ka anostraca: 0.434172
mean Ka cladocera: 0.341142
dKa: 0.0930301	standard deviation (sd): 0.028896	ratio dKa/sd: 3.21948
exact probability (P): 0.00128867

equally weighted sequences:
> outgro:
ocin	0.5
tcas	0.5
> anostraca:
afra	1
> notostraca:
lapu	0.125
lart	0.125
lcou	0.125
lubb	0.125
tcan	0.125
tita	0.125
tlon	0.125
tusa	0.125

mean GC outgro: all positions=0.426 position1=0.487 position2=0.260 position3=0.532 
mean GC anostraca: all positions=0.421 position1=0.532 position2=0.279 position3=0.451 
mean GC notostraca: all positions=0.453 position1=0.503 position2=0.300 position3=0.555 

** impossible to compute Ks. saturation? **

mean number of non synonymous sites compared: 466.0
mean Ka anostraca: 0.434172
mean Ka notostraca: 0.370349
dKa: 0.0638236	standard deviation (sd): 0.0287081	ratio dKa/sd: 2.2232
exact probability (P): 0.0262107

equally weighted sequences:
> outgro:
ocin	0.5
tcas	0.5
> cladocera:
dmag	0.333333
dpul	0.333333
etex	0.333333
> notostraca:
lapu	0.125
lart	0.125
lcou	0.125
lubb	0.125
tcan	0.125
tita	0.125
tlon	0.125
tusa	0.125

mean GC outgro: all positions=0.426 position1=0.487 position2=0.260 position3=0.532 
mean GC cladocera: all positions=0.448 position1=0.538 position2=0.286 position3=0.521 
mean GC notostraca: all positions=0.453 position1=0.503 position2=0.300 position3=0.555 

** impossible to compute Ks. saturation? **

mean number of non synonymous sites compared: 464.7
mean Ka cladocera: 0.341142
mean Ka notostraca: 0.370349
dKa: -0.0292065	standard deviation (sd): 0.0179676	ratio dKa/sd: -1.62551
exact probability (P): 0.104063

