

## treatement of 3 lineages from file OG0006892.phy ##

equally weighted sequences:
> outgro:
ocin	0.5
tcas	0.5
> anostraca:
afra	1
> cladocera:
dmag	0.5
dpul	0.5

mean GC outgro: all positions=0.442 position1=0.548 position2=0.326 position3=0.452 
mean GC anostraca: all positions=0.368 position1=0.470 position2=0.365 position3=0.270 
mean GC cladocera: all positions=0.394 position1=0.474 position2=0.326 position3=0.383 

** impossible to compute Ks. saturation? **

mean number of non synonymous sites compared: 222.2
mean Ka anostraca: 0.630486
mean Ka cladocera: 0.673366
dKa: -0.0428809	standard deviation (sd): 0.0724478	ratio dKa/sd: -0.591887
exact probability (P): 0.553931

equally weighted sequences:
> outgro:
ocin	0.5
tcas	0.5
> anostraca:
afra	1
> notostraca:
lapu	0.142857
lart	0.142857
lcou	0.142857
lubb	0.142857
tcan	0.142857
tita	0.142857
tusa	0.142857

mean GC outgro: all positions=0.442 position1=0.548 position2=0.326 position3=0.452 
mean GC anostraca: all positions=0.368 position1=0.470 position2=0.365 position3=0.270 
mean GC notostraca: all positions=0.472 position1=0.599 position2=0.338 position3=0.478 

** impossible to compute Ks. saturation? **

mean number of non synonymous sites compared: 221.2
mean Ka anostraca: 0.630486
mean Ka notostraca: 0.576191
dKa: 0.0542942	standard deviation (sd): 0.0629629	ratio dKa/sd: 0.86232
exact probability (P): 0.388517

equally weighted sequences:
> outgro:
ocin	0.5
tcas	0.5
> cladocera:
dmag	0.5
dpul	0.5
> notostraca:
lapu	0.142857
lart	0.142857
lcou	0.142857
lubb	0.142857
tcan	0.142857
tita	0.142857
tusa	0.142857

mean GC outgro: all positions=0.442 position1=0.548 position2=0.326 position3=0.452 
mean GC cladocera: all positions=0.394 position1=0.474 position2=0.326 position3=0.383 
mean GC notostraca: all positions=0.472 position1=0.599 position2=0.338 position3=0.478 

** impossible to compute Ks. saturation? **

mean number of non synonymous sites compared: 224.5
mean Ka cladocera: 0.673366
mean Ka notostraca: 0.576191
dKa: 0.0971751	standard deviation (sd): 0.0652279	ratio dKa/sd: 1.48978
exact probability (P): 0.13629

