

## treatement of 3 lineages from file OG0005561.phy ##

equally weighted sequences:
> outgro:
ocin	0.5
tcas	0.5
> anostraca:
afra	1
> cladocera:
dmag	0.333333
dpul	0.333333
etex	0.333333

mean GC outgro: all positions=0.402 position1=0.532 position2=0.341 position3=0.334 
mean GC anostraca: all positions=0.467 position1=0.586 position2=0.331 position3=0.484 
mean GC cladocera: all positions=0.413 position1=0.575 position2=0.333 position3=0.331 

** impossible to compute Ks. saturation? **

mean number of non synonymous sites compared: 307.6
mean Ka anostraca: 0.80957
mean Ka cladocera: 0.744718
dKa: 0.0648519	standard deviation (sd): 0.0738879	ratio dKa/sd: 0.877707
exact probability (P): 0.38011

equally weighted sequences:
> outgro:
ocin	0.5
tcas	0.5
> anostraca:
afra	1
> notostraca:
lapu	0.125
lart	0.125
lcou	0.125
lubb	0.125
tcan	0.125
tita	0.125
tlon	0.125
tusa	0.125

mean GC outgro: all positions=0.402 position1=0.532 position2=0.341 position3=0.334 
mean GC anostraca: all positions=0.467 position1=0.586 position2=0.331 position3=0.484 
mean GC notostraca: all positions=0.441 position1=0.577 position2=0.318 position3=0.428 

** impossible to compute Ks. saturation? **

mean number of non synonymous sites compared: 305.5
mean Ka anostraca: 0.80957
mean Ka notostraca: 0.56826
dKa: 0.24131	standard deviation (sd): 0.0767323	ratio dKa/sd: 3.14483
exact probability (P): 0.0016669

equally weighted sequences:
> outgro:
ocin	0.5
tcas	0.5
> cladocera:
dmag	0.333333
dpul	0.333333
etex	0.333333
> notostraca:
lapu	0.125
lart	0.125
lcou	0.125
lubb	0.125
tcan	0.125
tita	0.125
tlon	0.125
tusa	0.125

mean GC outgro: all positions=0.402 position1=0.532 position2=0.341 position3=0.334 
mean GC cladocera: all positions=0.413 position1=0.575 position2=0.333 position3=0.331 
mean GC notostraca: all positions=0.441 position1=0.577 position2=0.318 position3=0.428 

** impossible to compute Ks. saturation? **

mean number of non synonymous sites compared: 307.3
mean Ka cladocera: 0.744718
mean Ka notostraca: 0.56826
dKa: 0.176458	standard deviation (sd): 0.0531055	ratio dKa/sd: 3.32278
exact probability (P): 0.000895308

