

## treatement of 3 lineages from file OG0006304.phy ##

equally weighted sequences:
> outgro:
ocin	0.5
tcas	0.5
> anostraca:
afra	1
> cladocera:
dmag	0.333333
dpul	0.333333
etex	0.333333

mean GC outgro: all positions=0.417 position1=0.458 position2=0.333 position3=0.458 
mean GC anostraca: all positions=0.556 position1=0.750 position2=0.333 position3=0.583 
mean GC cladocera: all positions=0.426 position1=0.556 position2=0.278 position3=0.444 

** impossible to compute Ks. saturation? **

** impossible to compute Ka. saturation? **

equally weighted sequences:
> outgro:
ocin	0.5
tcas	0.5
> anostraca:
afra	1
> notostraca:
lapu	0.142857
lcou	0.142857
lubb	0.142857
tcan	0.142857
tita	0.142857
tlon	0.142857
tusa	0.142857

mean GC outgro: all positions=0.417 position1=0.458 position2=0.333 position3=0.458 
mean GC anostraca: all positions=0.556 position1=0.750 position2=0.333 position3=0.583 
mean GC notostraca: all positions=0.464 position1=0.500 position2=0.298 position3=0.595 

** impossible to compute Ks. saturation? **

** impossible to compute Ka. saturation? **

equally weighted sequences:
> outgro:
ocin	0.5
tcas	0.5
> cladocera:
dmag	0.333333
dpul	0.333333
etex	0.333333
> notostraca:
lapu	0.142857
lcou	0.142857
lubb	0.142857
tcan	0.142857
tita	0.142857
tlon	0.142857
tusa	0.142857

mean GC outgro: all positions=0.417 position1=0.458 position2=0.333 position3=0.458 
mean GC cladocera: all positions=0.426 position1=0.556 position2=0.278 position3=0.444 
mean GC notostraca: all positions=0.464 position1=0.500 position2=0.298 position3=0.595 

** impossible to compute Ks. saturation? **

** impossible to compute Ka. saturation? **

