

## treatement of 3 lineages from file OG0006012.phy ##

equally weighted sequences:
> outgro:
ocin	0.5
tcas	0.5
> anostraca:
afra	1
> cladocera:
dmag	0.5
dpul	0.5

mean GC outgro: all positions=0.508 position1=0.545 position2=0.359 position3=0.621 
mean GC anostraca: all positions=0.419 position1=0.507 position2=0.363 position3=0.388 
mean GC cladocera: all positions=0.549 position1=0.561 position2=0.377 position3=0.709 

** impossible to compute Ks. saturation? **

mean number of non synonymous sites compared: 730.5
mean Ka anostraca: 0.330976
mean Ka cladocera: 0.355056
dKa: -0.0240797	standard deviation (sd): 0.0229254	ratio dKa/sd: -1.05035
exact probability (P): 0.293562

equally weighted sequences:
> outgro:
ocin	0.5
tcas	0.5
> anostraca:
afra	1
> notostraca:
lapu	0.125
lart	0.125
lcou	0.125
lubb	0.125
tcan	0.125
tita	0.125
tlon	0.125
tusa	0.125

mean GC outgro: all positions=0.508 position1=0.545 position2=0.359 position3=0.621 
mean GC anostraca: all positions=0.419 position1=0.507 position2=0.363 position3=0.388 
mean GC notostraca: all positions=0.453 position1=0.534 position2=0.372 position3=0.454 

** impossible to compute Ks. saturation? **

mean number of non synonymous sites compared: 718.6
mean Ka anostraca: 0.330976
mean Ka notostraca: 0.32356
dKa: 0.00741678	standard deviation (sd): 0.0194536	ratio dKa/sd: 0.381254
exact probability (P): 0.703016

equally weighted sequences:
> outgro:
ocin	0.5
tcas	0.5
> cladocera:
dmag	0.5
dpul	0.5
> notostraca:
lapu	0.125
lart	0.125
lcou	0.125
lubb	0.125
tcan	0.125
tita	0.125
tlon	0.125
tusa	0.125

mean GC outgro: all positions=0.508 position1=0.545 position2=0.359 position3=0.621 
mean GC cladocera: all positions=0.549 position1=0.561 position2=0.377 position3=0.709 
mean GC notostraca: all positions=0.453 position1=0.534 position2=0.372 position3=0.454 

** impossible to compute Ks. saturation? **

mean number of non synonymous sites compared: 730.7
mean Ka cladocera: 0.355056
mean Ka notostraca: 0.32356
dKa: 0.0314965	standard deviation (sd): 0.0205312	ratio dKa/sd: 1.53408
exact probability (P): 0.125019

