

## treatement of 3 lineages from file OG0005648.phy ##

equally weighted sequences:
> outgro:
ocin	0.5
tcas	0.5
> anostraca:
afra	1
> cladocera:
dmag	0.333333
dpul	0.333333
etex	0.333333

mean GC outgro: all positions=0.432 position1=0.430 position2=0.331 position3=0.533 
mean GC anostraca: all positions=0.382 position1=0.437 position2=0.358 position3=0.351 
mean GC cladocera: all positions=0.399 position1=0.450 position2=0.325 position3=0.422 

** impossible to compute Ks. saturation? **

mean number of non synonymous sites compared: 300.0
mean Ka anostraca: 0.143457
mean Ka cladocera: 0.0900609
dKa: 0.0533964	standard deviation (sd): 0.0191867	ratio dKa/sd: 2.78299
exact probability (P): 0.00539257

equally weighted sequences:
> outgro:
ocin	0.5
tcas	0.5
> anostraca:
afra	1
> notostraca:
lapu	0.125
lart	0.125
lcou	0.125
lubb	0.125
tcan	0.125
tita	0.125
tlon	0.125
tusa	0.125

mean GC outgro: all positions=0.432 position1=0.430 position2=0.331 position3=0.533 
mean GC anostraca: all positions=0.382 position1=0.437 position2=0.358 position3=0.351 
mean GC notostraca: all positions=0.425 position1=0.458 position2=0.333 position3=0.485 

** impossible to compute Ks. saturation? **

mean number of non synonymous sites compared: 299.7
mean Ka anostraca: 0.143457
mean Ka notostraca: 0.0989878
dKa: 0.0444695	standard deviation (sd): 0.0191354	ratio dKa/sd: 2.32394
exact probability (P): 0.0201367

equally weighted sequences:
> outgro:
ocin	0.5
tcas	0.5
> cladocera:
dmag	0.333333
dpul	0.333333
etex	0.333333
> notostraca:
lapu	0.125
lart	0.125
lcou	0.125
lubb	0.125
tcan	0.125
tita	0.125
tlon	0.125
tusa	0.125

mean GC outgro: all positions=0.432 position1=0.430 position2=0.331 position3=0.533 
mean GC cladocera: all positions=0.399 position1=0.450 position2=0.325 position3=0.422 
mean GC notostraca: all positions=0.425 position1=0.458 position2=0.333 position3=0.485 

** impossible to compute Ks. saturation? **

mean number of non synonymous sites compared: 296.5
mean Ka cladocera: 0.0900609
mean Ka notostraca: 0.0989878
dKa: -0.00892691	standard deviation (sd): 0.0110115	ratio dKa/sd: -0.810688
exact probability (P): 0.417551

