

## treatement of 3 lineages from file OG0005276.phy ##

equally weighted sequences:
> outgro:
ocin	0.5
tcas	0.5
> anostraca:
afra	1
> cladocera:
dmag	0.333333
dpul	0.333333
etex	0.333333

mean GC outgro: all positions=0.412 position1=0.466 position2=0.286 position3=0.483 
mean GC anostraca: all positions=0.394 position1=0.500 position2=0.330 position3=0.352 
mean GC cladocera: all positions=0.465 position1=0.545 position2=0.400 position3=0.449 

** impossible to compute Ks. saturation? **

mean number of non synonymous sites compared: 515.4
mean Ka anostraca: 0.781327
mean Ka cladocera: 0.862573
dKa: -0.0812453	standard deviation (sd): 0.0549872	ratio dKa/sd: -1.47753
exact probability (P): 0.139542

equally weighted sequences:
> outgro:
ocin	0.5
tcas	0.5
> anostraca:
afra	1
> notostraca:
lapu	0.125
lart	0.125
lcou	0.125
lubb	0.125
tcan	0.125
tita	0.125
tlon	0.125
tusa	0.125

mean GC outgro: all positions=0.412 position1=0.466 position2=0.286 position3=0.483 
mean GC anostraca: all positions=0.394 position1=0.500 position2=0.330 position3=0.352 
mean GC notostraca: all positions=0.483 position1=0.609 position2=0.367 position3=0.474 

** impossible to compute Ks. saturation? **

mean number of non synonymous sites compared: 519.6
mean Ka anostraca: 0.781327
mean Ka notostraca: 0.831588
dKa: -0.0502608	standard deviation (sd): 0.0580444	ratio dKa/sd: -0.865902
exact probability (P): 0.386549

equally weighted sequences:
> outgro:
ocin	0.5
tcas	0.5
> cladocera:
dmag	0.333333
dpul	0.333333
etex	0.333333
> notostraca:
lapu	0.125
lart	0.125
lcou	0.125
lubb	0.125
tcan	0.125
tita	0.125
tlon	0.125
tusa	0.125

mean GC outgro: all positions=0.412 position1=0.466 position2=0.286 position3=0.483 
mean GC cladocera: all positions=0.465 position1=0.545 position2=0.400 position3=0.449 
mean GC notostraca: all positions=0.483 position1=0.609 position2=0.367 position3=0.474 

** impossible to compute Ks. saturation? **

mean number of non synonymous sites compared: 522.4
mean Ka cladocera: 0.862573
mean Ka notostraca: 0.831588
dKa: 0.0309845	standard deviation (sd): 0.0514117	ratio dKa/sd: 0.602673
exact probability (P): 0.546731

