

## treatement of 3 lineages from file OG0007533.phy ##

equally weighted sequences:
> outgro:
ocin	0.5
tcas	0.5
> anostraca:
afra	1
> cladocera:
dmag	0.333333
dpul	0.333333
etex	0.333333

mean GC outgro: all positions=0.443 position1=0.504 position2=0.414 position3=0.410 
mean GC anostraca: all positions=0.428 position1=0.493 position2=0.456 position3=0.334 
mean GC cladocera: all positions=0.494 position1=0.534 position2=0.436 position3=0.511 

** impossible to compute Ks. saturation? **

mean number of non synonymous sites compared: 883.1
mean Ka anostraca: 0.368
mean Ka cladocera: 0.376759
dKa: -0.0087589	standard deviation (sd): 0.0203844	ratio dKa/sd: -0.429686
exact probability (P): 0.667428

equally weighted sequences:
> outgro:
ocin	0.5
tcas	0.5
> anostraca:
afra	1
> notostraca:
lart	0.2
tcan	0.2
tita	0.2
tlon	0.2
tusa	0.2

mean GC outgro: all positions=0.443 position1=0.504 position2=0.414 position3=0.410 
mean GC anostraca: all positions=0.428 position1=0.493 position2=0.456 position3=0.334 
mean GC notostraca: all positions=0.487 position1=0.508 position2=0.450 position3=0.504 

** impossible to compute Ks. saturation? **

mean number of non synonymous sites compared: 882.6
mean Ka anostraca: 0.368
mean Ka notostraca: 0.356154
dKa: 0.0118466	standard deviation (sd): 0.0207492	ratio dKa/sd: 0.570944
exact probability (P): 0.568042

equally weighted sequences:
> outgro:
ocin	0.5
tcas	0.5
> cladocera:
dmag	0.333333
dpul	0.333333
etex	0.333333
> notostraca:
lart	0.2
tcan	0.2
tita	0.2
tlon	0.2
tusa	0.2

mean GC outgro: all positions=0.443 position1=0.504 position2=0.414 position3=0.410 
mean GC cladocera: all positions=0.494 position1=0.534 position2=0.436 position3=0.511 
mean GC notostraca: all positions=0.487 position1=0.508 position2=0.450 position3=0.504 

** impossible to compute Ks. saturation? **

mean number of non synonymous sites compared: 886.9
mean Ka cladocera: 0.376759
mean Ka notostraca: 0.356154
dKa: 0.0206055	standard deviation (sd): 0.0166319	ratio dKa/sd: 1.23892
exact probability (P): 0.215384

