

## treatement of 3 lineages from file OG0005175.phy ##

equally weighted sequences:
> outgro:
ocin	0.5
tcas	0.5
> anostraca:
afra	1
> cladocera:
dmag	0.333333
dpul	0.333333
etex	0.333333

mean GC outgro: all positions=0.425 position1=0.638 position2=0.224 position3=0.414 
mean GC anostraca: all positions=0.414 position1=0.517 position2=0.379 position3=0.345 
mean GC cladocera: all positions=0.487 position1=0.621 position2=0.310 position3=0.529 

** impossible to compute Ks. saturation? **

mean number of non synonymous sites compared: 57.9
mean Ka anostraca: 0.79056
mean Ka cladocera: 0.458815
dKa: 0.331745	standard deviation (sd): 0.185297	ratio dKa/sd: 1.79034
exact probability (P): 0.0734082

equally weighted sequences:
> outgro:
ocin	0.5
tcas	0.5
> anostraca:
afra	1
> notostraca:
lapu	0.125
lart	0.125
lcou	0.125
lubb	0.125
tcan	0.125
tita	0.125
tlon	0.125
tusa	0.125

mean GC outgro: all positions=0.425 position1=0.638 position2=0.224 position3=0.414 
mean GC anostraca: all positions=0.414 position1=0.517 position2=0.379 position3=0.345 
mean GC notostraca: all positions=0.471 position1=0.547 position2=0.310 position3=0.556 

** impossible to compute Ks. saturation? **

mean number of non synonymous sites compared: 58.4
mean Ka anostraca: 0.79056
mean Ka notostraca: 0.48709
dKa: 0.30347	standard deviation (sd): 0.171606	ratio dKa/sd: 1.76841
exact probability (P): 0.0770011

equally weighted sequences:
> outgro:
ocin	0.5
tcas	0.5
> cladocera:
dmag	0.333333
dpul	0.333333
etex	0.333333
> notostraca:
lapu	0.125
lart	0.125
lcou	0.125
lubb	0.125
tcan	0.125
tita	0.125
tlon	0.125
tusa	0.125

mean GC outgro: all positions=0.425 position1=0.638 position2=0.224 position3=0.414 
mean GC cladocera: all positions=0.487 position1=0.621 position2=0.310 position3=0.529 
mean GC notostraca: all positions=0.471 position1=0.547 position2=0.310 position3=0.556 

** impossible to compute Ks. saturation? **

mean number of non synonymous sites compared: 56.4
mean Ka cladocera: 0.458815
mean Ka notostraca: 0.48709
dKa: -0.0282751	standard deviation (sd): 0.115148	ratio dKa/sd: -0.245553
exact probability (P): 0.80603

