

## treatement of 3 lineages from file OG0005697.phy ##

equally weighted sequences:
> outgro:
ocin	0.5
tcas	0.5
> anostraca:
afra	1
> cladocera:
dmag	0.333333
dpul	0.333333
etex	0.333333

mean GC outgro: all positions=0.432 position1=0.469 position2=0.366 position3=0.461 
mean GC anostraca: all positions=0.400 position1=0.500 position2=0.369 position3=0.330 
mean GC cladocera: all positions=0.487 position1=0.523 position2=0.377 position3=0.562 

** impossible to compute Ks. saturation? **

mean number of non synonymous sites compared: 650.0
mean Ka anostraca: 0.235672
mean Ka cladocera: 0.242765
dKa: -0.00709307	standard deviation (sd): 0.0154187	ratio dKa/sd: -0.460029
exact probability (P): 0.645499

equally weighted sequences:
> outgro:
ocin	0.5
tcas	0.5
> anostraca:
afra	1
> notostraca:
lapu	0.125
lart	0.125
lcou	0.125
lubb	0.125
tcan	0.125
tita	0.125
tlon	0.125
tusa	0.125

mean GC outgro: all positions=0.432 position1=0.469 position2=0.366 position3=0.461 
mean GC anostraca: all positions=0.400 position1=0.500 position2=0.369 position3=0.330 
mean GC notostraca: all positions=0.497 position1=0.528 position2=0.355 position3=0.609 

** impossible to compute Ks. saturation? **

mean number of non synonymous sites compared: 648.4
mean Ka anostraca: 0.235672
mean Ka notostraca: 0.212995
dKa: 0.0226772	standard deviation (sd): 0.0151066	ratio dKa/sd: 1.50115
exact probability (P): 0.133327

equally weighted sequences:
> outgro:
ocin	0.5
tcas	0.5
> cladocera:
dmag	0.333333
dpul	0.333333
etex	0.333333
> notostraca:
lapu	0.125
lart	0.125
lcou	0.125
lubb	0.125
tcan	0.125
tita	0.125
tlon	0.125
tusa	0.125

mean GC outgro: all positions=0.432 position1=0.469 position2=0.366 position3=0.461 
mean GC cladocera: all positions=0.487 position1=0.523 position2=0.377 position3=0.562 
mean GC notostraca: all positions=0.497 position1=0.528 position2=0.355 position3=0.609 

** impossible to compute Ks. saturation? **

mean number of non synonymous sites compared: 648.3
mean Ka cladocera: 0.242765
mean Ka notostraca: 0.212995
dKa: 0.0297703	standard deviation (sd): 0.0131264	ratio dKa/sd: 2.26797
exact probability (P): 0.0233388

