

## treatement of 3 lineages from file OG0005507.phy ##

equally weighted sequences:
> outgro:
ocin	0.5
tcas	0.5
> anostraca:
afra	1
> cladocera:
dmag	0.333333
dpul	0.333333
etex	0.333333

mean GC outgro: all positions=0.390 position1=0.383 position2=0.325 position3=0.461 
mean GC anostraca: all positions=0.368 position1=0.390 position2=0.377 position3=0.338 
mean GC cladocera: all positions=0.405 position1=0.403 position2=0.368 position3=0.446 

** impossible to compute Ks. saturation? **

mean number of non synonymous sites compared: 151.6
mean Ka anostraca: 0.459713
mean Ka cladocera: 0.401156
dKa: 0.0585575	standard deviation (sd): 0.0606444	ratio dKa/sd: 0.965587
exact probability (P): 0.334258

equally weighted sequences:
> outgro:
ocin	0.5
tcas	0.5
> anostraca:
afra	1
> notostraca:
lapu	0.125
lart	0.125
lcou	0.125
lubb	0.125
tcan	0.125
tita	0.125
tlon	0.125
tusa	0.125

mean GC outgro: all positions=0.390 position1=0.383 position2=0.325 position3=0.461 
mean GC anostraca: all positions=0.368 position1=0.390 position2=0.377 position3=0.338 
mean GC notostraca: all positions=0.416 position1=0.474 position2=0.287 position3=0.487 

** impossible to compute Ks. saturation? **

mean number of non synonymous sites compared: 154.0
mean Ka anostraca: 0.459713
mean Ka notostraca: 0.36666
dKa: 0.093053	standard deviation (sd): 0.0579769	ratio dKa/sd: 1.605
exact probability (P): 0.108501

equally weighted sequences:
> outgro:
ocin	0.5
tcas	0.5
> cladocera:
dmag	0.333333
dpul	0.333333
etex	0.333333
> notostraca:
lapu	0.125
lart	0.125
lcou	0.125
lubb	0.125
tcan	0.125
tita	0.125
tlon	0.125
tusa	0.125

mean GC outgro: all positions=0.390 position1=0.383 position2=0.325 position3=0.461 
mean GC cladocera: all positions=0.405 position1=0.403 position2=0.368 position3=0.446 
mean GC notostraca: all positions=0.416 position1=0.474 position2=0.287 position3=0.487 

** impossible to compute Ks. saturation? **

mean number of non synonymous sites compared: 155.2
mean Ka cladocera: 0.401156
mean Ka notostraca: 0.36666
dKa: 0.0344956	standard deviation (sd): 0.0399035	ratio dKa/sd: 0.864474
exact probability (P): 0.387334

