

## treatement of 3 lineages from file OG0005349.phy ##

equally weighted sequences:
> outgro:
ocin	0.5
tcas	0.5
> anostraca:
afra	1
> cladocera:
dmag	0.333333
dpul	0.333333
etex	0.333333

mean GC outgro: all positions=0.333 position1=0.375 position2=0.375 position3=0.250 
mean GC anostraca: all positions=0.417 position1=0.500 position2=0.250 position3=0.500 
mean GC cladocera: all positions=0.556 position1=0.250 position2=0.667 position3=0.750 

** impossible to compute Ks. saturation? **

** impossible to compute Ka. saturation? **

equally weighted sequences:
> outgro:
ocin	0.5
tcas	0.5
> anostraca:
afra	1
> notostraca:
lapu	0.125
lart	0.125
lcou	0.125
lubb	0.125
tcan	0.125
tita	0.125
tlon	0.125
tusa	0.125

mean GC outgro: all positions=0.333 position1=0.375 position2=0.375 position3=0.250 
mean GC anostraca: all positions=0.417 position1=0.500 position2=0.250 position3=0.500 
mean GC notostraca: all positions=0.583 position1=0.500 position2=0.750 position3=0.500 

** impossible to compute Ks. saturation? **

** impossible to compute Ka. saturation? **

equally weighted sequences:
> outgro:
ocin	0.5
tcas	0.5
> cladocera:
dmag	0.333333
dpul	0.333333
etex	0.333333
> notostraca:
lapu	0.125
lart	0.125
lcou	0.125
lubb	0.125
tcan	0.125
tita	0.125
tlon	0.125
tusa	0.125

mean GC outgro: all positions=0.333 position1=0.375 position2=0.375 position3=0.250 
mean GC cladocera: all positions=0.556 position1=0.250 position2=0.667 position3=0.750 
mean GC notostraca: all positions=0.583 position1=0.500 position2=0.750 position3=0.500 

** impossible to compute Ks. saturation? **

** impossible to compute Ka. saturation? **

