

## treatement of 3 lineages from file OG0005660.phy ##

equally weighted sequences:
> outgro:
ocin	0.5
tcas	0.5
> anostraca:
afra	1
> cladocera:
dmag	0.333333
dpul	0.333333
etex	0.333333

mean GC outgro: all positions=0.456 position1=0.531 position2=0.370 position3=0.467 
mean GC anostraca: all positions=0.416 position1=0.540 position2=0.368 position3=0.341 
mean GC cladocera: all positions=0.417 position1=0.511 position2=0.345 position3=0.396 

** impossible to compute Ks. saturation? **

mean number of non synonymous sites compared: 497.6
mean Ka anostraca: 0.334321
mean Ka cladocera: 0.313863
dKa: 0.0204579	standard deviation (sd): 0.0243931	ratio dKa/sd: 0.838675
exact probability (P): 0.401657

equally weighted sequences:
> outgro:
ocin	0.5
tcas	0.5
> anostraca:
afra	1
> notostraca:
lapu	0.125
lart	0.125
lcou	0.125
lubb	0.125
tcan	0.125
tita	0.125
tlon	0.125
tusa	0.125

mean GC outgro: all positions=0.456 position1=0.531 position2=0.370 position3=0.467 
mean GC anostraca: all positions=0.416 position1=0.540 position2=0.368 position3=0.341 
mean GC notostraca: all positions=0.443 position1=0.528 position2=0.355 position3=0.444 

** impossible to compute Ks. saturation? **

mean number of non synonymous sites compared: 499.4
mean Ka anostraca: 0.334321
mean Ka notostraca: 0.275
dKa: 0.059321	standard deviation (sd): 0.0227633	ratio dKa/sd: 2.60599
exact probability (P): 0.00916732

equally weighted sequences:
> outgro:
ocin	0.5
tcas	0.5
> cladocera:
dmag	0.333333
dpul	0.333333
etex	0.333333
> notostraca:
lapu	0.125
lart	0.125
lcou	0.125
lubb	0.125
tcan	0.125
tita	0.125
tlon	0.125
tusa	0.125

mean GC outgro: all positions=0.456 position1=0.531 position2=0.370 position3=0.467 
mean GC cladocera: all positions=0.417 position1=0.511 position2=0.345 position3=0.396 
mean GC notostraca: all positions=0.443 position1=0.528 position2=0.355 position3=0.444 

** impossible to compute Ks. saturation? **

mean number of non synonymous sites compared: 505.7
mean Ka cladocera: 0.313863
mean Ka notostraca: 0.275
dKa: 0.0388631	standard deviation (sd): 0.0151336	ratio dKa/sd: 2.568
exact probability (P): 0.0102359

