

## treatement of 3 lineages from file OG0007949.phy ##

equally weighted sequences:
> outgro:
ocin	0.5
tcas	0.5
> anostraca:
afra	1
> cladocera:
dmag	0.5
dpul	0.5

mean GC outgro: all positions=0.429 position1=0.470 position2=0.360 position3=0.457 
mean GC anostraca: all positions=0.372 position1=0.447 position2=0.360 position3=0.310 
mean GC cladocera: all positions=0.386 position1=0.464 position2=0.376 position3=0.317 

** impossible to compute Ks. saturation? **

mean number of non synonymous sites compared: 387.4
mean Ka anostraca: 0.453367
mean Ka cladocera: 0.472066
dKa: -0.0186987	standard deviation (sd): 0.0368897	ratio dKa/sd: -0.506881
exact probability (P): 0.612241

equally weighted sequences:
> outgro:
ocin	0.5
tcas	0.5
> anostraca:
afra	1
> notostraca:
lcou	0.2
tcan	0.2
tita	0.2
tlon	0.2
tusa	0.2

mean GC outgro: all positions=0.429 position1=0.470 position2=0.360 position3=0.457 
mean GC anostraca: all positions=0.372 position1=0.447 position2=0.360 position3=0.310 
mean GC notostraca: all positions=0.452 position1=0.469 position2=0.412 position3=0.474 

** impossible to compute Ks. saturation? **

mean number of non synonymous sites compared: 387.9
mean Ka anostraca: 0.453367
mean Ka notostraca: 0.414025
dKa: 0.0393424	standard deviation (sd): 0.0379591	ratio dKa/sd: 1.03644
exact probability (P): 0.300004

equally weighted sequences:
> outgro:
ocin	0.5
tcas	0.5
> cladocera:
dmag	0.5
dpul	0.5
> notostraca:
lcou	0.2
tcan	0.2
tita	0.2
tlon	0.2
tusa	0.2

mean GC outgro: all positions=0.429 position1=0.470 position2=0.360 position3=0.457 
mean GC cladocera: all positions=0.386 position1=0.464 position2=0.376 position3=0.317 
mean GC notostraca: all positions=0.452 position1=0.469 position2=0.412 position3=0.474 

** impossible to compute Ks. saturation? **

mean number of non synonymous sites compared: 388.6
mean Ka cladocera: 0.472066
mean Ka notostraca: 0.414025
dKa: 0.0580411	standard deviation (sd): 0.0336037	ratio dKa/sd: 1.72722
exact probability (P): 0.0841354

