

## treatement of 3 lineages from file OG0005045.phy ##

equally weighted sequences:
> outgro:
ocin	0.5
tcas	0.5
> anostraca:
afra	1
> cladocera:
dmag	0.333333
dpul	0.333333
etex	0.333333

mean GC outgro: all positions=0.476 position1=0.547 position2=0.349 position3=0.533 
mean GC anostraca: all positions=0.418 position1=0.538 position2=0.340 position3=0.377 
mean GC cladocera: all positions=0.442 position1=0.566 position2=0.343 position3=0.418 

** impossible to compute Ks. saturation? **

mean number of non synonymous sites compared: 212.8
mean Ka anostraca: 0.283857
mean Ka cladocera: 0.357688
dKa: -0.0738309	standard deviation (sd): 0.0357825	ratio dKa/sd: -2.06333
exact probability (P): 0.0390903

equally weighted sequences:
> outgro:
ocin	0.5
tcas	0.5
> anostraca:
afra	1
> notostraca:
lapu	0.125
lart	0.125
lcou	0.125
lubb	0.125
tcan	0.125
tita	0.125
tlon	0.125
tusa	0.125

mean GC outgro: all positions=0.476 position1=0.547 position2=0.349 position3=0.533 
mean GC anostraca: all positions=0.418 position1=0.538 position2=0.340 position3=0.377 
mean GC notostraca: all positions=0.452 position1=0.529 position2=0.340 position3=0.488 

** impossible to compute Ks. saturation? **

mean number of non synonymous sites compared: 213.2
mean Ka anostraca: 0.283857
mean Ka notostraca: 0.290988
dKa: -0.00713077	standard deviation (sd): 0.0353778	ratio dKa/sd: -0.201561
exact probability (P): 0.840261

equally weighted sequences:
> outgro:
ocin	0.5
tcas	0.5
> cladocera:
dmag	0.333333
dpul	0.333333
etex	0.333333
> notostraca:
lapu	0.125
lart	0.125
lcou	0.125
lubb	0.125
tcan	0.125
tita	0.125
tlon	0.125
tusa	0.125

mean GC outgro: all positions=0.476 position1=0.547 position2=0.349 position3=0.533 
mean GC cladocera: all positions=0.442 position1=0.566 position2=0.343 position3=0.418 
mean GC notostraca: all positions=0.452 position1=0.529 position2=0.340 position3=0.488 

** impossible to compute Ks. saturation? **

mean number of non synonymous sites compared: 209.0
mean Ka cladocera: 0.357688
mean Ka notostraca: 0.290988
dKa: 0.0667001	standard deviation (sd): 0.0360024	ratio dKa/sd: 1.85266
exact probability (P): 0.0639397

