

## treatement of 3 lineages from file OG0005369.phy ##

equally weighted sequences:
> outgro:
ocin	0.5
tcas	0.5
> anostraca:
afra	1
> cladocera:
dmag	0.333333
dpul	0.333333
etex	0.333333

mean GC outgro: all positions=0.441 position1=0.504 position2=0.416 position3=0.404 
mean GC anostraca: all positions=0.429 position1=0.504 position2=0.440 position3=0.344 
mean GC cladocera: all positions=0.509 position1=0.544 position2=0.419 position3=0.565 

** impossible to compute Ks. saturation? **

mean number of non synonymous sites compared: 244.8
mean Ka anostraca: 0.126702
mean Ka cladocera: 0.124113
dKa: 0.00258841	standard deviation (sd): 0.0210563	ratio dKa/sd: 0.122928
exact probability (P): 0.902165

equally weighted sequences:
> outgro:
ocin	0.5
tcas	0.5
> anostraca:
afra	1
> notostraca:
lapu	0.125
lart	0.125
lcou	0.125
lubb	0.125
tcan	0.125
tita	0.125
tlon	0.125
tusa	0.125

mean GC outgro: all positions=0.441 position1=0.504 position2=0.416 position3=0.404 
mean GC anostraca: all positions=0.429 position1=0.504 position2=0.440 position3=0.344 
mean GC notostraca: all positions=0.514 position1=0.557 position2=0.405 position3=0.580 

** impossible to compute Ks. saturation? **

mean number of non synonymous sites compared: 245.1
mean Ka anostraca: 0.126702
mean Ka notostraca: 0.137772
dKa: -0.0110707	standard deviation (sd): 0.0224037	ratio dKa/sd: -0.494143
exact probability (P): 0.621209

equally weighted sequences:
> outgro:
ocin	0.5
tcas	0.5
> cladocera:
dmag	0.333333
dpul	0.333333
etex	0.333333
> notostraca:
lapu	0.125
lart	0.125
lcou	0.125
lubb	0.125
tcan	0.125
tita	0.125
tlon	0.125
tusa	0.125

mean GC outgro: all positions=0.441 position1=0.504 position2=0.416 position3=0.404 
mean GC cladocera: all positions=0.509 position1=0.544 position2=0.419 position3=0.565 
mean GC notostraca: all positions=0.514 position1=0.557 position2=0.405 position3=0.580 

** impossible to compute Ks. saturation? **

mean number of non synonymous sites compared: 244.4
mean Ka cladocera: 0.124113
mean Ka notostraca: 0.137772
dKa: -0.0136591	standard deviation (sd): 0.0164044	ratio dKa/sd: -0.832647
exact probability (P): 0.40505

