

## treatement of 3 lineages from file OG0006396.phy ##

equally weighted sequences:
> outgro:
tcas	1
> anostraca:
afra	1
> cladocera:
dmag	0.333333
dpul	0.333333
etex	0.333333

mean GC outgro: all positions=0.455 position1=0.496 position2=0.355 position3=0.512 
mean GC anostraca: all positions=0.342 position1=0.438 position2=0.281 position3=0.306 
mean GC cladocera: all positions=0.430 position1=0.474 position2=0.364 position3=0.452 

** impossible to compute Ks. saturation? **

mean number of non synonymous sites compared: 232.6
mean Ka anostraca: 0.887608
mean Ka cladocera: 0.577268
dKa: 0.31034	standard deviation (sd): 0.102929	ratio dKa/sd: 3.01509
exact probability (P): 0.00257373

equally weighted sequences:
> outgro:
tcas	1
> anostraca:
afra	1
> notostraca:
lapu	0.125
lart	0.125
lcou	0.125
lubb	0.125
tcan	0.125
tita	0.125
tlon	0.125
tusa	0.125

mean GC outgro: all positions=0.455 position1=0.496 position2=0.355 position3=0.512 
mean GC anostraca: all positions=0.342 position1=0.438 position2=0.281 position3=0.306 
mean GC notostraca: all positions=0.444 position1=0.523 position2=0.322 position3=0.488 

** impossible to compute Ks. saturation? **

mean number of non synonymous sites compared: 230.6
mean Ka anostraca: 0.887608
mean Ka notostraca: 0.657844
dKa: 0.229764	standard deviation (sd): 0.105837	ratio dKa/sd: 2.17093
exact probability (P): 0.0299445

equally weighted sequences:
> outgro:
tcas	1
> cladocera:
dmag	0.333333
dpul	0.333333
etex	0.333333
> notostraca:
lapu	0.125
lart	0.125
lcou	0.125
lubb	0.125
tcan	0.125
tita	0.125
tlon	0.125
tusa	0.125

mean GC outgro: all positions=0.455 position1=0.496 position2=0.355 position3=0.512 
mean GC cladocera: all positions=0.430 position1=0.474 position2=0.364 position3=0.452 
mean GC notostraca: all positions=0.444 position1=0.523 position2=0.322 position3=0.488 

** impossible to compute Ks. saturation? **

mean number of non synonymous sites compared: 233.0
mean Ka cladocera: 0.577268
mean Ka notostraca: 0.657844
dKa: -0.080576	standard deviation (sd): 0.0574517	ratio dKa/sd: -1.4025
exact probability (P): 0.160773

