

## treatement of 3 lineages from file OG0007549.phy ##

equally weighted sequences:
> outgro:
ocin	0.5
tcas	0.5
> anostraca:
afra	1
> cladocera:
dmag	0.333333
dpul	0.333333
etex	0.333333

mean GC outgro: all positions=0.449 position1=0.426 position2=0.380 position3=0.541 
mean GC anostraca: all positions=0.402 position1=0.455 position2=0.413 position3=0.339 
mean GC cladocera: all positions=0.465 position1=0.534 position2=0.380 position3=0.479 

** impossible to compute Ks. saturation? **

mean number of non synonymous sites compared: 237.6
mean Ka anostraca: 0.263138
mean Ka cladocera: 0.222601
dKa: 0.0405371	standard deviation (sd): 0.0304346	ratio dKa/sd: 1.33194
exact probability (P): 0.182889

equally weighted sequences:
> outgro:
ocin	0.5
tcas	0.5
> anostraca:
afra	1
> notostraca:
lcou	0.2
tcan	0.2
tita	0.2
tlon	0.2
tusa	0.2

mean GC outgro: all positions=0.449 position1=0.426 position2=0.380 position3=0.541 
mean GC anostraca: all positions=0.402 position1=0.455 position2=0.413 position3=0.339 
mean GC notostraca: all positions=0.425 position1=0.493 position2=0.388 position3=0.395 

** impossible to compute Ks. saturation? **

mean number of non synonymous sites compared: 237.9
mean Ka anostraca: 0.263138
mean Ka notostraca: 0.237622
dKa: 0.0255157	standard deviation (sd): 0.0323435	ratio dKa/sd: 0.788897
exact probability (P): 0.430178

equally weighted sequences:
> outgro:
ocin	0.5
tcas	0.5
> cladocera:
dmag	0.333333
dpul	0.333333
etex	0.333333
> notostraca:
lcou	0.2
tcan	0.2
tita	0.2
tlon	0.2
tusa	0.2

mean GC outgro: all positions=0.449 position1=0.426 position2=0.380 position3=0.541 
mean GC cladocera: all positions=0.465 position1=0.534 position2=0.380 position3=0.479 
mean GC notostraca: all positions=0.425 position1=0.493 position2=0.388 position3=0.395 

** impossible to compute Ks. saturation? **

mean number of non synonymous sites compared: 237.8
mean Ka cladocera: 0.222601
mean Ka notostraca: 0.237622
dKa: -0.0150214	standard deviation (sd): 0.0264421	ratio dKa/sd: -0.568086
exact probability (P): 0.56998

