

## treatement of 3 lineages from file OG0005535.phy ##

equally weighted sequences:
> outgro:
ocin	0.5
tcas	0.5
> anostraca:
afra	1
> cladocera:
dmag	0.333333
dpul	0.333333
etex	0.333333

mean GC outgro: all positions=0.435 position1=0.489 position2=0.319 position3=0.498 
mean GC anostraca: all positions=0.381 position1=0.457 position2=0.315 position3=0.371 
mean GC cladocera: all positions=0.421 position1=0.530 position2=0.330 position3=0.402 

** impossible to compute Ks. saturation? **

mean number of non synonymous sites compared: 450.6
mean Ka anostraca: 0.294232
mean Ka cladocera: 0.274287
dKa: 0.0199452	standard deviation (sd): 0.0236176	ratio dKa/sd: 0.844505
exact probability (P): 0.398394

equally weighted sequences:
> outgro:
ocin	0.5
tcas	0.5
> anostraca:
afra	1
> notostraca:
lapu	0.125
lart	0.125
lcou	0.125
lubb	0.125
tcan	0.125
tita	0.125
tlon	0.125
tusa	0.125

mean GC outgro: all positions=0.435 position1=0.489 position2=0.319 position3=0.498 
mean GC anostraca: all positions=0.381 position1=0.457 position2=0.315 position3=0.371 
mean GC notostraca: all positions=0.421 position1=0.504 position2=0.339 position3=0.419 

** impossible to compute Ks. saturation? **

mean number of non synonymous sites compared: 450.7
mean Ka anostraca: 0.294232
mean Ka notostraca: 0.292597
dKa: 0.00163463	standard deviation (sd): 0.0254261	ratio dKa/sd: 0.0642892
exact probability (P): 0.94874

equally weighted sequences:
> outgro:
ocin	0.5
tcas	0.5
> cladocera:
dmag	0.333333
dpul	0.333333
etex	0.333333
> notostraca:
lapu	0.125
lart	0.125
lcou	0.125
lubb	0.125
tcan	0.125
tita	0.125
tlon	0.125
tusa	0.125

mean GC outgro: all positions=0.435 position1=0.489 position2=0.319 position3=0.498 
mean GC cladocera: all positions=0.421 position1=0.530 position2=0.330 position3=0.402 
mean GC notostraca: all positions=0.421 position1=0.504 position2=0.339 position3=0.419 

** impossible to compute Ks. saturation? **

mean number of non synonymous sites compared: 449.8
mean Ka cladocera: 0.274287
mean Ka notostraca: 0.292597
dKa: -0.0183106	standard deviation (sd): 0.0198408	ratio dKa/sd: -0.922877
exact probability (P): 0.356076

