

## treatement of 3 lineages from file OG0005154.phy ##

equally weighted sequences:
> outgro:
ocin	0.5
tcas	0.5
> anostraca:
afra	1
> cladocera:
dmag	0.333333
dpul	0.333333
etex	0.333333

mean GC outgro: all positions=0.481 position1=0.523 position2=0.442 position3=0.477 
mean GC anostraca: all positions=0.419 position1=0.500 position2=0.395 position3=0.360 
mean GC cladocera: all positions=0.528 position1=0.581 position2=0.411 position3=0.593 

** impossible to compute Ks. saturation? **

mean number of non synonymous sites compared: 170.2
mean Ka anostraca: 0.36158
mean Ka cladocera: 0.306485
dKa: 0.0550947	standard deviation (sd): 0.0442485	ratio dKa/sd: 1.24512
exact probability (P): 0.213095

equally weighted sequences:
> outgro:
ocin	0.5
tcas	0.5
> anostraca:
afra	1
> notostraca:
lapu	0.125
lart	0.125
lcou	0.125
lubb	0.125
tcan	0.125
tita	0.125
tlon	0.125
tusa	0.125

mean GC outgro: all positions=0.481 position1=0.523 position2=0.442 position3=0.477 
mean GC anostraca: all positions=0.419 position1=0.500 position2=0.395 position3=0.360 
mean GC notostraca: all positions=0.469 position1=0.554 position2=0.424 position3=0.430 

** impossible to compute Ks. saturation? **

mean number of non synonymous sites compared: 170.8
mean Ka anostraca: 0.36158
mean Ka notostraca: 0.320685
dKa: 0.040895	standard deviation (sd): 0.0451826	ratio dKa/sd: 0.905105
exact probability (P): 0.365415

equally weighted sequences:
> outgro:
ocin	0.5
tcas	0.5
> cladocera:
dmag	0.333333
dpul	0.333333
etex	0.333333
> notostraca:
lapu	0.125
lart	0.125
lcou	0.125
lubb	0.125
tcan	0.125
tita	0.125
tlon	0.125
tusa	0.125

mean GC outgro: all positions=0.481 position1=0.523 position2=0.442 position3=0.477 
mean GC cladocera: all positions=0.528 position1=0.581 position2=0.411 position3=0.593 
mean GC notostraca: all positions=0.469 position1=0.554 position2=0.424 position3=0.430 

** impossible to compute Ks. saturation? **

mean number of non synonymous sites compared: 168.4
mean Ka cladocera: 0.306485
mean Ka notostraca: 0.320685
dKa: -0.0141997	standard deviation (sd): 0.0350424	ratio dKa/sd: -0.405215
exact probability (P): 0.685322

