

## treatement of 3 lineages from file OG0005566.phy ##

equally weighted sequences:
> outgro:
ocin	0.5
tcas	0.5
> anostraca:
afra	1
> cladocera:
dmag	0.333333
dpul	0.333333
etex	0.333333

mean GC outgro: all positions=0.489 position1=0.515 position2=0.363 position3=0.588 
mean GC anostraca: all positions=0.431 position1=0.569 position2=0.324 position3=0.402 
mean GC cladocera: all positions=0.517 position1=0.546 position2=0.363 position3=0.644 

** impossible to compute Ks. saturation? **

mean number of non synonymous sites compared: 197.7
mean Ka anostraca: 0.171298
mean Ka cladocera: 0.122755
dKa: 0.0485422	standard deviation (sd): 0.0245673	ratio dKa/sd: 1.97589
exact probability (P): 0.0481757

equally weighted sequences:
> outgro:
ocin	0.5
tcas	0.5
> anostraca:
afra	1
> notostraca:
lapu	0.125
lart	0.125
lcou	0.125
lubb	0.125
tcan	0.125
tita	0.125
tlon	0.125
tusa	0.125

mean GC outgro: all positions=0.489 position1=0.515 position2=0.363 position3=0.588 
mean GC anostraca: all positions=0.431 position1=0.569 position2=0.324 position3=0.402 
mean GC notostraca: all positions=0.483 position1=0.531 position2=0.347 position3=0.571 

** impossible to compute Ks. saturation? **

mean number of non synonymous sites compared: 197.9
mean Ka anostraca: 0.171298
mean Ka notostraca: 0.125526
dKa: 0.0457717	standard deviation (sd): 0.0259596	ratio dKa/sd: 1.76319
exact probability (P): 0.0778772

equally weighted sequences:
> outgro:
ocin	0.5
tcas	0.5
> cladocera:
dmag	0.333333
dpul	0.333333
etex	0.333333
> notostraca:
lapu	0.125
lart	0.125
lcou	0.125
lubb	0.125
tcan	0.125
tita	0.125
tlon	0.125
tusa	0.125

mean GC outgro: all positions=0.489 position1=0.515 position2=0.363 position3=0.588 
mean GC cladocera: all positions=0.517 position1=0.546 position2=0.363 position3=0.644 
mean GC notostraca: all positions=0.483 position1=0.531 position2=0.347 position3=0.571 

** impossible to compute Ks. saturation? **

mean number of non synonymous sites compared: 196.5
mean Ka cladocera: 0.122755
mean Ka notostraca: 0.125526
dKa: -0.0027705	standard deviation (sd): 0.00901303	ratio dKa/sd: -0.307388
exact probability (P): 0.75855

