

## treatement of 3 lineages from file OG0006049.phy ##

equally weighted sequences:
> outgro:
tcas	1
> anostraca:
afra	1
> cladocera:
dmag	0.333333
dpul	0.333333
etex	0.333333

mean GC outgro: all positions=0.542 position1=0.750 position2=0.625 position3=0.250 
mean GC anostraca: all positions=0.417 position1=0.500 position2=0.500 position3=0.250 
mean GC cladocera: all positions=0.472 position1=0.583 position2=0.375 position3=0.458 

** impossible to compute Ks. saturation? **

** impossible to compute Ka. saturation? **

equally weighted sequences:
> outgro:
tcas	1
> anostraca:
afra	1
> notostraca:
lapu	0.125
lart	0.125
lcou	0.125
lubb	0.125
tcan	0.125
tita	0.125
tlon	0.125
tusa	0.125

mean GC outgro: all positions=0.542 position1=0.750 position2=0.625 position3=0.250 
mean GC anostraca: all positions=0.417 position1=0.500 position2=0.500 position3=0.250 
mean GC notostraca: all positions=0.516 position1=0.531 position2=0.453 position3=0.562 

** impossible to compute Ks. saturation? **

** impossible to compute Ka. saturation? **

equally weighted sequences:
> outgro:
tcas	1
> cladocera:
dmag	0.333333
dpul	0.333333
etex	0.333333
> notostraca:
lapu	0.125
lart	0.125
lcou	0.125
lubb	0.125
tcan	0.125
tita	0.125
tlon	0.125
tusa	0.125

mean GC outgro: all positions=0.542 position1=0.750 position2=0.625 position3=0.250 
mean GC cladocera: all positions=0.472 position1=0.583 position2=0.375 position3=0.458 
mean GC notostraca: all positions=0.516 position1=0.531 position2=0.453 position3=0.562 

** impossible to compute Ks. saturation? **

mean number of non synonymous sites compared: 15.1
mean Ka cladocera: 0.80376
mean Ka notostraca: 0.346697
dKa: 0.457063	standard deviation (sd): 0.478476	ratio dKa/sd: 0.955248
exact probability (P): 0.339457

