

## treatement of 3 lineages from file OG0005195.phy ##

equally weighted sequences:
> outgro:
ocin	0.5
tcas	0.5
> anostraca:
afra	1
> cladocera:
dmag	0.333333
dpul	0.333333
etex	0.333333

mean GC outgro: all positions=0.436 position1=0.556 position2=0.377 position3=0.375 
mean GC anostraca: all positions=0.427 position1=0.522 position2=0.389 position3=0.371 
mean GC cladocera: all positions=0.459 position1=0.551 position2=0.423 position3=0.403 

** impossible to compute Ks. saturation? **

mean number of non synonymous sites compared: 675.9
mean Ka anostraca: 0.594332
mean Ka cladocera: 0.59082
dKa: 0.00351201	standard deviation (sd): 0.0342777	ratio dKa/sd: 0.102458
exact probability (P): 0.918394

equally weighted sequences:
> outgro:
ocin	0.5
tcas	0.5
> anostraca:
afra	1
> notostraca:
lapu	0.125
lart	0.125
lcou	0.125
lubb	0.125
tcan	0.125
tita	0.125
tlon	0.125
tusa	0.125

mean GC outgro: all positions=0.436 position1=0.556 position2=0.377 position3=0.375 
mean GC anostraca: all positions=0.427 position1=0.522 position2=0.389 position3=0.371 
mean GC notostraca: all positions=0.477 position1=0.567 position2=0.417 position3=0.447 

** impossible to compute Ks. saturation? **

mean number of non synonymous sites compared: 667.0
mean Ka anostraca: 0.594332
mean Ka notostraca: 0.529486
dKa: 0.0648459	standard deviation (sd): 0.0348322	ratio dKa/sd: 1.86167
exact probability (P): 0.0626581

equally weighted sequences:
> outgro:
ocin	0.5
tcas	0.5
> cladocera:
dmag	0.333333
dpul	0.333333
etex	0.333333
> notostraca:
lapu	0.125
lart	0.125
lcou	0.125
lubb	0.125
tcan	0.125
tita	0.125
tlon	0.125
tusa	0.125

mean GC outgro: all positions=0.436 position1=0.556 position2=0.377 position3=0.375 
mean GC cladocera: all positions=0.459 position1=0.551 position2=0.423 position3=0.403 
mean GC notostraca: all positions=0.477 position1=0.567 position2=0.417 position3=0.447 

** impossible to compute Ks. saturation? **

mean number of non synonymous sites compared: 663.9
mean Ka cladocera: 0.59082
mean Ka notostraca: 0.529486
dKa: 0.0613339	standard deviation (sd): 0.0283708	ratio dKa/sd: 2.16187
exact probability (P): 0.030636

