

## treatement of 3 lineages from file OG0004945.phy ##

equally weighted sequences:
> outgro:
ocin	0.5
tcas	0.5
> anostraca:
afra	1
> cladocera:
dmag	0.333333
dpul	0.333333
etex	0.333333

mean GC outgro: all positions=0.467 position1=0.523 position2=0.462 position3=0.416 
mean GC anostraca: all positions=0.441 position1=0.572 position2=0.428 position3=0.324 
mean GC cladocera: all positions=0.452 position1=0.532 position2=0.451 position3=0.372 

** impossible to compute Ks. saturation? **

mean number of non synonymous sites compared: 353.8
mean Ka anostraca: 0.386861
mean Ka cladocera: 0.402188
dKa: -0.0153264	standard deviation (sd): 0.0265116	ratio dKa/sd: -0.578103
exact probability (P): 0.563197

equally weighted sequences:
> outgro:
ocin	0.5
tcas	0.5
> anostraca:
afra	1
> notostraca:
lapu	0.125
lart	0.125
lcou	0.125
lubb	0.125
tcan	0.125
tita	0.125
tlon	0.125
tusa	0.125

mean GC outgro: all positions=0.467 position1=0.523 position2=0.462 position3=0.416 
mean GC anostraca: all positions=0.441 position1=0.572 position2=0.428 position3=0.324 
mean GC notostraca: all positions=0.480 position1=0.549 position2=0.465 position3=0.426 

** impossible to compute Ks. saturation? **

mean number of non synonymous sites compared: 353.0
mean Ka anostraca: 0.386861
mean Ka notostraca: 0.380618
dKa: 0.00624302	standard deviation (sd): 0.0309224	ratio dKa/sd: 0.201894
exact probability (P): 0.840001

equally weighted sequences:
> outgro:
ocin	0.5
tcas	0.5
> cladocera:
dmag	0.333333
dpul	0.333333
etex	0.333333
> notostraca:
lapu	0.125
lart	0.125
lcou	0.125
lubb	0.125
tcan	0.125
tita	0.125
tlon	0.125
tusa	0.125

mean GC outgro: all positions=0.467 position1=0.523 position2=0.462 position3=0.416 
mean GC cladocera: all positions=0.452 position1=0.532 position2=0.451 position3=0.372 
mean GC notostraca: all positions=0.480 position1=0.549 position2=0.465 position3=0.426 

** impossible to compute Ks. saturation? **

mean number of non synonymous sites compared: 348.0
mean Ka cladocera: 0.402188
mean Ka notostraca: 0.380618
dKa: 0.0215694	standard deviation (sd): 0.0228352	ratio dKa/sd: 0.944569
exact probability (P): 0.344885

