

## treatement of 3 lineages from file OG0005470.phy ##

equally weighted sequences:
> outgro:
ocin	0.5
tcas	0.5
> anostraca:
afra	1
> cladocera:
dmag	0.333333
dpul	0.333333
etex	0.333333

mean GC outgro: all positions=0.478 position1=0.597 position2=0.306 position3=0.532 
mean GC anostraca: all positions=0.416 position1=0.581 position2=0.344 position3=0.323 
mean GC cladocera: all positions=0.470 position1=0.570 position2=0.294 position3=0.545 

** impossible to compute Ks. saturation? **

mean number of non synonymous sites compared: 177.8
mean Ka anostraca: 0.424489
mean Ka cladocera: 0.327727
dKa: 0.0967619	standard deviation (sd): 0.0472542	ratio dKa/sd: 2.04769
exact probability (P): 0.0405989

equally weighted sequences:
> outgro:
ocin	0.5
tcas	0.5
> anostraca:
afra	1
> notostraca:
lapu	0.125
lart	0.125
lcou	0.125
lubb	0.125
tcan	0.125
tita	0.125
tlon	0.125
tusa	0.125

mean GC outgro: all positions=0.478 position1=0.597 position2=0.306 position3=0.532 
mean GC anostraca: all positions=0.416 position1=0.581 position2=0.344 position3=0.323 
mean GC notostraca: all positions=0.431 position1=0.565 position2=0.336 position3=0.392 

** impossible to compute Ks. saturation? **

mean number of non synonymous sites compared: 176.1
mean Ka anostraca: 0.424489
mean Ka notostraca: 0.346284
dKa: 0.0782054	standard deviation (sd): 0.0465018	ratio dKa/sd: 1.68177
exact probability (P): 0.0926193

equally weighted sequences:
> outgro:
ocin	0.5
tcas	0.5
> cladocera:
dmag	0.333333
dpul	0.333333
etex	0.333333
> notostraca:
lapu	0.125
lart	0.125
lcou	0.125
lubb	0.125
tcan	0.125
tita	0.125
tlon	0.125
tusa	0.125

mean GC outgro: all positions=0.478 position1=0.597 position2=0.306 position3=0.532 
mean GC cladocera: all positions=0.470 position1=0.570 position2=0.294 position3=0.545 
mean GC notostraca: all positions=0.431 position1=0.565 position2=0.336 position3=0.392 

** impossible to compute Ks. saturation? **

mean number of non synonymous sites compared: 178.4
mean Ka cladocera: 0.327727
mean Ka notostraca: 0.346284
dKa: -0.0185566	standard deviation (sd): 0.0307319	ratio dKa/sd: -0.60382
exact probability (P): 0.545968

