

## treatement of 3 lineages from file OG0004928.phy ##

equally weighted sequences:
> outgro:
ocin	0.5
tcas	0.5
> anostraca:
afra	1
> cladocera:
dmag	0.333333
dpul	0.333333
etex	0.333333

mean GC outgro: all positions=0.469 position1=0.501 position2=0.386 position3=0.519 
mean GC anostraca: all positions=0.445 position1=0.526 position2=0.428 position3=0.382 
mean GC cladocera: all positions=0.458 position1=0.527 position2=0.389 position3=0.458 

** impossible to compute Ks. saturation? **

mean number of non synonymous sites compared: 697.0
mean Ka anostraca: 0.323378
mean Ka cladocera: 0.310685
dKa: 0.0126938	standard deviation (sd): 0.0194867	ratio dKa/sd: 0.651406
exact probability (P): 0.51479

equally weighted sequences:
> outgro:
ocin	0.5
tcas	0.5
> anostraca:
afra	1
> notostraca:
lapu	0.125
lart	0.125
lcou	0.125
lubb	0.125
tcan	0.125
tita	0.125
tlon	0.125
tusa	0.125

mean GC outgro: all positions=0.469 position1=0.501 position2=0.386 position3=0.519 
mean GC anostraca: all positions=0.445 position1=0.526 position2=0.428 position3=0.382 
mean GC notostraca: all positions=0.468 position1=0.475 position2=0.405 position3=0.525 

** impossible to compute Ks. saturation? **

mean number of non synonymous sites compared: 702.5
mean Ka anostraca: 0.323378
mean Ka notostraca: 0.312331
dKa: 0.0110469	standard deviation (sd): 0.0206337	ratio dKa/sd: 0.535383
exact probability (P): 0.592389

equally weighted sequences:
> outgro:
ocin	0.5
tcas	0.5
> cladocera:
dmag	0.333333
dpul	0.333333
etex	0.333333
> notostraca:
lapu	0.125
lart	0.125
lcou	0.125
lubb	0.125
tcan	0.125
tita	0.125
tlon	0.125
tusa	0.125

mean GC outgro: all positions=0.469 position1=0.501 position2=0.386 position3=0.519 
mean GC cladocera: all positions=0.458 position1=0.527 position2=0.389 position3=0.458 
mean GC notostraca: all positions=0.468 position1=0.475 position2=0.405 position3=0.525 

** impossible to compute Ks. saturation? **

mean number of non synonymous sites compared: 696.9
mean Ka cladocera: 0.310685
mean Ka notostraca: 0.312331
dKa: -0.00164683	standard deviation (sd): 0.0171214	ratio dKa/sd: -0.0961855
exact probability (P): 0.923374

