

## treatement of 3 lineages from file OG0005656.phy ##

equally weighted sequences:
> outgro:
ocin	0.5
tcas	0.5
> anostraca:
afra	1
> cladocera:
dmag	0.333333
dpul	0.333333
etex	0.333333

mean GC outgro: all positions=0.487 position1=0.506 position2=0.355 position3=0.599 
mean GC anostraca: all positions=0.394 position1=0.500 position2=0.341 position3=0.341 
mean GC cladocera: all positions=0.432 position1=0.506 position2=0.369 position3=0.422 

** impossible to compute Ks. saturation? **

mean number of non synonymous sites compared: 344.5
mean Ka anostraca: 0.274469
mean Ka cladocera: 0.260144
dKa: 0.0143248	standard deviation (sd): 0.0278764	ratio dKa/sd: 0.513867
exact probability (P): 0.607349

equally weighted sequences:
> outgro:
ocin	0.5
tcas	0.5
> anostraca:
afra	1
> notostraca:
lapu	0.125
lart	0.125
lcou	0.125
lubb	0.125
tcan	0.125
tita	0.125
tlon	0.125
tusa	0.125

mean GC outgro: all positions=0.487 position1=0.506 position2=0.355 position3=0.599 
mean GC anostraca: all positions=0.394 position1=0.500 position2=0.341 position3=0.341 
mean GC notostraca: all positions=0.434 position1=0.542 position2=0.341 position3=0.420 

** impossible to compute Ks. saturation? **

mean number of non synonymous sites compared: 343.0
mean Ka anostraca: 0.274469
mean Ka notostraca: 0.24877
dKa: 0.0256989	standard deviation (sd): 0.0271367	ratio dKa/sd: 0.947015
exact probability (P): 0.343638

equally weighted sequences:
> outgro:
ocin	0.5
tcas	0.5
> cladocera:
dmag	0.333333
dpul	0.333333
etex	0.333333
> notostraca:
lapu	0.125
lart	0.125
lcou	0.125
lubb	0.125
tcan	0.125
tita	0.125
tlon	0.125
tusa	0.125

mean GC outgro: all positions=0.487 position1=0.506 position2=0.355 position3=0.599 
mean GC cladocera: all positions=0.432 position1=0.506 position2=0.369 position3=0.422 
mean GC notostraca: all positions=0.434 position1=0.542 position2=0.341 position3=0.420 

** impossible to compute Ks. saturation? **

mean number of non synonymous sites compared: 341.2
mean Ka cladocera: 0.260144
mean Ka notostraca: 0.24877
dKa: 0.0113741	standard deviation (sd): 0.0232312	ratio dKa/sd: 0.489603
exact probability (P): 0.624417

