

## treatement of 3 lineages from file OG0004966.phy ##

equally weighted sequences:
> outgro:
ocin	0.5
tcas	0.5
> anostraca:
afra	1
> cladocera:
dmag	0.333333
dpul	0.333333
etex	0.333333

mean GC outgro: all positions=0.447 position1=0.457 position2=0.375 position3=0.510 
mean GC anostraca: all positions=0.395 position1=0.510 position2=0.389 position3=0.285 
mean GC cladocera: all positions=0.482 position1=0.500 position2=0.389 position3=0.557 

** impossible to compute Ks. saturation? **

mean number of non synonymous sites compared: 677.7
mean Ka anostraca: 0.692652
mean Ka cladocera: 0.673305
dKa: 0.0193467	standard deviation (sd): 0.0383221	ratio dKa/sd: 0.504845
exact probability (P): 0.613671

equally weighted sequences:
> outgro:
ocin	0.5
tcas	0.5
> anostraca:
afra	1
> notostraca:
lapu	0.125
lart	0.125
lcou	0.125
lubb	0.125
tcan	0.125
tita	0.125
tlon	0.125
tusa	0.125

mean GC outgro: all positions=0.447 position1=0.457 position2=0.375 position3=0.510 
mean GC anostraca: all positions=0.395 position1=0.510 position2=0.389 position3=0.285 
mean GC notostraca: all positions=0.491 position1=0.497 position2=0.393 position3=0.584 

** impossible to compute Ks. saturation? **

mean number of non synonymous sites compared: 677.1
mean Ka anostraca: 0.692652
mean Ka notostraca: 0.678485
dKa: 0.0141667	standard deviation (sd): 0.0413643	ratio dKa/sd: 0.342485
exact probability (P): 0.731988

equally weighted sequences:
> outgro:
ocin	0.5
tcas	0.5
> cladocera:
dmag	0.333333
dpul	0.333333
etex	0.333333
> notostraca:
lapu	0.125
lart	0.125
lcou	0.125
lubb	0.125
tcan	0.125
tita	0.125
tlon	0.125
tusa	0.125

mean GC outgro: all positions=0.447 position1=0.457 position2=0.375 position3=0.510 
mean GC cladocera: all positions=0.482 position1=0.500 position2=0.389 position3=0.557 
mean GC notostraca: all positions=0.491 position1=0.497 position2=0.393 position3=0.584 

** impossible to compute Ks. saturation? **

mean number of non synonymous sites compared: 679.3
mean Ka cladocera: 0.673305
mean Ka notostraca: 0.678485
dKa: -0.00518006	standard deviation (sd): 0.0285612	ratio dKa/sd: -0.181367
exact probability (P): 0.856081

