

## treatement of 3 lineages from file OG0008460.phy ##

equally weighted sequences:
> outgro:
ocin	0.5
tcas	0.5
> anostraca:
afra	1
> cladocera:
dpul	0.5
etex	0.5

mean GC outgro: all positions=0.391 position1=0.491 position2=0.273 position3=0.409 
mean GC anostraca: all positions=0.376 position1=0.418 position2=0.309 position3=0.400 
mean GC cladocera: all positions=0.403 position1=0.573 position2=0.264 position3=0.373 

** impossible to compute Ks. saturation? **

mean number of non synonymous sites compared: 104.5
mean Ka anostraca: 0.479728
mean Ka cladocera: 0.431523
dKa: 0.0482046	standard deviation (sd): 0.0810385	ratio dKa/sd: 0.594836
exact probability (P): 0.551957

equally weighted sequences:
> outgro:
ocin	0.5
tcas	0.5
> anostraca:
afra	1
> notostraca:
lapu	0.25
lubb	0.25
tcan	0.25
tusa	0.25

mean GC outgro: all positions=0.391 position1=0.491 position2=0.273 position3=0.409 
mean GC anostraca: all positions=0.376 position1=0.418 position2=0.309 position3=0.400 
mean GC notostraca: all positions=0.409 position1=0.523 position2=0.359 position3=0.345 

** impossible to compute Ks. saturation? **

mean number of non synonymous sites compared: 107.1
mean Ka anostraca: 0.479728
mean Ka notostraca: 0.596026
dKa: -0.116298	standard deviation (sd): 0.0906632	ratio dKa/sd: -1.28275
exact probability (P): 0.199586

equally weighted sequences:
> outgro:
ocin	0.5
tcas	0.5
> cladocera:
dpul	0.5
etex	0.5
> notostraca:
lapu	0.25
lubb	0.25
tcan	0.25
tusa	0.25

mean GC outgro: all positions=0.391 position1=0.491 position2=0.273 position3=0.409 
mean GC cladocera: all positions=0.403 position1=0.573 position2=0.264 position3=0.373 
mean GC notostraca: all positions=0.409 position1=0.523 position2=0.359 position3=0.345 

** impossible to compute Ks. saturation? **

mean number of non synonymous sites compared: 107.3
mean Ka cladocera: 0.431523
mean Ka notostraca: 0.596026
dKa: -0.164503	standard deviation (sd): 0.0742478	ratio dKa/sd: -2.21559
exact probability (P): 0.0267269

