

## treatement of 3 lineages from file OG0006196.phy ##

equally weighted sequences:
> outgro:
ocin	0.5
tcas	0.5
> anostraca:
afra	1
> cladocera:
dmag	0.5
dpul	0.5

mean GC outgro: all positions=0.430 position1=0.464 position2=0.335 position3=0.492 
mean GC anostraca: all positions=0.401 position1=0.524 position2=0.347 position3=0.331 
mean GC cladocera: all positions=0.360 position1=0.431 position2=0.339 position3=0.310 

** impossible to compute Ks. saturation? **

mean number of non synonymous sites compared: 237.2
mean Ka anostraca: 0.534012
mean Ka cladocera: 0.47205
dKa: 0.0619621	standard deviation (sd): 0.0545757	ratio dKa/sd: 1.13534
exact probability (P): 0.256238

equally weighted sequences:
> outgro:
ocin	0.5
tcas	0.5
> anostraca:
afra	1
> notostraca:
lapu	0.125
lart	0.125
lcou	0.125
lubb	0.125
tcan	0.125
tita	0.125
tlon	0.125
tusa	0.125

mean GC outgro: all positions=0.430 position1=0.464 position2=0.335 position3=0.492 
mean GC anostraca: all positions=0.401 position1=0.524 position2=0.347 position3=0.331 
mean GC notostraca: all positions=0.433 position1=0.465 position2=0.344 position3=0.490 

** impossible to compute Ks. saturation? **

mean number of non synonymous sites compared: 238.1
mean Ka anostraca: 0.534012
mean Ka notostraca: 0.475474
dKa: 0.0585376	standard deviation (sd): 0.055323	ratio dKa/sd: 1.05811
exact probability (P): 0.290014

equally weighted sequences:
> outgro:
ocin	0.5
tcas	0.5
> cladocera:
dmag	0.5
dpul	0.5
> notostraca:
lapu	0.125
lart	0.125
lcou	0.125
lubb	0.125
tcan	0.125
tita	0.125
tlon	0.125
tusa	0.125

mean GC outgro: all positions=0.430 position1=0.464 position2=0.335 position3=0.492 
mean GC cladocera: all positions=0.360 position1=0.431 position2=0.339 position3=0.310 
mean GC notostraca: all positions=0.433 position1=0.465 position2=0.344 position3=0.490 

** impossible to compute Ks. saturation? **

mean number of non synonymous sites compared: 237.0
mean Ka cladocera: 0.47205
mean Ka notostraca: 0.475474
dKa: -0.00342449	standard deviation (sd): 0.0471963	ratio dKa/sd: -0.0725584
exact probability (P): 0.942158

