

## treatement of 3 lineages from file OG0006336.phy ##

equally weighted sequences:
> outgro:
ocin	0.5
tcas	0.5
> anostraca:
afra	1
> cladocera:
dmag	0.333333
dpul	0.333333
etex	0.333333

mean GC outgro: all positions=0.445 position1=0.518 position2=0.335 position3=0.482 
mean GC anostraca: all positions=0.431 position1=0.524 position2=0.415 position3=0.354 
mean GC cladocera: all positions=0.528 position1=0.618 position2=0.415 position3=0.553 

** impossible to compute Ks. saturation? **

mean number of non synonymous sites compared: 155.0
mean Ka anostraca: 0.283316
mean Ka cladocera: 0.234194
dKa: 0.0491216	standard deviation (sd): 0.043986	ratio dKa/sd: 1.11675
exact probability (P): 0.264107

equally weighted sequences:
> outgro:
ocin	0.5
tcas	0.5
> anostraca:
afra	1
> notostraca:
lapu	0.142857
lart	0.142857
lcou	0.142857
tcan	0.142857
tita	0.142857
tlon	0.142857
tusa	0.142857

mean GC outgro: all positions=0.445 position1=0.518 position2=0.335 position3=0.482 
mean GC anostraca: all positions=0.431 position1=0.524 position2=0.415 position3=0.354 
mean GC notostraca: all positions=0.480 position1=0.627 position2=0.420 position3=0.392 

** impossible to compute Ks. saturation? **

mean number of non synonymous sites compared: 154.2
mean Ka anostraca: 0.283316
mean Ka notostraca: 0.19497
dKa: 0.0883462	standard deviation (sd): 0.0424148	ratio dKa/sd: 2.08291
exact probability (P): 0.0372671

equally weighted sequences:
> outgro:
ocin	0.5
tcas	0.5
> cladocera:
dmag	0.333333
dpul	0.333333
etex	0.333333
> notostraca:
lapu	0.142857
lart	0.142857
lcou	0.142857
tcan	0.142857
tita	0.142857
tlon	0.142857
tusa	0.142857

mean GC outgro: all positions=0.445 position1=0.518 position2=0.335 position3=0.482 
mean GC cladocera: all positions=0.528 position1=0.618 position2=0.415 position3=0.553 
mean GC notostraca: all positions=0.480 position1=0.627 position2=0.420 position3=0.392 

** impossible to compute Ks. saturation? **

mean number of non synonymous sites compared: 154.6
mean Ka cladocera: 0.234194
mean Ka notostraca: 0.19497
dKa: 0.0392246	standard deviation (sd): 0.0299722	ratio dKa/sd: 1.3087
exact probability (P): 0.190644

