

## treatement of 3 lineages from file OG0007014.phy ##

equally weighted sequences:
> outgro:
ocin	0.5
tcas	0.5
> anostraca:
afra	1
> cladocera:
dmag	0.333333
dpul	0.333333
etex	0.333333

mean GC outgro: all positions=0.485 position1=0.593 position2=0.370 position3=0.491 
mean GC anostraca: all positions=0.475 position1=0.667 position2=0.444 position3=0.315 
mean GC cladocera: all positions=0.463 position1=0.611 position2=0.401 position3=0.377 

** impossible to compute Ks. saturation? **

mean number of non synonymous sites compared: 108.5
mean Ka anostraca: 0.335633
mean Ka cladocera: 0.258004
dKa: 0.0776292	standard deviation (sd): 0.0434152	ratio dKa/sd: 1.78807
exact probability (P): 0.0737733

equally weighted sequences:
> outgro:
ocin	0.5
tcas	0.5
> anostraca:
afra	1
> notostraca:
lapu	0.166667
lart	0.166667
lcou	0.166667
lubb	0.166667
tita	0.166667
tlon	0.166667

mean GC outgro: all positions=0.485 position1=0.593 position2=0.370 position3=0.491 
mean GC anostraca: all positions=0.475 position1=0.667 position2=0.444 position3=0.315 
mean GC notostraca: all positions=0.492 position1=0.667 position2=0.383 position3=0.426 

** impossible to compute Ks. saturation? **

mean number of non synonymous sites compared: 108.0
mean Ka anostraca: 0.335633
mean Ka notostraca: 0.28426
dKa: 0.0513727	standard deviation (sd): 0.0548395	ratio dKa/sd: 0.936782
exact probability (P): 0.348877

equally weighted sequences:
> outgro:
ocin	0.5
tcas	0.5
> cladocera:
dmag	0.333333
dpul	0.333333
etex	0.333333
> notostraca:
lapu	0.166667
lart	0.166667
lcou	0.166667
lubb	0.166667
tita	0.166667
tlon	0.166667

mean GC outgro: all positions=0.485 position1=0.593 position2=0.370 position3=0.491 
mean GC cladocera: all positions=0.463 position1=0.611 position2=0.401 position3=0.377 
mean GC notostraca: all positions=0.492 position1=0.667 position2=0.383 position3=0.426 

** impossible to compute Ks. saturation? **

mean number of non synonymous sites compared: 107.2
mean Ka cladocera: 0.258004
mean Ka notostraca: 0.28426
dKa: -0.0262565	standard deviation (sd): 0.0349237	ratio dKa/sd: -0.751825
exact probability (P): 0.452162

