

## treatement of 3 lineages from file OG0005558.phy ##

equally weighted sequences:
> outgro:
ocin	0.5
tcas	0.5
> anostraca:
afra	1
> cladocera:
dmag	0.333333
dpul	0.333333
etex	0.333333

mean GC outgro: all positions=0.484 position1=0.526 position2=0.284 position3=0.640 
mean GC anostraca: all positions=0.429 position1=0.561 position2=0.316 position3=0.411 
mean GC cladocera: all positions=0.467 position1=0.577 position2=0.306 position3=0.517 

** impossible to compute Ks. saturation? **

mean number of non synonymous sites compared: 561.4
mean Ka anostraca: 0.555547
mean Ka cladocera: 0.390879
dKa: 0.164667	standard deviation (sd): 0.0351018	ratio dKa/sd: 4.69114
exact probability (P): 3.35776e-06

equally weighted sequences:
> outgro:
ocin	0.5
tcas	0.5
> anostraca:
afra	1
> notostraca:
lapu	0.125
lart	0.125
lcou	0.125
lubb	0.125
tcan	0.125
tita	0.125
tlon	0.125
tusa	0.125

mean GC outgro: all positions=0.484 position1=0.526 position2=0.284 position3=0.640 
mean GC anostraca: all positions=0.429 position1=0.561 position2=0.316 position3=0.411 
mean GC notostraca: all positions=0.459 position1=0.555 position2=0.311 position3=0.511 

** impossible to compute Ks. saturation? **

mean number of non synonymous sites compared: 557.9
mean Ka anostraca: 0.555547
mean Ka notostraca: 0.347851
dKa: 0.207696	standard deviation (sd): 0.035815	ratio dKa/sd: 5.79912
exact probability (P): 1e-07

equally weighted sequences:
> outgro:
ocin	0.5
tcas	0.5
> cladocera:
dmag	0.333333
dpul	0.333333
etex	0.333333
> notostraca:
lapu	0.125
lart	0.125
lcou	0.125
lubb	0.125
tcan	0.125
tita	0.125
tlon	0.125
tusa	0.125

mean GC outgro: all positions=0.484 position1=0.526 position2=0.284 position3=0.640 
mean GC cladocera: all positions=0.467 position1=0.577 position2=0.306 position3=0.517 
mean GC notostraca: all positions=0.459 position1=0.555 position2=0.311 position3=0.511 

** impossible to compute Ks. saturation? **

mean number of non synonymous sites compared: 548.5
mean Ka cladocera: 0.390879
mean Ka notostraca: 0.347851
dKa: 0.0430287	standard deviation (sd): 0.0207126	ratio dKa/sd: 2.07741
exact probability (P): 0.0377724

