

## treatement of 3 lineages from file OG0007480.phy ##

equally weighted sequences:
> outgro:
ocin	1
> anostraca:
afra	1
> cladocera:
etex	1

mean GC outgro: all positions=0.363 position1=0.412 position2=0.294 position3=0.382 
mean GC anostraca: all positions=0.392 position1=0.294 position2=0.441 position3=0.441 
mean GC cladocera: all positions=0.461 position1=0.500 position2=0.441 position3=0.441 

** impossible to compute Ks. saturation? **

mean number of non synonymous sites compared: 68.5
mean Ka anostraca: 0.819782
mean Ka cladocera: 0.665373
dKa: 0.154409	standard deviation (sd): 0.209462	ratio dKa/sd: 0.737168
exact probability (P): 0.461025

equally weighted sequences:
> outgro:
ocin	1
> anostraca:
afra	1
> notostraca:
lapu	0.125
lart	0.125
lcou	0.125
lubb	0.125
tcan	0.125
tita	0.125
tlon	0.125
tusa	0.125

mean GC outgro: all positions=0.363 position1=0.412 position2=0.294 position3=0.382 
mean GC anostraca: all positions=0.392 position1=0.294 position2=0.441 position3=0.441 
mean GC notostraca: all positions=0.496 position1=0.551 position2=0.515 position3=0.423 

** impossible to compute Ks. saturation? **

mean number of non synonymous sites compared: 67.5
mean Ka anostraca: 0.819782
mean Ka notostraca: 0.600628
dKa: 0.219153	standard deviation (sd): 0.198739	ratio dKa/sd: 1.10272
exact probability (P): 0.270156

equally weighted sequences:
> outgro:
ocin	1
> cladocera:
etex	1
> notostraca:
lapu	0.125
lart	0.125
lcou	0.125
lubb	0.125
tcan	0.125
tita	0.125
tlon	0.125
tusa	0.125

mean GC outgro: all positions=0.363 position1=0.412 position2=0.294 position3=0.382 
mean GC cladocera: all positions=0.461 position1=0.500 position2=0.441 position3=0.441 
mean GC notostraca: all positions=0.496 position1=0.551 position2=0.515 position3=0.423 

** impossible to compute Ks. saturation? **

mean number of non synonymous sites compared: 67.6
mean Ka cladocera: 0.665373
mean Ka notostraca: 0.600628
dKa: 0.0647442	standard deviation (sd): 0.13438	ratio dKa/sd: 0.481799
exact probability (P): 0.629952

