

## treatement of 3 lineages from file OG0006373.phy ##

equally weighted sequences:
> outgro:
tcas	1
> anostraca:
afra	1
> cladocera:
dmag	0.333333
dpul	0.333333
etex	0.333333

mean GC outgro: all positions=0.450 position1=0.505 position2=0.318 position3=0.527 
mean GC anostraca: all positions=0.385 position1=0.486 position2=0.338 position3=0.331 
mean GC cladocera: all positions=0.483 position1=0.550 position2=0.357 position3=0.542 

** impossible to compute Ks. saturation? **

mean number of non synonymous sites compared: 1366.9
mean Ka anostraca: 0.672136
mean Ka cladocera: 0.575638
dKa: 0.0964989	standard deviation (sd): 0.0313211	ratio dKa/sd: 3.08095
exact probability (P): 0.00206859

equally weighted sequences:
> outgro:
tcas	1
> anostraca:
afra	1
> notostraca:
lapu	0.125
lart	0.125
lcou	0.125
lubb	0.125
tcan	0.125
tita	0.125
tlon	0.125
tusa	0.125

mean GC outgro: all positions=0.450 position1=0.505 position2=0.318 position3=0.527 
mean GC anostraca: all positions=0.385 position1=0.486 position2=0.338 position3=0.331 
mean GC notostraca: all positions=0.495 position1=0.542 position2=0.352 position3=0.590 

** impossible to compute Ks. saturation? **

mean number of non synonymous sites compared: 1354.5
mean Ka anostraca: 0.672136
mean Ka notostraca: 0.569694
dKa: 0.102442	standard deviation (sd): 0.0325665	ratio dKa/sd: 3.14564
exact probability (P): 0.00166194

equally weighted sequences:
> outgro:
tcas	1
> cladocera:
dmag	0.333333
dpul	0.333333
etex	0.333333
> notostraca:
lapu	0.125
lart	0.125
lcou	0.125
lubb	0.125
tcan	0.125
tita	0.125
tlon	0.125
tusa	0.125

mean GC outgro: all positions=0.450 position1=0.505 position2=0.318 position3=0.527 
mean GC cladocera: all positions=0.483 position1=0.550 position2=0.357 position3=0.542 
mean GC notostraca: all positions=0.495 position1=0.542 position2=0.352 position3=0.590 

** impossible to compute Ks. saturation? **

mean number of non synonymous sites compared: 1331.4
mean Ka cladocera: 0.575638
mean Ka notostraca: 0.569694
dKa: 0.00594349	standard deviation (sd): 0.0228661	ratio dKa/sd: 0.259926
exact probability (P): 0.794922

