

## treatement of 3 lineages from file OG0005467.phy ##

equally weighted sequences:
> outgro:
ocin	0.5
tcas	0.5
> anostraca:
afra	1
> cladocera:
dmag	0.333333
dpul	0.333333
etex	0.333333

mean GC outgro: all positions=0.447 position1=0.618 position2=0.307 position3=0.415 
mean GC anostraca: all positions=0.399 position1=0.623 position2=0.340 position3=0.236 
mean GC cladocera: all positions=0.442 position1=0.616 position2=0.305 position3=0.406 

** impossible to compute Ks. saturation? **

mean number of non synonymous sites compared: 205.5
mean Ka anostraca: 0.339051
mean Ka cladocera: 0.422495
dKa: -0.0834446	standard deviation (sd): 0.0440043	ratio dKa/sd: -1.89628
exact probability (P): 0.0579296

equally weighted sequences:
> outgro:
ocin	0.5
tcas	0.5
> anostraca:
afra	1
> notostraca:
lapu	0.125
lart	0.125
lcou	0.125
lubb	0.125
tcan	0.125
tita	0.125
tlon	0.125
tusa	0.125

mean GC outgro: all positions=0.447 position1=0.618 position2=0.307 position3=0.415 
mean GC anostraca: all positions=0.399 position1=0.623 position2=0.340 position3=0.236 
mean GC notostraca: all positions=0.452 position1=0.614 position2=0.303 position3=0.439 

** impossible to compute Ks. saturation? **

mean number of non synonymous sites compared: 208.0
mean Ka anostraca: 0.339051
mean Ka notostraca: 0.317461
dKa: 0.0215892	standard deviation (sd): 0.0408168	ratio dKa/sd: 0.528929
exact probability (P): 0.596858

equally weighted sequences:
> outgro:
ocin	0.5
tcas	0.5
> cladocera:
dmag	0.333333
dpul	0.333333
etex	0.333333
> notostraca:
lapu	0.125
lart	0.125
lcou	0.125
lubb	0.125
tcan	0.125
tita	0.125
tlon	0.125
tusa	0.125

mean GC outgro: all positions=0.447 position1=0.618 position2=0.307 position3=0.415 
mean GC cladocera: all positions=0.442 position1=0.616 position2=0.305 position3=0.406 
mean GC notostraca: all positions=0.452 position1=0.614 position2=0.303 position3=0.439 

** impossible to compute Ks. saturation? **

mean number of non synonymous sites compared: 204.9
mean Ka cladocera: 0.422495
mean Ka notostraca: 0.317461
dKa: 0.105034	standard deviation (sd): 0.0349322	ratio dKa/sd: 3.00679
exact probability (P): 0.00264378

