

## treatement of 3 lineages from file OG0005275.phy ##

equally weighted sequences:
> outgro:
ocin	0.5
tcas	0.5
> anostraca:
afra	1
> cladocera:
dmag	0.333333
dpul	0.333333
etex	0.333333

mean GC outgro: all positions=0.435 position1=0.487 position2=0.294 position3=0.524 
mean GC anostraca: all positions=0.388 position1=0.493 position2=0.301 position3=0.370 
mean GC cladocera: all positions=0.443 position1=0.517 position2=0.288 position3=0.523 

** impossible to compute Ks. saturation? **

mean number of non synonymous sites compared: 700.2
mean Ka anostraca: 0.545288
mean Ka cladocera: 0.322604
dKa: 0.222684	standard deviation (sd): 0.0324002	ratio dKa/sd: 6.87292
exact probability (P): 1e-07

equally weighted sequences:
> outgro:
ocin	0.5
tcas	0.5
> anostraca:
afra	1
> notostraca:
lapu	0.125
lart	0.125
lcou	0.125
lubb	0.125
tcan	0.125
tita	0.125
tlon	0.125
tusa	0.125

mean GC outgro: all positions=0.435 position1=0.487 position2=0.294 position3=0.524 
mean GC anostraca: all positions=0.388 position1=0.493 position2=0.301 position3=0.370 
mean GC notostraca: all positions=0.449 position1=0.526 position2=0.313 position3=0.508 

** impossible to compute Ks. saturation? **

mean number of non synonymous sites compared: 692.8
mean Ka anostraca: 0.545288
mean Ka notostraca: 0.322023
dKa: 0.223265	standard deviation (sd): 0.0329037	ratio dKa/sd: 6.78542
exact probability (P): 1e-07

equally weighted sequences:
> outgro:
ocin	0.5
tcas	0.5
> cladocera:
dmag	0.333333
dpul	0.333333
etex	0.333333
> notostraca:
lapu	0.125
lart	0.125
lcou	0.125
lubb	0.125
tcan	0.125
tita	0.125
tlon	0.125
tusa	0.125

mean GC outgro: all positions=0.435 position1=0.487 position2=0.294 position3=0.524 
mean GC cladocera: all positions=0.443 position1=0.517 position2=0.288 position3=0.523 
mean GC notostraca: all positions=0.449 position1=0.526 position2=0.313 position3=0.508 

** impossible to compute Ks. saturation? **

mean number of non synonymous sites compared: 696.2
mean Ka cladocera: 0.322604
mean Ka notostraca: 0.322023
dKa: 0.000581287	standard deviation (sd): 0.0140013	ratio dKa/sd: 0.0415167
exact probability (P): 0.966884

