

## treatement of 3 lineages from file OG0006045.phy ##

equally weighted sequences:
> outgro:
ocin	0.5
tcas	0.5
> anostraca:
afra	1
> cladocera:
dpul	0.5
etex	0.5

mean GC outgro: all positions=0.486 position1=0.510 position2=0.438 position3=0.510 
mean GC anostraca: all positions=0.385 position1=0.500 position2=0.365 position3=0.288 
mean GC cladocera: all positions=0.595 position1=0.582 position2=0.438 position3=0.764 

** impossible to compute Ks. saturation? **

mean number of non synonymous sites compared: 205.8
mean Ka anostraca: 0.454019
mean Ka cladocera: 0.407979
dKa: 0.0460394	standard deviation (sd): 0.0466809	ratio dKa/sd: 0.986259
exact probability (P): 0.324011

equally weighted sequences:
> outgro:
ocin	0.5
tcas	0.5
> anostraca:
afra	1
> notostraca:
lapu	0.125
lart	0.125
lcou	0.125
lubb	0.125
tcan	0.125
tita	0.125
tlon	0.125
tusa	0.125

mean GC outgro: all positions=0.486 position1=0.510 position2=0.438 position3=0.510 
mean GC anostraca: all positions=0.385 position1=0.500 position2=0.365 position3=0.288 
mean GC notostraca: all positions=0.528 position1=0.548 position2=0.403 position3=0.632 

** impossible to compute Ks. saturation? **

mean number of non synonymous sites compared: 206.0
mean Ka anostraca: 0.454019
mean Ka notostraca: 0.385066
dKa: 0.0689523	standard deviation (sd): 0.0441781	ratio dKa/sd: 1.56078
exact probability (P): 0.118583

equally weighted sequences:
> outgro:
ocin	0.5
tcas	0.5
> cladocera:
dpul	0.5
etex	0.5
> notostraca:
lapu	0.125
lart	0.125
lcou	0.125
lubb	0.125
tcan	0.125
tita	0.125
tlon	0.125
tusa	0.125

mean GC outgro: all positions=0.486 position1=0.510 position2=0.438 position3=0.510 
mean GC cladocera: all positions=0.595 position1=0.582 position2=0.438 position3=0.764 
mean GC notostraca: all positions=0.528 position1=0.548 position2=0.403 position3=0.632 

** impossible to compute Ks. saturation? **

mean number of non synonymous sites compared: 206.2
mean Ka cladocera: 0.407979
mean Ka notostraca: 0.385066
dKa: 0.0229129	standard deviation (sd): 0.0401559	ratio dKa/sd: 0.570599
exact probability (P): 0.568276

