

## treatement of 3 lineages from file OG0005407.phy ##

equally weighted sequences:
> outgro:
ocin	0.5
tcas	0.5
> anostraca:
afra	1
> cladocera:
dmag	0.333333
dpul	0.333333
etex	0.333333

mean GC outgro: all positions=0.465 position1=0.521 position2=0.260 position3=0.615 
mean GC anostraca: all positions=0.347 position1=0.375 position2=0.333 position3=0.333 
mean GC cladocera: all positions=0.458 position1=0.507 position2=0.326 position3=0.542 

** impossible to compute Ks. saturation? **

mean number of non synonymous sites compared: 91.1
mean Ka anostraca: 0.358752
mean Ka cladocera: 0.217128
dKa: 0.141624	standard deviation (sd): 0.0672827	ratio dKa/sd: 2.10491
exact probability (P): 0.0353075

equally weighted sequences:
> outgro:
ocin	0.5
tcas	0.5
> anostraca:
afra	1
> notostraca:
lapu	0.125
lart	0.125
lcou	0.125
lubb	0.125
tcan	0.125
tita	0.125
tlon	0.125
tusa	0.125

mean GC outgro: all positions=0.465 position1=0.521 position2=0.260 position3=0.615 
mean GC anostraca: all positions=0.347 position1=0.375 position2=0.333 position3=0.333 
mean GC notostraca: all positions=0.462 position1=0.583 position2=0.292 position3=0.510 

** impossible to compute Ks. saturation? **

mean number of non synonymous sites compared: 91.4
mean Ka anostraca: 0.358752
mean Ka notostraca: 0.135143
dKa: 0.223609	standard deviation (sd): 0.0650159	ratio dKa/sd: 3.4393
exact probability (P): 0.000587162

equally weighted sequences:
> outgro:
ocin	0.5
tcas	0.5
> cladocera:
dmag	0.333333
dpul	0.333333
etex	0.333333
> notostraca:
lapu	0.125
lart	0.125
lcou	0.125
lubb	0.125
tcan	0.125
tita	0.125
tlon	0.125
tusa	0.125

mean GC outgro: all positions=0.465 position1=0.521 position2=0.260 position3=0.615 
mean GC cladocera: all positions=0.458 position1=0.507 position2=0.326 position3=0.542 
mean GC notostraca: all positions=0.462 position1=0.583 position2=0.292 position3=0.510 

** impossible to compute Ks. saturation? **

mean number of non synonymous sites compared: 92.3
mean Ka cladocera: 0.217128
mean Ka notostraca: 0.135143
dKa: 0.0819848	standard deviation (sd): 0.0285049	ratio dKa/sd: 2.87616
exact probability (P): 0.00403059

