

## treatement of 3 lineages from file OG0005099.phy ##

equally weighted sequences:
> outgro:
ocin	0.5
tcas	0.5
> anostraca:
afra	1
> cladocera:
dmag	0.333333
dpul	0.333333
etex	0.333333

mean GC outgro: all positions=0.460 position1=0.498 position2=0.465 position3=0.416 
mean GC anostraca: all positions=0.459 position1=0.553 position2=0.437 position3=0.386 
mean GC cladocera: all positions=0.482 position1=0.524 position2=0.448 position3=0.474 

** impossible to compute Ks. saturation? **

mean number of non synonymous sites compared: 430.0
mean Ka anostraca: 0.182991
mean Ka cladocera: 0.132147
dKa: 0.0508443	standard deviation (sd): 0.0190772	ratio dKa/sd: 2.66519
exact probability (P): 0.00770142

equally weighted sequences:
> outgro:
ocin	0.5
tcas	0.5
> anostraca:
afra	1
> notostraca:
lapu	0.125
lart	0.125
lcou	0.125
lubb	0.125
tcan	0.125
tita	0.125
tlon	0.125
tusa	0.125

mean GC outgro: all positions=0.460 position1=0.498 position2=0.465 position3=0.416 
mean GC anostraca: all positions=0.459 position1=0.553 position2=0.437 position3=0.386 
mean GC notostraca: all positions=0.460 position1=0.509 position2=0.442 position3=0.430 

** impossible to compute Ks. saturation? **

mean number of non synonymous sites compared: 428.9
mean Ka anostraca: 0.182991
mean Ka notostraca: 0.111555
dKa: 0.0714365	standard deviation (sd): 0.0177718	ratio dKa/sd: 4.01966
exact probability (P): 5.99737e-05

equally weighted sequences:
> outgro:
ocin	0.5
tcas	0.5
> cladocera:
dmag	0.333333
dpul	0.333333
etex	0.333333
> notostraca:
lapu	0.125
lart	0.125
lcou	0.125
lubb	0.125
tcan	0.125
tita	0.125
tlon	0.125
tusa	0.125

mean GC outgro: all positions=0.460 position1=0.498 position2=0.465 position3=0.416 
mean GC cladocera: all positions=0.482 position1=0.524 position2=0.448 position3=0.474 
mean GC notostraca: all positions=0.460 position1=0.509 position2=0.442 position3=0.430 

** impossible to compute Ks. saturation? **

mean number of non synonymous sites compared: 426.9
mean Ka cladocera: 0.132147
mean Ka notostraca: 0.111555
dKa: 0.0205922	standard deviation (sd): 0.0107348	ratio dKa/sd: 1.91827
exact probability (P): 0.0550859

