

## treatement of 3 lineages from file OG0006103.phy ##

equally weighted sequences:
> outgro:
ocin	0.5
tcas	0.5
> anostraca:
afra	1
> cladocera:
dmag	0.333333
dpul	0.333333
etex	0.333333

mean GC outgro: all positions=0.404 position1=0.482 position2=0.366 position3=0.364 
mean GC anostraca: all positions=0.400 position1=0.454 position2=0.389 position3=0.357 
mean GC cladocera: all positions=0.490 position1=0.525 position2=0.379 position3=0.568 

** impossible to compute Ks. saturation? **

mean number of non synonymous sites compared: 540.6
mean Ka anostraca: 0.359234
mean Ka cladocera: 0.2508
dKa: 0.108434	standard deviation (sd): 0.0257609	ratio dKa/sd: 4.20925
exact probability (P): 2.73559e-05

equally weighted sequences:
> outgro:
ocin	0.5
tcas	0.5
> anostraca:
afra	1
> notostraca:
lapu	0.142857
lart	0.142857
lcou	0.142857
lubb	0.142857
tcan	0.142857
tita	0.142857
tusa	0.142857

mean GC outgro: all positions=0.404 position1=0.482 position2=0.366 position3=0.364 
mean GC anostraca: all positions=0.400 position1=0.454 position2=0.389 position3=0.357 
mean GC notostraca: all positions=0.442 position1=0.504 position2=0.362 position3=0.461 

** impossible to compute Ks. saturation? **

mean number of non synonymous sites compared: 547.3
mean Ka anostraca: 0.359234
mean Ka notostraca: 0.26911
dKa: 0.0901237	standard deviation (sd): 0.0268494	ratio dKa/sd: 3.35664
exact probability (P): 0.000791711

equally weighted sequences:
> outgro:
ocin	0.5
tcas	0.5
> cladocera:
dmag	0.333333
dpul	0.333333
etex	0.333333
> notostraca:
lapu	0.142857
lart	0.142857
lcou	0.142857
lubb	0.142857
tcan	0.142857
tita	0.142857
tusa	0.142857

mean GC outgro: all positions=0.404 position1=0.482 position2=0.366 position3=0.364 
mean GC cladocera: all positions=0.490 position1=0.525 position2=0.379 position3=0.568 
mean GC notostraca: all positions=0.442 position1=0.504 position2=0.362 position3=0.461 

** impossible to compute Ks. saturation? **

mean number of non synonymous sites compared: 538.2
mean Ka cladocera: 0.2508
mean Ka notostraca: 0.26911
dKa: -0.0183105	standard deviation (sd): 0.0165884	ratio dKa/sd: -1.10381
exact probability (P): 0.269682

