

## treatement of 3 lineages from file OG0007573.phy ##

equally weighted sequences:
> outgro:
tcas	1
> anostraca:
afra	1
> cladocera:
dmag	0.333333
dpul	0.333333
etex	0.333333

mean GC outgro: all positions=0.477 position1=0.553 position2=0.423 position3=0.455 
mean GC anostraca: all positions=0.455 position1=0.545 position2=0.455 position3=0.366 
mean GC cladocera: all positions=0.454 position1=0.547 position2=0.436 position3=0.379 

** impossible to compute Ks. saturation? **

mean number of non synonymous sites compared: 246.3
mean Ka anostraca: 0.253671
mean Ka cladocera: 0.0594525
dKa: 0.194218	standard deviation (sd): 0.0318591	ratio dKa/sd: 6.09616
exact probability (P): 1e-07

equally weighted sequences:
> outgro:
tcas	1
> anostraca:
afra	1
> notostraca:
lapu	0.166667
lart	0.166667
lcou	0.166667
tcan	0.166667
tita	0.166667
tusa	0.166667

mean GC outgro: all positions=0.477 position1=0.553 position2=0.423 position3=0.455 
mean GC anostraca: all positions=0.455 position1=0.545 position2=0.455 position3=0.366 
mean GC notostraca: all positions=0.474 position1=0.570 position2=0.430 position3=0.421 

** impossible to compute Ks. saturation? **

mean number of non synonymous sites compared: 248.0
mean Ka anostraca: 0.253671
mean Ka notostraca: 0.0683208
dKa: 0.18535	standard deviation (sd): 0.0320347	ratio dKa/sd: 5.78592
exact probability (P): 1e-07

equally weighted sequences:
> outgro:
tcas	1
> cladocera:
dmag	0.333333
dpul	0.333333
etex	0.333333
> notostraca:
lapu	0.166667
lart	0.166667
lcou	0.166667
tcan	0.166667
tita	0.166667
tusa	0.166667

mean GC outgro: all positions=0.477 position1=0.553 position2=0.423 position3=0.455 
mean GC cladocera: all positions=0.454 position1=0.547 position2=0.436 position3=0.379 
mean GC notostraca: all positions=0.474 position1=0.570 position2=0.430 position3=0.421 

** impossible to compute Ks. saturation? **

mean number of non synonymous sites compared: 244.0
mean Ka cladocera: 0.0594525
mean Ka notostraca: 0.0683208
dKa: -0.00886823	standard deviation (sd): 0.0128587	ratio dKa/sd: -0.689668
exact probability (P): 0.490408

