

## treatement of 3 lineages from file OG0008899.phy ##

equally weighted sequences:
> outgro:
tcas	1
> anostraca:
afra	1
> cladocera:
etex	1

mean GC outgro: all positions=0.358 position1=0.448 position2=0.239 position3=0.388 
mean GC anostraca: all positions=0.403 position1=0.507 position2=0.343 position3=0.358 
mean GC cladocera: all positions=0.473 position1=0.627 position2=0.358 position3=0.433 

** impossible to compute Ks. saturation? **

mean number of non synonymous sites compared: 127.6
mean Ka anostraca: 0.565213
mean Ka cladocera: 0.528602
dKa: 0.0366107	standard deviation (sd): 0.102136	ratio dKa/sd: 0.35845
exact probability (P): 0.720009

equally weighted sequences:
> outgro:
tcas	1
> anostraca:
afra	1
> notostraca:
lapu	0.2
lart	0.2
tcan	0.2
tita	0.2
tlon	0.2

mean GC outgro: all positions=0.358 position1=0.448 position2=0.239 position3=0.388 
mean GC anostraca: all positions=0.403 position1=0.507 position2=0.343 position3=0.358 
mean GC notostraca: all positions=0.462 position1=0.558 position2=0.433 position3=0.394 

** impossible to compute Ks. saturation? **

mean number of non synonymous sites compared: 131.4
mean Ka anostraca: 0.565213
mean Ka notostraca: 0.512049
dKa: 0.0531638	standard deviation (sd): 0.0827107	ratio dKa/sd: 0.642768
exact probability (P): 0.52038

equally weighted sequences:
> outgro:
tcas	1
> cladocera:
etex	1
> notostraca:
lapu	0.2
lart	0.2
tcan	0.2
tita	0.2
tlon	0.2

mean GC outgro: all positions=0.358 position1=0.448 position2=0.239 position3=0.388 
mean GC cladocera: all positions=0.473 position1=0.627 position2=0.358 position3=0.433 
mean GC notostraca: all positions=0.462 position1=0.558 position2=0.433 position3=0.394 

** impossible to compute Ks. saturation? **

mean number of non synonymous sites compared: 131.5
mean Ka cladocera: 0.528602
mean Ka notostraca: 0.512049
dKa: 0.0165531	standard deviation (sd): 0.0783345	ratio dKa/sd: 0.211313
exact probability (P): 0.832644

