

## treatement of 3 lineages from file OG0006340.phy ##

equally weighted sequences:
> outgro:
ocin	0.5
tcas	0.5
> anostraca:
afra	1
> cladocera:
dmag	0.333333
dpul	0.333333
etex	0.333333

mean GC outgro: all positions=0.479 position1=0.511 position2=0.412 position3=0.514 
mean GC anostraca: all positions=0.379 position1=0.483 position2=0.358 position3=0.295 
mean GC cladocera: all positions=0.446 position1=0.473 position2=0.430 position3=0.434 

** impossible to compute Ks. saturation? **

mean number of non synonymous sites compared: 341.7
mean Ka anostraca: 0.412899
mean Ka cladocera: 0.362406
dKa: 0.0504936	standard deviation (sd): 0.0336384	ratio dKa/sd: 1.50107
exact probability (P): 0.133346

equally weighted sequences:
> outgro:
ocin	0.5
tcas	0.5
> anostraca:
afra	1
> notostraca:
lapu	0.142857
lart	0.142857
lcou	0.142857
lubb	0.142857
tcan	0.142857
tita	0.142857
tusa	0.142857

mean GC outgro: all positions=0.479 position1=0.511 position2=0.412 position3=0.514 
mean GC anostraca: all positions=0.379 position1=0.483 position2=0.358 position3=0.295 
mean GC notostraca: all positions=0.486 position1=0.488 position2=0.419 position3=0.550 

** impossible to compute Ks. saturation? **

mean number of non synonymous sites compared: 341.1
mean Ka anostraca: 0.412899
mean Ka notostraca: 0.382222
dKa: 0.0306777	standard deviation (sd): 0.0349808	ratio dKa/sd: 0.876987
exact probability (P): 0.3805

equally weighted sequences:
> outgro:
ocin	0.5
tcas	0.5
> cladocera:
dmag	0.333333
dpul	0.333333
etex	0.333333
> notostraca:
lapu	0.142857
lart	0.142857
lcou	0.142857
lubb	0.142857
tcan	0.142857
tita	0.142857
tusa	0.142857

mean GC outgro: all positions=0.479 position1=0.511 position2=0.412 position3=0.514 
mean GC cladocera: all positions=0.446 position1=0.473 position2=0.430 position3=0.434 
mean GC notostraca: all positions=0.486 position1=0.488 position2=0.419 position3=0.550 

** impossible to compute Ks. saturation? **

mean number of non synonymous sites compared: 342.9
mean Ka cladocera: 0.362406
mean Ka notostraca: 0.382222
dKa: -0.0198159	standard deviation (sd): 0.0281246	ratio dKa/sd: -0.704573
exact probability (P): 0.481081

