

## treatement of 3 lineages from file OG0006084.phy ##

equally weighted sequences:
> outgro:
tcas	1
> anostraca:
afra	1
> cladocera:
dmag	0.333333
dpul	0.333333
etex	0.333333

mean GC outgro: all positions=0.479 position1=0.500 position2=0.426 position3=0.512 
mean GC anostraca: all positions=0.419 position1=0.461 position2=0.461 position3=0.333 
mean GC cladocera: all positions=0.453 position1=0.488 position2=0.448 position3=0.422 

** impossible to compute Ks. saturation? **

mean number of non synonymous sites compared: 518.3
mean Ka anostraca: 0.531813
mean Ka cladocera: 0.349215
dKa: 0.182598	standard deviation (sd): 0.0416376	ratio dKa/sd: 4.38541
exact probability (P): 1.2589e-05

equally weighted sequences:
> outgro:
tcas	1
> anostraca:
afra	1
> notostraca:
lapu	0.125
lart	0.125
lcou	0.125
lubb	0.125
tcan	0.125
tita	0.125
tlon	0.125
tusa	0.125

mean GC outgro: all positions=0.479 position1=0.500 position2=0.426 position3=0.512 
mean GC anostraca: all positions=0.419 position1=0.461 position2=0.461 position3=0.333 
mean GC notostraca: all positions=0.479 position1=0.524 position2=0.449 position3=0.465 

** impossible to compute Ks. saturation? **

mean number of non synonymous sites compared: 518.9
mean Ka anostraca: 0.531813
mean Ka notostraca: 0.341427
dKa: 0.190385	standard deviation (sd): 0.0411037	ratio dKa/sd: 4.63183
exact probability (P): 4.57903e-06

equally weighted sequences:
> outgro:
tcas	1
> cladocera:
dmag	0.333333
dpul	0.333333
etex	0.333333
> notostraca:
lapu	0.125
lart	0.125
lcou	0.125
lubb	0.125
tcan	0.125
tita	0.125
tlon	0.125
tusa	0.125

mean GC outgro: all positions=0.479 position1=0.500 position2=0.426 position3=0.512 
mean GC cladocera: all positions=0.453 position1=0.488 position2=0.448 position3=0.422 
mean GC notostraca: all positions=0.479 position1=0.524 position2=0.449 position3=0.465 

** impossible to compute Ks. saturation? **

mean number of non synonymous sites compared: 522.3
mean Ka cladocera: 0.349215
mean Ka notostraca: 0.341427
dKa: 0.0077875	standard deviation (sd): 0.019922	ratio dKa/sd: 0.390899
exact probability (P): 0.695875

