

## treatement of 3 lineages from file OG0006263.phy ##

equally weighted sequences:
> outgro:
ocin	0.5
tcas	0.5
> anostraca:
afra	1
> cladocera:
dmag	0.5
etex	0.5

mean GC outgro: all positions=0.483 position1=0.485 position2=0.419 position3=0.544 
mean GC anostraca: all positions=0.425 position1=0.526 position2=0.474 position3=0.274 
mean GC cladocera: all positions=0.481 position1=0.519 position2=0.467 position3=0.459 

** impossible to compute Ks. saturation? **

mean number of non synonymous sites compared: 264.4
mean Ka anostraca: 0.292384
mean Ka cladocera: 0.30208
dKa: -0.00969599	standard deviation (sd): 0.0295201	ratio dKa/sd: -0.328454
exact probability (P): 0.742571

equally weighted sequences:
> outgro:
ocin	0.5
tcas	0.5
> anostraca:
afra	1
> notostraca:
lapu	0.125
lart	0.125
lcou	0.125
lubb	0.125
tcan	0.125
tita	0.125
tlon	0.125
tusa	0.125

mean GC outgro: all positions=0.483 position1=0.485 position2=0.419 position3=0.544 
mean GC anostraca: all positions=0.425 position1=0.526 position2=0.474 position3=0.274 
mean GC notostraca: all positions=0.477 position1=0.501 position2=0.456 position3=0.475 

** impossible to compute Ks. saturation? **

mean number of non synonymous sites compared: 266.3
mean Ka anostraca: 0.292384
mean Ka notostraca: 0.281047
dKa: 0.0113372	standard deviation (sd): 0.0271975	ratio dKa/sd: 0.416848
exact probability (P): 0.676792

equally weighted sequences:
> outgro:
ocin	0.5
tcas	0.5
> cladocera:
dmag	0.5
etex	0.5
> notostraca:
lapu	0.125
lart	0.125
lcou	0.125
lubb	0.125
tcan	0.125
tita	0.125
tlon	0.125
tusa	0.125

mean GC outgro: all positions=0.483 position1=0.485 position2=0.419 position3=0.544 
mean GC cladocera: all positions=0.481 position1=0.519 position2=0.467 position3=0.459 
mean GC notostraca: all positions=0.477 position1=0.501 position2=0.456 position3=0.475 

** impossible to compute Ks. saturation? **

mean number of non synonymous sites compared: 265.8
mean Ka cladocera: 0.30208
mean Ka notostraca: 0.281047
dKa: 0.0210332	standard deviation (sd): 0.0185721	ratio dKa/sd: 1.13252
exact probability (P): 0.257423

