

## treatement of 3 lineages from file OG0006973.phy ##

equally weighted sequences:
> outgro:
ocin	1
> anostraca:
afra	1
> cladocera:
dmag	0.5
dpul	0.5

mean GC outgro: all positions=0.424 position1=0.477 position2=0.450 position3=0.344 
mean GC anostraca: all positions=0.397 position1=0.470 position2=0.377 position3=0.344 
mean GC cladocera: all positions=0.389 position1=0.493 position2=0.338 position3=0.334 

** impossible to compute Ks. saturation? **

mean number of non synonymous sites compared: 309.0
mean Ka anostraca: 0.669377
mean Ka cladocera: 0.62163
dKa: 0.0477477	standard deviation (sd): 0.0711374	ratio dKa/sd: 0.671203
exact probability (P): 0.502095

equally weighted sequences:
> outgro:
ocin	1
> anostraca:
afra	1
> notostraca:
lapu	0.125
lart	0.125
lcou	0.125
lubb	0.125
tcan	0.125
tita	0.125
tlon	0.125
tusa	0.125

mean GC outgro: all positions=0.424 position1=0.477 position2=0.450 position3=0.344 
mean GC anostraca: all positions=0.397 position1=0.470 position2=0.377 position3=0.344 
mean GC notostraca: all positions=0.429 position1=0.517 position2=0.401 position3=0.371 

** impossible to compute Ks. saturation? **

mean number of non synonymous sites compared: 298.5
mean Ka anostraca: 0.669377
mean Ka notostraca: 0.543035
dKa: 0.126342	standard deviation (sd): 0.0683942	ratio dKa/sd: 1.84726
exact probability (P): 0.0647174

equally weighted sequences:
> outgro:
ocin	1
> cladocera:
dmag	0.5
dpul	0.5
> notostraca:
lapu	0.125
lart	0.125
lcou	0.125
lubb	0.125
tcan	0.125
tita	0.125
tlon	0.125
tusa	0.125

mean GC outgro: all positions=0.424 position1=0.477 position2=0.450 position3=0.344 
mean GC cladocera: all positions=0.389 position1=0.493 position2=0.338 position3=0.334 
mean GC notostraca: all positions=0.429 position1=0.517 position2=0.401 position3=0.371 

** impossible to compute Ks. saturation? **

mean number of non synonymous sites compared: 301.8
mean Ka cladocera: 0.62163
mean Ka notostraca: 0.543035
dKa: 0.0785944	standard deviation (sd): 0.0575848	ratio dKa/sd: 1.36485
exact probability (P): 0.17231

