

## treatement of 3 lineages from file OG0006914.phy ##

equally weighted sequences:
> outgro:
ocin	0.5
tcas	0.5
> anostraca:
afra	1
> cladocera:
dmag	0.333333
dpul	0.333333
etex	0.333333

mean GC outgro: all positions=0.425 position1=0.500 position2=0.176 position3=0.598 
mean GC anostraca: all positions=0.346 position1=0.510 position2=0.235 position3=0.294 
mean GC cladocera: all positions=0.379 position1=0.477 position2=0.183 position3=0.477 

** impossible to compute Ks. saturation? **

mean number of non synonymous sites compared: 110.5
mean Ka anostraca: 0.430255
mean Ka cladocera: 0.293765
dKa: 0.136491	standard deviation (sd): 0.0760592	ratio dKa/sd: 1.79453
exact probability (P): 0.072736

equally weighted sequences:
> outgro:
ocin	0.5
tcas	0.5
> anostraca:
afra	1
> notostraca:
lapu	0.166667
lart	0.166667
lcou	0.166667
tcan	0.166667
tita	0.166667
tusa	0.166667

mean GC outgro: all positions=0.425 position1=0.500 position2=0.176 position3=0.598 
mean GC anostraca: all positions=0.346 position1=0.510 position2=0.235 position3=0.294 
mean GC notostraca: all positions=0.374 position1=0.402 position2=0.196 position3=0.523 

** impossible to compute Ks. saturation? **

mean number of non synonymous sites compared: 107.9
mean Ka anostraca: 0.430255
mean Ka notostraca: 0.312577
dKa: 0.117678	standard deviation (sd): 0.0796329	ratio dKa/sd: 1.47776
exact probability (P): 0.139481

equally weighted sequences:
> outgro:
ocin	0.5
tcas	0.5
> cladocera:
dmag	0.333333
dpul	0.333333
etex	0.333333
> notostraca:
lapu	0.166667
lart	0.166667
lcou	0.166667
tcan	0.166667
tita	0.166667
tusa	0.166667

mean GC outgro: all positions=0.425 position1=0.500 position2=0.176 position3=0.598 
mean GC cladocera: all positions=0.379 position1=0.477 position2=0.183 position3=0.477 
mean GC notostraca: all positions=0.374 position1=0.402 position2=0.196 position3=0.523 

** impossible to compute Ks. saturation? **

mean number of non synonymous sites compared: 104.0
mean Ka cladocera: 0.293765
mean Ka notostraca: 0.312577
dKa: -0.0188124	standard deviation (sd): 0.0403859	ratio dKa/sd: -0.465816
exact probability (P): 0.641351

