

## treatement of 3 lineages from file OG0005103.phy ##

equally weighted sequences:
> outgro:
ocin	0.5
tcas	0.5
> anostraca:
afra	1
> cladocera:
dmag	0.333333
dpul	0.333333
etex	0.333333

mean GC outgro: all positions=0.402 position1=0.435 position2=0.239 position3=0.533 
mean GC anostraca: all positions=0.355 position1=0.457 position2=0.283 position3=0.326 
mean GC cladocera: all positions=0.394 position1=0.457 position2=0.319 position3=0.406 

** impossible to compute Ks. saturation? **

mean number of non synonymous sites compared: 90.8
mean Ka anostraca: 0.465445
mean Ka cladocera: 0.410597
dKa: 0.0548477	standard deviation (sd): 0.0815945	ratio dKa/sd: 0.672198
exact probability (P): 0.501462

equally weighted sequences:
> outgro:
ocin	0.5
tcas	0.5
> anostraca:
afra	1
> notostraca:
lapu	0.125
lart	0.125
lcou	0.125
lubb	0.125
tcan	0.125
tita	0.125
tlon	0.125
tusa	0.125

mean GC outgro: all positions=0.402 position1=0.435 position2=0.239 position3=0.533 
mean GC anostraca: all positions=0.355 position1=0.457 position2=0.283 position3=0.326 
mean GC notostraca: all positions=0.395 position1=0.416 position2=0.302 position3=0.467 

** impossible to compute Ks. saturation? **

mean number of non synonymous sites compared: 91.0
mean Ka anostraca: 0.465445
mean Ka notostraca: 0.304405
dKa: 0.16104	standard deviation (sd): 0.0779204	ratio dKa/sd: 2.06672
exact probability (P): 0.0387689

equally weighted sequences:
> outgro:
ocin	0.5
tcas	0.5
> cladocera:
dmag	0.333333
dpul	0.333333
etex	0.333333
> notostraca:
lapu	0.125
lart	0.125
lcou	0.125
lubb	0.125
tcan	0.125
tita	0.125
tlon	0.125
tusa	0.125

mean GC outgro: all positions=0.402 position1=0.435 position2=0.239 position3=0.533 
mean GC cladocera: all positions=0.394 position1=0.457 position2=0.319 position3=0.406 
mean GC notostraca: all positions=0.395 position1=0.416 position2=0.302 position3=0.467 

** impossible to compute Ks. saturation? **

mean number of non synonymous sites compared: 92.7
mean Ka cladocera: 0.410597
mean Ka notostraca: 0.304405
dKa: 0.106192	standard deviation (sd): 0.05057	ratio dKa/sd: 2.09991
exact probability (P): 0.0357447

