

## treatement of 3 lineages from file OG0005153.phy ##

equally weighted sequences:
> outgro:
ocin	0.5
tcas	0.5
> anostraca:
afra	1
> cladocera:
dmag	0.333333
dpul	0.333333
etex	0.333333

mean GC outgro: all positions=0.392 position1=0.470 position2=0.315 position3=0.390 
mean GC anostraca: all positions=0.391 position1=0.431 position2=0.328 position3=0.414 
mean GC cladocera: all positions=0.439 position1=0.500 position2=0.336 position3=0.481 

** impossible to compute Ks. saturation? **

mean number of non synonymous sites compared: 460.0
mean Ka anostraca: 0.343596
mean Ka cladocera: 0.333392
dKa: 0.0102033	standard deviation (sd): 0.0248728	ratio dKa/sd: 0.410221
exact probability (P): 0.681647

equally weighted sequences:
> outgro:
ocin	0.5
tcas	0.5
> anostraca:
afra	1
> notostraca:
lapu	0.125
lart	0.125
lcou	0.125
lubb	0.125
tcan	0.125
tita	0.125
tlon	0.125
tusa	0.125

mean GC outgro: all positions=0.392 position1=0.470 position2=0.315 position3=0.390 
mean GC anostraca: all positions=0.391 position1=0.431 position2=0.328 position3=0.414 
mean GC notostraca: all positions=0.450 position1=0.526 position2=0.358 position3=0.464 

** impossible to compute Ks. saturation? **

mean number of non synonymous sites compared: 461.7
mean Ka anostraca: 0.343596
mean Ka notostraca: 0.328061
dKa: 0.015535	standard deviation (sd): 0.0264957	ratio dKa/sd: 0.58632
exact probability (P): 0.557665

equally weighted sequences:
> outgro:
ocin	0.5
tcas	0.5
> cladocera:
dmag	0.333333
dpul	0.333333
etex	0.333333
> notostraca:
lapu	0.125
lart	0.125
lcou	0.125
lubb	0.125
tcan	0.125
tita	0.125
tlon	0.125
tusa	0.125

mean GC outgro: all positions=0.392 position1=0.470 position2=0.315 position3=0.390 
mean GC cladocera: all positions=0.439 position1=0.500 position2=0.336 position3=0.481 
mean GC notostraca: all positions=0.450 position1=0.526 position2=0.358 position3=0.464 

** impossible to compute Ks. saturation? **

mean number of non synonymous sites compared: 465.9
mean Ka cladocera: 0.333392
mean Ka notostraca: 0.328061
dKa: 0.00533166	standard deviation (sd): 0.0214472	ratio dKa/sd: 0.248595
exact probability (P): 0.803676

