

## treatement of 3 lineages from file OG0006142.phy ##

equally weighted sequences:
> outgro:
tcas	1
> anostraca:
afra	1
> cladocera:
dmag	0.333333
dpul	0.333333
etex	0.333333

mean GC outgro: all positions=0.481 position1=0.533 position2=0.320 position3=0.590 
mean GC anostraca: all positions=0.421 position1=0.557 position2=0.336 position3=0.369 
mean GC cladocera: all positions=0.410 position1=0.440 position2=0.303 position3=0.486 

** impossible to compute Ks. saturation? **

mean number of non synonymous sites compared: 242.1
mean Ka anostraca: 0.476343
mean Ka cladocera: 0.378744
dKa: 0.097599	standard deviation (sd): 0.0539292	ratio dKa/sd: 1.80976
exact probability (P): 0.0703413

equally weighted sequences:
> outgro:
tcas	1
> anostraca:
afra	1
> notostraca:
lapu	0.125
lart	0.125
lcou	0.125
lubb	0.125
tcan	0.125
tita	0.125
tlon	0.125
tusa	0.125

mean GC outgro: all positions=0.481 position1=0.533 position2=0.320 position3=0.590 
mean GC anostraca: all positions=0.421 position1=0.557 position2=0.336 position3=0.369 
mean GC notostraca: all positions=0.449 position1=0.534 position2=0.333 position3=0.480 

** impossible to compute Ks. saturation? **

mean number of non synonymous sites compared: 239.8
mean Ka anostraca: 0.476343
mean Ka notostraca: 0.391878
dKa: 0.0844648	standard deviation (sd): 0.0584174	ratio dKa/sd: 1.44588
exact probability (P): 0.148218

equally weighted sequences:
> outgro:
tcas	1
> cladocera:
dmag	0.333333
dpul	0.333333
etex	0.333333
> notostraca:
lapu	0.125
lart	0.125
lcou	0.125
lubb	0.125
tcan	0.125
tita	0.125
tlon	0.125
tusa	0.125

mean GC outgro: all positions=0.481 position1=0.533 position2=0.320 position3=0.590 
mean GC cladocera: all positions=0.410 position1=0.440 position2=0.303 position3=0.486 
mean GC notostraca: all positions=0.449 position1=0.534 position2=0.333 position3=0.480 

** impossible to compute Ks. saturation? **

mean number of non synonymous sites compared: 243.5
mean Ka cladocera: 0.378744
mean Ka notostraca: 0.391878
dKa: -0.0131342	standard deviation (sd): 0.0378782	ratio dKa/sd: -0.346748
exact probability (P): 0.728783

