

## treatement of 3 lineages from file OG0005151.phy ##

equally weighted sequences:
> outgro:
ocin	0.5
tcas	0.5
> anostraca:
afra	1
> cladocera:
dmag	0.333333
dpul	0.333333
etex	0.333333

mean GC outgro: all positions=0.457 position1=0.519 position2=0.398 position3=0.453 
mean GC anostraca: all positions=0.410 position1=0.516 position2=0.374 position3=0.341 
mean GC cladocera: all positions=0.501 position1=0.555 position2=0.401 position3=0.548 

** impossible to compute Ks. saturation? **

mean number of non synonymous sites compared: 350.7
mean Ka anostraca: 0.331341
mean Ka cladocera: 0.280287
dKa: 0.0510536	standard deviation (sd): 0.026652	ratio dKa/sd: 1.91556
exact probability (P): 0.0554293

equally weighted sequences:
> outgro:
ocin	0.5
tcas	0.5
> anostraca:
afra	1
> notostraca:
lapu	0.125
lart	0.125
lcou	0.125
lubb	0.125
tcan	0.125
tita	0.125
tlon	0.125
tusa	0.125

mean GC outgro: all positions=0.457 position1=0.519 position2=0.398 position3=0.453 
mean GC anostraca: all positions=0.410 position1=0.516 position2=0.374 position3=0.341 
mean GC notostraca: all positions=0.499 position1=0.534 position2=0.419 position3=0.543 

** impossible to compute Ks. saturation? **

mean number of non synonymous sites compared: 350.3
mean Ka anostraca: 0.331341
mean Ka notostraca: 0.292207
dKa: 0.0391336	standard deviation (sd): 0.0273393	ratio dKa/sd: 1.43141
exact probability (P): 0.152321

equally weighted sequences:
> outgro:
ocin	0.5
tcas	0.5
> cladocera:
dmag	0.333333
dpul	0.333333
etex	0.333333
> notostraca:
lapu	0.125
lart	0.125
lcou	0.125
lubb	0.125
tcan	0.125
tita	0.125
tlon	0.125
tusa	0.125

mean GC outgro: all positions=0.457 position1=0.519 position2=0.398 position3=0.453 
mean GC cladocera: all positions=0.501 position1=0.555 position2=0.401 position3=0.548 
mean GC notostraca: all positions=0.499 position1=0.534 position2=0.419 position3=0.543 

** impossible to compute Ks. saturation? **

mean number of non synonymous sites compared: 349.9
mean Ka cladocera: 0.280287
mean Ka notostraca: 0.292207
dKa: -0.01192	standard deviation (sd): 0.0181634	ratio dKa/sd: -0.656263
exact probability (P): 0.51166

