

## treatement of 3 lineages from file OG0006123.phy ##

equally weighted sequences:
> outgro:
ocin	0.5
tcas	0.5
> anostraca:
afra	1
> cladocera:
dmag	0.5
etex	0.5

mean GC outgro: all positions=0.472 position1=0.519 position2=0.386 position3=0.512 
mean GC anostraca: all positions=0.419 position1=0.527 position2=0.375 position3=0.355 
mean GC cladocera: all positions=0.510 position1=0.566 position2=0.391 position3=0.574 

** impossible to compute Ks. saturation? **

mean number of non synonymous sites compared: 873.5
mean Ka anostraca: 0.228896
mean Ka cladocera: 0.215696
dKa: 0.0131999	standard deviation (sd): 0.0127724	ratio dKa/sd: 1.03347
exact probability (P): 0.301392

equally weighted sequences:
> outgro:
ocin	0.5
tcas	0.5
> anostraca:
afra	1
> notostraca:
lapu	0.125
lart	0.125
lcou	0.125
lubb	0.125
tcan	0.125
tita	0.125
tlon	0.125
tusa	0.125

mean GC outgro: all positions=0.472 position1=0.519 position2=0.386 position3=0.512 
mean GC anostraca: all positions=0.419 position1=0.527 position2=0.375 position3=0.355 
mean GC notostraca: all positions=0.480 position1=0.545 position2=0.378 position3=0.517 

** impossible to compute Ks. saturation? **

mean number of non synonymous sites compared: 866.6
mean Ka anostraca: 0.228896
mean Ka notostraca: 0.207385
dKa: 0.0215111	standard deviation (sd): 0.0130245	ratio dKa/sd: 1.65158
exact probability (P): 0.0986282

equally weighted sequences:
> outgro:
ocin	0.5
tcas	0.5
> cladocera:
dmag	0.5
etex	0.5
> notostraca:
lapu	0.125
lart	0.125
lcou	0.125
lubb	0.125
tcan	0.125
tita	0.125
tlon	0.125
tusa	0.125

mean GC outgro: all positions=0.472 position1=0.519 position2=0.386 position3=0.512 
mean GC cladocera: all positions=0.510 position1=0.566 position2=0.391 position3=0.574 
mean GC notostraca: all positions=0.480 position1=0.545 position2=0.378 position3=0.517 

** impossible to compute Ks. saturation? **

mean number of non synonymous sites compared: 874.5
mean Ka cladocera: 0.215696
mean Ka notostraca: 0.207385
dKa: 0.00831117	standard deviation (sd): 0.0103299	ratio dKa/sd: 0.804572
exact probability (P): 0.421073

