

## treatement of 3 lineages from file OG0005033.phy ##

equally weighted sequences:
> outgro:
ocin	0.5
tcas	0.5
> anostraca:
afra	1
> cladocera:
dmag	0.333333
dpul	0.333333
etex	0.333333

mean GC outgro: all positions=0.423 position1=0.487 position2=0.346 position3=0.436 
mean GC anostraca: all positions=0.359 position1=0.427 position2=0.325 position3=0.325 
mean GC cladocera: all positions=0.463 position1=0.496 position2=0.370 position3=0.524 

** impossible to compute Ks. saturation? **

mean number of non synonymous sites compared: 226.3
mean Ka anostraca: 0.420905
mean Ka cladocera: 0.326765
dKa: 0.0941407	standard deviation (sd): 0.0483757	ratio dKa/sd: 1.94603
exact probability (P): 0.0516584

equally weighted sequences:
> outgro:
ocin	0.5
tcas	0.5
> anostraca:
afra	1
> notostraca:
lapu	0.125
lart	0.125
lcou	0.125
lubb	0.125
tcan	0.125
tita	0.125
tlon	0.125
tusa	0.125

mean GC outgro: all positions=0.423 position1=0.487 position2=0.346 position3=0.436 
mean GC anostraca: all positions=0.359 position1=0.427 position2=0.325 position3=0.325 
mean GC notostraca: all positions=0.438 position1=0.470 position2=0.387 position3=0.457 

** impossible to compute Ks. saturation? **

mean number of non synonymous sites compared: 226.3
mean Ka anostraca: 0.420905
mean Ka notostraca: 0.285991
dKa: 0.134914	standard deviation (sd): 0.0482183	ratio dKa/sd: 2.79799
exact probability (P): 0.00514813

equally weighted sequences:
> outgro:
ocin	0.5
tcas	0.5
> cladocera:
dmag	0.333333
dpul	0.333333
etex	0.333333
> notostraca:
lapu	0.125
lart	0.125
lcou	0.125
lubb	0.125
tcan	0.125
tita	0.125
tlon	0.125
tusa	0.125

mean GC outgro: all positions=0.423 position1=0.487 position2=0.346 position3=0.436 
mean GC cladocera: all positions=0.463 position1=0.496 position2=0.370 position3=0.524 
mean GC notostraca: all positions=0.438 position1=0.470 position2=0.387 position3=0.457 

** impossible to compute Ks. saturation? **

mean number of non synonymous sites compared: 227.4
mean Ka cladocera: 0.326765
mean Ka notostraca: 0.285991
dKa: 0.0407735	standard deviation (sd): 0.0317898	ratio dKa/sd: 1.2826
exact probability (P): 0.199642

