

## treatement of 3 lineages from file OG0005123.phy ##

equally weighted sequences:
> outgro:
ocin	0.5
tcas	0.5
> anostraca:
afra	1
> cladocera:
dmag	0.333333
dpul	0.333333
etex	0.333333

mean GC outgro: all positions=0.457 position1=0.423 position2=0.413 position3=0.537 
mean GC anostraca: all positions=0.412 position1=0.456 position2=0.423 position3=0.356 
mean GC cladocera: all positions=0.435 position1=0.432 position2=0.427 position3=0.445 

** impossible to compute Ks. saturation? **

mean number of non synonymous sites compared: 304.0
mean Ka anostraca: 0.496956
mean Ka cladocera: 0.497009
dKa: -5.31724e-05	standard deviation (sd): 0.0377289	ratio dKa/sd: -0.00140933
exact probability (P): 0.998876

equally weighted sequences:
> outgro:
ocin	0.5
tcas	0.5
> anostraca:
afra	1
> notostraca:
lapu	0.125
lart	0.125
lcou	0.125
lubb	0.125
tcan	0.125
tita	0.125
tlon	0.125
tusa	0.125

mean GC outgro: all positions=0.457 position1=0.423 position2=0.413 position3=0.537 
mean GC anostraca: all positions=0.412 position1=0.456 position2=0.423 position3=0.356 
mean GC notostraca: all positions=0.483 position1=0.451 position2=0.435 position3=0.565 

** impossible to compute Ks. saturation? **

mean number of non synonymous sites compared: 308.0
mean Ka anostraca: 0.496956
mean Ka notostraca: 0.554843
dKa: -0.0578868	standard deviation (sd): 0.0441228	ratio dKa/sd: -1.31195
exact probability (P): 0.189545

equally weighted sequences:
> outgro:
ocin	0.5
tcas	0.5
> cladocera:
dmag	0.333333
dpul	0.333333
etex	0.333333
> notostraca:
lapu	0.125
lart	0.125
lcou	0.125
lubb	0.125
tcan	0.125
tita	0.125
tlon	0.125
tusa	0.125

mean GC outgro: all positions=0.457 position1=0.423 position2=0.413 position3=0.537 
mean GC cladocera: all positions=0.435 position1=0.432 position2=0.427 position3=0.445 
mean GC notostraca: all positions=0.483 position1=0.451 position2=0.435 position3=0.565 

** impossible to compute Ks. saturation? **

mean number of non synonymous sites compared: 307.3
mean Ka cladocera: 0.497009
mean Ka notostraca: 0.554843
dKa: -0.0578337	standard deviation (sd): 0.03589	ratio dKa/sd: -1.61142
exact probability (P): 0.107097

