

## treatement of 3 lineages from file OG0005487.phy ##

equally weighted sequences:
> outgro:
ocin	0.5
tcas	0.5
> anostraca:
afra	1
> cladocera:
dmag	0.333333
dpul	0.333333
etex	0.333333

mean GC outgro: all positions=0.408 position1=0.433 position2=0.358 position3=0.433 
mean GC anostraca: all positions=0.378 position1=0.367 position2=0.433 position3=0.333 
mean GC cladocera: all positions=0.391 position1=0.428 position2=0.361 position3=0.383 

** impossible to compute Ks. saturation? **

mean number of non synonymous sites compared: 124.6
mean Ka anostraca: 0.925787
mean Ka cladocera: 0.432918
dKa: 0.492869	standard deviation (sd): 0.133118	ratio dKa/sd: 3.7025
exact probability (P): 0.000215696

equally weighted sequences:
> outgro:
ocin	0.5
tcas	0.5
> anostraca:
afra	1
> notostraca:
lapu	0.125
lart	0.125
lcou	0.125
lubb	0.125
tcan	0.125
tita	0.125
tlon	0.125
tusa	0.125

mean GC outgro: all positions=0.408 position1=0.433 position2=0.358 position3=0.433 
mean GC anostraca: all positions=0.378 position1=0.367 position2=0.433 position3=0.333 
mean GC notostraca: all positions=0.440 position1=0.525 position2=0.371 position3=0.423 

** impossible to compute Ks. saturation? **

mean number of non synonymous sites compared: 127.4
mean Ka anostraca: 0.925787
mean Ka notostraca: 0.423963
dKa: 0.501824	standard deviation (sd): 0.130069	ratio dKa/sd: 3.85814
exact probability (P): 0.000116424

equally weighted sequences:
> outgro:
ocin	0.5
tcas	0.5
> cladocera:
dmag	0.333333
dpul	0.333333
etex	0.333333
> notostraca:
lapu	0.125
lart	0.125
lcou	0.125
lubb	0.125
tcan	0.125
tita	0.125
tlon	0.125
tusa	0.125

mean GC outgro: all positions=0.408 position1=0.433 position2=0.358 position3=0.433 
mean GC cladocera: all positions=0.391 position1=0.428 position2=0.361 position3=0.383 
mean GC notostraca: all positions=0.440 position1=0.525 position2=0.371 position3=0.423 

** impossible to compute Ks. saturation? **

mean number of non synonymous sites compared: 120.7
mean Ka cladocera: 0.432918
mean Ka notostraca: 0.423963
dKa: 0.00895537	standard deviation (sd): 0.0561201	ratio dKa/sd: 0.159575
exact probability (P): 0.873217

