

## treatement of 3 lineages from file OG0005539.phy ##

equally weighted sequences:
> outgro:
ocin	0.5
tcas	0.5
> anostraca:
afra	1
> cladocera:
dmag	0.333333
dpul	0.333333
etex	0.333333

mean GC outgro: all positions=0.453 position1=0.522 position2=0.353 position3=0.484 
mean GC anostraca: all positions=0.431 position1=0.511 position2=0.370 position3=0.413 
mean GC cladocera: all positions=0.477 position1=0.525 position2=0.366 position3=0.540 

** impossible to compute Ks. saturation? **

mean number of non synonymous sites compared: 182.0
mean Ka anostraca: 0.140069
mean Ka cladocera: 0.140575
dKa: -0.00050548	standard deviation (sd): 0.0198955	ratio dKa/sd: -0.0254068
exact probability (P): 0.979731

equally weighted sequences:
> outgro:
ocin	0.5
tcas	0.5
> anostraca:
afra	1
> notostraca:
lapu	0.125
lart	0.125
lcou	0.125
lubb	0.125
tcan	0.125
tita	0.125
tlon	0.125
tusa	0.125

mean GC outgro: all positions=0.453 position1=0.522 position2=0.353 position3=0.484 
mean GC anostraca: all positions=0.431 position1=0.511 position2=0.370 position3=0.413 
mean GC notostraca: all positions=0.493 position1=0.505 position2=0.368 position3=0.605 

** impossible to compute Ks. saturation? **

mean number of non synonymous sites compared: 182.5
mean Ka anostraca: 0.140069
mean Ka notostraca: 0.151365
dKa: -0.0112963	standard deviation (sd): 0.0228552	ratio dKa/sd: -0.494256
exact probability (P): 0.621129

equally weighted sequences:
> outgro:
ocin	0.5
tcas	0.5
> cladocera:
dmag	0.333333
dpul	0.333333
etex	0.333333
> notostraca:
lapu	0.125
lart	0.125
lcou	0.125
lubb	0.125
tcan	0.125
tita	0.125
tlon	0.125
tusa	0.125

mean GC outgro: all positions=0.453 position1=0.522 position2=0.353 position3=0.484 
mean GC cladocera: all positions=0.477 position1=0.525 position2=0.366 position3=0.540 
mean GC notostraca: all positions=0.493 position1=0.505 position2=0.368 position3=0.605 

** impossible to compute Ks. saturation? **

mean number of non synonymous sites compared: 183.0
mean Ka cladocera: 0.140575
mean Ka notostraca: 0.151365
dKa: -0.0107909	standard deviation (sd): 0.0187753	ratio dKa/sd: -0.574736
exact probability (P): 0.565474

