

## treatement of 3 lineages from file OG0007974.phy ##

equally weighted sequences:
> outgro:
ocin	0.5
tcas	0.5
> anostraca:
afra	1
> cladocera:
dmag	0.5
etex	0.5

mean GC outgro: all positions=0.430 position1=0.464 position2=0.297 position3=0.529 
mean GC anostraca: all positions=0.411 position1=0.391 position2=0.319 position3=0.522 
mean GC cladocera: all positions=0.478 position1=0.478 position2=0.275 position3=0.681 

** impossible to compute Ks. saturation? **

mean number of non synonymous sites compared: 133.6
mean Ka anostraca: 0.19257
mean Ka cladocera: 0.069945
dKa: 0.122625	standard deviation (sd): 0.0316816	ratio dKa/sd: 3.87054
exact probability (P): 0.000109996

equally weighted sequences:
> outgro:
ocin	0.5
tcas	0.5
> anostraca:
afra	1
> notostraca:
lcou	0.2
lubb	0.2
tcan	0.2
tita	0.2
tusa	0.2

mean GC outgro: all positions=0.430 position1=0.464 position2=0.297 position3=0.529 
mean GC anostraca: all positions=0.411 position1=0.391 position2=0.319 position3=0.522 
mean GC notostraca: all positions=0.463 position1=0.412 position2=0.275 position3=0.701 

** impossible to compute Ks. saturation? **

mean number of non synonymous sites compared: 133.7
mean Ka anostraca: 0.19257
mean Ka notostraca: 0.0753785
dKa: 0.117191	standard deviation (sd): 0.0317758	ratio dKa/sd: 3.68808
exact probability (P): 0.000229149

equally weighted sequences:
> outgro:
ocin	0.5
tcas	0.5
> cladocera:
dmag	0.5
etex	0.5
> notostraca:
lcou	0.2
lubb	0.2
tcan	0.2
tita	0.2
tusa	0.2

mean GC outgro: all positions=0.430 position1=0.464 position2=0.297 position3=0.529 
mean GC cladocera: all positions=0.478 position1=0.478 position2=0.275 position3=0.681 
mean GC notostraca: all positions=0.463 position1=0.412 position2=0.275 position3=0.701 

** impossible to compute Ks. saturation? **

mean number of non synonymous sites compared: 132.4
mean Ka cladocera: 0.069945
mean Ka notostraca: 0.0753785
dKa: -0.00543347	standard deviation (sd): 0.00533257	ratio dKa/sd: -1.01892
exact probability (P): 0.308245

