

## treatement of 3 lineages from file OG0006328.phy ##

equally weighted sequences:
> outgro:
ocin	1
> anostraca:
afra	1
> cladocera:
dmag	0.333333
dpul	0.333333
etex	0.333333

mean GC outgro: all positions=0.421 position1=0.571 position2=0.338 position3=0.353 
mean GC anostraca: all positions=0.541 position1=0.669 position2=0.361 position3=0.594 
mean GC cladocera: all positions=0.434 position1=0.594 position2=0.343 position3=0.363 

** impossible to compute Ks. saturation? **

mean number of non synonymous sites compared: 257.4
mean Ka anostraca: 0.285545
mean Ka cladocera: 0.219714
dKa: 0.0658306	standard deviation (sd): 0.0387175	ratio dKa/sd: 1.70028
exact probability (P): 0.0890868

equally weighted sequences:
> outgro:
ocin	1
> anostraca:
afra	1
> notostraca:
lapu	0.125
lart	0.125
lcou	0.125
lubb	0.125
tcan	0.125
tita	0.125
tlon	0.125
tusa	0.125

mean GC outgro: all positions=0.421 position1=0.571 position2=0.338 position3=0.353 
mean GC anostraca: all positions=0.541 position1=0.669 position2=0.361 position3=0.594 
mean GC notostraca: all positions=0.480 position1=0.610 position2=0.373 position3=0.456 

** impossible to compute Ks. saturation? **

mean number of non synonymous sites compared: 258.6
mean Ka anostraca: 0.285545
mean Ka notostraca: 0.19907
dKa: 0.0864752	standard deviation (sd): 0.0383816	ratio dKa/sd: 2.25304
exact probability (P): 0.024265

equally weighted sequences:
> outgro:
ocin	1
> cladocera:
dmag	0.333333
dpul	0.333333
etex	0.333333
> notostraca:
lapu	0.125
lart	0.125
lcou	0.125
lubb	0.125
tcan	0.125
tita	0.125
tlon	0.125
tusa	0.125

mean GC outgro: all positions=0.421 position1=0.571 position2=0.338 position3=0.353 
mean GC cladocera: all positions=0.434 position1=0.594 position2=0.343 position3=0.363 
mean GC notostraca: all positions=0.480 position1=0.610 position2=0.373 position3=0.456 

** impossible to compute Ks. saturation? **

mean number of non synonymous sites compared: 256.4
mean Ka cladocera: 0.219714
mean Ka notostraca: 0.19907
dKa: 0.0206446	standard deviation (sd): 0.0231678	ratio dKa/sd: 0.89109
exact probability (P): 0.372886

