

## treatement of 3 lineages from file OG0006174.phy ##

equally weighted sequences:
> outgro:
ocin	0.5
tcas	0.5
> anostraca:
afra	1
> cladocera:
dmag	0.333333
dpul	0.333333
etex	0.333333

mean GC outgro: all positions=0.440 position1=0.504 position2=0.425 position3=0.392 
mean GC anostraca: all positions=0.430 position1=0.507 position2=0.485 position3=0.299 
mean GC cladocera: all positions=0.453 position1=0.582 position2=0.381 position3=0.396 

** impossible to compute Ks. saturation? **

mean number of non synonymous sites compared: 269.2
mean Ka anostraca: 0.650646
mean Ka cladocera: 0.680797
dKa: -0.030151	standard deviation (sd): 0.0625416	ratio dKa/sd: -0.482095
exact probability (P): 0.629742

equally weighted sequences:
> outgro:
ocin	0.5
tcas	0.5
> anostraca:
afra	1
> notostraca:
lapu	0.142857
lart	0.142857
lcou	0.142857
lubb	0.142857
tcan	0.142857
tlon	0.142857
tusa	0.142857

mean GC outgro: all positions=0.440 position1=0.504 position2=0.425 position3=0.392 
mean GC anostraca: all positions=0.430 position1=0.507 position2=0.485 position3=0.299 
mean GC notostraca: all positions=0.504 position1=0.574 position2=0.457 position3=0.482 

** impossible to compute Ks. saturation? **

mean number of non synonymous sites compared: 271.7
mean Ka anostraca: 0.650646
mean Ka notostraca: 0.715343
dKa: -0.0646972	standard deviation (sd): 0.0683544	ratio dKa/sd: -0.946496
exact probability (P): 0.343902

equally weighted sequences:
> outgro:
ocin	0.5
tcas	0.5
> cladocera:
dmag	0.333333
dpul	0.333333
etex	0.333333
> notostraca:
lapu	0.142857
lart	0.142857
lcou	0.142857
lubb	0.142857
tcan	0.142857
tlon	0.142857
tusa	0.142857

mean GC outgro: all positions=0.440 position1=0.504 position2=0.425 position3=0.392 
mean GC cladocera: all positions=0.453 position1=0.582 position2=0.381 position3=0.396 
mean GC notostraca: all positions=0.504 position1=0.574 position2=0.457 position3=0.482 

** impossible to compute Ks. saturation? **

mean number of non synonymous sites compared: 272.2
mean Ka cladocera: 0.680797
mean Ka notostraca: 0.715343
dKa: -0.0345462	standard deviation (sd): 0.0488388	ratio dKa/sd: -0.707352
exact probability (P): 0.479352

