

## treatement of 3 lineages from file OG0005373.phy ##

equally weighted sequences:
> outgro:
ocin	0.5
tcas	0.5
> anostraca:
afra	1
> cladocera:
dmag	0.333333
dpul	0.333333
etex	0.333333

mean GC outgro: all positions=0.481 position1=0.559 position2=0.342 position3=0.543 
mean GC anostraca: all positions=0.402 position1=0.488 position2=0.355 position3=0.363 
mean GC cladocera: all positions=0.457 position1=0.526 position2=0.327 position3=0.520 

** impossible to compute Ks. saturation? **

mean number of non synonymous sites compared: 492.4
mean Ka anostraca: 0.506724
mean Ka cladocera: 0.428738
dKa: 0.0779857	standard deviation (sd): 0.0324406	ratio dKa/sd: 2.40396
exact probability (P): 0.0162261

equally weighted sequences:
> outgro:
ocin	0.5
tcas	0.5
> anostraca:
afra	1
> notostraca:
lapu	0.125
lart	0.125
lcou	0.125
lubb	0.125
tcan	0.125
tita	0.125
tlon	0.125
tusa	0.125

mean GC outgro: all positions=0.481 position1=0.559 position2=0.342 position3=0.543 
mean GC anostraca: all positions=0.402 position1=0.488 position2=0.355 position3=0.363 
mean GC notostraca: all positions=0.439 position1=0.556 position2=0.321 position3=0.441 

** impossible to compute Ks. saturation? **

mean number of non synonymous sites compared: 487.7
mean Ka anostraca: 0.506724
mean Ka notostraca: 0.421154
dKa: 0.0855702	standard deviation (sd): 0.0356289	ratio dKa/sd: 2.40171
exact probability (P): 0.0163266

equally weighted sequences:
> outgro:
ocin	0.5
tcas	0.5
> cladocera:
dmag	0.333333
dpul	0.333333
etex	0.333333
> notostraca:
lapu	0.125
lart	0.125
lcou	0.125
lubb	0.125
tcan	0.125
tita	0.125
tlon	0.125
tusa	0.125

mean GC outgro: all positions=0.481 position1=0.559 position2=0.342 position3=0.543 
mean GC cladocera: all positions=0.457 position1=0.526 position2=0.327 position3=0.520 
mean GC notostraca: all positions=0.439 position1=0.556 position2=0.321 position3=0.441 

** impossible to compute Ks. saturation? **

mean number of non synonymous sites compared: 493.9
mean Ka cladocera: 0.428738
mean Ka notostraca: 0.421154
dKa: 0.00758447	standard deviation (sd): 0.0239045	ratio dKa/sd: 0.317282
exact probability (P): 0.751032

