

## treatement of 3 lineages from file OG0008016.phy ##

equally weighted sequences:
> outgro:
ocin	1
> anostraca:
afra	1
> cladocera:
etex	1

mean GC outgro: all positions=0.456 position1=0.531 position2=0.407 position3=0.432 
mean GC anostraca: all positions=0.432 position1=0.531 position2=0.427 position3=0.336 
mean GC cladocera: all positions=0.516 position1=0.535 position2=0.423 position3=0.589 

** impossible to compute Ks. saturation? **

mean number of non synonymous sites compared: 481.8
mean Ka anostraca: 0.413869
mean Ka cladocera: 1.03616
dKa: -0.622291	standard deviation (sd): 0.0996445	ratio dKa/sd: -6.24511
exact probability (P): 1e-07

equally weighted sequences:
> outgro:
ocin	1
> anostraca:
afra	1
> notostraca:
lart	0.142857
lcou	0.142857
lubb	0.142857
tcan	0.142857
tita	0.142857
tlon	0.142857
tusa	0.142857

mean GC outgro: all positions=0.456 position1=0.531 position2=0.407 position3=0.432 
mean GC anostraca: all positions=0.432 position1=0.531 position2=0.427 position3=0.336 
mean GC notostraca: all positions=0.486 position1=0.497 position2=0.421 position3=0.539 

** impossible to compute Ks. saturation? **

mean number of non synonymous sites compared: 481.2
mean Ka anostraca: 0.413869
mean Ka notostraca: 1.0304
dKa: -0.616528	standard deviation (sd): 0.0889029	ratio dKa/sd: -6.93484
exact probability (P): 1e-07

equally weighted sequences:
> outgro:
ocin	1
> cladocera:
etex	1
> notostraca:
lart	0.142857
lcou	0.142857
lubb	0.142857
tcan	0.142857
tita	0.142857
tlon	0.142857
tusa	0.142857

mean GC outgro: all positions=0.456 position1=0.531 position2=0.407 position3=0.432 
mean GC cladocera: all positions=0.516 position1=0.535 position2=0.423 position3=0.589 
mean GC notostraca: all positions=0.486 position1=0.497 position2=0.421 position3=0.539 

** impossible to compute Ks. saturation? **

mean number of non synonymous sites compared: 483.4
mean Ka cladocera: 1.03616
mean Ka notostraca: 1.0304
dKa: 0.00576302	standard deviation (sd): 0.0775997	ratio dKa/sd: 0.074266
exact probability (P): 0.940799

