

## treatement of 3 lineages from file OG0008436.phy ##

equally weighted sequences:
> outgro:
tcas	1
> anostraca:
afra	1
> cladocera:
dmag	0.5
dpul	0.5

mean GC outgro: all positions=0.422 position1=0.471 position2=0.320 position3=0.475 
mean GC anostraca: all positions=0.423 position1=0.522 position2=0.338 position3=0.410 
mean GC cladocera: all positions=0.450 position1=0.505 position2=0.387 position3=0.459 

** impossible to compute Ks. saturation? **

mean number of non synonymous sites compared: 549.1
mean Ka anostraca: 0.504466
mean Ka cladocera: 0.424127
dKa: 0.0803398	standard deviation (sd): 0.0368325	ratio dKa/sd: 2.18122
exact probability (P): 0.0291756

equally weighted sequences:
> outgro:
tcas	1
> anostraca:
afra	1
> notostraca:
lart	0.2
lcou	0.2
tcan	0.2
tita	0.2
tusa	0.2

mean GC outgro: all positions=0.422 position1=0.471 position2=0.320 position3=0.475 
mean GC anostraca: all positions=0.423 position1=0.522 position2=0.338 position3=0.410 
mean GC notostraca: all positions=0.511 position1=0.541 position2=0.423 position3=0.569 

** impossible to compute Ks. saturation? **

mean number of non synonymous sites compared: 545.5
mean Ka anostraca: 0.504466
mean Ka notostraca: 0.464451
dKa: 0.0400156	standard deviation (sd): 0.03769	ratio dKa/sd: 1.0617
exact probability (P): 0.288376

equally weighted sequences:
> outgro:
tcas	1
> cladocera:
dmag	0.5
dpul	0.5
> notostraca:
lart	0.2
lcou	0.2
tcan	0.2
tita	0.2
tusa	0.2

mean GC outgro: all positions=0.422 position1=0.471 position2=0.320 position3=0.475 
mean GC cladocera: all positions=0.450 position1=0.505 position2=0.387 position3=0.459 
mean GC notostraca: all positions=0.511 position1=0.541 position2=0.423 position3=0.569 

** impossible to compute Ks. saturation? **

mean number of non synonymous sites compared: 528.6
mean Ka cladocera: 0.424127
mean Ka notostraca: 0.464451
dKa: -0.0403241	standard deviation (sd): 0.0310991	ratio dKa/sd: -1.29663
exact probability (P): 0.194765

