

## treatement of 3 lineages from file OG0006300.phy ##

equally weighted sequences:
> outgro:
ocin	0.5
tcas	0.5
> anostraca:
afra	1
> cladocera:
dmag	0.5
dpul	0.5

mean GC outgro: all positions=0.428 position1=0.492 position2=0.387 position3=0.406 
mean GC anostraca: all positions=0.391 position1=0.445 position2=0.406 position3=0.320 
mean GC cladocera: all positions=0.402 position1=0.480 position2=0.379 position3=0.348 

** impossible to compute Ks. saturation? **

mean number of non synonymous sites compared: 255.4
mean Ka anostraca: 0.376642
mean Ka cladocera: 0.340547
dKa: 0.036095	standard deviation (sd): 0.0419759	ratio dKa/sd: 0.859899
exact probability (P): 0.389851

equally weighted sequences:
> outgro:
ocin	0.5
tcas	0.5
> anostraca:
afra	1
> notostraca:
lapu	0.125
lart	0.125
lcou	0.125
lubb	0.125
tcan	0.125
tita	0.125
tlon	0.125
tusa	0.125

mean GC outgro: all positions=0.428 position1=0.492 position2=0.387 position3=0.406 
mean GC anostraca: all positions=0.391 position1=0.445 position2=0.406 position3=0.320 
mean GC notostraca: all positions=0.458 position1=0.516 position2=0.447 position3=0.412 

** impossible to compute Ks. saturation? **

mean number of non synonymous sites compared: 255.9
mean Ka anostraca: 0.376642
mean Ka notostraca: 0.355793
dKa: 0.0208495	standard deviation (sd): 0.0398058	ratio dKa/sd: 0.523781
exact probability (P): 0.600434

equally weighted sequences:
> outgro:
ocin	0.5
tcas	0.5
> cladocera:
dmag	0.5
dpul	0.5
> notostraca:
lapu	0.125
lart	0.125
lcou	0.125
lubb	0.125
tcan	0.125
tita	0.125
tlon	0.125
tusa	0.125

mean GC outgro: all positions=0.428 position1=0.492 position2=0.387 position3=0.406 
mean GC cladocera: all positions=0.402 position1=0.480 position2=0.379 position3=0.348 
mean GC notostraca: all positions=0.458 position1=0.516 position2=0.447 position3=0.412 

** impossible to compute Ks. saturation? **

mean number of non synonymous sites compared: 253.3
mean Ka cladocera: 0.340547
mean Ka notostraca: 0.355793
dKa: -0.0152455	standard deviation (sd): 0.0298124	ratio dKa/sd: -0.511381
exact probability (P): 0.609088

