

## treatement of 3 lineages from file OG0005439.phy ##

equally weighted sequences:
> outgro:
ocin	0.5
tcas	0.5
> anostraca:
afra	1
> cladocera:
dmag	0.333333
dpul	0.333333
etex	0.333333

mean GC outgro: all positions=0.486 position1=0.517 position2=0.375 position3=0.566 
mean GC anostraca: all positions=0.414 position1=0.502 position2=0.367 position3=0.375 
mean GC cladocera: all positions=0.475 position1=0.568 position2=0.380 position3=0.477 

** impossible to compute Ks. saturation? **

mean number of non synonymous sites compared: 494.5
mean Ka anostraca: 0.133492
mean Ka cladocera: 0.143646
dKa: -0.0101539	standard deviation (sd): 0.0154416	ratio dKa/sd: -0.657568
exact probability (P): 0.510821

equally weighted sequences:
> outgro:
ocin	0.5
tcas	0.5
> anostraca:
afra	1
> notostraca:
lapu	0.125
lart	0.125
lcou	0.125
lubb	0.125
tcan	0.125
tita	0.125
tlon	0.125
tusa	0.125

mean GC outgro: all positions=0.486 position1=0.517 position2=0.375 position3=0.566 
mean GC anostraca: all positions=0.414 position1=0.502 position2=0.367 position3=0.375 
mean GC notostraca: all positions=0.473 position1=0.505 position2=0.373 position3=0.541 

** impossible to compute Ks. saturation? **

mean number of non synonymous sites compared: 494.6
mean Ka anostraca: 0.133492
mean Ka notostraca: 0.160887
dKa: -0.0273944	standard deviation (sd): 0.0175545	ratio dKa/sd: -1.56054
exact probability (P): 0.11864

equally weighted sequences:
> outgro:
ocin	0.5
tcas	0.5
> cladocera:
dmag	0.333333
dpul	0.333333
etex	0.333333
> notostraca:
lapu	0.125
lart	0.125
lcou	0.125
lubb	0.125
tcan	0.125
tita	0.125
tlon	0.125
tusa	0.125

mean GC outgro: all positions=0.486 position1=0.517 position2=0.375 position3=0.566 
mean GC cladocera: all positions=0.475 position1=0.568 position2=0.380 position3=0.477 
mean GC notostraca: all positions=0.473 position1=0.505 position2=0.373 position3=0.541 

** impossible to compute Ks. saturation? **

mean number of non synonymous sites compared: 497.2
mean Ka cladocera: 0.143646
mean Ka notostraca: 0.160887
dKa: -0.0172405	standard deviation (sd): 0.0146379	ratio dKa/sd: -1.1778
exact probability (P): 0.238884

