

## treatement of 3 lineages from file OG0005255.phy ##

equally weighted sequences:
> outgro:
ocin	0.5
tcas	0.5
> anostraca:
afra	1
> cladocera:
dmag	0.333333
dpul	0.333333
etex	0.333333

mean GC outgro: all positions=0.481 position1=0.535 position2=0.390 position3=0.519 
mean GC anostraca: all positions=0.376 position1=0.463 position2=0.368 position3=0.298 
mean GC cladocera: all positions=0.425 position1=0.522 position2=0.368 position3=0.384 

** impossible to compute Ks. saturation? **

mean number of non synonymous sites compared: 486.3
mean Ka anostraca: 0.291174
mean Ka cladocera: 0.283352
dKa: 0.00782201	standard deviation (sd): 0.0222183	ratio dKa/sd: 0.352053
exact probability (P): 0.724801

equally weighted sequences:
> outgro:
ocin	0.5
tcas	0.5
> anostraca:
afra	1
> notostraca:
lapu	0.125
lart	0.125
lcou	0.125
lubb	0.125
tcan	0.125
tita	0.125
tlon	0.125
tusa	0.125

mean GC outgro: all positions=0.481 position1=0.535 position2=0.390 position3=0.519 
mean GC anostraca: all positions=0.376 position1=0.463 position2=0.368 position3=0.298 
mean GC notostraca: all positions=0.478 position1=0.528 position2=0.383 position3=0.521 

** impossible to compute Ks. saturation? **

mean number of non synonymous sites compared: 483.9
mean Ka anostraca: 0.291174
mean Ka notostraca: 0.257007
dKa: 0.0341664	standard deviation (sd): 0.0221479	ratio dKa/sd: 1.54265
exact probability (P): 0.122925

equally weighted sequences:
> outgro:
ocin	0.5
tcas	0.5
> cladocera:
dmag	0.333333
dpul	0.333333
etex	0.333333
> notostraca:
lapu	0.125
lart	0.125
lcou	0.125
lubb	0.125
tcan	0.125
tita	0.125
tlon	0.125
tusa	0.125

mean GC outgro: all positions=0.481 position1=0.535 position2=0.390 position3=0.519 
mean GC cladocera: all positions=0.425 position1=0.522 position2=0.368 position3=0.384 
mean GC notostraca: all positions=0.478 position1=0.528 position2=0.383 position3=0.521 

** impossible to compute Ks. saturation? **

mean number of non synonymous sites compared: 486.2
mean Ka cladocera: 0.283352
mean Ka notostraca: 0.257007
dKa: 0.0263444	standard deviation (sd): 0.0180478	ratio dKa/sd: 1.4597
exact probability (P): 0.14438

