

## treatement of 3 lineages from file OG0008860.phy ##

equally weighted sequences:
> outgro:
ocin	0.5
tcas	0.5
> anostraca:
afra	1
> cladocera:
dmag	0.333333
dpul	0.333333
etex	0.333333

mean GC outgro: all positions=0.440 position1=0.426 position2=0.372 position3=0.521 
mean GC anostraca: all positions=0.390 position1=0.362 position2=0.447 position3=0.362 
mean GC cladocera: all positions=0.487 position1=0.433 position2=0.362 position3=0.667 

** impossible to compute Ks. saturation? **

mean number of non synonymous sites compared: 87.4
mean Ka anostraca: 0.14734
mean Ka cladocera: 0.0282503
dKa: 0.11909	standard deviation (sd): 0.042149	ratio dKa/sd: 2.82545
exact probability (P): 0.0047263

equally weighted sequences:
> outgro:
ocin	0.5
tcas	0.5
> anostraca:
afra	1
> notostraca:
lapu	0.5
lubb	0.5

mean GC outgro: all positions=0.440 position1=0.426 position2=0.372 position3=0.521 
mean GC anostraca: all positions=0.390 position1=0.362 position2=0.447 position3=0.362 
mean GC notostraca: all positions=0.422 position1=0.404 position2=0.319 position3=0.543 

** impossible to compute Ks. saturation? **

mean number of non synonymous sites compared: 87.7
mean Ka anostraca: 0.14734
mean Ka notostraca: 0.317244
dKa: -0.169903	standard deviation (sd): 0.074604	ratio dKa/sd: -2.2774
exact probability (P): 0.0227694

equally weighted sequences:
> outgro:
ocin	0.5
tcas	0.5
> cladocera:
dmag	0.333333
dpul	0.333333
etex	0.333333
> notostraca:
lapu	0.5
lubb	0.5

mean GC outgro: all positions=0.440 position1=0.426 position2=0.372 position3=0.521 
mean GC cladocera: all positions=0.487 position1=0.433 position2=0.362 position3=0.667 
mean GC notostraca: all positions=0.422 position1=0.404 position2=0.319 position3=0.543 

** impossible to compute Ks. saturation? **

mean number of non synonymous sites compared: 88.4
mean Ka cladocera: 0.0282503
mean Ka notostraca: 0.317244
dKa: -0.288993	standard deviation (sd): 0.0556166	ratio dKa/sd: -5.19618
exact probability (P): 4.10561e-07

