

## treatement of 3 lineages from file OG0005211.phy ##

equally weighted sequences:
> outgro:
ocin	0.5
tcas	0.5
> anostraca:
afra	1
> cladocera:
dmag	0.333333
dpul	0.333333
etex	0.333333

mean GC outgro: all positions=0.425 position1=0.464 position2=0.344 position3=0.468 
mean GC anostraca: all positions=0.416 position1=0.523 position2=0.357 position3=0.367 
mean GC cladocera: all positions=0.480 position1=0.551 position2=0.368 position3=0.521 

** impossible to compute Ks. saturation? **

mean number of non synonymous sites compared: 592.0
mean Ka anostraca: 0.631409
mean Ka cladocera: 0.621467
dKa: 0.00994169	standard deviation (sd): 0.0361252	ratio dKa/sd: 0.275201
exact probability (P): 0.783164

equally weighted sequences:
> outgro:
ocin	0.5
tcas	0.5
> anostraca:
afra	1
> notostraca:
lapu	0.125
lart	0.125
lcou	0.125
lubb	0.125
tcan	0.125
tita	0.125
tlon	0.125
tusa	0.125

mean GC outgro: all positions=0.425 position1=0.464 position2=0.344 position3=0.468 
mean GC anostraca: all positions=0.416 position1=0.523 position2=0.357 position3=0.367 
mean GC notostraca: all positions=0.525 position1=0.613 position2=0.347 position3=0.615 

** impossible to compute Ks. saturation? **

mean number of non synonymous sites compared: 593.8
mean Ka anostraca: 0.631409
mean Ka notostraca: 0.604915
dKa: 0.0264939	standard deviation (sd): 0.0376171	ratio dKa/sd: 0.704304
exact probability (P): 0.481249

equally weighted sequences:
> outgro:
ocin	0.5
tcas	0.5
> cladocera:
dmag	0.333333
dpul	0.333333
etex	0.333333
> notostraca:
lapu	0.125
lart	0.125
lcou	0.125
lubb	0.125
tcan	0.125
tita	0.125
tlon	0.125
tusa	0.125

mean GC outgro: all positions=0.425 position1=0.464 position2=0.344 position3=0.468 
mean GC cladocera: all positions=0.480 position1=0.551 position2=0.368 position3=0.521 
mean GC notostraca: all positions=0.525 position1=0.613 position2=0.347 position3=0.615 

** impossible to compute Ks. saturation? **

mean number of non synonymous sites compared: 595.5
mean Ka cladocera: 0.621467
mean Ka notostraca: 0.604915
dKa: 0.0165522	standard deviation (sd): 0.030222	ratio dKa/sd: 0.547687
exact probability (P): 0.583912

