

## treatement of 3 lineages from file OG0005483.phy ##

equally weighted sequences:
> outgro:
ocin	0.5
tcas	0.5
> anostraca:
afra	1
> cladocera:
dmag	0.333333
dpul	0.333333
etex	0.333333

mean GC outgro: all positions=0.454 position1=0.510 position2=0.341 position3=0.510 
mean GC anostraca: all positions=0.426 position1=0.494 position2=0.339 position3=0.445 
mean GC cladocera: all positions=0.464 position1=0.521 position2=0.339 position3=0.533 

** impossible to compute Ks. saturation? **

mean number of non synonymous sites compared: 469.4
mean Ka anostraca: 0.114553
mean Ka cladocera: 0.105971
dKa: 0.00858164	standard deviation (sd): 0.0130347	ratio dKa/sd: 0.658371
exact probability (P): 0.510304

equally weighted sequences:
> outgro:
ocin	0.5
tcas	0.5
> anostraca:
afra	1
> notostraca:
lapu	0.125
lart	0.125
lcou	0.125
lubb	0.125
tcan	0.125
tita	0.125
tlon	0.125
tusa	0.125

mean GC outgro: all positions=0.454 position1=0.510 position2=0.341 position3=0.510 
mean GC anostraca: all positions=0.426 position1=0.494 position2=0.339 position3=0.445 
mean GC notostraca: all positions=0.454 position1=0.531 position2=0.353 position3=0.477 

** impossible to compute Ks. saturation? **

mean number of non synonymous sites compared: 469.5
mean Ka anostraca: 0.114553
mean Ka notostraca: 0.102874
dKa: 0.0116789	standard deviation (sd): 0.0129655	ratio dKa/sd: 0.900766
exact probability (P): 0.367718

equally weighted sequences:
> outgro:
ocin	0.5
tcas	0.5
> cladocera:
dmag	0.333333
dpul	0.333333
etex	0.333333
> notostraca:
lapu	0.125
lart	0.125
lcou	0.125
lubb	0.125
tcan	0.125
tita	0.125
tlon	0.125
tusa	0.125

mean GC outgro: all positions=0.454 position1=0.510 position2=0.341 position3=0.510 
mean GC cladocera: all positions=0.464 position1=0.521 position2=0.339 position3=0.533 
mean GC notostraca: all positions=0.454 position1=0.531 position2=0.353 position3=0.477 

** impossible to compute Ks. saturation? **

mean number of non synonymous sites compared: 470.1
mean Ka cladocera: 0.105971
mean Ka notostraca: 0.102874
dKa: 0.00309723	standard deviation (sd): 0.0115362	ratio dKa/sd: 0.268479
exact probability (P): 0.788333

