

## treatement of 3 lineages from file OG0005313.phy ##

equally weighted sequences:
> outgro:
ocin	0.5
tcas	0.5
> anostraca:
afra	1
> cladocera:
dmag	0.333333
dpul	0.333333
etex	0.333333

mean GC outgro: all positions=0.461 position1=0.555 position2=0.389 position3=0.437 
mean GC anostraca: all positions=0.425 position1=0.584 position2=0.389 position3=0.300 
mean GC cladocera: all positions=0.503 position1=0.582 position2=0.412 position3=0.514 

** impossible to compute Ks. saturation? **

mean number of non synonymous sites compared: 369.1
mean Ka anostraca: 0.304328
mean Ka cladocera: 0.254132
dKa: 0.050196	standard deviation (sd): 0.0287891	ratio dKa/sd: 1.74357
exact probability (P): 0.0812416

equally weighted sequences:
> outgro:
ocin	0.5
tcas	0.5
> anostraca:
afra	1
> notostraca:
lapu	0.125
lart	0.125
lcou	0.125
lubb	0.125
tcan	0.125
tita	0.125
tlon	0.125
tusa	0.125

mean GC outgro: all positions=0.461 position1=0.555 position2=0.389 position3=0.437 
mean GC anostraca: all positions=0.425 position1=0.584 position2=0.389 position3=0.300 
mean GC notostraca: all positions=0.492 position1=0.564 position2=0.445 position3=0.465 

** impossible to compute Ks. saturation? **

mean number of non synonymous sites compared: 372.8
mean Ka anostraca: 0.304328
mean Ka notostraca: 0.25546
dKa: 0.0488677	standard deviation (sd): 0.029633	ratio dKa/sd: 1.6491
exact probability (P): 0.0991359

equally weighted sequences:
> outgro:
ocin	0.5
tcas	0.5
> cladocera:
dmag	0.333333
dpul	0.333333
etex	0.333333
> notostraca:
lapu	0.125
lart	0.125
lcou	0.125
lubb	0.125
tcan	0.125
tita	0.125
tlon	0.125
tusa	0.125

mean GC outgro: all positions=0.461 position1=0.555 position2=0.389 position3=0.437 
mean GC cladocera: all positions=0.503 position1=0.582 position2=0.412 position3=0.514 
mean GC notostraca: all positions=0.492 position1=0.564 position2=0.445 position3=0.465 

** impossible to compute Ks. saturation? **

mean number of non synonymous sites compared: 373.2
mean Ka cladocera: 0.254132
mean Ka notostraca: 0.25546
dKa: -0.00132832	standard deviation (sd): 0.0230964	ratio dKa/sd: -0.057512
exact probability (P): 0.954137

