

## treatement of 3 lineages from file OG0006411.phy ##

equally weighted sequences:
> outgro:
ocin	0.5
tcas	0.5
> anostraca:
afra	1
> cladocera:
dmag	0.333333
dpul	0.333333
etex	0.333333

mean GC outgro: all positions=0.470 position1=0.564 position2=0.334 position3=0.512 
mean GC anostraca: all positions=0.428 position1=0.558 position2=0.353 position3=0.373 
mean GC cladocera: all positions=0.468 position1=0.574 position2=0.350 position3=0.480 

** impossible to compute Ks. saturation? **

mean number of non synonymous sites compared: 1826.0
mean Ka anostraca: 0.369578
mean Ka cladocera: 0.349958
dKa: 0.0196198	standard deviation (sd): 0.012923	ratio dKa/sd: 1.51821
exact probability (P): 0.128969

equally weighted sequences:
> outgro:
ocin	0.5
tcas	0.5
> anostraca:
afra	1
> notostraca:
lapu	0.142857
lart	0.142857
lcou	0.142857
tcan	0.142857
tita	0.142857
tlon	0.142857
tusa	0.142857

mean GC outgro: all positions=0.470 position1=0.564 position2=0.334 position3=0.512 
mean GC anostraca: all positions=0.428 position1=0.558 position2=0.353 position3=0.373 
mean GC notostraca: all positions=0.483 position1=0.587 position2=0.346 position3=0.516 

** impossible to compute Ks. saturation? **

mean number of non synonymous sites compared: 1816.4
mean Ka anostraca: 0.369578
mean Ka notostraca: 0.370744
dKa: -0.00116558	standard deviation (sd): 0.0134839	ratio dKa/sd: -0.0864422
exact probability (P): 0.931115

equally weighted sequences:
> outgro:
ocin	0.5
tcas	0.5
> cladocera:
dmag	0.333333
dpul	0.333333
etex	0.333333
> notostraca:
lapu	0.142857
lart	0.142857
lcou	0.142857
tcan	0.142857
tita	0.142857
tlon	0.142857
tusa	0.142857

mean GC outgro: all positions=0.470 position1=0.564 position2=0.334 position3=0.512 
mean GC cladocera: all positions=0.468 position1=0.574 position2=0.350 position3=0.480 
mean GC notostraca: all positions=0.483 position1=0.587 position2=0.346 position3=0.516 

** impossible to compute Ks. saturation? **

mean number of non synonymous sites compared: 1821.1
mean Ka cladocera: 0.349958
mean Ka notostraca: 0.370744
dKa: -0.0207854	standard deviation (sd): 0.0113412	ratio dKa/sd: -1.83274
exact probability (P): 0.0668501

