

## treatement of 3 lineages from file OG0006312.phy ##

equally weighted sequences:
> outgro:
ocin	0.5
tcas	0.5
> anostraca:
afra	1
> cladocera:
dmag	0.5
dpul	0.5

mean GC outgro: all positions=0.494 position1=0.598 position2=0.381 position3=0.503 
mean GC anostraca: all positions=0.374 position1=0.510 position2=0.379 position3=0.232 
mean GC cladocera: all positions=0.428 position1=0.556 position2=0.371 position3=0.359 

** impossible to compute Ks. saturation? **

mean number of non synonymous sites compared: 405.1
mean Ka anostraca: 0.519146
mean Ka cladocera: 0.433736
dKa: 0.0854103	standard deviation (sd): 0.038964	ratio dKa/sd: 2.19203
exact probability (P): 0.0283854

equally weighted sequences:
> outgro:
ocin	0.5
tcas	0.5
> anostraca:
afra	1
> notostraca:
lapu	0.125
lart	0.125
lcou	0.125
lubb	0.125
tcan	0.125
tita	0.125
tlon	0.125
tusa	0.125

mean GC outgro: all positions=0.494 position1=0.598 position2=0.381 position3=0.503 
mean GC anostraca: all positions=0.374 position1=0.510 position2=0.379 position3=0.232 
mean GC notostraca: all positions=0.474 position1=0.604 position2=0.361 position3=0.456 

** impossible to compute Ks. saturation? **

mean number of non synonymous sites compared: 404.4
mean Ka anostraca: 0.519146
mean Ka notostraca: 0.345187
dKa: 0.173959	standard deviation (sd): 0.0414125	ratio dKa/sd: 4.20065
exact probability (P): 2.7597e-05

equally weighted sequences:
> outgro:
ocin	0.5
tcas	0.5
> cladocera:
dmag	0.5
dpul	0.5
> notostraca:
lapu	0.125
lart	0.125
lcou	0.125
lubb	0.125
tcan	0.125
tita	0.125
tlon	0.125
tusa	0.125

mean GC outgro: all positions=0.494 position1=0.598 position2=0.381 position3=0.503 
mean GC cladocera: all positions=0.428 position1=0.556 position2=0.371 position3=0.359 
mean GC notostraca: all positions=0.474 position1=0.604 position2=0.361 position3=0.456 

** impossible to compute Ks. saturation? **

mean number of non synonymous sites compared: 392.8
mean Ka cladocera: 0.433736
mean Ka notostraca: 0.345187
dKa: 0.0885492	standard deviation (sd): 0.0341157	ratio dKa/sd: 2.59556
exact probability (P): 0.00945047

