

## treatement of 3 lineages from file OG0006280.phy ##

equally weighted sequences:
> outgro:
ocin	0.5
tcas	0.5
> anostraca:
afra	1
> cladocera:
dmag	0.5
etex	0.5

mean GC outgro: all positions=0.425 position1=0.490 position2=0.354 position3=0.432 
mean GC anostraca: all positions=0.376 position1=0.448 position2=0.384 position3=0.295 
mean GC cladocera: all positions=0.502 position1=0.571 position2=0.394 position3=0.540 

** impossible to compute Ks. saturation? **

mean number of non synonymous sites compared: 618.7
mean Ka anostraca: 0.541105
mean Ka cladocera: 0.587961
dKa: -0.046856	standard deviation (sd): 0.0351792	ratio dKa/sd: -1.33192
exact probability (P): 0.182893

equally weighted sequences:
> outgro:
ocin	0.5
tcas	0.5
> anostraca:
afra	1
> notostraca:
lapu	0.125
lart	0.125
lcou	0.125
lubb	0.125
tcan	0.125
tita	0.125
tlon	0.125
tusa	0.125

mean GC outgro: all positions=0.425 position1=0.490 position2=0.354 position3=0.432 
mean GC anostraca: all positions=0.376 position1=0.448 position2=0.384 position3=0.295 
mean GC notostraca: all positions=0.500 position1=0.563 position2=0.385 position3=0.551 

** impossible to compute Ks. saturation? **

mean number of non synonymous sites compared: 618.8
mean Ka anostraca: 0.541105
mean Ka notostraca: 0.552316
dKa: -0.0112109	standard deviation (sd): 0.0386259	ratio dKa/sd: -0.290242
exact probability (P): 0.771634

equally weighted sequences:
> outgro:
ocin	0.5
tcas	0.5
> cladocera:
dmag	0.5
etex	0.5
> notostraca:
lapu	0.125
lart	0.125
lcou	0.125
lubb	0.125
tcan	0.125
tita	0.125
tlon	0.125
tusa	0.125

mean GC outgro: all positions=0.425 position1=0.490 position2=0.354 position3=0.432 
mean GC cladocera: all positions=0.502 position1=0.571 position2=0.394 position3=0.540 
mean GC notostraca: all positions=0.500 position1=0.563 position2=0.385 position3=0.551 

** impossible to compute Ks. saturation? **

mean number of non synonymous sites compared: 614.0
mean Ka cladocera: 0.587961
mean Ka notostraca: 0.552316
dKa: 0.0356451	standard deviation (sd): 0.0327551	ratio dKa/sd: 1.08823
exact probability (P): 0.276501

