

## treatement of 3 lineages from file OG0005101.phy ##

equally weighted sequences:
> outgro:
ocin	0.5
tcas	0.5
> anostraca:
afra	1
> cladocera:
dmag	0.333333
dpul	0.333333
etex	0.333333

mean GC outgro: all positions=0.451 position1=0.471 position2=0.388 position3=0.493 
mean GC anostraca: all positions=0.413 position1=0.507 position2=0.383 position3=0.349 
mean GC cladocera: all positions=0.451 position1=0.509 position2=0.389 position3=0.456 

** impossible to compute Ks. saturation? **

mean number of non synonymous sites compared: 411.8
mean Ka anostraca: 0.467115
mean Ka cladocera: 0.361898
dKa: 0.105217	standard deviation (sd): 0.0335122	ratio dKa/sd: 3.13966
exact probability (P): 0.00169635

equally weighted sequences:
> outgro:
ocin	0.5
tcas	0.5
> anostraca:
afra	1
> notostraca:
lapu	0.125
lart	0.125
lcou	0.125
lubb	0.125
tcan	0.125
tita	0.125
tlon	0.125
tusa	0.125

mean GC outgro: all positions=0.451 position1=0.471 position2=0.388 position3=0.493 
mean GC anostraca: all positions=0.413 position1=0.507 position2=0.383 position3=0.349 
mean GC notostraca: all positions=0.421 position1=0.474 position2=0.392 position3=0.397 

** impossible to compute Ks. saturation? **

mean number of non synonymous sites compared: 413.3
mean Ka anostraca: 0.467115
mean Ka notostraca: 0.350555
dKa: 0.11656	standard deviation (sd): 0.0335258	ratio dKa/sd: 3.47672
exact probability (P): 0.000510584

equally weighted sequences:
> outgro:
ocin	0.5
tcas	0.5
> cladocera:
dmag	0.333333
dpul	0.333333
etex	0.333333
> notostraca:
lapu	0.125
lart	0.125
lcou	0.125
lubb	0.125
tcan	0.125
tita	0.125
tlon	0.125
tusa	0.125

mean GC outgro: all positions=0.451 position1=0.471 position2=0.388 position3=0.493 
mean GC cladocera: all positions=0.451 position1=0.509 position2=0.389 position3=0.456 
mean GC notostraca: all positions=0.421 position1=0.474 position2=0.392 position3=0.397 

** impossible to compute Ks. saturation? **

mean number of non synonymous sites compared: 407.4
mean Ka cladocera: 0.361898
mean Ka notostraca: 0.350555
dKa: 0.0113431	standard deviation (sd): 0.0212892	ratio dKa/sd: 0.532809
exact probability (P): 0.594168

