

## treatement of 3 lineages from file OG0007477.phy ##

equally weighted sequences:
> outgro:
ocin	0.5
tcas	0.5
> anostraca:
afra	1
> cladocera:
dmag	0.333333
dpul	0.333333
etex	0.333333

mean GC outgro: all positions=0.411 position1=0.506 position2=0.339 position3=0.389 
mean GC anostraca: all positions=0.393 position1=0.533 position2=0.322 position3=0.322 
mean GC cladocera: all positions=0.411 position1=0.530 position2=0.337 position3=0.367 

** impossible to compute Ks. saturation? **

mean number of non synonymous sites compared: 178.3
mean Ka anostraca: 0.484036
mean Ka cladocera: 0.409675
dKa: 0.0743611	standard deviation (sd): 0.0527935	ratio dKa/sd: 1.40853
exact probability (P): 0.158984

equally weighted sequences:
> outgro:
ocin	0.5
tcas	0.5
> anostraca:
afra	1
> notostraca:
lapu	0.2
lart	0.2
lcou	0.2
lubb	0.2
tita	0.2

mean GC outgro: all positions=0.411 position1=0.506 position2=0.339 position3=0.389 
mean GC anostraca: all positions=0.393 position1=0.533 position2=0.322 position3=0.322 
mean GC notostraca: all positions=0.436 position1=0.487 position2=0.333 position3=0.487 

** impossible to compute Ks. saturation? **

mean number of non synonymous sites compared: 176.4
mean Ka anostraca: 0.484036
mean Ka notostraca: 0.456295
dKa: 0.0277412	standard deviation (sd): 0.058513	ratio dKa/sd: 0.474103
exact probability (P): 0.63543

equally weighted sequences:
> outgro:
ocin	0.5
tcas	0.5
> cladocera:
dmag	0.333333
dpul	0.333333
etex	0.333333
> notostraca:
lapu	0.2
lart	0.2
lcou	0.2
lubb	0.2
tita	0.2

mean GC outgro: all positions=0.411 position1=0.506 position2=0.339 position3=0.389 
mean GC cladocera: all positions=0.411 position1=0.530 position2=0.337 position3=0.367 
mean GC notostraca: all positions=0.436 position1=0.487 position2=0.333 position3=0.487 

** impossible to compute Ks. saturation? **

mean number of non synonymous sites compared: 176.6
mean Ka cladocera: 0.409675
mean Ka notostraca: 0.456295
dKa: -0.0466199	standard deviation (sd): 0.0436362	ratio dKa/sd: -1.06838
exact probability (P): 0.285358

