

## treatement of 3 lineages from file OG0005701.phy ##

equally weighted sequences:
> outgro:
ocin	0.5
tcas	0.5
> anostraca:
afra	1
> cladocera:
dmag	0.333333
dpul	0.333333
etex	0.333333

mean GC outgro: all positions=0.455 position1=0.463 position2=0.361 position3=0.540 
mean GC anostraca: all positions=0.368 position1=0.395 position2=0.383 position3=0.327 
mean GC cladocera: all positions=0.433 position1=0.455 position2=0.368 position3=0.477 

** impossible to compute Ks. saturation? **

mean number of non synonymous sites compared: 321.8
mean Ka anostraca: 0.416752
mean Ka cladocera: 0.355102
dKa: 0.0616495	standard deviation (sd): 0.0348634	ratio dKa/sd: 1.76832
exact probability (P): 0.0770164

equally weighted sequences:
> outgro:
ocin	0.5
tcas	0.5
> anostraca:
afra	1
> notostraca:
lapu	0.125
lart	0.125
lcou	0.125
lubb	0.125
tcan	0.125
tita	0.125
tlon	0.125
tusa	0.125

mean GC outgro: all positions=0.455 position1=0.463 position2=0.361 position3=0.540 
mean GC anostraca: all positions=0.368 position1=0.395 position2=0.383 position3=0.327 
mean GC notostraca: all positions=0.466 position1=0.462 position2=0.381 position3=0.556 

** impossible to compute Ks. saturation? **

mean number of non synonymous sites compared: 320.9
mean Ka anostraca: 0.416752
mean Ka notostraca: 0.329761
dKa: 0.0869911	standard deviation (sd): 0.0350365	ratio dKa/sd: 2.48287
exact probability (P): 0.0130395

equally weighted sequences:
> outgro:
ocin	0.5
tcas	0.5
> cladocera:
dmag	0.333333
dpul	0.333333
etex	0.333333
> notostraca:
lapu	0.125
lart	0.125
lcou	0.125
lubb	0.125
tcan	0.125
tita	0.125
tlon	0.125
tusa	0.125

mean GC outgro: all positions=0.455 position1=0.463 position2=0.361 position3=0.540 
mean GC cladocera: all positions=0.433 position1=0.455 position2=0.368 position3=0.477 
mean GC notostraca: all positions=0.466 position1=0.462 position2=0.381 position3=0.556 

** impossible to compute Ks. saturation? **

mean number of non synonymous sites compared: 319.1
mean Ka cladocera: 0.355102
mean Ka notostraca: 0.329761
dKa: 0.0253416	standard deviation (sd): 0.0270951	ratio dKa/sd: 0.935285
exact probability (P): 0.349647

