

## treatement of 3 lineages from file OG0005029.phy ##

equally weighted sequences:
> outgro:
ocin	0.5
tcas	0.5
> anostraca:
afra	1
> cladocera:
dmag	0.333333
dpul	0.333333
etex	0.333333

mean GC outgro: all positions=0.452 position1=0.465 position2=0.327 position3=0.564 
mean GC anostraca: all positions=0.382 position1=0.486 position2=0.289 position3=0.370 
mean GC cladocera: all positions=0.441 position1=0.513 position2=0.314 position3=0.497 

** impossible to compute Ks. saturation? **

mean number of non synonymous sites compared: 348.3
mean Ka anostraca: 0.190256
mean Ka cladocera: 0.18223
dKa: 0.00802665	standard deviation (sd): 0.021833	ratio dKa/sd: 0.367639
exact probability (P): 0.713146

equally weighted sequences:
> outgro:
ocin	0.5
tcas	0.5
> anostraca:
afra	1
> notostraca:
lapu	0.125
lart	0.125
lcou	0.125
lubb	0.125
tcan	0.125
tita	0.125
tlon	0.125
tusa	0.125

mean GC outgro: all positions=0.452 position1=0.465 position2=0.327 position3=0.564 
mean GC anostraca: all positions=0.382 position1=0.486 position2=0.289 position3=0.370 
mean GC notostraca: all positions=0.465 position1=0.483 position2=0.303 position3=0.610 

** impossible to compute Ks. saturation? **

mean number of non synonymous sites compared: 346.5
mean Ka anostraca: 0.190256
mean Ka notostraca: 0.163529
dKa: 0.0267268	standard deviation (sd): 0.0197878	ratio dKa/sd: 1.35067
exact probability (P): 0.176809

equally weighted sequences:
> outgro:
ocin	0.5
tcas	0.5
> cladocera:
dmag	0.333333
dpul	0.333333
etex	0.333333
> notostraca:
lapu	0.125
lart	0.125
lcou	0.125
lubb	0.125
tcan	0.125
tita	0.125
tlon	0.125
tusa	0.125

mean GC outgro: all positions=0.452 position1=0.465 position2=0.327 position3=0.564 
mean GC cladocera: all positions=0.441 position1=0.513 position2=0.314 position3=0.497 
mean GC notostraca: all positions=0.465 position1=0.483 position2=0.303 position3=0.610 

** impossible to compute Ks. saturation? **

mean number of non synonymous sites compared: 345.1
mean Ka cladocera: 0.18223
mean Ka notostraca: 0.163529
dKa: 0.0187002	standard deviation (sd): 0.0186951	ratio dKa/sd: 1.00027
exact probability (P): 0.317186

