

## treatement of 3 lineages from file OG0006933.phy ##

equally weighted sequences:
> outgro:
tcas	1
> anostraca:
afra	1
> cladocera:
dmag	0.5
dpul	0.5

mean GC outgro: all positions=0.471 position1=0.541 position2=0.381 position3=0.491 
mean GC anostraca: all positions=0.381 position1=0.509 position2=0.330 position3=0.303 
mean GC cladocera: all positions=0.367 position1=0.507 position2=0.305 position3=0.289 

** impossible to compute Ks. saturation? **

mean number of non synonymous sites compared: 444.2
mean Ka anostraca: 0.71025
mean Ka cladocera: 0.64117
dKa: 0.0690798	standard deviation (sd): 0.0601573	ratio dKa/sd: 1.14832
exact probability (P): 0.250844

equally weighted sequences:
> outgro:
tcas	1
> anostraca:
afra	1
> notostraca:
lapu	0.125
lart	0.125
lcou	0.125
lubb	0.125
tcan	0.125
tita	0.125
tlon	0.125
tusa	0.125

mean GC outgro: all positions=0.471 position1=0.541 position2=0.381 position3=0.491 
mean GC anostraca: all positions=0.381 position1=0.509 position2=0.330 position3=0.303 
mean GC notostraca: all positions=0.447 position1=0.535 position2=0.388 position3=0.419 

** impossible to compute Ks. saturation? **

mean number of non synonymous sites compared: 437.7
mean Ka anostraca: 0.71025
mean Ka notostraca: 0.588709
dKa: 0.121541	standard deviation (sd): 0.0572641	ratio dKa/sd: 2.12246
exact probability (P): 0.0338061

equally weighted sequences:
> outgro:
tcas	1
> cladocera:
dmag	0.5
dpul	0.5
> notostraca:
lapu	0.125
lart	0.125
lcou	0.125
lubb	0.125
tcan	0.125
tita	0.125
tlon	0.125
tusa	0.125

mean GC outgro: all positions=0.471 position1=0.541 position2=0.381 position3=0.491 
mean GC cladocera: all positions=0.367 position1=0.507 position2=0.305 position3=0.289 
mean GC notostraca: all positions=0.447 position1=0.535 position2=0.388 position3=0.419 

** impossible to compute Ks. saturation? **

mean number of non synonymous sites compared: 437.8
mean Ka cladocera: 0.64117
mean Ka notostraca: 0.588709
dKa: 0.0524609	standard deviation (sd): 0.0493101	ratio dKa/sd: 1.0639
exact probability (P): 0.287383

