

## treatement of 3 lineages from file OG0006948.phy ##

equally weighted sequences:
> outgro:
ocin	0.5
tcas	0.5
> anostraca:
afra	1
> cladocera:
dmag	0.333333
dpul	0.333333
etex	0.333333

mean GC outgro: all positions=0.433 position1=0.529 position2=0.351 position3=0.418 
mean GC anostraca: all positions=0.394 position1=0.481 position2=0.404 position3=0.298 
mean GC cladocera: all positions=0.428 position1=0.465 position2=0.423 position3=0.397 

** impossible to compute Ks. saturation? **

mean number of non synonymous sites compared: 197.9
mean Ka anostraca: 0.496881
mean Ka cladocera: 0.404222
dKa: 0.0926591	standard deviation (sd): 0.0554436	ratio dKa/sd: 1.67123
exact probability (P): 0.094685

equally weighted sequences:
> outgro:
ocin	0.5
tcas	0.5
> anostraca:
afra	1
> notostraca:
lcou	0.166667
lubb	0.166667
tcan	0.166667
tita	0.166667
tlon	0.166667
tusa	0.166667

mean GC outgro: all positions=0.433 position1=0.529 position2=0.351 position3=0.418 
mean GC anostraca: all positions=0.394 position1=0.481 position2=0.404 position3=0.298 
mean GC notostraca: all positions=0.439 position1=0.569 position2=0.388 position3=0.361 

** impossible to compute Ks. saturation? **

mean number of non synonymous sites compared: 197.4
mean Ka anostraca: 0.496881
mean Ka notostraca: 0.324872
dKa: 0.172009	standard deviation (sd): 0.0529242	ratio dKa/sd: 3.25011
exact probability (P): 0.00115805

equally weighted sequences:
> outgro:
ocin	0.5
tcas	0.5
> cladocera:
dmag	0.333333
dpul	0.333333
etex	0.333333
> notostraca:
lcou	0.166667
lubb	0.166667
tcan	0.166667
tita	0.166667
tlon	0.166667
tusa	0.166667

mean GC outgro: all positions=0.433 position1=0.529 position2=0.351 position3=0.418 
mean GC cladocera: all positions=0.428 position1=0.465 position2=0.423 position3=0.397 
mean GC notostraca: all positions=0.439 position1=0.569 position2=0.388 position3=0.361 

** impossible to compute Ks. saturation? **

mean number of non synonymous sites compared: 198.6
mean Ka cladocera: 0.404222
mean Ka notostraca: 0.324872
dKa: 0.0793504	standard deviation (sd): 0.041361	ratio dKa/sd: 1.91848
exact probability (P): 0.0550581

