

## treatement of 3 lineages from file OG0006009.phy ##

equally weighted sequences:
> outgro:
ocin	0.5
tcas	0.5
> anostraca:
afra	1
> cladocera:
dmag	0.5
dpul	0.5

mean GC outgro: all positions=0.475 position1=0.544 position2=0.406 position3=0.474 
mean GC anostraca: all positions=0.429 position1=0.550 position2=0.403 position3=0.333 
mean GC cladocera: all positions=0.476 position1=0.565 position2=0.408 position3=0.456 

** impossible to compute Ks. saturation? **

mean number of non synonymous sites compared: 716.9
mean Ka anostraca: 0.247295
mean Ka cladocera: 0.246718
dKa: 0.000576188	standard deviation (sd): 0.0164061	ratio dKa/sd: 0.0351204
exact probability (P): 0.971984

equally weighted sequences:
> outgro:
ocin	0.5
tcas	0.5
> anostraca:
afra	1
> notostraca:
lapu	0.125
lart	0.125
lcou	0.125
lubb	0.125
tcan	0.125
tita	0.125
tlon	0.125
tusa	0.125

mean GC outgro: all positions=0.475 position1=0.544 position2=0.406 position3=0.474 
mean GC anostraca: all positions=0.429 position1=0.550 position2=0.403 position3=0.333 
mean GC notostraca: all positions=0.486 position1=0.524 position2=0.412 position3=0.520 

** impossible to compute Ks. saturation? **

mean number of non synonymous sites compared: 707.2
mean Ka anostraca: 0.247295
mean Ka notostraca: 0.28298
dKa: -0.0356851	standard deviation (sd): 0.0185833	ratio dKa/sd: -1.92028
exact probability (P): 0.0548312

equally weighted sequences:
> outgro:
ocin	0.5
tcas	0.5
> cladocera:
dmag	0.5
dpul	0.5
> notostraca:
lapu	0.125
lart	0.125
lcou	0.125
lubb	0.125
tcan	0.125
tita	0.125
tlon	0.125
tusa	0.125

mean GC outgro: all positions=0.475 position1=0.544 position2=0.406 position3=0.474 
mean GC cladocera: all positions=0.476 position1=0.565 position2=0.408 position3=0.456 
mean GC notostraca: all positions=0.486 position1=0.524 position2=0.412 position3=0.520 

** impossible to compute Ks. saturation? **

mean number of non synonymous sites compared: 711.8
mean Ka cladocera: 0.246718
mean Ka notostraca: 0.28298
dKa: -0.0362613	standard deviation (sd): 0.0176067	ratio dKa/sd: -2.05952
exact probability (P): 0.0394531

