

## treatement of 3 lineages from file OG0006879.phy ##

equally weighted sequences:
> outgro:
ocin	0.5
tcas	0.5
> anostraca:
afra	1
> cladocera:
dmag	0.333333
dpul	0.333333
etex	0.333333

mean GC outgro: all positions=0.374 position1=0.442 position2=0.283 position3=0.396 
mean GC anostraca: all positions=0.356 position1=0.433 position2=0.325 position3=0.308 
mean GC cladocera: all positions=0.403 position1=0.475 position2=0.306 position3=0.428 

** impossible to compute Ks. saturation? **

mean number of non synonymous sites compared: 239.4
mean Ka anostraca: 0.60013
mean Ka cladocera: 0.350707
dKa: 0.249423	standard deviation (sd): 0.0615254	ratio dKa/sd: 4.05398
exact probability (P): 5.24074e-05

equally weighted sequences:
> outgro:
ocin	0.5
tcas	0.5
> anostraca:
afra	1
> notostraca:
lapu	0.166667
lart	0.166667
lubb	0.166667
tcan	0.166667
tita	0.166667
tusa	0.166667

mean GC outgro: all positions=0.374 position1=0.442 position2=0.283 position3=0.396 
mean GC anostraca: all positions=0.356 position1=0.433 position2=0.325 position3=0.308 
mean GC notostraca: all positions=0.425 position1=0.511 position2=0.319 position3=0.446 

** impossible to compute Ks. saturation? **

mean number of non synonymous sites compared: 236.1
mean Ka anostraca: 0.60013
mean Ka notostraca: 0.417673
dKa: 0.182457	standard deviation (sd): 0.0617024	ratio dKa/sd: 2.95705
exact probability (P): 0.00311143

equally weighted sequences:
> outgro:
ocin	0.5
tcas	0.5
> cladocera:
dmag	0.333333
dpul	0.333333
etex	0.333333
> notostraca:
lapu	0.166667
lart	0.166667
lubb	0.166667
tcan	0.166667
tita	0.166667
tusa	0.166667

mean GC outgro: all positions=0.374 position1=0.442 position2=0.283 position3=0.396 
mean GC cladocera: all positions=0.403 position1=0.475 position2=0.306 position3=0.428 
mean GC notostraca: all positions=0.425 position1=0.511 position2=0.319 position3=0.446 

** impossible to compute Ks. saturation? **

mean number of non synonymous sites compared: 239.4
mean Ka cladocera: 0.350707
mean Ka notostraca: 0.417673
dKa: -0.0669658	standard deviation (sd): 0.0357035	ratio dKa/sd: -1.87561
exact probability (P): 0.0607175

