

## treatement of 3 lineages from file OG0006427.phy ##

equally weighted sequences:
> outgro:
ocin	1
> anostraca:
afra	1
> cladocera:
dmag	0.333333
dpul	0.333333
etex	0.333333

mean GC outgro: all positions=0.433 position1=0.506 position2=0.430 position3=0.363 
mean GC anostraca: all positions=0.368 position1=0.411 position2=0.404 position3=0.290 
mean GC cladocera: all positions=0.447 position1=0.473 position2=0.406 position3=0.461 

** impossible to compute Ks. saturation? **

mean number of non synonymous sites compared: 640.3
mean Ka anostraca: 0.824974
mean Ka cladocera: 0.780741
dKa: 0.0442331	standard deviation (sd): 0.0536263	ratio dKa/sd: 0.82484
exact probability (P): 0.409467

equally weighted sequences:
> outgro:
ocin	1
> anostraca:
afra	1
> notostraca:
lapu	0.125
lart	0.125
lcou	0.125
lubb	0.125
tcan	0.125
tita	0.125
tlon	0.125
tusa	0.125

mean GC outgro: all positions=0.433 position1=0.506 position2=0.430 position3=0.363 
mean GC anostraca: all positions=0.368 position1=0.411 position2=0.404 position3=0.290 
mean GC notostraca: all positions=0.488 position1=0.509 position2=0.420 position3=0.535 

** impossible to compute Ks. saturation? **

mean number of non synonymous sites compared: 631.4
mean Ka anostraca: 0.824974
mean Ka notostraca: 0.856098
dKa: -0.031124	standard deviation (sd): 0.0589175	ratio dKa/sd: -0.528264
exact probability (P): 0.59732

equally weighted sequences:
> outgro:
ocin	1
> cladocera:
dmag	0.333333
dpul	0.333333
etex	0.333333
> notostraca:
lapu	0.125
lart	0.125
lcou	0.125
lubb	0.125
tcan	0.125
tita	0.125
tlon	0.125
tusa	0.125

mean GC outgro: all positions=0.433 position1=0.506 position2=0.430 position3=0.363 
mean GC cladocera: all positions=0.447 position1=0.473 position2=0.406 position3=0.461 
mean GC notostraca: all positions=0.488 position1=0.509 position2=0.420 position3=0.535 

** impossible to compute Ks. saturation? **

mean number of non synonymous sites compared: 622.8
mean Ka cladocera: 0.780741
mean Ka notostraca: 0.856098
dKa: -0.0753571	standard deviation (sd): 0.0452982	ratio dKa/sd: -1.66358
exact probability (P): 0.096205

