

## treatement of 3 lineages from file OG0007465.phy ##

equally weighted sequences:
> outgro:
ocin	1
> anostraca:
afra	1
> cladocera:
dpul	1

mean GC outgro: all positions=0.437 position1=0.389 position2=0.319 position3=0.602 
mean GC anostraca: all positions=0.366 position1=0.345 position2=0.292 position3=0.460 
mean GC cladocera: all positions=0.422 position1=0.425 position2=0.310 position3=0.531 

** impossible to compute Ks. saturation? **

mean number of non synonymous sites compared: 225.9
mean Ka anostraca: 0.332918
mean Ka cladocera: 0.382885
dKa: -0.0499666	standard deviation (sd): 0.0426754	ratio dKa/sd: -1.17085
exact probability (P): 0.241665

equally weighted sequences:
> outgro:
ocin	1
> anostraca:
afra	1
> notostraca:
lapu	0.125
lart	0.125
lcou	0.125
lubb	0.125
tcan	0.125
tita	0.125
tlon	0.125
tusa	0.125

mean GC outgro: all positions=0.437 position1=0.389 position2=0.319 position3=0.602 
mean GC anostraca: all positions=0.366 position1=0.345 position2=0.292 position3=0.460 
mean GC notostraca: all positions=0.466 position1=0.424 position2=0.305 position3=0.668 

** impossible to compute Ks. saturation? **

mean number of non synonymous sites compared: 229.3
mean Ka anostraca: 0.332918
mean Ka notostraca: 0.347415
dKa: -0.0144971	standard deviation (sd): 0.0441748	ratio dKa/sd: -0.328177
exact probability (P): 0.742781

equally weighted sequences:
> outgro:
ocin	1
> cladocera:
dpul	1
> notostraca:
lapu	0.125
lart	0.125
lcou	0.125
lubb	0.125
tcan	0.125
tita	0.125
tlon	0.125
tusa	0.125

mean GC outgro: all positions=0.437 position1=0.389 position2=0.319 position3=0.602 
mean GC cladocera: all positions=0.422 position1=0.425 position2=0.310 position3=0.531 
mean GC notostraca: all positions=0.466 position1=0.424 position2=0.305 position3=0.668 

** impossible to compute Ks. saturation? **

mean number of non synonymous sites compared: 229.2
mean Ka cladocera: 0.382885
mean Ka notostraca: 0.347415
dKa: 0.0354695	standard deviation (sd): 0.0491291	ratio dKa/sd: 0.721964
exact probability (P): 0.470322

