

## treatement of 3 lineages from file OG0005657.phy ##

equally weighted sequences:
> outgro:
ocin	0.5
tcas	0.5
> anostraca:
afra	1
> cladocera:
dmag	0.333333
dpul	0.333333
etex	0.333333

mean GC outgro: all positions=0.421 position1=0.508 position2=0.314 position3=0.442 
mean GC anostraca: all positions=0.365 position1=0.482 position2=0.296 position3=0.317 
mean GC cladocera: all positions=0.421 position1=0.519 position2=0.352 position3=0.392 

** impossible to compute Ks. saturation? **

mean number of non synonymous sites compared: 378.2
mean Ka anostraca: 0.5454
mean Ka cladocera: 0.483524
dKa: 0.0618759	standard deviation (sd): 0.0434195	ratio dKa/sd: 1.42507
exact probability (P): 0.154143

equally weighted sequences:
> outgro:
ocin	0.5
tcas	0.5
> anostraca:
afra	1
> notostraca:
lapu	0.125
lart	0.125
lcou	0.125
lubb	0.125
tcan	0.125
tita	0.125
tlon	0.125
tusa	0.125

mean GC outgro: all positions=0.421 position1=0.508 position2=0.314 position3=0.442 
mean GC anostraca: all positions=0.365 position1=0.482 position2=0.296 position3=0.317 
mean GC notostraca: all positions=0.433 position1=0.511 position2=0.344 position3=0.445 

** impossible to compute Ks. saturation? **

mean number of non synonymous sites compared: 377.6
mean Ka anostraca: 0.5454
mean Ka notostraca: 0.451863
dKa: 0.0935363	standard deviation (sd): 0.045277	ratio dKa/sd: 2.06587
exact probability (P): 0.0388493

equally weighted sequences:
> outgro:
ocin	0.5
tcas	0.5
> cladocera:
dmag	0.333333
dpul	0.333333
etex	0.333333
> notostraca:
lapu	0.125
lart	0.125
lcou	0.125
lubb	0.125
tcan	0.125
tita	0.125
tlon	0.125
tusa	0.125

mean GC outgro: all positions=0.421 position1=0.508 position2=0.314 position3=0.442 
mean GC cladocera: all positions=0.421 position1=0.519 position2=0.352 position3=0.392 
mean GC notostraca: all positions=0.433 position1=0.511 position2=0.344 position3=0.445 

** impossible to compute Ks. saturation? **

mean number of non synonymous sites compared: 377.7
mean Ka cladocera: 0.483524
mean Ka notostraca: 0.451863
dKa: 0.0316604	standard deviation (sd): 0.0326062	ratio dKa/sd: 0.970994
exact probability (P): 0.331558

