

## treatement of 3 lineages from file OG0006317.phy ##

equally weighted sequences:
> outgro:
ocin	0.5
tcas	0.5
> anostraca:
afra	1
> cladocera:
dmag	0.5
dpul	0.5

mean GC outgro: all positions=0.469 position1=0.486 position2=0.420 position3=0.502 
mean GC anostraca: all positions=0.415 position1=0.465 position2=0.420 position3=0.362 
mean GC cladocera: all positions=0.444 position1=0.485 position2=0.408 position3=0.440 

** impossible to compute Ks. saturation? **

mean number of non synonymous sites compared: 983.3
mean Ka anostraca: 0.567602
mean Ka cladocera: 0.618601
dKa: -0.0509985	standard deviation (sd): 0.0290627	ratio dKa/sd: -1.75478
exact probability (P): 0.0793059

equally weighted sequences:
> outgro:
ocin	0.5
tcas	0.5
> anostraca:
afra	1
> notostraca:
lapu	0.125
lart	0.125
lcou	0.125
lubb	0.125
tcan	0.125
tita	0.125
tlon	0.125
tusa	0.125

mean GC outgro: all positions=0.469 position1=0.486 position2=0.420 position3=0.502 
mean GC anostraca: all positions=0.415 position1=0.465 position2=0.420 position3=0.362 
mean GC notostraca: all positions=0.471 position1=0.497 position2=0.432 position3=0.485 

** impossible to compute Ks. saturation? **

mean number of non synonymous sites compared: 992.0
mean Ka anostraca: 0.567602
mean Ka notostraca: 0.55352
dKa: 0.0140824	standard deviation (sd): 0.0264216	ratio dKa/sd: 0.532988
exact probability (P): 0.594045

equally weighted sequences:
> outgro:
ocin	0.5
tcas	0.5
> cladocera:
dmag	0.5
dpul	0.5
> notostraca:
lapu	0.125
lart	0.125
lcou	0.125
lubb	0.125
tcan	0.125
tita	0.125
tlon	0.125
tusa	0.125

mean GC outgro: all positions=0.469 position1=0.486 position2=0.420 position3=0.502 
mean GC cladocera: all positions=0.444 position1=0.485 position2=0.408 position3=0.440 
mean GC notostraca: all positions=0.471 position1=0.497 position2=0.432 position3=0.485 

** impossible to compute Ks. saturation? **

mean number of non synonymous sites compared: 974.8
mean Ka cladocera: 0.618601
mean Ka notostraca: 0.55352
dKa: 0.0650809	standard deviation (sd): 0.0261164	ratio dKa/sd: 2.49195
exact probability (P): 0.0127117

