

## treatement of 3 lineages from file OG0005283.phy ##

equally weighted sequences:
> outgro:
ocin	0.5
tcas	0.5
> anostraca:
afra	1
> cladocera:
dmag	0.333333
dpul	0.333333
etex	0.333333

mean GC outgro: all positions=0.530 position1=0.622 position2=0.362 position3=0.606 
mean GC anostraca: all positions=0.404 position1=0.575 position2=0.331 position3=0.307 
mean GC cladocera: all positions=0.472 position1=0.669 position2=0.352 position3=0.394 

** impossible to compute Ks. saturation? **

mean number of non synonymous sites compared: 237.5
mean Ka anostraca: 0.348389
mean Ka cladocera: 0.290368
dKa: 0.0580214	standard deviation (sd): 0.0363911	ratio dKa/sd: 1.59438
exact probability (P): 0.110858

equally weighted sequences:
> outgro:
ocin	0.5
tcas	0.5
> anostraca:
afra	1
> notostraca:
lapu	0.125
lart	0.125
lcou	0.125
lubb	0.125
tcan	0.125
tita	0.125
tlon	0.125
tusa	0.125

mean GC outgro: all positions=0.530 position1=0.622 position2=0.362 position3=0.606 
mean GC anostraca: all positions=0.404 position1=0.575 position2=0.331 position3=0.307 
mean GC notostraca: all positions=0.485 position1=0.654 position2=0.387 position3=0.414 

** impossible to compute Ks. saturation? **

mean number of non synonymous sites compared: 236.3
mean Ka anostraca: 0.348389
mean Ka notostraca: 0.270642
dKa: 0.0777477	standard deviation (sd): 0.0397219	ratio dKa/sd: 1.9573
exact probability (P): 0.0503205

equally weighted sequences:
> outgro:
ocin	0.5
tcas	0.5
> cladocera:
dmag	0.333333
dpul	0.333333
etex	0.333333
> notostraca:
lapu	0.125
lart	0.125
lcou	0.125
lubb	0.125
tcan	0.125
tita	0.125
tlon	0.125
tusa	0.125

mean GC outgro: all positions=0.530 position1=0.622 position2=0.362 position3=0.606 
mean GC cladocera: all positions=0.472 position1=0.669 position2=0.352 position3=0.394 
mean GC notostraca: all positions=0.485 position1=0.654 position2=0.387 position3=0.414 

** impossible to compute Ks. saturation? **

mean number of non synonymous sites compared: 237.6
mean Ka cladocera: 0.290368
mean Ka notostraca: 0.270642
dKa: 0.0197263	standard deviation (sd): 0.025745	ratio dKa/sd: 0.766219
exact probability (P): 0.443552

