

## treatement of 3 lineages from file OG0005589.phy ##

equally weighted sequences:
> outgro:
ocin	0.5
tcas	0.5
> anostraca:
afra	1
> cladocera:
dmag	0.333333
dpul	0.333333
etex	0.333333

mean GC outgro: all positions=0.485 position1=0.522 position2=0.382 position3=0.550 
mean GC anostraca: all positions=0.425 position1=0.535 position2=0.399 position3=0.342 
mean GC cladocera: all positions=0.463 position1=0.518 position2=0.399 position3=0.474 

** impossible to compute Ks. saturation? **

mean number of non synonymous sites compared: 448.8
mean Ka anostraca: 0.473057
mean Ka cladocera: 0.480436
dKa: -0.00737939	standard deviation (sd): 0.0323414	ratio dKa/sd: -0.228171
exact probability (P): 0.819514

equally weighted sequences:
> outgro:
ocin	0.5
tcas	0.5
> anostraca:
afra	1
> notostraca:
lapu	0.125
lart	0.125
lcou	0.125
lubb	0.125
tcan	0.125
tita	0.125
tlon	0.125
tusa	0.125

mean GC outgro: all positions=0.485 position1=0.522 position2=0.382 position3=0.550 
mean GC anostraca: all positions=0.425 position1=0.535 position2=0.399 position3=0.342 
mean GC notostraca: all positions=0.457 position1=0.521 position2=0.386 position3=0.465 

** impossible to compute Ks. saturation? **

mean number of non synonymous sites compared: 450.6
mean Ka anostraca: 0.473057
mean Ka notostraca: 0.402653
dKa: 0.0704039	standard deviation (sd): 0.0318579	ratio dKa/sd: 2.20993
exact probability (P): 0.027118

equally weighted sequences:
> outgro:
ocin	0.5
tcas	0.5
> cladocera:
dmag	0.333333
dpul	0.333333
etex	0.333333
> notostraca:
lapu	0.125
lart	0.125
lcou	0.125
lubb	0.125
tcan	0.125
tita	0.125
tlon	0.125
tusa	0.125

mean GC outgro: all positions=0.485 position1=0.522 position2=0.382 position3=0.550 
mean GC cladocera: all positions=0.463 position1=0.518 position2=0.399 position3=0.474 
mean GC notostraca: all positions=0.457 position1=0.521 position2=0.386 position3=0.465 

** impossible to compute Ks. saturation? **

mean number of non synonymous sites compared: 452.7
mean Ka cladocera: 0.480436
mean Ka notostraca: 0.402653
dKa: 0.0777833	standard deviation (sd): 0.0271782	ratio dKa/sd: 2.86197
exact probability (P): 0.00421633

