

## treatement of 3 lineages from file OG0006342.phy ##

equally weighted sequences:
> outgro:
ocin	0.5
tcas	0.5
> anostraca:
afra	1
> cladocera:
dmag	0.5
etex	0.5

mean GC outgro: all positions=0.438 position1=0.483 position2=0.351 position3=0.482 
mean GC anostraca: all positions=0.360 position1=0.448 position2=0.340 position3=0.291 
mean GC cladocera: all positions=0.424 position1=0.470 position2=0.324 position3=0.478 

** impossible to compute Ks. saturation? **

mean number of non synonymous sites compared: 778.2
mean Ka anostraca: 0.583644
mean Ka cladocera: 0.427533
dKa: 0.156111	standard deviation (sd): 0.0315373	ratio dKa/sd: 4.95006
exact probability (P): 1.40362e-06

equally weighted sequences:
> outgro:
ocin	0.5
tcas	0.5
> anostraca:
afra	1
> notostraca:
lapu	0.125
lart	0.125
lcou	0.125
lubb	0.125
tcan	0.125
tita	0.125
tlon	0.125
tusa	0.125

mean GC outgro: all positions=0.438 position1=0.483 position2=0.351 position3=0.482 
mean GC anostraca: all positions=0.360 position1=0.448 position2=0.340 position3=0.291 
mean GC notostraca: all positions=0.466 position1=0.548 position2=0.383 position3=0.467 

** impossible to compute Ks. saturation? **

mean number of non synonymous sites compared: 772.2
mean Ka anostraca: 0.583644
mean Ka notostraca: 0.391688
dKa: 0.191957	standard deviation (sd): 0.0335498	ratio dKa/sd: 5.72154
exact probability (P): 1e-07

equally weighted sequences:
> outgro:
ocin	0.5
tcas	0.5
> cladocera:
dmag	0.5
etex	0.5
> notostraca:
lapu	0.125
lart	0.125
lcou	0.125
lubb	0.125
tcan	0.125
tita	0.125
tlon	0.125
tusa	0.125

mean GC outgro: all positions=0.438 position1=0.483 position2=0.351 position3=0.482 
mean GC cladocera: all positions=0.424 position1=0.470 position2=0.324 position3=0.478 
mean GC notostraca: all positions=0.466 position1=0.548 position2=0.383 position3=0.467 

** impossible to compute Ks. saturation? **

mean number of non synonymous sites compared: 774.1
mean Ka cladocera: 0.427533
mean Ka notostraca: 0.391688
dKa: 0.0358453	standard deviation (sd): 0.0226022	ratio dKa/sd: 1.58593
exact probability (P): 0.112765

