

## treatement of 3 lineages from file OG0005649.phy ##

equally weighted sequences:
> outgro:
ocin	0.5
tcas	0.5
> anostraca:
afra	1
> cladocera:
dmag	0.333333
dpul	0.333333
etex	0.333333

mean GC outgro: all positions=0.425 position1=0.500 position2=0.385 position3=0.390 
mean GC anostraca: all positions=0.465 position1=0.538 position2=0.407 position3=0.451 
mean GC cladocera: all positions=0.495 position1=0.487 position2=0.414 position3=0.582 

** impossible to compute Ks. saturation? **

mean number of non synonymous sites compared: 178.5
mean Ka anostraca: 0.511083
mean Ka cladocera: 0.515551
dKa: -0.00446883	standard deviation (sd): 0.0685902	ratio dKa/sd: -0.0651527
exact probability (P): 0.948053

equally weighted sequences:
> outgro:
ocin	0.5
tcas	0.5
> anostraca:
afra	1
> notostraca:
lapu	0.125
lart	0.125
lcou	0.125
lubb	0.125
tcan	0.125
tita	0.125
tlon	0.125
tusa	0.125

mean GC outgro: all positions=0.425 position1=0.500 position2=0.385 position3=0.390 
mean GC anostraca: all positions=0.465 position1=0.538 position2=0.407 position3=0.451 
mean GC notostraca: all positions=0.529 position1=0.578 position2=0.408 position3=0.600 

** impossible to compute Ks. saturation? **

mean number of non synonymous sites compared: 174.9
mean Ka anostraca: 0.511083
mean Ka notostraca: 0.380453
dKa: 0.13063	standard deviation (sd): 0.057459	ratio dKa/sd: 2.27344
exact probability (P): 0.0230064

equally weighted sequences:
> outgro:
ocin	0.5
tcas	0.5
> cladocera:
dmag	0.333333
dpul	0.333333
etex	0.333333
> notostraca:
lapu	0.125
lart	0.125
lcou	0.125
lubb	0.125
tcan	0.125
tita	0.125
tlon	0.125
tusa	0.125

mean GC outgro: all positions=0.425 position1=0.500 position2=0.385 position3=0.390 
mean GC cladocera: all positions=0.495 position1=0.487 position2=0.414 position3=0.582 
mean GC notostraca: all positions=0.529 position1=0.578 position2=0.408 position3=0.600 

** impossible to compute Ks. saturation? **

mean number of non synonymous sites compared: 175.5
mean Ka cladocera: 0.515551
mean Ka notostraca: 0.380453
dKa: 0.135098	standard deviation (sd): 0.0537662	ratio dKa/sd: 2.5127
exact probability (P): 0.0119884

