

## treatement of 3 lineages from file OG0005569.phy ##

equally weighted sequences:
> outgro:
ocin	0.5
tcas	0.5
> anostraca:
afra	1
> cladocera:
dmag	0.333333
dpul	0.333333
etex	0.333333

mean GC outgro: all positions=0.475 position1=0.545 position2=0.444 position3=0.435 
mean GC anostraca: all positions=0.444 position1=0.534 position2=0.404 position3=0.393 
mean GC cladocera: all positions=0.491 position1=0.577 position2=0.431 position3=0.466 

** impossible to compute Ks. saturation? **

mean number of non synonymous sites compared: 349.7
mean Ka anostraca: 0.290644
mean Ka cladocera: 0.249661
dKa: 0.0409829	standard deviation (sd): 0.0246986	ratio dKa/sd: 1.65932
exact probability (P): 0.0970599

equally weighted sequences:
> outgro:
ocin	0.5
tcas	0.5
> anostraca:
afra	1
> notostraca:
lapu	0.125
lart	0.125
lcou	0.125
lubb	0.125
tcan	0.125
tita	0.125
tlon	0.125
tusa	0.125

mean GC outgro: all positions=0.475 position1=0.545 position2=0.444 position3=0.435 
mean GC anostraca: all positions=0.444 position1=0.534 position2=0.404 position3=0.393 
mean GC notostraca: all positions=0.495 position1=0.604 position2=0.422 position3=0.459 

** impossible to compute Ks. saturation? **

mean number of non synonymous sites compared: 352.7
mean Ka anostraca: 0.290644
mean Ka notostraca: 0.345859
dKa: -0.0552149	standard deviation (sd): 0.0322397	ratio dKa/sd: -1.71264
exact probability (P): 0.0867876

equally weighted sequences:
> outgro:
ocin	0.5
tcas	0.5
> cladocera:
dmag	0.333333
dpul	0.333333
etex	0.333333
> notostraca:
lapu	0.125
lart	0.125
lcou	0.125
lubb	0.125
tcan	0.125
tita	0.125
tlon	0.125
tusa	0.125

mean GC outgro: all positions=0.475 position1=0.545 position2=0.444 position3=0.435 
mean GC cladocera: all positions=0.491 position1=0.577 position2=0.431 position3=0.466 
mean GC notostraca: all positions=0.495 position1=0.604 position2=0.422 position3=0.459 

** impossible to compute Ks. saturation? **

mean number of non synonymous sites compared: 347.5
mean Ka cladocera: 0.249661
mean Ka notostraca: 0.345859
dKa: -0.0961978	standard deviation (sd): 0.0280902	ratio dKa/sd: -3.42461
exact probability (P): 0.000619262

