

## treatement of 3 lineages from file OG0005420.phy ##

equally weighted sequences:
> outgro:
ocin	0.5
tcas	0.5
> anostraca:
afra	1
> cladocera:
dmag	0.333333
dpul	0.333333
etex	0.333333

mean GC outgro: all positions=0.404 position1=0.452 position2=0.448 position3=0.313 
mean GC anostraca: all positions=0.417 position1=0.503 position2=0.381 position3=0.368 
mean GC cladocera: all positions=0.531 position1=0.568 position2=0.454 position3=0.572 

** impossible to compute Ks. saturation? **

mean number of non synonymous sites compared: 295.8
mean Ka anostraca: 0.290732
mean Ka cladocera: 0.337876
dKa: -0.0471434	standard deviation (sd): 0.0308088	ratio dKa/sd: -1.53019
exact probability (P): 0.125977

equally weighted sequences:
> outgro:
ocin	0.5
tcas	0.5
> anostraca:
afra	1
> notostraca:
lapu	0.125
lart	0.125
lcou	0.125
lubb	0.125
tcan	0.125
tita	0.125
tlon	0.125
tusa	0.125

mean GC outgro: all positions=0.404 position1=0.452 position2=0.448 position3=0.313 
mean GC anostraca: all positions=0.417 position1=0.503 position2=0.381 position3=0.368 
mean GC notostraca: all positions=0.541 position1=0.548 position2=0.456 position3=0.619 

** impossible to compute Ks. saturation? **

mean number of non synonymous sites compared: 295.6
mean Ka anostraca: 0.290732
mean Ka notostraca: 0.327791
dKa: -0.0370586	standard deviation (sd): 0.0296066	ratio dKa/sd: -1.2517
exact probability (P): 0.210687

equally weighted sequences:
> outgro:
ocin	0.5
tcas	0.5
> cladocera:
dmag	0.333333
dpul	0.333333
etex	0.333333
> notostraca:
lapu	0.125
lart	0.125
lcou	0.125
lubb	0.125
tcan	0.125
tita	0.125
tlon	0.125
tusa	0.125

mean GC outgro: all positions=0.404 position1=0.452 position2=0.448 position3=0.313 
mean GC cladocera: all positions=0.531 position1=0.568 position2=0.454 position3=0.572 
mean GC notostraca: all positions=0.541 position1=0.548 position2=0.456 position3=0.619 

** impossible to compute Ks. saturation? **

mean number of non synonymous sites compared: 295.4
mean Ka cladocera: 0.337876
mean Ka notostraca: 0.327791
dKa: 0.0100848	standard deviation (sd): 0.02754	ratio dKa/sd: 0.366189
exact probability (P): 0.714226

