

## treatement of 3 lineages from file OG0006195.phy ##

equally weighted sequences:
> outgro:
ocin	0.5
tcas	0.5
> anostraca:
afra	1
> cladocera:
dmag	0.333333
dpul	0.333333
etex	0.333333

mean GC outgro: all positions=0.487 position1=0.623 position2=0.506 position3=0.332 
mean GC anostraca: all positions=0.471 position1=0.606 position2=0.503 position3=0.303 
mean GC cladocera: all positions=0.495 position1=0.641 position2=0.512 position3=0.333 

** impossible to compute Ks. saturation? **

mean number of non synonymous sites compared: 303.8
mean Ka anostraca: 0.201377
mean Ka cladocera: 0.220982
dKa: -0.0196048	standard deviation (sd): 0.0227124	ratio dKa/sd: -0.863175
exact probability (P): 0.388046

equally weighted sequences:
> outgro:
ocin	0.5
tcas	0.5
> anostraca:
afra	1
> notostraca:
lart	0.142857
lcou	0.142857
lubb	0.142857
tcan	0.142857
tita	0.142857
tlon	0.142857
tusa	0.142857

mean GC outgro: all positions=0.487 position1=0.623 position2=0.506 position3=0.332 
mean GC anostraca: all positions=0.471 position1=0.606 position2=0.503 position3=0.303 
mean GC notostraca: all positions=0.512 position1=0.663 position2=0.489 position3=0.382 

** impossible to compute Ks. saturation? **

mean number of non synonymous sites compared: 301.9
mean Ka anostraca: 0.201377
mean Ka notostraca: 0.200628
dKa: 0.000748845	standard deviation (sd): 0.0203538	ratio dKa/sd: 0.0367915
exact probability (P): 0.970651

equally weighted sequences:
> outgro:
ocin	0.5
tcas	0.5
> cladocera:
dmag	0.333333
dpul	0.333333
etex	0.333333
> notostraca:
lart	0.142857
lcou	0.142857
lubb	0.142857
tcan	0.142857
tita	0.142857
tlon	0.142857
tusa	0.142857

mean GC outgro: all positions=0.487 position1=0.623 position2=0.506 position3=0.332 
mean GC cladocera: all positions=0.495 position1=0.641 position2=0.512 position3=0.333 
mean GC notostraca: all positions=0.512 position1=0.663 position2=0.489 position3=0.382 

** impossible to compute Ks. saturation? **

mean number of non synonymous sites compared: 301.7
mean Ka cladocera: 0.220982
mean Ka notostraca: 0.200628
dKa: 0.0203537	standard deviation (sd): 0.0182652	ratio dKa/sd: 1.11434
exact probability (P): 0.265141

