

## treatement of 3 lineages from file OG0007452.phy ##

equally weighted sequences:
> outgro:
ocin	0.5
tcas	0.5
> anostraca:
afra	1
> cladocera:
dmag	0.333333
dpul	0.333333
etex	0.333333

mean GC outgro: all positions=0.450 position1=0.542 position2=0.340 position3=0.469 
mean GC anostraca: all positions=0.390 position1=0.500 position2=0.326 position3=0.343 
mean GC cladocera: all positions=0.426 position1=0.536 position2=0.330 position3=0.412 

** impossible to compute Ks. saturation? **

mean number of non synonymous sites compared: 335.8
mean Ka anostraca: 0.410943
mean Ka cladocera: 0.365565
dKa: 0.0453776	standard deviation (sd): 0.0350623	ratio dKa/sd: 1.2942
exact probability (P): 0.195604

equally weighted sequences:
> outgro:
ocin	0.5
tcas	0.5
> anostraca:
afra	1
> notostraca:
lapu	0.2
tcan	0.2
tita	0.2
tlon	0.2
tusa	0.2

mean GC outgro: all positions=0.450 position1=0.542 position2=0.340 position3=0.469 
mean GC anostraca: all positions=0.390 position1=0.500 position2=0.326 position3=0.343 
mean GC notostraca: all positions=0.458 position1=0.589 position2=0.317 position3=0.470 

** impossible to compute Ks. saturation? **

mean number of non synonymous sites compared: 340.7
mean Ka anostraca: 0.410943
mean Ka notostraca: 0.339308
dKa: 0.0716345	standard deviation (sd): 0.0337456	ratio dKa/sd: 2.12278
exact probability (P): 0.0337789

equally weighted sequences:
> outgro:
ocin	0.5
tcas	0.5
> cladocera:
dmag	0.333333
dpul	0.333333
etex	0.333333
> notostraca:
lapu	0.2
tcan	0.2
tita	0.2
tlon	0.2
tusa	0.2

mean GC outgro: all positions=0.450 position1=0.542 position2=0.340 position3=0.469 
mean GC cladocera: all positions=0.426 position1=0.536 position2=0.330 position3=0.412 
mean GC notostraca: all positions=0.458 position1=0.589 position2=0.317 position3=0.470 

** impossible to compute Ks. saturation? **

mean number of non synonymous sites compared: 340.0
mean Ka cladocera: 0.365565
mean Ka notostraca: 0.339308
dKa: 0.0262569	standard deviation (sd): 0.0264426	ratio dKa/sd: 0.992979
exact probability (P): 0.320727

