

## treatement of 3 lineages from file OG0006293.phy ##

equally weighted sequences:
> outgro:
ocin	0.5
tcas	0.5
> anostraca:
afra	1
> cladocera:
dmag	0.333333
dpul	0.333333
etex	0.333333

mean GC outgro: all positions=0.495 position1=0.510 position2=0.410 position3=0.564 
mean GC anostraca: all positions=0.434 position1=0.513 position2=0.417 position3=0.372 
mean GC cladocera: all positions=0.486 position1=0.538 position2=0.429 position3=0.489 

** impossible to compute Ks. saturation? **

mean number of non synonymous sites compared: 302.6
mean Ka anostraca: 0.257901
mean Ka cladocera: 0.209968
dKa: 0.0479331	standard deviation (sd): 0.0270194	ratio dKa/sd: 1.77402
exact probability (P): 0.076068

equally weighted sequences:
> outgro:
ocin	0.5
tcas	0.5
> anostraca:
afra	1
> notostraca:
lapu	0.142857
lart	0.142857
lubb	0.142857
tcan	0.142857
tita	0.142857
tlon	0.142857
tusa	0.142857

mean GC outgro: all positions=0.495 position1=0.510 position2=0.410 position3=0.564 
mean GC anostraca: all positions=0.434 position1=0.513 position2=0.417 position3=0.372 
mean GC notostraca: all positions=0.467 position1=0.525 position2=0.428 position3=0.450 

** impossible to compute Ks. saturation? **

mean number of non synonymous sites compared: 304.9
mean Ka anostraca: 0.257901
mean Ka notostraca: 0.221156
dKa: 0.0367445	standard deviation (sd): 0.028452	ratio dKa/sd: 1.29145
exact probability (P): 0.196554

equally weighted sequences:
> outgro:
ocin	0.5
tcas	0.5
> cladocera:
dmag	0.333333
dpul	0.333333
etex	0.333333
> notostraca:
lapu	0.142857
lart	0.142857
lubb	0.142857
tcan	0.142857
tita	0.142857
tlon	0.142857
tusa	0.142857

mean GC outgro: all positions=0.495 position1=0.510 position2=0.410 position3=0.564 
mean GC cladocera: all positions=0.486 position1=0.538 position2=0.429 position3=0.489 
mean GC notostraca: all positions=0.467 position1=0.525 position2=0.428 position3=0.450 

** impossible to compute Ks. saturation? **

mean number of non synonymous sites compared: 303.4
mean Ka cladocera: 0.209968
mean Ka notostraca: 0.221156
dKa: -0.0111886	standard deviation (sd): 0.0204277	ratio dKa/sd: -0.547718
exact probability (P): 0.58389

