

## treatement of 3 lineages from file OG0006880.phy ##

equally weighted sequences:
> outgro:
ocin	1
> anostraca:
afra	1
> cladocera:
dmag	0.333333
dpul	0.333333
etex	0.333333

mean GC outgro: all positions=0.434 position1=0.506 position2=0.386 position3=0.409 
mean GC anostraca: all positions=0.398 position1=0.534 position2=0.318 position3=0.341 
mean GC cladocera: all positions=0.470 position1=0.538 position2=0.350 position3=0.523 

** impossible to compute Ks. saturation? **

mean number of non synonymous sites compared: 342.4
mean Ka anostraca: 0.455247
mean Ka cladocera: 0.40215
dKa: 0.0530979	standard deviation (sd): 0.0390312	ratio dKa/sd: 1.3604
exact probability (P): 0.173713

equally weighted sequences:
> outgro:
ocin	1
> anostraca:
afra	1
> notostraca:
lapu	0.142857
lart	0.142857
lcou	0.142857
lubb	0.142857
tcan	0.142857
tita	0.142857
tusa	0.142857

mean GC outgro: all positions=0.434 position1=0.506 position2=0.386 position3=0.409 
mean GC anostraca: all positions=0.398 position1=0.534 position2=0.318 position3=0.341 
mean GC notostraca: all positions=0.511 position1=0.575 position2=0.402 position3=0.557 

** impossible to compute Ks. saturation? **

mean number of non synonymous sites compared: 342.6
mean Ka anostraca: 0.455247
mean Ka notostraca: 0.412279
dKa: 0.0429684	standard deviation (sd): 0.0393136	ratio dKa/sd: 1.09297
exact probability (P): 0.274416

equally weighted sequences:
> outgro:
ocin	1
> cladocera:
dmag	0.333333
dpul	0.333333
etex	0.333333
> notostraca:
lapu	0.142857
lart	0.142857
lcou	0.142857
lubb	0.142857
tcan	0.142857
tita	0.142857
tusa	0.142857

mean GC outgro: all positions=0.434 position1=0.506 position2=0.386 position3=0.409 
mean GC cladocera: all positions=0.470 position1=0.538 position2=0.350 position3=0.523 
mean GC notostraca: all positions=0.511 position1=0.575 position2=0.402 position3=0.557 

** impossible to compute Ks. saturation? **

mean number of non synonymous sites compared: 344.7
mean Ka cladocera: 0.40215
mean Ka notostraca: 0.412279
dKa: -0.0101295	standard deviation (sd): 0.034429	ratio dKa/sd: -0.294213
exact probability (P): 0.768597

