

## treatement of 3 lineages from file OG0005364.phy ##

equally weighted sequences:
> outgro:
ocin	0.5
tcas	0.5
> anostraca:
afra	1
> cladocera:
dmag	0.333333
dpul	0.333333
etex	0.333333

mean GC outgro: all positions=0.450 position1=0.472 position2=0.430 position3=0.449 
mean GC anostraca: all positions=0.424 position1=0.486 position2=0.430 position3=0.355 
mean GC cladocera: all positions=0.477 position1=0.489 position2=0.439 position3=0.502 

** impossible to compute Ks. saturation? **

mean number of non synonymous sites compared: 206.8
mean Ka anostraca: 0.143196
mean Ka cladocera: 0.178675
dKa: -0.0354784	standard deviation (sd): 0.020381	ratio dKa/sd: -1.74076
exact probability (P): 0.0817346

equally weighted sequences:
> outgro:
ocin	0.5
tcas	0.5
> anostraca:
afra	1
> notostraca:
lapu	0.125
lart	0.125
lcou	0.125
lubb	0.125
tcan	0.125
tita	0.125
tlon	0.125
tusa	0.125

mean GC outgro: all positions=0.450 position1=0.472 position2=0.430 position3=0.449 
mean GC anostraca: all positions=0.424 position1=0.486 position2=0.430 position3=0.355 
mean GC notostraca: all positions=0.488 position1=0.504 position2=0.437 position3=0.523 

** impossible to compute Ks. saturation? **

mean number of non synonymous sites compared: 206.5
mean Ka anostraca: 0.143196
mean Ka notostraca: 0.153059
dKa: -0.00986281	standard deviation (sd): 0.0210564	ratio dKa/sd: -0.4684
exact probability (P): 0.639502

equally weighted sequences:
> outgro:
ocin	0.5
tcas	0.5
> cladocera:
dmag	0.333333
dpul	0.333333
etex	0.333333
> notostraca:
lapu	0.125
lart	0.125
lcou	0.125
lubb	0.125
tcan	0.125
tita	0.125
tlon	0.125
tusa	0.125

mean GC outgro: all positions=0.450 position1=0.472 position2=0.430 position3=0.449 
mean GC cladocera: all positions=0.477 position1=0.489 position2=0.439 position3=0.502 
mean GC notostraca: all positions=0.488 position1=0.504 position2=0.437 position3=0.523 

** impossible to compute Ks. saturation? **

mean number of non synonymous sites compared: 207.4
mean Ka cladocera: 0.178675
mean Ka notostraca: 0.153059
dKa: 0.0256156	standard deviation (sd): 0.019563	ratio dKa/sd: 1.30939
exact probability (P): 0.19041

